[1.171][INFO]: COMMAND InitSession {
   "desiredCapabilities": {
      "browserName": "chrome",
      "chromeOptions": {
         "args": [ "--disable-gpu", "--single-process", "--no-sandbox", "--data-path=/tmp/data-path", "--homedir=/tmp/homedir", "--disk-cache-dir=/tmp", "--disk-cache-size=1", "--media-cache-size=1", "--allow-file-access-from-files", "--enable-logging", "--v=1", "--disable-web-security", "--disable-extensions", "--ignore-certificate-errors", "--disable-ntp-most-likely-favicons-from-server", "--disable-ntp-popular-sites", "--window-size=1366,1024", "--disable-infobars", "--disable-dev-shm-usage", "..." ],
         "binary": "/tmp/chrome-lambda/chrome",
         "prefs": {
            "credentials_enable_service": false,
            "profile": {
               "password_manager_enabled": false
            }
         }
      },
      "count": 1
   }
}
[1.171][INFO]: Populating Preferences file: {
   "alternate_error_pages": {
      "enabled": false
   },
   "autofill": {
      "enabled": false
   },
   "browser": {
      "check_default_browser": false
   },
   "credentials_enable_service": false,
   "distribution": {
      "import_bookmarks": false,
      "import_history": false,
      "import_search_engine": false,
      "make_chrome_default_for_user": false,
      "show_welcome_page": false,
      "skip_first_run_ui": true
   },
   "dns_prefetching": {
      "enabled": false
   },
   "profile": {
      "password_manager_enabled": false
   },
   "safebrowsing": {
      "enabled": false
   },
   "search": {
      "suggest_enabled": false
   },
   "translate": {
      "enabled": false
   }
}
[1.171][INFO]: Populating Local State file: {
   "background_mode": {
      "enabled": false
   },
   "ssl": {
      "rev_checking": {
         "enabled": false
      }
   }
}
[1.172][INFO]: Launching chrome: /tmp/chrome-lambda/chrome --allow-file-access-from-files --data-path=/tmp/data-path --disable-background-networking --disable-browser-side-navigation --disable-client-side-phishing-detection --disable-default-apps --disable-dev-shm-usage --disable-extensions --disable-extensions-except=/tmp/.org.chromium.Chromium.Z8WWw6/internal --disable-gpu --disable-hang-monitor --disable-infobars --disable-ntp-most-likely-favicons-from-server --disable-ntp-popular-sites --disable-popup-blocking --disable-prompt-on-repost --disable-sync --disable-web-resources --disable-web-security --disk-cache-dir=/tmp --disk-cache-size=1 --enable-automation --enable-logging --enable-precise-memory-info --force-fieldtrials=SiteIsolationExtensions/Control --homedir=/tmp/homedir --ignore-certificate-errors --log-level=0 --media-cache-size=1 --metrics-recording-only --no-first-run --no-sandbox --password-store=basic --remote-debugging-port=12462 --safebrowsing-disable-auto-update --single-process --test-type=webdriver --use-mock-keychain --user-data-dir=/tmp/.org.chromium.Chromium.B1HTGu --v=1 --window-size=1366,1024 data:,
[1.172][DEBUG]: DevTools request: http://localhost:12462/json/version
prctl(PR_SET_NO_NEW_PRIVS) failed
Xlib:  extension "RANDR" missing on display ":99".
[479:484:0831/073416.806772:ERROR:bus.cc(395)] Failed to connect to the bus: Failed to connect to socket /var/run/dbus/system_bus_socket: No such file or directory
Xlib:  extension "RANDR" missing on display ":99".

DevTools listening on ws://127.0.0.1:12462/devtools/browser/7f6c6bac-bb09-467d-be13-51b351c9990f
[2.284][SEVERE]: CreatePlatformSocket() returned an error, errno=1: Operation not permitted (1)
[2.303][DEBUG]: DevTools response: {
   "Browser": "Chrome/63.0.3239.84",
   "Protocol-Version": "1.2",
   "User-Agent": "Mozilla/5.0 (X11; Linux x86_64) AppleWebKit/537.36 (KHTML, like Gecko) Chrome/63.0.3239.84 Safari/537.36",
   "V8-Version": "6.3.292.46",
   "WebKit-Version": "537.36 (@0f53a5abc7a405fbe9f1cfd3db38f2092c8a7816)",
   "webSocketDebuggerUrl": "ws://localhost:12462/devtools/browser/7f6c6bac-bb09-467d-be13-51b351c9990f"
}

[2.306][DEBUG]: DevTools request: http://localhost:12462/json
[2.308][DEBUG]: DevTools response: [ {
   "description": "",
   "devtoolsFrontendUrl": "/devtools/inspector.html?ws=localhost:12462/devtools/page/(316DB81EFB92ADA35A9FC949AA6BAD5E)",
   "id": "(316DB81EFB92ADA35A9FC949AA6BAD5E)",
   "title": "",
   "type": "page",
   "url": "data:,",
   "webSocketDebuggerUrl": "ws://localhost:12462/devtools/page/(316DB81EFB92ADA35A9FC949AA6BAD5E)"
} ]

[2.308][DEBUG]: DevTools request: http://localhost:12462/json
[2.312][DEBUG]: DevTools response: [ {
   "description": "",
   "devtoolsFrontendUrl": "/devtools/inspector.html?ws=localhost:12462/devtools/page/(316DB81EFB92ADA35A9FC949AA6BAD5E)",
   "id": "(316DB81EFB92ADA35A9FC949AA6BAD5E)",
   "title": "",
   "type": "page",
   "url": "data:,",
   "webSocketDebuggerUrl": "ws://localhost:12462/devtools/page/(316DB81EFB92ADA35A9FC949AA6BAD5E)"
} ]

[2.313][INFO]: resolved localhost to ["127.0.0.1"]
[2.315][DEBUG]: DEVTOOLS COMMAND Log.enable (id=1) {

}
[2.315][DEBUG]: DEVTOOLS COMMAND DOM.getDocument (id=2) {

}
[2.315][DEBUG]: DEVTOOLS COMMAND Runtime.enable (id=3) {

}
[2.316][DEBUG]: DEVTOOLS COMMAND Page.enable (id=4) {

}
[2.316][DEBUG]: DEVTOOLS COMMAND Page.enable (id=5) {

}
[479:502:0831/073417.806676:ERROR:io_thread.cc(730)] Cannot use V8 Proxy resolver in single process mode.
[479:502:0831/073417.808015:ERROR:io_thread.cc(730)] Cannot use V8 Proxy resolver in single process mode.
[2.397][DEBUG]: DEVTOOLS RESPONSE Log.enable (id=1) {

}
[2.398][DEBUG]: DEVTOOLS RESPONSE DOM.getDocument (id=2) {
   "root": {
      "backendNodeId": 1,
      "baseURL": "about:blank",
      "childNodeCount": 1,
      "children": [ {
         "attributes": [  ],
         "backendNodeId": 2,
         "childNodeCount": 2,
         "children": [ {
            "attributes": [  ],
            "backendNodeId": 3,
            "childNodeCount": 0,
            "localName": "head",
            "nodeId": 3,
            "nodeName": "HEAD",
            "nodeType": 1,
            "nodeValue": "",
            "parentId": 2
         }, {
            "attributes": [  ],
            "backendNodeId": 4,
            "childNodeCount": 0,
            "localName": "body",
            "nodeId": 4,
            "nodeName": "BODY",
            "nodeType": 1,
            "nodeValue": "",
            "parentId": 2
         } ],
         "frameId": "(316DB81EFB92ADA35A9FC949AA6BAD5E)",
         "localName": "html",
         "nodeId": 2,
         "nodeName": "HTML",
         "nodeType": 1,
         "nodeValue": "",
         "parentId": 1
      } ],
      "documentURL": "",
      "localName": "",
      "nodeId": 1,
      "nodeName": "#document",
      "nodeType": 9,
      "nodeValue": "",
      "xmlVersion": ""
   }
}
[2.398][DEBUG]: DEVTOOLS RESPONSE Runtime.enable (id=3) {

}
[2.398][DEBUG]: DEVTOOLS RESPONSE Page.enable (id=4) {

}
[2.398][DEBUG]: DEVTOOLS RESPONSE Page.enable (id=5) {

}
[2.398][DEBUG]: DEVTOOLS COMMAND Page.enable (id=6) {

}
[2.433][DEBUG]: DEVTOOLS EVENT Page.lifecycleEvent {
   "frameId": "(316DB81EFB92ADA35A9FC949AA6BAD5E)",
   "name": "commit",
   "timestamp": 721.780374
}
[2.436][DEBUG]: DEVTOOLS EVENT Page.frameNavigated {
   "frame": {
      "id": "(316DB81EFB92ADA35A9FC949AA6BAD5E)",
      "loaderId": "479.1",
      "mimeType": "text/plain",
      "securityOrigin": "://",
      "url": "data:,"
   }
}
[2.436][DEBUG]: DEVTOOLS EVENT DOM.documentUpdated {

}
[2.436][DEBUG]: DEVTOOLS COMMAND DOM.getDocument (id=7) {

}
[2.436][DEBUG]: DEVTOOLS EVENT Runtime.executionContextCreated {
   "context": {
      "auxData": {
         "frameId": "(316DB81EFB92ADA35A9FC949AA6BAD5E)",
         "isDefault": true
      },
      "id": 1,
      "name": "",
      "origin": "://"
   }
}
[2.437][DEBUG]: DEVTOOLS RESPONSE Page.enable (id=6) {

}
[2.488][DEBUG]: DEVTOOLS EVENT Page.loadEventFired {
   "timestamp": 721.82102
}
[2.488][DEBUG]: DEVTOOLS EVENT Page.lifecycleEvent {
   "frameId": "(316DB81EFB92ADA35A9FC949AA6BAD5E)",
   "name": "load",
   "timestamp": 721.82102
}
[2.488][DEBUG]: DEVTOOLS EVENT Page.frameStoppedLoading {
   "frameId": "(316DB81EFB92ADA35A9FC949AA6BAD5E)"
}
[2.488][DEBUG]: DEVTOOLS EVENT Page.domContentEventFired {
   "timestamp": 721.82289
}
[2.488][DEBUG]: DEVTOOLS EVENT Page.lifecycleEvent {
   "frameId": "(316DB81EFB92ADA35A9FC949AA6BAD5E)",
   "name": "DOMContentLoaded",
   "timestamp": 721.82289
}
[2.489][DEBUG]: DEVTOOLS EVENT DOM.documentUpdated {

}
[2.489][DEBUG]: DEVTOOLS COMMAND DOM.getDocument (id=8) {

}
[2.489][DEBUG]: DEVTOOLS RESPONSE DOM.getDocument (id=7) {
   "root": {
      "backendNodeId": 5,
      "baseURL": "data:,",
      "childNodeCount": 1,
      "children": [ {
         "attributes": [  ],
         "backendNodeId": 6,
         "childNodeCount": 2,
         "children": [ {
            "attributes": [  ],
            "backendNodeId": 7,
            "childNodeCount": 0,
            "localName": "head",
            "nodeId": 7,
            "nodeName": "HEAD",
            "nodeType": 1,
            "nodeValue": "",
            "parentId": 6
         }, {
            "attributes": [  ],
            "backendNodeId": 8,
            "childNodeCount": 1,
            "localName": "body",
            "nodeId": 8,
            "nodeName": "BODY",
            "nodeType": 1,
            "nodeValue": "",
            "parentId": 6
         } ],
         "frameId": "(316DB81EFB92ADA35A9FC949AA6BAD5E)",
         "localName": "html",
         "nodeId": 6,
         "nodeName": "HTML",
         "nodeType": 1,
         "nodeValue": "",
         "parentId": 5
      } ],
      "documentURL": "data:,",
      "localName": "",
      "nodeId": 5,
      "nodeName": "#document",
      "nodeType": 9,
      "nodeValue": "",
      "xmlVersion": ""
   }
}
[2.497][DEBUG]: DEVTOOLS RESPONSE DOM.getDocument (id=8) {
   "root": {
      "backendNodeId": 5,
      "baseURL": "data:,",
      "childNodeCount": 1,
      "children": [ {
         "attributes": [  ],
         "backendNodeId": 6,
         "childNodeCount": 2,
         "children": [ {
            "attributes": [  ],
            "backendNodeId": 7,
            "childNodeCount": 0,
            "localName": "head",
            "nodeId": 11,
            "nodeName": "HEAD",
            "nodeType": 1,
            "nodeValue": "",
            "parentId": 10
         }, {
            "attributes": [  ],
            "backendNodeId": 8,
            "childNodeCount": 1,
            "localName": "body",
            "nodeId": 12,
            "nodeName": "BODY",
            "nodeType": 1,
            "nodeValue": "",
            "parentId": 10
         } ],
         "frameId": "(316DB81EFB92ADA35A9FC949AA6BAD5E)",
         "localName": "html",
         "nodeId": 10,
         "nodeName": "HTML",
         "nodeType": 1,
         "nodeValue": "",
         "parentId": 9
      } ],
      "documentURL": "data:,",
      "localName": "",
      "nodeId": 9,
      "nodeName": "#document",
      "nodeType": 9,
      "nodeValue": "",
      "xmlVersion": ""
   }
}
[2.497][DEBUG]: DEVTOOLS COMMAND Runtime.enable (id=9) {

}
[2.507][DEBUG]: DEVTOOLS RESPONSE Runtime.enable (id=9) {

}
[2.508][DEBUG]: DEVTOOLS COMMAND Runtime.evaluate (id=10) {
   "expression": "(function() { // Copyright (c) 2012 The Chromium Authors. All rights reserved.\n// Use of this source code is governed by a BSD-style license that can be\n// found in the LICENSE file.\n\n/**\n * Enum f...",
   "returnByValue": true
}
[2.523][DEBUG]: DEVTOOLS RESPONSE Runtime.evaluate (id=10) {
   "result": {
      "type": "object",
      "value": {
         "status": 0,
         "value": 1
      }
   }
}
[2.523][INFO]: RESPONSE InitSession {
   "acceptSslCerts": true,
   "applicationCacheEnabled": false,
   "browserConnectionEnabled": false,
   "browserName": "chrome",
   "chrome": {
      "chromedriverVersion": "2.33.506092 (733a02544d189eeb751fe0d7ddca79a0ee28cce4)",
      "userDataDir": "/tmp/.org.chromium.Chromium.B1HTGu"
   },
   "cssSelectorsEnabled": true,
   "databaseEnabled": false,
   "handlesAlerts": true,
   "hasTouchScreen": false,
   "javascriptEnabled": true,
   "locationContextEnabled": true,
   "mobileEmulationEnabled": false,
   "nativeEvents": true,
   "networkConnectionEnabled": false,
   "pageLoadStrategy": "normal",
   "platform": "Linux",
   "rotatable": false,
   "setWindowRect": true,
   "takesHeapSnapshot": true,
   "~~~": "..."
}
[2.577][INFO]: COMMAND SetTimeout {
   "script": 11000
}
[2.579][INFO]: RESPONSE SetTimeout unknown error: 'ms' must be a double
  (Session info: chrome=63.0.3239.84)
[2.601][INFO]: COMMAND SetTimeout {
   "ms": 11000,
   "type": "script"
}
[2.601][INFO]: RESPONSE SetTimeout
[3.663][INFO]: COMMAND SetTimeout {
   "pageLoad": 30000
}
[3.665][INFO]: RESPONSE SetTimeout unknown error: 'ms' must be a double
  (Session info: chrome=63.0.3239.84)
[3.681][INFO]: COMMAND SetTimeout {
   "ms": 30000,
   "type": "page load"
}
[3.681][INFO]: RESPONSE SetTimeout
[3.701][INFO]: COMMAND Navigate {
   "url": "https://translate.google.com/#en/es/Tour"
}
[3.701][INFO]: Waiting for pending navigations...
[3.701][DEBUG]: DEVTOOLS COMMAND Runtime.evaluate (id=11) {
   "expression": "1"
}
[3.703][DEBUG]: DEVTOOLS EVENT Page.lifecycleEvent {
   "frameId": "(316DB81EFB92ADA35A9FC949AA6BAD5E)",
   "name": "networkAlmostIdle",
   "timestamp": 721.822917
}
[3.703][DEBUG]: DEVTOOLS EVENT Page.lifecycleEvent {
   "frameId": "(316DB81EFB92ADA35A9FC949AA6BAD5E)",
   "name": "networkIdle",
   "timestamp": 721.822917
}
[3.703][DEBUG]: DEVTOOLS RESPONSE Runtime.evaluate (id=11) {
   "result": {
      "description": "1",
      "type": "number",
      "value": 1
   }
}
[3.703][INFO]: Done waiting for pending navigations. Status: ok
[3.703][DEBUG]: DEVTOOLS COMMAND Page.navigate (id=12) {
   "url": "https://translate.google.com/#en/es/Tour"
}
[3.707][DEBUG]: DEVTOOLS EVENT Page.frameStartedLoading {
   "frameId": "(316DB81EFB92ADA35A9FC949AA6BAD5E)"
}
[3.707][DEBUG]: DEVTOOLS RESPONSE Page.navigate (id=12) {
   "frameId": "(316DB81EFB92ADA35A9FC949AA6BAD5E)"
}
[3.707][INFO]: Waiting for pending navigations...
[3.707][DEBUG]: DEVTOOLS COMMAND Runtime.evaluate (id=13) {
   "expression": "1"
}
[3.722][DEBUG]: DEVTOOLS RESPONSE Runtime.evaluate (id=13) {
   "result": {
      "description": "1",
      "type": "number",
      "value": 1
   }
}
[3.864][DEBUG]: DEVTOOLS EVENT Runtime.executionContextDestroyed {
   "executionContextId": 1
}
[3.864][DEBUG]: DEVTOOLS COMMAND Runtime.evaluate (id=14) {
   "expression": "1"
}
[3.865][DEBUG]: DEVTOOLS EVENT Runtime.executionContextsCleared {

}
[3.865][DEBUG]: DEVTOOLS EVENT Page.lifecycleEvent {
   "frameId": "(316DB81EFB92ADA35A9FC949AA6BAD5E)",
   "name": "commit",
   "timestamp": 723.210942
}
[3.865][DEBUG]: DEVTOOLS EVENT Page.frameNavigated {
   "frame": {
      "id": "(316DB81EFB92ADA35A9FC949AA6BAD5E)",
      "loaderId": "479.2",
      "mimeType": "text/html",
      "securityOrigin": "https://translate.google.com",
      "url": "https://translate.google.com/"
   }
}
[3.865][DEBUG]: DEVTOOLS EVENT Runtime.executionContextCreated {
   "context": {
      "auxData": {
         "frameId": "(316DB81EFB92ADA35A9FC949AA6BAD5E)",
         "isDefault": true
      },
      "id": 3,
      "name": "",
      "origin": "https://translate.google.com"
   }
}
[3.865][DEBUG]: DEVTOOLS EVENT DOM.documentUpdated {

}
[3.865][DEBUG]: DEVTOOLS COMMAND DOM.getDocument (id=15) {

}
[3.969][DEBUG]: DEVTOOLS RESPONSE Runtime.evaluate (id=14) {
   "result": {
      "description": "1",
      "type": "number",
      "value": 1
   }
}
[3.969][DEBUG]: DEVTOOLS RESPONSE DOM.getDocument (id=15) {
   "root": {
      "backendNodeId": 10,
      "baseURL": "https://translate.google.com/#en/es/Tour",
      "childNodeCount": 2,
      "children": [ {
         "backendNodeId": 11,
         "localName": "",
         "nodeId": 14,
         "nodeName": "html",
         "nodeType": 10,
         "nodeValue": "",
         "parentId": 13,
         "publicId": "",
         "systemId": ""
      }, {
         "attributes": [  ],
         "backendNodeId": 12,
         "childNodeCount": 1,
         "children": [ {
            "attributes": [  ],
            "backendNodeId": 13,
            "childNodeCount": 18,
            "localName": "head",
            "nodeId": 16,
            "nodeName": "HEAD",
            "nodeType": 1,
            "nodeValue": "",
            "parentId": 15
         } ],
         "frameId": "(316DB81EFB92ADA35A9FC949AA6BAD5E)",
         "localName": "html",
         "nodeId": 15,
         "nodeName": "HTML",
         "nodeType": 1,
         "nodeValue": "",
         "parentId": 13
      } ],
      "documentURL": "https://translate.google.com/#en/es/Tour",
      "localName": "",
      "nodeId": 13,
      "nodeName": "#document",
      "nodeType": 9,
      "nodeValue": "",
      "xmlVersion": ""
   }
}
[4.063][DEBUG]: DEVTOOLS EVENT DOM.childNodeCountUpdated {
   "childNodeCount": 19,
   "nodeId": 16
}
[4.063][DEBUG]: DEVTOOLS EVENT DOM.childNodeCountUpdated {
   "childNodeCount": 20,
   "nodeId": 16
}
[4.063][DEBUG]: DEVTOOLS EVENT DOM.childNodeCountUpdated {
   "childNodeCount": 21,
   "nodeId": 16
}
[4.063][DEBUG]: DEVTOOLS EVENT DOM.childNodeCountUpdated {
   "childNodeCount": 22,
   "nodeId": 16
}
[4.063][DEBUG]: DEVTOOLS EVENT DOM.childNodeInserted {
   "node": {
      "attributes": [ "dir", "ltr", "onload", "window.jstiming.load['tick']('ol');", "class", "e_md nj pre-epu" ],
      "backendNodeId": 14,
      "childNodeCount": 0,
      "localName": "body",
      "nodeId": 17,
      "nodeName": "BODY",
      "nodeType": 1,
      "nodeValue": ""
   },
   "parentNodeId": 15,
   "previousNodeId": 16
}
[4.063][DEBUG]: DEVTOOLS EVENT DOM.childNodeCountUpdated {
   "childNodeCount": 1,
   "nodeId": 17
}
[4.063][DEBUG]: DEVTOOLS EVENT DOM.childNodeCountUpdated {
   "childNodeCount": 2,
   "nodeId": 17
}
[4.063][DEBUG]: DEVTOOLS EVENT DOM.childNodeCountUpdated {
   "childNodeCount": 3,
   "nodeId": 17
}
[4.063][DEBUG]: DEVTOOLS EVENT DOM.attributeModified {
   "name": "class",
   "nodeId": 17,
   "value": "e_md  pre-epu"
}
[4.063][DEBUG]: DEVTOOLS EVENT DOM.childNodeCountUpdated {
   "childNodeCount": 4,
   "nodeId": 17
}
[4.063][DEBUG]: DEVTOOLS COMMAND Runtime.evaluate (id=16) {
   "expression": "1"
}
[4.213][DEBUG]: DEVTOOLS RESPONSE Runtime.evaluate (id=16) {
   "result": {
      "description": "1",
      "type": "number",
      "value": 1
   }
}
[4.729][DEBUG]: DEVTOOLS EVENT DOM.attributeModified {
   "name": "class",
   "nodeId": 17,
   "value": "e_md pre-epu"
}
[4.729][DEBUG]: DEVTOOLS COMMAND Runtime.evaluate (id=17) {
   "expression": "1"
}
[4.730][DEBUG]: DEVTOOLS EVENT DOM.childNodeCountUpdated {
   "childNodeCount": 5,
   "nodeId": 17
}
[4.730][DEBUG]: DEVTOOLS EVENT DOM.childNodeCountUpdated {
   "childNodeCount": 4,
   "nodeId": 17
}
[4.741][DEBUG]: DEVTOOLS EVENT DOM.childNodeCountUpdated {
   "childNodeCount": 5,
   "nodeId": 17
}
[4.741][DEBUG]: DEVTOOLS EVENT DOM.childNodeCountUpdated {
   "childNodeCount": 6,
   "nodeId": 17
}
[4.741][DEBUG]: DEVTOOLS EVENT DOM.childNodeCountUpdated {
   "childNodeCount": 7,
   "nodeId": 17
}
[4.741][DEBUG]: DEVTOOLS EVENT DOM.childNodeCountUpdated {
   "childNodeCount": 8,
   "nodeId": 17
}
[4.743][DEBUG]: DEVTOOLS EVENT DOM.childNodeCountUpdated {
   "childNodeCount": 7,
   "nodeId": 17
}
[4.743][DEBUG]: DEVTOOLS EVENT DOM.childNodeCountUpdated {
   "childNodeCount": 6,
   "nodeId": 17
}
[4.743][DEBUG]: DEVTOOLS EVENT DOM.childNodeCountUpdated {
   "childNodeCount": 7,
   "nodeId": 17
}
[4.743][DEBUG]: DEVTOOLS EVENT DOM.childNodeCountUpdated {
   "childNodeCount": 8,
   "nodeId": 17
}
[4.743][DEBUG]: DEVTOOLS EVENT DOM.childNodeCountUpdated {
   "childNodeCount": 9,
   "nodeId": 17
}
[4.743][DEBUG]: DEVTOOLS EVENT DOM.childNodeCountUpdated {
   "childNodeCount": 10,
   "nodeId": 17
}
[4.743][DEBUG]: DEVTOOLS EVENT DOM.childNodeCountUpdated {
   "childNodeCount": 11,
   "nodeId": 17
}
[4.743][DEBUG]: DEVTOOLS EVENT DOM.childNodeCountUpdated {
   "childNodeCount": 12,
   "nodeId": 17
}
[4.743][DEBUG]: DEVTOOLS EVENT DOM.childNodeCountUpdated {
   "childNodeCount": 13,
   "nodeId": 17
}
[4.743][DEBUG]: DEVTOOLS EVENT DOM.childNodeCountUpdated {
   "childNodeCount": 14,
   "nodeId": 17
}
[4.743][DEBUG]: DEVTOOLS EVENT DOM.childNodeCountUpdated {
   "childNodeCount": 15,
   "nodeId": 17
}
[4.743][DEBUG]: DEVTOOLS EVENT DOM.childNodeCountUpdated {
   "childNodeCount": 14,
   "nodeId": 17
}
[4.743][DEBUG]: DEVTOOLS EVENT DOM.childNodeCountUpdated {
   "childNodeCount": 13,
   "nodeId": 17
}
[4.743][DEBUG]: DEVTOOLS EVENT DOM.childNodeCountUpdated {
   "childNodeCount": 14,
   "nodeId": 17
}
[4.743][DEBUG]: DEVTOOLS EVENT DOM.childNodeCountUpdated {
   "childNodeCount": 23,
   "nodeId": 16
}
[4.743][DEBUG]: DEVTOOLS EVENT DOM.childNodeCountUpdated {
   "childNodeCount": 15,
   "nodeId": 17
}
[4.743][DEBUG]: DEVTOOLS EVENT DOM.childNodeCountUpdated {
   "childNodeCount": 14,
   "nodeId": 17
}
[4.743][DEBUG]: DEVTOOLS EVENT DOM.childNodeCountUpdated {
   "childNodeCount": 15,
   "nodeId": 17
}
[4.743][DEBUG]: DEVTOOLS EVENT DOM.childNodeCountUpdated {
   "childNodeCount": 14,
   "nodeId": 17
}
[4.743][DEBUG]: DEVTOOLS EVENT DOM.childNodeCountUpdated {
   "childNodeCount": 15,
   "nodeId": 17
}
[4.743][DEBUG]: DEVTOOLS EVENT DOM.childNodeCountUpdated {
   "childNodeCount": 14,
   "nodeId": 17
}
[4.743][DEBUG]: DEVTOOLS EVENT DOM.childNodeCountUpdated {
   "childNodeCount": 15,
   "nodeId": 17
}
[4.743][DEBUG]: DEVTOOLS EVENT DOM.childNodeCountUpdated {
   "childNodeCount": 14,
   "nodeId": 17
}
[4.743][DEBUG]: DEVTOOLS EVENT DOM.childNodeCountUpdated {
   "childNodeCount": 15,
   "nodeId": 17
}
[4.743][DEBUG]: DEVTOOLS EVENT DOM.childNodeCountUpdated {
   "childNodeCount": 14,
   "nodeId": 17
}
[4.743][DEBUG]: DEVTOOLS EVENT DOM.childNodeCountUpdated {
   "childNodeCount": 15,
   "nodeId": 17
}
[4.743][DEBUG]: DEVTOOLS EVENT DOM.childNodeCountUpdated {
   "childNodeCount": 14,
   "nodeId": 17
}
[4.743][DEBUG]: DEVTOOLS EVENT DOM.childNodeCountUpdated {
   "childNodeCount": 15,
   "nodeId": 17
}
[4.743][DEBUG]: DEVTOOLS EVENT DOM.childNodeCountUpdated {
   "childNodeCount": 14,
   "nodeId": 17
}
[4.743][DEBUG]: DEVTOOLS EVENT DOM.childNodeCountUpdated {
   "childNodeCount": 15,
   "nodeId": 17
}
[4.743][DEBUG]: DEVTOOLS EVENT DOM.childNodeCountUpdated {
   "childNodeCount": 14,
   "nodeId": 17
}
[4.743][DEBUG]: DEVTOOLS EVENT DOM.childNodeCountUpdated {
   "childNodeCount": 15,
   "nodeId": 17
}
[4.743][DEBUG]: DEVTOOLS EVENT DOM.childNodeCountUpdated {
   "childNodeCount": 14,
   "nodeId": 17
}
[4.743][DEBUG]: DEVTOOLS EVENT DOM.childNodeCountUpdated {
   "childNodeCount": 15,
   "nodeId": 17
}
[4.743][DEBUG]: DEVTOOLS EVENT DOM.childNodeCountUpdated {
   "childNodeCount": 14,
   "nodeId": 17
}
[4.743][DEBUG]: DEVTOOLS EVENT DOM.childNodeCountUpdated {
   "childNodeCount": 15,
   "nodeId": 17
}
[4.743][DEBUG]: DEVTOOLS EVENT DOM.childNodeCountUpdated {
   "childNodeCount": 14,
   "nodeId": 17
}
[4.743][DEBUG]: DEVTOOLS EVENT DOM.childNodeCountUpdated {
   "childNodeCount": 15,
   "nodeId": 17
}
[4.744][DEBUG]: DEVTOOLS EVENT DOM.childNodeCountUpdated {
   "childNodeCount": 14,
   "nodeId": 17
}
[4.744][DEBUG]: DEVTOOLS EVENT DOM.childNodeCountUpdated {
   "childNodeCount": 15,
   "nodeId": 17
}
[4.744][DEBUG]: DEVTOOLS EVENT DOM.childNodeCountUpdated {
   "childNodeCount": 14,
   "nodeId": 17
}
[4.744][DEBUG]: DEVTOOLS EVENT DOM.childNodeCountUpdated {
   "childNodeCount": 15,
   "nodeId": 17
}
[4.744][DEBUG]: DEVTOOLS EVENT DOM.childNodeCountUpdated {
   "childNodeCount": 14,
   "nodeId": 17
}
[4.744][DEBUG]: DEVTOOLS EVENT DOM.childNodeCountUpdated {
   "childNodeCount": 15,
   "nodeId": 17
}
[4.744][DEBUG]: DEVTOOLS EVENT DOM.childNodeCountUpdated {
   "childNodeCount": 14,
   "nodeId": 17
}
[4.744][DEBUG]: DEVTOOLS EVENT DOM.childNodeCountUpdated {
   "childNodeCount": 15,
   "nodeId": 17
}
[4.744][DEBUG]: DEVTOOLS EVENT DOM.childNodeCountUpdated {
   "childNodeCount": 14,
   "nodeId": 17
}
[4.744][DEBUG]: DEVTOOLS EVENT DOM.childNodeCountUpdated {
   "childNodeCount": 24,
   "nodeId": 16
}
[4.744][DEBUG]: DEVTOOLS EVENT DOM.childNodeCountUpdated {
   "childNodeCount": 25,
   "nodeId": 16
}
[4.744][DEBUG]: DEVTOOLS EVENT DOM.childNodeCountUpdated {
   "childNodeCount": 26,
   "nodeId": 16
}
[4.744][DEBUG]: DEVTOOLS EVENT DOM.childNodeCountUpdated {
   "childNodeCount": 15,
   "nodeId": 17
}
[4.744][DEBUG]: DEVTOOLS EVENT DOM.childNodeCountUpdated {
   "childNodeCount": 14,
   "nodeId": 17
}
[4.744][DEBUG]: DEVTOOLS EVENT Page.domContentEventFired {
   "timestamp": 724.108208
}
[4.744][DEBUG]: DEVTOOLS EVENT Page.lifecycleEvent {
   "frameId": "(316DB81EFB92ADA35A9FC949AA6BAD5E)",
   "name": "DOMContentLoaded",
   "timestamp": 724.108208
}
[4.744][DEBUG]: DEVTOOLS EVENT DOM.documentUpdated {

}
[4.744][DEBUG]: DEVTOOLS COMMAND DOM.getDocument (id=18) {

}
[4.744][DEBUG]: DEVTOOLS EVENT Page.lifecycleEvent {
   "frameId": "(316DB81EFB92ADA35A9FC949AA6BAD5E)",
   "name": "firstPaint",
   "timestamp": 723.593303
}
[4.744][DEBUG]: DEVTOOLS EVENT Page.lifecycleEvent {
   "frameId": "(316DB81EFB92ADA35A9FC949AA6BAD5E)",
   "name": "firstContentfulPaint",
   "timestamp": 723.593307
}
[4.744][DEBUG]: DEVTOOLS EVENT Page.lifecycleEvent {
   "frameId": "(316DB81EFB92ADA35A9FC949AA6BAD5E)",
   "name": "firstTextPaint",
   "timestamp": 723.593308
}
[4.744][DEBUG]: DEVTOOLS EVENT Page.lifecycleEvent {
   "frameId": "(316DB81EFB92ADA35A9FC949AA6BAD5E)",
   "name": "firstImagePaint",
   "timestamp": 723.593309
}
[4.744][DEBUG]: DEVTOOLS EVENT Page.lifecycleEvent {
   "frameId": "(316DB81EFB92ADA35A9FC949AA6BAD5E)",
   "name": "firstMeaningfulPaintCandidate",
   "timestamp": 723.59331
}
[4.961][DEBUG]: DEVTOOLS RESPONSE Runtime.evaluate (id=17) {
   "result": {
      "description": "1",
      "type": "number",
      "value": 1
   }
}
[5.006][DEBUG]: DEVTOOLS RESPONSE DOM.getDocument (id=18) {
   "root": {
      "backendNodeId": 10,
      "baseURL": "https://translate.google.com/#en/es/Tour",
      "childNodeCount": 2,
      "children": [ {
         "backendNodeId": 11,
         "localName": "",
         "nodeId": 19,
         "nodeName": "html",
         "nodeType": 10,
         "nodeValue": "",
         "parentId": 18,
         "publicId": "",
         "systemId": ""
      }, {
         "attributes": [  ],
         "backendNodeId": 12,
         "childNodeCount": 2,
         "children": [ {
            "attributes": [  ],
            "backendNodeId": 13,
            "childNodeCount": 26,
            "localName": "head",
            "nodeId": 21,
            "nodeName": "HEAD",
            "nodeType": 1,
            "nodeValue": "",
            "parentId": 20
         }, {
            "attributes": [ "dir", "ltr", "onload", "window.jstiming.load['tick']('ol');", "class", "e_md pre-epu" ],
            "backendNodeId": 14,
            "childNodeCount": 14,
            "localName": "body",
            "nodeId": 22,
            "nodeName": "BODY",
            "nodeType": 1,
            "nodeValue": "",
            "parentId": 20
         } ],
         "frameId": "(316DB81EFB92ADA35A9FC949AA6BAD5E)",
         "localName": "html",
         "nodeId": 20,
         "nodeName": "HTML",
         "nodeType": 1,
         "nodeValue": "",
         "parentId": 18
      } ],
      "documentURL": "https://translate.google.com/#en/es/Tour",
      "localName": "",
      "nodeId": 18,
      "nodeName": "#document",
      "nodeType": 9,
      "nodeValue": "",
      "xmlVersion": ""
   }
}
[5.362][DEBUG]: DEVTOOLS EVENT DOM.childNodeCountUpdated {
   "childNodeCount": 27,
   "nodeId": 21
}
[5.362][DEBUG]: DEVTOOLS EVENT DOM.childNodeCountUpdated {
   "childNodeCount": 28,
   "nodeId": 21
}
[5.362][DEBUG]: DEVTOOLS EVENT DOM.childNodeCountUpdated {
   "childNodeCount": 15,
   "nodeId": 22
}
[5.362][DEBUG]: DEVTOOLS EVENT DOM.childNodeCountUpdated {
   "childNodeCount": 14,
   "nodeId": 22
}
[5.362][DEBUG]: DEVTOOLS COMMAND Runtime.evaluate (id=19) {
   "expression": "1"
}
[5.373][DEBUG]: DEVTOOLS EVENT Page.lifecycleEvent {
   "frameId": "(316DB81EFB92ADA35A9FC949AA6BAD5E)",
   "name": "firstMeaningfulPaintCandidate",
   "timestamp": 724.423389
}
[5.383][DEBUG]: DEVTOOLS RESPONSE Runtime.evaluate (id=19) {
   "result": {
      "description": "1",
      "type": "number",
      "value": 1
   }
}
[5.596][DEBUG]: DEVTOOLS EVENT DOM.childNodeCountUpdated {
   "childNodeCount": 29,
   "nodeId": 21
}
[5.596][DEBUG]: DEVTOOLS COMMAND Runtime.evaluate (id=20) {
   "expression": "1"
}
[5.596][DEBUG]: DEVTOOLS EVENT DOM.childNodeCountUpdated {
   "childNodeCount": 15,
   "nodeId": 22
}
[5.596][DEBUG]: DEVTOOLS EVENT DOM.childNodeCountUpdated {
   "childNodeCount": 16,
   "nodeId": 22
}
[5.596][DEBUG]: DEVTOOLS EVENT DOM.childNodeCountUpdated {
   "childNodeCount": 17,
   "nodeId": 22
}
[5.629][DEBUG]: DEVTOOLS EVENT DOM.childNodeCountUpdated {
   "childNodeCount": 18,
   "nodeId": 22
}
[5.629][DEBUG]: DEVTOOLS EVENT DOM.childNodeCountUpdated {
   "childNodeCount": 19,
   "nodeId": 22
}
[5.629][DEBUG]: DEVTOOLS EVENT DOM.childNodeCountUpdated {
   "childNodeCount": 30,
   "nodeId": 21
}
[5.629][DEBUG]: DEVTOOLS EVENT DOM.childNodeCountUpdated {
   "childNodeCount": 20,
   "nodeId": 22
}
[5.629][DEBUG]: DEVTOOLS EVENT DOM.childNodeCountUpdated {
   "childNodeCount": 21,
   "nodeId": 22
}
[5.629][DEBUG]: DEVTOOLS EVENT DOM.childNodeCountUpdated {
   "childNodeCount": 20,
   "nodeId": 22
}
[5.629][DEBUG]: DEVTOOLS EVENT DOM.childNodeCountUpdated {
   "childNodeCount": 19,
   "nodeId": 22
}
[5.629][DEBUG]: DEVTOOLS EVENT DOM.childNodeCountUpdated {
   "childNodeCount": 20,
   "nodeId": 22
}
[5.629][DEBUG]: DEVTOOLS EVENT DOM.childNodeCountUpdated {
   "childNodeCount": 31,
   "nodeId": 21
}
[5.629][DEBUG]: DEVTOOLS EVENT DOM.childNodeCountUpdated {
   "childNodeCount": 32,
   "nodeId": 21
}
[5.629][DEBUG]: DEVTOOLS RESPONSE Runtime.evaluate (id=20) {
   "result": {
      "description": "1",
      "type": "number",
      "value": 1
   }
}
[5.709][DEBUG]: DEVTOOLS EVENT DOM.childNodeCountUpdated {
   "childNodeCount": 21,
   "nodeId": 22
}
[5.709][DEBUG]: DEVTOOLS COMMAND Runtime.evaluate (id=21) {
   "expression": "1"
}
[5.729][DEBUG]: DEVTOOLS RESPONSE Runtime.evaluate (id=21) {
   "result": {
      "description": "1",
      "type": "number",
      "value": 1
   }
}
[5.729][DEBUG]: DEVTOOLS EVENT Page.loadEventFired {
   "timestamp": 725.103701
}
[5.729][DEBUG]: DEVTOOLS EVENT Page.lifecycleEvent {
   "frameId": "(316DB81EFB92ADA35A9FC949AA6BAD5E)",
   "name": "load",
   "timestamp": 725.103701
}
[5.729][DEBUG]: DEVTOOLS EVENT Page.frameStoppedLoading {
   "frameId": "(316DB81EFB92ADA35A9FC949AA6BAD5E)"
}
[5.729][DEBUG]: DEVTOOLS COMMAND Runtime.evaluate (id=22) {
   "expression": "1"
}
[5.742][DEBUG]: DEVTOOLS RESPONSE Runtime.evaluate (id=22) {
   "result": {
      "description": "1",
      "type": "number",
      "value": 1
   }
}
[5.742][INFO]: Done waiting for pending navigations. Status: ok
[5.742][INFO]: RESPONSE Navigate
[5.766][INFO]: COMMAND FindElements {
   "using": "css selector",
   "value": "#gt-src-c"
}
[5.766][INFO]: Waiting for pending navigations...
[5.766][DEBUG]: DEVTOOLS COMMAND Runtime.evaluate (id=23) {
   "expression": "1"
}
[5.802][DEBUG]: DEVTOOLS RESPONSE Runtime.evaluate (id=23) {
   "result": {
      "description": "1",
      "type": "number",
      "value": 1
   }
}
[5.802][INFO]: Done waiting for pending navigations. Status: ok
[5.805][DEBUG]: DEVTOOLS COMMAND Runtime.evaluate (id=24) {
   "expression": "(function() { // Copyright (c) 2012 The Chromium Authors. All rights reserved.\n// Use of this source code is governed by a BSD-style license that can be\n// found in the LICENSE file.\n\n/**\n * Enum f...",
   "returnByValue": true
}
[5.854][DEBUG]: DEVTOOLS RESPONSE Runtime.evaluate (id=24) {
   "result": {
      "type": "object",
      "value": {
         "status": 0,
         "value": [ {
            "ELEMENT": "0.33886507173304015-1"
         } ]
      }
   }
}
[5.855][INFO]: Waiting for pending navigations...
[5.855][DEBUG]: DEVTOOLS COMMAND Runtime.evaluate (id=25) {
   "expression": "1"
}
[5.857][DEBUG]: DEVTOOLS RESPONSE Runtime.evaluate (id=25) {
   "result": {
      "description": "1",
      "type": "number",
      "value": 1
   }
}
[5.857][INFO]: Done waiting for pending navigations. Status: ok
[5.857][INFO]: RESPONSE FindElements [ {
   "ELEMENT": "0.33886507173304015-1"
} ]
[5.869][INFO]: COMMAND IsElementDisplayed {
   "id": "0.33886507173304015-1"
}
[5.869][INFO]: Waiting for pending navigations...
[5.869][DEBUG]: DEVTOOLS COMMAND Runtime.evaluate (id=26) {
   "expression": "1"
}
[5.869][DEBUG]: DEVTOOLS RESPONSE Runtime.evaluate (id=26) {
   "result": {
      "description": "1",
      "type": "number",
      "value": 1
   }
}
[5.870][INFO]: Done waiting for pending navigations. Status: ok
[5.872][DEBUG]: DEVTOOLS COMMAND Runtime.evaluate (id=27) {
   "expression": "(function() { // Copyright (c) 2012 The Chromium Authors. All rights reserved.\n// Use of this source code is governed by a BSD-style license that can be\n// found in the LICENSE file.\n\n/**\n * Enum f...",
   "returnByValue": true
}
[5.892][DEBUG]: DEVTOOLS RESPONSE Runtime.evaluate (id=27) {
   "result": {
      "type": "object",
      "value": {
         "status": 0,
         "value": true
      }
   }
}
[5.892][INFO]: Waiting for pending navigations...
[5.892][DEBUG]: DEVTOOLS COMMAND Runtime.evaluate (id=28) {
   "expression": "1"
}
[5.893][DEBUG]: DEVTOOLS RESPONSE Runtime.evaluate (id=28) {
   "result": {
      "description": "1",
      "type": "number",
      "value": 1
   }
}
[5.893][INFO]: Done waiting for pending navigations. Status: ok
[5.893][INFO]: RESPONSE IsElementDisplayed true
[5.902][INFO]: COMMAND FindChildElements {
   "id": "0.33886507173304015-1",
   "using": "css selector",
   "value": "textarea#source"
}
[5.902][INFO]: Waiting for pending navigations...
[5.902][DEBUG]: DEVTOOLS COMMAND Runtime.evaluate (id=29) {
   "expression": "1"
}
[5.903][DEBUG]: DEVTOOLS RESPONSE Runtime.evaluate (id=29) {
   "result": {
      "description": "1",
      "type": "number",
      "value": 1
   }
}
[5.903][INFO]: Done waiting for pending navigations. Status: ok
[5.906][DEBUG]: DEVTOOLS COMMAND Runtime.evaluate (id=30) {
   "expression": "(function() { // Copyright (c) 2012 The Chromium Authors. All rights reserved.\n// Use of this source code is governed by a BSD-style license that can be\n// found in the LICENSE file.\n\n/**\n * Enum f...",
   "returnByValue": true
}
[5.926][DEBUG]: DEVTOOLS RESPONSE Runtime.evaluate (id=30) {
   "result": {
      "type": "object",
      "value": {
         "status": 0,
         "value": [ {
            "ELEMENT": "0.33886507173304015-2"
         } ]
      }
   }
}
[5.926][INFO]: Waiting for pending navigations...
[5.926][DEBUG]: DEVTOOLS COMMAND Runtime.evaluate (id=31) {
   "expression": "1"
}
[5.926][DEBUG]: DEVTOOLS RESPONSE Runtime.evaluate (id=31) {
   "result": {
      "description": "1",
      "type": "number",
      "value": 1
   }
}
[5.927][INFO]: Done waiting for pending navigations. Status: ok
[5.927][INFO]: RESPONSE FindChildElements [ {
   "ELEMENT": "0.33886507173304015-2"
} ]
[5.933][INFO]: COMMAND IsElementDisplayed {
   "id": "0.33886507173304015-2"
}
[5.933][INFO]: Waiting for pending navigations...
[5.933][DEBUG]: DEVTOOLS COMMAND Runtime.evaluate (id=32) {
   "expression": "1"
}
[5.941][DEBUG]: DEVTOOLS RESPONSE Runtime.evaluate (id=32) {
   "result": {
      "description": "1",
      "type": "number",
      "value": 1
   }
}
[5.941][INFO]: Done waiting for pending navigations. Status: ok
[5.946][DEBUG]: DEVTOOLS COMMAND Runtime.evaluate (id=33) {
   "expression": "(function() { // Copyright (c) 2012 The Chromium Authors. All rights reserved.\n// Use of this source code is governed by a BSD-style license that can be\n// found in the LICENSE file.\n\n/**\n * Enum f...",
   "returnByValue": true
}
[5.973][DEBUG]: DEVTOOLS RESPONSE Runtime.evaluate (id=33) {
   "result": {
      "type": "object",
      "value": {
         "status": 0,
         "value": true
      }
   }
}
[5.973][INFO]: Waiting for pending navigations...
[5.973][DEBUG]: DEVTOOLS COMMAND Runtime.evaluate (id=34) {
   "expression": "1"
}
[5.974][DEBUG]: DEVTOOLS RESPONSE Runtime.evaluate (id=34) {
   "result": {
      "description": "1",
      "type": "number",
      "value": 1
   }
}
[5.974][INFO]: Done waiting for pending navigations. Status: ok
[5.974][INFO]: RESPONSE IsElementDisplayed true
[5.985][INFO]: COMMAND ClearElement {
   "id": "0.33886507173304015-2"
}
[5.985][INFO]: Waiting for pending navigations...
[5.985][DEBUG]: DEVTOOLS COMMAND Runtime.evaluate (id=35) {
   "expression": "1"
}
[5.985][DEBUG]: DEVTOOLS RESPONSE Runtime.evaluate (id=35) {
   "result": {
      "description": "1",
      "type": "number",
      "value": 1
   }
}
[5.985][INFO]: Done waiting for pending navigations. Status: ok
[5.988][DEBUG]: DEVTOOLS COMMAND Runtime.evaluate (id=36) {
   "expression": "(function() { // Copyright (c) 2012 The Chromium Authors. All rights reserved.\n// Use of this source code is governed by a BSD-style license that can be\n// found in the LICENSE file.\n\n/**\n * Enum f...",
   "returnByValue": true
}
[6.009][DEBUG]: DEVTOOLS RESPONSE Runtime.evaluate (id=36) {
   "result": {
      "type": "object",
      "value": {
         "status": 0,
         "value": null
      }
   }
}
[6.009][INFO]: Waiting for pending navigations...
[6.009][DEBUG]: DEVTOOLS COMMAND Runtime.evaluate (id=37) {
   "expression": "1"
}
[6.013][DEBUG]: DEVTOOLS RESPONSE Runtime.evaluate (id=37) {
   "result": {
      "description": "1",
      "type": "number",
      "value": 1
   }
}
[6.013][INFO]: Done waiting for pending navigations. Status: ok
[6.013][INFO]: RESPONSE ClearElement
[6.028][INFO]: COMMAND TypeElement {
   "id": "0.33886507173304015-2",
   "text": "12345",
   "value": [ "1", "2", "3", "4", "5" ]
}
[6.028][INFO]: Waiting for pending navigations...
[6.028][DEBUG]: DEVTOOLS COMMAND Runtime.evaluate (id=38) {
   "expression": "1"
}
[6.033][DEBUG]: DEVTOOLS RESPONSE Runtime.evaluate (id=38) {
   "result": {
      "description": "1",
      "type": "number",
      "value": 1
   }
}
[6.033][INFO]: Done waiting for pending navigations. Status: ok
[6.034][DEBUG]: DEVTOOLS COMMAND Runtime.evaluate (id=39) {
   "expression": "(function() { // Copyright (c) 2012 The Chromium Authors. All rights reserved.\n// Use of this source code is governed by a BSD-style license that can be\n// found in the LICENSE file.\n\n/**\n * Enum f...",
   "returnByValue": true
}
[6.037][DEBUG]: DEVTOOLS RESPONSE Runtime.evaluate (id=39) {
   "result": {
      "type": "object",
      "value": {
         "status": 0,
         "value": "TEXTAREA"
      }
   }
}
[6.038][DEBUG]: DEVTOOLS COMMAND Runtime.evaluate (id=40) {
   "expression": "(function() { // Copyright (c) 2012 The Chromium Authors. All rights reserved.\n// Use of this source code is governed by a BSD-style license that can be\n// found in the LICENSE file.\n\n/**\n * Enum f...",
   "returnByValue": true
}
[6.044][DEBUG]: DEVTOOLS RESPONSE Runtime.evaluate (id=40) {
   "result": {
      "type": "object",
      "value": {
         "status": 0,
         "value": "textarea"
      }
   }
}
[6.049][DEBUG]: DEVTOOLS COMMAND Runtime.evaluate (id=41) {
   "expression": "(function() { // Copyright (c) 2012 The Chromium Authors. All rights reserved.\n// Use of this source code is governed by a BSD-style license that can be\n// found in the LICENSE file.\n\n/**\n * Enum f...",
   "returnByValue": true
}
[6.060][DEBUG]: DEVTOOLS RESPONSE Runtime.evaluate (id=41) {
   "result": {
      "type": "object",
      "value": {
         "status": 0,
         "value": true
      }
   }
}
[6.063][DEBUG]: DEVTOOLS COMMAND Runtime.evaluate (id=42) {
   "expression": "(function() { // Copyright (c) 2012 The Chromium Authors. All rights reserved.\n// Use of this source code is governed by a BSD-style license that can be\n// found in the LICENSE file.\n\n/**\n * Enum f...",
   "returnByValue": true
}
[6.072][DEBUG]: DEVTOOLS RESPONSE Runtime.evaluate (id=42) {
   "result": {
      "type": "object",
      "value": {
         "status": 0,
         "value": true
      }
   }
}
[6.073][DEBUG]: DEVTOOLS COMMAND Runtime.evaluate (id=43) {
   "expression": "(function() { // Copyright (c) 2012 The Chromium Authors. All rights reserved.\n// Use of this source code is governed by a BSD-style license that can be\n// found in the LICENSE file.\n\n/**\n * Enum f...",
   "returnByValue": true
}
[6.075][DEBUG]: DEVTOOLS RESPONSE Runtime.evaluate (id=43) {
   "result": {
      "type": "object",
      "value": {
         "status": 0,
         "value": null
      }
   }
}
[6.082][DEBUG]: DEVTOOLS COMMAND Input.dispatchKeyEvent (id=44) {
   "code": "Digit1",
   "key": "1",
   "modifiers": 0,
   "text": "1",
   "type": "rawKeyDown",
   "unmodifiedText": "1",
   "windowsVirtualKeyCode": 49
}
[6.088][DEBUG]: DEVTOOLS RESPONSE Input.dispatchKeyEvent (id=44) {

}
[6.088][DEBUG]: DEVTOOLS COMMAND Input.dispatchKeyEvent (id=45) {
   "code": "Digit1",
   "key": "1",
   "modifiers": 0,
   "text": "1",
   "type": "char",
   "unmodifiedText": "1",
   "windowsVirtualKeyCode": 49
}
[6.105][DEBUG]: DEVTOOLS RESPONSE Input.dispatchKeyEvent (id=45) {

}
[6.105][DEBUG]: DEVTOOLS COMMAND Input.dispatchKeyEvent (id=46) {
   "code": "Digit1",
   "key": "1",
   "modifiers": 0,
   "text": "1",
   "type": "keyUp",
   "unmodifiedText": "1",
   "windowsVirtualKeyCode": 49
}
[6.142][DEBUG]: DEVTOOLS RESPONSE Input.dispatchKeyEvent (id=46) {

}
[6.142][DEBUG]: DEVTOOLS COMMAND Input.dispatchKeyEvent (id=47) {
   "code": "Digit2",
   "key": "2",
   "modifiers": 0,
   "text": "2",
   "type": "rawKeyDown",
   "unmodifiedText": "2",
   "windowsVirtualKeyCode": 50
}
[6.142][DEBUG]: DEVTOOLS EVENT DOM.childNodeCountUpdated {
   "childNodeCount": 33,
   "nodeId": 21
}
[6.142][DEBUG]: DEVTOOLS EVENT Page.lifecycleEvent {
   "frameId": "(316DB81EFB92ADA35A9FC949AA6BAD5E)",
   "name": "firstMeaningfulPaint",
   "timestamp": 724.423389
}
[6.149][DEBUG]: DEVTOOLS RESPONSE Input.dispatchKeyEvent (id=47) {

}
[6.149][DEBUG]: DEVTOOLS COMMAND Input.dispatchKeyEvent (id=48) {
   "code": "Digit2",
   "key": "2",
   "modifiers": 0,
   "text": "2",
   "type": "char",
   "unmodifiedText": "2",
   "windowsVirtualKeyCode": 50
}
[6.151][DEBUG]: DEVTOOLS RESPONSE Input.dispatchKeyEvent (id=48) {

}
[6.151][DEBUG]: DEVTOOLS COMMAND Input.dispatchKeyEvent (id=49) {
   "code": "Digit2",
   "key": "2",
   "modifiers": 0,
   "text": "2",
   "type": "keyUp",
   "unmodifiedText": "2",
   "windowsVirtualKeyCode": 50
}
[6.181][DEBUG]: DEVTOOLS RESPONSE Input.dispatchKeyEvent (id=49) {

}
[6.181][DEBUG]: DEVTOOLS COMMAND Input.dispatchKeyEvent (id=50) {
   "code": "Digit3",
   "key": "3",
   "modifiers": 0,
   "text": "3",
   "type": "rawKeyDown",
   "unmodifiedText": "3",
   "windowsVirtualKeyCode": 51
}
[6.183][DEBUG]: DEVTOOLS RESPONSE Input.dispatchKeyEvent (id=50) {

}
[6.183][DEBUG]: DEVTOOLS COMMAND Input.dispatchKeyEvent (id=51) {
   "code": "Digit3",
   "key": "3",
   "modifiers": 0,
   "text": "3",
   "type": "char",
   "unmodifiedText": "3",
   "windowsVirtualKeyCode": 51
}
[6.191][DEBUG]: DEVTOOLS EVENT DOM.childNodeCountUpdated {
   "childNodeCount": 32,
   "nodeId": 21
}
[6.193][DEBUG]: DEVTOOLS RESPONSE Input.dispatchKeyEvent (id=51) {

}
[6.193][DEBUG]: DEVTOOLS COMMAND Input.dispatchKeyEvent (id=52) {
   "code": "Digit3",
   "key": "3",
   "modifiers": 0,
   "text": "3",
   "type": "keyUp",
   "unmodifiedText": "3",
   "windowsVirtualKeyCode": 51
}
[6.201][DEBUG]: DEVTOOLS RESPONSE Input.dispatchKeyEvent (id=52) {

}
[6.201][DEBUG]: DEVTOOLS COMMAND Input.dispatchKeyEvent (id=53) {
   "code": "Digit4",
   "key": "4",
   "modifiers": 0,
   "text": "4",
   "type": "rawKeyDown",
   "unmodifiedText": "4",
   "windowsVirtualKeyCode": 52
}
[6.206][DEBUG]: DEVTOOLS RESPONSE Input.dispatchKeyEvent (id=53) {

}
[6.206][DEBUG]: DEVTOOLS COMMAND Input.dispatchKeyEvent (id=54) {
   "code": "Digit4",
   "key": "4",
   "modifiers": 0,
   "text": "4",
   "type": "char",
   "unmodifiedText": "4",
   "windowsVirtualKeyCode": 52
}
[6.210][DEBUG]: DEVTOOLS RESPONSE Input.dispatchKeyEvent (id=54) {

}
[6.210][DEBUG]: DEVTOOLS COMMAND Input.dispatchKeyEvent (id=55) {
   "code": "Digit4",
   "key": "4",
   "modifiers": 0,
   "text": "4",
   "type": "keyUp",
   "unmodifiedText": "4",
   "windowsVirtualKeyCode": 52
}
[6.212][DEBUG]: DEVTOOLS RESPONSE Input.dispatchKeyEvent (id=55) {

}
[6.212][DEBUG]: DEVTOOLS COMMAND Input.dispatchKeyEvent (id=56) {
   "code": "Digit5",
   "key": "5",
   "modifiers": 0,
   "text": "5",
   "type": "rawKeyDown",
   "unmodifiedText": "5",
   "windowsVirtualKeyCode": 53
}
[6.221][DEBUG]: DEVTOOLS RESPONSE Input.dispatchKeyEvent (id=56) {

}
[6.221][DEBUG]: DEVTOOLS COMMAND Input.dispatchKeyEvent (id=57) {
   "code": "Digit5",
   "key": "5",
   "modifiers": 0,
   "text": "5",
   "type": "char",
   "unmodifiedText": "5",
   "windowsVirtualKeyCode": 53
}
[6.226][DEBUG]: DEVTOOLS RESPONSE Input.dispatchKeyEvent (id=57) {

}
[6.226][DEBUG]: DEVTOOLS COMMAND Input.dispatchKeyEvent (id=58) {
   "code": "Digit5",
   "key": "5",
   "modifiers": 0,
   "text": "5",
   "type": "keyUp",
   "unmodifiedText": "5",
   "windowsVirtualKeyCode": 53
}
[6.229][DEBUG]: DEVTOOLS RESPONSE Input.dispatchKeyEvent (id=58) {

}
[6.229][INFO]: Waiting for pending navigations...
[6.229][DEBUG]: DEVTOOLS COMMAND Runtime.evaluate (id=59) {
   "expression": "1"
}
[6.247][DEBUG]: DEVTOOLS RESPONSE Runtime.evaluate (id=59) {
   "result": {
      "description": "1",
      "type": "number",
      "value": 1
   }
}
[6.247][INFO]: Done waiting for pending navigations. Status: ok
[6.247][INFO]: RESPONSE TypeElement
[6.266][INFO]: COMMAND Screenshot {

}
[6.266][INFO]: Waiting for pending navigations...
[6.266][DEBUG]: DEVTOOLS COMMAND Runtime.evaluate (id=60) {
   "expression": "1"
}
[6.269][DEBUG]: DEVTOOLS RESPONSE Runtime.evaluate (id=60) {
   "result": {
      "description": "1",
      "type": "number",
      "value": 1
   }
}
[6.269][INFO]: Done waiting for pending navigations. Status: ok
[6.269][DEBUG]: DevTools request: http://localhost:12462/json/activate/(316DB81EFB92ADA35A9FC949AA6BAD5E)
[6.270][DEBUG]: DevTools response: Target activated
[6.270][DEBUG]: DEVTOOLS COMMAND Page.captureScreenshot (id=61) {

}
[6.454][DEBUG]: DEVTOOLS RESPONSE Page.captureScreenshot (id=61) {
   "data": "iVBORw0KGgoAAAANSUhEUgAABVYAAAO+CAYAAADv/k7HAAAgAElEQVR4nOzdeXxU1f3/8fds2Tf2Lahh38KiElSwCloqIhaQKrUIonWtSl2qP1EQW7V1w1KtiBVRlEUpiyzydYG4sEZEIzsFghBCgBCyQraZ+/sjZsgkmWQmJDMT8nr64OHMveee8zl3ZjInn5x7r..."
}
[6.455][INFO]: Waiting for pending navigations...
[6.455][DEBUG]: DEVTOOLS COMMAND Runtime.evaluate (id=62) {
   "expression": "1"
}
[6.461][DEBUG]: DEVTOOLS EVENT DOM.childNodeCountUpdated {
   "childNodeCount": 33,
   "nodeId": 21
}
[6.462][DEBUG]: DEVTOOLS EVENT DOM.childNodeCountUpdated {
   "childNodeCount": 32,
   "nodeId": 21
}
[6.469][DEBUG]: DEVTOOLS RESPONSE Runtime.evaluate (id=62) {
   "result": {
      "description": "1",
      "type": "number",
      "value": 1
   }
}
[6.469][INFO]: Done waiting for pending navigations. Status: ok
[6.469][INFO]: RESPONSE Screenshot "iVBORw0KGgoAAAANSUhEUgAABVYAAAO+CAYAAADv/k7HAAAgAElEQVR4nOzdeXxU1f3/8fds2Tf2Lahh38KiElSwCloqIhaQKrUIonWtSl2qP1EQW7V1w1KtiBVRlEUpiyzydYG4sEZEIzsFghBCgBCyQraZ+/sjZsgkmWQmJDMT8nr64OHMveee8zl3ZjInn5x7r..."
[6.985][INFO]: COMMAND Quit {

}
[7.035][INFO]: RESPONSE Quit
[7.035][DEBUG]: Log type 'driver' lost 0 entries on destruction
[7.035][DEBUG]: Log type 'browser' lost 0 entries on destruction
