[0.719][INFO]: COMMAND InitSession {
   "desiredCapabilities": {
      "browserName": "chrome",
      "chromeOptions": {
         "args": [ "--disable-gpu", "--single-process", "--no-sandbox", "--data-path=/tmp/data-path", "--homedir=/tmp/homedir", "--disk-cache-dir=/tmp", "--disk-cache-size=1", "--media-cache-size=1", "--allow-file-access-from-files", "--enable-logging", "--v=1", "--disable-web-security", "--disable-extensions", "--ignore-certificate-errors", "--disable-ntp-most-likely-favicons-from-server", "--disable-ntp-popular-sites", "--window-size=1366,1024", "--disable-infobars", "--disable-dev-shm-usage", "..." ],
         "binary": "/tmp/chrome-lambda/chrome",
         "prefs": {
            "credentials_enable_service": false,
            "profile": {
               "password_manager_enabled": false
            }
         }
      },
      "count": 1
   }
}
[0.719][INFO]: Populating Preferences file: {
   "alternate_error_pages": {
      "enabled": false
   },
   "autofill": {
      "enabled": false
   },
   "browser": {
      "check_default_browser": false
   },
   "credentials_enable_service": false,
   "distribution": {
      "import_bookmarks": false,
      "import_history": false,
      "import_search_engine": false,
      "make_chrome_default_for_user": false,
      "show_welcome_page": false,
      "skip_first_run_ui": true
   },
   "dns_prefetching": {
      "enabled": false
   },
   "profile": {
      "password_manager_enabled": false
   },
   "safebrowsing": {
      "enabled": false
   },
   "search": {
      "suggest_enabled": false
   },
   "translate": {
      "enabled": false
   }
}
[0.719][INFO]: Populating Local State file: {
   "background_mode": {
      "enabled": false
   },
   "ssl": {
      "rev_checking": {
         "enabled": false
      }
   }
}
[0.720][INFO]: Launching chrome: /tmp/chrome-lambda/chrome --allow-file-access-from-files --data-path=/tmp/data-path --disable-background-networking --disable-browser-side-navigation --disable-client-side-phishing-detection --disable-default-apps --disable-dev-shm-usage --disable-extensions --disable-extensions-except=/tmp/.org.chromium.Chromium.VSVv61/internal --disable-gpu --disable-hang-monitor --disable-infobars --disable-ntp-most-likely-favicons-from-server --disable-ntp-popular-sites --disable-popup-blocking --disable-prompt-on-repost --disable-sync --disable-web-resources --disable-web-security --disk-cache-dir=/tmp --disk-cache-size=1 --enable-automation --enable-logging --enable-precise-memory-info --force-fieldtrials=SiteIsolationExtensions/Control --homedir=/tmp/homedir --ignore-certificate-errors --log-level=0 --media-cache-size=1 --metrics-recording-only --no-first-run --no-sandbox --password-store=basic --remote-debugging-port=12229 --safebrowsing-disable-auto-update --single-process --test-type=webdriver --use-mock-keychain --user-data-dir=/tmp/.org.chromium.Chromium.cPFwX6 --v=1 --window-size=1366,1024 data:,
[0.720][DEBUG]: DevTools request: http://localhost:12229/json/version
prctl(PR_SET_NO_NEW_PRIVS) failed
Xlib:  extension "RANDR" missing on display ":99".
[470:475:0831/073413.145166:ERROR:bus.cc(395)] Failed to connect to the bus: Failed to connect to socket /var/run/dbus/system_bus_socket: No such file or directory
Xlib:  extension "RANDR" missing on display ":99".

DevTools listening on ws://127.0.0.1:12229/devtools/browser/2dcd2742-3271-46d8-af93-14a9c6de2d93
[1.424][SEVERE]: CreatePlatformSocket() returned an error, errno=1: Operation not permitted (1)
[1.441][DEBUG]: DevTools response: {
   "Browser": "Chrome/63.0.3239.84",
   "Protocol-Version": "1.2",
   "User-Agent": "Mozilla/5.0 (X11; Linux x86_64) AppleWebKit/537.36 (KHTML, like Gecko) Chrome/63.0.3239.84 Safari/537.36",
   "V8-Version": "6.3.292.46",
   "WebKit-Version": "537.36 (@0f53a5abc7a405fbe9f1cfd3db38f2092c8a7816)",
   "webSocketDebuggerUrl": "ws://localhost:12229/devtools/browser/2dcd2742-3271-46d8-af93-14a9c6de2d93"
}

[1.444][DEBUG]: DevTools request: http://localhost:12229/json
[1.459][DEBUG]: DevTools response: [ {
   "description": "",
   "devtoolsFrontendUrl": "/devtools/inspector.html?ws=localhost:12229/devtools/page/(9AA75D77988C93DA2A0AE8C5D2319F9E)",
   "id": "(9AA75D77988C93DA2A0AE8C5D2319F9E)",
   "title": "",
   "type": "page",
   "url": "data:,",
   "webSocketDebuggerUrl": "ws://localhost:12229/devtools/page/(9AA75D77988C93DA2A0AE8C5D2319F9E)"
} ]

[1.459][DEBUG]: DevTools request: http://localhost:12229/json
[1.460][DEBUG]: DevTools response: [ {
   "description": "",
   "devtoolsFrontendUrl": "/devtools/inspector.html?ws=localhost:12229/devtools/page/(9AA75D77988C93DA2A0AE8C5D2319F9E)",
   "id": "(9AA75D77988C93DA2A0AE8C5D2319F9E)",
   "title": "",
   "type": "page",
   "url": "data:,",
   "webSocketDebuggerUrl": "ws://localhost:12229/devtools/page/(9AA75D77988C93DA2A0AE8C5D2319F9E)"
} ]

[1.460][INFO]: resolved localhost to ["127.0.0.1"]
[1.499][DEBUG]: DEVTOOLS COMMAND Log.enable (id=1) {

}
[1.499][DEBUG]: DEVTOOLS COMMAND DOM.getDocument (id=2) {

}
[1.500][DEBUG]: DEVTOOLS COMMAND Runtime.enable (id=3) {

}
[1.500][DEBUG]: DEVTOOLS COMMAND Page.enable (id=4) {

}
[1.500][DEBUG]: DEVTOOLS COMMAND Page.enable (id=5) {

}
[470:493:0831/073413.830776:ERROR:io_thread.cc(730)] Cannot use V8 Proxy resolver in single process mode.
[470:493:0831/073413.832096:ERROR:io_thread.cc(730)] Cannot use V8 Proxy resolver in single process mode.
[1.601][DEBUG]: DEVTOOLS RESPONSE Log.enable (id=1) {

}
[1.601][DEBUG]: DEVTOOLS RESPONSE DOM.getDocument (id=2) {
   "root": {
      "backendNodeId": 1,
      "baseURL": "about:blank",
      "childNodeCount": 1,
      "children": [ {
         "attributes": [  ],
         "backendNodeId": 2,
         "childNodeCount": 2,
         "children": [ {
            "attributes": [  ],
            "backendNodeId": 3,
            "childNodeCount": 0,
            "localName": "head",
            "nodeId": 3,
            "nodeName": "HEAD",
            "nodeType": 1,
            "nodeValue": "",
            "parentId": 2
         }, {
            "attributes": [  ],
            "backendNodeId": 4,
            "childNodeCount": 0,
            "localName": "body",
            "nodeId": 4,
            "nodeName": "BODY",
            "nodeType": 1,
            "nodeValue": "",
            "parentId": 2
         } ],
         "frameId": "(9AA75D77988C93DA2A0AE8C5D2319F9E)",
         "localName": "html",
         "nodeId": 2,
         "nodeName": "HTML",
         "nodeType": 1,
         "nodeValue": "",
         "parentId": 1
      } ],
      "documentURL": "",
      "localName": "",
      "nodeId": 1,
      "nodeName": "#document",
      "nodeType": 9,
      "nodeValue": "",
      "xmlVersion": ""
   }
}
[1.601][DEBUG]: DEVTOOLS RESPONSE Runtime.enable (id=3) {

}
[1.602][DEBUG]: DEVTOOLS RESPONSE Page.enable (id=4) {

}
[1.602][DEBUG]: DEVTOOLS RESPONSE Page.enable (id=5) {

}
[1.602][DEBUG]: DEVTOOLS COMMAND Page.enable (id=6) {

}
[1.678][DEBUG]: DEVTOOLS EVENT Page.lifecycleEvent {
   "frameId": "(9AA75D77988C93DA2A0AE8C5D2319F9E)",
   "name": "commit",
   "timestamp": 725.763824
}
[1.678][DEBUG]: DEVTOOLS EVENT Page.frameNavigated {
   "frame": {
      "id": "(9AA75D77988C93DA2A0AE8C5D2319F9E)",
      "loaderId": "470.1",
      "mimeType": "text/plain",
      "securityOrigin": "://",
      "url": "data:,"
   }
}
[1.679][DEBUG]: DEVTOOLS EVENT DOM.documentUpdated {

}
[1.679][DEBUG]: DEVTOOLS COMMAND DOM.getDocument (id=7) {

}
[1.679][DEBUG]: DEVTOOLS EVENT Runtime.executionContextCreated {
   "context": {
      "auxData": {
         "frameId": "(9AA75D77988C93DA2A0AE8C5D2319F9E)",
         "isDefault": true
      },
      "id": 1,
      "name": "",
      "origin": "://"
   }
}
[1.679][DEBUG]: DEVTOOLS RESPONSE Page.enable (id=6) {

}
[1.700][DEBUG]: DEVTOOLS EVENT Page.loadEventFired {
   "timestamp": 725.801668
}
[1.700][DEBUG]: DEVTOOLS EVENT Page.lifecycleEvent {
   "frameId": "(9AA75D77988C93DA2A0AE8C5D2319F9E)",
   "name": "load",
   "timestamp": 725.801668
}
[1.700][DEBUG]: DEVTOOLS EVENT Page.frameStoppedLoading {
   "frameId": "(9AA75D77988C93DA2A0AE8C5D2319F9E)"
}
[1.700][DEBUG]: DEVTOOLS EVENT Page.domContentEventFired {
   "timestamp": 725.802152
}
[1.700][DEBUG]: DEVTOOLS EVENT Page.lifecycleEvent {
   "frameId": "(9AA75D77988C93DA2A0AE8C5D2319F9E)",
   "name": "DOMContentLoaded",
   "timestamp": 725.802152
}
[1.700][DEBUG]: DEVTOOLS EVENT DOM.documentUpdated {

}
[1.700][DEBUG]: DEVTOOLS COMMAND DOM.getDocument (id=8) {

}
[1.704][DEBUG]: DEVTOOLS RESPONSE DOM.getDocument (id=7) {
   "root": {
      "backendNodeId": 5,
      "baseURL": "data:,",
      "childNodeCount": 1,
      "children": [ {
         "attributes": [  ],
         "backendNodeId": 7,
         "childNodeCount": 2,
         "children": [ {
            "attributes": [  ],
            "backendNodeId": 8,
            "childNodeCount": 0,
            "localName": "head",
            "nodeId": 7,
            "nodeName": "HEAD",
            "nodeType": 1,
            "nodeValue": "",
            "parentId": 6
         }, {
            "attributes": [  ],
            "backendNodeId": 9,
            "childNodeCount": 1,
            "localName": "body",
            "nodeId": 8,
            "nodeName": "BODY",
            "nodeType": 1,
            "nodeValue": "",
            "parentId": 6
         } ],
         "frameId": "(9AA75D77988C93DA2A0AE8C5D2319F9E)",
         "localName": "html",
         "nodeId": 6,
         "nodeName": "HTML",
         "nodeType": 1,
         "nodeValue": "",
         "parentId": 5
      } ],
      "documentURL": "data:,",
      "localName": "",
      "nodeId": 5,
      "nodeName": "#document",
      "nodeType": 9,
      "nodeValue": "",
      "xmlVersion": ""
   }
}
[1.705][DEBUG]: DEVTOOLS RESPONSE DOM.getDocument (id=8) {
   "root": {
      "backendNodeId": 5,
      "baseURL": "data:,",
      "childNodeCount": 1,
      "children": [ {
         "attributes": [  ],
         "backendNodeId": 7,
         "childNodeCount": 2,
         "children": [ {
            "attributes": [  ],
            "backendNodeId": 8,
            "childNodeCount": 0,
            "localName": "head",
            "nodeId": 11,
            "nodeName": "HEAD",
            "nodeType": 1,
            "nodeValue": "",
            "parentId": 10
         }, {
            "attributes": [  ],
            "backendNodeId": 9,
            "childNodeCount": 1,
            "localName": "body",
            "nodeId": 12,
            "nodeName": "BODY",
            "nodeType": 1,
            "nodeValue": "",
            "parentId": 10
         } ],
         "frameId": "(9AA75D77988C93DA2A0AE8C5D2319F9E)",
         "localName": "html",
         "nodeId": 10,
         "nodeName": "HTML",
         "nodeType": 1,
         "nodeValue": "",
         "parentId": 9
      } ],
      "documentURL": "data:,",
      "localName": "",
      "nodeId": 9,
      "nodeName": "#document",
      "nodeType": 9,
      "nodeValue": "",
      "xmlVersion": ""
   }
}
[1.705][DEBUG]: DEVTOOLS COMMAND Runtime.enable (id=9) {

}
[1.722][DEBUG]: DEVTOOLS RESPONSE Runtime.enable (id=9) {

}
[1.723][DEBUG]: DEVTOOLS COMMAND Runtime.evaluate (id=10) {
   "expression": "(function() { // Copyright (c) 2012 The Chromium Authors. All rights reserved.\n// Use of this source code is governed by a BSD-style license that can be\n// found in the LICENSE file.\n\n/**\n * Enum f...",
   "returnByValue": true
}
[1.726][DEBUG]: DEVTOOLS RESPONSE Runtime.evaluate (id=10) {
   "result": {
      "type": "object",
      "value": {
         "status": 0,
         "value": 1
      }
   }
}
[1.726][INFO]: RESPONSE InitSession {
   "acceptSslCerts": true,
   "applicationCacheEnabled": false,
   "browserConnectionEnabled": false,
   "browserName": "chrome",
   "chrome": {
      "chromedriverVersion": "2.33.506092 (733a02544d189eeb751fe0d7ddca79a0ee28cce4)",
      "userDataDir": "/tmp/.org.chromium.Chromium.cPFwX6"
   },
   "cssSelectorsEnabled": true,
   "databaseEnabled": false,
   "handlesAlerts": true,
   "hasTouchScreen": false,
   "javascriptEnabled": true,
   "locationContextEnabled": true,
   "mobileEmulationEnabled": false,
   "nativeEvents": true,
   "networkConnectionEnabled": false,
   "pageLoadStrategy": "normal",
   "platform": "Linux",
   "rotatable": false,
   "setWindowRect": true,
   "takesHeapSnapshot": true,
   "~~~": "..."
}
[1.758][INFO]: COMMAND SetTimeout {
   "script": 11000
}
[1.760][INFO]: RESPONSE SetTimeout unknown error: 'ms' must be a double
  (Session info: chrome=63.0.3239.84)
[1.780][INFO]: COMMAND SetTimeout {
   "ms": 11000,
   "type": "script"
}
[1.780][INFO]: RESPONSE SetTimeout
[2.488][INFO]: COMMAND SetTimeout {
   "pageLoad": 30000
}
[2.490][INFO]: RESPONSE SetTimeout unknown error: 'ms' must be a double
  (Session info: chrome=63.0.3239.84)
[2.502][INFO]: COMMAND SetTimeout {
   "ms": 30000,
   "type": "page load"
}
[2.502][INFO]: RESPONSE SetTimeout
[2.579][INFO]: COMMAND Navigate {
   "url": "https://translate.google.com/#en/es/Theatre"
}
[2.579][INFO]: Waiting for pending navigations...
[2.579][DEBUG]: DEVTOOLS COMMAND Runtime.evaluate (id=11) {
   "expression": "1"
}
[2.580][DEBUG]: DEVTOOLS EVENT Page.lifecycleEvent {
   "frameId": "(9AA75D77988C93DA2A0AE8C5D2319F9E)",
   "name": "networkAlmostIdle",
   "timestamp": 725.802169
}
[2.580][DEBUG]: DEVTOOLS EVENT Page.lifecycleEvent {
   "frameId": "(9AA75D77988C93DA2A0AE8C5D2319F9E)",
   "name": "networkIdle",
   "timestamp": 725.802169
}
[2.580][DEBUG]: DEVTOOLS RESPONSE Runtime.evaluate (id=11) {
   "result": {
      "description": "1",
      "type": "number",
      "value": 1
   }
}
[2.580][INFO]: Done waiting for pending navigations. Status: ok
[2.580][DEBUG]: DEVTOOLS COMMAND Page.navigate (id=12) {
   "url": "https://translate.google.com/#en/es/Theatre"
}
[2.584][DEBUG]: DEVTOOLS EVENT Page.frameStartedLoading {
   "frameId": "(9AA75D77988C93DA2A0AE8C5D2319F9E)"
}
[2.584][DEBUG]: DEVTOOLS RESPONSE Page.navigate (id=12) {
   "frameId": "(9AA75D77988C93DA2A0AE8C5D2319F9E)"
}
[2.584][INFO]: Waiting for pending navigations...
[2.584][DEBUG]: DEVTOOLS COMMAND Runtime.evaluate (id=13) {
   "expression": "1"
}
[2.585][DEBUG]: DEVTOOLS RESPONSE Runtime.evaluate (id=13) {
   "result": {
      "description": "1",
      "type": "number",
      "value": 1
   }
}
[2.819][DEBUG]: DEVTOOLS EVENT Runtime.executionContextDestroyed {
   "executionContextId": 1
}
[2.819][DEBUG]: DEVTOOLS COMMAND Runtime.evaluate (id=14) {
   "expression": "1"
}
[2.819][DEBUG]: DEVTOOLS EVENT Runtime.executionContextsCleared {

}
[2.819][DEBUG]: DEVTOOLS EVENT Page.lifecycleEvent {
   "frameId": "(9AA75D77988C93DA2A0AE8C5D2319F9E)",
   "name": "commit",
   "timestamp": 726.935571
}
[2.819][DEBUG]: DEVTOOLS EVENT Page.frameNavigated {
   "frame": {
      "id": "(9AA75D77988C93DA2A0AE8C5D2319F9E)",
      "loaderId": "470.2",
      "mimeType": "text/html",
      "securityOrigin": "https://translate.google.com",
      "url": "https://translate.google.com/"
   }
}
[2.820][DEBUG]: DEVTOOLS EVENT Runtime.executionContextCreated {
   "context": {
      "auxData": {
         "frameId": "(9AA75D77988C93DA2A0AE8C5D2319F9E)",
         "isDefault": true
      },
      "id": 3,
      "name": "",
      "origin": "https://translate.google.com"
   }
}
[2.820][DEBUG]: DEVTOOLS EVENT DOM.documentUpdated {

}
[2.820][DEBUG]: DEVTOOLS COMMAND DOM.getDocument (id=15) {

}
[2.898][DEBUG]: DEVTOOLS RESPONSE Runtime.evaluate (id=14) {
   "result": {
      "description": "1",
      "type": "number",
      "value": 1
   }
}
[2.898][DEBUG]: DEVTOOLS RESPONSE DOM.getDocument (id=15) {
   "root": {
      "backendNodeId": 10,
      "baseURL": "https://translate.google.com/#en/es/Theatre",
      "childNodeCount": 2,
      "children": [ {
         "backendNodeId": 11,
         "localName": "",
         "nodeId": 14,
         "nodeName": "html",
         "nodeType": 10,
         "nodeValue": "",
         "parentId": 13,
         "publicId": "",
         "systemId": ""
      }, {
         "attributes": [  ],
         "backendNodeId": 12,
         "childNodeCount": 1,
         "children": [ {
            "attributes": [  ],
            "backendNodeId": 13,
            "childNodeCount": 18,
            "localName": "head",
            "nodeId": 16,
            "nodeName": "HEAD",
            "nodeType": 1,
            "nodeValue": "",
            "parentId": 15
         } ],
         "frameId": "(9AA75D77988C93DA2A0AE8C5D2319F9E)",
         "localName": "html",
         "nodeId": 15,
         "nodeName": "HTML",
         "nodeType": 1,
         "nodeValue": "",
         "parentId": 13
      } ],
      "documentURL": "https://translate.google.com/#en/es/Theatre",
      "localName": "",
      "nodeId": 13,
      "nodeName": "#document",
      "nodeType": 9,
      "nodeValue": "",
      "xmlVersion": ""
   }
}
[3.077][DEBUG]: DEVTOOLS EVENT DOM.childNodeCountUpdated {
   "childNodeCount": 19,
   "nodeId": 16
}
[3.077][DEBUG]: DEVTOOLS EVENT DOM.childNodeCountUpdated {
   "childNodeCount": 20,
   "nodeId": 16
}
[3.077][DEBUG]: DEVTOOLS EVENT DOM.childNodeCountUpdated {
   "childNodeCount": 21,
   "nodeId": 16
}
[3.077][DEBUG]: DEVTOOLS EVENT DOM.childNodeCountUpdated {
   "childNodeCount": 22,
   "nodeId": 16
}
[3.077][DEBUG]: DEVTOOLS EVENT DOM.childNodeInserted {
   "node": {
      "attributes": [ "dir", "ltr", "onload", "window.jstiming.load['tick']('ol');", "class", "e_md nj pre-epu" ],
      "backendNodeId": 14,
      "childNodeCount": 0,
      "localName": "body",
      "nodeId": 17,
      "nodeName": "BODY",
      "nodeType": 1,
      "nodeValue": ""
   },
   "parentNodeId": 15,
   "previousNodeId": 16
}
[3.078][DEBUG]: DEVTOOLS EVENT DOM.childNodeCountUpdated {
   "childNodeCount": 1,
   "nodeId": 17
}
[3.078][DEBUG]: DEVTOOLS EVENT DOM.childNodeCountUpdated {
   "childNodeCount": 2,
   "nodeId": 17
}
[3.078][DEBUG]: DEVTOOLS EVENT DOM.childNodeCountUpdated {
   "childNodeCount": 3,
   "nodeId": 17
}
[3.078][DEBUG]: DEVTOOLS EVENT DOM.attributeModified {
   "name": "class",
   "nodeId": 17,
   "value": "e_md  pre-epu"
}
[3.078][DEBUG]: DEVTOOLS EVENT DOM.childNodeCountUpdated {
   "childNodeCount": 4,
   "nodeId": 17
}
[3.078][DEBUG]: DEVTOOLS COMMAND Runtime.evaluate (id=16) {
   "expression": "1"
}
[3.217][DEBUG]: DEVTOOLS RESPONSE Runtime.evaluate (id=16) {
   "result": {
      "description": "1",
      "type": "number",
      "value": 1
   }
}
[3.700][DEBUG]: DEVTOOLS EVENT DOM.attributeModified {
   "name": "class",
   "nodeId": 17,
   "value": "e_md pre-epu"
}
[3.700][DEBUG]: DEVTOOLS EVENT DOM.childNodeCountUpdated {
   "childNodeCount": 5,
   "nodeId": 17
}
[3.700][DEBUG]: DEVTOOLS EVENT DOM.childNodeCountUpdated {
   "childNodeCount": 4,
   "nodeId": 17
}
[3.700][DEBUG]: DEVTOOLS EVENT DOM.childNodeCountUpdated {
   "childNodeCount": 5,
   "nodeId": 17
}
[3.700][DEBUG]: DEVTOOLS EVENT DOM.childNodeCountUpdated {
   "childNodeCount": 6,
   "nodeId": 17
}
[3.700][DEBUG]: DEVTOOLS EVENT DOM.childNodeCountUpdated {
   "childNodeCount": 7,
   "nodeId": 17
}
[3.700][DEBUG]: DEVTOOLS EVENT DOM.childNodeCountUpdated {
   "childNodeCount": 8,
   "nodeId": 17
}
[3.700][DEBUG]: DEVTOOLS COMMAND Runtime.evaluate (id=17) {
   "expression": "1"
}
[3.701][DEBUG]: DEVTOOLS EVENT DOM.childNodeCountUpdated {
   "childNodeCount": 7,
   "nodeId": 17
}
[3.701][DEBUG]: DEVTOOLS EVENT DOM.childNodeCountUpdated {
   "childNodeCount": 6,
   "nodeId": 17
}
[3.701][DEBUG]: DEVTOOLS EVENT DOM.childNodeCountUpdated {
   "childNodeCount": 7,
   "nodeId": 17
}
[3.701][DEBUG]: DEVTOOLS EVENT DOM.childNodeCountUpdated {
   "childNodeCount": 8,
   "nodeId": 17
}
[3.701][DEBUG]: DEVTOOLS EVENT DOM.childNodeCountUpdated {
   "childNodeCount": 9,
   "nodeId": 17
}
[3.701][DEBUG]: DEVTOOLS EVENT DOM.childNodeCountUpdated {
   "childNodeCount": 10,
   "nodeId": 17
}
[3.701][DEBUG]: DEVTOOLS EVENT DOM.childNodeCountUpdated {
   "childNodeCount": 11,
   "nodeId": 17
}
[3.701][DEBUG]: DEVTOOLS EVENT DOM.childNodeCountUpdated {
   "childNodeCount": 12,
   "nodeId": 17
}
[3.701][DEBUG]: DEVTOOLS EVENT DOM.childNodeCountUpdated {
   "childNodeCount": 13,
   "nodeId": 17
}
[3.701][DEBUG]: DEVTOOLS EVENT DOM.childNodeCountUpdated {
   "childNodeCount": 14,
   "nodeId": 17
}
[3.701][DEBUG]: DEVTOOLS EVENT DOM.childNodeCountUpdated {
   "childNodeCount": 15,
   "nodeId": 17
}
[3.701][DEBUG]: DEVTOOLS EVENT DOM.childNodeCountUpdated {
   "childNodeCount": 14,
   "nodeId": 17
}
[3.701][DEBUG]: DEVTOOLS EVENT DOM.childNodeCountUpdated {
   "childNodeCount": 13,
   "nodeId": 17
}
[3.701][DEBUG]: DEVTOOLS EVENT DOM.childNodeCountUpdated {
   "childNodeCount": 14,
   "nodeId": 17
}
[3.701][DEBUG]: DEVTOOLS EVENT DOM.childNodeCountUpdated {
   "childNodeCount": 23,
   "nodeId": 16
}
[3.701][DEBUG]: DEVTOOLS EVENT DOM.childNodeCountUpdated {
   "childNodeCount": 15,
   "nodeId": 17
}
[3.701][DEBUG]: DEVTOOLS EVENT DOM.childNodeCountUpdated {
   "childNodeCount": 14,
   "nodeId": 17
}
[3.701][DEBUG]: DEVTOOLS EVENT DOM.childNodeCountUpdated {
   "childNodeCount": 15,
   "nodeId": 17
}
[3.701][DEBUG]: DEVTOOLS EVENT DOM.childNodeCountUpdated {
   "childNodeCount": 14,
   "nodeId": 17
}
[3.701][DEBUG]: DEVTOOLS EVENT DOM.childNodeCountUpdated {
   "childNodeCount": 15,
   "nodeId": 17
}
[3.701][DEBUG]: DEVTOOLS EVENT DOM.childNodeCountUpdated {
   "childNodeCount": 14,
   "nodeId": 17
}
[3.701][DEBUG]: DEVTOOLS EVENT DOM.childNodeCountUpdated {
   "childNodeCount": 15,
   "nodeId": 17
}
[3.702][DEBUG]: DEVTOOLS EVENT DOM.childNodeCountUpdated {
   "childNodeCount": 14,
   "nodeId": 17
}
[3.702][DEBUG]: DEVTOOLS EVENT DOM.childNodeCountUpdated {
   "childNodeCount": 15,
   "nodeId": 17
}
[3.702][DEBUG]: DEVTOOLS EVENT DOM.childNodeCountUpdated {
   "childNodeCount": 14,
   "nodeId": 17
}
[3.702][DEBUG]: DEVTOOLS EVENT DOM.childNodeCountUpdated {
   "childNodeCount": 15,
   "nodeId": 17
}
[3.702][DEBUG]: DEVTOOLS EVENT DOM.childNodeCountUpdated {
   "childNodeCount": 14,
   "nodeId": 17
}
[3.702][DEBUG]: DEVTOOLS EVENT DOM.childNodeCountUpdated {
   "childNodeCount": 15,
   "nodeId": 17
}
[3.702][DEBUG]: DEVTOOLS EVENT DOM.childNodeCountUpdated {
   "childNodeCount": 14,
   "nodeId": 17
}
[3.702][DEBUG]: DEVTOOLS EVENT DOM.childNodeCountUpdated {
   "childNodeCount": 15,
   "nodeId": 17
}
[3.702][DEBUG]: DEVTOOLS EVENT DOM.childNodeCountUpdated {
   "childNodeCount": 14,
   "nodeId": 17
}
[3.718][DEBUG]: DEVTOOLS EVENT DOM.childNodeCountUpdated {
   "childNodeCount": 15,
   "nodeId": 17
}
[3.718][DEBUG]: DEVTOOLS EVENT DOM.childNodeCountUpdated {
   "childNodeCount": 14,
   "nodeId": 17
}
[3.718][DEBUG]: DEVTOOLS EVENT DOM.childNodeCountUpdated {
   "childNodeCount": 15,
   "nodeId": 17
}
[3.718][DEBUG]: DEVTOOLS EVENT DOM.childNodeCountUpdated {
   "childNodeCount": 14,
   "nodeId": 17
}
[3.718][DEBUG]: DEVTOOLS EVENT DOM.childNodeCountUpdated {
   "childNodeCount": 15,
   "nodeId": 17
}
[3.718][DEBUG]: DEVTOOLS EVENT DOM.childNodeCountUpdated {
   "childNodeCount": 14,
   "nodeId": 17
}
[3.718][DEBUG]: DEVTOOLS EVENT DOM.childNodeCountUpdated {
   "childNodeCount": 15,
   "nodeId": 17
}
[3.718][DEBUG]: DEVTOOLS EVENT DOM.childNodeCountUpdated {
   "childNodeCount": 14,
   "nodeId": 17
}
[3.718][DEBUG]: DEVTOOLS EVENT DOM.childNodeCountUpdated {
   "childNodeCount": 15,
   "nodeId": 17
}
[3.718][DEBUG]: DEVTOOLS EVENT DOM.childNodeCountUpdated {
   "childNodeCount": 14,
   "nodeId": 17
}
[3.718][DEBUG]: DEVTOOLS EVENT DOM.childNodeCountUpdated {
   "childNodeCount": 15,
   "nodeId": 17
}
[3.718][DEBUG]: DEVTOOLS EVENT DOM.childNodeCountUpdated {
   "childNodeCount": 14,
   "nodeId": 17
}
[3.718][DEBUG]: DEVTOOLS EVENT DOM.childNodeCountUpdated {
   "childNodeCount": 15,
   "nodeId": 17
}
[3.718][DEBUG]: DEVTOOLS EVENT DOM.childNodeCountUpdated {
   "childNodeCount": 14,
   "nodeId": 17
}
[3.718][DEBUG]: DEVTOOLS EVENT DOM.childNodeCountUpdated {
   "childNodeCount": 15,
   "nodeId": 17
}
[3.718][DEBUG]: DEVTOOLS EVENT DOM.childNodeCountUpdated {
   "childNodeCount": 14,
   "nodeId": 17
}
[3.718][DEBUG]: DEVTOOLS EVENT DOM.childNodeCountUpdated {
   "childNodeCount": 24,
   "nodeId": 16
}
[3.718][DEBUG]: DEVTOOLS EVENT DOM.childNodeCountUpdated {
   "childNodeCount": 25,
   "nodeId": 16
}
[3.718][DEBUG]: DEVTOOLS EVENT DOM.childNodeCountUpdated {
   "childNodeCount": 26,
   "nodeId": 16
}
[3.718][DEBUG]: DEVTOOLS EVENT DOM.childNodeCountUpdated {
   "childNodeCount": 15,
   "nodeId": 17
}
[3.718][DEBUG]: DEVTOOLS EVENT DOM.childNodeCountUpdated {
   "childNodeCount": 14,
   "nodeId": 17
}
[3.718][DEBUG]: DEVTOOLS EVENT Page.domContentEventFired {
   "timestamp": 727.841589
}
[3.718][DEBUG]: DEVTOOLS EVENT Page.lifecycleEvent {
   "frameId": "(9AA75D77988C93DA2A0AE8C5D2319F9E)",
   "name": "DOMContentLoaded",
   "timestamp": 727.841589
}
[3.718][DEBUG]: DEVTOOLS EVENT DOM.documentUpdated {

}
[3.718][DEBUG]: DEVTOOLS COMMAND DOM.getDocument (id=18) {

}
[3.720][DEBUG]: DEVTOOLS EVENT Page.lifecycleEvent {
   "frameId": "(9AA75D77988C93DA2A0AE8C5D2319F9E)",
   "name": "firstPaint",
   "timestamp": 727.345107
}
[3.742][DEBUG]: DEVTOOLS EVENT Page.lifecycleEvent {
   "frameId": "(9AA75D77988C93DA2A0AE8C5D2319F9E)",
   "name": "firstContentfulPaint",
   "timestamp": 727.345109
}
[3.742][DEBUG]: DEVTOOLS EVENT Page.lifecycleEvent {
   "frameId": "(9AA75D77988C93DA2A0AE8C5D2319F9E)",
   "name": "firstTextPaint",
   "timestamp": 727.345111
}
[3.743][DEBUG]: DEVTOOLS EVENT Page.lifecycleEvent {
   "frameId": "(9AA75D77988C93DA2A0AE8C5D2319F9E)",
   "name": "firstImagePaint",
   "timestamp": 727.345112
}
[3.743][DEBUG]: DEVTOOLS EVENT Page.lifecycleEvent {
   "frameId": "(9AA75D77988C93DA2A0AE8C5D2319F9E)",
   "name": "firstMeaningfulPaintCandidate",
   "timestamp": 727.345113
}
[4.001][DEBUG]: DEVTOOLS RESPONSE Runtime.evaluate (id=17) {
   "result": {
      "description": "1",
      "type": "number",
      "value": 1
   }
}
[4.001][DEBUG]: DEVTOOLS RESPONSE DOM.getDocument (id=18) {
   "root": {
      "backendNodeId": 10,
      "baseURL": "https://translate.google.com/#en/es/Theatre",
      "childNodeCount": 2,
      "children": [ {
         "backendNodeId": 11,
         "localName": "",
         "nodeId": 19,
         "nodeName": "html",
         "nodeType": 10,
         "nodeValue": "",
         "parentId": 18,
         "publicId": "",
         "systemId": ""
      }, {
         "attributes": [  ],
         "backendNodeId": 12,
         "childNodeCount": 2,
         "children": [ {
            "attributes": [  ],
            "backendNodeId": 13,
            "childNodeCount": 28,
            "localName": "head",
            "nodeId": 21,
            "nodeName": "HEAD",
            "nodeType": 1,
            "nodeValue": "",
            "parentId": 20
         }, {
            "attributes": [ "dir", "ltr", "onload", "window.jstiming.load['tick']('ol');", "class", "e_md pre-epu" ],
            "backendNodeId": 14,
            "childNodeCount": 14,
            "localName": "body",
            "nodeId": 22,
            "nodeName": "BODY",
            "nodeType": 1,
            "nodeValue": "",
            "parentId": 20
         } ],
         "frameId": "(9AA75D77988C93DA2A0AE8C5D2319F9E)",
         "localName": "html",
         "nodeId": 20,
         "nodeName": "HTML",
         "nodeType": 1,
         "nodeValue": "",
         "parentId": 18
      } ],
      "documentURL": "https://translate.google.com/#en/es/Theatre",
      "localName": "",
      "nodeId": 18,
      "nodeName": "#document",
      "nodeType": 9,
      "nodeValue": "",
      "xmlVersion": ""
   }
}
[4.062][DEBUG]: DEVTOOLS EVENT Page.lifecycleEvent {
   "frameId": "(9AA75D77988C93DA2A0AE8C5D2319F9E)",
   "name": "firstMeaningfulPaintCandidate",
   "timestamp": 728.16236
}
[4.063][DEBUG]: DEVTOOLS COMMAND Runtime.evaluate (id=19) {
   "expression": "1"
}
[4.323][DEBUG]: DEVTOOLS EVENT DOM.childNodeCountUpdated {
   "childNodeCount": 29,
   "nodeId": 21
}
[4.323][DEBUG]: DEVTOOLS EVENT DOM.childNodeCountUpdated {
   "childNodeCount": 15,
   "nodeId": 22
}
[4.323][DEBUG]: DEVTOOLS EVENT DOM.childNodeCountUpdated {
   "childNodeCount": 16,
   "nodeId": 22
}
[4.323][DEBUG]: DEVTOOLS EVENT DOM.childNodeCountUpdated {
   "childNodeCount": 17,
   "nodeId": 22
}
[4.323][DEBUG]: DEVTOOLS EVENT DOM.childNodeCountUpdated {
   "childNodeCount": 18,
   "nodeId": 22
}
[4.323][DEBUG]: DEVTOOLS EVENT DOM.childNodeCountUpdated {
   "childNodeCount": 19,
   "nodeId": 22
}
[4.323][DEBUG]: DEVTOOLS EVENT DOM.childNodeCountUpdated {
   "childNodeCount": 30,
   "nodeId": 21
}
[4.324][DEBUG]: DEVTOOLS EVENT DOM.childNodeCountUpdated {
   "childNodeCount": 20,
   "nodeId": 22
}
[4.324][DEBUG]: DEVTOOLS EVENT DOM.childNodeCountUpdated {
   "childNodeCount": 21,
   "nodeId": 22
}
[4.324][DEBUG]: DEVTOOLS EVENT DOM.childNodeCountUpdated {
   "childNodeCount": 20,
   "nodeId": 22
}
[4.324][DEBUG]: DEVTOOLS EVENT DOM.childNodeCountUpdated {
   "childNodeCount": 19,
   "nodeId": 22
}
[4.324][DEBUG]: DEVTOOLS EVENT DOM.childNodeCountUpdated {
   "childNodeCount": 20,
   "nodeId": 22
}
[4.324][DEBUG]: DEVTOOLS EVENT DOM.childNodeCountUpdated {
   "childNodeCount": 31,
   "nodeId": 21
}
[4.324][DEBUG]: DEVTOOLS EVENT DOM.childNodeCountUpdated {
   "childNodeCount": 32,
   "nodeId": 21
}
[4.324][DEBUG]: DEVTOOLS RESPONSE Runtime.evaluate (id=19) {
   "result": {
      "description": "1",
      "type": "number",
      "value": 1
   }
}
[4.420][DEBUG]: DEVTOOLS EVENT DOM.childNodeCountUpdated {
   "childNodeCount": 21,
   "nodeId": 22
}
[4.420][DEBUG]: DEVTOOLS COMMAND Runtime.evaluate (id=20) {
   "expression": "1"
}
[4.454][DEBUG]: DEVTOOLS RESPONSE Runtime.evaluate (id=20) {
   "result": {
      "description": "1",
      "type": "number",
      "value": 1
   }
}
[4.548][DEBUG]: DEVTOOLS EVENT Runtime.exceptionThrown {
   "exceptionDetails": {
      "columnNumber": 474,
      "exception": {
         "className": "TypeError",
         "description": "TypeError: Cannot convert undefined or null to object\n    at Image.b.onload.b.onerror (https://translate.google.com/translate/releases/twsfe_w_20180827_RC01/r/js/desktop_module_main.js:839:475)",
         "objectId": "{\"injectedScriptId\":3,\"id\":1}",
         "preview": {
            "description": "TypeError: Cannot convert undefined or null to object\n    at Image.b.onload.b.onerror (https://translate.google.com/translate/releases/twsfe_w_20180827_RC01/r/js/desktop_module_main.js:839:475)",
            "overflow": false,
            "properties": [ {
               "name": "stack",
               "type": "string",
               "value": "TypeError: Cannot convert undefined or null to obj…0180827_RC01/r/js/desktop_module_main.js:839:475)"
            }, {
               "name": "message",
               "type": "string",
               "value": "Cannot convert undefined or null to object"
            } ],
            "subtype": "error",
            "type": "object"
         },
         "subtype": "error",
         "type": "object"
      },
      "exceptionId": 1,
      "executionContextId": 3,
      "lineNumber": 838,
      "stackTrace": {
         "callFrames": [ {
            "columnNumber": 474,
            "functionName": "b.onload.b.onerror",
            "lineNumber": 838,
            "scriptId": "50",
            "url": "https://translate.google.com/translate/releases/twsfe_w_20180827_RC01/r/js/desktop_module_main.js"
         } ]
      },
      "text": "Uncaught",
      "url": "https://translate.google.com/translate/releases/twsfe_w_20180827_RC01/r/js/desktop_module_main.js"
   },
   "timestamp": 1535700856825.761
}
[4.548][DEBUG]: DEVTOOLS COMMAND Runtime.evaluate (id=21) {
   "expression": "1"
}
[4.550][DEBUG]: DEVTOOLS RESPONSE Runtime.evaluate (id=21) {
   "result": {
      "description": "1",
      "type": "number",
      "value": 1
   }
}
[4.571][DEBUG]: DEVTOOLS EVENT Page.loadEventFired {
   "timestamp": 728.709039
}
[4.571][DEBUG]: DEVTOOLS COMMAND Runtime.evaluate (id=22) {
   "expression": "1"
}
[4.571][DEBUG]: DEVTOOLS EVENT Page.lifecycleEvent {
   "frameId": "(9AA75D77988C93DA2A0AE8C5D2319F9E)",
   "name": "load",
   "timestamp": 728.709039
}
[4.571][DEBUG]: DEVTOOLS EVENT Page.frameStoppedLoading {
   "frameId": "(9AA75D77988C93DA2A0AE8C5D2319F9E)"
}
[4.572][DEBUG]: DEVTOOLS RESPONSE Runtime.evaluate (id=22) {
   "result": {
      "description": "1",
      "type": "number",
      "value": 1
   }
}
[4.572][INFO]: Done waiting for pending navigations. Status: ok
[4.572][INFO]: RESPONSE Navigate
[4.590][INFO]: COMMAND FindElements {
   "using": "css selector",
   "value": "#gt-src-c"
}
[4.590][INFO]: Waiting for pending navigations...
[4.590][DEBUG]: DEVTOOLS COMMAND Runtime.evaluate (id=23) {
   "expression": "1"
}
[4.594][DEBUG]: DEVTOOLS RESPONSE Runtime.evaluate (id=23) {
   "result": {
      "description": "1",
      "type": "number",
      "value": 1
   }
}
[4.594][INFO]: Done waiting for pending navigations. Status: ok
[4.597][DEBUG]: DEVTOOLS COMMAND Runtime.evaluate (id=24) {
   "expression": "(function() { // Copyright (c) 2012 The Chromium Authors. All rights reserved.\n// Use of this source code is governed by a BSD-style license that can be\n// found in the LICENSE file.\n\n/**\n * Enum f...",
   "returnByValue": true
}
[4.618][DEBUG]: DEVTOOLS RESPONSE Runtime.evaluate (id=24) {
   "result": {
      "type": "object",
      "value": {
         "status": 0,
         "value": [ {
            "ELEMENT": "0.06560169759603562-1"
         } ]
      }
   }
}
[4.618][INFO]: Waiting for pending navigations...
[4.618][DEBUG]: DEVTOOLS COMMAND Runtime.evaluate (id=25) {
   "expression": "1"
}
[4.618][DEBUG]: DEVTOOLS RESPONSE Runtime.evaluate (id=25) {
   "result": {
      "description": "1",
      "type": "number",
      "value": 1
   }
}
[4.618][INFO]: Done waiting for pending navigations. Status: ok
[4.618][INFO]: RESPONSE FindElements [ {
   "ELEMENT": "0.06560169759603562-1"
} ]
[4.627][INFO]: COMMAND IsElementDisplayed {
   "id": "0.06560169759603562-1"
}
[4.627][INFO]: Waiting for pending navigations...
[4.627][DEBUG]: DEVTOOLS COMMAND Runtime.evaluate (id=26) {
   "expression": "1"
}
[4.627][DEBUG]: DEVTOOLS RESPONSE Runtime.evaluate (id=26) {
   "result": {
      "description": "1",
      "type": "number",
      "value": 1
   }
}
[4.627][INFO]: Done waiting for pending navigations. Status: ok
[4.629][DEBUG]: DEVTOOLS COMMAND Runtime.evaluate (id=27) {
   "expression": "(function() { // Copyright (c) 2012 The Chromium Authors. All rights reserved.\n// Use of this source code is governed by a BSD-style license that can be\n// found in the LICENSE file.\n\n/**\n * Enum f...",
   "returnByValue": true
}
[4.654][DEBUG]: DEVTOOLS RESPONSE Runtime.evaluate (id=27) {
   "result": {
      "type": "object",
      "value": {
         "status": 0,
         "value": true
      }
   }
}
[4.654][INFO]: Waiting for pending navigations...
[4.654][DEBUG]: DEVTOOLS COMMAND Runtime.evaluate (id=28) {
   "expression": "1"
}
[4.662][DEBUG]: DEVTOOLS RESPONSE Runtime.evaluate (id=28) {
   "result": {
      "description": "1",
      "type": "number",
      "value": 1
   }
}
[4.662][INFO]: Done waiting for pending navigations. Status: ok
[4.662][INFO]: RESPONSE IsElementDisplayed true
[4.668][INFO]: COMMAND FindChildElements {
   "id": "0.06560169759603562-1",
   "using": "css selector",
   "value": "textarea#source"
}
[4.668][INFO]: Waiting for pending navigations...
[4.668][DEBUG]: DEVTOOLS COMMAND Runtime.evaluate (id=29) {
   "expression": "1"
}
[4.678][DEBUG]: DEVTOOLS RESPONSE Runtime.evaluate (id=29) {
   "result": {
      "description": "1",
      "type": "number",
      "value": 1
   }
}
[4.678][INFO]: Done waiting for pending navigations. Status: ok
[4.681][DEBUG]: DEVTOOLS COMMAND Runtime.evaluate (id=30) {
   "expression": "(function() { // Copyright (c) 2012 The Chromium Authors. All rights reserved.\n// Use of this source code is governed by a BSD-style license that can be\n// found in the LICENSE file.\n\n/**\n * Enum f...",
   "returnByValue": true
}
[4.705][DEBUG]: DEVTOOLS RESPONSE Runtime.evaluate (id=30) {
   "result": {
      "type": "object",
      "value": {
         "status": 0,
         "value": [ {
            "ELEMENT": "0.06560169759603562-2"
         } ]
      }
   }
}
[4.705][INFO]: Waiting for pending navigations...
[4.705][DEBUG]: DEVTOOLS COMMAND Runtime.evaluate (id=31) {
   "expression": "1"
}
[4.706][DEBUG]: DEVTOOLS RESPONSE Runtime.evaluate (id=31) {
   "result": {
      "description": "1",
      "type": "number",
      "value": 1
   }
}
[4.706][INFO]: Done waiting for pending navigations. Status: ok
[4.706][INFO]: RESPONSE FindChildElements [ {
   "ELEMENT": "0.06560169759603562-2"
} ]
[4.719][INFO]: COMMAND IsElementDisplayed {
   "id": "0.06560169759603562-2"
}
[4.719][INFO]: Waiting for pending navigations...
[4.719][DEBUG]: DEVTOOLS COMMAND Runtime.evaluate (id=32) {
   "expression": "1"
}
[4.721][DEBUG]: DEVTOOLS RESPONSE Runtime.evaluate (id=32) {
   "result": {
      "description": "1",
      "type": "number",
      "value": 1
   }
}
[4.721][INFO]: Done waiting for pending navigations. Status: ok
[4.724][DEBUG]: DEVTOOLS COMMAND Runtime.evaluate (id=33) {
   "expression": "(function() { // Copyright (c) 2012 The Chromium Authors. All rights reserved.\n// Use of this source code is governed by a BSD-style license that can be\n// found in the LICENSE file.\n\n/**\n * Enum f...",
   "returnByValue": true
}
[4.744][DEBUG]: DEVTOOLS RESPONSE Runtime.evaluate (id=33) {
   "result": {
      "type": "object",
      "value": {
         "status": 0,
         "value": true
      }
   }
}
[4.744][INFO]: Waiting for pending navigations...
[4.744][DEBUG]: DEVTOOLS COMMAND Runtime.evaluate (id=34) {
   "expression": "1"
}
[4.745][DEBUG]: DEVTOOLS RESPONSE Runtime.evaluate (id=34) {
   "result": {
      "description": "1",
      "type": "number",
      "value": 1
   }
}
[4.745][INFO]: Done waiting for pending navigations. Status: ok
[4.745][INFO]: RESPONSE IsElementDisplayed true
[4.749][INFO]: COMMAND ClearElement {
   "id": "0.06560169759603562-2"
}
[4.749][INFO]: Waiting for pending navigations...
[4.750][DEBUG]: DEVTOOLS COMMAND Runtime.evaluate (id=35) {
   "expression": "1"
}
[4.750][DEBUG]: DEVTOOLS RESPONSE Runtime.evaluate (id=35) {
   "result": {
      "description": "1",
      "type": "number",
      "value": 1
   }
}
[4.750][INFO]: Done waiting for pending navigations. Status: ok
[4.753][DEBUG]: DEVTOOLS COMMAND Runtime.evaluate (id=36) {
   "expression": "(function() { // Copyright (c) 2012 The Chromium Authors. All rights reserved.\n// Use of this source code is governed by a BSD-style license that can be\n// found in the LICENSE file.\n\n/**\n * Enum f...",
   "returnByValue": true
}
[4.787][DEBUG]: DEVTOOLS RESPONSE Runtime.evaluate (id=36) {
   "result": {
      "type": "object",
      "value": {
         "status": 0,
         "value": null
      }
   }
}
[4.787][INFO]: Waiting for pending navigations...
[4.787][DEBUG]: DEVTOOLS COMMAND Runtime.evaluate (id=37) {
   "expression": "1"
}
[4.791][DEBUG]: DEVTOOLS RESPONSE Runtime.evaluate (id=37) {
   "result": {
      "description": "1",
      "type": "number",
      "value": 1
   }
}
[4.791][INFO]: Done waiting for pending navigations. Status: ok
[4.791][INFO]: RESPONSE ClearElement
[4.799][INFO]: COMMAND TypeElement {
   "id": "0.06560169759603562-2",
   "text": "12345",
   "value": [ "1", "2", "3", "4", "5" ]
}
[4.799][INFO]: Waiting for pending navigations...
[4.799][DEBUG]: DEVTOOLS COMMAND Runtime.evaluate (id=38) {
   "expression": "1"
}
[4.800][DEBUG]: DEVTOOLS RESPONSE Runtime.evaluate (id=38) {
   "result": {
      "description": "1",
      "type": "number",
      "value": 1
   }
}
[4.800][INFO]: Done waiting for pending navigations. Status: ok
[4.801][DEBUG]: DEVTOOLS COMMAND Runtime.evaluate (id=39) {
   "expression": "(function() { // Copyright (c) 2012 The Chromium Authors. All rights reserved.\n// Use of this source code is governed by a BSD-style license that can be\n// found in the LICENSE file.\n\n/**\n * Enum f...",
   "returnByValue": true
}
[4.805][DEBUG]: DEVTOOLS RESPONSE Runtime.evaluate (id=39) {
   "result": {
      "type": "object",
      "value": {
         "status": 0,
         "value": "TEXTAREA"
      }
   }
}
[4.805][DEBUG]: DEVTOOLS COMMAND Runtime.evaluate (id=40) {
   "expression": "(function() { // Copyright (c) 2012 The Chromium Authors. All rights reserved.\n// Use of this source code is governed by a BSD-style license that can be\n// found in the LICENSE file.\n\n/**\n * Enum f...",
   "returnByValue": true
}
[4.809][DEBUG]: DEVTOOLS RESPONSE Runtime.evaluate (id=40) {
   "result": {
      "type": "object",
      "value": {
         "status": 0,
         "value": "textarea"
      }
   }
}
[4.819][DEBUG]: DEVTOOLS COMMAND Runtime.evaluate (id=41) {
   "expression": "(function() { // Copyright (c) 2012 The Chromium Authors. All rights reserved.\n// Use of this source code is governed by a BSD-style license that can be\n// found in the LICENSE file.\n\n/**\n * Enum f...",
   "returnByValue": true
}
[4.846][DEBUG]: DEVTOOLS RESPONSE Runtime.evaluate (id=41) {
   "result": {
      "type": "object",
      "value": {
         "status": 0,
         "value": true
      }
   }
}
[4.848][DEBUG]: DEVTOOLS COMMAND Runtime.evaluate (id=42) {
   "expression": "(function() { // Copyright (c) 2012 The Chromium Authors. All rights reserved.\n// Use of this source code is governed by a BSD-style license that can be\n// found in the LICENSE file.\n\n/**\n * Enum f...",
   "returnByValue": true
}
[4.858][DEBUG]: DEVTOOLS EVENT Page.lifecycleEvent {
   "frameId": "(9AA75D77988C93DA2A0AE8C5D2319F9E)",
   "name": "firstMeaningfulPaint",
   "timestamp": 728.16236
}
[4.878][DEBUG]: DEVTOOLS RESPONSE Runtime.evaluate (id=42) {
   "result": {
      "type": "object",
      "value": {
         "status": 0,
         "value": true
      }
   }
}
[4.879][DEBUG]: DEVTOOLS COMMAND Runtime.evaluate (id=43) {
   "expression": "(function() { // Copyright (c) 2012 The Chromium Authors. All rights reserved.\n// Use of this source code is governed by a BSD-style license that can be\n// found in the LICENSE file.\n\n/**\n * Enum f...",
   "returnByValue": true
}
[4.881][DEBUG]: DEVTOOLS RESPONSE Runtime.evaluate (id=43) {
   "result": {
      "type": "object",
      "value": {
         "status": 0,
         "value": null
      }
   }
}
[4.883][DEBUG]: DEVTOOLS COMMAND Input.dispatchKeyEvent (id=44) {
   "code": "Digit1",
   "key": "1",
   "modifiers": 0,
   "text": "1",
   "type": "rawKeyDown",
   "unmodifiedText": "1",
   "windowsVirtualKeyCode": 49
}
[4.900][DEBUG]: DEVTOOLS RESPONSE Input.dispatchKeyEvent (id=44) {

}
[4.900][DEBUG]: DEVTOOLS COMMAND Input.dispatchKeyEvent (id=45) {
   "code": "Digit1",
   "key": "1",
   "modifiers": 0,
   "text": "1",
   "type": "char",
   "unmodifiedText": "1",
   "windowsVirtualKeyCode": 49
}
[4.904][DEBUG]: DEVTOOLS RESPONSE Input.dispatchKeyEvent (id=45) {

}
[4.904][DEBUG]: DEVTOOLS COMMAND Input.dispatchKeyEvent (id=46) {
   "code": "Digit1",
   "key": "1",
   "modifiers": 0,
   "text": "1",
   "type": "keyUp",
   "unmodifiedText": "1",
   "windowsVirtualKeyCode": 49
}
[4.921][DEBUG]: DEVTOOLS RESPONSE Input.dispatchKeyEvent (id=46) {

}
[4.921][DEBUG]: DEVTOOLS COMMAND Input.dispatchKeyEvent (id=47) {
   "code": "Digit2",
   "key": "2",
   "modifiers": 0,
   "text": "2",
   "type": "rawKeyDown",
   "unmodifiedText": "2",
   "windowsVirtualKeyCode": 50
}
[4.924][DEBUG]: DEVTOOLS RESPONSE Input.dispatchKeyEvent (id=47) {

}
[4.924][DEBUG]: DEVTOOLS COMMAND Input.dispatchKeyEvent (id=48) {
   "code": "Digit2",
   "key": "2",
   "modifiers": 0,
   "text": "2",
   "type": "char",
   "unmodifiedText": "2",
   "windowsVirtualKeyCode": 50
}
[4.926][DEBUG]: DEVTOOLS EVENT DOM.childNodeCountUpdated {
   "childNodeCount": 33,
   "nodeId": 21
}
[4.938][DEBUG]: DEVTOOLS RESPONSE Input.dispatchKeyEvent (id=48) {

}
[4.938][DEBUG]: DEVTOOLS COMMAND Input.dispatchKeyEvent (id=49) {
   "code": "Digit2",
   "key": "2",
   "modifiers": 0,
   "text": "2",
   "type": "keyUp",
   "unmodifiedText": "2",
   "windowsVirtualKeyCode": 50
}
[4.958][DEBUG]: DEVTOOLS RESPONSE Input.dispatchKeyEvent (id=49) {

}
[4.958][DEBUG]: DEVTOOLS COMMAND Input.dispatchKeyEvent (id=50) {
   "code": "Digit3",
   "key": "3",
   "modifiers": 0,
   "text": "3",
   "type": "rawKeyDown",
   "unmodifiedText": "3",
   "windowsVirtualKeyCode": 51
}
[4.959][DEBUG]: DEVTOOLS EVENT DOM.childNodeCountUpdated {
   "childNodeCount": 32,
   "nodeId": 21
}
[4.959][DEBUG]: DEVTOOLS RESPONSE Input.dispatchKeyEvent (id=50) {

}
[4.959][DEBUG]: DEVTOOLS COMMAND Input.dispatchKeyEvent (id=51) {
   "code": "Digit3",
   "key": "3",
   "modifiers": 0,
   "text": "3",
   "type": "char",
   "unmodifiedText": "3",
   "windowsVirtualKeyCode": 51
}
[4.962][DEBUG]: DEVTOOLS RESPONSE Input.dispatchKeyEvent (id=51) {

}
[4.962][DEBUG]: DEVTOOLS COMMAND Input.dispatchKeyEvent (id=52) {
   "code": "Digit3",
   "key": "3",
   "modifiers": 0,
   "text": "3",
   "type": "keyUp",
   "unmodifiedText": "3",
   "windowsVirtualKeyCode": 51
}
[4.964][DEBUG]: DEVTOOLS RESPONSE Input.dispatchKeyEvent (id=52) {

}
[4.964][DEBUG]: DEVTOOLS COMMAND Input.dispatchKeyEvent (id=53) {
   "code": "Digit4",
   "key": "4",
   "modifiers": 0,
   "text": "4",
   "type": "rawKeyDown",
   "unmodifiedText": "4",
   "windowsVirtualKeyCode": 52
}
[4.966][DEBUG]: DEVTOOLS RESPONSE Input.dispatchKeyEvent (id=53) {

}
[4.966][DEBUG]: DEVTOOLS COMMAND Input.dispatchKeyEvent (id=54) {
   "code": "Digit4",
   "key": "4",
   "modifiers": 0,
   "text": "4",
   "type": "char",
   "unmodifiedText": "4",
   "windowsVirtualKeyCode": 52
}
[4.968][DEBUG]: DEVTOOLS RESPONSE Input.dispatchKeyEvent (id=54) {

}
[4.968][DEBUG]: DEVTOOLS COMMAND Input.dispatchKeyEvent (id=55) {
   "code": "Digit4",
   "key": "4",
   "modifiers": 0,
   "text": "4",
   "type": "keyUp",
   "unmodifiedText": "4",
   "windowsVirtualKeyCode": 52
}
[4.969][DEBUG]: DEVTOOLS RESPONSE Input.dispatchKeyEvent (id=55) {

}
[4.969][DEBUG]: DEVTOOLS COMMAND Input.dispatchKeyEvent (id=56) {
   "code": "Digit5",
   "key": "5",
   "modifiers": 0,
   "text": "5",
   "type": "rawKeyDown",
   "unmodifiedText": "5",
   "windowsVirtualKeyCode": 53
}
[4.978][DEBUG]: DEVTOOLS RESPONSE Input.dispatchKeyEvent (id=56) {

}
[4.978][DEBUG]: DEVTOOLS COMMAND Input.dispatchKeyEvent (id=57) {
   "code": "Digit5",
   "key": "5",
   "modifiers": 0,
   "text": "5",
   "type": "char",
   "unmodifiedText": "5",
   "windowsVirtualKeyCode": 53
}
[4.997][DEBUG]: DEVTOOLS RESPONSE Input.dispatchKeyEvent (id=57) {

}
[4.997][DEBUG]: DEVTOOLS COMMAND Input.dispatchKeyEvent (id=58) {
   "code": "Digit5",
   "key": "5",
   "modifiers": 0,
   "text": "5",
   "type": "keyUp",
   "unmodifiedText": "5",
   "windowsVirtualKeyCode": 53
}
[5.004][DEBUG]: DEVTOOLS RESPONSE Input.dispatchKeyEvent (id=58) {

}
[5.004][INFO]: Waiting for pending navigations...
[5.004][DEBUG]: DEVTOOLS COMMAND Runtime.evaluate (id=59) {
   "expression": "1"
}
[5.004][DEBUG]: DEVTOOLS RESPONSE Runtime.evaluate (id=59) {
   "result": {
      "description": "1",
      "type": "number",
      "value": 1
   }
}
[5.004][INFO]: Done waiting for pending navigations. Status: ok
[5.004][INFO]: RESPONSE TypeElement
[5.020][INFO]: COMMAND Screenshot {

}
[5.020][INFO]: Waiting for pending navigations...
[5.020][DEBUG]: DEVTOOLS COMMAND Runtime.evaluate (id=60) {
   "expression": "1"
}
[5.020][DEBUG]: DEVTOOLS RESPONSE Runtime.evaluate (id=60) {
   "result": {
      "description": "1",
      "type": "number",
      "value": 1
   }
}
[5.020][INFO]: Done waiting for pending navigations. Status: ok
[5.020][DEBUG]: DevTools request: http://localhost:12229/json/activate/(9AA75D77988C93DA2A0AE8C5D2319F9E)
[5.021][DEBUG]: DevTools response: Target activated
[5.021][DEBUG]: DEVTOOLS COMMAND Page.captureScreenshot (id=61) {

}
[5.274][DEBUG]: DEVTOOLS RESPONSE Page.captureScreenshot (id=61) {
   "data": "iVBORw0KGgoAAAANSUhEUgAABVYAAAO+CAYAAADv/k7HAAAgAElEQVR4nOzdeXxU1f3/8fes2Rf2XQn7voiAClZBSwXEIlKlFkHctSp1qf5EQWzVVtzKVyugIIoiKGWRgFQU4sIaEQ07FAhCCFsI2QayzdzfHzFDJutMSDIT8nr64GHuveee8zl3JpmTT84915Sen..."
}
[5.274][INFO]: Waiting for pending navigations...
[5.274][DEBUG]: DEVTOOLS EVENT DOM.childNodeCountUpdated {
   "childNodeCount": 33,
   "nodeId": 21
}
[5.274][DEBUG]: DEVTOOLS COMMAND Runtime.evaluate (id=62) {
   "expression": "1"
}
[5.278][DEBUG]: DEVTOOLS EVENT DOM.childNodeCountUpdated {
   "childNodeCount": 32,
   "nodeId": 21
}
[5.289][DEBUG]: DEVTOOLS RESPONSE Runtime.evaluate (id=62) {
   "result": {
      "description": "1",
      "type": "number",
      "value": 1
   }
}
[5.289][INFO]: Done waiting for pending navigations. Status: ok
[5.289][INFO]: RESPONSE Screenshot "iVBORw0KGgoAAAANSUhEUgAABVYAAAO+CAYAAADv/k7HAAAgAElEQVR4nOzdeXxU1f3/8fes2Rf2XQn7voiAClZBSwXEIlKlFkHctSp1qf5EQWzVVtzKVyugIIoiKGWRgFQU4sIaEQ07FAhCCFsI2QayzdzfHzFDJutMSDIT8nr64GHuveee8zl3JpmTT84915Sen..."
[5.698][INFO]: COMMAND Quit {

}
[5.748][INFO]: RESPONSE Quit
[5.748][DEBUG]: Log type 'driver' lost 0 entries on destruction
[5.748][DEBUG]: Log type 'browser' lost 1 entries on destruction
