[147:147:0831/073417.461384:VERBOSE1:breakpad_linux.cc(1980)] Breakpad disabled
[147:152:0831/073417.531107:ERROR:bus.cc(395)] Failed to connect to the bus: Failed to connect to socket /var/run/dbus/system_bus_socket: No such file or directory
[147:147:0831/073417.578674:VERBOSE1:pref_proxy_config_tracker_impl.cc(154)] 0x1807f80b6580: set chrome proxy config service to 0x1807f8190000
[147:147:0831/073417.581937:VERBOSE1:pulse_stubs.cc(683)] dlopen(libpulse.so.0) failed, dlerror() says:
libpulse.so.0: cannot open shared object file: No such file or directory
[147:147:0831/073417.581976:VERBOSE1:pulse_util.cc(106)] Failed on loading the Pulse library and symbols
[147:147:0831/073417.626109:VERBOSE1:mutable_profile_oauth2_token_service_delegate.cc(162)] MutablePO2TS::MutablePO2TS
[147:147:0831/073417.626221:VERBOSE1:device_event_log_impl.cc(158)] [07:34:17.626] Bluetooth: EVENT: bluetooth_api.cc:68 BluetoothAPI: 0x1807f822a000
[147:147:0831/073417.628423:VERBOSE1:bluetooth_low_energy_event_router.cc(248)] Initializing BluetoothLowEnergyEventRouter.
[147:147:0831/073417.710984:VERBOSE1:pref_proxy_config_tracker_impl.cc(154)] 0x1807f8324000: set chrome proxy config service to 0x1807f820a300
[147:147:0831/073417.736032:VERBOSE1:extension_service.cc(1403)] AddComponentExtension Cloud Print
[147:147:0831/073417.736051:VERBOSE1:extension_service.cc(1405)] Component extension Cloud Print (mfehgcgbbipciphmccgaenjidiccnmng) installing/upgrading from '' to 0.1
[147:147:0831/073417.737205:VERBOSE1:extension_service.cc(1403)] AddComponentExtension Web Store
[147:147:0831/073417.737223:VERBOSE1:extension_service.cc(1405)] Component extension Web Store (ahfgeienlihckogmohjhadlkjgocpleb) installing/upgrading from '' to 0.2
[147:147:0831/073417.748210:VERBOSE1:extension_service.cc(1403)] AddComponentExtension Chromium PDF Viewer
[147:147:0831/073417.748230:VERBOSE1:extension_service.cc(1405)] Component extension Chromium PDF Viewer (mhjfbmdgcfjbbpaeojofohoefgiehjai) installing/upgrading from '' to 1
[147:147:0831/073417.756484:VERBOSE1:account_reconcilor.cc(88)] AccountReconcilor::AccountReconcilor
[147:147:0831/073417.756502:VERBOSE1:account_reconcilor.cc(99)] AccountReconcilor::Initialize
[147:158:0831/073417.767203:VERBOSE1:component_installer.cc(244)] StartRegistration for Signed Tree Heads
[147:158:0831/073417.767343:VERBOSE1:component_installer.cc(244)] StartRegistration for Origin Trials
[147:147:0831/073417.767436:VERBOSE1:file_type_policies_component_installer.cc(129)] Registering File Type Policies component.
[147:158:0831/073417.767533:VERBOSE1:component_installer.cc(244)] StartRegistration for File Type Policies
[147:158:0831/073417.767645:VERBOSE1:component_installer.cc(244)] StartRegistration for SSL Error Assistant
[147:147:0831/073417.810678:WARNING:password_store_factory.cc(241)] Using basic (unencrypted) store for password storage. See https://chromium.googlesource.com/chromium/src/+/master/docs/linux_password_storage.md for more information about password storage options.
[147:147:0831/073417.865104:VERBOSE1:bluez_dbus_manager.cc(172)] Bluetooth not supported.
[147:147:0831/073417.869210:VERBOSE1:component_updater_service.cc(91)] CrxUpdateService starting up. First update attempt will take place in 360 seconds. Next update attempt will take place in 18000 seconds. 
[147:147:0831/073417.869235:VERBOSE1:component_installer.cc(378)] FinishRegistration for Signed Tree Heads
[147:147:0831/073417.869263:VERBOSE1:component_installer.cc(378)] FinishRegistration for Origin Trials
[147:147:0831/073417.869283:VERBOSE1:component_installer.cc(378)] FinishRegistration for File Type Policies
[147:147:0831/073417.869307:VERBOSE1:component_installer.cc(378)] FinishRegistration for SSL Error Assistant
[147:188:0831/073417.925101:WARNING:histograms.cc(40)] Started multiple compositor clients (Browser, Renderer) in one process. Some metrics will be disabled.
[147:170:0831/073418.172454:VERBOSE1:multi_log_ct_verifier.cc(75)] Adding CT log: Google 'Aviator' log
[147:170:0831/073418.172478:VERBOSE1:multi_log_ct_verifier.cc(75)] Adding CT log: Google 'Icarus' log
[147:170:0831/073418.172494:VERBOSE1:multi_log_ct_verifier.cc(75)] Adding CT log: Google 'Pilot' log
[147:170:0831/073418.172503:VERBOSE1:multi_log_ct_verifier.cc(75)] Adding CT log: Google 'Rocketeer' log
[147:170:0831/073418.172511:VERBOSE1:multi_log_ct_verifier.cc(75)] Adding CT log: Google 'Skydiver' log
[147:170:0831/073418.172519:VERBOSE1:multi_log_ct_verifier.cc(75)] Adding CT log: DigiCert Log Server
[147:170:0831/073418.172527:VERBOSE1:multi_log_ct_verifier.cc(75)] Adding CT log: DigiCert Log Server 2
[147:170:0831/073418.172536:VERBOSE1:multi_log_ct_verifier.cc(75)] Adding CT log: Symantec log
[147:170:0831/073418.172544:VERBOSE1:multi_log_ct_verifier.cc(75)] Adding CT log: Symantec 'Vega' log
[147:170:0831/073418.176596:VERBOSE1:multi_log_ct_verifier.cc(75)] Adding CT log: Symantec 'Sirius' log
[147:170:0831/073418.176613:VERBOSE1:multi_log_ct_verifier.cc(75)] Adding CT log: WoSign log
[147:170:0831/073418.176621:VERBOSE1:multi_log_ct_verifier.cc(75)] Adding CT log: Venafi Gen2 CT log
[147:170:0831/073418.176626:VERBOSE1:multi_log_ct_verifier.cc(75)] Adding CT log: CNNIC CT log
[147:170:0831/073418.176631:VERBOSE1:multi_log_ct_verifier.cc(75)] Adding CT log: StartCom log
[147:170:0831/073418.176635:VERBOSE1:multi_log_ct_verifier.cc(75)] Adding CT log: Comodo 'Sabre' CT log
[147:170:0831/073418.176642:VERBOSE1:multi_log_ct_verifier.cc(75)] Adding CT log: Comodo 'Mammoth' CT log
[147:170:0831/073418.176647:VERBOSE1:multi_log_ct_verifier.cc(75)] Adding CT log: Izenpe log
[147:170:0831/073418.176652:VERBOSE1:multi_log_ct_verifier.cc(75)] Adding CT log: Venafi log
[147:170:0831/073418.176656:VERBOSE1:multi_log_ct_verifier.cc(75)] Adding CT log: Certly.IO log
[147:170:0831/073418.176665:ERROR:io_thread.cc(730)] Cannot use V8 Proxy resolver in single process mode.
[147:170:0831/073418.176777:VERBOSE1:proxy_service.cc(958)] PAC support disabled because there is no system implementation
[147:170:0831/073418.177838:ERROR:io_thread.cc(730)] Cannot use V8 Proxy resolver in single process mode.
[147:170:0831/073418.177861:VERBOSE1:multi_log_ct_verifier.cc(75)] Adding CT log: Google 'Aviator' log
[147:170:0831/073418.177870:VERBOSE1:multi_log_ct_verifier.cc(75)] Adding CT log: Google 'Icarus' log
[147:170:0831/073418.177878:VERBOSE1:multi_log_ct_verifier.cc(75)] Adding CT log: Google 'Pilot' log
[147:170:0831/073418.177886:VERBOSE1:multi_log_ct_verifier.cc(75)] Adding CT log: Google 'Rocketeer' log
[147:170:0831/073418.177892:VERBOSE1:multi_log_ct_verifier.cc(75)] Adding CT log: Google 'Skydiver' log
[147:170:0831/073418.177918:VERBOSE1:multi_log_ct_verifier.cc(75)] Adding CT log: DigiCert Log Server
[147:170:0831/073418.177927:VERBOSE1:multi_log_ct_verifier.cc(75)] Adding CT log: DigiCert Log Server 2
[147:170:0831/073418.177935:VERBOSE1:multi_log_ct_verifier.cc(75)] Adding CT log: Symantec log
[147:170:0831/073418.177943:VERBOSE1:multi_log_ct_verifier.cc(75)] Adding CT log: Symantec 'Vega' log
[147:170:0831/073418.177950:VERBOSE1:multi_log_ct_verifier.cc(75)] Adding CT log: Symantec 'Sirius' log
[147:170:0831/073418.177957:VERBOSE1:multi_log_ct_verifier.cc(75)] Adding CT log: WoSign log
[147:170:0831/073418.177964:VERBOSE1:multi_log_ct_verifier.cc(75)] Adding CT log: Venafi Gen2 CT log
[147:170:0831/073418.177972:VERBOSE1:multi_log_ct_verifier.cc(75)] Adding CT log: CNNIC CT log
[147:170:0831/073418.177979:VERBOSE1:multi_log_ct_verifier.cc(75)] Adding CT log: StartCom log
[147:170:0831/073418.177986:VERBOSE1:multi_log_ct_verifier.cc(75)] Adding CT log: Comodo 'Sabre' CT log
[147:170:0831/073418.177993:VERBOSE1:multi_log_ct_verifier.cc(75)] Adding CT log: Comodo 'Mammoth' CT log
[147:170:0831/073418.178000:VERBOSE1:multi_log_ct_verifier.cc(75)] Adding CT log: Izenpe log
[147:170:0831/073418.178007:VERBOSE1:multi_log_ct_verifier.cc(75)] Adding CT log: Venafi log
[147:170:0831/073418.178013:VERBOSE1:multi_log_ct_verifier.cc(75)] Adding CT log: Certly.IO log
[147:170:0831/073418.178161:VERBOSE1:proxy_service.cc(958)] PAC support disabled because there is no system implementation
[147:170:0831/073418.179733:VERBOSE1:network_delegate.cc(30)] NetworkDelegate::NotifyBeforeURLRequest: https://www.gstatic.com/chrome/intelligence/assist/ranker/models/translate/2017/03/translate_ranker_model_20170329.pb.bin
[147:170:0831/073418.179760:VERBOSE1:network_delegate.cc(30)] NetworkDelegate::NotifyBeforeURLRequest: https://www.gstatic.com/chrome/intelligence/assist/ranker/models/translate/2017/03/translate_ranker_model_20170329.pb.bin
[147:170:0831/073418.253848:VERBOSE1:network_delegate.cc(30)] NetworkDelegate::NotifyBeforeURLRequest: chrome-extension://aapnijgdinlhnhlmodcfapnahmbfebeb/_generated_background_page.html
[147:170:0831/073418.253871:VERBOSE1:network_delegate.cc(30)] NetworkDelegate::NotifyBeforeURLRequest: chrome-extension://aapnijgdinlhnhlmodcfapnahmbfebeb/_generated_background_page.html
[147:170:0831/073418.253883:VERBOSE1:network_delegate.cc(30)] NetworkDelegate::NotifyBeforeURLRequest: chrome-extension://aapnijgdinlhnhlmodcfapnahmbfebeb/_generated_background_page.html
[147:188:0831/073418.262786:VERBOSE1:LocalWindowProxy.cpp(236)] A context is created NOT from snapshot
[147:188:0831/073418.263201:VERBOSE1:script_context.cc(111)] Created context:
  extension id:           (none)
  frame:                  0x8645fe21d18
  URL:                    
  context_type:           WEB_PAGE
  effective extension id: (none)
  effective context type: WEB_PAGE
[147:188:0831/073418.263672:VERBOSE1:script_context.cc(111)] Created context:
  extension id:           (none)
  frame:                  (nil)
  URL:                    
  context_type:           UNSPECIFIED
  effective extension id: (none)
  effective context type: UNSPECIFIED
[147:188:0831/073418.264073:VERBOSE1:dispatcher.cc(366)] Num tracked contexts: 1
[147:170:0831/073418.286468:VERBOSE1:network_delegate.cc(30)] NetworkDelegate::NotifyBeforeURLRequest: chrome-extension://aapnijgdinlhnhlmodcfapnahmbfebeb/background.js
[147:170:0831/073418.286489:VERBOSE1:network_delegate.cc(30)] NetworkDelegate::NotifyBeforeURLRequest: chrome-extension://aapnijgdinlhnhlmodcfapnahmbfebeb/background.js
[147:170:0831/073418.286533:VERBOSE1:network_delegate.cc(30)] NetworkDelegate::NotifyBeforeURLRequest: chrome-extension://aapnijgdinlhnhlmodcfapnahmbfebeb/background.js
[147:188:0831/073418.294473:VERBOSE1:LocalWindowProxy.cpp(236)] A context is created NOT from snapshot
[147:188:0831/073418.294808:VERBOSE1:script_context.cc(111)] Created context:
  extension id:           aapnijgdinlhnhlmodcfapnahmbfebeb
  frame:                  0x8645fe2e920
  URL:                    
  context_type:           BLESSED_EXTENSION
  effective extension id: aapnijgdinlhnhlmodcfapnahmbfebeb
  effective context type: BLESSED_EXTENSION
[147:188:0831/073418.294896:VERBOSE1:script_context.cc(111)] Created context:
  extension id:           (none)
  frame:                  (nil)
  URL:                    
  context_type:           UNSPECIFIED
  effective extension id: (none)
  effective context type: UNSPECIFIED
[147:188:0831/073418.320535:VERBOSE1:dispatcher.cc(366)] Num tracked contexts: 2
[147:188:0831/073418.336270:VERBOSE1:language_detection_util.cc(234)] Detected language: und
[147:170:0831/073419.365319:VERBOSE1:network_delegate.cc(30)] NetworkDelegate::NotifyBeforeURLRequest: https://translate.google.com/#en/es/Development
[147:170:0831/073419.365347:VERBOSE1:network_delegate.cc(30)] NetworkDelegate::NotifyBeforeURLRequest: https://translate.google.com/#en/es/Development
[147:170:0831/073419.365362:VERBOSE1:network_delegate.cc(30)] NetworkDelegate::NotifyBeforeURLRequest: https://translate.google.com/#en/es/Development
[147:198:0831/073419.427676:VERBOSE1:simple_index_file.cc(582)] Simple Cache Index is being restored from disk.
[147:188:0831/073419.515578:VERBOSE1:dispatcher.cc(498)] Num tracked contexts: 1
[147:188:0831/073419.517957:VERBOSE1:LocalWindowProxy.cpp(236)] A context is created NOT from snapshot
[147:188:0831/073419.518164:VERBOSE1:script_context.cc(111)] Created context:
  extension id:           (none)
  frame:                  0x8645fe21d18
  URL:                    
  context_type:           WEB_PAGE
  effective extension id: (none)
  effective context type: WEB_PAGE
[147:188:0831/073419.518217:VERBOSE1:script_context.cc(111)] Created context:
  extension id:           (none)
  frame:                  (nil)
  URL:                    
  context_type:           UNSPECIFIED
  effective extension id: (none)
  effective context type: UNSPECIFIED
[147:188:0831/073419.518592:VERBOSE1:dispatcher.cc(366)] Num tracked contexts: 2
[147:188:0831/073419.519136:VERBOSE1:script_context.cc(120)] Destroyed context for extension
  extension id: 
  effective extension id: 
[147:188:0831/073419.519156:VERBOSE1:script_context.cc(120)] Destroyed context for extension
  extension id: 
  effective extension id: 
[147:170:0831/073419.527510:VERBOSE1:network_delegate.cc(30)] NetworkDelegate::NotifyBeforeURLRequest: https://translate.google.com/translate/releases/twsfe_w_20180827_RC01/r/css/desktop_ltr.css
[147:170:0831/073419.527530:VERBOSE1:network_delegate.cc(30)] NetworkDelegate::NotifyBeforeURLRequest: https://translate.google.com/translate/releases/twsfe_w_20180827_RC01/r/css/desktop_ltr.css
[147:170:0831/073419.527542:VERBOSE1:network_delegate.cc(30)] NetworkDelegate::NotifyBeforeURLRequest: https://translate.google.com/translate/releases/twsfe_w_20180827_RC01/r/css/desktop_ltr.css
[147:170:0831/073419.564794:VERBOSE1:network_delegate.cc(30)] NetworkDelegate::NotifyBeforeURLRequest: https://fonts.googleapis.com/css?family=Roboto:300,400,500,700&lang=en
[147:170:0831/073419.564821:VERBOSE1:network_delegate.cc(30)] NetworkDelegate::NotifyBeforeURLRequest: https://fonts.googleapis.com/css?family=Roboto:300,400,500,700&lang=en
[147:170:0831/073419.564834:VERBOSE1:network_delegate.cc(30)] NetworkDelegate::NotifyBeforeURLRequest: https://fonts.googleapis.com/css?family=Roboto:300,400,500,700&lang=en
[147:170:0831/073419.609134:VERBOSE1:network_delegate.cc(30)] NetworkDelegate::NotifyBeforeURLRequest: https://translate.google.com/translate/releases/twsfe_w_20180827_RC01/r/js/desktop_module_main.js
[147:170:0831/073419.609158:VERBOSE1:network_delegate.cc(30)] NetworkDelegate::NotifyBeforeURLRequest: https://translate.google.com/translate/releases/twsfe_w_20180827_RC01/r/js/desktop_module_main.js
[147:170:0831/073419.609172:VERBOSE1:network_delegate.cc(30)] NetworkDelegate::NotifyBeforeURLRequest: https://translate.google.com/translate/releases/twsfe_w_20180827_RC01/r/js/desktop_module_main.js
[147:170:0831/073419.750669:VERBOSE1:network_delegate.cc(30)] NetworkDelegate::NotifyBeforeURLRequest: https://www.gstatic.com/og/_/js/k=og.og.en_US.ieE30BnAU5c.O/rt=j/m=ld,gl,is,id,nb,nw,sb,sd,p,vd,awd,st,lod,eld,ip,dp,cpd,mud/exm=bt,base,bn,bu,cp,el,lo,sbi,ni,sf,up,dd,aw,iw,if,gi,vi,pi,eq,uc,aswc/d=1/ed=1/rs=AA2YrTvSNFXrJqeu3OybIf_yH6yLm5b6wg
[147:170:0831/073419.750696:VERBOSE1:network_delegate.cc(30)] NetworkDelegate::NotifyBeforeURLRequest: https://www.gstatic.com/og/_/js/k=og.og.en_US.ieE30BnAU5c.O/rt=j/m=ld,gl,is,id,nb,nw,sb,sd,p,vd,awd,st,lod,eld,ip,dp,cpd,mud/exm=bt,base,bn,bu,cp,el,lo,sbi,ni,sf,up,dd,aw,iw,if,gi,vi,pi,eq,uc,aswc/d=1/ed=1/rs=AA2YrTvSNFXrJqeu3OybIf_yH6yLm5b6wg
[147:170:0831/073419.750711:VERBOSE1:network_delegate.cc(30)] NetworkDelegate::NotifyBeforeURLRequest: https://www.gstatic.com/og/_/js/k=og.og.en_US.ieE30BnAU5c.O/rt=j/m=ld,gl,is,id,nb,nw,sb,sd,p,vd,awd,st,lod,eld,ip,dp,cpd,mud/exm=bt,base,bn,bu,cp,el,lo,sbi,ni,sf,up,dd,aw,iw,if,gi,vi,pi,eq,uc,aswc/d=1/ed=1/rs=AA2YrTvSNFXrJqeu3OybIf_yH6yLm5b6wg
[147:170:0831/073419.770254:VERBOSE1:network_delegate.cc(30)] NetworkDelegate::NotifyBeforeURLRequest: https://www.google-analytics.com/analytics.js
[147:170:0831/073419.770275:VERBOSE1:network_delegate.cc(30)] NetworkDelegate::NotifyBeforeURLRequest: https://www.google-analytics.com/analytics.js
[147:170:0831/073419.770287:VERBOSE1:network_delegate.cc(30)] NetworkDelegate::NotifyBeforeURLRequest: https://www.google-analytics.com/analytics.js
[147:170:0831/073419.809037:VERBOSE1:network_delegate.cc(30)] NetworkDelegate::NotifyBeforeURLRequest: https://ssl.gstatic.com/gb/images/v1_9886baa5.png
[147:170:0831/073419.809059:VERBOSE1:network_delegate.cc(30)] NetworkDelegate::NotifyBeforeURLRequest: https://ssl.gstatic.com/gb/images/v1_9886baa5.png
[147:170:0831/073419.809078:VERBOSE1:network_delegate.cc(30)] NetworkDelegate::NotifyBeforeURLRequest: https://ssl.gstatic.com/gb/images/v1_9886baa5.png
[147:170:0831/073419.811027:VERBOSE1:network_delegate.cc(30)] NetworkDelegate::NotifyBeforeURLRequest: https://fonts.gstatic.com/s/roboto/v18/KFOmCnqEu92Fr1Mu4mxK.woff2
[147:170:0831/073419.811043:VERBOSE1:network_delegate.cc(30)] NetworkDelegate::NotifyBeforeURLRequest: https://fonts.gstatic.com/s/roboto/v18/KFOmCnqEu92Fr1Mu4mxK.woff2
[147:170:0831/073419.811055:VERBOSE1:network_delegate.cc(30)] NetworkDelegate::NotifyBeforeURLRequest: https://fonts.gstatic.com/s/roboto/v18/KFOmCnqEu92Fr1Mu4mxK.woff2
[147:170:0831/073419.811367:VERBOSE1:network_delegate.cc(30)] NetworkDelegate::NotifyBeforeURLRequest: https://ssl.gstatic.com/translate/buttons11.png
[147:170:0831/073419.811399:VERBOSE1:network_delegate.cc(30)] NetworkDelegate::NotifyBeforeURLRequest: https://ssl.gstatic.com/translate/buttons11.png
[147:170:0831/073419.811407:VERBOSE1:network_delegate.cc(30)] NetworkDelegate::NotifyBeforeURLRequest: https://ssl.gstatic.com/translate/buttons11.png
[147:170:0831/073419.904850:VERBOSE1:network_delegate.cc(30)] NetworkDelegate::NotifyBeforeURLRequest: https://ssl.gstatic.com/images/branding/google_plus/1x/ic_w_google_plus_grey600_24dp.png
[147:170:0831/073419.904875:VERBOSE1:network_delegate.cc(30)] NetworkDelegate::NotifyBeforeURLRequest: https://ssl.gstatic.com/images/branding/google_plus/1x/ic_w_google_plus_grey600_24dp.png
[147:170:0831/073419.904888:VERBOSE1:network_delegate.cc(30)] NetworkDelegate::NotifyBeforeURLRequest: https://ssl.gstatic.com/images/branding/google_plus/1x/ic_w_google_plus_grey600_24dp.png
[147:170:0831/073419.905255:VERBOSE1:network_delegate.cc(30)] NetworkDelegate::NotifyBeforeURLRequest: https://ssl.gstatic.com/images/icons/material/system/1x/post_blogger_grey600_24dp.png
[147:170:0831/073419.905273:VERBOSE1:network_delegate.cc(30)] NetworkDelegate::NotifyBeforeURLRequest: https://ssl.gstatic.com/images/icons/material/system/1x/post_blogger_grey600_24dp.png
[147:170:0831/073419.905284:VERBOSE1:network_delegate.cc(30)] NetworkDelegate::NotifyBeforeURLRequest: https://ssl.gstatic.com/images/icons/material/system/1x/post_blogger_grey600_24dp.png
[147:170:0831/073419.905674:VERBOSE1:network_delegate.cc(30)] NetworkDelegate::NotifyBeforeURLRequest: https://ssl.gstatic.com/images/icons/material/system/1x/feedback_grey600_18dp.png
[147:170:0831/073419.905691:VERBOSE1:network_delegate.cc(30)] NetworkDelegate::NotifyBeforeURLRequest: https://ssl.gstatic.com/images/icons/material/system/1x/feedback_grey600_18dp.png
[147:170:0831/073419.905710:VERBOSE1:network_delegate.cc(30)] NetworkDelegate::NotifyBeforeURLRequest: https://ssl.gstatic.com/images/icons/material/system/1x/feedback_grey600_18dp.png
[147:170:0831/073419.905953:VERBOSE1:network_delegate.cc(30)] NetworkDelegate::NotifyBeforeURLRequest: https://fonts.gstatic.com/s/roboto/v18/KFOlCnqEu92Fr1MmWUlfBBc4.woff2
[147:170:0831/073419.905969:VERBOSE1:network_delegate.cc(30)] NetworkDelegate::NotifyBeforeURLRequest: https://fonts.gstatic.com/s/roboto/v18/KFOlCnqEu92Fr1MmWUlfBBc4.woff2
[147:170:0831/073419.905982:VERBOSE1:network_delegate.cc(30)] NetworkDelegate::NotifyBeforeURLRequest: https://fonts.gstatic.com/s/roboto/v18/KFOlCnqEu92Fr1MmWUlfBBc4.woff2
[147:170:0831/073420.178778:VERBOSE1:network_delegate.cc(30)] NetworkDelegate::NotifyBeforeURLRequest: https://ssl.gstatic.com/translate/arrow_ltr.png
[147:170:0831/073420.178812:VERBOSE1:network_delegate.cc(30)] NetworkDelegate::NotifyBeforeURLRequest: https://ssl.gstatic.com/translate/arrow_ltr.png
[147:170:0831/073420.178829:VERBOSE1:network_delegate.cc(30)] NetworkDelegate::NotifyBeforeURLRequest: https://ssl.gstatic.com/translate/arrow_ltr.png
[147:170:0831/073420.208667:VERBOSE1:network_delegate.cc(30)] NetworkDelegate::NotifyBeforeURLRequest: https://ssl.gstatic.com/translate/undo.png
[147:170:0831/073420.208695:VERBOSE1:network_delegate.cc(30)] NetworkDelegate::NotifyBeforeURLRequest: https://ssl.gstatic.com/translate/undo.png
[147:170:0831/073420.208716:VERBOSE1:network_delegate.cc(30)] NetworkDelegate::NotifyBeforeURLRequest: https://ssl.gstatic.com/translate/undo.png
[147:170:0831/073420.219852:VERBOSE1:network_delegate.cc(30)] NetworkDelegate::NotifyBeforeURLRequest: https://www.gstatic.com/inputtools/js/ita/inputtools_3.js
[147:170:0831/073420.219868:VERBOSE1:network_delegate.cc(30)] NetworkDelegate::NotifyBeforeURLRequest: https://www.gstatic.com/inputtools/js/ita/inputtools_3.js
[147:170:0831/073420.219875:VERBOSE1:network_delegate.cc(30)] NetworkDelegate::NotifyBeforeURLRequest: https://www.gstatic.com/inputtools/js/ita/inputtools_3.js
[147:170:0831/073420.260065:VERBOSE1:network_delegate.cc(30)] NetworkDelegate::NotifyBeforeURLRequest: https://ssl.gstatic.com/images/icons/material/system/1x/stars_black_24dp.png
[147:170:0831/073420.260089:VERBOSE1:network_delegate.cc(30)] NetworkDelegate::NotifyBeforeURLRequest: https://ssl.gstatic.com/images/icons/material/system/1x/stars_black_24dp.png
[147:170:0831/073420.260104:VERBOSE1:network_delegate.cc(30)] NetworkDelegate::NotifyBeforeURLRequest: https://ssl.gstatic.com/images/icons/material/system/1x/stars_black_24dp.png
[147:170:0831/073420.272491:VERBOSE1:network_delegate.cc(30)] NetworkDelegate::NotifyBeforeURLRequest: https://ssl.gstatic.com/images/icons/material/system/1x/close_white_24dp.png
[147:170:0831/073420.272511:VERBOSE1:network_delegate.cc(30)] NetworkDelegate::NotifyBeforeURLRequest: https://ssl.gstatic.com/images/icons/material/system/1x/close_white_24dp.png
[147:170:0831/073420.272538:VERBOSE1:network_delegate.cc(30)] NetworkDelegate::NotifyBeforeURLRequest: https://ssl.gstatic.com/images/icons/material/system/1x/close_white_24dp.png
[147:170:0831/073420.272864:VERBOSE1:network_delegate.cc(30)] NetworkDelegate::NotifyBeforeURLRequest: https://ssl.gstatic.com/translate/community/promo/promo-new-2x.png
[147:170:0831/073420.272880:VERBOSE1:network_delegate.cc(30)] NetworkDelegate::NotifyBeforeURLRequest: https://ssl.gstatic.com/translate/community/promo/promo-new-2x.png
[147:170:0831/073420.272890:VERBOSE1:network_delegate.cc(30)] NetworkDelegate::NotifyBeforeURLRequest: https://ssl.gstatic.com/translate/community/promo/promo-new-2x.png
[147:170:0831/073420.273650:VERBOSE1:network_delegate.cc(30)] NetworkDelegate::NotifyBeforeURLRequest: https://ssl.gstatic.com/images/icons/material/system/1x/arrow_forward_grey600_24dp.png
[147:170:0831/073420.273671:VERBOSE1:network_delegate.cc(30)] NetworkDelegate::NotifyBeforeURLRequest: https://ssl.gstatic.com/images/icons/material/system/1x/arrow_forward_grey600_24dp.png
[147:170:0831/073420.273683:VERBOSE1:network_delegate.cc(30)] NetworkDelegate::NotifyBeforeURLRequest: https://ssl.gstatic.com/images/icons/material/system/1x/arrow_forward_grey600_24dp.png
[147:170:0831/073420.290643:VERBOSE1:network_delegate.cc(30)] NetworkDelegate::NotifyBeforeURLRequest: https://ssl.gstatic.com/images/icons/material/system/1x/verified_user_black_24dp.png
[147:170:0831/073420.290663:VERBOSE1:network_delegate.cc(30)] NetworkDelegate::NotifyBeforeURLRequest: https://ssl.gstatic.com/images/icons/material/system/1x/verified_user_black_24dp.png
[147:170:0831/073420.290676:VERBOSE1:network_delegate.cc(30)] NetworkDelegate::NotifyBeforeURLRequest: https://ssl.gstatic.com/images/icons/material/system/1x/verified_user_black_24dp.png
[147:170:0831/073420.299290:VERBOSE1:network_delegate.cc(30)] NetworkDelegate::NotifyBeforeURLRequest: https://translate.google.com/translate_a/single?client=t&sl=en&tl=es&hl=en&dt=at&dt=bd&dt=ex&dt=ld&dt=md&dt=qca&dt=rw&dt=rm&dt=ss&dt=t&ie=UTF-8&oe=UTF-8&source=bh&ssel=0&tsel=0&kc=1&tk=708396.806267&q=Development
[147:170:0831/073420.299327:VERBOSE1:network_delegate.cc(30)] NetworkDelegate::NotifyBeforeURLRequest: https://translate.google.com/translate_a/single?client=t&sl=en&tl=es&hl=en&dt=at&dt=bd&dt=ex&dt=ld&dt=md&dt=qca&dt=rw&dt=rm&dt=ss&dt=t&ie=UTF-8&oe=UTF-8&source=bh&ssel=0&tsel=0&kc=1&tk=708396.806267&q=Development
[147:170:0831/073420.299335:VERBOSE1:network_delegate.cc(30)] NetworkDelegate::NotifyBeforeURLRequest: https://translate.google.com/translate_a/single?client=t&sl=en&tl=es&hl=en&dt=at&dt=bd&dt=ex&dt=ld&dt=md&dt=qca&dt=rw&dt=rm&dt=ss&dt=t&ie=UTF-8&oe=UTF-8&source=bh&ssel=0&tsel=0&kc=1&tk=708396.806267&q=Development
[147:170:0831/073420.340094:VERBOSE1:network_delegate.cc(30)] NetworkDelegate::NotifyBeforeURLRequest: https://apis.google.com/_/scs/abc-static/_/js/k=gapi.gapi.en.bSfaJ330ulQ.O/m=gapi_iframes,googleapis_client,plusone/rt=j/sv=1/d=1/ed=1/rs=AHpOoo9ETX0ujNe7X7enovCK61wuo61HKQ/cb=gapi.loaded_0
[147:170:0831/073420.340117:VERBOSE1:network_delegate.cc(30)] NetworkDelegate::NotifyBeforeURLRequest: https://apis.google.com/_/scs/abc-static/_/js/k=gapi.gapi.en.bSfaJ330ulQ.O/m=gapi_iframes,googleapis_client,plusone/rt=j/sv=1/d=1/ed=1/rs=AHpOoo9ETX0ujNe7X7enovCK61wuo61HKQ/cb=gapi.loaded_0
[147:170:0831/073420.340131:VERBOSE1:network_delegate.cc(30)] NetworkDelegate::NotifyBeforeURLRequest: https://apis.google.com/_/scs/abc-static/_/js/k=gapi.gapi.en.bSfaJ330ulQ.O/m=gapi_iframes,googleapis_client,plusone/rt=j/sv=1/d=1/ed=1/rs=AHpOoo9ETX0ujNe7X7enovCK61wuo61HKQ/cb=gapi.loaded_0
[147:188:0831/073420.397668:VERBOSE1:language_detection_util.cc(234)] Detected language: und
[147:170:0831/073420.469683:VERBOSE1:network_delegate.cc(30)] NetworkDelegate::NotifyBeforeURLRequest: https://csi.gstatic.com/csi?v=3&s=translate&action=at&srt=154&tbsrt=163&tran=15&p=s&npn=1&npnv=h2&sl=en&tl=es&size=11&e=17259,1500004,15700002,15700022,15700124,15700149,15700186,15700191,15700201&rt=prt.139,ol.175
[147:170:0831/073420.469717:VERBOSE1:network_delegate.cc(30)] NetworkDelegate::NotifyBeforeURLRequest: https://csi.gstatic.com/csi?v=3&s=translate&action=at&srt=154&tbsrt=163&tran=15&p=s&npn=1&npnv=h2&sl=en&tl=es&size=11&e=17259,1500004,15700002,15700022,15700124,15700149,15700186,15700191,15700201&rt=prt.139,ol.175
[147:170:0831/073420.469730:VERBOSE1:network_delegate.cc(30)] NetworkDelegate::NotifyBeforeURLRequest: https://csi.gstatic.com/csi?v=3&s=translate&action=at&srt=154&tbsrt=163&tran=15&p=s&npn=1&npnv=h2&sl=en&tl=es&size=11&e=17259,1500004,15700002,15700022,15700124,15700149,15700186,15700191,15700201&rt=prt.139,ol.175
[147:170:0831/073420.475677:VERBOSE1:network_delegate.cc(30)] NetworkDelegate::NotifyBeforeURLRequest: https://ssl.gstatic.com/images/icons/material/system/1x/share_black_18dp.png
[147:170:0831/073420.475697:VERBOSE1:network_delegate.cc(30)] NetworkDelegate::NotifyBeforeURLRequest: https://ssl.gstatic.com/images/icons/material/system/1x/share_black_18dp.png
[147:170:0831/073420.475711:VERBOSE1:network_delegate.cc(30)] NetworkDelegate::NotifyBeforeURLRequest: https://ssl.gstatic.com/images/icons/material/system/1x/share_black_18dp.png
[147:170:0831/073420.476549:VERBOSE1:network_delegate.cc(30)] NetworkDelegate::NotifyBeforeURLRequest: https://ssl.gstatic.com/images/icons/material/system/1x/content_copy_black_18dp.png
[147:170:0831/073420.476585:VERBOSE1:network_delegate.cc(30)] NetworkDelegate::NotifyBeforeURLRequest: https://ssl.gstatic.com/images/icons/material/system/1x/content_copy_black_18dp.png
[147:170:0831/073420.476597:VERBOSE1:network_delegate.cc(30)] NetworkDelegate::NotifyBeforeURLRequest: https://ssl.gstatic.com/images/icons/material/system/1x/content_copy_black_18dp.png
[147:170:0831/073420.496457:VERBOSE1:network_delegate.cc(30)] NetworkDelegate::NotifyBeforeURLRequest: https://translate.google.com/gen204?ttsaudio=mp3=0,ogg=1,wav=1,vol=1,type=none
[147:170:0831/073420.496474:VERBOSE1:network_delegate.cc(30)] NetworkDelegate::NotifyBeforeURLRequest: https://translate.google.com/gen204?ttsaudio=mp3=0,ogg=1,wav=1,vol=1,type=none
[147:170:0831/073420.496482:VERBOSE1:network_delegate.cc(30)] NetworkDelegate::NotifyBeforeURLRequest: https://translate.google.com/gen204?ttsaudio=mp3=0,ogg=1,wav=1,vol=1,type=none
[147:170:0831/073420.505062:VERBOSE1:network_delegate.cc(30)] NetworkDelegate::NotifyBeforeURLRequest: https://translate.google.com/gen204?community-promo=show-t-new-user
[147:170:0831/073420.505080:VERBOSE1:network_delegate.cc(30)] NetworkDelegate::NotifyBeforeURLRequest: https://translate.google.com/gen204?community-promo=show-t-new-user
[147:170:0831/073420.505098:VERBOSE1:network_delegate.cc(30)] NetworkDelegate::NotifyBeforeURLRequest: https://translate.google.com/gen204?community-promo=show-t-new-user
[147:170:0831/073420.505337:VERBOSE1:network_delegate.cc(30)] NetworkDelegate::NotifyBeforeURLRequest: https://translate.google.com/gen204?hready=sl=en,tl=es,ql=11,slh=,tlh=en,soph=0,hl=en,ttnc=204,uetrans=1,eotf=1
[147:170:0831/073420.505354:VERBOSE1:network_delegate.cc(30)] NetworkDelegate::NotifyBeforeURLRequest: https://translate.google.com/gen204?hready=sl=en,tl=es,ql=11,slh=,tlh=en,soph=0,hl=en,ttnc=204,uetrans=1,eotf=1
[147:170:0831/073420.505366:VERBOSE1:network_delegate.cc(30)] NetworkDelegate::NotifyBeforeURLRequest: https://translate.google.com/gen204?hready=sl=en,tl=es,ql=11,slh=,tlh=en,soph=0,hl=en,ttnc=204,uetrans=1,eotf=1
[147:170:0831/073420.505616:VERBOSE1:network_delegate.cc(30)] NetworkDelegate::NotifyBeforeURLRequest: https://translate.google.com/gen204?ftrans=ttl=21,ttt=337
[147:170:0831/073420.505631:VERBOSE1:network_delegate.cc(30)] NetworkDelegate::NotifyBeforeURLRequest: https://translate.google.com/gen204?ftrans=ttl=21,ttt=337
[147:170:0831/073420.505642:VERBOSE1:network_delegate.cc(30)] NetworkDelegate::NotifyBeforeURLRequest: https://translate.google.com/gen204?ftrans=ttl=21,ttt=337
[147:170:0831/073420.505875:VERBOSE1:network_delegate.cc(30)] NetworkDelegate::NotifyBeforeURLRequest: https://translate.google.com/gen204?lexicon=dt=cm,sl=en,tl=es,hl=en,q=Development,e=show,md=ne,rw=ne,bd=e,cm=e
[147:170:0831/073420.505893:VERBOSE1:network_delegate.cc(30)] NetworkDelegate::NotifyBeforeURLRequest: https://translate.google.com/gen204?lexicon=dt=cm,sl=en,tl=es,hl=en,q=Development,e=show,md=ne,rw=ne,bd=e,cm=e
[147:170:0831/073420.505904:VERBOSE1:network_delegate.cc(30)] NetworkDelegate::NotifyBeforeURLRequest: https://translate.google.com/gen204?lexicon=dt=cm,sl=en,tl=es,hl=en,q=Development,e=show,md=ne,rw=ne,bd=e,cm=e
[147:170:0831/073420.711169:VERBOSE1:network_delegate.cc(30)] NetworkDelegate::NotifyBeforeURLRequest: https://ssl.gstatic.com/inputtools/js/config/65698178.js
[147:170:0831/073420.711199:VERBOSE1:network_delegate.cc(30)] NetworkDelegate::NotifyBeforeURLRequest: https://ssl.gstatic.com/inputtools/js/config/65698178.js
[147:170:0831/073420.711214:VERBOSE1:network_delegate.cc(30)] NetworkDelegate::NotifyBeforeURLRequest: https://ssl.gstatic.com/inputtools/js/config/65698178.js
[147:170:0831/073420.714261:VERBOSE1:network_delegate.cc(30)] NetworkDelegate::NotifyBeforeURLRequest: https://ssl.gstatic.com/inputtools/js/config/49160274.js
[147:170:0831/073420.714279:VERBOSE1:network_delegate.cc(30)] NetworkDelegate::NotifyBeforeURLRequest: https://ssl.gstatic.com/inputtools/js/config/49160274.js
[147:170:0831/073420.714290:VERBOSE1:network_delegate.cc(30)] NetworkDelegate::NotifyBeforeURLRequest: https://ssl.gstatic.com/inputtools/js/config/49160274.js
[147:170:0831/073420.724783:VERBOSE1:network_delegate.cc(30)] NetworkDelegate::NotifyBeforeURLRequest: https://ssl.gstatic.com/inputtools/js/kbd/2/en.js
[147:170:0831/073420.724803:VERBOSE1:network_delegate.cc(30)] NetworkDelegate::NotifyBeforeURLRequest: https://ssl.gstatic.com/inputtools/js/kbd/2/en.js
[147:170:0831/073420.724815:VERBOSE1:network_delegate.cc(30)] NetworkDelegate::NotifyBeforeURLRequest: https://ssl.gstatic.com/inputtools/js/kbd/2/en.js
[147:170:0831/073420.735687:VERBOSE1:network_delegate.cc(30)] NetworkDelegate::NotifyBeforeURLRequest: https://ssl.gstatic.com/inputtools/js/kbd/2/en_dvorak.js
[147:170:0831/073420.735706:VERBOSE1:network_delegate.cc(30)] NetworkDelegate::NotifyBeforeURLRequest: https://ssl.gstatic.com/inputtools/js/kbd/2/en_dvorak.js
[147:170:0831/073420.735719:VERBOSE1:network_delegate.cc(30)] NetworkDelegate::NotifyBeforeURLRequest: https://ssl.gstatic.com/inputtools/js/kbd/2/en_dvorak.js
[147:170:0831/073420.756618:VERBOSE1:network_delegate.cc(30)] NetworkDelegate::NotifyBeforeURLRequest: https://ssl.gstatic.com/inputtools/js/ln/16/en.js
[147:170:0831/073420.756645:VERBOSE1:network_delegate.cc(30)] NetworkDelegate::NotifyBeforeURLRequest: https://ssl.gstatic.com/inputtools/js/ln/16/en.js
[147:170:0831/073420.756658:VERBOSE1:network_delegate.cc(30)] NetworkDelegate::NotifyBeforeURLRequest: https://ssl.gstatic.com/inputtools/js/ln/16/en.js
[147:170:0831/073420.757295:VERBOSE1:network_delegate.cc(30)] NetworkDelegate::NotifyBeforeURLRequest: https://ssl.gstatic.com/inputtools/js/msgs/9/en.js
[147:170:0831/073420.757312:VERBOSE1:network_delegate.cc(30)] NetworkDelegate::NotifyBeforeURLRequest: https://ssl.gstatic.com/inputtools/js/msgs/9/en.js
[147:170:0831/073420.757323:VERBOSE1:network_delegate.cc(30)] NetworkDelegate::NotifyBeforeURLRequest: https://ssl.gstatic.com/inputtools/js/msgs/9/en.js
[147:170:0831/073420.773055:VERBOSE1:network_delegate.cc(30)] NetworkDelegate::NotifyBeforeURLRequest: https://translate.google.com/gen204?jserr=e%3DUncaught%20TypeError%3A%20Cannot%20convert%20undefined%20or%20null%20to%20object%2Curl%3Dhttps%3A%2F%2Ftranslate.google.com%2Ftranslate%2Freleases%2Ftwsfe_w_20180827_RC01%2Fr%2Fjs%2Fdesktop_module_main.js%2Cline%3D839%2Ccount%3D1
[147:170:0831/073420.773079:VERBOSE1:network_delegate.cc(30)] NetworkDelegate::NotifyBeforeURLRequest: https://translate.google.com/gen204?jserr=e%3DUncaught%20TypeError%3A%20Cannot%20convert%20undefined%20or%20null%20to%20object%2Curl%3Dhttps%3A%2F%2Ftranslate.google.com%2Ftranslate%2Freleases%2Ftwsfe_w_20180827_RC01%2Fr%2Fjs%2Fdesktop_module_main.js%2Cline%3D839%2Ccount%3D1
[147:170:0831/073420.773095:VERBOSE1:network_delegate.cc(30)] NetworkDelegate::NotifyBeforeURLRequest: https://translate.google.com/gen204?jserr=e%3DUncaught%20TypeError%3A%20Cannot%20convert%20undefined%20or%20null%20to%20object%2Curl%3Dhttps%3A%2F%2Ftranslate.google.com%2Ftranslate%2Freleases%2Ftwsfe_w_20180827_RC01%2Fr%2Fjs%2Fdesktop_module_main.js%2Cline%3D839%2Ccount%3D1
[147:170:0831/073420.773426:VERBOSE1:network_delegate.cc(30)] NetworkDelegate::NotifyBeforeURLRequest: https://ssl.gstatic.com/inputtools/images/ita_sprite7.png
[147:170:0831/073420.773443:VERBOSE1:network_delegate.cc(30)] NetworkDelegate::NotifyBeforeURLRequest: https://ssl.gstatic.com/inputtools/images/ita_sprite7.png
[147:170:0831/073420.773454:VERBOSE1:network_delegate.cc(30)] NetworkDelegate::NotifyBeforeURLRequest: https://ssl.gstatic.com/inputtools/images/ita_sprite7.png
[147:147:0831/073420.788822:INFO:CONSOLE(839)] "Uncaught TypeError: Cannot convert undefined or null to object", source: https://translate.google.com/translate/releases/twsfe_w_20180827_RC01/r/js/desktop_module_main.js (839)
[147:170:0831/073420.886588:VERBOSE1:network_delegate.cc(30)] NetworkDelegate::NotifyBeforeURLRequest: https://translate.google.com/favicon.ico
[147:170:0831/073420.886613:VERBOSE1:network_delegate.cc(30)] NetworkDelegate::NotifyBeforeURLRequest: https://translate.google.com/favicon.ico
[147:170:0831/073420.886627:VERBOSE1:network_delegate.cc(30)] NetworkDelegate::NotifyBeforeURLRequest: https://translate.google.com/favicon.ico
[147:170:0831/073421.125175:VERBOSE1:network_delegate.cc(30)] NetworkDelegate::NotifyBeforeURLRequest: https://play.google.com/log?format=json&hasfast=true&authuser=0
[147:170:0831/073421.125210:VERBOSE1:network_delegate.cc(30)] NetworkDelegate::NotifyBeforeURLRequest: https://play.google.com/log?format=json&hasfast=true&authuser=0
[147:170:0831/073421.125224:VERBOSE1:network_delegate.cc(30)] NetworkDelegate::NotifyBeforeURLRequest: https://play.google.com/log?format=json&hasfast=true&authuser=0
[147:170:0831/073421.144883:VERBOSE1:loader_util.cc(35)] To buffer: https://play.google.com/log?format=json&hasfast=true&authuser=0
[147:170:0831/073421.276852:VERBOSE1:network_delegate.cc(30)] NetworkDelegate::NotifyBeforeURLRequest: https://clients1.google.com/complete/search?q=1&client=translate-web&ds=translate&hl=en&requiredfields=tl%3Aes&callback=_callbacks____0jlhon49n
[147:170:0831/073421.276882:VERBOSE1:network_delegate.cc(30)] NetworkDelegate::NotifyBeforeURLRequest: https://clients1.google.com/complete/search?q=1&client=translate-web&ds=translate&hl=en&requiredfields=tl%3Aes&callback=_callbacks____0jlhon49n
[147:170:0831/073421.276905:VERBOSE1:network_delegate.cc(30)] NetworkDelegate::NotifyBeforeURLRequest: https://clients1.google.com/complete/search?q=1&client=translate-web&ds=translate&hl=en&requiredfields=tl%3Aes&callback=_callbacks____0jlhon49n
[147:170:0831/073421.458266:VERBOSE1:network_delegate.cc(30)] NetworkDelegate::NotifyBeforeURLRequest: https://clients1.google.com/complete/search?q=12345&client=translate-web&ds=translate&hl=en&requiredfields=tl%3Aes&callback=_callbacks____1jlhon4en
[147:170:0831/073421.458296:VERBOSE1:network_delegate.cc(30)] NetworkDelegate::NotifyBeforeURLRequest: https://clients1.google.com/complete/search?q=12345&client=translate-web&ds=translate&hl=en&requiredfields=tl%3Aes&callback=_callbacks____1jlhon4en
[147:170:0831/073421.458311:VERBOSE1:network_delegate.cc(30)] NetworkDelegate::NotifyBeforeURLRequest: https://clients1.google.com/complete/search?q=12345&client=translate-web&ds=translate&hl=en&requiredfields=tl%3Aes&callback=_callbacks____1jlhon4en
[147:170:0831/073421.675321:VERBOSE1:network_delegate.cc(30)] NetworkDelegate::NotifyBeforeURLRequest: https://translate.google.com/translate_a/single?client=t&sl=en&tl=es&hl=en&dt=at&dt=bd&dt=ex&dt=ld&dt=md&dt=qca&dt=rw&dt=rm&dt=ss&dt=t&ie=UTF-8&oe=UTF-8&otf=1&ssel=0&tsel=0&kc=6&tk=742691.907124&q=12345
[147:170:0831/073421.675345:VERBOSE1:network_delegate.cc(30)] NetworkDelegate::NotifyBeforeURLRequest: https://translate.google.com/translate_a/single?client=t&sl=en&tl=es&hl=en&dt=at&dt=bd&dt=ex&dt=ld&dt=md&dt=qca&dt=rw&dt=rm&dt=ss&dt=t&ie=UTF-8&oe=UTF-8&otf=1&ssel=0&tsel=0&kc=6&tk=742691.907124&q=12345
[147:170:0831/073421.675358:VERBOSE1:network_delegate.cc(30)] NetworkDelegate::NotifyBeforeURLRequest: https://translate.google.com/translate_a/single?client=t&sl=en&tl=es&hl=en&dt=at&dt=bd&dt=ex&dt=ld&dt=md&dt=qca&dt=rw&dt=rm&dt=ss&dt=t&ie=UTF-8&oe=UTF-8&otf=1&ssel=0&tsel=0&kc=6&tk=742691.907124&q=12345
[147:170:0831/073421.688105:VERBOSE1:network_delegate.cc(30)] NetworkDelegate::NotifyBeforeURLRequest: https://translate.google.com/gen204?fq=sl=en,tl=es,ql=11,q=Development,pc=0
[147:170:0831/073421.688126:VERBOSE1:network_delegate.cc(30)] NetworkDelegate::NotifyBeforeURLRequest: https://translate.google.com/gen204?fq=sl=en,tl=es,ql=11,q=Development,pc=0
[147:170:0831/073421.688140:VERBOSE1:network_delegate.cc(30)] NetworkDelegate::NotifyBeforeURLRequest: https://translate.google.com/gen204?fq=sl=en,tl=es,ql=11,q=Development,pc=0
[147:170:0831/073421.725472:VERBOSE1:network_delegate.cc(30)] NetworkDelegate::NotifyBeforeURLRequest: https://csi.gstatic.com/csi?v=3&s=translate&action=at&srt=154&tbsrt=1339&tran=15&p=s&npn=1&npnv=h2&sl=en&tl=es&size=5&e=17259,1500004,15700002,15700022,15700124,15700149,15700186,15700191,15700201&rt=prt.42,ol.43
[147:170:0831/073421.725497:VERBOSE1:network_delegate.cc(30)] NetworkDelegate::NotifyBeforeURLRequest: https://csi.gstatic.com/csi?v=3&s=translate&action=at&srt=154&tbsrt=1339&tran=15&p=s&npn=1&npnv=h2&sl=en&tl=es&size=5&e=17259,1500004,15700002,15700022,15700124,15700149,15700186,15700191,15700201&rt=prt.42,ol.43
[147:170:0831/073421.725510:VERBOSE1:network_delegate.cc(30)] NetworkDelegate::NotifyBeforeURLRequest: https://csi.gstatic.com/csi?v=3&s=translate&action=at&srt=154&tbsrt=1339&tran=15&p=s&npn=1&npnv=h2&sl=en&tl=es&size=5&e=17259,1500004,15700002,15700022,15700124,15700149,15700186,15700191,15700201&rt=prt.42,ol.43
[147:170:0831/073421.770823:VERBOSE1:network_delegate.cc(30)] NetworkDelegate::NotifyBeforeURLRequest: https://translate.google.com/translate_a/single?client=t&sl=en&tl=es&hl=en&dt=at&dt=bd&dt=ex&dt=ld&dt=md&dt=qca&dt=rw&dt=rm&dt=ss&dt=t&ie=UTF-8&oe=UTF-8&source=bh&ssel=0&tsel=0&kc=1&tk=708396.806267&q=Development
[147:170:0831/073421.770851:VERBOSE1:network_delegate.cc(30)] NetworkDelegate::NotifyBeforeURLRequest: https://translate.google.com/translate_a/single?client=t&sl=en&tl=es&hl=en&dt=at&dt=bd&dt=ex&dt=ld&dt=md&dt=qca&dt=rw&dt=rm&dt=ss&dt=t&ie=UTF-8&oe=UTF-8&source=bh&ssel=0&tsel=0&kc=1&tk=708396.806267&q=Development
[147:170:0831/073421.770875:VERBOSE1:network_delegate.cc(30)] NetworkDelegate::NotifyBeforeURLRequest: https://translate.google.com/translate_a/single?client=t&sl=en&tl=es&hl=en&dt=at&dt=bd&dt=ex&dt=ld&dt=md&dt=qca&dt=rw&dt=rm&dt=ss&dt=t&ie=UTF-8&oe=UTF-8&source=bh&ssel=0&tsel=0&kc=1&tk=708396.806267&q=Development
[147:170:0831/073421.772014:VERBOSE1:network_delegate.cc(30)] NetworkDelegate::NotifyBeforeURLRequest: https://translate.google.com/gen204?fq=sl=en,tl=es,ql=5,q=12345,pc=0
[147:170:0831/073421.772032:VERBOSE1:network_delegate.cc(30)] NetworkDelegate::NotifyBeforeURLRequest: https://translate.google.com/gen204?fq=sl=en,tl=es,ql=5,q=12345,pc=0
[147:170:0831/073421.772043:VERBOSE1:network_delegate.cc(30)] NetworkDelegate::NotifyBeforeURLRequest: https://translate.google.com/gen204?fq=sl=en,tl=es,ql=5,q=12345,pc=0
[147:170:0831/073421.828391:VERBOSE1:network_delegate.cc(30)] NetworkDelegate::NotifyBeforeURLRequest: https://csi.gstatic.com/csi?v=3&s=translate&action=at&tran=15&p=s&npn=1&npnv=h2&sl=en&tl=es&size=11&e=17259,1500004,15700002,15700022,15700124,15700149,15700186,15700191,15700201&rt=prt.38,ol.58
[147:170:0831/073421.828416:VERBOSE1:network_delegate.cc(30)] NetworkDelegate::NotifyBeforeURLRequest: https://csi.gstatic.com/csi?v=3&s=translate&action=at&tran=15&p=s&npn=1&npnv=h2&sl=en&tl=es&size=11&e=17259,1500004,15700002,15700022,15700124,15700149,15700186,15700191,15700201&rt=prt.38,ol.58
[147:170:0831/073421.828429:VERBOSE1:network_delegate.cc(30)] NetworkDelegate::NotifyBeforeURLRequest: https://csi.gstatic.com/csi?v=3&s=translate&action=at&tran=15&p=s&npn=1&npnv=h2&sl=en&tl=es&size=11&e=17259,1500004,15700002,15700022,15700124,15700149,15700186,15700191,15700201&rt=prt.38,ol.58
[147:170:0831/073421.854855:VERBOSE1:network_delegate.cc(30)] NetworkDelegate::NotifyBeforeURLRequest: https://translate.google.com/gen204?lexicon=dt=cm,sl=en,tl=es,hl=en,q=Development,e=show,md=ne,rw=ne,bd=e,cm=e
[147:170:0831/073421.854890:VERBOSE1:network_delegate.cc(30)] NetworkDelegate::NotifyBeforeURLRequest: https://translate.google.com/gen204?lexicon=dt=cm,sl=en,tl=es,hl=en,q=Development,e=show,md=ne,rw=ne,bd=e,cm=e
[147:170:0831/073421.854904:VERBOSE1:network_delegate.cc(30)] NetworkDelegate::NotifyBeforeURLRequest: https://translate.google.com/gen204?lexicon=dt=cm,sl=en,tl=es,hl=en,q=Development,e=show,md=ne,rw=ne,bd=e,cm=e
[147:188:0831/073421.879558:VERBOSE1:LocalWindowProxy.cpp(236)] A context is created NOT from snapshot
[147:188:0831/073421.879802:VERBOSE1:script_context.cc(111)] Created context:
  extension id:           (none)
  frame:                  0x8645feb82d8
  URL:                    
  context_type:           WEB_PAGE
  effective extension id: (none)
  effective context type: WEB_PAGE
[147:188:0831/073421.879856:VERBOSE1:script_context.cc(111)] Created context:
  extension id:           (none)
  frame:                  (nil)
  URL:                    
  context_type:           UNSPECIFIED
  effective extension id: (none)
  effective context type: UNSPECIFIED
[147:188:0831/073421.885074:VERBOSE1:dispatcher.cc(366)] Num tracked contexts: 3
[147:188:0831/073421.892203:VERBOSE1:dispatcher.cc(498)] Num tracked contexts: 2
[147:188:0831/073421.894242:VERBOSE1:script_context.cc(120)] Destroyed context for extension
  extension id: 
  effective extension id: 
[147:188:0831/073421.894269:VERBOSE1:script_context.cc(120)] Destroyed context for extension
  extension id: 
  effective extension id: 
[147:170:0831/073422.097714:VERBOSE1:network_delegate.cc(30)] NetworkDelegate::NotifyBeforeURLRequest: https://clients1.google.com/complete/search?q=12&client=translate-web&ds=translate&hl=en&requiredfields=tl%3Aes&callback=_callbacks____2jlhon4wh
[147:170:0831/073422.097735:VERBOSE1:network_delegate.cc(30)] NetworkDelegate::NotifyBeforeURLRequest: https://clients1.google.com/complete/search?q=12&client=translate-web&ds=translate&hl=en&requiredfields=tl%3Aes&callback=_callbacks____2jlhon4wh
[147:170:0831/073422.097744:VERBOSE1:network_delegate.cc(30)] NetworkDelegate::NotifyBeforeURLRequest: https://clients1.google.com/complete/search?q=12&client=translate-web&ds=translate&hl=en&requiredfields=tl%3Aes&callback=_callbacks____2jlhon4wh
[147:170:0831/073422.128777:VERBOSE1:network_delegate.cc(30)] NetworkDelegate::NotifyBeforeURLRequest: https://play.google.com/log?format=json&hasfast=true&authuser=0
[147:170:0831/073422.128807:VERBOSE1:network_delegate.cc(30)] NetworkDelegate::NotifyBeforeURLRequest: https://play.google.com/log?format=json&hasfast=true&authuser=0
[147:170:0831/073422.128823:VERBOSE1:network_delegate.cc(30)] NetworkDelegate::NotifyBeforeURLRequest: https://play.google.com/log?format=json&hasfast=true&authuser=0
[147:170:0831/073422.145184:VERBOSE1:loader_util.cc(35)] To buffer: https://play.google.com/log?format=json&hasfast=true&authuser=0
[147:170:0831/073422.265001:VERBOSE1:network_delegate.cc(30)] NetworkDelegate::NotifyBeforeURLRequest: https://clients1.google.com/complete/search?q=12345&client=translate-web&ds=translate&hl=en&requiredfields=tl%3Aes&callback=_callbacks____3jlhon514
[147:170:0831/073422.265033:VERBOSE1:network_delegate.cc(30)] NetworkDelegate::NotifyBeforeURLRequest: https://clients1.google.com/complete/search?q=12345&client=translate-web&ds=translate&hl=en&requiredfields=tl%3Aes&callback=_callbacks____3jlhon514
[147:170:0831/073422.265047:VERBOSE1:network_delegate.cc(30)] NetworkDelegate::NotifyBeforeURLRequest: https://clients1.google.com/complete/search?q=12345&client=translate-web&ds=translate&hl=en&requiredfields=tl%3Aes&callback=_callbacks____3jlhon514
[147:170:0831/073422.452431:VERBOSE1:network_delegate.cc(30)] NetworkDelegate::NotifyBeforeURLRequest: https://translate.google.com/translate_a/single?client=t&sl=en&tl=es&hl=en&dt=at&dt=bd&dt=ex&dt=ld&dt=md&dt=qca&dt=rw&dt=rm&dt=ss&dt=t&ie=UTF-8&oe=UTF-8&otf=1&ssel=0&tsel=0&kc=5&tk=742691.907124&q=12345
[147:170:0831/073422.452457:VERBOSE1:network_delegate.cc(30)] NetworkDelegate::NotifyBeforeURLRequest: https://translate.google.com/translate_a/single?client=t&sl=en&tl=es&hl=en&dt=at&dt=bd&dt=ex&dt=ld&dt=md&dt=qca&dt=rw&dt=rm&dt=ss&dt=t&ie=UTF-8&oe=UTF-8&otf=1&ssel=0&tsel=0&kc=5&tk=742691.907124&q=12345
[147:170:0831/073422.452472:VERBOSE1:network_delegate.cc(30)] NetworkDelegate::NotifyBeforeURLRequest: https://translate.google.com/translate_a/single?client=t&sl=en&tl=es&hl=en&dt=at&dt=bd&dt=ex&dt=ld&dt=md&dt=qca&dt=rw&dt=rm&dt=ss&dt=t&ie=UTF-8&oe=UTF-8&otf=1&ssel=0&tsel=0&kc=5&tk=742691.907124&q=12345
[147:170:0831/073422.455788:VERBOSE1:network_delegate.cc(30)] NetworkDelegate::NotifyBeforeURLRequest: https://translate.google.com/gen204?fq=sl=en,tl=es,ql=11,q=Development,pc=0
[147:170:0831/073422.455809:VERBOSE1:network_delegate.cc(30)] NetworkDelegate::NotifyBeforeURLRequest: https://translate.google.com/gen204?fq=sl=en,tl=es,ql=11,q=Development,pc=0
[147:170:0831/073422.455822:VERBOSE1:network_delegate.cc(30)] NetworkDelegate::NotifyBeforeURLRequest: https://translate.google.com/gen204?fq=sl=en,tl=es,ql=11,q=Development,pc=0
[147:170:0831/073422.493232:VERBOSE1:network_delegate.cc(30)] NetworkDelegate::NotifyBeforeURLRequest: https://csi.gstatic.com/csi?v=3&s=translate&action=at&tran=15&p=s&npn=1&npnv=h2&sl=en&tl=es&size=5&e=17259,1500004,15700002,15700022,15700124,15700149,15700186,15700191,15700201&rt=prt.40,ol.41
[147:170:0831/073422.493256:VERBOSE1:network_delegate.cc(30)] NetworkDelegate::NotifyBeforeURLRequest: https://csi.gstatic.com/csi?v=3&s=translate&action=at&tran=15&p=s&npn=1&npnv=h2&sl=en&tl=es&size=5&e=17259,1500004,15700002,15700022,15700124,15700149,15700186,15700191,15700201&rt=prt.40,ol.41
[147:170:0831/073422.493269:VERBOSE1:network_delegate.cc(30)] NetworkDelegate::NotifyBeforeURLRequest: https://csi.gstatic.com/csi?v=3&s=translate&action=at&tran=15&p=s&npn=1&npnv=h2&sl=en&tl=es&size=5&e=17259,1500004,15700002,15700022,15700124,15700149,15700186,15700191,15700201&rt=prt.40,ol.41
[147:147:0831/073422.629596:VERBOSE1:service_discovery_device_lister.cc(39)] DeviceListerStart: service_type: _privet._tcp.local
[147:147:0831/073422.629622:VERBOSE1:service_discovery_device_lister.cc(44)] DiscoverNewDevices: service_type: _privet._tcp.local
[147:170:0831/073422.632499:VERBOSE1:mdns_client_impl.cc(162)] Sockets ready:2
[147:170:0831/073422.670643:VERBOSE1:network_delegate.cc(30)] NetworkDelegate::NotifyBeforeURLRequest: https://translate.google.com/translate_a/single?client=t&sl=en&tl=es&hl=en&dt=at&dt=bd&dt=ex&dt=ld&dt=md&dt=qca&dt=rw&dt=rm&dt=ss&dt=t&ie=UTF-8&oe=UTF-8&source=bh&ssel=0&tsel=0&kc=1&tk=708396.806267&q=Development
[147:170:0831/073422.670668:VERBOSE1:network_delegate.cc(30)] NetworkDelegate::NotifyBeforeURLRequest: https://translate.google.com/translate_a/single?client=t&sl=en&tl=es&hl=en&dt=at&dt=bd&dt=ex&dt=ld&dt=md&dt=qca&dt=rw&dt=rm&dt=ss&dt=t&ie=UTF-8&oe=UTF-8&source=bh&ssel=0&tsel=0&kc=1&tk=708396.806267&q=Development
[147:170:0831/073422.670681:VERBOSE1:network_delegate.cc(30)] NetworkDelegate::NotifyBeforeURLRequest: https://translate.google.com/translate_a/single?client=t&sl=en&tl=es&hl=en&dt=at&dt=bd&dt=ex&dt=ld&dt=md&dt=qca&dt=rw&dt=rm&dt=ss&dt=t&ie=UTF-8&oe=UTF-8&source=bh&ssel=0&tsel=0&kc=1&tk=708396.806267&q=Development
[147:170:0831/073422.685759:VERBOSE1:network_delegate.cc(30)] NetworkDelegate::NotifyBeforeURLRequest: https://translate.google.com/gen204?fq=sl=en,tl=es,ql=5,q=12345,pc=0
[147:170:0831/073422.685779:VERBOSE1:network_delegate.cc(30)] NetworkDelegate::NotifyBeforeURLRequest: https://translate.google.com/gen204?fq=sl=en,tl=es,ql=5,q=12345,pc=0
[147:170:0831/073422.685791:VERBOSE1:network_delegate.cc(30)] NetworkDelegate::NotifyBeforeURLRequest: https://translate.google.com/gen204?fq=sl=en,tl=es,ql=5,q=12345,pc=0
[147:170:0831/073422.707700:VERBOSE1:network_delegate.cc(30)] NetworkDelegate::NotifyBeforeURLRequest: https://csi.gstatic.com/csi?v=3&s=translate&action=at&tran=15&p=s&npn=1&npnv=h2&sl=en&tl=es&size=11&e=17259,1500004,15700002,15700022,15700124,15700149,15700186,15700191,15700201&rt=prt.28,ol.38
[147:170:0831/073422.707722:VERBOSE1:network_delegate.cc(30)] NetworkDelegate::NotifyBeforeURLRequest: https://csi.gstatic.com/csi?v=3&s=translate&action=at&tran=15&p=s&npn=1&npnv=h2&sl=en&tl=es&size=11&e=17259,1500004,15700002,15700022,15700124,15700149,15700186,15700191,15700201&rt=prt.28,ol.38
[147:170:0831/073422.707734:VERBOSE1:network_delegate.cc(30)] NetworkDelegate::NotifyBeforeURLRequest: https://csi.gstatic.com/csi?v=3&s=translate&action=at&tran=15&p=s&npn=1&npnv=h2&sl=en&tl=es&size=11&e=17259,1500004,15700002,15700022,15700124,15700149,15700186,15700191,15700201&rt=prt.28,ol.38
[147:170:0831/073422.727851:VERBOSE1:network_delegate.cc(30)] NetworkDelegate::NotifyBeforeURLRequest: https://translate.google.com/gen204?lexicon=dt=cm,sl=en,tl=es,hl=en,q=Development,e=show,md=ne,rw=ne,bd=e,cm=e
[147:170:0831/073422.727873:VERBOSE1:network_delegate.cc(30)] NetworkDelegate::NotifyBeforeURLRequest: https://translate.google.com/gen204?lexicon=dt=cm,sl=en,tl=es,hl=en,q=Development,e=show,md=ne,rw=ne,bd=e,cm=e
[147:170:0831/073422.729421:VERBOSE1:network_delegate.cc(30)] NetworkDelegate::NotifyBeforeURLRequest: https://translate.google.com/gen204?lexicon=dt=cm,sl=en,tl=es,hl=en,q=Development,e=show,md=ne,rw=ne,bd=e,cm=e
[147:188:0831/073422.745989:VERBOSE1:LocalWindowProxy.cpp(236)] A context is created NOT from snapshot
[147:188:0831/073422.746374:VERBOSE1:script_context.cc(111)] Created context:
  extension id:           (none)
  frame:                  0x8645fe23758
  URL:                    
  context_type:           WEB_PAGE
  effective extension id: (none)
  effective context type: WEB_PAGE
[147:188:0831/073422.746457:VERBOSE1:script_context.cc(111)] Created context:
  extension id:           (none)
  frame:                  (nil)
  URL:                    
  context_type:           UNSPECIFIED
  effective extension id: (none)
  effective context type: UNSPECIFIED
[147:188:0831/073422.748295:VERBOSE1:dispatcher.cc(366)] Num tracked contexts: 3
[147:188:0831/073422.785867:VERBOSE1:dispatcher.cc(498)] Num tracked contexts: 2
[147:188:0831/073422.787660:VERBOSE1:script_context.cc(120)] Destroyed context for extension
  extension id: 
  effective extension id: 
[147:188:0831/073422.787790:VERBOSE1:script_context.cc(120)] Destroyed context for extension
  extension id: 
  effective extension id: 
[147:170:0831/073422.955564:VERBOSE1:network_delegate.cc(30)] NetworkDelegate::NotifyBeforeURLRequest: https://clients1.google.com/complete/search?q=1&client=translate-web&ds=translate&hl=en&requiredfields=tl%3Aes&callback=_callbacks____4jlhon5kb
[147:170:0831/073422.955589:VERBOSE1:network_delegate.cc(30)] NetworkDelegate::NotifyBeforeURLRequest: https://clients1.google.com/complete/search?q=1&client=translate-web&ds=translate&hl=en&requiredfields=tl%3Aes&callback=_callbacks____4jlhon5kb
[147:170:0831/073422.955604:VERBOSE1:network_delegate.cc(30)] NetworkDelegate::NotifyBeforeURLRequest: https://clients1.google.com/complete/search?q=1&client=translate-web&ds=translate&hl=en&requiredfields=tl%3Aes&callback=_callbacks____4jlhon5kb
[147:170:0831/073423.125693:VERBOSE1:network_delegate.cc(30)] NetworkDelegate::NotifyBeforeURLRequest: https://clients1.google.com/complete/search?q=12345&client=translate-web&ds=translate&hl=en&requiredfields=tl%3Aes&callback=_callbacks____5jlhon5p0
[147:170:0831/073423.125726:VERBOSE1:network_delegate.cc(30)] NetworkDelegate::NotifyBeforeURLRequest: https://clients1.google.com/complete/search?q=12345&client=translate-web&ds=translate&hl=en&requiredfields=tl%3Aes&callback=_callbacks____5jlhon5p0
[147:170:0831/073423.125740:VERBOSE1:network_delegate.cc(30)] NetworkDelegate::NotifyBeforeURLRequest: https://clients1.google.com/complete/search?q=12345&client=translate-web&ds=translate&hl=en&requiredfields=tl%3Aes&callback=_callbacks____5jlhon5p0
[147:170:0831/073423.130814:VERBOSE1:network_delegate.cc(30)] NetworkDelegate::NotifyBeforeURLRequest: https://play.google.com/log?format=json&hasfast=true&authuser=0
[147:170:0831/073423.130837:VERBOSE1:network_delegate.cc(30)] NetworkDelegate::NotifyBeforeURLRequest: https://play.google.com/log?format=json&hasfast=true&authuser=0
[147:170:0831/073423.130853:VERBOSE1:network_delegate.cc(30)] NetworkDelegate::NotifyBeforeURLRequest: https://play.google.com/log?format=json&hasfast=true&authuser=0
[147:170:0831/073423.145906:VERBOSE1:loader_util.cc(35)] To buffer: https://play.google.com/log?format=json&hasfast=true&authuser=0
