[0.653][INFO]: COMMAND InitSession {
   "desiredCapabilities": {
      "browserName": "chrome",
      "chromeOptions": {
         "args": [ "--disable-gpu", "--single-process", "--no-sandbox", "--data-path=/tmp/data-path", "--homedir=/tmp/homedir", "--disk-cache-dir=/tmp", "--disk-cache-size=1", "--media-cache-size=1", "--allow-file-access-from-files", "--enable-logging", "--v=1", "--disable-web-security", "--disable-extensions", "--ignore-certificate-errors", "--disable-ntp-most-likely-favicons-from-server", "--disable-ntp-popular-sites", "--window-size=1366,1024", "--disable-infobars", "--disable-dev-shm-usage", "..." ],
         "binary": "/tmp/chrome-lambda/chrome",
         "prefs": {
            "credentials_enable_service": false,
            "profile": {
               "password_manager_enabled": false
            }
         }
      },
      "count": 1
   }
}
[1.760][INFO]: Populating Preferences file: {
   "alternate_error_pages": {
      "enabled": false
   },
   "autofill": {
      "enabled": false
   },
   "browser": {
      "check_default_browser": false
   },
   "credentials_enable_service": false,
   "distribution": {
      "import_bookmarks": false,
      "import_history": false,
      "import_search_engine": false,
      "make_chrome_default_for_user": false,
      "show_welcome_page": false,
      "skip_first_run_ui": true
   },
   "dns_prefetching": {
      "enabled": false
   },
   "profile": {
      "password_manager_enabled": false
   },
   "safebrowsing": {
      "enabled": false
   },
   "search": {
      "suggest_enabled": false
   },
   "translate": {
      "enabled": false
   }
}
[1.760][INFO]: Populating Local State file: {
   "background_mode": {
      "enabled": false
   },
   "ssl": {
      "rev_checking": {
         "enabled": false
      }
   }
}
[1.761][INFO]: Launching chrome: /tmp/chrome-lambda/chrome --allow-file-access-from-files --data-path=/tmp/data-path --disable-background-networking --disable-browser-side-navigation --disable-client-side-phishing-detection --disable-default-apps --disable-dev-shm-usage --disable-extensions --disable-extensions-except=/tmp/.org.chromium.Chromium.nNvENT/internal --disable-gpu --disable-hang-monitor --disable-infobars --disable-ntp-most-likely-favicons-from-server --disable-ntp-popular-sites --disable-popup-blocking --disable-prompt-on-repost --disable-sync --disable-web-resources --disable-web-security --disk-cache-dir=/tmp --disk-cache-size=1 --enable-automation --enable-logging --enable-precise-memory-info --force-fieldtrials=SiteIsolationExtensions/Control --homedir=/tmp/homedir --ignore-certificate-errors --log-level=0 --media-cache-size=1 --metrics-recording-only --no-first-run --no-sandbox --password-store=basic --remote-debugging-port=12546 --safebrowsing-disable-auto-update --single-process --test-type=webdriver --use-mock-keychain --user-data-dir=/tmp/.org.chromium.Chromium.L20b1t --v=1 --window-size=1366,1024 data:,
[1.761][DEBUG]: DevTools request: http://localhost:12546/json/version
prctl(PR_SET_NO_NEW_PRIVS) failed
Xlib:  extension "RANDR" missing on display ":99".
[155:164:0831/073412.130450:ERROR:bus.cc(395)] Failed to connect to the bus: Failed to connect to socket /var/run/dbus/system_bus_socket: No such file or directory
Xlib:  extension "RANDR" missing on display ":99".

DevTools listening on ws://127.0.0.1:12546/devtools/browser/df204cd5-666d-4c33-b147-7ce20fce51b2
[2.431][SEVERE]: CreatePlatformSocket() returned an error, errno=1: Operation not permitted (1)
[2.431][DEBUG]: DevTools response: {
   "Browser": "Chrome/63.0.3239.84",
   "Protocol-Version": "1.2",
   "User-Agent": "Mozilla/5.0 (X11; Linux x86_64) AppleWebKit/537.36 (KHTML, like Gecko) Chrome/63.0.3239.84 Safari/537.36",
   "V8-Version": "6.3.292.46",
   "WebKit-Version": "537.36 (@0f53a5abc7a405fbe9f1cfd3db38f2092c8a7816)",
   "webSocketDebuggerUrl": "ws://localhost:12546/devtools/browser/df204cd5-666d-4c33-b147-7ce20fce51b2"
}

[2.434][DEBUG]: DevTools request: http://localhost:12546/json
[2.450][DEBUG]: DevTools response: [ {
   "description": "",
   "devtoolsFrontendUrl": "/devtools/inspector.html?ws=localhost:12546/devtools/page/(44178F55BBE494AC657D7315DAAD58D)",
   "id": "(44178F55BBE494AC657D7315DAAD58D)",
   "title": "",
   "type": "page",
   "url": "data:,",
   "webSocketDebuggerUrl": "ws://localhost:12546/devtools/page/(44178F55BBE494AC657D7315DAAD58D)"
} ]

[2.450][DEBUG]: DevTools request: http://localhost:12546/json
[2.450][DEBUG]: DevTools response: [ {
   "description": "",
   "devtoolsFrontendUrl": "/devtools/inspector.html?ws=localhost:12546/devtools/page/(44178F55BBE494AC657D7315DAAD58D)",
   "id": "(44178F55BBE494AC657D7315DAAD58D)",
   "title": "",
   "type": "page",
   "url": "data:,",
   "webSocketDebuggerUrl": "ws://localhost:12546/devtools/page/(44178F55BBE494AC657D7315DAAD58D)"
} ]

[2.450][INFO]: resolved localhost to ["127.0.0.1"]
[2.451][DEBUG]: DEVTOOLS COMMAND Log.enable (id=1) {

}
[2.451][DEBUG]: DEVTOOLS COMMAND DOM.getDocument (id=2) {

}
[2.451][DEBUG]: DEVTOOLS COMMAND Runtime.enable (id=3) {

}
[2.451][DEBUG]: DEVTOOLS COMMAND Page.enable (id=4) {

}
[2.452][DEBUG]: DEVTOOLS COMMAND Page.enable (id=5) {

}
[155:182:0831/073412.752775:ERROR:io_thread.cc(730)] Cannot use V8 Proxy resolver in single process mode.
[155:182:0831/073412.754430:ERROR:io_thread.cc(730)] Cannot use V8 Proxy resolver in single process mode.
[2.634][DEBUG]: DEVTOOLS RESPONSE Log.enable (id=1) {

}
[2.634][DEBUG]: DEVTOOLS RESPONSE DOM.getDocument (id=2) {
   "root": {
      "backendNodeId": 1,
      "baseURL": "about:blank",
      "childNodeCount": 1,
      "children": [ {
         "attributes": [  ],
         "backendNodeId": 2,
         "childNodeCount": 2,
         "children": [ {
            "attributes": [  ],
            "backendNodeId": 3,
            "childNodeCount": 0,
            "localName": "head",
            "nodeId": 3,
            "nodeName": "HEAD",
            "nodeType": 1,
            "nodeValue": "",
            "parentId": 2
         }, {
            "attributes": [  ],
            "backendNodeId": 4,
            "childNodeCount": 0,
            "localName": "body",
            "nodeId": 4,
            "nodeName": "BODY",
            "nodeType": 1,
            "nodeValue": "",
            "parentId": 2
         } ],
         "frameId": "(44178F55BBE494AC657D7315DAAD58D)",
         "localName": "html",
         "nodeId": 2,
         "nodeName": "HTML",
         "nodeType": 1,
         "nodeValue": "",
         "parentId": 1
      } ],
      "documentURL": "",
      "localName": "",
      "nodeId": 1,
      "nodeName": "#document",
      "nodeType": 9,
      "nodeValue": "",
      "xmlVersion": ""
   }
}
[2.634][DEBUG]: DEVTOOLS RESPONSE Runtime.enable (id=3) {

}
[2.635][DEBUG]: DEVTOOLS RESPONSE Page.enable (id=4) {

}
[2.635][DEBUG]: DEVTOOLS RESPONSE Page.enable (id=5) {

}
[2.635][DEBUG]: DEVTOOLS COMMAND Page.enable (id=6) {

}
[2.672][DEBUG]: DEVTOOLS EVENT Page.lifecycleEvent {
   "frameId": "(44178F55BBE494AC657D7315DAAD58D)",
   "name": "commit",
   "timestamp": 2336.173705
}
[2.672][DEBUG]: DEVTOOLS EVENT Page.frameNavigated {
   "frame": {
      "id": "(44178F55BBE494AC657D7315DAAD58D)",
      "loaderId": "155.1",
      "mimeType": "text/plain",
      "securityOrigin": "://",
      "url": "data:,"
   }
}
[2.672][DEBUG]: DEVTOOLS EVENT DOM.documentUpdated {

}
[2.672][DEBUG]: DEVTOOLS COMMAND DOM.getDocument (id=7) {

}
[2.672][DEBUG]: DEVTOOLS EVENT Runtime.executionContextCreated {
   "context": {
      "auxData": {
         "frameId": "(44178F55BBE494AC657D7315DAAD58D)",
         "isDefault": true
      },
      "id": 1,
      "name": "",
      "origin": "://"
   }
}
[2.672][DEBUG]: DEVTOOLS RESPONSE Page.enable (id=6) {

}
[2.675][DEBUG]: DEVTOOLS EVENT Page.loadEventFired {
   "timestamp": 2336.20115
}
[2.676][DEBUG]: DEVTOOLS EVENT Page.lifecycleEvent {
   "frameId": "(44178F55BBE494AC657D7315DAAD58D)",
   "name": "load",
   "timestamp": 2336.20115
}
[2.676][DEBUG]: DEVTOOLS EVENT Page.frameStoppedLoading {
   "frameId": "(44178F55BBE494AC657D7315DAAD58D)"
}
[2.676][DEBUG]: DEVTOOLS EVENT Page.domContentEventFired {
   "timestamp": 2336.201576
}
[2.676][DEBUG]: DEVTOOLS EVENT Page.lifecycleEvent {
   "frameId": "(44178F55BBE494AC657D7315DAAD58D)",
   "name": "DOMContentLoaded",
   "timestamp": 2336.201576
}
[2.676][DEBUG]: DEVTOOLS EVENT DOM.documentUpdated {

}
[2.676][DEBUG]: DEVTOOLS COMMAND DOM.getDocument (id=8) {

}
[2.716][DEBUG]: DEVTOOLS RESPONSE DOM.getDocument (id=7) {
   "root": {
      "backendNodeId": 5,
      "baseURL": "data:,",
      "childNodeCount": 1,
      "children": [ {
         "attributes": [  ],
         "backendNodeId": 7,
         "childNodeCount": 2,
         "children": [ {
            "attributes": [  ],
            "backendNodeId": 8,
            "childNodeCount": 0,
            "localName": "head",
            "nodeId": 7,
            "nodeName": "HEAD",
            "nodeType": 1,
            "nodeValue": "",
            "parentId": 6
         }, {
            "attributes": [  ],
            "backendNodeId": 9,
            "childNodeCount": 1,
            "localName": "body",
            "nodeId": 8,
            "nodeName": "BODY",
            "nodeType": 1,
            "nodeValue": "",
            "parentId": 6
         } ],
         "frameId": "(44178F55BBE494AC657D7315DAAD58D)",
         "localName": "html",
         "nodeId": 6,
         "nodeName": "HTML",
         "nodeType": 1,
         "nodeValue": "",
         "parentId": 5
      } ],
      "documentURL": "data:,",
      "localName": "",
      "nodeId": 5,
      "nodeName": "#document",
      "nodeType": 9,
      "nodeValue": "",
      "xmlVersion": ""
   }
}
[2.716][DEBUG]: DEVTOOLS RESPONSE DOM.getDocument (id=8) {
   "root": {
      "backendNodeId": 5,
      "baseURL": "data:,",
      "childNodeCount": 1,
      "children": [ {
         "attributes": [  ],
         "backendNodeId": 7,
         "childNodeCount": 2,
         "children": [ {
            "attributes": [  ],
            "backendNodeId": 8,
            "childNodeCount": 0,
            "localName": "head",
            "nodeId": 11,
            "nodeName": "HEAD",
            "nodeType": 1,
            "nodeValue": "",
            "parentId": 10
         }, {
            "attributes": [  ],
            "backendNodeId": 9,
            "childNodeCount": 1,
            "localName": "body",
            "nodeId": 12,
            "nodeName": "BODY",
            "nodeType": 1,
            "nodeValue": "",
            "parentId": 10
         } ],
         "frameId": "(44178F55BBE494AC657D7315DAAD58D)",
         "localName": "html",
         "nodeId": 10,
         "nodeName": "HTML",
         "nodeType": 1,
         "nodeValue": "",
         "parentId": 9
      } ],
      "documentURL": "data:,",
      "localName": "",
      "nodeId": 9,
      "nodeName": "#document",
      "nodeType": 9,
      "nodeValue": "",
      "xmlVersion": ""
   }
}
[2.716][DEBUG]: DEVTOOLS COMMAND Runtime.enable (id=9) {

}
[2.718][DEBUG]: DEVTOOLS RESPONSE Runtime.enable (id=9) {

}
[2.719][DEBUG]: DEVTOOLS COMMAND Runtime.evaluate (id=10) {
   "expression": "(function() { // Copyright (c) 2012 The Chromium Authors. All rights reserved.\n// Use of this source code is governed by a BSD-style license that can be\n// found in the LICENSE file.\n\n/**\n * Enum f...",
   "returnByValue": true
}
[2.733][DEBUG]: DEVTOOLS RESPONSE Runtime.evaluate (id=10) {
   "result": {
      "type": "object",
      "value": {
         "status": 0,
         "value": 1
      }
   }
}
[2.734][INFO]: RESPONSE InitSession {
   "acceptSslCerts": true,
   "applicationCacheEnabled": false,
   "browserConnectionEnabled": false,
   "browserName": "chrome",
   "chrome": {
      "chromedriverVersion": "2.33.506092 (733a02544d189eeb751fe0d7ddca79a0ee28cce4)",
      "userDataDir": "/tmp/.org.chromium.Chromium.L20b1t"
   },
   "cssSelectorsEnabled": true,
   "databaseEnabled": false,
   "handlesAlerts": true,
   "hasTouchScreen": false,
   "javascriptEnabled": true,
   "locationContextEnabled": true,
   "mobileEmulationEnabled": false,
   "nativeEvents": true,
   "networkConnectionEnabled": false,
   "pageLoadStrategy": "normal",
   "platform": "Linux",
   "rotatable": false,
   "setWindowRect": true,
   "takesHeapSnapshot": true,
   "~~~": "..."
}
[2.769][INFO]: COMMAND SetTimeout {
   "script": 11000
}
[2.771][INFO]: RESPONSE SetTimeout unknown error: 'ms' must be a double
  (Session info: chrome=63.0.3239.84)
[2.790][INFO]: COMMAND SetTimeout {
   "ms": 11000,
   "type": "script"
}
[2.790][INFO]: RESPONSE SetTimeout
[3.631][INFO]: COMMAND SetTimeout {
   "pageLoad": 30000
}
[3.633][INFO]: RESPONSE SetTimeout unknown error: 'ms' must be a double
  (Session info: chrome=63.0.3239.84)
[3.651][INFO]: COMMAND Navigate {
   "url": "https://translate.google.com/#en/es/Child"
}
[3.651][INFO]: Waiting for pending navigations...
[3.651][DEBUG]: DEVTOOLS COMMAND Runtime.evaluate (id=11) {
   "expression": "1"
}
[3.652][DEBUG]: DEVTOOLS EVENT Page.lifecycleEvent {
   "frameId": "(44178F55BBE494AC657D7315DAAD58D)",
   "name": "networkAlmostIdle",
   "timestamp": 2336.20161
}
[3.652][DEBUG]: DEVTOOLS EVENT Page.lifecycleEvent {
   "frameId": "(44178F55BBE494AC657D7315DAAD58D)",
   "name": "networkIdle",
   "timestamp": 2336.20161
}
[3.652][DEBUG]: DEVTOOLS RESPONSE Runtime.evaluate (id=11) {
   "result": {
      "description": "1",
      "type": "number",
      "value": 1
   }
}
[3.652][INFO]: Done waiting for pending navigations. Status: ok
[3.652][DEBUG]: DEVTOOLS COMMAND Page.navigate (id=12) {
   "url": "https://translate.google.com/#en/es/Child"
}
[3.655][DEBUG]: DEVTOOLS EVENT Page.frameStartedLoading {
   "frameId": "(44178F55BBE494AC657D7315DAAD58D)"
}
[3.658][DEBUG]: DEVTOOLS RESPONSE Page.navigate (id=12) {
   "frameId": "(44178F55BBE494AC657D7315DAAD58D)"
}
[3.658][INFO]: Waiting for pending navigations...
[3.658][DEBUG]: DEVTOOLS COMMAND Runtime.evaluate (id=13) {
   "expression": "1"
}
[3.670][DEBUG]: DEVTOOLS RESPONSE Runtime.evaluate (id=13) {
   "result": {
      "description": "1",
      "type": "number",
      "value": 1
   }
}
[3.809][DEBUG]: DEVTOOLS EVENT Runtime.executionContextDestroyed {
   "executionContextId": 1
}
[3.809][DEBUG]: DEVTOOLS EVENT Runtime.executionContextsCleared {

}
[3.810][DEBUG]: DEVTOOLS EVENT Page.lifecycleEvent {
   "frameId": "(44178F55BBE494AC657D7315DAAD58D)",
   "name": "commit",
   "timestamp": 2337.312749
}
[3.810][DEBUG]: DEVTOOLS EVENT Page.frameNavigated {
   "frame": {
      "id": "(44178F55BBE494AC657D7315DAAD58D)",
      "loaderId": "155.2",
      "mimeType": "text/html",
      "securityOrigin": "https://translate.google.com",
      "url": "https://translate.google.com/"
   }
}
[3.810][DEBUG]: DEVTOOLS EVENT Runtime.executionContextCreated {
   "context": {
      "auxData": {
         "frameId": "(44178F55BBE494AC657D7315DAAD58D)",
         "isDefault": true
      },
      "id": 3,
      "name": "",
      "origin": "https://translate.google.com"
   }
}
[3.810][DEBUG]: DEVTOOLS EVENT DOM.documentUpdated {

}
[3.810][DEBUG]: DEVTOOLS COMMAND DOM.getDocument (id=14) {

}
[3.909][DEBUG]: DEVTOOLS RESPONSE DOM.getDocument (id=14) {
   "root": {
      "backendNodeId": 10,
      "baseURL": "https://translate.google.com/#en/es/Child",
      "childNodeCount": 2,
      "children": [ {
         "backendNodeId": 11,
         "localName": "",
         "nodeId": 14,
         "nodeName": "html",
         "nodeType": 10,
         "nodeValue": "",
         "parentId": 13,
         "publicId": "",
         "systemId": ""
      }, {
         "attributes": [  ],
         "backendNodeId": 12,
         "childNodeCount": 1,
         "children": [ {
            "attributes": [  ],
            "backendNodeId": 13,
            "childNodeCount": 18,
            "localName": "head",
            "nodeId": 16,
            "nodeName": "HEAD",
            "nodeType": 1,
            "nodeValue": "",
            "parentId": 15
         } ],
         "frameId": "(44178F55BBE494AC657D7315DAAD58D)",
         "localName": "html",
         "nodeId": 15,
         "nodeName": "HTML",
         "nodeType": 1,
         "nodeValue": "",
         "parentId": 13
      } ],
      "documentURL": "https://translate.google.com/#en/es/Child",
      "localName": "",
      "nodeId": 13,
      "nodeName": "#document",
      "nodeType": 9,
      "nodeValue": "",
      "xmlVersion": ""
   }
}
[3.909][DEBUG]: DEVTOOLS COMMAND Runtime.evaluate (id=15) {
   "expression": "1"
}
[4.029][DEBUG]: DEVTOOLS EVENT DOM.childNodeCountUpdated {
   "childNodeCount": 19,
   "nodeId": 16
}
[4.029][DEBUG]: DEVTOOLS EVENT DOM.childNodeCountUpdated {
   "childNodeCount": 20,
   "nodeId": 16
}
[4.029][DEBUG]: DEVTOOLS EVENT DOM.childNodeCountUpdated {
   "childNodeCount": 21,
   "nodeId": 16
}
[4.029][DEBUG]: DEVTOOLS EVENT DOM.childNodeCountUpdated {
   "childNodeCount": 22,
   "nodeId": 16
}
[4.029][DEBUG]: DEVTOOLS EVENT DOM.childNodeInserted {
   "node": {
      "attributes": [ "dir", "ltr", "onload", "window.jstiming.load['tick']('ol');", "class", "e_md nj pre-epu" ],
      "backendNodeId": 14,
      "childNodeCount": 0,
      "localName": "body",
      "nodeId": 17,
      "nodeName": "BODY",
      "nodeType": 1,
      "nodeValue": ""
   },
   "parentNodeId": 15,
   "previousNodeId": 16
}
[4.029][DEBUG]: DEVTOOLS EVENT DOM.childNodeCountUpdated {
   "childNodeCount": 1,
   "nodeId": 17
}
[4.029][DEBUG]: DEVTOOLS EVENT DOM.childNodeCountUpdated {
   "childNodeCount": 2,
   "nodeId": 17
}
[4.029][DEBUG]: DEVTOOLS RESPONSE Runtime.evaluate (id=15) {
   "result": {
      "description": "1",
      "type": "number",
      "value": 1
   }
}
[4.118][DEBUG]: DEVTOOLS EVENT DOM.childNodeCountUpdated {
   "childNodeCount": 3,
   "nodeId": 17
}
[4.118][DEBUG]: DEVTOOLS EVENT DOM.attributeModified {
   "name": "class",
   "nodeId": 17,
   "value": "e_md  pre-epu"
}
[4.118][DEBUG]: DEVTOOLS EVENT DOM.childNodeCountUpdated {
   "childNodeCount": 4,
   "nodeId": 17
}
[4.118][DEBUG]: DEVTOOLS EVENT Page.lifecycleEvent {
   "frameId": "(44178F55BBE494AC657D7315DAAD58D)",
   "name": "firstPaint",
   "timestamp": 2337.591643
}
[4.118][DEBUG]: DEVTOOLS COMMAND Runtime.evaluate (id=16) {
   "expression": "1"
}
[4.149][DEBUG]: DEVTOOLS EVENT Page.lifecycleEvent {
   "frameId": "(44178F55BBE494AC657D7315DAAD58D)",
   "name": "firstContentfulPaint",
   "timestamp": 2337.591645
}
[4.149][DEBUG]: DEVTOOLS EVENT Page.lifecycleEvent {
   "frameId": "(44178F55BBE494AC657D7315DAAD58D)",
   "name": "firstTextPaint",
   "timestamp": 2337.591646
}
[4.149][DEBUG]: DEVTOOLS EVENT Page.lifecycleEvent {
   "frameId": "(44178F55BBE494AC657D7315DAAD58D)",
   "name": "firstImagePaint",
   "timestamp": 2337.591647
}
[4.149][DEBUG]: DEVTOOLS EVENT Page.lifecycleEvent {
   "frameId": "(44178F55BBE494AC657D7315DAAD58D)",
   "name": "firstMeaningfulPaintCandidate",
   "timestamp": 2337.591648
}
[4.209][DEBUG]: DEVTOOLS EVENT Page.lifecycleEvent {
   "frameId": "(44178F55BBE494AC657D7315DAAD58D)",
   "name": "firstMeaningfulPaintCandidate",
   "timestamp": 2337.665865
}
[4.209][DEBUG]: DEVTOOLS RESPONSE Runtime.evaluate (id=16) {
   "result": {
      "description": "1",
      "type": "number",
      "value": 1
   }
}
[4.257][DEBUG]: DEVTOOLS EVENT DOM.childNodeCountUpdated {
   "childNodeCount": 23,
   "nodeId": 16
}
[4.257][DEBUG]: DEVTOOLS COMMAND Runtime.evaluate (id=17) {
   "expression": "1"
}
[4.336][DEBUG]: DEVTOOLS RESPONSE Runtime.evaluate (id=17) {
   "result": {
      "description": "1",
      "type": "number",
      "value": 1
   }
}
[4.722][DEBUG]: DEVTOOLS EVENT DOM.attributeModified {
   "name": "class",
   "nodeId": 17,
   "value": "e_md pre-epu"
}
[4.722][DEBUG]: DEVTOOLS COMMAND Runtime.evaluate (id=18) {
   "expression": "1"
}
[4.722][DEBUG]: DEVTOOLS EVENT DOM.childNodeCountUpdated {
   "childNodeCount": 5,
   "nodeId": 17
}
[4.738][DEBUG]: DEVTOOLS EVENT DOM.childNodeCountUpdated {
   "childNodeCount": 4,
   "nodeId": 17
}
[4.738][DEBUG]: DEVTOOLS EVENT DOM.childNodeCountUpdated {
   "childNodeCount": 5,
   "nodeId": 17
}
[4.738][DEBUG]: DEVTOOLS EVENT DOM.childNodeCountUpdated {
   "childNodeCount": 6,
   "nodeId": 17
}
[4.738][DEBUG]: DEVTOOLS EVENT DOM.childNodeCountUpdated {
   "childNodeCount": 7,
   "nodeId": 17
}
[4.738][DEBUG]: DEVTOOLS EVENT DOM.childNodeCountUpdated {
   "childNodeCount": 8,
   "nodeId": 17
}
[4.738][DEBUG]: DEVTOOLS EVENT DOM.childNodeCountUpdated {
   "childNodeCount": 7,
   "nodeId": 17
}
[4.738][DEBUG]: DEVTOOLS EVENT DOM.childNodeCountUpdated {
   "childNodeCount": 6,
   "nodeId": 17
}
[4.738][DEBUG]: DEVTOOLS EVENT DOM.childNodeCountUpdated {
   "childNodeCount": 7,
   "nodeId": 17
}
[4.738][DEBUG]: DEVTOOLS EVENT DOM.childNodeCountUpdated {
   "childNodeCount": 8,
   "nodeId": 17
}
[4.738][DEBUG]: DEVTOOLS EVENT DOM.childNodeCountUpdated {
   "childNodeCount": 9,
   "nodeId": 17
}
[4.745][DEBUG]: DEVTOOLS EVENT DOM.childNodeCountUpdated {
   "childNodeCount": 10,
   "nodeId": 17
}
[4.745][DEBUG]: DEVTOOLS EVENT DOM.childNodeCountUpdated {
   "childNodeCount": 11,
   "nodeId": 17
}
[4.745][DEBUG]: DEVTOOLS EVENT DOM.childNodeCountUpdated {
   "childNodeCount": 12,
   "nodeId": 17
}
[4.745][DEBUG]: DEVTOOLS EVENT DOM.childNodeCountUpdated {
   "childNodeCount": 13,
   "nodeId": 17
}
[4.745][DEBUG]: DEVTOOLS EVENT DOM.childNodeCountUpdated {
   "childNodeCount": 14,
   "nodeId": 17
}
[4.745][DEBUG]: DEVTOOLS EVENT DOM.childNodeCountUpdated {
   "childNodeCount": 15,
   "nodeId": 17
}
[4.745][DEBUG]: DEVTOOLS EVENT DOM.childNodeCountUpdated {
   "childNodeCount": 14,
   "nodeId": 17
}
[4.745][DEBUG]: DEVTOOLS EVENT DOM.childNodeCountUpdated {
   "childNodeCount": 13,
   "nodeId": 17
}
[4.745][DEBUG]: DEVTOOLS EVENT DOM.childNodeCountUpdated {
   "childNodeCount": 14,
   "nodeId": 17
}
[4.745][DEBUG]: DEVTOOLS EVENT DOM.childNodeCountUpdated {
   "childNodeCount": 24,
   "nodeId": 16
}
[4.745][DEBUG]: DEVTOOLS EVENT DOM.childNodeCountUpdated {
   "childNodeCount": 15,
   "nodeId": 17
}
[4.745][DEBUG]: DEVTOOLS EVENT DOM.childNodeCountUpdated {
   "childNodeCount": 14,
   "nodeId": 17
}
[4.745][DEBUG]: DEVTOOLS EVENT DOM.childNodeCountUpdated {
   "childNodeCount": 15,
   "nodeId": 17
}
[4.745][DEBUG]: DEVTOOLS EVENT DOM.childNodeCountUpdated {
   "childNodeCount": 14,
   "nodeId": 17
}
[4.745][DEBUG]: DEVTOOLS EVENT DOM.childNodeCountUpdated {
   "childNodeCount": 15,
   "nodeId": 17
}
[4.745][DEBUG]: DEVTOOLS EVENT DOM.childNodeCountUpdated {
   "childNodeCount": 14,
   "nodeId": 17
}
[4.745][DEBUG]: DEVTOOLS EVENT DOM.childNodeCountUpdated {
   "childNodeCount": 15,
   "nodeId": 17
}
[4.745][DEBUG]: DEVTOOLS EVENT DOM.childNodeCountUpdated {
   "childNodeCount": 14,
   "nodeId": 17
}
[4.745][DEBUG]: DEVTOOLS EVENT DOM.childNodeCountUpdated {
   "childNodeCount": 15,
   "nodeId": 17
}
[4.745][DEBUG]: DEVTOOLS EVENT DOM.childNodeCountUpdated {
   "childNodeCount": 14,
   "nodeId": 17
}
[4.745][DEBUG]: DEVTOOLS EVENT DOM.childNodeCountUpdated {
   "childNodeCount": 15,
   "nodeId": 17
}
[4.745][DEBUG]: DEVTOOLS EVENT DOM.childNodeCountUpdated {
   "childNodeCount": 14,
   "nodeId": 17
}
[4.748][DEBUG]: DEVTOOLS EVENT DOM.childNodeCountUpdated {
   "childNodeCount": 15,
   "nodeId": 17
}
[4.749][DEBUG]: DEVTOOLS EVENT DOM.childNodeCountUpdated {
   "childNodeCount": 14,
   "nodeId": 17
}
[4.749][DEBUG]: DEVTOOLS EVENT DOM.childNodeCountUpdated {
   "childNodeCount": 15,
   "nodeId": 17
}
[4.749][DEBUG]: DEVTOOLS EVENT DOM.childNodeCountUpdated {
   "childNodeCount": 14,
   "nodeId": 17
}
[4.749][DEBUG]: DEVTOOLS EVENT DOM.childNodeCountUpdated {
   "childNodeCount": 15,
   "nodeId": 17
}
[4.749][DEBUG]: DEVTOOLS EVENT DOM.childNodeCountUpdated {
   "childNodeCount": 14,
   "nodeId": 17
}
[4.749][DEBUG]: DEVTOOLS EVENT DOM.childNodeCountUpdated {
   "childNodeCount": 15,
   "nodeId": 17
}
[4.749][DEBUG]: DEVTOOLS EVENT DOM.childNodeCountUpdated {
   "childNodeCount": 14,
   "nodeId": 17
}
[4.749][DEBUG]: DEVTOOLS EVENT DOM.childNodeCountUpdated {
   "childNodeCount": 15,
   "nodeId": 17
}
[4.749][DEBUG]: DEVTOOLS EVENT DOM.childNodeCountUpdated {
   "childNodeCount": 14,
   "nodeId": 17
}
[4.750][DEBUG]: DEVTOOLS EVENT DOM.childNodeCountUpdated {
   "childNodeCount": 15,
   "nodeId": 17
}
[4.775][DEBUG]: DEVTOOLS EVENT DOM.childNodeCountUpdated {
   "childNodeCount": 14,
   "nodeId": 17
}
[4.775][DEBUG]: DEVTOOLS EVENT DOM.childNodeCountUpdated {
   "childNodeCount": 15,
   "nodeId": 17
}
[4.775][DEBUG]: DEVTOOLS EVENT DOM.childNodeCountUpdated {
   "childNodeCount": 14,
   "nodeId": 17
}
[4.775][DEBUG]: DEVTOOLS EVENT DOM.childNodeCountUpdated {
   "childNodeCount": 15,
   "nodeId": 17
}
[4.775][DEBUG]: DEVTOOLS EVENT DOM.childNodeCountUpdated {
   "childNodeCount": 14,
   "nodeId": 17
}
[4.775][DEBUG]: DEVTOOLS EVENT DOM.childNodeCountUpdated {
   "childNodeCount": 15,
   "nodeId": 17
}
[4.775][DEBUG]: DEVTOOLS EVENT DOM.childNodeCountUpdated {
   "childNodeCount": 14,
   "nodeId": 17
}
[4.775][DEBUG]: DEVTOOLS EVENT DOM.childNodeCountUpdated {
   "childNodeCount": 15,
   "nodeId": 17
}
[4.775][DEBUG]: DEVTOOLS EVENT DOM.childNodeCountUpdated {
   "childNodeCount": 14,
   "nodeId": 17
}
[4.775][DEBUG]: DEVTOOLS EVENT DOM.childNodeCountUpdated {
   "childNodeCount": 25,
   "nodeId": 16
}
[4.775][DEBUG]: DEVTOOLS EVENT DOM.childNodeCountUpdated {
   "childNodeCount": 26,
   "nodeId": 16
}
[4.775][DEBUG]: DEVTOOLS EVENT DOM.childNodeCountUpdated {
   "childNodeCount": 27,
   "nodeId": 16
}
[4.775][DEBUG]: DEVTOOLS EVENT DOM.childNodeCountUpdated {
   "childNodeCount": 15,
   "nodeId": 17
}
[4.775][DEBUG]: DEVTOOLS EVENT DOM.childNodeCountUpdated {
   "childNodeCount": 14,
   "nodeId": 17
}
[4.775][DEBUG]: DEVTOOLS EVENT DOM.childNodeCountUpdated {
   "childNodeCount": 28,
   "nodeId": 16
}
[4.775][DEBUG]: DEVTOOLS EVENT DOM.childNodeCountUpdated {
   "childNodeCount": 15,
   "nodeId": 17
}
[4.775][DEBUG]: DEVTOOLS EVENT DOM.childNodeCountUpdated {
   "childNodeCount": 14,
   "nodeId": 17
}
[4.775][DEBUG]: DEVTOOLS EVENT Page.domContentEventFired {
   "timestamp": 2338.252563
}
[4.775][DEBUG]: DEVTOOLS EVENT Page.lifecycleEvent {
   "frameId": "(44178F55BBE494AC657D7315DAAD58D)",
   "name": "DOMContentLoaded",
   "timestamp": 2338.252563
}
[4.775][DEBUG]: DEVTOOLS EVENT DOM.documentUpdated {

}
[4.775][DEBUG]: DEVTOOLS COMMAND DOM.getDocument (id=19) {

}
[4.837][DEBUG]: DEVTOOLS RESPONSE Runtime.evaluate (id=18) {
   "result": {
      "description": "1",
      "type": "number",
      "value": 1
   }
}
[4.849][DEBUG]: DEVTOOLS RESPONSE DOM.getDocument (id=19) {
   "root": {
      "backendNodeId": 10,
      "baseURL": "https://translate.google.com/#en/es/Child",
      "childNodeCount": 2,
      "children": [ {
         "backendNodeId": 11,
         "localName": "",
         "nodeId": 19,
         "nodeName": "html",
         "nodeType": 10,
         "nodeValue": "",
         "parentId": 18,
         "publicId": "",
         "systemId": ""
      }, {
         "attributes": [  ],
         "backendNodeId": 12,
         "childNodeCount": 2,
         "children": [ {
            "attributes": [  ],
            "backendNodeId": 13,
            "childNodeCount": 28,
            "localName": "head",
            "nodeId": 21,
            "nodeName": "HEAD",
            "nodeType": 1,
            "nodeValue": "",
            "parentId": 20
         }, {
            "attributes": [ "dir", "ltr", "onload", "window.jstiming.load['tick']('ol');", "class", "e_md pre-epu" ],
            "backendNodeId": 14,
            "childNodeCount": 14,
            "localName": "body",
            "nodeId": 22,
            "nodeName": "BODY",
            "nodeType": 1,
            "nodeValue": "",
            "parentId": 20
         } ],
         "frameId": "(44178F55BBE494AC657D7315DAAD58D)",
         "localName": "html",
         "nodeId": 20,
         "nodeName": "HTML",
         "nodeType": 1,
         "nodeValue": "",
         "parentId": 18
      } ],
      "documentURL": "https://translate.google.com/#en/es/Child",
      "localName": "",
      "nodeId": 18,
      "nodeName": "#document",
      "nodeType": 9,
      "nodeValue": "",
      "xmlVersion": ""
   }
}
[4.911][DEBUG]: DEVTOOLS EVENT Page.lifecycleEvent {
   "frameId": "(44178F55BBE494AC657D7315DAAD58D)",
   "name": "firstMeaningfulPaintCandidate",
   "timestamp": 2338.380378
}
[4.911][DEBUG]: DEVTOOLS COMMAND Runtime.evaluate (id=20) {
   "expression": "1"
}
[5.050][DEBUG]: DEVTOOLS EVENT DOM.childNodeCountUpdated {
   "childNodeCount": 29,
   "nodeId": 21
}
[5.050][DEBUG]: DEVTOOLS EVENT DOM.childNodeCountUpdated {
   "childNodeCount": 15,
   "nodeId": 22
}
[5.050][DEBUG]: DEVTOOLS EVENT DOM.childNodeCountUpdated {
   "childNodeCount": 16,
   "nodeId": 22
}
[5.050][DEBUG]: DEVTOOLS EVENT DOM.childNodeCountUpdated {
   "childNodeCount": 17,
   "nodeId": 22
}
[5.050][DEBUG]: DEVTOOLS EVENT DOM.childNodeCountUpdated {
   "childNodeCount": 18,
   "nodeId": 22
}
[5.050][DEBUG]: DEVTOOLS EVENT DOM.childNodeCountUpdated {
   "childNodeCount": 19,
   "nodeId": 22
}
[5.050][DEBUG]: DEVTOOLS EVENT DOM.childNodeCountUpdated {
   "childNodeCount": 30,
   "nodeId": 21
}
[5.051][DEBUG]: DEVTOOLS EVENT DOM.childNodeCountUpdated {
   "childNodeCount": 20,
   "nodeId": 22
}
[5.051][DEBUG]: DEVTOOLS EVENT DOM.childNodeCountUpdated {
   "childNodeCount": 21,
   "nodeId": 22
}
[5.051][DEBUG]: DEVTOOLS EVENT DOM.childNodeCountUpdated {
   "childNodeCount": 20,
   "nodeId": 22
}
[5.051][DEBUG]: DEVTOOLS EVENT DOM.childNodeCountUpdated {
   "childNodeCount": 19,
   "nodeId": 22
}
[5.051][DEBUG]: DEVTOOLS EVENT DOM.childNodeCountUpdated {
   "childNodeCount": 20,
   "nodeId": 22
}
[5.051][DEBUG]: DEVTOOLS EVENT DOM.childNodeCountUpdated {
   "childNodeCount": 31,
   "nodeId": 21
}
[5.051][DEBUG]: DEVTOOLS EVENT DOM.childNodeCountUpdated {
   "childNodeCount": 32,
   "nodeId": 21
}
[5.052][DEBUG]: DEVTOOLS RESPONSE Runtime.evaluate (id=20) {
   "result": {
      "description": "1",
      "type": "number",
      "value": 1
   }
}
[5.109][DEBUG]: DEVTOOLS EVENT Runtime.exceptionThrown {
   "exceptionDetails": {
      "columnNumber": 474,
      "exception": {
         "className": "TypeError",
         "description": "TypeError: Cannot convert undefined or null to object\n    at Image.b.onload.b.onerror (https://translate.google.com/translate/releases/twsfe_w_20180827_RC01/r/js/desktop_module_main.js:839:475)",
         "objectId": "{\"injectedScriptId\":3,\"id\":1}",
         "preview": {
            "description": "TypeError: Cannot convert undefined or null to object\n    at Image.b.onload.b.onerror (https://translate.google.com/translate/releases/twsfe_w_20180827_RC01/r/js/desktop_module_main.js:839:475)",
            "overflow": false,
            "properties": [ {
               "name": "stack",
               "type": "string",
               "value": "TypeError: Cannot convert undefined or null to obj…0180827_RC01/r/js/desktop_module_main.js:839:475)"
            }, {
               "name": "message",
               "type": "string",
               "value": "Cannot convert undefined or null to object"
            } ],
            "subtype": "error",
            "type": "object"
         },
         "subtype": "error",
         "type": "object"
      },
      "exceptionId": 1,
      "executionContextId": 3,
      "lineNumber": 838,
      "stackTrace": {
         "callFrames": [ {
            "columnNumber": 474,
            "functionName": "b.onload.b.onerror",
            "lineNumber": 838,
            "scriptId": "52",
            "url": "https://translate.google.com/translate/releases/twsfe_w_20180827_RC01/r/js/desktop_module_main.js"
         } ]
      },
      "text": "Uncaught",
      "url": "https://translate.google.com/translate/releases/twsfe_w_20180827_RC01/r/js/desktop_module_main.js"
   },
   "timestamp": 1535700855275.234
}
[5.109][DEBUG]: DEVTOOLS COMMAND Runtime.evaluate (id=21) {
   "expression": "1"
}
[5.189][DEBUG]: DEVTOOLS EVENT DOM.childNodeCountUpdated {
   "childNodeCount": 21,
   "nodeId": 22
}
[5.189][DEBUG]: DEVTOOLS RESPONSE Runtime.evaluate (id=21) {
   "result": {
      "description": "1",
      "type": "number",
      "value": 1
   }
}
[5.248][DEBUG]: DEVTOOLS EVENT Page.loadEventFired {
   "timestamp": 2338.746938
}
[5.248][DEBUG]: DEVTOOLS EVENT Page.lifecycleEvent {
   "frameId": "(44178F55BBE494AC657D7315DAAD58D)",
   "name": "load",
   "timestamp": 2338.746938
}
[5.248][DEBUG]: DEVTOOLS EVENT Page.frameStoppedLoading {
   "frameId": "(44178F55BBE494AC657D7315DAAD58D)"
}
[5.248][DEBUG]: DEVTOOLS COMMAND Runtime.evaluate (id=22) {
   "expression": "1"
}
[5.249][DEBUG]: DEVTOOLS RESPONSE Runtime.evaluate (id=22) {
   "result": {
      "description": "1",
      "type": "number",
      "value": 1
   }
}
[5.249][INFO]: Done waiting for pending navigations. Status: ok
[5.249][INFO]: RESPONSE Navigate
[5.249][INFO]: COMMAND SetTimeout {
   "ms": 30000,
   "type": "page load"
}
[5.249][INFO]: RESPONSE SetTimeout
[5.293][INFO]: COMMAND FindElements {
   "using": "css selector",
   "value": "#gt-src-c"
}
[5.293][INFO]: Waiting for pending navigations...
[5.293][DEBUG]: DEVTOOLS COMMAND Runtime.evaluate (id=23) {
   "expression": "1"
}
[5.294][DEBUG]: DEVTOOLS RESPONSE Runtime.evaluate (id=23) {
   "result": {
      "description": "1",
      "type": "number",
      "value": 1
   }
}
[5.294][INFO]: Done waiting for pending navigations. Status: ok
[5.296][DEBUG]: DEVTOOLS COMMAND Runtime.evaluate (id=24) {
   "expression": "(function() { // Copyright (c) 2012 The Chromium Authors. All rights reserved.\n// Use of this source code is governed by a BSD-style license that can be\n// found in the LICENSE file.\n\n/**\n * Enum f...",
   "returnByValue": true
}
[5.318][DEBUG]: DEVTOOLS RESPONSE Runtime.evaluate (id=24) {
   "result": {
      "type": "object",
      "value": {
         "status": 0,
         "value": [ {
            "ELEMENT": "0.005812304434276383-1"
         } ]
      }
   }
}
[5.318][INFO]: Waiting for pending navigations...
[5.318][DEBUG]: DEVTOOLS COMMAND Runtime.evaluate (id=25) {
   "expression": "1"
}
[5.319][DEBUG]: DEVTOOLS RESPONSE Runtime.evaluate (id=25) {
   "result": {
      "description": "1",
      "type": "number",
      "value": 1
   }
}
[5.319][INFO]: Done waiting for pending navigations. Status: ok
[5.319][INFO]: RESPONSE FindElements [ {
   "ELEMENT": "0.005812304434276383-1"
} ]
[5.350][INFO]: COMMAND IsElementDisplayed {
   "id": "0.005812304434276383-1"
}
[5.350][INFO]: Waiting for pending navigations...
[5.350][DEBUG]: DEVTOOLS COMMAND Runtime.evaluate (id=26) {
   "expression": "1"
}
[5.351][DEBUG]: DEVTOOLS RESPONSE Runtime.evaluate (id=26) {
   "result": {
      "description": "1",
      "type": "number",
      "value": 1
   }
}
[5.351][INFO]: Done waiting for pending navigations. Status: ok
[5.354][DEBUG]: DEVTOOLS COMMAND Runtime.evaluate (id=27) {
   "expression": "(function() { // Copyright (c) 2012 The Chromium Authors. All rights reserved.\n// Use of this source code is governed by a BSD-style license that can be\n// found in the LICENSE file.\n\n/**\n * Enum f...",
   "returnByValue": true
}
[5.399][DEBUG]: DEVTOOLS RESPONSE Runtime.evaluate (id=27) {
   "result": {
      "type": "object",
      "value": {
         "status": 0,
         "value": true
      }
   }
}
[5.399][INFO]: Waiting for pending navigations...
[5.399][DEBUG]: DEVTOOLS COMMAND Runtime.evaluate (id=28) {
   "expression": "1"
}
[5.400][DEBUG]: DEVTOOLS RESPONSE Runtime.evaluate (id=28) {
   "result": {
      "description": "1",
      "type": "number",
      "value": 1
   }
}
[5.400][INFO]: Done waiting for pending navigations. Status: ok
[5.400][INFO]: RESPONSE IsElementDisplayed true
[5.403][INFO]: COMMAND FindChildElements {
   "id": "0.005812304434276383-1",
   "using": "css selector",
   "value": "textarea#source"
}
[5.403][INFO]: Waiting for pending navigations...
[5.404][DEBUG]: DEVTOOLS COMMAND Runtime.evaluate (id=29) {
   "expression": "1"
}
[5.412][DEBUG]: DEVTOOLS RESPONSE Runtime.evaluate (id=29) {
   "result": {
      "description": "1",
      "type": "number",
      "value": 1
   }
}
[5.412][INFO]: Done waiting for pending navigations. Status: ok
[5.415][DEBUG]: DEVTOOLS COMMAND Runtime.evaluate (id=30) {
   "expression": "(function() { // Copyright (c) 2012 The Chromium Authors. All rights reserved.\n// Use of this source code is governed by a BSD-style license that can be\n// found in the LICENSE file.\n\n/**\n * Enum f...",
   "returnByValue": true
}
[5.424][DEBUG]: DEVTOOLS RESPONSE Runtime.evaluate (id=30) {
   "result": {
      "type": "object",
      "value": {
         "status": 0,
         "value": [ {
            "ELEMENT": "0.005812304434276383-2"
         } ]
      }
   }
}
[5.424][INFO]: Waiting for pending navigations...
[5.424][DEBUG]: DEVTOOLS COMMAND Runtime.evaluate (id=31) {
   "expression": "1"
}
[5.431][DEBUG]: DEVTOOLS RESPONSE Runtime.evaluate (id=31) {
   "result": {
      "description": "1",
      "type": "number",
      "value": 1
   }
}
[5.431][INFO]: Done waiting for pending navigations. Status: ok
[5.431][INFO]: RESPONSE FindChildElements [ {
   "ELEMENT": "0.005812304434276383-2"
} ]
[5.436][INFO]: COMMAND IsElementDisplayed {
   "id": "0.005812304434276383-2"
}
[5.436][INFO]: Waiting for pending navigations...
[5.436][DEBUG]: DEVTOOLS COMMAND Runtime.evaluate (id=32) {
   "expression": "1"
}
[5.437][DEBUG]: DEVTOOLS RESPONSE Runtime.evaluate (id=32) {
   "result": {
      "description": "1",
      "type": "number",
      "value": 1
   }
}
[5.437][INFO]: Done waiting for pending navigations. Status: ok
[5.439][DEBUG]: DEVTOOLS COMMAND Runtime.evaluate (id=33) {
   "expression": "(function() { // Copyright (c) 2012 The Chromium Authors. All rights reserved.\n// Use of this source code is governed by a BSD-style license that can be\n// found in the LICENSE file.\n\n/**\n * Enum f...",
   "returnByValue": true
}
[5.472][DEBUG]: DEVTOOLS RESPONSE Runtime.evaluate (id=33) {
   "result": {
      "type": "object",
      "value": {
         "status": 0,
         "value": true
      }
   }
}
[5.472][INFO]: Waiting for pending navigations...
[5.472][DEBUG]: DEVTOOLS COMMAND Runtime.evaluate (id=34) {
   "expression": "1"
}
[5.472][DEBUG]: DEVTOOLS RESPONSE Runtime.evaluate (id=34) {
   "result": {
      "description": "1",
      "type": "number",
      "value": 1
   }
}
[5.472][INFO]: Done waiting for pending navigations. Status: ok
[5.472][INFO]: RESPONSE IsElementDisplayed true
[5.476][INFO]: COMMAND ClearElement {
   "id": "0.005812304434276383-2"
}
[5.476][INFO]: Waiting for pending navigations...
[5.476][DEBUG]: DEVTOOLS COMMAND Runtime.evaluate (id=35) {
   "expression": "1"
}
[5.478][DEBUG]: DEVTOOLS RESPONSE Runtime.evaluate (id=35) {
   "result": {
      "description": "1",
      "type": "number",
      "value": 1
   }
}
[5.478][INFO]: Done waiting for pending navigations. Status: ok
[5.490][DEBUG]: DEVTOOLS COMMAND Runtime.evaluate (id=36) {
   "expression": "(function() { // Copyright (c) 2012 The Chromium Authors. All rights reserved.\n// Use of this source code is governed by a BSD-style license that can be\n// found in the LICENSE file.\n\n/**\n * Enum f...",
   "returnByValue": true
}
[5.509][DEBUG]: DEVTOOLS RESPONSE Runtime.evaluate (id=36) {
   "result": {
      "type": "object",
      "value": {
         "status": 0,
         "value": null
      }
   }
}
[5.509][INFO]: Waiting for pending navigations...
[5.510][DEBUG]: DEVTOOLS COMMAND Runtime.evaluate (id=37) {
   "expression": "1"
}
[5.514][DEBUG]: DEVTOOLS RESPONSE Runtime.evaluate (id=37) {
   "result": {
      "description": "1",
      "type": "number",
      "value": 1
   }
}
[5.514][INFO]: Done waiting for pending navigations. Status: ok
[5.514][INFO]: RESPONSE ClearElement
[5.529][INFO]: COMMAND TypeElement {
   "id": "0.005812304434276383-2",
   "text": "12345",
   "value": [ "1", "2", "3", "4", "5" ]
}
[5.529][INFO]: Waiting for pending navigations...
[5.529][DEBUG]: DEVTOOLS COMMAND Runtime.evaluate (id=38) {
   "expression": "1"
}
[5.535][DEBUG]: DEVTOOLS RESPONSE Runtime.evaluate (id=38) {
   "result": {
      "description": "1",
      "type": "number",
      "value": 1
   }
}
[5.535][INFO]: Done waiting for pending navigations. Status: ok
[5.536][DEBUG]: DEVTOOLS COMMAND Runtime.evaluate (id=39) {
   "expression": "(function() { // Copyright (c) 2012 The Chromium Authors. All rights reserved.\n// Use of this source code is governed by a BSD-style license that can be\n// found in the LICENSE file.\n\n/**\n * Enum f...",
   "returnByValue": true
}
[5.539][DEBUG]: DEVTOOLS RESPONSE Runtime.evaluate (id=39) {
   "result": {
      "type": "object",
      "value": {
         "status": 0,
         "value": "TEXTAREA"
      }
   }
}
[5.540][DEBUG]: DEVTOOLS COMMAND Runtime.evaluate (id=40) {
   "expression": "(function() { // Copyright (c) 2012 The Chromium Authors. All rights reserved.\n// Use of this source code is governed by a BSD-style license that can be\n// found in the LICENSE file.\n\n/**\n * Enum f...",
   "returnByValue": true
}
[5.542][DEBUG]: DEVTOOLS RESPONSE Runtime.evaluate (id=40) {
   "result": {
      "type": "object",
      "value": {
         "status": 0,
         "value": "textarea"
      }
   }
}
[5.543][DEBUG]: DEVTOOLS COMMAND Runtime.evaluate (id=41) {
   "expression": "(function() { // Copyright (c) 2012 The Chromium Authors. All rights reserved.\n// Use of this source code is governed by a BSD-style license that can be\n// found in the LICENSE file.\n\n/**\n * Enum f...",
   "returnByValue": true
}
[5.561][DEBUG]: DEVTOOLS RESPONSE Runtime.evaluate (id=41) {
   "result": {
      "type": "object",
      "value": {
         "status": 0,
         "value": true
      }
   }
}
[5.563][DEBUG]: DEVTOOLS COMMAND Runtime.evaluate (id=42) {
   "expression": "(function() { // Copyright (c) 2012 The Chromium Authors. All rights reserved.\n// Use of this source code is governed by a BSD-style license that can be\n// found in the LICENSE file.\n\n/**\n * Enum f...",
   "returnByValue": true
}
[5.577][DEBUG]: DEVTOOLS RESPONSE Runtime.evaluate (id=42) {
   "result": {
      "type": "object",
      "value": {
         "status": 0,
         "value": true
      }
   }
}
[5.577][DEBUG]: DEVTOOLS COMMAND Runtime.evaluate (id=43) {
   "expression": "(function() { // Copyright (c) 2012 The Chromium Authors. All rights reserved.\n// Use of this source code is governed by a BSD-style license that can be\n// found in the LICENSE file.\n\n/**\n * Enum f...",
   "returnByValue": true
}
[5.588][DEBUG]: DEVTOOLS RESPONSE Runtime.evaluate (id=43) {
   "result": {
      "type": "object",
      "value": {
         "status": 0,
         "value": null
      }
   }
}
[5.591][DEBUG]: DEVTOOLS COMMAND Input.dispatchKeyEvent (id=44) {
   "code": "Digit1",
   "key": "1",
   "modifiers": 0,
   "text": "1",
   "type": "rawKeyDown",
   "unmodifiedText": "1",
   "windowsVirtualKeyCode": 49
}
[5.598][DEBUG]: DEVTOOLS RESPONSE Input.dispatchKeyEvent (id=44) {

}
[5.598][DEBUG]: DEVTOOLS COMMAND Input.dispatchKeyEvent (id=45) {
   "code": "Digit1",
   "key": "1",
   "modifiers": 0,
   "text": "1",
   "type": "char",
   "unmodifiedText": "1",
   "windowsVirtualKeyCode": 49
}
[5.602][DEBUG]: DEVTOOLS RESPONSE Input.dispatchKeyEvent (id=45) {

}
[5.602][DEBUG]: DEVTOOLS COMMAND Input.dispatchKeyEvent (id=46) {
   "code": "Digit1",
   "key": "1",
   "modifiers": 0,
   "text": "1",
   "type": "keyUp",
   "unmodifiedText": "1",
   "windowsVirtualKeyCode": 49
}
[5.612][DEBUG]: DEVTOOLS RESPONSE Input.dispatchKeyEvent (id=46) {

}
[5.612][DEBUG]: DEVTOOLS COMMAND Input.dispatchKeyEvent (id=47) {
   "code": "Digit2",
   "key": "2",
   "modifiers": 0,
   "text": "2",
   "type": "rawKeyDown",
   "unmodifiedText": "2",
   "windowsVirtualKeyCode": 50
}
[5.617][DEBUG]: DEVTOOLS RESPONSE Input.dispatchKeyEvent (id=47) {

}
[5.617][DEBUG]: DEVTOOLS COMMAND Input.dispatchKeyEvent (id=48) {
   "code": "Digit2",
   "key": "2",
   "modifiers": 0,
   "text": "2",
   "type": "char",
   "unmodifiedText": "2",
   "windowsVirtualKeyCode": 50
}
[5.648][DEBUG]: DEVTOOLS RESPONSE Input.dispatchKeyEvent (id=48) {

}
[5.648][DEBUG]: DEVTOOLS COMMAND Input.dispatchKeyEvent (id=49) {
   "code": "Digit2",
   "key": "2",
   "modifiers": 0,
   "text": "2",
   "type": "keyUp",
   "unmodifiedText": "2",
   "windowsVirtualKeyCode": 50
}
[5.651][DEBUG]: DEVTOOLS EVENT DOM.childNodeCountUpdated {
   "childNodeCount": 33,
   "nodeId": 21
}
[5.669][DEBUG]: DEVTOOLS RESPONSE Input.dispatchKeyEvent (id=49) {

}
[5.669][DEBUG]: DEVTOOLS COMMAND Input.dispatchKeyEvent (id=50) {
   "code": "Digit3",
   "key": "3",
   "modifiers": 0,
   "text": "3",
   "type": "rawKeyDown",
   "unmodifiedText": "3",
   "windowsVirtualKeyCode": 51
}
[5.669][DEBUG]: DEVTOOLS EVENT DOM.childNodeCountUpdated {
   "childNodeCount": 32,
   "nodeId": 21
}
[5.670][DEBUG]: DEVTOOLS RESPONSE Input.dispatchKeyEvent (id=50) {

}
[5.670][DEBUG]: DEVTOOLS COMMAND Input.dispatchKeyEvent (id=51) {
   "code": "Digit3",
   "key": "3",
   "modifiers": 0,
   "text": "3",
   "type": "char",
   "unmodifiedText": "3",
   "windowsVirtualKeyCode": 51
}
[5.672][DEBUG]: DEVTOOLS RESPONSE Input.dispatchKeyEvent (id=51) {

}
[5.672][DEBUG]: DEVTOOLS COMMAND Input.dispatchKeyEvent (id=52) {
   "code": "Digit3",
   "key": "3",
   "modifiers": 0,
   "text": "3",
   "type": "keyUp",
   "unmodifiedText": "3",
   "windowsVirtualKeyCode": 51
}
[5.673][DEBUG]: DEVTOOLS RESPONSE Input.dispatchKeyEvent (id=52) {

}
[5.673][DEBUG]: DEVTOOLS COMMAND Input.dispatchKeyEvent (id=53) {
   "code": "Digit4",
   "key": "4",
   "modifiers": 0,
   "text": "4",
   "type": "rawKeyDown",
   "unmodifiedText": "4",
   "windowsVirtualKeyCode": 52
}
[5.675][DEBUG]: DEVTOOLS RESPONSE Input.dispatchKeyEvent (id=53) {

}
[5.675][DEBUG]: DEVTOOLS COMMAND Input.dispatchKeyEvent (id=54) {
   "code": "Digit4",
   "key": "4",
   "modifiers": 0,
   "text": "4",
   "type": "char",
   "unmodifiedText": "4",
   "windowsVirtualKeyCode": 52
}
[5.677][DEBUG]: DEVTOOLS RESPONSE Input.dispatchKeyEvent (id=54) {

}
[5.677][DEBUG]: DEVTOOLS COMMAND Input.dispatchKeyEvent (id=55) {
   "code": "Digit4",
   "key": "4",
   "modifiers": 0,
   "text": "4",
   "type": "keyUp",
   "unmodifiedText": "4",
   "windowsVirtualKeyCode": 52
}
[5.704][DEBUG]: DEVTOOLS RESPONSE Input.dispatchKeyEvent (id=55) {

}
[5.704][DEBUG]: DEVTOOLS COMMAND Input.dispatchKeyEvent (id=56) {
   "code": "Digit5",
   "key": "5",
   "modifiers": 0,
   "text": "5",
   "type": "rawKeyDown",
   "unmodifiedText": "5",
   "windowsVirtualKeyCode": 53
}
[5.713][DEBUG]: DEVTOOLS EVENT Page.lifecycleEvent {
   "frameId": "(44178F55BBE494AC657D7315DAAD58D)",
   "name": "firstMeaningfulPaint",
   "timestamp": 2338.380378
}
[5.713][DEBUG]: DEVTOOLS RESPONSE Input.dispatchKeyEvent (id=56) {

}
[5.713][DEBUG]: DEVTOOLS COMMAND Input.dispatchKeyEvent (id=57) {
   "code": "Digit5",
   "key": "5",
   "modifiers": 0,
   "text": "5",
   "type": "char",
   "unmodifiedText": "5",
   "windowsVirtualKeyCode": 53
}
[5.721][DEBUG]: DEVTOOLS RESPONSE Input.dispatchKeyEvent (id=57) {

}
[5.721][DEBUG]: DEVTOOLS COMMAND Input.dispatchKeyEvent (id=58) {
   "code": "Digit5",
   "key": "5",
   "modifiers": 0,
   "text": "5",
   "type": "keyUp",
   "unmodifiedText": "5",
   "windowsVirtualKeyCode": 53
}
[5.722][DEBUG]: DEVTOOLS RESPONSE Input.dispatchKeyEvent (id=58) {

}
[5.722][INFO]: Waiting for pending navigations...
[5.722][DEBUG]: DEVTOOLS COMMAND Runtime.evaluate (id=59) {
   "expression": "1"
}
[5.723][DEBUG]: DEVTOOLS RESPONSE Runtime.evaluate (id=59) {
   "result": {
      "description": "1",
      "type": "number",
      "value": 1
   }
}
[5.723][INFO]: Done waiting for pending navigations. Status: ok
[5.723][INFO]: RESPONSE TypeElement
[5.749][INFO]: COMMAND Screenshot {

}
[5.749][INFO]: Waiting for pending navigations...
[5.749][DEBUG]: DEVTOOLS COMMAND Runtime.evaluate (id=60) {
   "expression": "1"
}
[5.749][DEBUG]: DEVTOOLS RESPONSE Runtime.evaluate (id=60) {
   "result": {
      "description": "1",
      "type": "number",
      "value": 1
   }
}
[5.750][INFO]: Done waiting for pending navigations. Status: ok
[5.750][DEBUG]: DevTools request: http://localhost:12546/json/activate/(44178F55BBE494AC657D7315DAAD58D)
[5.750][DEBUG]: DevTools response: Target activated
[5.750][DEBUG]: DEVTOOLS COMMAND Page.captureScreenshot (id=61) {

}
[5.971][DEBUG]: DEVTOOLS RESPONSE Page.captureScreenshot (id=61) {
   "data": "iVBORw0KGgoAAAANSUhEUgAABVYAAAO+CAYAAADv/k7HAAAgAElEQVR4nOzdd3xUVd7H8e+09EbvagDpoYiAChZQWQFxEVFZRRAbNmQVVx9RENeya18edQEXRFAQC0UBeUQhitSAaOiwQBBCaCGkDaTN3OePmCGTOhOSzIR83r54mbn33HN+584k9+SXc881paWlG..."
}
[5.971][INFO]: Waiting for pending navigations...
[5.971][DEBUG]: DEVTOOLS EVENT DOM.childNodeCountUpdated {
   "childNodeCount": 33,
   "nodeId": 21
}
[5.971][DEBUG]: DEVTOOLS EVENT DOM.childNodeCountUpdated {
   "childNodeCount": 32,
   "nodeId": 21
}
[5.971][DEBUG]: DEVTOOLS COMMAND Runtime.evaluate (id=62) {
   "expression": "1"
}
[5.979][DEBUG]: DEVTOOLS RESPONSE Runtime.evaluate (id=62) {
   "result": {
      "description": "1",
      "type": "number",
      "value": 1
   }
}
[5.979][INFO]: Done waiting for pending navigations. Status: ok
[5.979][INFO]: RESPONSE Screenshot "iVBORw0KGgoAAAANSUhEUgAABVYAAAO+CAYAAADv/k7HAAAgAElEQVR4nOzdd3xUVd7H8e+09EbvagDpoYiAChZQWQFxEVFZRRAbNmQVVx9RENeya18edQEXRFAQC0UBeUQhitSAaOiwQBBCaCGkDaTN3OePmCGTOhOSzIR83r54mbn33HN+584k9+SXc881paWlG..."
[6.383][INFO]: COMMAND Navigate {
   "url": "https://translate.google.com/#en/es/Child"
}
[6.383][INFO]: Waiting for pending navigations...
[6.383][DEBUG]: DEVTOOLS COMMAND Runtime.evaluate (id=63) {
   "expression": "1"
}
[6.383][DEBUG]: DEVTOOLS RESPONSE Runtime.evaluate (id=63) {
   "result": {
      "description": "1",
      "type": "number",
      "value": 1
   }
}
[6.383][INFO]: Done waiting for pending navigations. Status: ok
[6.383][DEBUG]: DEVTOOLS COMMAND Page.navigate (id=64) {
   "url": "https://translate.google.com/#en/es/Child"
}
[6.396][DEBUG]: DEVTOOLS RESPONSE Page.navigate (id=64) {
   "frameId": "(44178F55BBE494AC657D7315DAAD58D)"
}
[6.397][DEBUG]: DEVTOOLS COMMAND Runtime.evaluate (id=65) {
   "expression": "document.URL"
}
[6.429][DEBUG]: DEVTOOLS RESPONSE Runtime.evaluate (id=65) {
   "result": {
      "type": "string",
      "value": "https://translate.google.com/#en/es/Child"
   }
}
[6.429][INFO]: Waiting for pending navigations...
[6.429][DEBUG]: DEVTOOLS COMMAND Runtime.evaluate (id=66) {
   "expression": "1"
}
[6.449][DEBUG]: DEVTOOLS RESPONSE Runtime.evaluate (id=66) {
   "result": {
      "description": "1",
      "type": "number",
      "value": 1
   }
}
[6.449][DEBUG]: DEVTOOLS COMMAND DOM.getDocument (id=67) {

}
[6.471][DEBUG]: DEVTOOLS RESPONSE DOM.getDocument (id=67) {
   "root": {
      "backendNodeId": 10,
      "baseURL": "https://translate.google.com/#en/es/Child",
      "childNodeCount": 2,
      "children": [ {
         "backendNodeId": 11,
         "localName": "",
         "nodeId": 24,
         "nodeName": "html",
         "nodeType": 10,
         "nodeValue": "",
         "parentId": 23,
         "publicId": "",
         "systemId": ""
      }, {
         "attributes": [  ],
         "backendNodeId": 12,
         "childNodeCount": 2,
         "children": [ {
            "attributes": [  ],
            "backendNodeId": 13,
            "childNodeCount": 32,
            "localName": "head",
            "nodeId": 26,
            "nodeName": "HEAD",
            "nodeType": 1,
            "nodeValue": "",
            "parentId": 25
         }, {
            "attributes": [ "dir", "ltr", "onload", "window.jstiming.load['tick']('ol');", "class", "e_md pre-epu" ],
            "backendNodeId": 14,
            "childNodeCount": 21,
            "localName": "body",
            "nodeId": 27,
            "nodeName": "BODY",
            "nodeType": 1,
            "nodeValue": "",
            "parentId": 25
         } ],
         "frameId": "(44178F55BBE494AC657D7315DAAD58D)",
         "localName": "html",
         "nodeId": 25,
         "nodeName": "HTML",
         "nodeType": 1,
         "nodeValue": "",
         "parentId": 23
      } ],
      "documentURL": "https://translate.google.com/#en/es/Child",
      "localName": "",
      "nodeId": 23,
      "nodeName": "#document",
      "nodeType": 9,
      "nodeValue": "",
      "xmlVersion": ""
   }
}
[6.471][DEBUG]: DEVTOOLS COMMAND Runtime.evaluate (id=68) {
   "expression": "var isLoaded = document.readyState == 'complete' ||    document.readyState == 'interactive';if (isLoaded) {  var frame = document.createElement('iframe');  frame.name = 'chromedriver dummy frame'; ..."
}
[6.510][DEBUG]: DEVTOOLS EVENT DOM.childNodeCountUpdated {
   "childNodeCount": 22,
   "nodeId": 27
}
[6.510][DEBUG]: DEVTOOLS EVENT Page.frameAttached {
   "frameId": "(3C644478672AFD9825CED0F5559E941F)",
   "parentFrameId": "(44178F55BBE494AC657D7315DAAD58D)",
   "stack": {
      "callFrames": [ {
         "columnNumber": 240,
         "functionName": "",
         "lineNumber": 0,
         "scriptId": "81",
         "url": ""
      } ]
   }
}
[6.511][DEBUG]: DEVTOOLS EVENT Page.lifecycleEvent {
   "frameId": "(3C644478672AFD9825CED0F5559E941F)",
   "name": "DOMContentLoaded",
   "timestamp": 2340.00517
}
[6.511][DEBUG]: DEVTOOLS EVENT Page.frameStartedLoading {
   "frameId": "(3C644478672AFD9825CED0F5559E941F)"
}
[6.511][DEBUG]: DEVTOOLS EVENT Page.lifecycleEvent {
   "frameId": "(3C644478672AFD9825CED0F5559E941F)",
   "name": "commit",
   "timestamp": 2340.005534
}
[6.511][DEBUG]: DEVTOOLS EVENT Page.frameNavigated {
   "frame": {
      "id": "(3C644478672AFD9825CED0F5559E941F)",
      "loaderId": "155.3",
      "mimeType": "text/html",
      "name": "chromedriver dummy frame",
      "parentId": "(44178F55BBE494AC657D7315DAAD58D)",
      "securityOrigin": "://",
      "url": "about:blank"
   }
}
[6.511][DEBUG]: DEVTOOLS EVENT Runtime.executionContextCreated {
   "context": {
      "auxData": {
         "frameId": "(3C644478672AFD9825CED0F5559E941F)",
         "isDefault": true
      },
      "id": 4,
      "name": "",
      "origin": "https://translate.google.com"
   }
}
[6.511][DEBUG]: DEVTOOLS EVENT Page.lifecycleEvent {
   "frameId": "(3C644478672AFD9825CED0F5559E941F)",
   "name": "load",
   "timestamp": 2340.010005
}
[6.511][DEBUG]: DEVTOOLS EVENT Page.frameStoppedLoading {
   "frameId": "(3C644478672AFD9825CED0F5559E941F)"
}
[6.511][DEBUG]: DEVTOOLS EVENT Page.lifecycleEvent {
   "frameId": "(3C644478672AFD9825CED0F5559E941F)",
   "name": "DOMContentLoaded",
   "timestamp": 2340.010208
}
[6.511][DEBUG]: DEVTOOLS RESPONSE Runtime.evaluate (id=68) {
   "result": {
      "description": "56",
      "type": "number",
      "value": 56
   }
}
[6.511][INFO]: Done waiting for pending navigations. Status: ok
[6.511][INFO]: RESPONSE Navigate
[6.520][INFO]: COMMAND FindElements {
   "using": "css selector",
   "value": "#gt-src-c"
}
[6.520][DEBUG]: DEVTOOLS EVENT DOM.childNodeCountUpdated {
   "childNodeCount": 21,
   "nodeId": 27
}
[6.520][DEBUG]: DEVTOOLS EVENT Runtime.executionContextDestroyed {
   "executionContextId": 4
}
[6.520][DEBUG]: DEVTOOLS EVENT Page.frameDetached {
   "frameId": "(3C644478672AFD9825CED0F5559E941F)"
}
[6.520][INFO]: Waiting for pending navigations...
[6.520][DEBUG]: DEVTOOLS COMMAND Runtime.evaluate (id=69) {
   "expression": "1"
}
[6.530][DEBUG]: DEVTOOLS RESPONSE Runtime.evaluate (id=69) {
   "result": {
      "description": "1",
      "type": "number",
      "value": 1
   }
}
[6.530][INFO]: Done waiting for pending navigations. Status: ok
[6.532][DEBUG]: DEVTOOLS COMMAND Runtime.evaluate (id=70) {
   "expression": "(function() { // Copyright (c) 2012 The Chromium Authors. All rights reserved.\n// Use of this source code is governed by a BSD-style license that can be\n// found in the LICENSE file.\n\n/**\n * Enum f...",
   "returnByValue": true
}
[6.536][DEBUG]: DEVTOOLS RESPONSE Runtime.evaluate (id=70) {
   "result": {
      "type": "object",
      "value": {
         "status": 0,
         "value": [ {
            "ELEMENT": "0.005812304434276383-1"
         } ]
      }
   }
}
[6.536][INFO]: Waiting for pending navigations...
[6.536][DEBUG]: DEVTOOLS COMMAND Runtime.evaluate (id=71) {
   "expression": "1"
}
[6.537][DEBUG]: DEVTOOLS RESPONSE Runtime.evaluate (id=71) {
   "result": {
      "description": "1",
      "type": "number",
      "value": 1
   }
}
[6.537][INFO]: Done waiting for pending navigations. Status: ok
[6.537][INFO]: RESPONSE FindElements [ {
   "ELEMENT": "0.005812304434276383-1"
} ]
[6.549][INFO]: COMMAND IsElementDisplayed {
   "id": "0.005812304434276383-1"
}
[6.550][INFO]: Waiting for pending navigations...
[6.550][DEBUG]: DEVTOOLS COMMAND Runtime.evaluate (id=72) {
   "expression": "1"
}
[6.550][DEBUG]: DEVTOOLS RESPONSE Runtime.evaluate (id=72) {
   "result": {
      "description": "1",
      "type": "number",
      "value": 1
   }
}
[6.550][INFO]: Done waiting for pending navigations. Status: ok
[6.552][DEBUG]: DEVTOOLS COMMAND Runtime.evaluate (id=73) {
   "expression": "(function() { // Copyright (c) 2012 The Chromium Authors. All rights reserved.\n// Use of this source code is governed by a BSD-style license that can be\n// found in the LICENSE file.\n\n/**\n * Enum f...",
   "returnByValue": true
}
[6.557][DEBUG]: DEVTOOLS RESPONSE Runtime.evaluate (id=73) {
   "result": {
      "type": "object",
      "value": {
         "status": 0,
         "value": true
      }
   }
}
[6.557][INFO]: Waiting for pending navigations...
[6.557][DEBUG]: DEVTOOLS COMMAND Runtime.evaluate (id=74) {
   "expression": "1"
}
[6.557][DEBUG]: DEVTOOLS RESPONSE Runtime.evaluate (id=74) {
   "result": {
      "description": "1",
      "type": "number",
      "value": 1
   }
}
[6.557][INFO]: Done waiting for pending navigations. Status: ok
[6.557][INFO]: RESPONSE IsElementDisplayed true
[6.560][INFO]: COMMAND FindChildElements {
   "id": "0.005812304434276383-1",
   "using": "css selector",
   "value": "textarea#source"
}
[6.560][INFO]: Waiting for pending navigations...
[6.560][DEBUG]: DEVTOOLS COMMAND Runtime.evaluate (id=75) {
   "expression": "1"
}
[6.560][DEBUG]: DEVTOOLS RESPONSE Runtime.evaluate (id=75) {
   "result": {
      "description": "1",
      "type": "number",
      "value": 1
   }
}
[6.560][INFO]: Done waiting for pending navigations. Status: ok
[6.562][DEBUG]: DEVTOOLS COMMAND Runtime.evaluate (id=76) {
   "expression": "(function() { // Copyright (c) 2012 The Chromium Authors. All rights reserved.\n// Use of this source code is governed by a BSD-style license that can be\n// found in the LICENSE file.\n\n/**\n * Enum f...",
   "returnByValue": true
}
[6.571][DEBUG]: DEVTOOLS RESPONSE Runtime.evaluate (id=76) {
   "result": {
      "type": "object",
      "value": {
         "status": 0,
         "value": [ {
            "ELEMENT": "0.005812304434276383-2"
         } ]
      }
   }
}
[6.571][INFO]: Waiting for pending navigations...
[6.571][DEBUG]: DEVTOOLS COMMAND Runtime.evaluate (id=77) {
   "expression": "1"
}
[6.571][DEBUG]: DEVTOOLS RESPONSE Runtime.evaluate (id=77) {
   "result": {
      "description": "1",
      "type": "number",
      "value": 1
   }
}
[6.571][INFO]: Done waiting for pending navigations. Status: ok
[6.571][INFO]: RESPONSE FindChildElements [ {
   "ELEMENT": "0.005812304434276383-2"
} ]
[6.574][INFO]: COMMAND IsElementDisplayed {
   "id": "0.005812304434276383-2"
}
[6.574][INFO]: Waiting for pending navigations...
[6.574][DEBUG]: DEVTOOLS COMMAND Runtime.evaluate (id=78) {
   "expression": "1"
}
[6.575][DEBUG]: DEVTOOLS RESPONSE Runtime.evaluate (id=78) {
   "result": {
      "description": "1",
      "type": "number",
      "value": 1
   }
}
[6.575][INFO]: Done waiting for pending navigations. Status: ok
[6.577][DEBUG]: DEVTOOLS COMMAND Runtime.evaluate (id=79) {
   "expression": "(function() { // Copyright (c) 2012 The Chromium Authors. All rights reserved.\n// Use of this source code is governed by a BSD-style license that can be\n// found in the LICENSE file.\n\n/**\n * Enum f...",
   "returnByValue": true
}
[6.590][DEBUG]: DEVTOOLS RESPONSE Runtime.evaluate (id=79) {
   "result": {
      "type": "object",
      "value": {
         "status": 0,
         "value": true
      }
   }
}
[6.590][INFO]: Waiting for pending navigations...
[6.590][DEBUG]: DEVTOOLS COMMAND Runtime.evaluate (id=80) {
   "expression": "1"
}
[6.590][DEBUG]: DEVTOOLS RESPONSE Runtime.evaluate (id=80) {
   "result": {
      "description": "1",
      "type": "number",
      "value": 1
   }
}
[6.590][INFO]: Done waiting for pending navigations. Status: ok
[6.590][INFO]: RESPONSE IsElementDisplayed true
[6.594][INFO]: COMMAND ClearElement {
   "id": "0.005812304434276383-2"
}
[6.594][INFO]: Waiting for pending navigations...
[6.594][DEBUG]: DEVTOOLS COMMAND Runtime.evaluate (id=81) {
   "expression": "1"
}
[6.594][DEBUG]: DEVTOOLS RESPONSE Runtime.evaluate (id=81) {
   "result": {
      "description": "1",
      "type": "number",
      "value": 1
   }
}
[6.594][INFO]: Done waiting for pending navigations. Status: ok
[6.597][DEBUG]: DEVTOOLS COMMAND Runtime.evaluate (id=82) {
   "expression": "(function() { // Copyright (c) 2012 The Chromium Authors. All rights reserved.\n// Use of this source code is governed by a BSD-style license that can be\n// found in the LICENSE file.\n\n/**\n * Enum f...",
   "returnByValue": true
}
[6.611][DEBUG]: DEVTOOLS RESPONSE Runtime.evaluate (id=82) {
   "result": {
      "type": "object",
      "value": {
         "status": 0,
         "value": null
      }
   }
}
[6.611][INFO]: Waiting for pending navigations...
[6.611][DEBUG]: DEVTOOLS COMMAND Runtime.evaluate (id=83) {
   "expression": "1"
}
[6.615][DEBUG]: DEVTOOLS RESPONSE Runtime.evaluate (id=83) {
   "result": {
      "description": "1",
      "type": "number",
      "value": 1
   }
}
[6.615][INFO]: Done waiting for pending navigations. Status: ok
[6.615][INFO]: RESPONSE ClearElement
[6.622][INFO]: COMMAND TypeElement {
   "id": "0.005812304434276383-2",
   "text": "12345",
   "value": [ "1", "2", "3", "4", "5" ]
}
[6.622][INFO]: Waiting for pending navigations...
[6.622][DEBUG]: DEVTOOLS COMMAND Runtime.evaluate (id=84) {
   "expression": "1"
}
[6.623][DEBUG]: DEVTOOLS RESPONSE Runtime.evaluate (id=84) {
   "result": {
      "description": "1",
      "type": "number",
      "value": 1
   }
}
[6.623][INFO]: Done waiting for pending navigations. Status: ok
[6.623][DEBUG]: DEVTOOLS COMMAND Runtime.evaluate (id=85) {
   "expression": "(function() { // Copyright (c) 2012 The Chromium Authors. All rights reserved.\n// Use of this source code is governed by a BSD-style license that can be\n// found in the LICENSE file.\n\n/**\n * Enum f...",
   "returnByValue": true
}
[6.624][DEBUG]: DEVTOOLS RESPONSE Runtime.evaluate (id=85) {
   "result": {
      "type": "object",
      "value": {
         "status": 0,
         "value": "TEXTAREA"
      }
   }
}
[6.625][DEBUG]: DEVTOOLS COMMAND Runtime.evaluate (id=86) {
   "expression": "(function() { // Copyright (c) 2012 The Chromium Authors. All rights reserved.\n// Use of this source code is governed by a BSD-style license that can be\n// found in the LICENSE file.\n\n/**\n * Enum f...",
   "returnByValue": true
}
[6.629][DEBUG]: DEVTOOLS RESPONSE Runtime.evaluate (id=86) {
   "result": {
      "type": "object",
      "value": {
         "status": 0,
         "value": "textarea"
      }
   }
}
[6.632][DEBUG]: DEVTOOLS COMMAND Runtime.evaluate (id=87) {
   "expression": "(function() { // Copyright (c) 2012 The Chromium Authors. All rights reserved.\n// Use of this source code is governed by a BSD-style license that can be\n// found in the LICENSE file.\n\n/**\n * Enum f...",
   "returnByValue": true
}
[6.642][DEBUG]: DEVTOOLS RESPONSE Runtime.evaluate (id=87) {
   "result": {
      "type": "object",
      "value": {
         "status": 0,
         "value": true
      }
   }
}
[6.643][DEBUG]: DEVTOOLS COMMAND Runtime.evaluate (id=88) {
   "expression": "(function() { // Copyright (c) 2012 The Chromium Authors. All rights reserved.\n// Use of this source code is governed by a BSD-style license that can be\n// found in the LICENSE file.\n\n/**\n * Enum f...",
   "returnByValue": true
}
[6.648][DEBUG]: DEVTOOLS RESPONSE Runtime.evaluate (id=88) {
   "result": {
      "type": "object",
      "value": {
         "status": 0,
         "value": true
      }
   }
}
[6.649][DEBUG]: DEVTOOLS COMMAND Runtime.evaluate (id=89) {
   "expression": "(function() { // Copyright (c) 2012 The Chromium Authors. All rights reserved.\n// Use of this source code is governed by a BSD-style license that can be\n// found in the LICENSE file.\n\n/**\n * Enum f...",
   "returnByValue": true
}
[6.668][DEBUG]: DEVTOOLS RESPONSE Runtime.evaluate (id=89) {
   "result": {
      "type": "object",
      "value": {
         "status": 0,
         "value": null
      }
   }
}
[6.668][DEBUG]: DEVTOOLS COMMAND Input.dispatchKeyEvent (id=90) {
   "code": "Digit1",
   "key": "1",
   "modifiers": 0,
   "text": "1",
   "type": "rawKeyDown",
   "unmodifiedText": "1",
   "windowsVirtualKeyCode": 49
}
[6.669][DEBUG]: DEVTOOLS RESPONSE Input.dispatchKeyEvent (id=90) {

}
[6.669][DEBUG]: DEVTOOLS COMMAND Input.dispatchKeyEvent (id=91) {
   "code": "Digit1",
   "key": "1",
   "modifiers": 0,
   "text": "1",
   "type": "char",
   "unmodifiedText": "1",
   "windowsVirtualKeyCode": 49
}
[6.672][DEBUG]: DEVTOOLS RESPONSE Input.dispatchKeyEvent (id=91) {

}
[6.672][DEBUG]: DEVTOOLS COMMAND Input.dispatchKeyEvent (id=92) {
   "code": "Digit1",
   "key": "1",
   "modifiers": 0,
   "text": "1",
   "type": "keyUp",
   "unmodifiedText": "1",
   "windowsVirtualKeyCode": 49
}
[6.673][DEBUG]: DEVTOOLS RESPONSE Input.dispatchKeyEvent (id=92) {

}
[6.673][DEBUG]: DEVTOOLS COMMAND Input.dispatchKeyEvent (id=93) {
   "code": "Digit2",
   "key": "2",
   "modifiers": 0,
   "text": "2",
   "type": "rawKeyDown",
   "unmodifiedText": "2",
   "windowsVirtualKeyCode": 50
}
[6.694][DEBUG]: DEVTOOLS RESPONSE Input.dispatchKeyEvent (id=93) {

}
[6.694][DEBUG]: DEVTOOLS COMMAND Input.dispatchKeyEvent (id=94) {
   "code": "Digit2",
   "key": "2",
   "modifiers": 0,
   "text": "2",
   "type": "char",
   "unmodifiedText": "2",
   "windowsVirtualKeyCode": 50
}
[6.696][DEBUG]: DEVTOOLS RESPONSE Input.dispatchKeyEvent (id=94) {

}
[6.696][DEBUG]: DEVTOOLS COMMAND Input.dispatchKeyEvent (id=95) {
   "code": "Digit2",
   "key": "2",
   "modifiers": 0,
   "text": "2",
   "type": "keyUp",
   "unmodifiedText": "2",
   "windowsVirtualKeyCode": 50
}
[6.706][DEBUG]: DEVTOOLS EVENT DOM.childNodeCountUpdated {
   "childNodeCount": 33,
   "nodeId": 26
}
[6.706][DEBUG]: DEVTOOLS RESPONSE Input.dispatchKeyEvent (id=95) {

}
[6.706][DEBUG]: DEVTOOLS COMMAND Input.dispatchKeyEvent (id=96) {
   "code": "Digit3",
   "key": "3",
   "modifiers": 0,
   "text": "3",
   "type": "rawKeyDown",
   "unmodifiedText": "3",
   "windowsVirtualKeyCode": 51
}
[6.706][DEBUG]: DEVTOOLS EVENT DOM.childNodeCountUpdated {
   "childNodeCount": 32,
   "nodeId": 26
}
[6.717][DEBUG]: DEVTOOLS RESPONSE Input.dispatchKeyEvent (id=96) {

}
[6.717][DEBUG]: DEVTOOLS COMMAND Input.dispatchKeyEvent (id=97) {
   "code": "Digit3",
   "key": "3",
   "modifiers": 0,
   "text": "3",
   "type": "char",
   "unmodifiedText": "3",
   "windowsVirtualKeyCode": 51
}
[6.724][DEBUG]: DEVTOOLS RESPONSE Input.dispatchKeyEvent (id=97) {

}
[6.724][DEBUG]: DEVTOOLS COMMAND Input.dispatchKeyEvent (id=98) {
   "code": "Digit3",
   "key": "3",
   "modifiers": 0,
   "text": "3",
   "type": "keyUp",
   "unmodifiedText": "3",
   "windowsVirtualKeyCode": 51
}
[6.726][DEBUG]: DEVTOOLS RESPONSE Input.dispatchKeyEvent (id=98) {

}
[6.726][DEBUG]: DEVTOOLS COMMAND Input.dispatchKeyEvent (id=99) {
   "code": "Digit4",
   "key": "4",
   "modifiers": 0,
   "text": "4",
   "type": "rawKeyDown",
   "unmodifiedText": "4",
   "windowsVirtualKeyCode": 52
}
[6.740][DEBUG]: DEVTOOLS RESPONSE Input.dispatchKeyEvent (id=99) {

}
[6.740][DEBUG]: DEVTOOLS COMMAND Input.dispatchKeyEvent (id=100) {
   "code": "Digit4",
   "key": "4",
   "modifiers": 0,
   "text": "4",
   "type": "char",
   "unmodifiedText": "4",
   "windowsVirtualKeyCode": 52
}
[6.747][DEBUG]: DEVTOOLS RESPONSE Input.dispatchKeyEvent (id=100) {

}
[6.747][DEBUG]: DEVTOOLS COMMAND Input.dispatchKeyEvent (id=101) {
   "code": "Digit4",
   "key": "4",
   "modifiers": 0,
   "text": "4",
   "type": "keyUp",
   "unmodifiedText": "4",
   "windowsVirtualKeyCode": 52
}
[6.751][DEBUG]: DEVTOOLS RESPONSE Input.dispatchKeyEvent (id=101) {

}
[6.751][DEBUG]: DEVTOOLS COMMAND Input.dispatchKeyEvent (id=102) {
   "code": "Digit5",
   "key": "5",
   "modifiers": 0,
   "text": "5",
   "type": "rawKeyDown",
   "unmodifiedText": "5",
   "windowsVirtualKeyCode": 53
}
[6.753][DEBUG]: DEVTOOLS RESPONSE Input.dispatchKeyEvent (id=102) {

}
[6.753][DEBUG]: DEVTOOLS COMMAND Input.dispatchKeyEvent (id=103) {
   "code": "Digit5",
   "key": "5",
   "modifiers": 0,
   "text": "5",
   "type": "char",
   "unmodifiedText": "5",
   "windowsVirtualKeyCode": 53
}
[6.754][DEBUG]: DEVTOOLS RESPONSE Input.dispatchKeyEvent (id=103) {

}
[6.754][DEBUG]: DEVTOOLS COMMAND Input.dispatchKeyEvent (id=104) {
   "code": "Digit5",
   "key": "5",
   "modifiers": 0,
   "text": "5",
   "type": "keyUp",
   "unmodifiedText": "5",
   "windowsVirtualKeyCode": 53
}
[6.755][DEBUG]: DEVTOOLS RESPONSE Input.dispatchKeyEvent (id=104) {

}
[6.755][INFO]: Waiting for pending navigations...
[6.755][DEBUG]: DEVTOOLS COMMAND Runtime.evaluate (id=105) {
   "expression": "1"
}
[6.756][DEBUG]: DEVTOOLS RESPONSE Runtime.evaluate (id=105) {
   "result": {
      "description": "1",
      "type": "number",
      "value": 1
   }
}
[6.756][INFO]: Done waiting for pending navigations. Status: ok
[6.756][INFO]: RESPONSE TypeElement
[6.762][INFO]: COMMAND Screenshot {

}
[6.762][INFO]: Waiting for pending navigations...
[6.763][DEBUG]: DEVTOOLS COMMAND Runtime.evaluate (id=106) {
   "expression": "1"
}
[6.769][DEBUG]: DEVTOOLS RESPONSE Runtime.evaluate (id=106) {
   "result": {
      "description": "1",
      "type": "number",
      "value": 1
   }
}
[6.769][INFO]: Done waiting for pending navigations. Status: ok
[6.769][DEBUG]: DevTools request: http://localhost:12546/json/activate/(44178F55BBE494AC657D7315DAAD58D)
[6.774][DEBUG]: DevTools response: Target activated
[6.774][DEBUG]: DEVTOOLS COMMAND Page.captureScreenshot (id=107) {

}
[6.991][DEBUG]: DEVTOOLS RESPONSE Page.captureScreenshot (id=107) {
   "data": "iVBORw0KGgoAAAANSUhEUgAABVYAAAO+CAYAAADv/k7HAAAgAElEQVR4nOzdd3xUVd7H8e+09EbvagDpoYiAChZQWQFxEVFZRRAbNmQVVx9RENeya18edQEXRFAQC0UBeUQhitSAaOiwQBBCaCGkDaTN3OePmCGTOhOSzIR83r54mbn33HN+584k9+SXc881paWlG..."
}
[6.992][INFO]: Waiting for pending navigations...
[6.992][DEBUG]: DEVTOOLS EVENT DOM.childNodeCountUpdated {
   "childNodeCount": 33,
   "nodeId": 26
}
[6.992][DEBUG]: DEVTOOLS EVENT DOM.childNodeCountUpdated {
   "childNodeCount": 32,
   "nodeId": 26
}
[6.992][DEBUG]: DEVTOOLS COMMAND Runtime.evaluate (id=108) {
   "expression": "1"
}
[7.010][DEBUG]: DEVTOOLS RESPONSE Runtime.evaluate (id=108) {
   "result": {
      "description": "1",
      "type": "number",
      "value": 1
   }
}
[7.010][INFO]: Done waiting for pending navigations. Status: ok
[7.010][INFO]: RESPONSE Screenshot "iVBORw0KGgoAAAANSUhEUgAABVYAAAO+CAYAAADv/k7HAAAgAElEQVR4nOzdd3xUVd7H8e+09EbvagDpoYiAChZQWQFxEVFZRRAbNmQVVx9RENeya18edQEXRFAQC0UBeUQhitSAaOiwQBBCaCGkDaTN3OePmCGTOhOSzIR83r54mbn33HN+584k9+SXc881paWlG..."
[7.034][INFO]: COMMAND Quit {

}
[7.084][INFO]: RESPONSE Quit
[7.084][DEBUG]: Log type 'driver' lost 0 entries on destruction
[7.084][DEBUG]: Log type 'browser' lost 1 entries on destruction
