[0.896][INFO]: COMMAND InitSession {
   "desiredCapabilities": {
      "browserName": "chrome",
      "chromeOptions": {
         "args": [ "--disable-gpu", "--single-process", "--no-sandbox", "--data-path=/tmp/data-path", "--homedir=/tmp/homedir", "--disk-cache-dir=/tmp", "--disk-cache-size=1", "--media-cache-size=1", "--allow-file-access-from-files", "--enable-logging", "--v=1", "--disable-web-security", "--disable-extensions", "--ignore-certificate-errors", "--disable-ntp-most-likely-favicons-from-server", "--disable-ntp-popular-sites", "--window-size=1366,1024", "--disable-infobars", "--disable-dev-shm-usage", "..." ],
         "binary": "/tmp/chrome-lambda/chrome",
         "prefs": {
            "credentials_enable_service": false,
            "profile": {
               "password_manager_enabled": false
            }
         }
      },
      "count": 1
   }
}
[0.896][INFO]: Populating Preferences file: {
   "alternate_error_pages": {
      "enabled": false
   },
   "autofill": {
      "enabled": false
   },
   "browser": {
      "check_default_browser": false
   },
   "credentials_enable_service": false,
   "distribution": {
      "import_bookmarks": false,
      "import_history": false,
      "import_search_engine": false,
      "make_chrome_default_for_user": false,
      "show_welcome_page": false,
      "skip_first_run_ui": true
   },
   "dns_prefetching": {
      "enabled": false
   },
   "profile": {
      "password_manager_enabled": false
   },
   "safebrowsing": {
      "enabled": false
   },
   "search": {
      "suggest_enabled": false
   },
   "translate": {
      "enabled": false
   }
}
[0.896][INFO]: Populating Local State file: {
   "background_mode": {
      "enabled": false
   },
   "ssl": {
      "rev_checking": {
         "enabled": false
      }
   }
}
[0.896][INFO]: Launching chrome: /tmp/chrome-lambda/chrome --allow-file-access-from-files --data-path=/tmp/data-path --disable-background-networking --disable-browser-side-navigation --disable-client-side-phishing-detection --disable-default-apps --disable-dev-shm-usage --disable-extensions --disable-extensions-except=/tmp/.org.chromium.Chromium.cWDo4G/internal --disable-gpu --disable-hang-monitor --disable-infobars --disable-ntp-most-likely-favicons-from-server --disable-ntp-popular-sites --disable-popup-blocking --disable-prompt-on-repost --disable-sync --disable-web-resources --disable-web-security --disk-cache-dir=/tmp --disk-cache-size=1 --enable-automation --enable-logging --enable-precise-memory-info --force-fieldtrials=SiteIsolationExtensions/Control --homedir=/tmp/homedir --ignore-certificate-errors --log-level=0 --media-cache-size=1 --metrics-recording-only --no-first-run --no-sandbox --password-store=basic --remote-debugging-port=12546 --safebrowsing-disable-auto-update --single-process --test-type=webdriver --use-mock-keychain --user-data-dir=/tmp/.org.chromium.Chromium.cNJ45q --v=1 --window-size=1366,1024 data:,
[0.897][DEBUG]: DevTools request: http://localhost:12546/json/version
prctl(PR_SET_NO_NEW_PRIVS) failed
Xlib:  extension "RANDR" missing on display ":99".
[148:153:0831/073417.994452:ERROR:bus.cc(395)] Failed to connect to the bus: Failed to connect to socket /var/run/dbus/system_bus_socket: No such file or directory
Xlib:  extension "RANDR" missing on display ":99".

DevTools listening on ws://127.0.0.1:12546/devtools/browser/eecb021b-04fd-4919-a467-4e33b61b6183
[148:171:0831/073418.589924:ERROR:io_thread.cc(730)] Cannot use V8 Proxy resolver in single process mode.
[148:171:0831/073418.590958:ERROR:io_thread.cc(730)] Cannot use V8 Proxy resolver in single process mode.
[1.763][SEVERE]: CreatePlatformSocket() returned an error, errno=1: Operation not permitted (1)
[1.777][DEBUG]: DevTools response: {
   "Browser": "Chrome/63.0.3239.84",
   "Protocol-Version": "1.2",
   "User-Agent": "Mozilla/5.0 (X11; Linux x86_64) AppleWebKit/537.36 (KHTML, like Gecko) Chrome/63.0.3239.84 Safari/537.36",
   "V8-Version": "6.3.292.46",
   "WebKit-Version": "537.36 (@0f53a5abc7a405fbe9f1cfd3db38f2092c8a7816)",
   "webSocketDebuggerUrl": "ws://localhost:12546/devtools/browser/eecb021b-04fd-4919-a467-4e33b61b6183"
}

[1.779][DEBUG]: DevTools request: http://localhost:12546/json
[1.789][DEBUG]: DevTools response: [ {
   "description": "",
   "devtoolsFrontendUrl": "/devtools/inspector.html?ws=localhost:12546/devtools/page/(A6E8942B7393F13A2B15D4D43880D906)",
   "id": "(A6E8942B7393F13A2B15D4D43880D906)",
   "title": "Chrome Automation Extension",
   "type": "background_page",
   "url": "chrome-extension://aapnijgdinlhnhlmodcfapnahmbfebeb/_generated_background_page.html",
   "webSocketDebuggerUrl": "ws://localhost:12546/devtools/page/(A6E8942B7393F13A2B15D4D43880D906)"
}, {
   "description": "",
   "devtoolsFrontendUrl": "/devtools/inspector.html?ws=localhost:12546/devtools/page/(FF1CD9E364A97EFF2BB69D9B2D6D8F21)",
   "id": "(FF1CD9E364A97EFF2BB69D9B2D6D8F21)",
   "title": "data:,",
   "type": "page",
   "url": "data:,",
   "webSocketDebuggerUrl": "ws://localhost:12546/devtools/page/(FF1CD9E364A97EFF2BB69D9B2D6D8F21)"
} ]

[1.789][DEBUG]: DevTools request: http://localhost:12546/json
[1.789][DEBUG]: DevTools response: [ {
   "description": "",
   "devtoolsFrontendUrl": "/devtools/inspector.html?ws=localhost:12546/devtools/page/(A6E8942B7393F13A2B15D4D43880D906)",
   "id": "(A6E8942B7393F13A2B15D4D43880D906)",
   "title": "Chrome Automation Extension",
   "type": "background_page",
   "url": "chrome-extension://aapnijgdinlhnhlmodcfapnahmbfebeb/_generated_background_page.html",
   "webSocketDebuggerUrl": "ws://localhost:12546/devtools/page/(A6E8942B7393F13A2B15D4D43880D906)"
}, {
   "description": "",
   "devtoolsFrontendUrl": "/devtools/inspector.html?ws=localhost:12546/devtools/page/(FF1CD9E364A97EFF2BB69D9B2D6D8F21)",
   "id": "(FF1CD9E364A97EFF2BB69D9B2D6D8F21)",
   "title": "data:,",
   "type": "page",
   "url": "data:,",
   "webSocketDebuggerUrl": "ws://localhost:12546/devtools/page/(FF1CD9E364A97EFF2BB69D9B2D6D8F21)"
} ]

[1.789][INFO]: resolved localhost to ["127.0.0.1"]
[1.790][DEBUG]: DEVTOOLS COMMAND Log.enable (id=1) {

}
[1.790][DEBUG]: DEVTOOLS COMMAND DOM.getDocument (id=2) {

}
[1.791][DEBUG]: DEVTOOLS COMMAND Runtime.enable (id=3) {

}
[1.791][DEBUG]: DEVTOOLS COMMAND Page.enable (id=4) {

}
[1.791][DEBUG]: DEVTOOLS COMMAND Page.enable (id=5) {

}
[1.815][DEBUG]: DEVTOOLS RESPONSE Log.enable (id=1) {

}
[1.815][DEBUG]: DEVTOOLS RESPONSE DOM.getDocument (id=2) {
   "root": {
      "backendNodeId": 2,
      "baseURL": "data:,",
      "childNodeCount": 1,
      "children": [ {
         "attributes": [  ],
         "backendNodeId": 4,
         "childNodeCount": 2,
         "children": [ {
            "attributes": [  ],
            "backendNodeId": 5,
            "childNodeCount": 0,
            "localName": "head",
            "nodeId": 3,
            "nodeName": "HEAD",
            "nodeType": 1,
            "nodeValue": "",
            "parentId": 2
         }, {
            "attributes": [  ],
            "backendNodeId": 6,
            "childNodeCount": 1,
            "localName": "body",
            "nodeId": 4,
            "nodeName": "BODY",
            "nodeType": 1,
            "nodeValue": "",
            "parentId": 2
         } ],
         "frameId": "(FF1CD9E364A97EFF2BB69D9B2D6D8F21)",
         "localName": "html",
         "nodeId": 2,
         "nodeName": "HTML",
         "nodeType": 1,
         "nodeValue": "",
         "parentId": 1
      } ],
      "documentURL": "data:,",
      "localName": "",
      "nodeId": 1,
      "nodeName": "#document",
      "nodeType": 9,
      "nodeValue": "",
      "xmlVersion": ""
   }
}
[1.819][DEBUG]: DEVTOOLS EVENT Runtime.executionContextCreated {
   "context": {
      "auxData": {
         "frameId": "(FF1CD9E364A97EFF2BB69D9B2D6D8F21)",
         "isDefault": true
      },
      "id": 2,
      "name": "",
      "origin": "://"
   }
}
[1.819][DEBUG]: DEVTOOLS RESPONSE Runtime.enable (id=3) {

}
[1.819][DEBUG]: DEVTOOLS RESPONSE Page.enable (id=4) {

}
[1.828][DEBUG]: DEVTOOLS RESPONSE Page.enable (id=5) {

}
[1.828][DEBUG]: DEVTOOLS COMMAND Page.enable (id=6) {

}
[1.829][DEBUG]: DEVTOOLS RESPONSE Page.enable (id=6) {

}
[1.829][DEBUG]: DEVTOOLS COMMAND Runtime.enable (id=7) {

}
[1.831][DEBUG]: DEVTOOLS RESPONSE Runtime.enable (id=7) {

}
[1.831][DEBUG]: DEVTOOLS COMMAND Runtime.evaluate (id=8) {
   "expression": "(function() { // Copyright (c) 2012 The Chromium Authors. All rights reserved.\n// Use of this source code is governed by a BSD-style license that can be\n// found in the LICENSE file.\n\n/**\n * Enum f...",
   "returnByValue": true
}
[1.835][DEBUG]: DEVTOOLS RESPONSE Runtime.evaluate (id=8) {
   "result": {
      "type": "object",
      "value": {
         "status": 0,
         "value": 1
      }
   }
}
[1.835][INFO]: RESPONSE InitSession {
   "acceptSslCerts": true,
   "applicationCacheEnabled": false,
   "browserConnectionEnabled": false,
   "browserName": "chrome",
   "chrome": {
      "chromedriverVersion": "2.33.506092 (733a02544d189eeb751fe0d7ddca79a0ee28cce4)",
      "userDataDir": "/tmp/.org.chromium.Chromium.cNJ45q"
   },
   "cssSelectorsEnabled": true,
   "databaseEnabled": false,
   "handlesAlerts": true,
   "hasTouchScreen": false,
   "javascriptEnabled": true,
   "locationContextEnabled": true,
   "mobileEmulationEnabled": false,
   "nativeEvents": true,
   "networkConnectionEnabled": false,
   "pageLoadStrategy": "normal",
   "platform": "Linux",
   "rotatable": false,
   "setWindowRect": true,
   "takesHeapSnapshot": true,
   "~~~": "..."
}
[1.861][INFO]: COMMAND SetTimeout {
   "script": 11000
}
[1.862][INFO]: RESPONSE SetTimeout unknown error: 'ms' must be a double
  (Session info: chrome=63.0.3239.84)
[1.889][INFO]: COMMAND SetTimeout {
   "ms": 11000,
   "type": "script"
}
[1.889][INFO]: RESPONSE SetTimeout
[2.720][INFO]: COMMAND SetTimeout {
   "pageLoad": 30000
}
[2.722][INFO]: RESPONSE SetTimeout unknown error: 'ms' must be a double
  (Session info: chrome=63.0.3239.84)
[2.837][INFO]: COMMAND SetTimeout {
   "ms": 30000,
   "type": "page load"
}
[2.837][INFO]: RESPONSE SetTimeout
[2.978][INFO]: COMMAND Navigate {
   "url": "https://translate.google.com/#en/es/Merchandiser,"
}
[2.978][DEBUG]: DEVTOOLS EVENT Page.lifecycleEvent {
   "frameId": "(FF1CD9E364A97EFF2BB69D9B2D6D8F21)",
   "name": "networkAlmostIdle",
   "timestamp": 2431.010184
}
[2.978][DEBUG]: DEVTOOLS EVENT Page.lifecycleEvent {
   "frameId": "(FF1CD9E364A97EFF2BB69D9B2D6D8F21)",
   "name": "networkIdle",
   "timestamp": 2431.010184
}
[2.978][INFO]: Waiting for pending navigations...
[2.978][DEBUG]: DEVTOOLS COMMAND Runtime.evaluate (id=9) {
   "expression": "1"
}
[2.979][DEBUG]: DEVTOOLS RESPONSE Runtime.evaluate (id=9) {
   "result": {
      "description": "1",
      "type": "number",
      "value": 1
   }
}
[2.979][DEBUG]: DEVTOOLS COMMAND DOM.getDocument (id=10) {

}
[2.980][DEBUG]: DEVTOOLS RESPONSE DOM.getDocument (id=10) {
   "root": {
      "backendNodeId": 2,
      "baseURL": "data:,",
      "childNodeCount": 1,
      "children": [ {
         "attributes": [  ],
         "backendNodeId": 4,
         "childNodeCount": 2,
         "children": [ {
            "attributes": [  ],
            "backendNodeId": 5,
            "childNodeCount": 0,
            "localName": "head",
            "nodeId": 7,
            "nodeName": "HEAD",
            "nodeType": 1,
            "nodeValue": "",
            "parentId": 6
         }, {
            "attributes": [  ],
            "backendNodeId": 6,
            "childNodeCount": 1,
            "localName": "body",
            "nodeId": 8,
            "nodeName": "BODY",
            "nodeType": 1,
            "nodeValue": "",
            "parentId": 6
         } ],
         "frameId": "(FF1CD9E364A97EFF2BB69D9B2D6D8F21)",
         "localName": "html",
         "nodeId": 6,
         "nodeName": "HTML",
         "nodeType": 1,
         "nodeValue": "",
         "parentId": 5
      } ],
      "documentURL": "data:,",
      "localName": "",
      "nodeId": 5,
      "nodeName": "#document",
      "nodeType": 9,
      "nodeValue": "",
      "xmlVersion": ""
   }
}
[2.980][DEBUG]: DEVTOOLS COMMAND Runtime.evaluate (id=11) {
   "expression": "var isLoaded = document.readyState == 'complete' ||    document.readyState == 'interactive';if (isLoaded) {  var frame = document.createElement('iframe');  frame.name = 'chromedriver dummy frame'; ..."
}
[3.015][DEBUG]: DEVTOOLS EVENT DOM.childNodeCountUpdated {
   "childNodeCount": 2,
   "nodeId": 8
}
[3.016][DEBUG]: DEVTOOLS EVENT Page.frameAttached {
   "frameId": "(505335BF25B48FB3C1816CDF7A685E9)",
   "parentFrameId": "(FF1CD9E364A97EFF2BB69D9B2D6D8F21)",
   "stack": {
      "callFrames": [ {
         "columnNumber": 240,
         "functionName": "",
         "lineNumber": 0,
         "scriptId": "38",
         "url": ""
      } ]
   }
}
[3.016][DEBUG]: DEVTOOLS EVENT Page.lifecycleEvent {
   "frameId": "(505335BF25B48FB3C1816CDF7A685E9)",
   "name": "DOMContentLoaded",
   "timestamp": 2432.274071
}
[3.016][DEBUG]: DEVTOOLS EVENT Page.frameStartedLoading {
   "frameId": "(505335BF25B48FB3C1816CDF7A685E9)"
}
[3.016][DEBUG]: DEVTOOLS EVENT Page.lifecycleEvent {
   "frameId": "(505335BF25B48FB3C1816CDF7A685E9)",
   "name": "commit",
   "timestamp": 2432.274254
}
[3.016][DEBUG]: DEVTOOLS EVENT Page.frameNavigated {
   "frame": {
      "id": "(505335BF25B48FB3C1816CDF7A685E9)",
      "loaderId": "148.1",
      "mimeType": "text/html",
      "name": "chromedriver dummy frame",
      "parentId": "(FF1CD9E364A97EFF2BB69D9B2D6D8F21)",
      "securityOrigin": "://",
      "url": "about:blank"
   }
}
[3.016][DEBUG]: DEVTOOLS EVENT Runtime.executionContextCreated {
   "context": {
      "auxData": {
         "frameId": "(505335BF25B48FB3C1816CDF7A685E9)",
         "isDefault": true
      },
      "id": 3,
      "name": "",
      "origin": "://"
   }
}
[3.016][DEBUG]: DEVTOOLS EVENT Page.lifecycleEvent {
   "frameId": "(505335BF25B48FB3C1816CDF7A685E9)",
   "name": "load",
   "timestamp": 2432.276737
}
[3.016][DEBUG]: DEVTOOLS EVENT Page.frameStoppedLoading {
   "frameId": "(505335BF25B48FB3C1816CDF7A685E9)"
}
[3.016][DEBUG]: DEVTOOLS EVENT Page.lifecycleEvent {
   "frameId": "(505335BF25B48FB3C1816CDF7A685E9)",
   "name": "DOMContentLoaded",
   "timestamp": 2432.276832
}
[3.016][DEBUG]: DEVTOOLS RESPONSE Runtime.evaluate (id=11) {
   "result": {
      "description": "1",
      "type": "number",
      "value": 1
   }
}
[3.016][INFO]: Done waiting for pending navigations. Status: ok
[3.016][DEBUG]: DEVTOOLS COMMAND Page.navigate (id=12) {
   "url": "https://translate.google.com/#en/es/Merchandiser,"
}
[3.016][DEBUG]: DEVTOOLS EVENT Page.lifecycleEvent {
   "frameId": "(FF1CD9E364A97EFF2BB69D9B2D6D8F21)",
   "name": "firstPaint",
   "timestamp": 2432.283341
}
[3.016][DEBUG]: DEVTOOLS EVENT Page.lifecycleEvent {
   "frameId": "(FF1CD9E364A97EFF2BB69D9B2D6D8F21)",
   "name": "firstMeaningfulPaintCandidate",
   "timestamp": 2432.283344
}
[3.017][DEBUG]: DEVTOOLS EVENT DOM.childNodeCountUpdated {
   "childNodeCount": 1,
   "nodeId": 8
}
[3.017][DEBUG]: DEVTOOLS EVENT Runtime.executionContextDestroyed {
   "executionContextId": 3
}
[3.017][DEBUG]: DEVTOOLS EVENT Page.frameDetached {
   "frameId": "(505335BF25B48FB3C1816CDF7A685E9)"
}
[3.021][DEBUG]: DEVTOOLS EVENT Page.frameStartedLoading {
   "frameId": "(FF1CD9E364A97EFF2BB69D9B2D6D8F21)"
}
[3.021][DEBUG]: DEVTOOLS RESPONSE Page.navigate (id=12) {
   "frameId": "(FF1CD9E364A97EFF2BB69D9B2D6D8F21)"
}
[3.021][INFO]: Waiting for pending navigations...
[3.021][DEBUG]: DEVTOOLS COMMAND Runtime.evaluate (id=13) {
   "expression": "1"
}
[3.022][DEBUG]: DEVTOOLS RESPONSE Runtime.evaluate (id=13) {
   "result": {
      "description": "1",
      "type": "number",
      "value": 1
   }
}
[3.228][DEBUG]: DEVTOOLS EVENT Runtime.executionContextDestroyed {
   "executionContextId": 2
}
[3.228][DEBUG]: DEVTOOLS COMMAND Runtime.evaluate (id=14) {
   "expression": "1"
}
[3.237][DEBUG]: DEVTOOLS EVENT Runtime.executionContextsCleared {

}
[3.237][DEBUG]: DEVTOOLS EVENT Page.lifecycleEvent {
   "frameId": "(FF1CD9E364A97EFF2BB69D9B2D6D8F21)",
   "name": "commit",
   "timestamp": 2432.445042
}
[3.238][DEBUG]: DEVTOOLS EVENT Page.frameNavigated {
   "frame": {
      "id": "(FF1CD9E364A97EFF2BB69D9B2D6D8F21)",
      "loaderId": "148.2",
      "mimeType": "text/html",
      "securityOrigin": "https://translate.google.com",
      "url": "https://translate.google.com/"
   }
}
[3.238][DEBUG]: DEVTOOLS EVENT Runtime.executionContextCreated {
   "context": {
      "auxData": {
         "frameId": "(FF1CD9E364A97EFF2BB69D9B2D6D8F21)",
         "isDefault": true
      },
      "id": 4,
      "name": "",
      "origin": "https://translate.google.com"
   }
}
[3.238][DEBUG]: DEVTOOLS EVENT DOM.documentUpdated {

}
[3.238][DEBUG]: DEVTOOLS COMMAND DOM.getDocument (id=15) {

}
[3.355][DEBUG]: DEVTOOLS RESPONSE Runtime.evaluate (id=14) {
   "result": {
      "description": "1",
      "type": "number",
      "value": 1
   }
}
[3.356][DEBUG]: DEVTOOLS RESPONSE DOM.getDocument (id=15) {
   "root": {
      "backendNodeId": 7,
      "baseURL": "https://translate.google.com/#en/es/Merchandiser,",
      "childNodeCount": 2,
      "children": [ {
         "backendNodeId": 8,
         "localName": "",
         "nodeId": 10,
         "nodeName": "html",
         "nodeType": 10,
         "nodeValue": "",
         "parentId": 9,
         "publicId": "",
         "systemId": ""
      }, {
         "attributes": [  ],
         "backendNodeId": 9,
         "childNodeCount": 2,
         "children": [ {
            "attributes": [  ],
            "backendNodeId": 10,
            "childNodeCount": 22,
            "localName": "head",
            "nodeId": 12,
            "nodeName": "HEAD",
            "nodeType": 1,
            "nodeValue": "",
            "parentId": 11
         }, {
            "attributes": [ "dir", "ltr", "onload", "window.jstiming.load['tick']('ol');", "class", "e_md nj pre-epu" ],
            "backendNodeId": 11,
            "childNodeCount": 2,
            "localName": "body",
            "nodeId": 13,
            "nodeName": "BODY",
            "nodeType": 1,
            "nodeValue": "",
            "parentId": 11
         } ],
         "frameId": "(FF1CD9E364A97EFF2BB69D9B2D6D8F21)",
         "localName": "html",
         "nodeId": 11,
         "nodeName": "HTML",
         "nodeType": 1,
         "nodeValue": "",
         "parentId": 9
      } ],
      "documentURL": "https://translate.google.com/#en/es/Merchandiser,",
      "localName": "",
      "nodeId": 9,
      "nodeName": "#document",
      "nodeType": 9,
      "nodeValue": "",
      "xmlVersion": ""
   }
}
[3.356][DEBUG]: DEVTOOLS EVENT DOM.childNodeCountUpdated {
   "childNodeCount": 3,
   "nodeId": 13
}
[3.356][DEBUG]: DEVTOOLS EVENT DOM.attributeModified {
   "name": "class",
   "nodeId": 13,
   "value": "e_md  pre-epu"
}
[3.356][DEBUG]: DEVTOOLS EVENT DOM.childNodeCountUpdated {
   "childNodeCount": 4,
   "nodeId": 13
}
[3.356][DEBUG]: DEVTOOLS COMMAND Runtime.evaluate (id=16) {
   "expression": "1"
}
[3.474][DEBUG]: DEVTOOLS RESPONSE Runtime.evaluate (id=16) {
   "result": {
      "description": "1",
      "type": "number",
      "value": 1
   }
}
[3.910][DEBUG]: DEVTOOLS EVENT DOM.attributeModified {
   "name": "class",
   "nodeId": 13,
   "value": "e_md pre-epu"
}
[3.911][DEBUG]: DEVTOOLS EVENT DOM.childNodeCountUpdated {
   "childNodeCount": 5,
   "nodeId": 13
}
[3.911][DEBUG]: DEVTOOLS EVENT DOM.childNodeCountUpdated {
   "childNodeCount": 4,
   "nodeId": 13
}
[3.911][DEBUG]: DEVTOOLS EVENT DOM.childNodeCountUpdated {
   "childNodeCount": 5,
   "nodeId": 13
}
[3.911][DEBUG]: DEVTOOLS COMMAND Runtime.evaluate (id=17) {
   "expression": "1"
}
[3.928][DEBUG]: DEVTOOLS EVENT DOM.childNodeCountUpdated {
   "childNodeCount": 6,
   "nodeId": 13
}
[3.928][DEBUG]: DEVTOOLS EVENT DOM.childNodeCountUpdated {
   "childNodeCount": 7,
   "nodeId": 13
}
[3.928][DEBUG]: DEVTOOLS EVENT DOM.childNodeCountUpdated {
   "childNodeCount": 8,
   "nodeId": 13
}
[3.928][DEBUG]: DEVTOOLS EVENT DOM.childNodeCountUpdated {
   "childNodeCount": 7,
   "nodeId": 13
}
[3.928][DEBUG]: DEVTOOLS EVENT DOM.childNodeCountUpdated {
   "childNodeCount": 6,
   "nodeId": 13
}
[3.928][DEBUG]: DEVTOOLS EVENT DOM.childNodeCountUpdated {
   "childNodeCount": 7,
   "nodeId": 13
}
[3.928][DEBUG]: DEVTOOLS EVENT DOM.childNodeCountUpdated {
   "childNodeCount": 8,
   "nodeId": 13
}
[3.928][DEBUG]: DEVTOOLS EVENT DOM.childNodeCountUpdated {
   "childNodeCount": 9,
   "nodeId": 13
}
[3.928][DEBUG]: DEVTOOLS EVENT DOM.childNodeCountUpdated {
   "childNodeCount": 10,
   "nodeId": 13
}
[3.928][DEBUG]: DEVTOOLS EVENT DOM.childNodeCountUpdated {
   "childNodeCount": 11,
   "nodeId": 13
}
[3.928][DEBUG]: DEVTOOLS EVENT DOM.childNodeCountUpdated {
   "childNodeCount": 12,
   "nodeId": 13
}
[3.928][DEBUG]: DEVTOOLS EVENT DOM.childNodeCountUpdated {
   "childNodeCount": 13,
   "nodeId": 13
}
[3.928][DEBUG]: DEVTOOLS EVENT DOM.childNodeCountUpdated {
   "childNodeCount": 14,
   "nodeId": 13
}
[3.928][DEBUG]: DEVTOOLS EVENT DOM.childNodeCountUpdated {
   "childNodeCount": 15,
   "nodeId": 13
}
[3.928][DEBUG]: DEVTOOLS EVENT DOM.childNodeCountUpdated {
   "childNodeCount": 14,
   "nodeId": 13
}
[3.928][DEBUG]: DEVTOOLS EVENT DOM.childNodeCountUpdated {
   "childNodeCount": 13,
   "nodeId": 13
}
[3.928][DEBUG]: DEVTOOLS EVENT DOM.childNodeCountUpdated {
   "childNodeCount": 14,
   "nodeId": 13
}
[3.928][DEBUG]: DEVTOOLS EVENT DOM.childNodeCountUpdated {
   "childNodeCount": 23,
   "nodeId": 12
}
[3.928][DEBUG]: DEVTOOLS EVENT DOM.childNodeCountUpdated {
   "childNodeCount": 15,
   "nodeId": 13
}
[3.928][DEBUG]: DEVTOOLS EVENT DOM.childNodeCountUpdated {
   "childNodeCount": 14,
   "nodeId": 13
}
[3.928][DEBUG]: DEVTOOLS EVENT DOM.childNodeCountUpdated {
   "childNodeCount": 15,
   "nodeId": 13
}
[3.928][DEBUG]: DEVTOOLS EVENT DOM.childNodeCountUpdated {
   "childNodeCount": 14,
   "nodeId": 13
}
[3.928][DEBUG]: DEVTOOLS EVENT DOM.childNodeCountUpdated {
   "childNodeCount": 15,
   "nodeId": 13
}
[3.928][DEBUG]: DEVTOOLS EVENT DOM.childNodeCountUpdated {
   "childNodeCount": 14,
   "nodeId": 13
}
[3.928][DEBUG]: DEVTOOLS EVENT DOM.childNodeCountUpdated {
   "childNodeCount": 15,
   "nodeId": 13
}
[3.928][DEBUG]: DEVTOOLS EVENT DOM.childNodeCountUpdated {
   "childNodeCount": 14,
   "nodeId": 13
}
[3.928][DEBUG]: DEVTOOLS EVENT DOM.childNodeCountUpdated {
   "childNodeCount": 15,
   "nodeId": 13
}
[3.928][DEBUG]: DEVTOOLS EVENT DOM.childNodeCountUpdated {
   "childNodeCount": 14,
   "nodeId": 13
}
[3.928][DEBUG]: DEVTOOLS EVENT DOM.childNodeCountUpdated {
   "childNodeCount": 15,
   "nodeId": 13
}
[3.928][DEBUG]: DEVTOOLS EVENT DOM.childNodeCountUpdated {
   "childNodeCount": 14,
   "nodeId": 13
}
[3.928][DEBUG]: DEVTOOLS EVENT DOM.childNodeCountUpdated {
   "childNodeCount": 15,
   "nodeId": 13
}
[3.928][DEBUG]: DEVTOOLS EVENT DOM.childNodeCountUpdated {
   "childNodeCount": 14,
   "nodeId": 13
}
[3.928][DEBUG]: DEVTOOLS EVENT DOM.childNodeCountUpdated {
   "childNodeCount": 15,
   "nodeId": 13
}
[3.928][DEBUG]: DEVTOOLS EVENT DOM.childNodeCountUpdated {
   "childNodeCount": 14,
   "nodeId": 13
}
[3.928][DEBUG]: DEVTOOLS EVENT DOM.childNodeCountUpdated {
   "childNodeCount": 15,
   "nodeId": 13
}
[3.928][DEBUG]: DEVTOOLS EVENT DOM.childNodeCountUpdated {
   "childNodeCount": 14,
   "nodeId": 13
}
[3.928][DEBUG]: DEVTOOLS EVENT DOM.childNodeCountUpdated {
   "childNodeCount": 15,
   "nodeId": 13
}
[3.928][DEBUG]: DEVTOOLS EVENT DOM.childNodeCountUpdated {
   "childNodeCount": 14,
   "nodeId": 13
}
[3.928][DEBUG]: DEVTOOLS EVENT DOM.childNodeCountUpdated {
   "childNodeCount": 15,
   "nodeId": 13
}
[3.928][DEBUG]: DEVTOOLS EVENT DOM.childNodeCountUpdated {
   "childNodeCount": 14,
   "nodeId": 13
}
[3.928][DEBUG]: DEVTOOLS EVENT DOM.childNodeCountUpdated {
   "childNodeCount": 15,
   "nodeId": 13
}
[3.928][DEBUG]: DEVTOOLS EVENT DOM.childNodeCountUpdated {
   "childNodeCount": 14,
   "nodeId": 13
}
[3.928][DEBUG]: DEVTOOLS EVENT DOM.childNodeCountUpdated {
   "childNodeCount": 15,
   "nodeId": 13
}
[3.928][DEBUG]: DEVTOOLS EVENT DOM.childNodeCountUpdated {
   "childNodeCount": 14,
   "nodeId": 13
}
[3.928][DEBUG]: DEVTOOLS EVENT DOM.childNodeCountUpdated {
   "childNodeCount": 15,
   "nodeId": 13
}
[3.928][DEBUG]: DEVTOOLS EVENT DOM.childNodeCountUpdated {
   "childNodeCount": 14,
   "nodeId": 13
}
[3.928][DEBUG]: DEVTOOLS EVENT DOM.childNodeCountUpdated {
   "childNodeCount": 15,
   "nodeId": 13
}
[3.928][DEBUG]: DEVTOOLS EVENT DOM.childNodeCountUpdated {
   "childNodeCount": 14,
   "nodeId": 13
}
[3.928][DEBUG]: DEVTOOLS EVENT DOM.childNodeCountUpdated {
   "childNodeCount": 15,
   "nodeId": 13
}
[3.928][DEBUG]: DEVTOOLS EVENT DOM.childNodeCountUpdated {
   "childNodeCount": 14,
   "nodeId": 13
}
[3.928][DEBUG]: DEVTOOLS EVENT DOM.childNodeCountUpdated {
   "childNodeCount": 24,
   "nodeId": 12
}
[3.928][DEBUG]: DEVTOOLS EVENT DOM.childNodeCountUpdated {
   "childNodeCount": 25,
   "nodeId": 12
}
[3.928][DEBUG]: DEVTOOLS EVENT DOM.childNodeCountUpdated {
   "childNodeCount": 26,
   "nodeId": 12
}
[3.928][DEBUG]: DEVTOOLS EVENT DOM.childNodeCountUpdated {
   "childNodeCount": 15,
   "nodeId": 13
}
[3.928][DEBUG]: DEVTOOLS EVENT DOM.childNodeCountUpdated {
   "childNodeCount": 14,
   "nodeId": 13
}
[3.929][DEBUG]: DEVTOOLS EVENT Page.domContentEventFired {
   "timestamp": 2433.190723
}
[3.929][DEBUG]: DEVTOOLS EVENT Page.lifecycleEvent {
   "frameId": "(FF1CD9E364A97EFF2BB69D9B2D6D8F21)",
   "name": "DOMContentLoaded",
   "timestamp": 2433.190723
}
[3.929][DEBUG]: DEVTOOLS EVENT DOM.documentUpdated {

}
[3.929][DEBUG]: DEVTOOLS COMMAND DOM.getDocument (id=18) {

}
[3.960][DEBUG]: DEVTOOLS EVENT Page.lifecycleEvent {
   "frameId": "(FF1CD9E364A97EFF2BB69D9B2D6D8F21)",
   "name": "firstPaint",
   "timestamp": 2432.766924
}
[3.961][DEBUG]: DEVTOOLS EVENT Page.lifecycleEvent {
   "frameId": "(FF1CD9E364A97EFF2BB69D9B2D6D8F21)",
   "name": "firstContentfulPaint",
   "timestamp": 2432.766926
}
[3.961][DEBUG]: DEVTOOLS EVENT Page.lifecycleEvent {
   "frameId": "(FF1CD9E364A97EFF2BB69D9B2D6D8F21)",
   "name": "firstTextPaint",
   "timestamp": 2432.766927
}
[3.961][DEBUG]: DEVTOOLS EVENT Page.lifecycleEvent {
   "frameId": "(FF1CD9E364A97EFF2BB69D9B2D6D8F21)",
   "name": "firstImagePaint",
   "timestamp": 2432.766928
}
[3.961][DEBUG]: DEVTOOLS EVENT Page.lifecycleEvent {
   "frameId": "(FF1CD9E364A97EFF2BB69D9B2D6D8F21)",
   "name": "firstMeaningfulPaintCandidate",
   "timestamp": 2432.766929
}
[3.990][DEBUG]: DEVTOOLS RESPONSE Runtime.evaluate (id=17) {
   "result": {
      "description": "1",
      "type": "number",
      "value": 1
   }
}
[3.990][DEBUG]: DEVTOOLS RESPONSE DOM.getDocument (id=18) {
   "root": {
      "backendNodeId": 7,
      "baseURL": "https://translate.google.com/#en/es/Merchandiser%2C",
      "childNodeCount": 2,
      "children": [ {
         "backendNodeId": 8,
         "localName": "",
         "nodeId": 15,
         "nodeName": "html",
         "nodeType": 10,
         "nodeValue": "",
         "parentId": 14,
         "publicId": "",
         "systemId": ""
      }, {
         "attributes": [  ],
         "backendNodeId": 9,
         "childNodeCount": 2,
         "children": [ {
            "attributes": [  ],
            "backendNodeId": 10,
            "childNodeCount": 26,
            "localName": "head",
            "nodeId": 17,
            "nodeName": "HEAD",
            "nodeType": 1,
            "nodeValue": "",
            "parentId": 16
         }, {
            "attributes": [ "dir", "ltr", "onload", "window.jstiming.load['tick']('ol');", "class", "e_md pre-epu" ],
            "backendNodeId": 11,
            "childNodeCount": 14,
            "localName": "body",
            "nodeId": 18,
            "nodeName": "BODY",
            "nodeType": 1,
            "nodeValue": "",
            "parentId": 16
         } ],
         "frameId": "(FF1CD9E364A97EFF2BB69D9B2D6D8F21)",
         "localName": "html",
         "nodeId": 16,
         "nodeName": "HTML",
         "nodeType": 1,
         "nodeValue": "",
         "parentId": 14
      } ],
      "documentURL": "https://translate.google.com/#en/es/Merchandiser%2C",
      "localName": "",
      "nodeId": 14,
      "nodeName": "#document",
      "nodeType": 9,
      "nodeValue": "",
      "xmlVersion": ""
   }
}
[4.134][DEBUG]: DEVTOOLS EVENT DOM.childNodeCountUpdated {
   "childNodeCount": 27,
   "nodeId": 17
}
[4.134][DEBUG]: DEVTOOLS EVENT DOM.childNodeCountUpdated {
   "childNodeCount": 28,
   "nodeId": 17
}
[4.134][DEBUG]: DEVTOOLS EVENT DOM.childNodeCountUpdated {
   "childNodeCount": 15,
   "nodeId": 18
}
[4.134][DEBUG]: DEVTOOLS EVENT DOM.childNodeCountUpdated {
   "childNodeCount": 14,
   "nodeId": 18
}
[4.134][DEBUG]: DEVTOOLS COMMAND Runtime.evaluate (id=19) {
   "expression": "1"
}
[4.198][DEBUG]: DEVTOOLS RESPONSE Runtime.evaluate (id=19) {
   "result": {
      "description": "1",
      "type": "number",
      "value": 1
   }
}
[4.389][DEBUG]: DEVTOOLS EVENT DOM.childNodeCountUpdated {
   "childNodeCount": 29,
   "nodeId": 17
}
[4.389][DEBUG]: DEVTOOLS EVENT DOM.childNodeCountUpdated {
   "childNodeCount": 15,
   "nodeId": 18
}
[4.389][DEBUG]: DEVTOOLS EVENT DOM.childNodeCountUpdated {
   "childNodeCount": 16,
   "nodeId": 18
}
[4.389][DEBUG]: DEVTOOLS EVENT DOM.childNodeCountUpdated {
   "childNodeCount": 17,
   "nodeId": 18
}
[4.389][DEBUG]: DEVTOOLS EVENT DOM.childNodeCountUpdated {
   "childNodeCount": 18,
   "nodeId": 18
}
[4.389][DEBUG]: DEVTOOLS EVENT DOM.childNodeCountUpdated {
   "childNodeCount": 19,
   "nodeId": 18
}
[4.389][DEBUG]: DEVTOOLS EVENT DOM.childNodeCountUpdated {
   "childNodeCount": 30,
   "nodeId": 17
}
[4.389][DEBUG]: DEVTOOLS EVENT DOM.childNodeCountUpdated {
   "childNodeCount": 20,
   "nodeId": 18
}
[4.389][DEBUG]: DEVTOOLS EVENT DOM.childNodeCountUpdated {
   "childNodeCount": 21,
   "nodeId": 18
}
[4.389][DEBUG]: DEVTOOLS EVENT DOM.childNodeCountUpdated {
   "childNodeCount": 20,
   "nodeId": 18
}
[4.389][DEBUG]: DEVTOOLS EVENT DOM.childNodeCountUpdated {
   "childNodeCount": 19,
   "nodeId": 18
}
[4.389][DEBUG]: DEVTOOLS EVENT DOM.childNodeCountUpdated {
   "childNodeCount": 20,
   "nodeId": 18
}
[4.389][DEBUG]: DEVTOOLS EVENT DOM.childNodeCountUpdated {
   "childNodeCount": 31,
   "nodeId": 17
}
[4.389][DEBUG]: DEVTOOLS EVENT DOM.childNodeCountUpdated {
   "childNodeCount": 32,
   "nodeId": 17
}
[4.389][DEBUG]: DEVTOOLS COMMAND Runtime.evaluate (id=20) {
   "expression": "1"
}
[4.451][DEBUG]: DEVTOOLS RESPONSE Runtime.evaluate (id=20) {
   "result": {
      "description": "1",
      "type": "number",
      "value": 1
   }
}
[4.512][DEBUG]: DEVTOOLS EVENT DOM.childNodeCountUpdated {
   "childNodeCount": 21,
   "nodeId": 18
}
[4.512][DEBUG]: DEVTOOLS COMMAND Runtime.evaluate (id=21) {
   "expression": "1"
}
[4.535][DEBUG]: DEVTOOLS RESPONSE Runtime.evaluate (id=21) {
   "result": {
      "description": "1",
      "type": "number",
      "value": 1
   }
}
[4.538][DEBUG]: DEVTOOLS EVENT Page.lifecycleEvent {
   "frameId": "(FF1CD9E364A97EFF2BB69D9B2D6D8F21)",
   "name": "firstMeaningfulPaintCandidate",
   "timestamp": 2433.827008
}
[4.538][DEBUG]: DEVTOOLS COMMAND Runtime.evaluate (id=22) {
   "expression": "1"
}
[4.552][DEBUG]: DEVTOOLS EVENT Runtime.exceptionThrown {
   "exceptionDetails": {
      "columnNumber": 474,
      "exception": {
         "className": "TypeError",
         "description": "TypeError: Cannot convert undefined or null to object\n    at Image.b.onload.b.onerror (https://translate.google.com/translate/releases/twsfe_w_20180827_RC01/r/js/desktop_module_main.js:839:475)",
         "objectId": "{\"injectedScriptId\":4,\"id\":1}",
         "preview": {
            "description": "TypeError: Cannot convert undefined or null to object\n    at Image.b.onload.b.onerror (https://translate.google.com/translate/releases/twsfe_w_20180827_RC01/r/js/desktop_module_main.js:839:475)",
            "overflow": false,
            "properties": [ {
               "name": "stack",
               "type": "string",
               "value": "TypeError: Cannot convert undefined or null to obj…0180827_RC01/r/js/desktop_module_main.js:839:475)"
            }, {
               "name": "message",
               "type": "string",
               "value": "Cannot convert undefined or null to object"
            } ],
            "subtype": "error",
            "type": "object"
         },
         "subtype": "error",
         "type": "object"
      },
      "exceptionId": 1,
      "executionContextId": 4,
      "lineNumber": 838,
      "stackTrace": {
         "callFrames": [ {
            "columnNumber": 474,
            "functionName": "b.onload.b.onerror",
            "lineNumber": 838,
            "scriptId": "51",
            "url": "https://translate.google.com/translate/releases/twsfe_w_20180827_RC01/r/js/desktop_module_main.js"
         } ]
      },
      "text": "Uncaught",
      "url": "https://translate.google.com/translate/releases/twsfe_w_20180827_RC01/r/js/desktop_module_main.js"
   },
   "timestamp": 1535700861506.41
}
[4.554][DEBUG]: DEVTOOLS RESPONSE Runtime.evaluate (id=22) {
   "result": {
      "description": "1",
      "type": "number",
      "value": 1
   }
}
[4.575][DEBUG]: DEVTOOLS EVENT Page.loadEventFired {
   "timestamp": 2433.862153
}
[4.575][DEBUG]: DEVTOOLS COMMAND Runtime.evaluate (id=23) {
   "expression": "1"
}
[4.576][DEBUG]: DEVTOOLS EVENT Page.lifecycleEvent {
   "frameId": "(FF1CD9E364A97EFF2BB69D9B2D6D8F21)",
   "name": "load",
   "timestamp": 2433.862153
}
[4.576][DEBUG]: DEVTOOLS EVENT Page.frameStoppedLoading {
   "frameId": "(FF1CD9E364A97EFF2BB69D9B2D6D8F21)"
}
[4.576][DEBUG]: DEVTOOLS RESPONSE Runtime.evaluate (id=23) {
   "result": {
      "description": "1",
      "type": "number",
      "value": 1
   }
}
[4.576][INFO]: Done waiting for pending navigations. Status: ok
[4.576][INFO]: RESPONSE Navigate
[4.600][INFO]: COMMAND FindElements {
   "using": "css selector",
   "value": "#gt-src-c"
}
[4.600][INFO]: Waiting for pending navigations...
[4.600][DEBUG]: DEVTOOLS COMMAND Runtime.evaluate (id=24) {
   "expression": "1"
}
[4.601][DEBUG]: DEVTOOLS RESPONSE Runtime.evaluate (id=24) {
   "result": {
      "description": "1",
      "type": "number",
      "value": 1
   }
}
[4.601][INFO]: Done waiting for pending navigations. Status: ok
[4.603][DEBUG]: DEVTOOLS COMMAND Runtime.evaluate (id=25) {
   "expression": "(function() { // Copyright (c) 2012 The Chromium Authors. All rights reserved.\n// Use of this source code is governed by a BSD-style license that can be\n// found in the LICENSE file.\n\n/**\n * Enum f...",
   "returnByValue": true
}
[4.640][DEBUG]: DEVTOOLS RESPONSE Runtime.evaluate (id=25) {
   "result": {
      "type": "object",
      "value": {
         "status": 0,
         "value": [ {
            "ELEMENT": "0.32553037349187064-1"
         } ]
      }
   }
}
[4.640][INFO]: Waiting for pending navigations...
[4.640][DEBUG]: DEVTOOLS COMMAND Runtime.evaluate (id=26) {
   "expression": "1"
}
[4.640][DEBUG]: DEVTOOLS RESPONSE Runtime.evaluate (id=26) {
   "result": {
      "description": "1",
      "type": "number",
      "value": 1
   }
}
[4.640][INFO]: Done waiting for pending navigations. Status: ok
[4.640][INFO]: RESPONSE FindElements [ {
   "ELEMENT": "0.32553037349187064-1"
} ]
[4.646][INFO]: COMMAND IsElementDisplayed {
   "id": "0.32553037349187064-1"
}
[4.646][INFO]: Waiting for pending navigations...
[4.646][DEBUG]: DEVTOOLS COMMAND Runtime.evaluate (id=27) {
   "expression": "1"
}
[4.653][DEBUG]: DEVTOOLS RESPONSE Runtime.evaluate (id=27) {
   "result": {
      "description": "1",
      "type": "number",
      "value": 1
   }
}
[4.653][INFO]: Done waiting for pending navigations. Status: ok
[4.655][DEBUG]: DEVTOOLS COMMAND Runtime.evaluate (id=28) {
   "expression": "(function() { // Copyright (c) 2012 The Chromium Authors. All rights reserved.\n// Use of this source code is governed by a BSD-style license that can be\n// found in the LICENSE file.\n\n/**\n * Enum f...",
   "returnByValue": true
}
[4.691][DEBUG]: DEVTOOLS RESPONSE Runtime.evaluate (id=28) {
   "result": {
      "type": "object",
      "value": {
         "status": 0,
         "value": true
      }
   }
}
[4.691][INFO]: Waiting for pending navigations...
[4.691][DEBUG]: DEVTOOLS COMMAND Runtime.evaluate (id=29) {
   "expression": "1"
}
[4.692][DEBUG]: DEVTOOLS RESPONSE Runtime.evaluate (id=29) {
   "result": {
      "description": "1",
      "type": "number",
      "value": 1
   }
}
[4.692][INFO]: Done waiting for pending navigations. Status: ok
[4.692][INFO]: RESPONSE IsElementDisplayed true
[4.699][INFO]: COMMAND FindChildElements {
   "id": "0.32553037349187064-1",
   "using": "css selector",
   "value": "textarea#source"
}
[4.699][INFO]: Waiting for pending navigations...
[4.699][DEBUG]: DEVTOOLS COMMAND Runtime.evaluate (id=30) {
   "expression": "1"
}
[4.699][DEBUG]: DEVTOOLS RESPONSE Runtime.evaluate (id=30) {
   "result": {
      "description": "1",
      "type": "number",
      "value": 1
   }
}
[4.699][INFO]: Done waiting for pending navigations. Status: ok
[4.701][DEBUG]: DEVTOOLS COMMAND Runtime.evaluate (id=31) {
   "expression": "(function() { // Copyright (c) 2012 The Chromium Authors. All rights reserved.\n// Use of this source code is governed by a BSD-style license that can be\n// found in the LICENSE file.\n\n/**\n * Enum f...",
   "returnByValue": true
}
[4.723][DEBUG]: DEVTOOLS RESPONSE Runtime.evaluate (id=31) {
   "result": {
      "type": "object",
      "value": {
         "status": 0,
         "value": [ {
            "ELEMENT": "0.32553037349187064-2"
         } ]
      }
   }
}
[4.723][INFO]: Waiting for pending navigations...
[4.723][DEBUG]: DEVTOOLS COMMAND Runtime.evaluate (id=32) {
   "expression": "1"
}
[4.728][DEBUG]: DEVTOOLS RESPONSE Runtime.evaluate (id=32) {
   "result": {
      "description": "1",
      "type": "number",
      "value": 1
   }
}
[4.728][INFO]: Done waiting for pending navigations. Status: ok
[4.728][INFO]: RESPONSE FindChildElements [ {
   "ELEMENT": "0.32553037349187064-2"
} ]
[4.733][INFO]: COMMAND IsElementDisplayed {
   "id": "0.32553037349187064-2"
}
[4.733][INFO]: Waiting for pending navigations...
[4.733][DEBUG]: DEVTOOLS COMMAND Runtime.evaluate (id=33) {
   "expression": "1"
}
[4.748][DEBUG]: DEVTOOLS RESPONSE Runtime.evaluate (id=33) {
   "result": {
      "description": "1",
      "type": "number",
      "value": 1
   }
}
[4.748][INFO]: Done waiting for pending navigations. Status: ok
[4.750][DEBUG]: DEVTOOLS COMMAND Runtime.evaluate (id=34) {
   "expression": "(function() { // Copyright (c) 2012 The Chromium Authors. All rights reserved.\n// Use of this source code is governed by a BSD-style license that can be\n// found in the LICENSE file.\n\n/**\n * Enum f...",
   "returnByValue": true
}
[4.791][DEBUG]: DEVTOOLS RESPONSE Runtime.evaluate (id=34) {
   "result": {
      "type": "object",
      "value": {
         "status": 0,
         "value": true
      }
   }
}
[4.791][INFO]: Waiting for pending navigations...
[4.792][DEBUG]: DEVTOOLS COMMAND Runtime.evaluate (id=35) {
   "expression": "1"
}
[4.792][DEBUG]: DEVTOOLS RESPONSE Runtime.evaluate (id=35) {
   "result": {
      "description": "1",
      "type": "number",
      "value": 1
   }
}
[4.792][INFO]: Done waiting for pending navigations. Status: ok
[4.792][INFO]: RESPONSE IsElementDisplayed true
[4.797][INFO]: COMMAND ClearElement {
   "id": "0.32553037349187064-2"
}
[4.797][INFO]: Waiting for pending navigations...
[4.797][DEBUG]: DEVTOOLS COMMAND Runtime.evaluate (id=36) {
   "expression": "1"
}
[4.798][DEBUG]: DEVTOOLS RESPONSE Runtime.evaluate (id=36) {
   "result": {
      "description": "1",
      "type": "number",
      "value": 1
   }
}
[4.798][INFO]: Done waiting for pending navigations. Status: ok
[4.800][DEBUG]: DEVTOOLS COMMAND Runtime.evaluate (id=37) {
   "expression": "(function() { // Copyright (c) 2012 The Chromium Authors. All rights reserved.\n// Use of this source code is governed by a BSD-style license that can be\n// found in the LICENSE file.\n\n/**\n * Enum f...",
   "returnByValue": true
}
[4.829][DEBUG]: DEVTOOLS RESPONSE Runtime.evaluate (id=37) {
   "result": {
      "type": "object",
      "value": {
         "status": 0,
         "value": null
      }
   }
}
[4.829][INFO]: Waiting for pending navigations...
[4.829][DEBUG]: DEVTOOLS COMMAND Runtime.evaluate (id=38) {
   "expression": "1"
}
[4.833][DEBUG]: DEVTOOLS RESPONSE Runtime.evaluate (id=38) {
   "result": {
      "description": "1",
      "type": "number",
      "value": 1
   }
}
[4.833][INFO]: Done waiting for pending navigations. Status: ok
[4.833][INFO]: RESPONSE ClearElement
[4.837][INFO]: COMMAND TypeElement {
   "id": "0.32553037349187064-2",
   "text": "12345",
   "value": [ "1", "2", "3", "4", "5" ]
}
[4.837][INFO]: Waiting for pending navigations...
[4.837][DEBUG]: DEVTOOLS COMMAND Runtime.evaluate (id=39) {
   "expression": "1"
}
[4.840][DEBUG]: DEVTOOLS RESPONSE Runtime.evaluate (id=39) {
   "result": {
      "description": "1",
      "type": "number",
      "value": 1
   }
}
[4.840][INFO]: Done waiting for pending navigations. Status: ok
[4.840][DEBUG]: DEVTOOLS COMMAND Runtime.evaluate (id=40) {
   "expression": "(function() { // Copyright (c) 2012 The Chromium Authors. All rights reserved.\n// Use of this source code is governed by a BSD-style license that can be\n// found in the LICENSE file.\n\n/**\n * Enum f...",
   "returnByValue": true
}
[4.850][DEBUG]: DEVTOOLS RESPONSE Runtime.evaluate (id=40) {
   "result": {
      "type": "object",
      "value": {
         "status": 0,
         "value": "TEXTAREA"
      }
   }
}
[4.851][DEBUG]: DEVTOOLS COMMAND Runtime.evaluate (id=41) {
   "expression": "(function() { // Copyright (c) 2012 The Chromium Authors. All rights reserved.\n// Use of this source code is governed by a BSD-style license that can be\n// found in the LICENSE file.\n\n/**\n * Enum f...",
   "returnByValue": true
}
[4.853][DEBUG]: DEVTOOLS RESPONSE Runtime.evaluate (id=41) {
   "result": {
      "type": "object",
      "value": {
         "status": 0,
         "value": "textarea"
      }
   }
}
[4.855][DEBUG]: DEVTOOLS COMMAND Runtime.evaluate (id=42) {
   "expression": "(function() { // Copyright (c) 2012 The Chromium Authors. All rights reserved.\n// Use of this source code is governed by a BSD-style license that can be\n// found in the LICENSE file.\n\n/**\n * Enum f...",
   "returnByValue": true
}
[4.872][DEBUG]: DEVTOOLS RESPONSE Runtime.evaluate (id=42) {
   "result": {
      "type": "object",
      "value": {
         "status": 0,
         "value": true
      }
   }
}
[4.873][DEBUG]: DEVTOOLS COMMAND Runtime.evaluate (id=43) {
   "expression": "(function() { // Copyright (c) 2012 The Chromium Authors. All rights reserved.\n// Use of this source code is governed by a BSD-style license that can be\n// found in the LICENSE file.\n\n/**\n * Enum f...",
   "returnByValue": true
}
[4.890][DEBUG]: DEVTOOLS RESPONSE Runtime.evaluate (id=43) {
   "result": {
      "type": "object",
      "value": {
         "status": 0,
         "value": true
      }
   }
}
[4.890][DEBUG]: DEVTOOLS COMMAND Runtime.evaluate (id=44) {
   "expression": "(function() { // Copyright (c) 2012 The Chromium Authors. All rights reserved.\n// Use of this source code is governed by a BSD-style license that can be\n// found in the LICENSE file.\n\n/**\n * Enum f...",
   "returnByValue": true
}
[4.892][DEBUG]: DEVTOOLS RESPONSE Runtime.evaluate (id=44) {
   "result": {
      "type": "object",
      "value": {
         "status": 0,
         "value": null
      }
   }
}
[4.894][DEBUG]: DEVTOOLS COMMAND Input.dispatchKeyEvent (id=45) {
   "code": "Digit1",
   "key": "1",
   "modifiers": 0,
   "text": "1",
   "type": "rawKeyDown",
   "unmodifiedText": "1",
   "windowsVirtualKeyCode": 49
}
[4.900][DEBUG]: DEVTOOLS RESPONSE Input.dispatchKeyEvent (id=45) {

}
[4.900][DEBUG]: DEVTOOLS COMMAND Input.dispatchKeyEvent (id=46) {
   "code": "Digit1",
   "key": "1",
   "modifiers": 0,
   "text": "1",
   "type": "char",
   "unmodifiedText": "1",
   "windowsVirtualKeyCode": 49
}
[4.909][DEBUG]: DEVTOOLS RESPONSE Input.dispatchKeyEvent (id=46) {

}
[4.909][DEBUG]: DEVTOOLS COMMAND Input.dispatchKeyEvent (id=47) {
   "code": "Digit1",
   "key": "1",
   "modifiers": 0,
   "text": "1",
   "type": "keyUp",
   "unmodifiedText": "1",
   "windowsVirtualKeyCode": 49
}
[4.923][DEBUG]: DEVTOOLS RESPONSE Input.dispatchKeyEvent (id=47) {

}
[4.923][DEBUG]: DEVTOOLS COMMAND Input.dispatchKeyEvent (id=48) {
   "code": "Digit2",
   "key": "2",
   "modifiers": 0,
   "text": "2",
   "type": "rawKeyDown",
   "unmodifiedText": "2",
   "windowsVirtualKeyCode": 50
}
[4.931][DEBUG]: DEVTOOLS RESPONSE Input.dispatchKeyEvent (id=48) {

}
[4.931][DEBUG]: DEVTOOLS COMMAND Input.dispatchKeyEvent (id=49) {
   "code": "Digit2",
   "key": "2",
   "modifiers": 0,
   "text": "2",
   "type": "char",
   "unmodifiedText": "2",
   "windowsVirtualKeyCode": 50
}
[4.935][DEBUG]: DEVTOOLS RESPONSE Input.dispatchKeyEvent (id=49) {

}
[4.935][DEBUG]: DEVTOOLS COMMAND Input.dispatchKeyEvent (id=50) {
   "code": "Digit2",
   "key": "2",
   "modifiers": 0,
   "text": "2",
   "type": "keyUp",
   "unmodifiedText": "2",
   "windowsVirtualKeyCode": 50
}
[4.937][DEBUG]: DEVTOOLS EVENT DOM.childNodeCountUpdated {
   "childNodeCount": 33,
   "nodeId": 17
}
[4.937][DEBUG]: DEVTOOLS RESPONSE Input.dispatchKeyEvent (id=50) {

}
[4.937][DEBUG]: DEVTOOLS COMMAND Input.dispatchKeyEvent (id=51) {
   "code": "Digit3",
   "key": "3",
   "modifiers": 0,
   "text": "3",
   "type": "rawKeyDown",
   "unmodifiedText": "3",
   "windowsVirtualKeyCode": 51
}
[4.940][DEBUG]: DEVTOOLS RESPONSE Input.dispatchKeyEvent (id=51) {

}
[4.940][DEBUG]: DEVTOOLS COMMAND Input.dispatchKeyEvent (id=52) {
   "code": "Digit3",
   "key": "3",
   "modifiers": 0,
   "text": "3",
   "type": "char",
   "unmodifiedText": "3",
   "windowsVirtualKeyCode": 51
}
[4.948][DEBUG]: DEVTOOLS RESPONSE Input.dispatchKeyEvent (id=52) {

}
[4.948][DEBUG]: DEVTOOLS COMMAND Input.dispatchKeyEvent (id=53) {
   "code": "Digit3",
   "key": "3",
   "modifiers": 0,
   "text": "3",
   "type": "keyUp",
   "unmodifiedText": "3",
   "windowsVirtualKeyCode": 51
}
[4.954][DEBUG]: DEVTOOLS EVENT DOM.childNodeCountUpdated {
   "childNodeCount": 32,
   "nodeId": 17
}
[4.955][DEBUG]: DEVTOOLS RESPONSE Input.dispatchKeyEvent (id=53) {

}
[4.955][DEBUG]: DEVTOOLS COMMAND Input.dispatchKeyEvent (id=54) {
   "code": "Digit4",
   "key": "4",
   "modifiers": 0,
   "text": "4",
   "type": "rawKeyDown",
   "unmodifiedText": "4",
   "windowsVirtualKeyCode": 52
}
[4.970][DEBUG]: DEVTOOLS RESPONSE Input.dispatchKeyEvent (id=54) {

}
[4.970][DEBUG]: DEVTOOLS COMMAND Input.dispatchKeyEvent (id=55) {
   "code": "Digit4",
   "key": "4",
   "modifiers": 0,
   "text": "4",
   "type": "char",
   "unmodifiedText": "4",
   "windowsVirtualKeyCode": 52
}
[4.971][DEBUG]: DEVTOOLS EVENT Page.lifecycleEvent {
   "frameId": "(FF1CD9E364A97EFF2BB69D9B2D6D8F21)",
   "name": "firstMeaningfulPaint",
   "timestamp": 2433.827008
}
[4.975][DEBUG]: DEVTOOLS RESPONSE Input.dispatchKeyEvent (id=55) {

}
[4.975][DEBUG]: DEVTOOLS COMMAND Input.dispatchKeyEvent (id=56) {
   "code": "Digit4",
   "key": "4",
   "modifiers": 0,
   "text": "4",
   "type": "keyUp",
   "unmodifiedText": "4",
   "windowsVirtualKeyCode": 52
}
[4.976][DEBUG]: DEVTOOLS RESPONSE Input.dispatchKeyEvent (id=56) {

}
[4.976][DEBUG]: DEVTOOLS COMMAND Input.dispatchKeyEvent (id=57) {
   "code": "Digit5",
   "key": "5",
   "modifiers": 0,
   "text": "5",
   "type": "rawKeyDown",
   "unmodifiedText": "5",
   "windowsVirtualKeyCode": 53
}
[4.977][DEBUG]: DEVTOOLS RESPONSE Input.dispatchKeyEvent (id=57) {

}
[4.977][DEBUG]: DEVTOOLS COMMAND Input.dispatchKeyEvent (id=58) {
   "code": "Digit5",
   "key": "5",
   "modifiers": 0,
   "text": "5",
   "type": "char",
   "unmodifiedText": "5",
   "windowsVirtualKeyCode": 53
}
[4.979][DEBUG]: DEVTOOLS RESPONSE Input.dispatchKeyEvent (id=58) {

}
[4.979][DEBUG]: DEVTOOLS COMMAND Input.dispatchKeyEvent (id=59) {
   "code": "Digit5",
   "key": "5",
   "modifiers": 0,
   "text": "5",
   "type": "keyUp",
   "unmodifiedText": "5",
   "windowsVirtualKeyCode": 53
}
[4.998][DEBUG]: DEVTOOLS RESPONSE Input.dispatchKeyEvent (id=59) {

}
[4.998][INFO]: Waiting for pending navigations...
[4.998][DEBUG]: DEVTOOLS COMMAND Runtime.evaluate (id=60) {
   "expression": "1"
}
[5.002][DEBUG]: DEVTOOLS RESPONSE Runtime.evaluate (id=60) {
   "result": {
      "description": "1",
      "type": "number",
      "value": 1
   }
}
[5.002][INFO]: Done waiting for pending navigations. Status: ok
[5.002][INFO]: RESPONSE TypeElement
[5.008][INFO]: COMMAND Screenshot {

}
[5.008][INFO]: Waiting for pending navigations...
[5.008][DEBUG]: DEVTOOLS COMMAND Runtime.evaluate (id=61) {
   "expression": "1"
}
[5.009][DEBUG]: DEVTOOLS RESPONSE Runtime.evaluate (id=61) {
   "result": {
      "description": "1",
      "type": "number",
      "value": 1
   }
}
[5.009][INFO]: Done waiting for pending navigations. Status: ok
[5.009][DEBUG]: DevTools request: http://localhost:12546/json/activate/(FF1CD9E364A97EFF2BB69D9B2D6D8F21)
[5.009][DEBUG]: DevTools response: Target activated
[5.009][DEBUG]: DEVTOOLS COMMAND Page.captureScreenshot (id=62) {

}
[5.210][DEBUG]: DEVTOOLS RESPONSE Page.captureScreenshot (id=62) {
   "data": "iVBORw0KGgoAAAANSUhEUgAABVYAAAO+CAYAAADv/k7HAAAgAElEQVR4nOzdeXxU1f3/8fds2Tf2XQj7vqiACiqgpQJiEahSiyBa16rUpfoTBbFVW1FRvmoBC6IoyFIWCUhFIS6sAcHIToEghD2ErJBt5v7+iBkySSaZCUlmQl5PHzzMvffccz7nziRz8sm555pSU..."
}
[5.210][INFO]: Waiting for pending navigations...
[5.210][DEBUG]: DEVTOOLS COMMAND Runtime.evaluate (id=63) {
   "expression": "1"
}
[5.210][DEBUG]: DEVTOOLS EVENT DOM.childNodeCountUpdated {
   "childNodeCount": 33,
   "nodeId": 17
}
[5.210][DEBUG]: DEVTOOLS EVENT DOM.childNodeCountUpdated {
   "childNodeCount": 32,
   "nodeId": 17
}
[5.213][DEBUG]: DEVTOOLS RESPONSE Runtime.evaluate (id=63) {
   "result": {
      "description": "1",
      "type": "number",
      "value": 1
   }
}
[5.213][INFO]: Done waiting for pending navigations. Status: ok
[5.213][INFO]: RESPONSE Screenshot "iVBORw0KGgoAAAANSUhEUgAABVYAAAO+CAYAAADv/k7HAAAgAElEQVR4nOzdeXxU1f3/8fds2Tf2XQj7vqiACiqgpQJiEahSiyBa16rUpfoTBbFVW1FRvmoBC6IoyFIWCUhFIS6sAcHIToEghD2ErJBt5v7+iBkySSaZCUlmQl5PHzzMvffccz7nziRz8sm555pSU..."
[5.493][INFO]: COMMAND Quit {

}
[5.543][INFO]: RESPONSE Quit
[5.543][DEBUG]: Log type 'driver' lost 0 entries on destruction
[5.543][DEBUG]: Log type 'browser' lost 1 entries on destruction
