[465:465:0831/073412.952516:VERBOSE1:breakpad_linux.cc(1980)] Breakpad disabled
[465:470:0831/073413.052680:ERROR:bus.cc(395)] Failed to connect to the bus: Failed to connect to socket /var/run/dbus/system_bus_socket: No such file or directory
[465:465:0831/073413.155608:VERBOSE1:pref_proxy_config_tracker_impl.cc(154)] 0x335c3ec8f580: set chrome proxy config service to 0x335c3ed68d80
[465:465:0831/073413.196863:VERBOSE1:pulse_stubs.cc(683)] dlopen(libpulse.so.0) failed, dlerror() says:
libpulse.so.0: cannot open shared object file: No such file or directory
[465:465:0831/073413.196892:VERBOSE1:pulse_util.cc(106)] Failed on loading the Pulse library and symbols
[465:465:0831/073413.270683:VERBOSE1:mutable_profile_oauth2_token_service_delegate.cc(162)] MutablePO2TS::MutablePO2TS
[465:465:0831/073413.270801:VERBOSE1:device_event_log_impl.cc(158)] [07:34:13.270] Bluetooth: EVENT: bluetooth_api.cc:68 BluetoothAPI: 0x335c3ed99200
[465:465:0831/073413.289431:VERBOSE1:bluetooth_low_energy_event_router.cc(248)] Initializing BluetoothLowEnergyEventRouter.
[465:465:0831/073413.315696:VERBOSE1:pref_proxy_config_tracker_impl.cc(154)] 0x335c3eef7dc0: set chrome proxy config service to 0x335c3ee04000
[465:465:0831/073413.317376:VERBOSE1:extension_service.cc(1403)] AddComponentExtension Cloud Print
[465:465:0831/073413.317390:VERBOSE1:extension_service.cc(1405)] Component extension Cloud Print (mfehgcgbbipciphmccgaenjidiccnmng) installing/upgrading from '' to 0.1
[465:465:0831/073413.317807:VERBOSE1:extension_service.cc(1403)] AddComponentExtension Web Store
[465:465:0831/073413.317821:VERBOSE1:extension_service.cc(1405)] Component extension Web Store (ahfgeienlihckogmohjhadlkjgocpleb) installing/upgrading from '' to 0.2
[465:465:0831/073413.318208:VERBOSE1:extension_service.cc(1403)] AddComponentExtension Chromium PDF Viewer
[465:465:0831/073413.318222:VERBOSE1:extension_service.cc(1405)] Component extension Chromium PDF Viewer (mhjfbmdgcfjbbpaeojofohoefgiehjai) installing/upgrading from '' to 1
[465:465:0831/073413.319585:VERBOSE1:account_reconcilor.cc(88)] AccountReconcilor::AccountReconcilor
[465:465:0831/073413.319600:VERBOSE1:account_reconcilor.cc(99)] AccountReconcilor::Initialize
[465:465:0831/073413.375307:VERBOSE1:file_type_policies_component_installer.cc(129)] Registering File Type Policies component.
[465:475:0831/073413.388955:VERBOSE1:component_installer.cc(244)] StartRegistration for Signed Tree Heads
[465:475:0831/073413.389156:VERBOSE1:component_installer.cc(244)] StartRegistration for Origin Trials
[465:475:0831/073413.389304:VERBOSE1:component_installer.cc(244)] StartRegistration for File Type Policies
[465:475:0831/073413.389452:VERBOSE1:component_installer.cc(244)] StartRegistration for SSL Error Assistant
[465:465:0831/073413.451976:WARNING:password_store_factory.cc(241)] Using basic (unencrypted) store for password storage. See https://chromium.googlesource.com/chromium/src/+/master/docs/linux_password_storage.md for more information about password storage options.
[465:465:0831/073413.569867:VERBOSE1:bluez_dbus_manager.cc(172)] Bluetooth not supported.
[465:465:0831/073413.574242:VERBOSE1:component_updater_service.cc(91)] CrxUpdateService starting up. First update attempt will take place in 360 seconds. Next update attempt will take place in 18000 seconds. 
[465:465:0831/073413.574289:VERBOSE1:component_installer.cc(378)] FinishRegistration for Signed Tree Heads
[465:465:0831/073413.574330:VERBOSE1:component_installer.cc(378)] FinishRegistration for Origin Trials
[465:465:0831/073413.574400:VERBOSE1:component_installer.cc(378)] FinishRegistration for File Type Policies
[465:465:0831/073413.574436:VERBOSE1:component_installer.cc(378)] FinishRegistration for SSL Error Assistant
[465:506:0831/073413.615752:WARNING:histograms.cc(40)] Started multiple compositor clients (Browser, Renderer) in one process. Some metrics will be disabled.
[465:488:0831/073413.777043:VERBOSE1:multi_log_ct_verifier.cc(75)] Adding CT log: Google 'Aviator' log
[465:488:0831/073413.777072:VERBOSE1:multi_log_ct_verifier.cc(75)] Adding CT log: Google 'Icarus' log
[465:488:0831/073413.777095:VERBOSE1:multi_log_ct_verifier.cc(75)] Adding CT log: Google 'Pilot' log
[465:488:0831/073413.777109:VERBOSE1:multi_log_ct_verifier.cc(75)] Adding CT log: Google 'Rocketeer' log
[465:488:0831/073413.777121:VERBOSE1:multi_log_ct_verifier.cc(75)] Adding CT log: Google 'Skydiver' log
[465:488:0831/073413.777133:VERBOSE1:multi_log_ct_verifier.cc(75)] Adding CT log: DigiCert Log Server
[465:488:0831/073413.777147:VERBOSE1:multi_log_ct_verifier.cc(75)] Adding CT log: DigiCert Log Server 2
[465:488:0831/073413.777159:VERBOSE1:multi_log_ct_verifier.cc(75)] Adding CT log: Symantec log
[465:488:0831/073413.777166:VERBOSE1:multi_log_ct_verifier.cc(75)] Adding CT log: Symantec 'Vega' log
[465:488:0831/073413.777173:VERBOSE1:multi_log_ct_verifier.cc(75)] Adding CT log: Symantec 'Sirius' log
[465:488:0831/073413.777179:VERBOSE1:multi_log_ct_verifier.cc(75)] Adding CT log: WoSign log
[465:488:0831/073413.777186:VERBOSE1:multi_log_ct_verifier.cc(75)] Adding CT log: Venafi Gen2 CT log
[465:488:0831/073413.777193:VERBOSE1:multi_log_ct_verifier.cc(75)] Adding CT log: CNNIC CT log
[465:488:0831/073413.777200:VERBOSE1:multi_log_ct_verifier.cc(75)] Adding CT log: StartCom log
[465:488:0831/073413.777206:VERBOSE1:multi_log_ct_verifier.cc(75)] Adding CT log: Comodo 'Sabre' CT log
[465:488:0831/073413.777213:VERBOSE1:multi_log_ct_verifier.cc(75)] Adding CT log: Comodo 'Mammoth' CT log
[465:488:0831/073413.777220:VERBOSE1:multi_log_ct_verifier.cc(75)] Adding CT log: Izenpe log
[465:488:0831/073413.777226:VERBOSE1:multi_log_ct_verifier.cc(75)] Adding CT log: Venafi log
[465:488:0831/073413.777234:VERBOSE1:multi_log_ct_verifier.cc(75)] Adding CT log: Certly.IO log
[465:488:0831/073413.777245:ERROR:io_thread.cc(730)] Cannot use V8 Proxy resolver in single process mode.
[465:488:0831/073413.777392:VERBOSE1:proxy_service.cc(958)] PAC support disabled because there is no system implementation
[465:488:0831/073413.778840:ERROR:io_thread.cc(730)] Cannot use V8 Proxy resolver in single process mode.
[465:488:0831/073413.778867:VERBOSE1:multi_log_ct_verifier.cc(75)] Adding CT log: Google 'Aviator' log
[465:488:0831/073413.778881:VERBOSE1:multi_log_ct_verifier.cc(75)] Adding CT log: Google 'Icarus' log
[465:488:0831/073413.778911:VERBOSE1:multi_log_ct_verifier.cc(75)] Adding CT log: Google 'Pilot' log
[465:488:0831/073413.778924:VERBOSE1:multi_log_ct_verifier.cc(75)] Adding CT log: Google 'Rocketeer' log
[465:488:0831/073413.778936:VERBOSE1:multi_log_ct_verifier.cc(75)] Adding CT log: Google 'Skydiver' log
[465:488:0831/073413.778947:VERBOSE1:multi_log_ct_verifier.cc(75)] Adding CT log: DigiCert Log Server
[465:488:0831/073413.778958:VERBOSE1:multi_log_ct_verifier.cc(75)] Adding CT log: DigiCert Log Server 2
[465:488:0831/073413.778971:VERBOSE1:multi_log_ct_verifier.cc(75)] Adding CT log: Symantec log
[465:488:0831/073413.778983:VERBOSE1:multi_log_ct_verifier.cc(75)] Adding CT log: Symantec 'Vega' log
[465:488:0831/073413.778995:VERBOSE1:multi_log_ct_verifier.cc(75)] Adding CT log: Symantec 'Sirius' log
[465:488:0831/073413.779007:VERBOSE1:multi_log_ct_verifier.cc(75)] Adding CT log: WoSign log
[465:488:0831/073413.779018:VERBOSE1:multi_log_ct_verifier.cc(75)] Adding CT log: Venafi Gen2 CT log
[465:488:0831/073413.779029:VERBOSE1:multi_log_ct_verifier.cc(75)] Adding CT log: CNNIC CT log
[465:488:0831/073413.779039:VERBOSE1:multi_log_ct_verifier.cc(75)] Adding CT log: StartCom log
[465:488:0831/073413.779051:VERBOSE1:multi_log_ct_verifier.cc(75)] Adding CT log: Comodo 'Sabre' CT log
[465:488:0831/073413.779063:VERBOSE1:multi_log_ct_verifier.cc(75)] Adding CT log: Comodo 'Mammoth' CT log
[465:488:0831/073413.779076:VERBOSE1:multi_log_ct_verifier.cc(75)] Adding CT log: Izenpe log
[465:488:0831/073413.779089:VERBOSE1:multi_log_ct_verifier.cc(75)] Adding CT log: Venafi log
[465:488:0831/073413.779102:VERBOSE1:multi_log_ct_verifier.cc(75)] Adding CT log: Certly.IO log
[465:488:0831/073413.779263:VERBOSE1:proxy_service.cc(958)] PAC support disabled because there is no system implementation
[465:488:0831/073413.780168:VERBOSE1:network_delegate.cc(30)] NetworkDelegate::NotifyBeforeURLRequest: https://www.gstatic.com/chrome/intelligence/assist/ranker/models/translate/2017/03/translate_ranker_model_20170329.pb.bin
[465:488:0831/073413.780192:VERBOSE1:network_delegate.cc(30)] NetworkDelegate::NotifyBeforeURLRequest: https://www.gstatic.com/chrome/intelligence/assist/ranker/models/translate/2017/03/translate_ranker_model_20170329.pb.bin
[465:488:0831/073413.857499:VERBOSE1:network_delegate.cc(30)] NetworkDelegate::NotifyBeforeURLRequest: chrome-extension://aapnijgdinlhnhlmodcfapnahmbfebeb/_generated_background_page.html
[465:488:0831/073413.857527:VERBOSE1:network_delegate.cc(30)] NetworkDelegate::NotifyBeforeURLRequest: chrome-extension://aapnijgdinlhnhlmodcfapnahmbfebeb/_generated_background_page.html
[465:488:0831/073413.857547:VERBOSE1:network_delegate.cc(30)] NetworkDelegate::NotifyBeforeURLRequest: chrome-extension://aapnijgdinlhnhlmodcfapnahmbfebeb/_generated_background_page.html
[465:506:0831/073413.877064:VERBOSE1:LocalWindowProxy.cpp(236)] A context is created NOT from snapshot
[465:506:0831/073413.890474:VERBOSE1:script_context.cc(111)] Created context:
  extension id:           (none)
  frame:                  0xa9f237c1d18
  URL:                    
  context_type:           WEB_PAGE
  effective extension id: (none)
  effective context type: WEB_PAGE
[465:506:0831/073413.891486:VERBOSE1:script_context.cc(111)] Created context:
  extension id:           (none)
  frame:                  (nil)
  URL:                    
  context_type:           UNSPECIFIED
  effective extension id: (none)
  effective context type: UNSPECIFIED
[465:506:0831/073413.892343:VERBOSE1:dispatcher.cc(366)] Num tracked contexts: 1
[465:506:0831/073413.899980:VERBOSE1:LocalWindowProxy.cpp(236)] A context is created NOT from snapshot
[465:506:0831/073413.900234:VERBOSE1:script_context.cc(111)] Created context:
  extension id:           aapnijgdinlhnhlmodcfapnahmbfebeb
  frame:                  0xa9f237ce920
  URL:                    
  context_type:           BLESSED_EXTENSION
  effective extension id: aapnijgdinlhnhlmodcfapnahmbfebeb
  effective context type: BLESSED_EXTENSION
[465:506:0831/073413.900314:VERBOSE1:script_context.cc(111)] Created context:
  extension id:           (none)
  frame:                  (nil)
  URL:                    
  context_type:           UNSPECIFIED
  effective extension id: (none)
  effective context type: UNSPECIFIED
[465:488:0831/073413.909671:VERBOSE1:network_delegate.cc(30)] NetworkDelegate::NotifyBeforeURLRequest: chrome-extension://aapnijgdinlhnhlmodcfapnahmbfebeb/background.js
[465:488:0831/073413.909699:VERBOSE1:network_delegate.cc(30)] NetworkDelegate::NotifyBeforeURLRequest: chrome-extension://aapnijgdinlhnhlmodcfapnahmbfebeb/background.js
[465:488:0831/073413.909714:VERBOSE1:network_delegate.cc(30)] NetworkDelegate::NotifyBeforeURLRequest: chrome-extension://aapnijgdinlhnhlmodcfapnahmbfebeb/background.js
[465:506:0831/073413.930092:VERBOSE1:dispatcher.cc(366)] Num tracked contexts: 2
[465:506:0831/073413.930674:VERBOSE1:language_detection_util.cc(234)] Detected language: und
[465:488:0831/073415.140973:VERBOSE1:network_delegate.cc(30)] NetworkDelegate::NotifyBeforeURLRequest: https://translate.google.com/#en/es/Bookseller
[465:488:0831/073415.141002:VERBOSE1:network_delegate.cc(30)] NetworkDelegate::NotifyBeforeURLRequest: https://translate.google.com/#en/es/Bookseller
[465:488:0831/073415.141020:VERBOSE1:network_delegate.cc(30)] NetworkDelegate::NotifyBeforeURLRequest: https://translate.google.com/#en/es/Bookseller
[465:514:0831/073415.190842:VERBOSE1:simple_index_file.cc(582)] Simple Cache Index is being restored from disk.
[465:506:0831/073415.333631:VERBOSE1:dispatcher.cc(498)] Num tracked contexts: 1
[465:506:0831/073415.336983:VERBOSE1:LocalWindowProxy.cpp(236)] A context is created NOT from snapshot
[465:506:0831/073415.337400:VERBOSE1:script_context.cc(111)] Created context:
  extension id:           (none)
  frame:                  0xa9f237c1d18
  URL:                    
  context_type:           WEB_PAGE
  effective extension id: (none)
  effective context type: WEB_PAGE
[465:506:0831/073415.337517:VERBOSE1:script_context.cc(111)] Created context:
  extension id:           (none)
  frame:                  (nil)
  URL:                    
  context_type:           UNSPECIFIED
  effective extension id: (none)
  effective context type: UNSPECIFIED
[465:506:0831/073415.340017:VERBOSE1:dispatcher.cc(366)] Num tracked contexts: 2
[465:506:0831/073415.350541:VERBOSE1:script_context.cc(120)] Destroyed context for extension
  extension id: 
  effective extension id: 
[465:506:0831/073415.350574:VERBOSE1:script_context.cc(120)] Destroyed context for extension
  extension id: 
  effective extension id: 
[465:488:0831/073415.361394:VERBOSE1:network_delegate.cc(30)] NetworkDelegate::NotifyBeforeURLRequest: https://translate.google.com/translate/releases/twsfe_w_20180827_RC01/r/css/desktop_ltr.css
[465:488:0831/073415.361418:VERBOSE1:network_delegate.cc(30)] NetworkDelegate::NotifyBeforeURLRequest: https://translate.google.com/translate/releases/twsfe_w_20180827_RC01/r/css/desktop_ltr.css
[465:488:0831/073415.361436:VERBOSE1:network_delegate.cc(30)] NetworkDelegate::NotifyBeforeURLRequest: https://translate.google.com/translate/releases/twsfe_w_20180827_RC01/r/css/desktop_ltr.css
[465:488:0831/073415.371450:VERBOSE1:network_delegate.cc(30)] NetworkDelegate::NotifyBeforeURLRequest: https://fonts.googleapis.com/css?family=Roboto:300,400,500,700&lang=en
[465:488:0831/073415.371475:VERBOSE1:network_delegate.cc(30)] NetworkDelegate::NotifyBeforeURLRequest: https://fonts.googleapis.com/css?family=Roboto:300,400,500,700&lang=en
[465:488:0831/073415.371491:VERBOSE1:network_delegate.cc(30)] NetworkDelegate::NotifyBeforeURLRequest: https://fonts.googleapis.com/css?family=Roboto:300,400,500,700&lang=en
[465:488:0831/073415.431402:VERBOSE1:network_delegate.cc(30)] NetworkDelegate::NotifyBeforeURLRequest: https://translate.google.com/translate/releases/twsfe_w_20180827_RC01/r/js/desktop_module_main.js
[465:488:0831/073415.431437:VERBOSE1:network_delegate.cc(30)] NetworkDelegate::NotifyBeforeURLRequest: https://translate.google.com/translate/releases/twsfe_w_20180827_RC01/r/js/desktop_module_main.js
[465:488:0831/073415.431460:VERBOSE1:network_delegate.cc(30)] NetworkDelegate::NotifyBeforeURLRequest: https://translate.google.com/translate/releases/twsfe_w_20180827_RC01/r/js/desktop_module_main.js
[465:488:0831/073415.570103:VERBOSE1:network_delegate.cc(30)] NetworkDelegate::NotifyBeforeURLRequest: https://www.gstatic.com/og/_/js/k=og.og.en_US.ieE30BnAU5c.O/rt=j/m=ld,gl,is,id,nb,nw,sb,sd,p,vd,awd,st,lod,eld,ip,dp,cpd,mud/exm=bt,base,bn,bu,cp,el,lo,sbi,ni,sf,up,dd,aw,iw,if,gi,vi,pi,eq,uc,aswc/d=1/ed=1/rs=AA2YrTvSNFXrJqeu3OybIf_yH6yLm5b6wg
[465:488:0831/073415.570141:VERBOSE1:network_delegate.cc(30)] NetworkDelegate::NotifyBeforeURLRequest: https://www.gstatic.com/og/_/js/k=og.og.en_US.ieE30BnAU5c.O/rt=j/m=ld,gl,is,id,nb,nw,sb,sd,p,vd,awd,st,lod,eld,ip,dp,cpd,mud/exm=bt,base,bn,bu,cp,el,lo,sbi,ni,sf,up,dd,aw,iw,if,gi,vi,pi,eq,uc,aswc/d=1/ed=1/rs=AA2YrTvSNFXrJqeu3OybIf_yH6yLm5b6wg
[465:488:0831/073415.570167:VERBOSE1:network_delegate.cc(30)] NetworkDelegate::NotifyBeforeURLRequest: https://www.gstatic.com/og/_/js/k=og.og.en_US.ieE30BnAU5c.O/rt=j/m=ld,gl,is,id,nb,nw,sb,sd,p,vd,awd,st,lod,eld,ip,dp,cpd,mud/exm=bt,base,bn,bu,cp,el,lo,sbi,ni,sf,up,dd,aw,iw,if,gi,vi,pi,eq,uc,aswc/d=1/ed=1/rs=AA2YrTvSNFXrJqeu3OybIf_yH6yLm5b6wg
[465:488:0831/073415.593873:VERBOSE1:network_delegate.cc(30)] NetworkDelegate::NotifyBeforeURLRequest: https://www.google-analytics.com/analytics.js
[465:488:0831/073415.593912:VERBOSE1:network_delegate.cc(30)] NetworkDelegate::NotifyBeforeURLRequest: https://www.google-analytics.com/analytics.js
[465:488:0831/073415.593933:VERBOSE1:network_delegate.cc(30)] NetworkDelegate::NotifyBeforeURLRequest: https://www.google-analytics.com/analytics.js
[465:488:0831/073415.636554:VERBOSE1:network_delegate.cc(30)] NetworkDelegate::NotifyBeforeURLRequest: https://ssl.gstatic.com/gb/images/v1_9886baa5.png
[465:488:0831/073415.636583:VERBOSE1:network_delegate.cc(30)] NetworkDelegate::NotifyBeforeURLRequest: https://ssl.gstatic.com/gb/images/v1_9886baa5.png
[465:488:0831/073415.636609:VERBOSE1:network_delegate.cc(30)] NetworkDelegate::NotifyBeforeURLRequest: https://ssl.gstatic.com/gb/images/v1_9886baa5.png
[465:488:0831/073415.697093:VERBOSE1:network_delegate.cc(30)] NetworkDelegate::NotifyBeforeURLRequest: https://fonts.gstatic.com/s/roboto/v18/KFOmCnqEu92Fr1Mu4mxK.woff2
[465:488:0831/073415.697119:VERBOSE1:network_delegate.cc(30)] NetworkDelegate::NotifyBeforeURLRequest: https://fonts.gstatic.com/s/roboto/v18/KFOmCnqEu92Fr1Mu4mxK.woff2
[465:488:0831/073415.697134:VERBOSE1:network_delegate.cc(30)] NetworkDelegate::NotifyBeforeURLRequest: https://fonts.gstatic.com/s/roboto/v18/KFOmCnqEu92Fr1Mu4mxK.woff2
[465:488:0831/073415.709326:VERBOSE1:network_delegate.cc(30)] NetworkDelegate::NotifyBeforeURLRequest: https://ssl.gstatic.com/translate/buttons11.png
[465:488:0831/073415.709347:VERBOSE1:network_delegate.cc(30)] NetworkDelegate::NotifyBeforeURLRequest: https://ssl.gstatic.com/translate/buttons11.png
[465:488:0831/073415.709362:VERBOSE1:network_delegate.cc(30)] NetworkDelegate::NotifyBeforeURLRequest: https://ssl.gstatic.com/translate/buttons11.png
[465:488:0831/073415.802413:VERBOSE1:network_delegate.cc(30)] NetworkDelegate::NotifyBeforeURLRequest: https://apis.google.com/_/scs/abc-static/_/js/k=gapi.gapi.en.bSfaJ330ulQ.O/m=gapi_iframes,googleapis_client,plusone/rt=j/sv=1/d=1/ed=1/rs=AHpOoo9ETX0ujNe7X7enovCK61wuo61HKQ/cb=gapi.loaded_0
[465:488:0831/073415.802447:VERBOSE1:network_delegate.cc(30)] NetworkDelegate::NotifyBeforeURLRequest: https://apis.google.com/_/scs/abc-static/_/js/k=gapi.gapi.en.bSfaJ330ulQ.O/m=gapi_iframes,googleapis_client,plusone/rt=j/sv=1/d=1/ed=1/rs=AHpOoo9ETX0ujNe7X7enovCK61wuo61HKQ/cb=gapi.loaded_0
[465:488:0831/073415.802468:VERBOSE1:network_delegate.cc(30)] NetworkDelegate::NotifyBeforeURLRequest: https://apis.google.com/_/scs/abc-static/_/js/k=gapi.gapi.en.bSfaJ330ulQ.O/m=gapi_iframes,googleapis_client,plusone/rt=j/sv=1/d=1/ed=1/rs=AHpOoo9ETX0ujNe7X7enovCK61wuo61HKQ/cb=gapi.loaded_0
[465:488:0831/073415.869372:VERBOSE1:network_delegate.cc(30)] NetworkDelegate::NotifyBeforeURLRequest: https://ssl.gstatic.com/images/branding/google_plus/1x/ic_w_google_plus_grey600_24dp.png
[465:488:0831/073415.869401:VERBOSE1:network_delegate.cc(30)] NetworkDelegate::NotifyBeforeURLRequest: https://ssl.gstatic.com/images/branding/google_plus/1x/ic_w_google_plus_grey600_24dp.png
[465:488:0831/073415.869424:VERBOSE1:network_delegate.cc(30)] NetworkDelegate::NotifyBeforeURLRequest: https://ssl.gstatic.com/images/branding/google_plus/1x/ic_w_google_plus_grey600_24dp.png
[465:488:0831/073415.869795:VERBOSE1:network_delegate.cc(30)] NetworkDelegate::NotifyBeforeURLRequest: https://ssl.gstatic.com/images/icons/material/system/1x/post_blogger_grey600_24dp.png
[465:488:0831/073415.869816:VERBOSE1:network_delegate.cc(30)] NetworkDelegate::NotifyBeforeURLRequest: https://ssl.gstatic.com/images/icons/material/system/1x/post_blogger_grey600_24dp.png
[465:488:0831/073415.869833:VERBOSE1:network_delegate.cc(30)] NetworkDelegate::NotifyBeforeURLRequest: https://ssl.gstatic.com/images/icons/material/system/1x/post_blogger_grey600_24dp.png
[465:488:0831/073415.870172:VERBOSE1:network_delegate.cc(30)] NetworkDelegate::NotifyBeforeURLRequest: https://ssl.gstatic.com/images/icons/material/system/1x/feedback_grey600_18dp.png
[465:488:0831/073415.870195:VERBOSE1:network_delegate.cc(30)] NetworkDelegate::NotifyBeforeURLRequest: https://ssl.gstatic.com/images/icons/material/system/1x/feedback_grey600_18dp.png
[465:488:0831/073415.870215:VERBOSE1:network_delegate.cc(30)] NetworkDelegate::NotifyBeforeURLRequest: https://ssl.gstatic.com/images/icons/material/system/1x/feedback_grey600_18dp.png
[465:488:0831/073415.870559:VERBOSE1:network_delegate.cc(30)] NetworkDelegate::NotifyBeforeURLRequest: https://fonts.gstatic.com/s/roboto/v18/KFOlCnqEu92Fr1MmWUlfBBc4.woff2
[465:488:0831/073415.870580:VERBOSE1:network_delegate.cc(30)] NetworkDelegate::NotifyBeforeURLRequest: https://fonts.gstatic.com/s/roboto/v18/KFOlCnqEu92Fr1MmWUlfBBc4.woff2
[465:488:0831/073415.870608:VERBOSE1:network_delegate.cc(30)] NetworkDelegate::NotifyBeforeURLRequest: https://fonts.gstatic.com/s/roboto/v18/KFOlCnqEu92Fr1MmWUlfBBc4.woff2
[465:488:0831/073416.320357:VERBOSE1:network_delegate.cc(30)] NetworkDelegate::NotifyBeforeURLRequest: https://ssl.gstatic.com/translate/arrow_ltr.png
[465:488:0831/073416.320393:VERBOSE1:network_delegate.cc(30)] NetworkDelegate::NotifyBeforeURLRequest: https://ssl.gstatic.com/translate/arrow_ltr.png
[465:488:0831/073416.320417:VERBOSE1:network_delegate.cc(30)] NetworkDelegate::NotifyBeforeURLRequest: https://ssl.gstatic.com/translate/arrow_ltr.png
[465:488:0831/073416.354794:VERBOSE1:network_delegate.cc(30)] NetworkDelegate::NotifyBeforeURLRequest: https://ssl.gstatic.com/translate/undo.png
[465:488:0831/073416.354820:VERBOSE1:network_delegate.cc(30)] NetworkDelegate::NotifyBeforeURLRequest: https://ssl.gstatic.com/translate/undo.png
[465:488:0831/073416.354843:VERBOSE1:network_delegate.cc(30)] NetworkDelegate::NotifyBeforeURLRequest: https://ssl.gstatic.com/translate/undo.png
[465:488:0831/073416.385799:VERBOSE1:network_delegate.cc(30)] NetworkDelegate::NotifyBeforeURLRequest: https://www.gstatic.com/inputtools/js/ita/inputtools_3.js
[465:488:0831/073416.385826:VERBOSE1:network_delegate.cc(30)] NetworkDelegate::NotifyBeforeURLRequest: https://www.gstatic.com/inputtools/js/ita/inputtools_3.js
[465:488:0831/073416.385847:VERBOSE1:network_delegate.cc(30)] NetworkDelegate::NotifyBeforeURLRequest: https://www.gstatic.com/inputtools/js/ita/inputtools_3.js
[465:488:0831/073416.429664:VERBOSE1:network_delegate.cc(30)] NetworkDelegate::NotifyBeforeURLRequest: https://ssl.gstatic.com/images/icons/material/system/1x/stars_black_24dp.png
[465:488:0831/073416.429696:VERBOSE1:network_delegate.cc(30)] NetworkDelegate::NotifyBeforeURLRequest: https://ssl.gstatic.com/images/icons/material/system/1x/stars_black_24dp.png
[465:488:0831/073416.429718:VERBOSE1:network_delegate.cc(30)] NetworkDelegate::NotifyBeforeURLRequest: https://ssl.gstatic.com/images/icons/material/system/1x/stars_black_24dp.png
[465:488:0831/073416.450648:VERBOSE1:network_delegate.cc(30)] NetworkDelegate::NotifyBeforeURLRequest: https://ssl.gstatic.com/images/icons/material/system/1x/close_white_24dp.png
[465:488:0831/073416.450669:VERBOSE1:network_delegate.cc(30)] NetworkDelegate::NotifyBeforeURLRequest: https://ssl.gstatic.com/images/icons/material/system/1x/close_white_24dp.png
[465:488:0831/073416.450684:VERBOSE1:network_delegate.cc(30)] NetworkDelegate::NotifyBeforeURLRequest: https://ssl.gstatic.com/images/icons/material/system/1x/close_white_24dp.png
[465:488:0831/073416.451957:VERBOSE1:network_delegate.cc(30)] NetworkDelegate::NotifyBeforeURLRequest: https://ssl.gstatic.com/translate/community/promo/promo-new-2x.png
[465:488:0831/073416.451977:VERBOSE1:network_delegate.cc(30)] NetworkDelegate::NotifyBeforeURLRequest: https://ssl.gstatic.com/translate/community/promo/promo-new-2x.png
[465:488:0831/073416.451993:VERBOSE1:network_delegate.cc(30)] NetworkDelegate::NotifyBeforeURLRequest: https://ssl.gstatic.com/translate/community/promo/promo-new-2x.png
[465:488:0831/073416.453352:VERBOSE1:network_delegate.cc(30)] NetworkDelegate::NotifyBeforeURLRequest: https://ssl.gstatic.com/images/icons/material/system/1x/arrow_forward_grey600_24dp.png
[465:488:0831/073416.453423:VERBOSE1:network_delegate.cc(30)] NetworkDelegate::NotifyBeforeURLRequest: https://ssl.gstatic.com/images/icons/material/system/1x/arrow_forward_grey600_24dp.png
[465:488:0831/073416.453444:VERBOSE1:network_delegate.cc(30)] NetworkDelegate::NotifyBeforeURLRequest: https://ssl.gstatic.com/images/icons/material/system/1x/arrow_forward_grey600_24dp.png
[465:488:0831/073416.471090:VERBOSE1:network_delegate.cc(30)] NetworkDelegate::NotifyBeforeURLRequest: https://ssl.gstatic.com/images/icons/material/system/1x/verified_user_black_24dp.png
[465:488:0831/073416.471112:VERBOSE1:network_delegate.cc(30)] NetworkDelegate::NotifyBeforeURLRequest: https://ssl.gstatic.com/images/icons/material/system/1x/verified_user_black_24dp.png
[465:488:0831/073416.471135:VERBOSE1:network_delegate.cc(30)] NetworkDelegate::NotifyBeforeURLRequest: https://ssl.gstatic.com/images/icons/material/system/1x/verified_user_black_24dp.png
[465:488:0831/073416.481221:VERBOSE1:network_delegate.cc(30)] NetworkDelegate::NotifyBeforeURLRequest: https://translate.google.com/translate_a/single?client=t&sl=en&tl=es&hl=en&dt=at&dt=bd&dt=ex&dt=ld&dt=md&dt=qca&dt=rw&dt=rm&dt=ss&dt=t&ie=UTF-8&oe=UTF-8&source=bh&ssel=0&tsel=0&kc=1&tk=15589.442034&q=Bookseller
[465:488:0831/073416.481243:VERBOSE1:network_delegate.cc(30)] NetworkDelegate::NotifyBeforeURLRequest: https://translate.google.com/translate_a/single?client=t&sl=en&tl=es&hl=en&dt=at&dt=bd&dt=ex&dt=ld&dt=md&dt=qca&dt=rw&dt=rm&dt=ss&dt=t&ie=UTF-8&oe=UTF-8&source=bh&ssel=0&tsel=0&kc=1&tk=15589.442034&q=Bookseller
[465:488:0831/073416.481258:VERBOSE1:network_delegate.cc(30)] NetworkDelegate::NotifyBeforeURLRequest: https://translate.google.com/translate_a/single?client=t&sl=en&tl=es&hl=en&dt=at&dt=bd&dt=ex&dt=ld&dt=md&dt=qca&dt=rw&dt=rm&dt=ss&dt=t&ie=UTF-8&oe=UTF-8&source=bh&ssel=0&tsel=0&kc=1&tk=15589.442034&q=Bookseller
[465:506:0831/073416.553213:VERBOSE1:language_detection_util.cc(234)] Detected language: und
[465:488:0831/073416.639480:VERBOSE1:network_delegate.cc(30)] NetworkDelegate::NotifyBeforeURLRequest: https://csi.gstatic.com/csi?v=3&s=translate&action=at&srt=177&tbsrt=218&tran=15&p=s&npn=1&npnv=h2&sl=en&tl=es&size=10&e=17259,15700021,15700124,15700149,15700186,15700190,15700201&rt=prt.118,ol.161
[465:488:0831/073416.639512:VERBOSE1:network_delegate.cc(30)] NetworkDelegate::NotifyBeforeURLRequest: https://csi.gstatic.com/csi?v=3&s=translate&action=at&srt=177&tbsrt=218&tran=15&p=s&npn=1&npnv=h2&sl=en&tl=es&size=10&e=17259,15700021,15700124,15700149,15700186,15700190,15700201&rt=prt.118,ol.161
[465:488:0831/073416.639528:VERBOSE1:network_delegate.cc(30)] NetworkDelegate::NotifyBeforeURLRequest: https://csi.gstatic.com/csi?v=3&s=translate&action=at&srt=177&tbsrt=218&tran=15&p=s&npn=1&npnv=h2&sl=en&tl=es&size=10&e=17259,15700021,15700124,15700149,15700186,15700190,15700201&rt=prt.118,ol.161
[465:488:0831/073416.641970:VERBOSE1:network_delegate.cc(30)] NetworkDelegate::NotifyBeforeURLRequest: https://translate.google.com/gen204?ttsaudio=mp3=0,ogg=1,wav=1,vol=1,type=none
[465:488:0831/073416.641988:VERBOSE1:network_delegate.cc(30)] NetworkDelegate::NotifyBeforeURLRequest: https://translate.google.com/gen204?ttsaudio=mp3=0,ogg=1,wav=1,vol=1,type=none
[465:488:0831/073416.641999:VERBOSE1:network_delegate.cc(30)] NetworkDelegate::NotifyBeforeURLRequest: https://translate.google.com/gen204?ttsaudio=mp3=0,ogg=1,wav=1,vol=1,type=none
[465:488:0831/073416.642809:VERBOSE1:network_delegate.cc(30)] NetworkDelegate::NotifyBeforeURLRequest: https://translate.google.com/gen204?community-promo=show-t-new-user
[465:488:0831/073416.642826:VERBOSE1:network_delegate.cc(30)] NetworkDelegate::NotifyBeforeURLRequest: https://translate.google.com/gen204?community-promo=show-t-new-user
[465:488:0831/073416.642836:VERBOSE1:network_delegate.cc(30)] NetworkDelegate::NotifyBeforeURLRequest: https://translate.google.com/gen204?community-promo=show-t-new-user
[465:488:0831/073416.649091:VERBOSE1:network_delegate.cc(30)] NetworkDelegate::NotifyBeforeURLRequest: https://translate.google.com/gen204?hready=sl=en,tl=es,ql=10,slh=,tlh=en,soph=0,hl=en,ttnc=331,uetrans=1,eotf=1
[465:488:0831/073416.649115:VERBOSE1:network_delegate.cc(30)] NetworkDelegate::NotifyBeforeURLRequest: https://translate.google.com/gen204?hready=sl=en,tl=es,ql=10,slh=,tlh=en,soph=0,hl=en,ttnc=331,uetrans=1,eotf=1
[465:488:0831/073416.649134:VERBOSE1:network_delegate.cc(30)] NetworkDelegate::NotifyBeforeURLRequest: https://translate.google.com/gen204?hready=sl=en,tl=es,ql=10,slh=,tlh=en,soph=0,hl=en,ttnc=331,uetrans=1,eotf=1
[465:488:0831/073416.649473:VERBOSE1:network_delegate.cc(30)] NetworkDelegate::NotifyBeforeURLRequest: https://translate.google.com/gen204?ftrans=ttl=18,ttt=440
[465:488:0831/073416.649495:VERBOSE1:network_delegate.cc(30)] NetworkDelegate::NotifyBeforeURLRequest: https://translate.google.com/gen204?ftrans=ttl=18,ttt=440
[465:488:0831/073416.649523:VERBOSE1:network_delegate.cc(30)] NetworkDelegate::NotifyBeforeURLRequest: https://translate.google.com/gen204?ftrans=ttl=18,ttt=440
[465:488:0831/073416.649881:VERBOSE1:network_delegate.cc(30)] NetworkDelegate::NotifyBeforeURLRequest: https://translate.google.com/gen204?lexicon=dt=cm,sl=en,tl=es,hl=en,q=Bookseller,e=show,md=ne,rw=ne,bd=ne,cm=ne
[465:488:0831/073416.649901:VERBOSE1:network_delegate.cc(30)] NetworkDelegate::NotifyBeforeURLRequest: https://translate.google.com/gen204?lexicon=dt=cm,sl=en,tl=es,hl=en,q=Bookseller,e=show,md=ne,rw=ne,bd=ne,cm=ne
[465:488:0831/073416.649916:VERBOSE1:network_delegate.cc(30)] NetworkDelegate::NotifyBeforeURLRequest: https://translate.google.com/gen204?lexicon=dt=cm,sl=en,tl=es,hl=en,q=Bookseller,e=show,md=ne,rw=ne,bd=ne,cm=ne
[465:488:0831/073416.650199:VERBOSE1:network_delegate.cc(30)] NetworkDelegate::NotifyBeforeURLRequest: https://ssl.gstatic.com/images/icons/material/system/1x/share_black_18dp.png
[465:488:0831/073416.650219:VERBOSE1:network_delegate.cc(30)] NetworkDelegate::NotifyBeforeURLRequest: https://ssl.gstatic.com/images/icons/material/system/1x/share_black_18dp.png
[465:488:0831/073416.650235:VERBOSE1:network_delegate.cc(30)] NetworkDelegate::NotifyBeforeURLRequest: https://ssl.gstatic.com/images/icons/material/system/1x/share_black_18dp.png
[465:488:0831/073416.650508:VERBOSE1:network_delegate.cc(30)] NetworkDelegate::NotifyBeforeURLRequest: https://ssl.gstatic.com/images/icons/material/system/1x/content_copy_black_18dp.png
[465:488:0831/073416.650525:VERBOSE1:network_delegate.cc(30)] NetworkDelegate::NotifyBeforeURLRequest: https://ssl.gstatic.com/images/icons/material/system/1x/content_copy_black_18dp.png
[465:488:0831/073416.650538:VERBOSE1:network_delegate.cc(30)] NetworkDelegate::NotifyBeforeURLRequest: https://ssl.gstatic.com/images/icons/material/system/1x/content_copy_black_18dp.png
[465:488:0831/073416.789120:VERBOSE1:network_delegate.cc(30)] NetworkDelegate::NotifyBeforeURLRequest: https://ssl.gstatic.com/inputtools/js/config/65698178.js
[465:488:0831/073416.789153:VERBOSE1:network_delegate.cc(30)] NetworkDelegate::NotifyBeforeURLRequest: https://ssl.gstatic.com/inputtools/js/config/65698178.js
[465:488:0831/073416.789173:VERBOSE1:network_delegate.cc(30)] NetworkDelegate::NotifyBeforeURLRequest: https://ssl.gstatic.com/inputtools/js/config/65698178.js
[465:488:0831/073416.791073:VERBOSE1:network_delegate.cc(30)] NetworkDelegate::NotifyBeforeURLRequest: https://ssl.gstatic.com/inputtools/js/config/49160274.js
[465:488:0831/073416.791094:VERBOSE1:network_delegate.cc(30)] NetworkDelegate::NotifyBeforeURLRequest: https://ssl.gstatic.com/inputtools/js/config/49160274.js
[465:488:0831/073416.791109:VERBOSE1:network_delegate.cc(30)] NetworkDelegate::NotifyBeforeURLRequest: https://ssl.gstatic.com/inputtools/js/config/49160274.js
[465:488:0831/073416.800984:VERBOSE1:network_delegate.cc(30)] NetworkDelegate::NotifyBeforeURLRequest: https://ssl.gstatic.com/inputtools/js/kbd/2/en.js
[465:488:0831/073416.801009:VERBOSE1:network_delegate.cc(30)] NetworkDelegate::NotifyBeforeURLRequest: https://ssl.gstatic.com/inputtools/js/kbd/2/en.js
[465:488:0831/073416.801029:VERBOSE1:network_delegate.cc(30)] NetworkDelegate::NotifyBeforeURLRequest: https://ssl.gstatic.com/inputtools/js/kbd/2/en.js
[465:488:0831/073416.801335:VERBOSE1:network_delegate.cc(30)] NetworkDelegate::NotifyBeforeURLRequest: https://ssl.gstatic.com/inputtools/js/kbd/2/en_dvorak.js
[465:488:0831/073416.801357:VERBOSE1:network_delegate.cc(30)] NetworkDelegate::NotifyBeforeURLRequest: https://ssl.gstatic.com/inputtools/js/kbd/2/en_dvorak.js
[465:488:0831/073416.801378:VERBOSE1:network_delegate.cc(30)] NetworkDelegate::NotifyBeforeURLRequest: https://ssl.gstatic.com/inputtools/js/kbd/2/en_dvorak.js
[465:488:0831/073416.837427:VERBOSE1:network_delegate.cc(30)] NetworkDelegate::NotifyBeforeURLRequest: https://ssl.gstatic.com/inputtools/js/ln/16/en.js
[465:488:0831/073416.837451:VERBOSE1:network_delegate.cc(30)] NetworkDelegate::NotifyBeforeURLRequest: https://ssl.gstatic.com/inputtools/js/ln/16/en.js
[465:488:0831/073416.837482:VERBOSE1:network_delegate.cc(30)] NetworkDelegate::NotifyBeforeURLRequest: https://ssl.gstatic.com/inputtools/js/ln/16/en.js
[465:488:0831/073416.838336:VERBOSE1:network_delegate.cc(30)] NetworkDelegate::NotifyBeforeURLRequest: https://ssl.gstatic.com/inputtools/js/msgs/9/en.js
[465:488:0831/073416.838359:VERBOSE1:network_delegate.cc(30)] NetworkDelegate::NotifyBeforeURLRequest: https://ssl.gstatic.com/inputtools/js/msgs/9/en.js
[465:488:0831/073416.838378:VERBOSE1:network_delegate.cc(30)] NetworkDelegate::NotifyBeforeURLRequest: https://ssl.gstatic.com/inputtools/js/msgs/9/en.js
[465:488:0831/073416.855487:VERBOSE1:network_delegate.cc(30)] NetworkDelegate::NotifyBeforeURLRequest: https://ssl.gstatic.com/inputtools/images/ita_sprite7.png
[465:488:0831/073416.855513:VERBOSE1:network_delegate.cc(30)] NetworkDelegate::NotifyBeforeURLRequest: https://ssl.gstatic.com/inputtools/images/ita_sprite7.png
[465:488:0831/073416.855531:VERBOSE1:network_delegate.cc(30)] NetworkDelegate::NotifyBeforeURLRequest: https://ssl.gstatic.com/inputtools/images/ita_sprite7.png
[465:488:0831/073417.173054:VERBOSE1:network_delegate.cc(30)] NetworkDelegate::NotifyBeforeURLRequest: https://play.google.com/log?format=json&hasfast=true&authuser=0
[465:488:0831/073417.173091:VERBOSE1:network_delegate.cc(30)] NetworkDelegate::NotifyBeforeURLRequest: https://play.google.com/log?format=json&hasfast=true&authuser=0
[465:488:0831/073417.173111:VERBOSE1:network_delegate.cc(30)] NetworkDelegate::NotifyBeforeURLRequest: https://play.google.com/log?format=json&hasfast=true&authuser=0
[465:488:0831/073417.206421:VERBOSE1:loader_util.cc(35)] To buffer: https://play.google.com/log?format=json&hasfast=true&authuser=0
[465:465:0831/073417.690909:INFO:CONSOLE(839)] "Uncaught TypeError: Cannot convert undefined or null to object", source: https://translate.google.com/translate/releases/twsfe_w_20180827_RC01/r/js/desktop_module_main.js (839)
[465:488:0831/073417.693878:VERBOSE1:network_delegate.cc(30)] NetworkDelegate::NotifyBeforeURLRequest: https://translate.google.com/gen204?jserr=e%3DUncaught%20TypeError%3A%20Cannot%20convert%20undefined%20or%20null%20to%20object%2Curl%3Dhttps%3A%2F%2Ftranslate.google.com%2Ftranslate%2Freleases%2Ftwsfe_w_20180827_RC01%2Fr%2Fjs%2Fdesktop_module_main.js%2Cline%3D839%2Ccount%3D1
[465:488:0831/073417.693902:VERBOSE1:network_delegate.cc(30)] NetworkDelegate::NotifyBeforeURLRequest: https://translate.google.com/gen204?jserr=e%3DUncaught%20TypeError%3A%20Cannot%20convert%20undefined%20or%20null%20to%20object%2Curl%3Dhttps%3A%2F%2Ftranslate.google.com%2Ftranslate%2Freleases%2Ftwsfe_w_20180827_RC01%2Fr%2Fjs%2Fdesktop_module_main.js%2Cline%3D839%2Ccount%3D1
[465:488:0831/073417.693918:VERBOSE1:network_delegate.cc(30)] NetworkDelegate::NotifyBeforeURLRequest: https://translate.google.com/gen204?jserr=e%3DUncaught%20TypeError%3A%20Cannot%20convert%20undefined%20or%20null%20to%20object%2Curl%3Dhttps%3A%2F%2Ftranslate.google.com%2Ftranslate%2Freleases%2Ftwsfe_w_20180827_RC01%2Fr%2Fjs%2Fdesktop_module_main.js%2Cline%3D839%2Ccount%3D1
[465:488:0831/073417.715853:VERBOSE1:network_delegate.cc(30)] NetworkDelegate::NotifyBeforeURLRequest: https://translate.google.com/favicon.ico
[465:488:0831/073417.715879:VERBOSE1:network_delegate.cc(30)] NetworkDelegate::NotifyBeforeURLRequest: https://translate.google.com/favicon.ico
[465:488:0831/073417.715901:VERBOSE1:network_delegate.cc(30)] NetworkDelegate::NotifyBeforeURLRequest: https://translate.google.com/favicon.ico
[465:488:0831/073418.091016:VERBOSE1:network_delegate.cc(30)] NetworkDelegate::NotifyBeforeURLRequest: https://clients1.google.com/complete/search?q=1&client=translate-web&ds=translate&hl=en&requiredfields=tl%3Aes&callback=_callbacks____0jlhon1sy
[465:488:0831/073418.091053:VERBOSE1:network_delegate.cc(30)] NetworkDelegate::NotifyBeforeURLRequest: https://clients1.google.com/complete/search?q=1&client=translate-web&ds=translate&hl=en&requiredfields=tl%3Aes&callback=_callbacks____0jlhon1sy
[465:488:0831/073418.091084:VERBOSE1:network_delegate.cc(30)] NetworkDelegate::NotifyBeforeURLRequest: https://clients1.google.com/complete/search?q=1&client=translate-web&ds=translate&hl=en&requiredfields=tl%3Aes&callback=_callbacks____0jlhon1sy
[465:488:0831/073418.251106:VERBOSE1:network_delegate.cc(30)] NetworkDelegate::NotifyBeforeURLRequest: https://clients1.google.com/complete/search?q=12345&client=translate-web&ds=translate&hl=en&requiredfields=tl%3Aes&callback=_callbacks____1jlhon1xl
[465:488:0831/073418.251140:VERBOSE1:network_delegate.cc(30)] NetworkDelegate::NotifyBeforeURLRequest: https://clients1.google.com/complete/search?q=12345&client=translate-web&ds=translate&hl=en&requiredfields=tl%3Aes&callback=_callbacks____1jlhon1xl
[465:488:0831/073418.251157:VERBOSE1:network_delegate.cc(30)] NetworkDelegate::NotifyBeforeURLRequest: https://clients1.google.com/complete/search?q=12345&client=translate-web&ds=translate&hl=en&requiredfields=tl%3Aes&callback=_callbacks____1jlhon1xl
[465:465:0831/073418.451856:VERBOSE1:service_discovery_device_lister.cc(39)] DeviceListerStart: service_type: _privet._tcp.local
[465:465:0831/073418.451895:VERBOSE1:service_discovery_device_lister.cc(44)] DiscoverNewDevices: service_type: _privet._tcp.local
[465:488:0831/073418.454099:VERBOSE1:mdns_client_impl.cc(162)] Sockets ready:2
[465:488:0831/073418.471642:VERBOSE1:network_delegate.cc(30)] NetworkDelegate::NotifyBeforeURLRequest: https://translate.google.com/translate_a/single?client=t&sl=en&tl=es&hl=en&dt=at&dt=bd&dt=ex&dt=ld&dt=md&dt=qca&dt=rw&dt=rm&dt=ss&dt=t&ie=UTF-8&oe=UTF-8&otf=1&ssel=0&tsel=0&kc=5&tk=742691.907124&q=12345
[465:488:0831/073418.471666:VERBOSE1:network_delegate.cc(30)] NetworkDelegate::NotifyBeforeURLRequest: https://translate.google.com/translate_a/single?client=t&sl=en&tl=es&hl=en&dt=at&dt=bd&dt=ex&dt=ld&dt=md&dt=qca&dt=rw&dt=rm&dt=ss&dt=t&ie=UTF-8&oe=UTF-8&otf=1&ssel=0&tsel=0&kc=5&tk=742691.907124&q=12345
[465:488:0831/073418.471686:VERBOSE1:network_delegate.cc(30)] NetworkDelegate::NotifyBeforeURLRequest: https://translate.google.com/translate_a/single?client=t&sl=en&tl=es&hl=en&dt=at&dt=bd&dt=ex&dt=ld&dt=md&dt=qca&dt=rw&dt=rm&dt=ss&dt=t&ie=UTF-8&oe=UTF-8&otf=1&ssel=0&tsel=0&kc=5&tk=742691.907124&q=12345
[465:488:0831/073418.477740:VERBOSE1:network_delegate.cc(30)] NetworkDelegate::NotifyBeforeURLRequest: https://translate.google.com/gen204?fq=sl=en,tl=es,ql=10,q=Bookseller,pc=0
[465:488:0831/073418.477764:VERBOSE1:network_delegate.cc(30)] NetworkDelegate::NotifyBeforeURLRequest: https://translate.google.com/gen204?fq=sl=en,tl=es,ql=10,q=Bookseller,pc=0
[465:488:0831/073418.477778:VERBOSE1:network_delegate.cc(30)] NetworkDelegate::NotifyBeforeURLRequest: https://translate.google.com/gen204?fq=sl=en,tl=es,ql=10,q=Bookseller,pc=0
[465:488:0831/073418.511372:VERBOSE1:network_delegate.cc(30)] NetworkDelegate::NotifyBeforeURLRequest: https://csi.gstatic.com/csi?v=3&s=translate&action=at&srt=177&tbsrt=1601&tran=15&p=s&npn=1&npnv=h2&sl=en&tl=es&size=5&e=17259,15700021,15700124,15700149,15700186,15700190,15700201&rt=prt.28,ol.30
[465:488:0831/073418.511400:VERBOSE1:network_delegate.cc(30)] NetworkDelegate::NotifyBeforeURLRequest: https://csi.gstatic.com/csi?v=3&s=translate&action=at&srt=177&tbsrt=1601&tran=15&p=s&npn=1&npnv=h2&sl=en&tl=es&size=5&e=17259,15700021,15700124,15700149,15700186,15700190,15700201&rt=prt.28,ol.30
[465:488:0831/073418.511421:VERBOSE1:network_delegate.cc(30)] NetworkDelegate::NotifyBeforeURLRequest: https://csi.gstatic.com/csi?v=3&s=translate&action=at&srt=177&tbsrt=1601&tran=15&p=s&npn=1&npnv=h2&sl=en&tl=es&size=5&e=17259,15700021,15700124,15700149,15700186,15700190,15700201&rt=prt.28,ol.30
[465:488:0831/073418.589500:VERBOSE1:network_delegate.cc(30)] NetworkDelegate::NotifyBeforeURLRequest: https://translate.google.com/translate_a/single?client=t&sl=en&tl=es&hl=en&dt=at&dt=bd&dt=ex&dt=ld&dt=md&dt=qca&dt=rw&dt=rm&dt=ss&dt=t&ie=UTF-8&oe=UTF-8&source=bh&ssel=0&tsel=0&kc=1&tk=15589.442034&q=Bookseller
[465:488:0831/073418.589524:VERBOSE1:network_delegate.cc(30)] NetworkDelegate::NotifyBeforeURLRequest: https://translate.google.com/translate_a/single?client=t&sl=en&tl=es&hl=en&dt=at&dt=bd&dt=ex&dt=ld&dt=md&dt=qca&dt=rw&dt=rm&dt=ss&dt=t&ie=UTF-8&oe=UTF-8&source=bh&ssel=0&tsel=0&kc=1&tk=15589.442034&q=Bookseller
[465:488:0831/073418.589543:VERBOSE1:network_delegate.cc(30)] NetworkDelegate::NotifyBeforeURLRequest: https://translate.google.com/translate_a/single?client=t&sl=en&tl=es&hl=en&dt=at&dt=bd&dt=ex&dt=ld&dt=md&dt=qca&dt=rw&dt=rm&dt=ss&dt=t&ie=UTF-8&oe=UTF-8&source=bh&ssel=0&tsel=0&kc=1&tk=15589.442034&q=Bookseller
[465:488:0831/073418.592123:VERBOSE1:network_delegate.cc(30)] NetworkDelegate::NotifyBeforeURLRequest: https://translate.google.com/gen204?fq=sl=en,tl=es,ql=5,q=12345,pc=0
[465:488:0831/073418.592140:VERBOSE1:network_delegate.cc(30)] NetworkDelegate::NotifyBeforeURLRequest: https://translate.google.com/gen204?fq=sl=en,tl=es,ql=5,q=12345,pc=0
[465:488:0831/073418.592150:VERBOSE1:network_delegate.cc(30)] NetworkDelegate::NotifyBeforeURLRequest: https://translate.google.com/gen204?fq=sl=en,tl=es,ql=5,q=12345,pc=0
[465:488:0831/073418.620360:VERBOSE1:network_delegate.cc(30)] NetworkDelegate::NotifyBeforeURLRequest: https://csi.gstatic.com/csi?v=3&s=translate&action=at&tran=15&p=s&npn=1&npnv=h2&sl=en&tl=es&size=10&e=17259,15700021,15700124,15700149,15700186,15700190,15700201&rt=prt.38,ol.45
[465:488:0831/073418.620384:VERBOSE1:network_delegate.cc(30)] NetworkDelegate::NotifyBeforeURLRequest: https://csi.gstatic.com/csi?v=3&s=translate&action=at&tran=15&p=s&npn=1&npnv=h2&sl=en&tl=es&size=10&e=17259,15700021,15700124,15700149,15700186,15700190,15700201&rt=prt.38,ol.45
[465:488:0831/073418.620400:VERBOSE1:network_delegate.cc(30)] NetworkDelegate::NotifyBeforeURLRequest: https://csi.gstatic.com/csi?v=3&s=translate&action=at&tran=15&p=s&npn=1&npnv=h2&sl=en&tl=es&size=10&e=17259,15700021,15700124,15700149,15700186,15700190,15700201&rt=prt.38,ol.45
[465:488:0831/073418.631833:VERBOSE1:network_delegate.cc(30)] NetworkDelegate::NotifyBeforeURLRequest: https://translate.google.com/gen204?lexicon=dt=cm,sl=en,tl=es,hl=en,q=Bookseller,e=show,md=ne,rw=ne,bd=ne,cm=ne
[465:488:0831/073418.631858:VERBOSE1:network_delegate.cc(30)] NetworkDelegate::NotifyBeforeURLRequest: https://translate.google.com/gen204?lexicon=dt=cm,sl=en,tl=es,hl=en,q=Bookseller,e=show,md=ne,rw=ne,bd=ne,cm=ne
[465:488:0831/073418.631879:VERBOSE1:network_delegate.cc(30)] NetworkDelegate::NotifyBeforeURLRequest: https://translate.google.com/gen204?lexicon=dt=cm,sl=en,tl=es,hl=en,q=Bookseller,e=show,md=ne,rw=ne,bd=ne,cm=ne
[465:506:0831/073418.660812:VERBOSE1:LocalWindowProxy.cpp(236)] A context is created NOT from snapshot
[465:506:0831/073418.661228:VERBOSE1:script_context.cc(111)] Created context:
  extension id:           (none)
  frame:                  0xa9f2386b7d0
  URL:                    
  context_type:           WEB_PAGE
  effective extension id: (none)
  effective context type: WEB_PAGE
[465:506:0831/073418.661448:VERBOSE1:script_context.cc(111)] Created context:
  extension id:           (none)
  frame:                  (nil)
  URL:                    
  context_type:           UNSPECIFIED
  effective extension id: (none)
  effective context type: UNSPECIFIED
[465:506:0831/073418.663263:VERBOSE1:dispatcher.cc(366)] Num tracked contexts: 3
[465:506:0831/073418.692911:VERBOSE1:dispatcher.cc(498)] Num tracked contexts: 2
[465:506:0831/073418.699979:VERBOSE1:script_context.cc(120)] Destroyed context for extension
  extension id: 
  effective extension id: 
[465:506:0831/073418.700104:VERBOSE1:script_context.cc(120)] Destroyed context for extension
  extension id: 
  effective extension id: 
[465:488:0831/073418.915155:VERBOSE1:network_delegate.cc(30)] NetworkDelegate::NotifyBeforeURLRequest: https://clients1.google.com/complete/search?q=1&client=translate-web&ds=translate&hl=en&requiredfields=tl%3Aes&callback=_callbacks____2jlhon2g2
[465:488:0831/073418.915191:VERBOSE1:network_delegate.cc(30)] NetworkDelegate::NotifyBeforeURLRequest: https://clients1.google.com/complete/search?q=1&client=translate-web&ds=translate&hl=en&requiredfields=tl%3Aes&callback=_callbacks____2jlhon2g2
[465:488:0831/073418.915223:VERBOSE1:network_delegate.cc(30)] NetworkDelegate::NotifyBeforeURLRequest: https://clients1.google.com/complete/search?q=1&client=translate-web&ds=translate&hl=en&requiredfields=tl%3Aes&callback=_callbacks____2jlhon2g2
[465:488:0831/073419.089211:VERBOSE1:network_delegate.cc(30)] NetworkDelegate::NotifyBeforeURLRequest: https://clients1.google.com/complete/search?q=12345&client=translate-web&ds=translate&hl=en&requiredfields=tl%3Aes&callback=_callbacks____3jlhon2kq
[465:488:0831/073419.089256:VERBOSE1:network_delegate.cc(30)] NetworkDelegate::NotifyBeforeURLRequest: https://clients1.google.com/complete/search?q=12345&client=translate-web&ds=translate&hl=en&requiredfields=tl%3Aes&callback=_callbacks____3jlhon2kq
[465:488:0831/073419.089270:VERBOSE1:network_delegate.cc(30)] NetworkDelegate::NotifyBeforeURLRequest: https://clients1.google.com/complete/search?q=12345&client=translate-web&ds=translate&hl=en&requiredfields=tl%3Aes&callback=_callbacks____3jlhon2kq
[465:488:0831/073419.213693:VERBOSE1:network_delegate.cc(30)] NetworkDelegate::NotifyBeforeURLRequest: https://play.google.com/log?format=json&hasfast=true&authuser=0
[465:488:0831/073419.213728:VERBOSE1:network_delegate.cc(30)] NetworkDelegate::NotifyBeforeURLRequest: https://play.google.com/log?format=json&hasfast=true&authuser=0
[465:488:0831/073419.213749:VERBOSE1:network_delegate.cc(30)] NetworkDelegate::NotifyBeforeURLRequest: https://play.google.com/log?format=json&hasfast=true&authuser=0
[465:488:0831/073419.229771:VERBOSE1:loader_util.cc(35)] To buffer: https://play.google.com/log?format=json&hasfast=true&authuser=0
[465:488:0831/073419.280104:VERBOSE1:network_delegate.cc(30)] NetworkDelegate::NotifyBeforeURLRequest: https://translate.google.com/translate_a/single?client=t&sl=en&tl=es&hl=en&dt=at&dt=bd&dt=ex&dt=ld&dt=md&dt=qca&dt=rw&dt=rm&dt=ss&dt=t&ie=UTF-8&oe=UTF-8&otf=1&ssel=0&tsel=0&kc=5&tk=742691.907124&q=12345
[465:488:0831/073419.280157:VERBOSE1:network_delegate.cc(30)] NetworkDelegate::NotifyBeforeURLRequest: https://translate.google.com/translate_a/single?client=t&sl=en&tl=es&hl=en&dt=at&dt=bd&dt=ex&dt=ld&dt=md&dt=qca&dt=rw&dt=rm&dt=ss&dt=t&ie=UTF-8&oe=UTF-8&otf=1&ssel=0&tsel=0&kc=5&tk=742691.907124&q=12345
[465:488:0831/073419.280184:VERBOSE1:network_delegate.cc(30)] NetworkDelegate::NotifyBeforeURLRequest: https://translate.google.com/translate_a/single?client=t&sl=en&tl=es&hl=en&dt=at&dt=bd&dt=ex&dt=ld&dt=md&dt=qca&dt=rw&dt=rm&dt=ss&dt=t&ie=UTF-8&oe=UTF-8&otf=1&ssel=0&tsel=0&kc=5&tk=742691.907124&q=12345
[465:488:0831/073419.289967:VERBOSE1:network_delegate.cc(30)] NetworkDelegate::NotifyBeforeURLRequest: https://translate.google.com/gen204?fq=sl=en,tl=es,ql=10,q=Bookseller,pc=0
[465:488:0831/073419.289986:VERBOSE1:network_delegate.cc(30)] NetworkDelegate::NotifyBeforeURLRequest: https://translate.google.com/gen204?fq=sl=en,tl=es,ql=10,q=Bookseller,pc=0
[465:488:0831/073419.289997:VERBOSE1:network_delegate.cc(30)] NetworkDelegate::NotifyBeforeURLRequest: https://translate.google.com/gen204?fq=sl=en,tl=es,ql=10,q=Bookseller,pc=0
[465:488:0831/073419.353629:VERBOSE1:network_delegate.cc(30)] NetworkDelegate::NotifyBeforeURLRequest: https://csi.gstatic.com/csi?v=3&s=translate&action=at&tran=15&p=s&npn=1&npnv=h2&sl=en&tl=es&size=5&e=17259,15700021,15700124,15700149,15700186,15700190,15700201&rt=prt.45,ol.54
[465:488:0831/073419.353697:VERBOSE1:network_delegate.cc(30)] NetworkDelegate::NotifyBeforeURLRequest: https://csi.gstatic.com/csi?v=3&s=translate&action=at&tran=15&p=s&npn=1&npnv=h2&sl=en&tl=es&size=5&e=17259,15700021,15700124,15700149,15700186,15700190,15700201&rt=prt.45,ol.54
[465:488:0831/073419.353722:VERBOSE1:network_delegate.cc(30)] NetworkDelegate::NotifyBeforeURLRequest: https://csi.gstatic.com/csi?v=3&s=translate&action=at&tran=15&p=s&npn=1&npnv=h2&sl=en&tl=es&size=5&e=17259,15700021,15700124,15700149,15700186,15700190,15700201&rt=prt.45,ol.54
[465:488:0831/073419.592049:VERBOSE1:network_delegate.cc(30)] NetworkDelegate::NotifyBeforeURLRequest: https://translate.google.com/translate_a/single?client=t&sl=en&tl=es&hl=en&dt=at&dt=bd&dt=ex&dt=ld&dt=md&dt=qca&dt=rw&dt=rm&dt=ss&dt=t&ie=UTF-8&oe=UTF-8&source=bh&ssel=0&tsel=0&kc=1&tk=15589.442034&q=Bookseller
[465:488:0831/073419.592092:VERBOSE1:network_delegate.cc(30)] NetworkDelegate::NotifyBeforeURLRequest: https://translate.google.com/translate_a/single?client=t&sl=en&tl=es&hl=en&dt=at&dt=bd&dt=ex&dt=ld&dt=md&dt=qca&dt=rw&dt=rm&dt=ss&dt=t&ie=UTF-8&oe=UTF-8&source=bh&ssel=0&tsel=0&kc=1&tk=15589.442034&q=Bookseller
[465:488:0831/073419.592115:VERBOSE1:network_delegate.cc(30)] NetworkDelegate::NotifyBeforeURLRequest: https://translate.google.com/translate_a/single?client=t&sl=en&tl=es&hl=en&dt=at&dt=bd&dt=ex&dt=ld&dt=md&dt=qca&dt=rw&dt=rm&dt=ss&dt=t&ie=UTF-8&oe=UTF-8&source=bh&ssel=0&tsel=0&kc=1&tk=15589.442034&q=Bookseller
[465:488:0831/073419.636401:VERBOSE1:network_delegate.cc(30)] NetworkDelegate::NotifyBeforeURLRequest: https://csi.gstatic.com/csi?v=3&s=translate&action=at&tran=15&p=s&npn=1&npnv=h2&sl=en&tl=es&size=10&e=17259,15700021,15700124,15700149,15700186,15700190,15700201&rt=prt.35,ol.46
[465:488:0831/073419.636430:VERBOSE1:network_delegate.cc(30)] NetworkDelegate::NotifyBeforeURLRequest: https://csi.gstatic.com/csi?v=3&s=translate&action=at&tran=15&p=s&npn=1&npnv=h2&sl=en&tl=es&size=10&e=17259,15700021,15700124,15700149,15700186,15700190,15700201&rt=prt.35,ol.46
[465:488:0831/073419.636447:VERBOSE1:network_delegate.cc(30)] NetworkDelegate::NotifyBeforeURLRequest: https://csi.gstatic.com/csi?v=3&s=translate&action=at&tran=15&p=s&npn=1&npnv=h2&sl=en&tl=es&size=10&e=17259,15700021,15700124,15700149,15700186,15700190,15700201&rt=prt.35,ol.46
[465:488:0831/073419.638077:VERBOSE1:network_delegate.cc(30)] NetworkDelegate::NotifyBeforeURLRequest: https://translate.google.com/gen204?fq=sl=en,tl=es,ql=5,q=12345,pc=0
[465:488:0831/073419.638096:VERBOSE1:network_delegate.cc(30)] NetworkDelegate::NotifyBeforeURLRequest: https://translate.google.com/gen204?fq=sl=en,tl=es,ql=5,q=12345,pc=0
[465:488:0831/073419.638110:VERBOSE1:network_delegate.cc(30)] NetworkDelegate::NotifyBeforeURLRequest: https://translate.google.com/gen204?fq=sl=en,tl=es,ql=5,q=12345,pc=0
[465:488:0831/073419.639302:VERBOSE1:network_delegate.cc(30)] NetworkDelegate::NotifyBeforeURLRequest: https://translate.google.com/gen204?lexicon=dt=cm,sl=en,tl=es,hl=en,q=Bookseller,e=show,md=ne,rw=ne,bd=ne,cm=ne
[465:488:0831/073419.639321:VERBOSE1:network_delegate.cc(30)] NetworkDelegate::NotifyBeforeURLRequest: https://translate.google.com/gen204?lexicon=dt=cm,sl=en,tl=es,hl=en,q=Bookseller,e=show,md=ne,rw=ne,bd=ne,cm=ne
[465:488:0831/073419.639335:VERBOSE1:network_delegate.cc(30)] NetworkDelegate::NotifyBeforeURLRequest: https://translate.google.com/gen204?lexicon=dt=cm,sl=en,tl=es,hl=en,q=Bookseller,e=show,md=ne,rw=ne,bd=ne,cm=ne
[465:506:0831/073419.669578:VERBOSE1:LocalWindowProxy.cpp(236)] A context is created NOT from snapshot
[465:506:0831/073419.670329:VERBOSE1:script_context.cc(111)] Created context:
  extension id:           (none)
  frame:                  0xa9f238bbfa0
  URL:                    
  context_type:           WEB_PAGE
  effective extension id: (none)
  effective context type: WEB_PAGE
[465:506:0831/073419.670432:VERBOSE1:script_context.cc(111)] Created context:
  extension id:           (none)
  frame:                  (nil)
  URL:                    
  context_type:           UNSPECIFIED
  effective extension id: (none)
  effective context type: UNSPECIFIED
[465:506:0831/073419.671282:VERBOSE1:dispatcher.cc(366)] Num tracked contexts: 3
[465:506:0831/073419.678622:VERBOSE1:dispatcher.cc(498)] Num tracked contexts: 2
[465:506:0831/073419.714579:VERBOSE1:script_context.cc(120)] Destroyed context for extension
  extension id: 
  effective extension id: 
[465:506:0831/073419.715010:VERBOSE1:script_context.cc(120)] Destroyed context for extension
  extension id: 
  effective extension id: 
[465:488:0831/073419.901517:VERBOSE1:network_delegate.cc(30)] NetworkDelegate::NotifyBeforeURLRequest: https://clients1.google.com/complete/search?q=1&client=translate-web&ds=translate&hl=en&requiredfields=tl%3Aes&callback=_callbacks____4jlhon37g
[465:488:0831/073419.901627:VERBOSE1:network_delegate.cc(30)] NetworkDelegate::NotifyBeforeURLRequest: https://clients1.google.com/complete/search?q=1&client=translate-web&ds=translate&hl=en&requiredfields=tl%3Aes&callback=_callbacks____4jlhon37g
[465:488:0831/073419.901650:VERBOSE1:network_delegate.cc(30)] NetworkDelegate::NotifyBeforeURLRequest: https://clients1.google.com/complete/search?q=1&client=translate-web&ds=translate&hl=en&requiredfields=tl%3Aes&callback=_callbacks____4jlhon37g
[465:488:0831/073420.069364:VERBOSE1:network_delegate.cc(30)] NetworkDelegate::NotifyBeforeURLRequest: https://clients1.google.com/complete/search?q=12345&client=translate-web&ds=translate&hl=en&requiredfields=tl%3Aes&callback=_callbacks____5jlhon3c3
[465:488:0831/073420.069403:VERBOSE1:network_delegate.cc(30)] NetworkDelegate::NotifyBeforeURLRequest: https://clients1.google.com/complete/search?q=12345&client=translate-web&ds=translate&hl=en&requiredfields=tl%3Aes&callback=_callbacks____5jlhon3c3
[465:488:0831/073420.069428:VERBOSE1:network_delegate.cc(30)] NetworkDelegate::NotifyBeforeURLRequest: https://clients1.google.com/complete/search?q=12345&client=translate-web&ds=translate&hl=en&requiredfields=tl%3Aes&callback=_callbacks____5jlhon3c3
[465:488:0831/073420.211505:VERBOSE1:network_delegate.cc(30)] NetworkDelegate::NotifyBeforeURLRequest: https://play.google.com/log?format=json&hasfast=true&authuser=0
[465:488:0831/073420.211539:VERBOSE1:network_delegate.cc(30)] NetworkDelegate::NotifyBeforeURLRequest: https://play.google.com/log?format=json&hasfast=true&authuser=0
[465:488:0831/073420.211557:VERBOSE1:network_delegate.cc(30)] NetworkDelegate::NotifyBeforeURLRequest: https://play.google.com/log?format=json&hasfast=true&authuser=0
[465:488:0831/073420.229556:VERBOSE1:loader_util.cc(35)] To buffer: https://play.google.com/log?format=json&hasfast=true&authuser=0
[465:488:0831/073420.258717:VERBOSE1:network_delegate.cc(30)] NetworkDelegate::NotifyBeforeURLRequest: https://translate.google.com/translate_a/single?client=t&sl=en&tl=es&hl=en&dt=at&dt=bd&dt=ex&dt=ld&dt=md&dt=qca&dt=rw&dt=rm&dt=ss&dt=t&ie=UTF-8&oe=UTF-8&otf=1&ssel=0&tsel=0&kc=5&tk=742691.907124&q=12345
[465:488:0831/073420.258772:VERBOSE1:network_delegate.cc(30)] NetworkDelegate::NotifyBeforeURLRequest: https://translate.google.com/translate_a/single?client=t&sl=en&tl=es&hl=en&dt=at&dt=bd&dt=ex&dt=ld&dt=md&dt=qca&dt=rw&dt=rm&dt=ss&dt=t&ie=UTF-8&oe=UTF-8&otf=1&ssel=0&tsel=0&kc=5&tk=742691.907124&q=12345
[465:488:0831/073420.258800:VERBOSE1:network_delegate.cc(30)] NetworkDelegate::NotifyBeforeURLRequest: https://translate.google.com/translate_a/single?client=t&sl=en&tl=es&hl=en&dt=at&dt=bd&dt=ex&dt=ld&dt=md&dt=qca&dt=rw&dt=rm&dt=ss&dt=t&ie=UTF-8&oe=UTF-8&otf=1&ssel=0&tsel=0&kc=5&tk=742691.907124&q=12345
[465:488:0831/073420.276742:VERBOSE1:network_delegate.cc(30)] NetworkDelegate::NotifyBeforeURLRequest: https://translate.google.com/gen204?fq=sl=en,tl=es,ql=10,q=Bookseller,pc=0
[465:488:0831/073420.276776:VERBOSE1:network_delegate.cc(30)] NetworkDelegate::NotifyBeforeURLRequest: https://translate.google.com/gen204?fq=sl=en,tl=es,ql=10,q=Bookseller,pc=0
[465:488:0831/073420.276799:VERBOSE1:network_delegate.cc(30)] NetworkDelegate::NotifyBeforeURLRequest: https://translate.google.com/gen204?fq=sl=en,tl=es,ql=10,q=Bookseller,pc=0
[465:488:0831/073420.311016:VERBOSE1:network_delegate.cc(30)] NetworkDelegate::NotifyBeforeURLRequest: https://csi.gstatic.com/csi?v=3&s=translate&action=at&tran=15&p=s&npn=1&npnv=h2&sl=en&tl=es&size=5&e=17259,15700021,15700124,15700149,15700186,15700190,15700201&rt=prt.39,ol.40
[465:488:0831/073420.311042:VERBOSE1:network_delegate.cc(30)] NetworkDelegate::NotifyBeforeURLRequest: https://csi.gstatic.com/csi?v=3&s=translate&action=at&tran=15&p=s&npn=1&npnv=h2&sl=en&tl=es&size=5&e=17259,15700021,15700124,15700149,15700186,15700190,15700201&rt=prt.39,ol.40
[465:488:0831/073420.311058:VERBOSE1:network_delegate.cc(30)] NetworkDelegate::NotifyBeforeURLRequest: https://csi.gstatic.com/csi?v=3&s=translate&action=at&tran=15&p=s&npn=1&npnv=h2&sl=en&tl=es&size=5&e=17259,15700021,15700124,15700149,15700186,15700190,15700201&rt=prt.39,ol.40
