[0.633][INFO]: COMMAND InitSession {
   "desiredCapabilities": {
      "browserName": "chrome",
      "chromeOptions": {
         "args": [ "--disable-gpu", "--single-process", "--no-sandbox", "--data-path=/tmp/data-path", "--homedir=/tmp/homedir", "--disk-cache-dir=/tmp", "--disk-cache-size=1", "--media-cache-size=1", "--allow-file-access-from-files", "--enable-logging", "--v=1", "--disable-web-security", "--disable-extensions", "--ignore-certificate-errors", "--disable-ntp-most-likely-favicons-from-server", "--disable-ntp-popular-sites", "--window-size=1366,1024", "--disable-infobars", "--disable-dev-shm-usage", "..." ],
         "binary": "/tmp/chrome-lambda/chrome",
         "prefs": {
            "credentials_enable_service": false,
            "profile": {
               "password_manager_enabled": false
            }
         }
      },
      "count": 1
   }
}
[0.634][INFO]: Populating Preferences file: {
   "alternate_error_pages": {
      "enabled": false
   },
   "autofill": {
      "enabled": false
   },
   "browser": {
      "check_default_browser": false
   },
   "credentials_enable_service": false,
   "distribution": {
      "import_bookmarks": false,
      "import_history": false,
      "import_search_engine": false,
      "make_chrome_default_for_user": false,
      "show_welcome_page": false,
      "skip_first_run_ui": true
   },
   "dns_prefetching": {
      "enabled": false
   },
   "profile": {
      "password_manager_enabled": false
   },
   "safebrowsing": {
      "enabled": false
   },
   "search": {
      "suggest_enabled": false
   },
   "translate": {
      "enabled": false
   }
}
[0.634][INFO]: Populating Local State file: {
   "background_mode": {
      "enabled": false
   },
   "ssl": {
      "rev_checking": {
         "enabled": false
      }
   }
}
[0.634][INFO]: Launching chrome: /tmp/chrome-lambda/chrome --allow-file-access-from-files --data-path=/tmp/data-path --disable-background-networking --disable-browser-side-navigation --disable-client-side-phishing-detection --disable-default-apps --disable-dev-shm-usage --disable-extensions --disable-extensions-except=/tmp/.org.chromium.Chromium.1jk2Fz/internal --disable-gpu --disable-hang-monitor --disable-infobars --disable-ntp-most-likely-favicons-from-server --disable-ntp-popular-sites --disable-popup-blocking --disable-prompt-on-repost --disable-sync --disable-web-resources --disable-web-security --disk-cache-dir=/tmp --disk-cache-size=1 --enable-automation --enable-logging --enable-precise-memory-info --force-fieldtrials=SiteIsolationExtensions/Control --homedir=/tmp/homedir --ignore-certificate-errors --log-level=0 --media-cache-size=1 --metrics-recording-only --no-first-run --no-sandbox --password-store=basic --remote-debugging-port=12017 --safebrowsing-disable-auto-update --single-process --test-type=webdriver --use-mock-keychain --user-data-dir=/tmp/.org.chromium.Chromium.s0tDgS --v=1 --window-size=1366,1024 data:,
[0.634][DEBUG]: DevTools request: http://localhost:12017/json/version
prctl(PR_SET_NO_NEW_PRIVS) failed
Xlib:  extension "RANDR" missing on display ":99".
[465:470:0831/073413.972240:ERROR:bus.cc(395)] Failed to connect to the bus: Failed to connect to socket /var/run/dbus/system_bus_socket: No such file or directory
Xlib:  extension "RANDR" missing on display ":99".

DevTools listening on ws://127.0.0.1:12017/devtools/browser/a0ffe0bc-59b5-4320-8e2d-dc57c8d8c6cf
[1.293][SEVERE]: CreatePlatformSocket() returned an error, errno=1: Operation not permitted (1)
[1.296][DEBUG]: DevTools response: {
   "Browser": "Chrome/63.0.3239.84",
   "Protocol-Version": "1.2",
   "User-Agent": "Mozilla/5.0 (X11; Linux x86_64) AppleWebKit/537.36 (KHTML, like Gecko) Chrome/63.0.3239.84 Safari/537.36",
   "V8-Version": "6.3.292.46",
   "WebKit-Version": "537.36 (@0f53a5abc7a405fbe9f1cfd3db38f2092c8a7816)",
   "webSocketDebuggerUrl": "ws://localhost:12017/devtools/browser/a0ffe0bc-59b5-4320-8e2d-dc57c8d8c6cf"
}

[1.298][DEBUG]: DevTools request: http://localhost:12017/json
[1.313][DEBUG]: DevTools response: [ {
   "description": "",
   "devtoolsFrontendUrl": "/devtools/inspector.html?ws=localhost:12017/devtools/page/(211D593C42ABAF95B2DC3F49EADC78AC)",
   "id": "(211D593C42ABAF95B2DC3F49EADC78AC)",
   "title": "",
   "type": "page",
   "url": "data:,",
   "webSocketDebuggerUrl": "ws://localhost:12017/devtools/page/(211D593C42ABAF95B2DC3F49EADC78AC)"
} ]

[1.313][DEBUG]: DevTools request: http://localhost:12017/json
[1.313][DEBUG]: DevTools response: [ {
   "description": "",
   "devtoolsFrontendUrl": "/devtools/inspector.html?ws=localhost:12017/devtools/page/(211D593C42ABAF95B2DC3F49EADC78AC)",
   "id": "(211D593C42ABAF95B2DC3F49EADC78AC)",
   "title": "",
   "type": "page",
   "url": "data:,",
   "webSocketDebuggerUrl": "ws://localhost:12017/devtools/page/(211D593C42ABAF95B2DC3F49EADC78AC)"
} ]

[1.314][INFO]: resolved localhost to ["127.0.0.1"]
[1.314][DEBUG]: DEVTOOLS COMMAND Log.enable (id=1) {

}
[1.314][DEBUG]: DEVTOOLS COMMAND DOM.getDocument (id=2) {

}
[1.314][DEBUG]: DEVTOOLS COMMAND Runtime.enable (id=3) {

}
[1.315][DEBUG]: DEVTOOLS COMMAND Page.enable (id=4) {

}
[1.315][DEBUG]: DEVTOOLS COMMAND Page.enable (id=5) {

}
[465:488:0831/073414.614543:ERROR:io_thread.cc(730)] Cannot use V8 Proxy resolver in single process mode.
[465:488:0831/073414.615767:ERROR:io_thread.cc(730)] Cannot use V8 Proxy resolver in single process mode.
[1.473][DEBUG]: DEVTOOLS RESPONSE Log.enable (id=1) {

}
[1.473][DEBUG]: DEVTOOLS RESPONSE DOM.getDocument (id=2) {
   "root": {
      "backendNodeId": 1,
      "baseURL": "about:blank",
      "childNodeCount": 1,
      "children": [ {
         "attributes": [  ],
         "backendNodeId": 2,
         "childNodeCount": 2,
         "children": [ {
            "attributes": [  ],
            "backendNodeId": 3,
            "childNodeCount": 0,
            "localName": "head",
            "nodeId": 3,
            "nodeName": "HEAD",
            "nodeType": 1,
            "nodeValue": "",
            "parentId": 2
         }, {
            "attributes": [  ],
            "backendNodeId": 4,
            "childNodeCount": 0,
            "localName": "body",
            "nodeId": 4,
            "nodeName": "BODY",
            "nodeType": 1,
            "nodeValue": "",
            "parentId": 2
         } ],
         "frameId": "(211D593C42ABAF95B2DC3F49EADC78AC)",
         "localName": "html",
         "nodeId": 2,
         "nodeName": "HTML",
         "nodeType": 1,
         "nodeValue": "",
         "parentId": 1
      } ],
      "documentURL": "",
      "localName": "",
      "nodeId": 1,
      "nodeName": "#document",
      "nodeType": 9,
      "nodeValue": "",
      "xmlVersion": ""
   }
}
[1.474][DEBUG]: DEVTOOLS RESPONSE Runtime.enable (id=3) {

}
[1.474][DEBUG]: DEVTOOLS RESPONSE Page.enable (id=4) {

}
[1.474][DEBUG]: DEVTOOLS RESPONSE Page.enable (id=5) {

}
[1.474][DEBUG]: DEVTOOLS COMMAND Page.enable (id=6) {

}
[1.497][DEBUG]: DEVTOOLS EVENT Page.lifecycleEvent {
   "frameId": "(211D593C42ABAF95B2DC3F49EADC78AC)",
   "name": "commit",
   "timestamp": 5475.522396
}
[1.497][DEBUG]: DEVTOOLS EVENT Page.frameNavigated {
   "frame": {
      "id": "(211D593C42ABAF95B2DC3F49EADC78AC)",
      "loaderId": "465.1",
      "mimeType": "text/plain",
      "securityOrigin": "://",
      "url": "data:,"
   }
}
[1.497][DEBUG]: DEVTOOLS EVENT DOM.documentUpdated {

}
[1.497][DEBUG]: DEVTOOLS COMMAND DOM.getDocument (id=7) {

}
[1.512][DEBUG]: DEVTOOLS EVENT Runtime.executionContextCreated {
   "context": {
      "auxData": {
         "frameId": "(211D593C42ABAF95B2DC3F49EADC78AC)",
         "isDefault": true
      },
      "id": 1,
      "name": "",
      "origin": "://"
   }
}
[1.512][DEBUG]: DEVTOOLS RESPONSE Page.enable (id=6) {

}
[1.515][DEBUG]: DEVTOOLS EVENT Page.loadEventFired {
   "timestamp": 5475.531591
}
[1.515][DEBUG]: DEVTOOLS EVENT Page.lifecycleEvent {
   "frameId": "(211D593C42ABAF95B2DC3F49EADC78AC)",
   "name": "load",
   "timestamp": 5475.531591
}
[1.516][DEBUG]: DEVTOOLS EVENT Page.frameStoppedLoading {
   "frameId": "(211D593C42ABAF95B2DC3F49EADC78AC)"
}
[1.516][DEBUG]: DEVTOOLS EVENT Page.domContentEventFired {
   "timestamp": 5475.531884
}
[1.516][DEBUG]: DEVTOOLS EVENT Page.lifecycleEvent {
   "frameId": "(211D593C42ABAF95B2DC3F49EADC78AC)",
   "name": "DOMContentLoaded",
   "timestamp": 5475.531884
}
[1.516][DEBUG]: DEVTOOLS EVENT DOM.documentUpdated {

}
[1.516][DEBUG]: DEVTOOLS COMMAND DOM.getDocument (id=8) {

}
[1.540][DEBUG]: DEVTOOLS RESPONSE DOM.getDocument (id=7) {
   "root": {
      "backendNodeId": 5,
      "baseURL": "data:,",
      "childNodeCount": 1,
      "children": [ {
         "attributes": [  ],
         "backendNodeId": 7,
         "childNodeCount": 2,
         "children": [ {
            "attributes": [  ],
            "backendNodeId": 8,
            "childNodeCount": 0,
            "localName": "head",
            "nodeId": 7,
            "nodeName": "HEAD",
            "nodeType": 1,
            "nodeValue": "",
            "parentId": 6
         }, {
            "attributes": [  ],
            "backendNodeId": 9,
            "childNodeCount": 1,
            "localName": "body",
            "nodeId": 8,
            "nodeName": "BODY",
            "nodeType": 1,
            "nodeValue": "",
            "parentId": 6
         } ],
         "frameId": "(211D593C42ABAF95B2DC3F49EADC78AC)",
         "localName": "html",
         "nodeId": 6,
         "nodeName": "HTML",
         "nodeType": 1,
         "nodeValue": "",
         "parentId": 5
      } ],
      "documentURL": "data:,",
      "localName": "",
      "nodeId": 5,
      "nodeName": "#document",
      "nodeType": 9,
      "nodeValue": "",
      "xmlVersion": ""
   }
}
[1.540][DEBUG]: DEVTOOLS RESPONSE DOM.getDocument (id=8) {
   "root": {
      "backendNodeId": 5,
      "baseURL": "data:,",
      "childNodeCount": 1,
      "children": [ {
         "attributes": [  ],
         "backendNodeId": 7,
         "childNodeCount": 2,
         "children": [ {
            "attributes": [  ],
            "backendNodeId": 8,
            "childNodeCount": 0,
            "localName": "head",
            "nodeId": 11,
            "nodeName": "HEAD",
            "nodeType": 1,
            "nodeValue": "",
            "parentId": 10
         }, {
            "attributes": [  ],
            "backendNodeId": 9,
            "childNodeCount": 1,
            "localName": "body",
            "nodeId": 12,
            "nodeName": "BODY",
            "nodeType": 1,
            "nodeValue": "",
            "parentId": 10
         } ],
         "frameId": "(211D593C42ABAF95B2DC3F49EADC78AC)",
         "localName": "html",
         "nodeId": 10,
         "nodeName": "HTML",
         "nodeType": 1,
         "nodeValue": "",
         "parentId": 9
      } ],
      "documentURL": "data:,",
      "localName": "",
      "nodeId": 9,
      "nodeName": "#document",
      "nodeType": 9,
      "nodeValue": "",
      "xmlVersion": ""
   }
}
[1.540][DEBUG]: DEVTOOLS COMMAND Runtime.enable (id=9) {

}
[1.552][DEBUG]: DEVTOOLS RESPONSE Runtime.enable (id=9) {

}
[1.553][DEBUG]: DEVTOOLS COMMAND Runtime.evaluate (id=10) {
   "expression": "(function() { // Copyright (c) 2012 The Chromium Authors. All rights reserved.\n// Use of this source code is governed by a BSD-style license that can be\n// found in the LICENSE file.\n\n/**\n * Enum f...",
   "returnByValue": true
}
[1.556][DEBUG]: DEVTOOLS RESPONSE Runtime.evaluate (id=10) {
   "result": {
      "type": "object",
      "value": {
         "status": 0,
         "value": 1
      }
   }
}
[1.556][INFO]: RESPONSE InitSession {
   "acceptSslCerts": true,
   "applicationCacheEnabled": false,
   "browserConnectionEnabled": false,
   "browserName": "chrome",
   "chrome": {
      "chromedriverVersion": "2.33.506092 (733a02544d189eeb751fe0d7ddca79a0ee28cce4)",
      "userDataDir": "/tmp/.org.chromium.Chromium.s0tDgS"
   },
   "cssSelectorsEnabled": true,
   "databaseEnabled": false,
   "handlesAlerts": true,
   "hasTouchScreen": false,
   "javascriptEnabled": true,
   "locationContextEnabled": true,
   "mobileEmulationEnabled": false,
   "nativeEvents": true,
   "networkConnectionEnabled": false,
   "pageLoadStrategy": "normal",
   "platform": "Linux",
   "rotatable": false,
   "setWindowRect": true,
   "takesHeapSnapshot": true,
   "~~~": "..."
}
[1.594][INFO]: COMMAND SetTimeout {
   "script": 11000
}
[1.596][INFO]: RESPONSE SetTimeout unknown error: 'ms' must be a double
  (Session info: chrome=63.0.3239.84)
[1.612][INFO]: COMMAND SetTimeout {
   "ms": 11000,
   "type": "script"
}
[1.612][INFO]: RESPONSE SetTimeout
[2.495][INFO]: COMMAND SetTimeout {
   "pageLoad": 30000
}
[2.497][INFO]: RESPONSE SetTimeout unknown error: 'ms' must be a double
  (Session info: chrome=63.0.3239.84)
[2.518][INFO]: COMMAND SetTimeout {
   "ms": 30000,
   "type": "page load"
}
[2.518][INFO]: RESPONSE SetTimeout
[2.573][INFO]: COMMAND Navigate {
   "url": "https://translate.google.com/#en/es/Energy"
}
[2.573][INFO]: Waiting for pending navigations...
[2.573][DEBUG]: DEVTOOLS COMMAND Runtime.evaluate (id=11) {
   "expression": "1"
}
[2.574][DEBUG]: DEVTOOLS EVENT Page.lifecycleEvent {
   "frameId": "(211D593C42ABAF95B2DC3F49EADC78AC)",
   "name": "networkAlmostIdle",
   "timestamp": 5475.531898
}
[2.574][DEBUG]: DEVTOOLS EVENT Page.lifecycleEvent {
   "frameId": "(211D593C42ABAF95B2DC3F49EADC78AC)",
   "name": "networkIdle",
   "timestamp": 5475.531898
}
[2.574][DEBUG]: DEVTOOLS RESPONSE Runtime.evaluate (id=11) {
   "result": {
      "description": "1",
      "type": "number",
      "value": 1
   }
}
[2.574][INFO]: Done waiting for pending navigations. Status: ok
[2.574][DEBUG]: DEVTOOLS COMMAND Page.navigate (id=12) {
   "url": "https://translate.google.com/#en/es/Energy"
}
[2.578][DEBUG]: DEVTOOLS EVENT Page.frameStartedLoading {
   "frameId": "(211D593C42ABAF95B2DC3F49EADC78AC)"
}
[2.579][DEBUG]: DEVTOOLS RESPONSE Page.navigate (id=12) {
   "frameId": "(211D593C42ABAF95B2DC3F49EADC78AC)"
}
[2.579][INFO]: Waiting for pending navigations...
[2.580][DEBUG]: DEVTOOLS COMMAND Runtime.evaluate (id=13) {
   "expression": "1"
}
[2.580][DEBUG]: DEVTOOLS RESPONSE Runtime.evaluate (id=13) {
   "result": {
      "description": "1",
      "type": "number",
      "value": 1
   }
}
[2.698][DEBUG]: DEVTOOLS EVENT Runtime.executionContextDestroyed {
   "executionContextId": 1
}
[2.698][DEBUG]: DEVTOOLS EVENT Runtime.executionContextsCleared {

}
[2.698][DEBUG]: DEVTOOLS COMMAND Runtime.evaluate (id=14) {
   "expression": "1"
}
[2.698][DEBUG]: DEVTOOLS EVENT Page.lifecycleEvent {
   "frameId": "(211D593C42ABAF95B2DC3F49EADC78AC)",
   "name": "commit",
   "timestamp": 5476.73775
}
[2.698][DEBUG]: DEVTOOLS EVENT Page.frameNavigated {
   "frame": {
      "id": "(211D593C42ABAF95B2DC3F49EADC78AC)",
      "loaderId": "465.2",
      "mimeType": "text/html",
      "securityOrigin": "https://translate.google.com",
      "url": "https://translate.google.com/"
   }
}
[2.712][DEBUG]: DEVTOOLS EVENT Runtime.executionContextCreated {
   "context": {
      "auxData": {
         "frameId": "(211D593C42ABAF95B2DC3F49EADC78AC)",
         "isDefault": true
      },
      "id": 3,
      "name": "",
      "origin": "https://translate.google.com"
   }
}
[2.712][DEBUG]: DEVTOOLS EVENT DOM.documentUpdated {

}
[2.712][DEBUG]: DEVTOOLS COMMAND DOM.getDocument (id=15) {

}
[2.813][DEBUG]: DEVTOOLS RESPONSE Runtime.evaluate (id=14) {
   "result": {
      "description": "1",
      "type": "number",
      "value": 1
   }
}
[2.813][DEBUG]: DEVTOOLS RESPONSE DOM.getDocument (id=15) {
   "root": {
      "backendNodeId": 10,
      "baseURL": "https://translate.google.com/#en/es/Energy",
      "childNodeCount": 2,
      "children": [ {
         "backendNodeId": 11,
         "localName": "",
         "nodeId": 14,
         "nodeName": "html",
         "nodeType": 10,
         "nodeValue": "",
         "parentId": 13,
         "publicId": "",
         "systemId": ""
      }, {
         "attributes": [  ],
         "backendNodeId": 12,
         "childNodeCount": 1,
         "children": [ {
            "attributes": [  ],
            "backendNodeId": 13,
            "childNodeCount": 18,
            "localName": "head",
            "nodeId": 16,
            "nodeName": "HEAD",
            "nodeType": 1,
            "nodeValue": "",
            "parentId": 15
         } ],
         "frameId": "(211D593C42ABAF95B2DC3F49EADC78AC)",
         "localName": "html",
         "nodeId": 15,
         "nodeName": "HTML",
         "nodeType": 1,
         "nodeValue": "",
         "parentId": 13
      } ],
      "documentURL": "https://translate.google.com/#en/es/Energy",
      "localName": "",
      "nodeId": 13,
      "nodeName": "#document",
      "nodeType": 9,
      "nodeValue": "",
      "xmlVersion": ""
   }
}
[2.913][DEBUG]: DEVTOOLS EVENT DOM.childNodeCountUpdated {
   "childNodeCount": 19,
   "nodeId": 16
}
[2.913][DEBUG]: DEVTOOLS EVENT DOM.childNodeCountUpdated {
   "childNodeCount": 20,
   "nodeId": 16
}
[2.913][DEBUG]: DEVTOOLS EVENT DOM.childNodeCountUpdated {
   "childNodeCount": 21,
   "nodeId": 16
}
[2.913][DEBUG]: DEVTOOLS EVENT DOM.childNodeCountUpdated {
   "childNodeCount": 22,
   "nodeId": 16
}
[2.913][DEBUG]: DEVTOOLS EVENT DOM.childNodeInserted {
   "node": {
      "attributes": [ "dir", "ltr", "onload", "window.jstiming.load['tick']('ol');", "class", "e_md nj pre-epu" ],
      "backendNodeId": 14,
      "childNodeCount": 0,
      "localName": "body",
      "nodeId": 17,
      "nodeName": "BODY",
      "nodeType": 1,
      "nodeValue": ""
   },
   "parentNodeId": 15,
   "previousNodeId": 16
}
[2.913][DEBUG]: DEVTOOLS EVENT DOM.childNodeCountUpdated {
   "childNodeCount": 1,
   "nodeId": 17
}
[2.913][DEBUG]: DEVTOOLS EVENT DOM.childNodeCountUpdated {
   "childNodeCount": 2,
   "nodeId": 17
}
[2.913][DEBUG]: DEVTOOLS COMMAND Runtime.evaluate (id=16) {
   "expression": "1"
}
[2.922][DEBUG]: DEVTOOLS EVENT DOM.childNodeCountUpdated {
   "childNodeCount": 3,
   "nodeId": 17
}
[2.922][DEBUG]: DEVTOOLS EVENT DOM.attributeModified {
   "name": "class",
   "nodeId": 17,
   "value": "e_md  pre-epu"
}
[2.922][DEBUG]: DEVTOOLS EVENT DOM.childNodeCountUpdated {
   "childNodeCount": 4,
   "nodeId": 17
}
[3.000][DEBUG]: DEVTOOLS RESPONSE Runtime.evaluate (id=16) {
   "result": {
      "description": "1",
      "type": "number",
      "value": 1
   }
}
[3.124][DEBUG]: DEVTOOLS EVENT Page.lifecycleEvent {
   "frameId": "(211D593C42ABAF95B2DC3F49EADC78AC)",
   "name": "firstPaint",
   "timestamp": 5477.047197
}
[3.124][DEBUG]: DEVTOOLS COMMAND Runtime.evaluate (id=17) {
   "expression": "1"
}
[3.129][DEBUG]: DEVTOOLS EVENT Page.lifecycleEvent {
   "frameId": "(211D593C42ABAF95B2DC3F49EADC78AC)",
   "name": "firstContentfulPaint",
   "timestamp": 5477.047199
}
[3.129][DEBUG]: DEVTOOLS EVENT Page.lifecycleEvent {
   "frameId": "(211D593C42ABAF95B2DC3F49EADC78AC)",
   "name": "firstTextPaint",
   "timestamp": 5477.0472
}
[3.130][DEBUG]: DEVTOOLS EVENT Page.lifecycleEvent {
   "frameId": "(211D593C42ABAF95B2DC3F49EADC78AC)",
   "name": "firstImagePaint",
   "timestamp": 5477.047201
}
[3.132][DEBUG]: DEVTOOLS EVENT Page.lifecycleEvent {
   "frameId": "(211D593C42ABAF95B2DC3F49EADC78AC)",
   "name": "firstMeaningfulPaintCandidate",
   "timestamp": 5477.047202
}
[3.202][DEBUG]: DEVTOOLS EVENT DOM.childNodeCountUpdated {
   "childNodeCount": 23,
   "nodeId": 16
}
[3.202][DEBUG]: DEVTOOLS RESPONSE Runtime.evaluate (id=17) {
   "result": {
      "description": "1",
      "type": "number",
      "value": 1
   }
}
[3.624][DEBUG]: DEVTOOLS EVENT DOM.attributeModified {
   "name": "class",
   "nodeId": 17,
   "value": "e_md pre-epu"
}
[3.624][DEBUG]: DEVTOOLS EVENT DOM.childNodeCountUpdated {
   "childNodeCount": 5,
   "nodeId": 17
}
[3.624][DEBUG]: DEVTOOLS EVENT DOM.childNodeCountUpdated {
   "childNodeCount": 4,
   "nodeId": 17
}
[3.624][DEBUG]: DEVTOOLS COMMAND Runtime.evaluate (id=18) {
   "expression": "1"
}
[3.624][DEBUG]: DEVTOOLS EVENT DOM.childNodeCountUpdated {
   "childNodeCount": 5,
   "nodeId": 17
}
[3.624][DEBUG]: DEVTOOLS EVENT DOM.childNodeCountUpdated {
   "childNodeCount": 6,
   "nodeId": 17
}
[3.624][DEBUG]: DEVTOOLS EVENT DOM.childNodeCountUpdated {
   "childNodeCount": 7,
   "nodeId": 17
}
[3.624][DEBUG]: DEVTOOLS EVENT DOM.childNodeCountUpdated {
   "childNodeCount": 8,
   "nodeId": 17
}
[3.624][DEBUG]: DEVTOOLS EVENT DOM.childNodeCountUpdated {
   "childNodeCount": 7,
   "nodeId": 17
}
[3.625][DEBUG]: DEVTOOLS EVENT DOM.childNodeCountUpdated {
   "childNodeCount": 6,
   "nodeId": 17
}
[3.625][DEBUG]: DEVTOOLS EVENT DOM.childNodeCountUpdated {
   "childNodeCount": 7,
   "nodeId": 17
}
[3.625][DEBUG]: DEVTOOLS EVENT DOM.childNodeCountUpdated {
   "childNodeCount": 8,
   "nodeId": 17
}
[3.632][DEBUG]: DEVTOOLS EVENT DOM.childNodeCountUpdated {
   "childNodeCount": 9,
   "nodeId": 17
}
[3.632][DEBUG]: DEVTOOLS EVENT DOM.childNodeCountUpdated {
   "childNodeCount": 10,
   "nodeId": 17
}
[3.632][DEBUG]: DEVTOOLS EVENT DOM.childNodeCountUpdated {
   "childNodeCount": 11,
   "nodeId": 17
}
[3.632][DEBUG]: DEVTOOLS EVENT DOM.childNodeCountUpdated {
   "childNodeCount": 12,
   "nodeId": 17
}
[3.633][DEBUG]: DEVTOOLS EVENT DOM.childNodeCountUpdated {
   "childNodeCount": 13,
   "nodeId": 17
}
[3.633][DEBUG]: DEVTOOLS EVENT DOM.childNodeCountUpdated {
   "childNodeCount": 14,
   "nodeId": 17
}
[3.633][DEBUG]: DEVTOOLS EVENT DOM.childNodeCountUpdated {
   "childNodeCount": 15,
   "nodeId": 17
}
[3.633][DEBUG]: DEVTOOLS EVENT DOM.childNodeCountUpdated {
   "childNodeCount": 14,
   "nodeId": 17
}
[3.633][DEBUG]: DEVTOOLS EVENT DOM.childNodeCountUpdated {
   "childNodeCount": 13,
   "nodeId": 17
}
[3.633][DEBUG]: DEVTOOLS EVENT DOM.childNodeCountUpdated {
   "childNodeCount": 14,
   "nodeId": 17
}
[3.633][DEBUG]: DEVTOOLS EVENT DOM.childNodeCountUpdated {
   "childNodeCount": 24,
   "nodeId": 16
}
[3.633][DEBUG]: DEVTOOLS EVENT DOM.childNodeCountUpdated {
   "childNodeCount": 15,
   "nodeId": 17
}
[3.633][DEBUG]: DEVTOOLS EVENT DOM.childNodeCountUpdated {
   "childNodeCount": 14,
   "nodeId": 17
}
[3.634][DEBUG]: DEVTOOLS EVENT DOM.childNodeCountUpdated {
   "childNodeCount": 15,
   "nodeId": 17
}
[3.634][DEBUG]: DEVTOOLS EVENT DOM.childNodeCountUpdated {
   "childNodeCount": 14,
   "nodeId": 17
}
[3.634][DEBUG]: DEVTOOLS EVENT DOM.childNodeCountUpdated {
   "childNodeCount": 15,
   "nodeId": 17
}
[3.634][DEBUG]: DEVTOOLS EVENT DOM.childNodeCountUpdated {
   "childNodeCount": 14,
   "nodeId": 17
}
[3.634][DEBUG]: DEVTOOLS EVENT DOM.childNodeCountUpdated {
   "childNodeCount": 15,
   "nodeId": 17
}
[3.634][DEBUG]: DEVTOOLS EVENT DOM.childNodeCountUpdated {
   "childNodeCount": 14,
   "nodeId": 17
}
[3.634][DEBUG]: DEVTOOLS EVENT DOM.childNodeCountUpdated {
   "childNodeCount": 15,
   "nodeId": 17
}
[3.634][DEBUG]: DEVTOOLS EVENT DOM.childNodeCountUpdated {
   "childNodeCount": 14,
   "nodeId": 17
}
[3.634][DEBUG]: DEVTOOLS EVENT DOM.childNodeCountUpdated {
   "childNodeCount": 15,
   "nodeId": 17
}
[3.634][DEBUG]: DEVTOOLS EVENT DOM.childNodeCountUpdated {
   "childNodeCount": 14,
   "nodeId": 17
}
[3.635][DEBUG]: DEVTOOLS EVENT DOM.childNodeCountUpdated {
   "childNodeCount": 15,
   "nodeId": 17
}
[3.635][DEBUG]: DEVTOOLS EVENT DOM.childNodeCountUpdated {
   "childNodeCount": 14,
   "nodeId": 17
}
[3.635][DEBUG]: DEVTOOLS EVENT DOM.childNodeCountUpdated {
   "childNodeCount": 15,
   "nodeId": 17
}
[3.635][DEBUG]: DEVTOOLS EVENT DOM.childNodeCountUpdated {
   "childNodeCount": 14,
   "nodeId": 17
}
[3.635][DEBUG]: DEVTOOLS EVENT DOM.childNodeCountUpdated {
   "childNodeCount": 15,
   "nodeId": 17
}
[3.635][DEBUG]: DEVTOOLS EVENT DOM.childNodeCountUpdated {
   "childNodeCount": 14,
   "nodeId": 17
}
[3.635][DEBUG]: DEVTOOLS EVENT DOM.childNodeCountUpdated {
   "childNodeCount": 15,
   "nodeId": 17
}
[3.635][DEBUG]: DEVTOOLS EVENT DOM.childNodeCountUpdated {
   "childNodeCount": 14,
   "nodeId": 17
}
[3.635][DEBUG]: DEVTOOLS EVENT DOM.childNodeCountUpdated {
   "childNodeCount": 15,
   "nodeId": 17
}
[3.635][DEBUG]: DEVTOOLS EVENT DOM.childNodeCountUpdated {
   "childNodeCount": 14,
   "nodeId": 17
}
[3.636][DEBUG]: DEVTOOLS EVENT DOM.childNodeCountUpdated {
   "childNodeCount": 15,
   "nodeId": 17
}
[3.636][DEBUG]: DEVTOOLS EVENT DOM.childNodeCountUpdated {
   "childNodeCount": 14,
   "nodeId": 17
}
[3.636][DEBUG]: DEVTOOLS EVENT DOM.childNodeCountUpdated {
   "childNodeCount": 15,
   "nodeId": 17
}
[3.636][DEBUG]: DEVTOOLS EVENT DOM.childNodeCountUpdated {
   "childNodeCount": 14,
   "nodeId": 17
}
[3.636][DEBUG]: DEVTOOLS EVENT DOM.childNodeCountUpdated {
   "childNodeCount": 15,
   "nodeId": 17
}
[3.636][DEBUG]: DEVTOOLS EVENT DOM.childNodeCountUpdated {
   "childNodeCount": 14,
   "nodeId": 17
}
[3.636][DEBUG]: DEVTOOLS EVENT DOM.childNodeCountUpdated {
   "childNodeCount": 15,
   "nodeId": 17
}
[3.636][DEBUG]: DEVTOOLS EVENT DOM.childNodeCountUpdated {
   "childNodeCount": 14,
   "nodeId": 17
}
[3.636][DEBUG]: DEVTOOLS EVENT DOM.childNodeCountUpdated {
   "childNodeCount": 15,
   "nodeId": 17
}
[3.636][DEBUG]: DEVTOOLS EVENT DOM.childNodeCountUpdated {
   "childNodeCount": 14,
   "nodeId": 17
}
[3.637][DEBUG]: DEVTOOLS EVENT DOM.childNodeCountUpdated {
   "childNodeCount": 25,
   "nodeId": 16
}
[3.644][DEBUG]: DEVTOOLS EVENT DOM.childNodeCountUpdated {
   "childNodeCount": 26,
   "nodeId": 16
}
[3.644][DEBUG]: DEVTOOLS EVENT DOM.childNodeCountUpdated {
   "childNodeCount": 27,
   "nodeId": 16
}
[3.644][DEBUG]: DEVTOOLS EVENT DOM.childNodeCountUpdated {
   "childNodeCount": 15,
   "nodeId": 17
}
[3.644][DEBUG]: DEVTOOLS EVENT DOM.childNodeCountUpdated {
   "childNodeCount": 14,
   "nodeId": 17
}
[3.644][DEBUG]: DEVTOOLS EVENT DOM.childNodeCountUpdated {
   "childNodeCount": 28,
   "nodeId": 16
}
[3.644][DEBUG]: DEVTOOLS EVENT DOM.childNodeCountUpdated {
   "childNodeCount": 15,
   "nodeId": 17
}
[3.644][DEBUG]: DEVTOOLS EVENT DOM.childNodeCountUpdated {
   "childNodeCount": 14,
   "nodeId": 17
}
[3.644][DEBUG]: DEVTOOLS EVENT Page.domContentEventFired {
   "timestamp": 5477.671567
}
[3.644][DEBUG]: DEVTOOLS EVENT Page.lifecycleEvent {
   "frameId": "(211D593C42ABAF95B2DC3F49EADC78AC)",
   "name": "DOMContentLoaded",
   "timestamp": 5477.671567
}
[3.644][DEBUG]: DEVTOOLS EVENT DOM.documentUpdated {

}
[3.644][DEBUG]: DEVTOOLS COMMAND DOM.getDocument (id=19) {

}
[3.752][DEBUG]: DEVTOOLS RESPONSE Runtime.evaluate (id=18) {
   "result": {
      "description": "1",
      "type": "number",
      "value": 1
   }
}
[3.755][DEBUG]: DEVTOOLS RESPONSE DOM.getDocument (id=19) {
   "root": {
      "backendNodeId": 10,
      "baseURL": "https://translate.google.com/#en/es/Energy",
      "childNodeCount": 2,
      "children": [ {
         "backendNodeId": 11,
         "localName": "",
         "nodeId": 19,
         "nodeName": "html",
         "nodeType": 10,
         "nodeValue": "",
         "parentId": 18,
         "publicId": "",
         "systemId": ""
      }, {
         "attributes": [  ],
         "backendNodeId": 12,
         "childNodeCount": 2,
         "children": [ {
            "attributes": [  ],
            "backendNodeId": 13,
            "childNodeCount": 28,
            "localName": "head",
            "nodeId": 21,
            "nodeName": "HEAD",
            "nodeType": 1,
            "nodeValue": "",
            "parentId": 20
         }, {
            "attributes": [ "dir", "ltr", "onload", "window.jstiming.load['tick']('ol');", "class", "e_md pre-epu" ],
            "backendNodeId": 14,
            "childNodeCount": 14,
            "localName": "body",
            "nodeId": 22,
            "nodeName": "BODY",
            "nodeType": 1,
            "nodeValue": "",
            "parentId": 20
         } ],
         "frameId": "(211D593C42ABAF95B2DC3F49EADC78AC)",
         "localName": "html",
         "nodeId": 20,
         "nodeName": "HTML",
         "nodeType": 1,
         "nodeValue": "",
         "parentId": 18
      } ],
      "documentURL": "https://translate.google.com/#en/es/Energy",
      "localName": "",
      "nodeId": 18,
      "nodeName": "#document",
      "nodeType": 9,
      "nodeValue": "",
      "xmlVersion": ""
   }
}
[3.779][DEBUG]: DEVTOOLS EVENT Page.lifecycleEvent {
   "frameId": "(211D593C42ABAF95B2DC3F49EADC78AC)",
   "name": "firstMeaningfulPaintCandidate",
   "timestamp": 5477.809075
}
[3.779][DEBUG]: DEVTOOLS COMMAND Runtime.evaluate (id=20) {
   "expression": "1"
}
[3.855][DEBUG]: DEVTOOLS RESPONSE Runtime.evaluate (id=20) {
   "result": {
      "description": "1",
      "type": "number",
      "value": 1
   }
}
[3.999][DEBUG]: DEVTOOLS EVENT DOM.childNodeCountUpdated {
   "childNodeCount": 29,
   "nodeId": 21
}
[3.999][DEBUG]: DEVTOOLS EVENT DOM.childNodeCountUpdated {
   "childNodeCount": 15,
   "nodeId": 22
}
[3.999][DEBUG]: DEVTOOLS COMMAND Runtime.evaluate (id=21) {
   "expression": "1"
}
[4.000][DEBUG]: DEVTOOLS EVENT DOM.childNodeCountUpdated {
   "childNodeCount": 16,
   "nodeId": 22
}
[4.000][DEBUG]: DEVTOOLS EVENT DOM.childNodeCountUpdated {
   "childNodeCount": 17,
   "nodeId": 22
}
[4.000][DEBUG]: DEVTOOLS EVENT DOM.childNodeCountUpdated {
   "childNodeCount": 18,
   "nodeId": 22
}
[4.000][DEBUG]: DEVTOOLS EVENT DOM.childNodeCountUpdated {
   "childNodeCount": 19,
   "nodeId": 22
}
[4.000][DEBUG]: DEVTOOLS EVENT DOM.childNodeCountUpdated {
   "childNodeCount": 30,
   "nodeId": 21
}
[4.000][DEBUG]: DEVTOOLS EVENT DOM.childNodeCountUpdated {
   "childNodeCount": 20,
   "nodeId": 22
}
[4.000][DEBUG]: DEVTOOLS EVENT DOM.childNodeCountUpdated {
   "childNodeCount": 21,
   "nodeId": 22
}
[4.000][DEBUG]: DEVTOOLS EVENT DOM.childNodeCountUpdated {
   "childNodeCount": 20,
   "nodeId": 22
}
[4.000][DEBUG]: DEVTOOLS EVENT DOM.childNodeCountUpdated {
   "childNodeCount": 19,
   "nodeId": 22
}
[4.000][DEBUG]: DEVTOOLS EVENT DOM.childNodeCountUpdated {
   "childNodeCount": 20,
   "nodeId": 22
}
[4.000][DEBUG]: DEVTOOLS EVENT DOM.childNodeCountUpdated {
   "childNodeCount": 31,
   "nodeId": 21
}
[4.000][DEBUG]: DEVTOOLS EVENT DOM.childNodeCountUpdated {
   "childNodeCount": 32,
   "nodeId": 21
}
[4.024][DEBUG]: DEVTOOLS RESPONSE Runtime.evaluate (id=21) {
   "result": {
      "description": "1",
      "type": "number",
      "value": 1
   }
}
[4.036][DEBUG]: DEVTOOLS EVENT Runtime.exceptionThrown {
   "exceptionDetails": {
      "columnNumber": 474,
      "exception": {
         "className": "TypeError",
         "description": "TypeError: Cannot convert undefined or null to object\n    at Image.b.onload.b.onerror (https://translate.google.com/translate/releases/twsfe_w_20180827_RC01/r/js/desktop_module_main.js:839:475)",
         "objectId": "{\"injectedScriptId\":3,\"id\":1}",
         "preview": {
            "description": "TypeError: Cannot convert undefined or null to object\n    at Image.b.onload.b.onerror (https://translate.google.com/translate/releases/twsfe_w_20180827_RC01/r/js/desktop_module_main.js:839:475)",
            "overflow": false,
            "properties": [ {
               "name": "stack",
               "type": "string",
               "value": "TypeError: Cannot convert undefined or null to obj…0180827_RC01/r/js/desktop_module_main.js:839:475)"
            }, {
               "name": "message",
               "type": "string",
               "value": "Cannot convert undefined or null to object"
            } ],
            "subtype": "error",
            "type": "object"
         },
         "subtype": "error",
         "type": "object"
      },
      "exceptionId": 1,
      "executionContextId": 3,
      "lineNumber": 838,
      "stackTrace": {
         "callFrames": [ {
            "columnNumber": 474,
            "functionName": "b.onload.b.onerror",
            "lineNumber": 838,
            "scriptId": "52",
            "url": "https://translate.google.com/translate/releases/twsfe_w_20180827_RC01/r/js/desktop_module_main.js"
         } ]
      },
      "text": "Uncaught",
      "url": "https://translate.google.com/translate/releases/twsfe_w_20180827_RC01/r/js/desktop_module_main.js"
   },
   "timestamp": 1535700857253.272
}
[4.036][DEBUG]: DEVTOOLS COMMAND Runtime.evaluate (id=22) {
   "expression": "1"
}
[4.124][DEBUG]: DEVTOOLS EVENT DOM.childNodeCountUpdated {
   "childNodeCount": 21,
   "nodeId": 22
}
[4.153][DEBUG]: DEVTOOLS RESPONSE Runtime.evaluate (id=22) {
   "result": {
      "description": "1",
      "type": "number",
      "value": 1
   }
}
[4.155][DEBUG]: DEVTOOLS EVENT Page.loadEventFired {
   "timestamp": 5478.188773
}
[4.155][DEBUG]: DEVTOOLS EVENT Page.lifecycleEvent {
   "frameId": "(211D593C42ABAF95B2DC3F49EADC78AC)",
   "name": "load",
   "timestamp": 5478.188773
}
[4.155][DEBUG]: DEVTOOLS EVENT Page.frameStoppedLoading {
   "frameId": "(211D593C42ABAF95B2DC3F49EADC78AC)"
}
[4.155][DEBUG]: DEVTOOLS COMMAND Runtime.evaluate (id=23) {
   "expression": "1"
}
[4.177][DEBUG]: DEVTOOLS RESPONSE Runtime.evaluate (id=23) {
   "result": {
      "description": "1",
      "type": "number",
      "value": 1
   }
}
[4.177][INFO]: Done waiting for pending navigations. Status: ok
[4.177][INFO]: RESPONSE Navigate
[4.194][INFO]: COMMAND FindElements {
   "using": "css selector",
   "value": "#gt-src-c"
}
[4.194][INFO]: Waiting for pending navigations...
[4.194][DEBUG]: DEVTOOLS COMMAND Runtime.evaluate (id=24) {
   "expression": "1"
}
[4.197][DEBUG]: DEVTOOLS RESPONSE Runtime.evaluate (id=24) {
   "result": {
      "description": "1",
      "type": "number",
      "value": 1
   }
}
[4.197][INFO]: Done waiting for pending navigations. Status: ok
[4.199][DEBUG]: DEVTOOLS COMMAND Runtime.evaluate (id=25) {
   "expression": "(function() { // Copyright (c) 2012 The Chromium Authors. All rights reserved.\n// Use of this source code is governed by a BSD-style license that can be\n// found in the LICENSE file.\n\n/**\n * Enum f...",
   "returnByValue": true
}
[4.220][DEBUG]: DEVTOOLS RESPONSE Runtime.evaluate (id=25) {
   "result": {
      "type": "object",
      "value": {
         "status": 0,
         "value": [ {
            "ELEMENT": "0.5531478491838029-1"
         } ]
      }
   }
}
[4.221][INFO]: Waiting for pending navigations...
[4.221][DEBUG]: DEVTOOLS COMMAND Runtime.evaluate (id=26) {
   "expression": "1"
}
[4.233][DEBUG]: DEVTOOLS RESPONSE Runtime.evaluate (id=26) {
   "result": {
      "description": "1",
      "type": "number",
      "value": 1
   }
}
[4.233][INFO]: Done waiting for pending navigations. Status: ok
[4.233][INFO]: RESPONSE FindElements [ {
   "ELEMENT": "0.5531478491838029-1"
} ]
[4.239][INFO]: COMMAND IsElementDisplayed {
   "id": "0.5531478491838029-1"
}
[4.239][INFO]: Waiting for pending navigations...
[4.239][DEBUG]: DEVTOOLS COMMAND Runtime.evaluate (id=27) {
   "expression": "1"
}
[4.240][DEBUG]: DEVTOOLS RESPONSE Runtime.evaluate (id=27) {
   "result": {
      "description": "1",
      "type": "number",
      "value": 1
   }
}
[4.240][INFO]: Done waiting for pending navigations. Status: ok
[4.242][DEBUG]: DEVTOOLS COMMAND Runtime.evaluate (id=28) {
   "expression": "(function() { // Copyright (c) 2012 The Chromium Authors. All rights reserved.\n// Use of this source code is governed by a BSD-style license that can be\n// found in the LICENSE file.\n\n/**\n * Enum f...",
   "returnByValue": true
}
[4.273][DEBUG]: DEVTOOLS RESPONSE Runtime.evaluate (id=28) {
   "result": {
      "type": "object",
      "value": {
         "status": 0,
         "value": true
      }
   }
}
[4.273][INFO]: Waiting for pending navigations...
[4.274][DEBUG]: DEVTOOLS COMMAND Runtime.evaluate (id=29) {
   "expression": "1"
}
[4.276][DEBUG]: DEVTOOLS RESPONSE Runtime.evaluate (id=29) {
   "result": {
      "description": "1",
      "type": "number",
      "value": 1
   }
}
[4.276][INFO]: Done waiting for pending navigations. Status: ok
[4.276][INFO]: RESPONSE IsElementDisplayed true
[4.282][INFO]: COMMAND FindChildElements {
   "id": "0.5531478491838029-1",
   "using": "css selector",
   "value": "textarea#source"
}
[4.282][INFO]: Waiting for pending navigations...
[4.282][DEBUG]: DEVTOOLS COMMAND Runtime.evaluate (id=30) {
   "expression": "1"
}
[4.282][DEBUG]: DEVTOOLS RESPONSE Runtime.evaluate (id=30) {
   "result": {
      "description": "1",
      "type": "number",
      "value": 1
   }
}
[4.282][INFO]: Done waiting for pending navigations. Status: ok
[4.293][DEBUG]: DEVTOOLS COMMAND Runtime.evaluate (id=31) {
   "expression": "(function() { // Copyright (c) 2012 The Chromium Authors. All rights reserved.\n// Use of this source code is governed by a BSD-style license that can be\n// found in the LICENSE file.\n\n/**\n * Enum f...",
   "returnByValue": true
}
[4.313][DEBUG]: DEVTOOLS RESPONSE Runtime.evaluate (id=31) {
   "result": {
      "type": "object",
      "value": {
         "status": 0,
         "value": [ {
            "ELEMENT": "0.5531478491838029-2"
         } ]
      }
   }
}
[4.313][INFO]: Waiting for pending navigations...
[4.313][DEBUG]: DEVTOOLS COMMAND Runtime.evaluate (id=32) {
   "expression": "1"
}
[4.314][DEBUG]: DEVTOOLS RESPONSE Runtime.evaluate (id=32) {
   "result": {
      "description": "1",
      "type": "number",
      "value": 1
   }
}
[4.314][INFO]: Done waiting for pending navigations. Status: ok
[4.314][INFO]: RESPONSE FindChildElements [ {
   "ELEMENT": "0.5531478491838029-2"
} ]
[4.318][INFO]: COMMAND IsElementDisplayed {
   "id": "0.5531478491838029-2"
}
[4.318][INFO]: Waiting for pending navigations...
[4.318][DEBUG]: DEVTOOLS COMMAND Runtime.evaluate (id=33) {
   "expression": "1"
}
[4.333][DEBUG]: DEVTOOLS RESPONSE Runtime.evaluate (id=33) {
   "result": {
      "description": "1",
      "type": "number",
      "value": 1
   }
}
[4.333][INFO]: Done waiting for pending navigations. Status: ok
[4.335][DEBUG]: DEVTOOLS COMMAND Runtime.evaluate (id=34) {
   "expression": "(function() { // Copyright (c) 2012 The Chromium Authors. All rights reserved.\n// Use of this source code is governed by a BSD-style license that can be\n// found in the LICENSE file.\n\n/**\n * Enum f...",
   "returnByValue": true
}
[4.360][DEBUG]: DEVTOOLS RESPONSE Runtime.evaluate (id=34) {
   "result": {
      "type": "object",
      "value": {
         "status": 0,
         "value": true
      }
   }
}
[4.360][INFO]: Waiting for pending navigations...
[4.360][DEBUG]: DEVTOOLS COMMAND Runtime.evaluate (id=35) {
   "expression": "1"
}
[4.372][DEBUG]: DEVTOOLS RESPONSE Runtime.evaluate (id=35) {
   "result": {
      "description": "1",
      "type": "number",
      "value": 1
   }
}
[4.372][INFO]: Done waiting for pending navigations. Status: ok
[4.372][INFO]: RESPONSE IsElementDisplayed true
[4.393][INFO]: COMMAND ClearElement {
   "id": "0.5531478491838029-2"
}
[4.393][INFO]: Waiting for pending navigations...
[4.393][DEBUG]: DEVTOOLS COMMAND Runtime.evaluate (id=36) {
   "expression": "1"
}
[4.399][DEBUG]: DEVTOOLS RESPONSE Runtime.evaluate (id=36) {
   "result": {
      "description": "1",
      "type": "number",
      "value": 1
   }
}
[4.399][INFO]: Done waiting for pending navigations. Status: ok
[4.402][DEBUG]: DEVTOOLS COMMAND Runtime.evaluate (id=37) {
   "expression": "(function() { // Copyright (c) 2012 The Chromium Authors. All rights reserved.\n// Use of this source code is governed by a BSD-style license that can be\n// found in the LICENSE file.\n\n/**\n * Enum f...",
   "returnByValue": true
}
[4.437][DEBUG]: DEVTOOLS RESPONSE Runtime.evaluate (id=37) {
   "result": {
      "type": "object",
      "value": {
         "status": 0,
         "value": null
      }
   }
}
[4.437][INFO]: Waiting for pending navigations...
[4.437][DEBUG]: DEVTOOLS COMMAND Runtime.evaluate (id=38) {
   "expression": "1"
}
[4.440][DEBUG]: DEVTOOLS RESPONSE Runtime.evaluate (id=38) {
   "result": {
      "description": "1",
      "type": "number",
      "value": 1
   }
}
[4.440][INFO]: Done waiting for pending navigations. Status: ok
[4.440][INFO]: RESPONSE ClearElement
[4.454][INFO]: COMMAND TypeElement {
   "id": "0.5531478491838029-2",
   "text": "12345",
   "value": [ "1", "2", "3", "4", "5" ]
}
[4.454][INFO]: Waiting for pending navigations...
[4.454][DEBUG]: DEVTOOLS COMMAND Runtime.evaluate (id=39) {
   "expression": "1"
}
[4.457][DEBUG]: DEVTOOLS RESPONSE Runtime.evaluate (id=39) {
   "result": {
      "description": "1",
      "type": "number",
      "value": 1
   }
}
[4.457][INFO]: Done waiting for pending navigations. Status: ok
[4.458][DEBUG]: DEVTOOLS COMMAND Runtime.evaluate (id=40) {
   "expression": "(function() { // Copyright (c) 2012 The Chromium Authors. All rights reserved.\n// Use of this source code is governed by a BSD-style license that can be\n// found in the LICENSE file.\n\n/**\n * Enum f...",
   "returnByValue": true
}
[4.462][DEBUG]: DEVTOOLS RESPONSE Runtime.evaluate (id=40) {
   "result": {
      "type": "object",
      "value": {
         "status": 0,
         "value": "TEXTAREA"
      }
   }
}
[4.463][DEBUG]: DEVTOOLS COMMAND Runtime.evaluate (id=41) {
   "expression": "(function() { // Copyright (c) 2012 The Chromium Authors. All rights reserved.\n// Use of this source code is governed by a BSD-style license that can be\n// found in the LICENSE file.\n\n/**\n * Enum f...",
   "returnByValue": true
}
[4.467][DEBUG]: DEVTOOLS RESPONSE Runtime.evaluate (id=41) {
   "result": {
      "type": "object",
      "value": {
         "status": 0,
         "value": "textarea"
      }
   }
}
[4.473][DEBUG]: DEVTOOLS COMMAND Runtime.evaluate (id=42) {
   "expression": "(function() { // Copyright (c) 2012 The Chromium Authors. All rights reserved.\n// Use of this source code is governed by a BSD-style license that can be\n// found in the LICENSE file.\n\n/**\n * Enum f...",
   "returnByValue": true
}
[4.487][DEBUG]: DEVTOOLS RESPONSE Runtime.evaluate (id=42) {
   "result": {
      "type": "object",
      "value": {
         "status": 0,
         "value": true
      }
   }
}
[4.488][DEBUG]: DEVTOOLS COMMAND Runtime.evaluate (id=43) {
   "expression": "(function() { // Copyright (c) 2012 The Chromium Authors. All rights reserved.\n// Use of this source code is governed by a BSD-style license that can be\n// found in the LICENSE file.\n\n/**\n * Enum f...",
   "returnByValue": true
}
[4.500][DEBUG]: DEVTOOLS RESPONSE Runtime.evaluate (id=43) {
   "result": {
      "type": "object",
      "value": {
         "status": 0,
         "value": true
      }
   }
}
[4.500][DEBUG]: DEVTOOLS COMMAND Runtime.evaluate (id=44) {
   "expression": "(function() { // Copyright (c) 2012 The Chromium Authors. All rights reserved.\n// Use of this source code is governed by a BSD-style license that can be\n// found in the LICENSE file.\n\n/**\n * Enum f...",
   "returnByValue": true
}
[4.502][DEBUG]: DEVTOOLS RESPONSE Runtime.evaluate (id=44) {
   "result": {
      "type": "object",
      "value": {
         "status": 0,
         "value": null
      }
   }
}
[4.504][DEBUG]: DEVTOOLS COMMAND Input.dispatchKeyEvent (id=45) {
   "code": "Digit1",
   "key": "1",
   "modifiers": 0,
   "text": "1",
   "type": "rawKeyDown",
   "unmodifiedText": "1",
   "windowsVirtualKeyCode": 49
}
[4.516][DEBUG]: DEVTOOLS RESPONSE Input.dispatchKeyEvent (id=45) {

}
[4.516][DEBUG]: DEVTOOLS COMMAND Input.dispatchKeyEvent (id=46) {
   "code": "Digit1",
   "key": "1",
   "modifiers": 0,
   "text": "1",
   "type": "char",
   "unmodifiedText": "1",
   "windowsVirtualKeyCode": 49
}
[4.519][DEBUG]: DEVTOOLS RESPONSE Input.dispatchKeyEvent (id=46) {

}
[4.520][DEBUG]: DEVTOOLS COMMAND Input.dispatchKeyEvent (id=47) {
   "code": "Digit1",
   "key": "1",
   "modifiers": 0,
   "text": "1",
   "type": "keyUp",
   "unmodifiedText": "1",
   "windowsVirtualKeyCode": 49
}
[4.538][DEBUG]: DEVTOOLS RESPONSE Input.dispatchKeyEvent (id=47) {

}
[4.538][DEBUG]: DEVTOOLS COMMAND Input.dispatchKeyEvent (id=48) {
   "code": "Digit2",
   "key": "2",
   "modifiers": 0,
   "text": "2",
   "type": "rawKeyDown",
   "unmodifiedText": "2",
   "windowsVirtualKeyCode": 50
}
[4.538][DEBUG]: DEVTOOLS EVENT Page.lifecycleEvent {
   "frameId": "(211D593C42ABAF95B2DC3F49EADC78AC)",
   "name": "firstMeaningfulPaint",
   "timestamp": 5477.809075
}
[4.540][DEBUG]: DEVTOOLS EVENT DOM.childNodeCountUpdated {
   "childNodeCount": 33,
   "nodeId": 21
}
[4.554][DEBUG]: DEVTOOLS RESPONSE Input.dispatchKeyEvent (id=48) {

}
[4.554][DEBUG]: DEVTOOLS COMMAND Input.dispatchKeyEvent (id=49) {
   "code": "Digit2",
   "key": "2",
   "modifiers": 0,
   "text": "2",
   "type": "char",
   "unmodifiedText": "2",
   "windowsVirtualKeyCode": 50
}
[4.558][DEBUG]: DEVTOOLS RESPONSE Input.dispatchKeyEvent (id=49) {

}
[4.558][DEBUG]: DEVTOOLS COMMAND Input.dispatchKeyEvent (id=50) {
   "code": "Digit2",
   "key": "2",
   "modifiers": 0,
   "text": "2",
   "type": "keyUp",
   "unmodifiedText": "2",
   "windowsVirtualKeyCode": 50
}
[4.559][DEBUG]: DEVTOOLS RESPONSE Input.dispatchKeyEvent (id=50) {

}
[4.559][DEBUG]: DEVTOOLS COMMAND Input.dispatchKeyEvent (id=51) {
   "code": "Digit3",
   "key": "3",
   "modifiers": 0,
   "text": "3",
   "type": "rawKeyDown",
   "unmodifiedText": "3",
   "windowsVirtualKeyCode": 51
}
[4.563][DEBUG]: DEVTOOLS RESPONSE Input.dispatchKeyEvent (id=51) {

}
[4.563][DEBUG]: DEVTOOLS COMMAND Input.dispatchKeyEvent (id=52) {
   "code": "Digit3",
   "key": "3",
   "modifiers": 0,
   "text": "3",
   "type": "char",
   "unmodifiedText": "3",
   "windowsVirtualKeyCode": 51
}
[4.573][DEBUG]: DEVTOOLS RESPONSE Input.dispatchKeyEvent (id=52) {

}
[4.574][DEBUG]: DEVTOOLS COMMAND Input.dispatchKeyEvent (id=53) {
   "code": "Digit3",
   "key": "3",
   "modifiers": 0,
   "text": "3",
   "type": "keyUp",
   "unmodifiedText": "3",
   "windowsVirtualKeyCode": 51
}
[4.574][DEBUG]: DEVTOOLS RESPONSE Input.dispatchKeyEvent (id=53) {

}
[4.575][DEBUG]: DEVTOOLS COMMAND Input.dispatchKeyEvent (id=54) {
   "code": "Digit4",
   "key": "4",
   "modifiers": 0,
   "text": "4",
   "type": "rawKeyDown",
   "unmodifiedText": "4",
   "windowsVirtualKeyCode": 52
}
[4.580][DEBUG]: DEVTOOLS RESPONSE Input.dispatchKeyEvent (id=54) {

}
[4.580][DEBUG]: DEVTOOLS COMMAND Input.dispatchKeyEvent (id=55) {
   "code": "Digit4",
   "key": "4",
   "modifiers": 0,
   "text": "4",
   "type": "char",
   "unmodifiedText": "4",
   "windowsVirtualKeyCode": 52
}
[4.585][DEBUG]: DEVTOOLS RESPONSE Input.dispatchKeyEvent (id=55) {

}
[4.585][DEBUG]: DEVTOOLS COMMAND Input.dispatchKeyEvent (id=56) {
   "code": "Digit4",
   "key": "4",
   "modifiers": 0,
   "text": "4",
   "type": "keyUp",
   "unmodifiedText": "4",
   "windowsVirtualKeyCode": 52
}
[4.587][DEBUG]: DEVTOOLS EVENT DOM.childNodeCountUpdated {
   "childNodeCount": 32,
   "nodeId": 21
}
[4.594][DEBUG]: DEVTOOLS RESPONSE Input.dispatchKeyEvent (id=56) {

}
[4.594][DEBUG]: DEVTOOLS COMMAND Input.dispatchKeyEvent (id=57) {
   "code": "Digit5",
   "key": "5",
   "modifiers": 0,
   "text": "5",
   "type": "rawKeyDown",
   "unmodifiedText": "5",
   "windowsVirtualKeyCode": 53
}
[4.596][DEBUG]: DEVTOOLS RESPONSE Input.dispatchKeyEvent (id=57) {

}
[4.596][DEBUG]: DEVTOOLS COMMAND Input.dispatchKeyEvent (id=58) {
   "code": "Digit5",
   "key": "5",
   "modifiers": 0,
   "text": "5",
   "type": "char",
   "unmodifiedText": "5",
   "windowsVirtualKeyCode": 53
}
[4.598][DEBUG]: DEVTOOLS RESPONSE Input.dispatchKeyEvent (id=58) {

}
[4.598][DEBUG]: DEVTOOLS COMMAND Input.dispatchKeyEvent (id=59) {
   "code": "Digit5",
   "key": "5",
   "modifiers": 0,
   "text": "5",
   "type": "keyUp",
   "unmodifiedText": "5",
   "windowsVirtualKeyCode": 53
}
[4.599][DEBUG]: DEVTOOLS RESPONSE Input.dispatchKeyEvent (id=59) {

}
[4.599][INFO]: Waiting for pending navigations...
[4.599][DEBUG]: DEVTOOLS COMMAND Runtime.evaluate (id=60) {
   "expression": "1"
}
[4.613][DEBUG]: DEVTOOLS RESPONSE Runtime.evaluate (id=60) {
   "result": {
      "description": "1",
      "type": "number",
      "value": 1
   }
}
[4.614][INFO]: Done waiting for pending navigations. Status: ok
[4.614][INFO]: RESPONSE TypeElement
[4.632][INFO]: COMMAND Screenshot {

}
[4.632][INFO]: Waiting for pending navigations...
[4.632][DEBUG]: DEVTOOLS COMMAND Runtime.evaluate (id=61) {
   "expression": "1"
}
[4.633][DEBUG]: DEVTOOLS RESPONSE Runtime.evaluate (id=61) {
   "result": {
      "description": "1",
      "type": "number",
      "value": 1
   }
}
[4.633][INFO]: Done waiting for pending navigations. Status: ok
[4.633][DEBUG]: DevTools request: http://localhost:12017/json/activate/(211D593C42ABAF95B2DC3F49EADC78AC)
[4.634][DEBUG]: DevTools response: Target activated
[4.634][DEBUG]: DEVTOOLS COMMAND Page.captureScreenshot (id=62) {

}
[4.834][DEBUG]: DEVTOOLS RESPONSE Page.captureScreenshot (id=62) {
   "data": "iVBORw0KGgoAAAANSUhEUgAABVYAAAO+CAYAAADv/k7HAAAgAElEQVR4nOzdd3xUVf7/8ffU9ELvaOgtFBFQwVVQWQFxEVllXRTRta7KWlZXFMS17Ipt+ekKuCBKEZSlKCBfUYiFGhGJdBYIQggthLSBtJn7+yNmyKTOhCQzIa+nDx5m7j33nM+5M8k9+eTcc03p6..."
}
[4.834][INFO]: Waiting for pending navigations...
[4.834][DEBUG]: DEVTOOLS COMMAND Runtime.evaluate (id=63) {
   "expression": "1"
}
[4.835][DEBUG]: DEVTOOLS EVENT DOM.childNodeCountUpdated {
   "childNodeCount": 33,
   "nodeId": 21
}
[4.835][DEBUG]: DEVTOOLS EVENT DOM.childNodeCountUpdated {
   "childNodeCount": 32,
   "nodeId": 21
}
[4.842][DEBUG]: DEVTOOLS RESPONSE Runtime.evaluate (id=63) {
   "result": {
      "description": "1",
      "type": "number",
      "value": 1
   }
}
[4.842][INFO]: Done waiting for pending navigations. Status: ok
[4.842][INFO]: RESPONSE Screenshot "iVBORw0KGgoAAAANSUhEUgAABVYAAAO+CAYAAADv/k7HAAAgAElEQVR4nOzdd3xUVf7/8ffU9ELvaOgtFBFQwVVQWQFxEVllXRTRta7KWlZXFMS17Ipt+ekKuCBKEZSlKCBfUYiFGhGJdBYIQggthLSBtJn7+yNmyKTOhCQzIa+nDx5m7j33nM+5M8k9+eTcc03p6..."
[4.957][INFO]: COMMAND Navigate {
   "url": "https://translate.google.com/#en/es/Energy"
}
[4.957][INFO]: Waiting for pending navigations...
[4.957][DEBUG]: DEVTOOLS COMMAND Runtime.evaluate (id=64) {
   "expression": "1"
}
[4.979][DEBUG]: DEVTOOLS RESPONSE Runtime.evaluate (id=64) {
   "result": {
      "description": "1",
      "type": "number",
      "value": 1
   }
}
[4.979][INFO]: Done waiting for pending navigations. Status: ok
[4.980][DEBUG]: DEVTOOLS COMMAND Page.navigate (id=65) {
   "url": "https://translate.google.com/#en/es/Energy"
}
[5.029][DEBUG]: DEVTOOLS RESPONSE Page.navigate (id=65) {
   "frameId": "(211D593C42ABAF95B2DC3F49EADC78AC)"
}
[5.029][DEBUG]: DEVTOOLS COMMAND Runtime.evaluate (id=66) {
   "expression": "document.URL"
}
[5.063][DEBUG]: DEVTOOLS RESPONSE Runtime.evaluate (id=66) {
   "result": {
      "type": "string",
      "value": "https://translate.google.com/#en/es/Energy"
   }
}
[5.063][INFO]: Waiting for pending navigations...
[5.063][DEBUG]: DEVTOOLS COMMAND Runtime.evaluate (id=67) {
   "expression": "1"
}
[5.092][DEBUG]: DEVTOOLS RESPONSE Runtime.evaluate (id=67) {
   "result": {
      "description": "1",
      "type": "number",
      "value": 1
   }
}
[5.092][DEBUG]: DEVTOOLS COMMAND DOM.getDocument (id=68) {

}
[5.108][DEBUG]: DEVTOOLS RESPONSE DOM.getDocument (id=68) {
   "root": {
      "backendNodeId": 10,
      "baseURL": "https://translate.google.com/#en/es/Energy",
      "childNodeCount": 2,
      "children": [ {
         "backendNodeId": 11,
         "localName": "",
         "nodeId": 24,
         "nodeName": "html",
         "nodeType": 10,
         "nodeValue": "",
         "parentId": 23,
         "publicId": "",
         "systemId": ""
      }, {
         "attributes": [  ],
         "backendNodeId": 12,
         "childNodeCount": 2,
         "children": [ {
            "attributes": [  ],
            "backendNodeId": 13,
            "childNodeCount": 32,
            "localName": "head",
            "nodeId": 26,
            "nodeName": "HEAD",
            "nodeType": 1,
            "nodeValue": "",
            "parentId": 25
         }, {
            "attributes": [ "dir", "ltr", "onload", "window.jstiming.load['tick']('ol');", "class", "e_md pre-epu" ],
            "backendNodeId": 14,
            "childNodeCount": 21,
            "localName": "body",
            "nodeId": 27,
            "nodeName": "BODY",
            "nodeType": 1,
            "nodeValue": "",
            "parentId": 25
         } ],
         "frameId": "(211D593C42ABAF95B2DC3F49EADC78AC)",
         "localName": "html",
         "nodeId": 25,
         "nodeName": "HTML",
         "nodeType": 1,
         "nodeValue": "",
         "parentId": 23
      } ],
      "documentURL": "https://translate.google.com/#en/es/Energy",
      "localName": "",
      "nodeId": 23,
      "nodeName": "#document",
      "nodeType": 9,
      "nodeValue": "",
      "xmlVersion": ""
   }
}
[5.108][DEBUG]: DEVTOOLS COMMAND Runtime.evaluate (id=69) {
   "expression": "var isLoaded = document.readyState == 'complete' ||    document.readyState == 'interactive';if (isLoaded) {  var frame = document.createElement('iframe');  frame.name = 'chromedriver dummy frame'; ..."
}
[5.163][DEBUG]: DEVTOOLS EVENT DOM.childNodeCountUpdated {
   "childNodeCount": 22,
   "nodeId": 27
}
[5.163][DEBUG]: DEVTOOLS EVENT Page.frameAttached {
   "frameId": "(C9EA75591385CAEFD0A0830A7383D54)",
   "parentFrameId": "(211D593C42ABAF95B2DC3F49EADC78AC)",
   "stack": {
      "callFrames": [ {
         "columnNumber": 240,
         "functionName": "",
         "lineNumber": 0,
         "scriptId": "81",
         "url": ""
      } ]
   }
}
[5.163][DEBUG]: DEVTOOLS EVENT Page.lifecycleEvent {
   "frameId": "(C9EA75591385CAEFD0A0830A7383D54)",
   "name": "DOMContentLoaded",
   "timestamp": 5479.169085
}
[5.163][DEBUG]: DEVTOOLS EVENT Page.frameStartedLoading {
   "frameId": "(C9EA75591385CAEFD0A0830A7383D54)"
}
[5.163][DEBUG]: DEVTOOLS EVENT Page.lifecycleEvent {
   "frameId": "(C9EA75591385CAEFD0A0830A7383D54)",
   "name": "commit",
   "timestamp": 5479.169366
}
[5.163][DEBUG]: DEVTOOLS EVENT Page.frameNavigated {
   "frame": {
      "id": "(C9EA75591385CAEFD0A0830A7383D54)",
      "loaderId": "465.3",
      "mimeType": "text/html",
      "name": "chromedriver dummy frame",
      "parentId": "(211D593C42ABAF95B2DC3F49EADC78AC)",
      "securityOrigin": "://",
      "url": "about:blank"
   }
}
[5.297][DEBUG]: DEVTOOLS EVENT Runtime.executionContextCreated {
   "context": {
      "auxData": {
         "frameId": "(C9EA75591385CAEFD0A0830A7383D54)",
         "isDefault": true
      },
      "id": 4,
      "name": "",
      "origin": "https://translate.google.com"
   }
}
[5.297][DEBUG]: DEVTOOLS EVENT Page.lifecycleEvent {
   "frameId": "(C9EA75591385CAEFD0A0830A7383D54)",
   "name": "load",
   "timestamp": 5479.18261
}
[5.297][DEBUG]: DEVTOOLS EVENT Page.frameStoppedLoading {
   "frameId": "(C9EA75591385CAEFD0A0830A7383D54)"
}
[5.297][DEBUG]: DEVTOOLS EVENT Page.lifecycleEvent {
   "frameId": "(C9EA75591385CAEFD0A0830A7383D54)",
   "name": "DOMContentLoaded",
   "timestamp": 5479.183092
}
[5.297][DEBUG]: DEVTOOLS RESPONSE Runtime.evaluate (id=69) {
   "result": {
      "description": "57",
      "type": "number",
      "value": 57
   }
}
[5.297][INFO]: Done waiting for pending navigations. Status: ok
[5.297][INFO]: RESPONSE Navigate
[5.302][INFO]: COMMAND FindElements {
   "using": "css selector",
   "value": "#gt-src-c"
}
[5.302][INFO]: Waiting for pending navigations...
[5.302][DEBUG]: DEVTOOLS COMMAND Runtime.evaluate (id=70) {
   "expression": "1"
}
[5.303][DEBUG]: DEVTOOLS EVENT DOM.childNodeCountUpdated {
   "childNodeCount": 21,
   "nodeId": 27
}
[5.303][DEBUG]: DEVTOOLS EVENT Runtime.executionContextDestroyed {
   "executionContextId": 4
}
[5.303][DEBUG]: DEVTOOLS EVENT Page.frameDetached {
   "frameId": "(C9EA75591385CAEFD0A0830A7383D54)"
}
[5.344][DEBUG]: DEVTOOLS RESPONSE Runtime.evaluate (id=70) {
   "result": {
      "description": "1",
      "type": "number",
      "value": 1
   }
}
[5.344][INFO]: Done waiting for pending navigations. Status: ok
[5.346][DEBUG]: DEVTOOLS COMMAND Runtime.evaluate (id=71) {
   "expression": "(function() { // Copyright (c) 2012 The Chromium Authors. All rights reserved.\n// Use of this source code is governed by a BSD-style license that can be\n// found in the LICENSE file.\n\n/**\n * Enum f...",
   "returnByValue": true
}
[5.361][DEBUG]: DEVTOOLS RESPONSE Runtime.evaluate (id=71) {
   "result": {
      "type": "object",
      "value": {
         "status": 0,
         "value": [ {
            "ELEMENT": "0.5531478491838029-1"
         } ]
      }
   }
}
[5.361][INFO]: Waiting for pending navigations...
[5.361][DEBUG]: DEVTOOLS COMMAND Runtime.evaluate (id=72) {
   "expression": "1"
}
[5.361][DEBUG]: DEVTOOLS RESPONSE Runtime.evaluate (id=72) {
   "result": {
      "description": "1",
      "type": "number",
      "value": 1
   }
}
[5.361][INFO]: Done waiting for pending navigations. Status: ok
[5.361][INFO]: RESPONSE FindElements [ {
   "ELEMENT": "0.5531478491838029-1"
} ]
[5.374][INFO]: COMMAND IsElementDisplayed {
   "id": "0.5531478491838029-1"
}
[5.374][INFO]: Waiting for pending navigations...
[5.374][DEBUG]: DEVTOOLS COMMAND Runtime.evaluate (id=73) {
   "expression": "1"
}
[5.374][DEBUG]: DEVTOOLS RESPONSE Runtime.evaluate (id=73) {
   "result": {
      "description": "1",
      "type": "number",
      "value": 1
   }
}
[5.375][INFO]: Done waiting for pending navigations. Status: ok
[5.377][DEBUG]: DEVTOOLS COMMAND Runtime.evaluate (id=74) {
   "expression": "(function() { // Copyright (c) 2012 The Chromium Authors. All rights reserved.\n// Use of this source code is governed by a BSD-style license that can be\n// found in the LICENSE file.\n\n/**\n * Enum f...",
   "returnByValue": true
}
[5.381][DEBUG]: DEVTOOLS RESPONSE Runtime.evaluate (id=74) {
   "result": {
      "type": "object",
      "value": {
         "status": 0,
         "value": true
      }
   }
}
[5.381][INFO]: Waiting for pending navigations...
[5.381][DEBUG]: DEVTOOLS COMMAND Runtime.evaluate (id=75) {
   "expression": "1"
}
[5.382][DEBUG]: DEVTOOLS RESPONSE Runtime.evaluate (id=75) {
   "result": {
      "description": "1",
      "type": "number",
      "value": 1
   }
}
[5.382][INFO]: Done waiting for pending navigations. Status: ok
[5.382][INFO]: RESPONSE IsElementDisplayed true
[5.392][INFO]: COMMAND FindChildElements {
   "id": "0.5531478491838029-1",
   "using": "css selector",
   "value": "textarea#source"
}
[5.392][INFO]: Waiting for pending navigations...
[5.392][DEBUG]: DEVTOOLS COMMAND Runtime.evaluate (id=76) {
   "expression": "1"
}
[5.393][DEBUG]: DEVTOOLS RESPONSE Runtime.evaluate (id=76) {
   "result": {
      "description": "1",
      "type": "number",
      "value": 1
   }
}
[5.393][INFO]: Done waiting for pending navigations. Status: ok
[5.395][DEBUG]: DEVTOOLS COMMAND Runtime.evaluate (id=77) {
   "expression": "(function() { // Copyright (c) 2012 The Chromium Authors. All rights reserved.\n// Use of this source code is governed by a BSD-style license that can be\n// found in the LICENSE file.\n\n/**\n * Enum f...",
   "returnByValue": true
}
[5.399][DEBUG]: DEVTOOLS RESPONSE Runtime.evaluate (id=77) {
   "result": {
      "type": "object",
      "value": {
         "status": 0,
         "value": [ {
            "ELEMENT": "0.5531478491838029-2"
         } ]
      }
   }
}
[5.399][INFO]: Waiting for pending navigations...
[5.399][DEBUG]: DEVTOOLS COMMAND Runtime.evaluate (id=78) {
   "expression": "1"
}
[5.400][DEBUG]: DEVTOOLS RESPONSE Runtime.evaluate (id=78) {
   "result": {
      "description": "1",
      "type": "number",
      "value": 1
   }
}
[5.400][INFO]: Done waiting for pending navigations. Status: ok
[5.400][INFO]: RESPONSE FindChildElements [ {
   "ELEMENT": "0.5531478491838029-2"
} ]
[5.403][INFO]: COMMAND IsElementDisplayed {
   "id": "0.5531478491838029-2"
}
[5.403][INFO]: Waiting for pending navigations...
[5.403][DEBUG]: DEVTOOLS COMMAND Runtime.evaluate (id=79) {
   "expression": "1"
}
[5.404][DEBUG]: DEVTOOLS RESPONSE Runtime.evaluate (id=79) {
   "result": {
      "description": "1",
      "type": "number",
      "value": 1
   }
}
[5.404][INFO]: Done waiting for pending navigations. Status: ok
[5.405][DEBUG]: DEVTOOLS COMMAND Runtime.evaluate (id=80) {
   "expression": "(function() { // Copyright (c) 2012 The Chromium Authors. All rights reserved.\n// Use of this source code is governed by a BSD-style license that can be\n// found in the LICENSE file.\n\n/**\n * Enum f...",
   "returnByValue": true
}
[5.415][DEBUG]: DEVTOOLS RESPONSE Runtime.evaluate (id=80) {
   "result": {
      "type": "object",
      "value": {
         "status": 0,
         "value": true
      }
   }
}
[5.415][INFO]: Waiting for pending navigations...
[5.415][DEBUG]: DEVTOOLS COMMAND Runtime.evaluate (id=81) {
   "expression": "1"
}
[5.415][DEBUG]: DEVTOOLS RESPONSE Runtime.evaluate (id=81) {
   "result": {
      "description": "1",
      "type": "number",
      "value": 1
   }
}
[5.415][INFO]: Done waiting for pending navigations. Status: ok
[5.415][INFO]: RESPONSE IsElementDisplayed true
[5.420][INFO]: COMMAND ClearElement {
   "id": "0.5531478491838029-2"
}
[5.420][INFO]: Waiting for pending navigations...
[5.420][DEBUG]: DEVTOOLS COMMAND Runtime.evaluate (id=82) {
   "expression": "1"
}
[5.421][DEBUG]: DEVTOOLS RESPONSE Runtime.evaluate (id=82) {
   "result": {
      "description": "1",
      "type": "number",
      "value": 1
   }
}
[5.421][INFO]: Done waiting for pending navigations. Status: ok
[5.423][DEBUG]: DEVTOOLS COMMAND Runtime.evaluate (id=83) {
   "expression": "(function() { // Copyright (c) 2012 The Chromium Authors. All rights reserved.\n// Use of this source code is governed by a BSD-style license that can be\n// found in the LICENSE file.\n\n/**\n * Enum f...",
   "returnByValue": true
}
[5.435][DEBUG]: DEVTOOLS RESPONSE Runtime.evaluate (id=83) {
   "result": {
      "type": "object",
      "value": {
         "status": 0,
         "value": null
      }
   }
}
[5.435][INFO]: Waiting for pending navigations...
[5.435][DEBUG]: DEVTOOLS COMMAND Runtime.evaluate (id=84) {
   "expression": "1"
}
[5.441][DEBUG]: DEVTOOLS RESPONSE Runtime.evaluate (id=84) {
   "result": {
      "description": "1",
      "type": "number",
      "value": 1
   }
}
[5.441][INFO]: Done waiting for pending navigations. Status: ok
[5.441][INFO]: RESPONSE ClearElement
[5.456][INFO]: COMMAND TypeElement {
   "id": "0.5531478491838029-2",
   "text": "12345",
   "value": [ "1", "2", "3", "4", "5" ]
}
[5.456][INFO]: Waiting for pending navigations...
[5.456][DEBUG]: DEVTOOLS COMMAND Runtime.evaluate (id=85) {
   "expression": "1"
}
[5.456][DEBUG]: DEVTOOLS RESPONSE Runtime.evaluate (id=85) {
   "result": {
      "description": "1",
      "type": "number",
      "value": 1
   }
}
[5.456][INFO]: Done waiting for pending navigations. Status: ok
[5.457][DEBUG]: DEVTOOLS COMMAND Runtime.evaluate (id=86) {
   "expression": "(function() { // Copyright (c) 2012 The Chromium Authors. All rights reserved.\n// Use of this source code is governed by a BSD-style license that can be\n// found in the LICENSE file.\n\n/**\n * Enum f...",
   "returnByValue": true
}
[5.458][DEBUG]: DEVTOOLS RESPONSE Runtime.evaluate (id=86) {
   "result": {
      "type": "object",
      "value": {
         "status": 0,
         "value": "TEXTAREA"
      }
   }
}
[5.459][DEBUG]: DEVTOOLS COMMAND Runtime.evaluate (id=87) {
   "expression": "(function() { // Copyright (c) 2012 The Chromium Authors. All rights reserved.\n// Use of this source code is governed by a BSD-style license that can be\n// found in the LICENSE file.\n\n/**\n * Enum f...",
   "returnByValue": true
}
[5.460][DEBUG]: DEVTOOLS RESPONSE Runtime.evaluate (id=87) {
   "result": {
      "type": "object",
      "value": {
         "status": 0,
         "value": "textarea"
      }
   }
}
[5.463][DEBUG]: DEVTOOLS COMMAND Runtime.evaluate (id=88) {
   "expression": "(function() { // Copyright (c) 2012 The Chromium Authors. All rights reserved.\n// Use of this source code is governed by a BSD-style license that can be\n// found in the LICENSE file.\n\n/**\n * Enum f...",
   "returnByValue": true
}
[5.476][DEBUG]: DEVTOOLS RESPONSE Runtime.evaluate (id=88) {
   "result": {
      "type": "object",
      "value": {
         "status": 0,
         "value": true
      }
   }
}
[5.478][DEBUG]: DEVTOOLS COMMAND Runtime.evaluate (id=89) {
   "expression": "(function() { // Copyright (c) 2012 The Chromium Authors. All rights reserved.\n// Use of this source code is governed by a BSD-style license that can be\n// found in the LICENSE file.\n\n/**\n * Enum f...",
   "returnByValue": true
}
[5.481][DEBUG]: DEVTOOLS RESPONSE Runtime.evaluate (id=89) {
   "result": {
      "type": "object",
      "value": {
         "status": 0,
         "value": true
      }
   }
}
[5.482][DEBUG]: DEVTOOLS COMMAND Runtime.evaluate (id=90) {
   "expression": "(function() { // Copyright (c) 2012 The Chromium Authors. All rights reserved.\n// Use of this source code is governed by a BSD-style license that can be\n// found in the LICENSE file.\n\n/**\n * Enum f...",
   "returnByValue": true
}
[5.483][DEBUG]: DEVTOOLS RESPONSE Runtime.evaluate (id=90) {
   "result": {
      "type": "object",
      "value": {
         "status": 0,
         "value": null
      }
   }
}
[5.483][DEBUG]: DEVTOOLS COMMAND Input.dispatchKeyEvent (id=91) {
   "code": "Digit1",
   "key": "1",
   "modifiers": 0,
   "text": "1",
   "type": "rawKeyDown",
   "unmodifiedText": "1",
   "windowsVirtualKeyCode": 49
}
[5.484][DEBUG]: DEVTOOLS RESPONSE Input.dispatchKeyEvent (id=91) {

}
[5.484][DEBUG]: DEVTOOLS COMMAND Input.dispatchKeyEvent (id=92) {
   "code": "Digit1",
   "key": "1",
   "modifiers": 0,
   "text": "1",
   "type": "char",
   "unmodifiedText": "1",
   "windowsVirtualKeyCode": 49
}
[5.486][DEBUG]: DEVTOOLS RESPONSE Input.dispatchKeyEvent (id=92) {

}
[5.486][DEBUG]: DEVTOOLS COMMAND Input.dispatchKeyEvent (id=93) {
   "code": "Digit1",
   "key": "1",
   "modifiers": 0,
   "text": "1",
   "type": "keyUp",
   "unmodifiedText": "1",
   "windowsVirtualKeyCode": 49
}
[5.494][DEBUG]: DEVTOOLS RESPONSE Input.dispatchKeyEvent (id=93) {

}
[5.494][DEBUG]: DEVTOOLS COMMAND Input.dispatchKeyEvent (id=94) {
   "code": "Digit2",
   "key": "2",
   "modifiers": 0,
   "text": "2",
   "type": "rawKeyDown",
   "unmodifiedText": "2",
   "windowsVirtualKeyCode": 50
}
[5.496][DEBUG]: DEVTOOLS EVENT DOM.childNodeCountUpdated {
   "childNodeCount": 33,
   "nodeId": 26
}
[5.496][DEBUG]: DEVTOOLS RESPONSE Input.dispatchKeyEvent (id=94) {

}
[5.496][DEBUG]: DEVTOOLS COMMAND Input.dispatchKeyEvent (id=95) {
   "code": "Digit2",
   "key": "2",
   "modifiers": 0,
   "text": "2",
   "type": "char",
   "unmodifiedText": "2",
   "windowsVirtualKeyCode": 50
}
[5.498][DEBUG]: DEVTOOLS RESPONSE Input.dispatchKeyEvent (id=95) {

}
[5.498][DEBUG]: DEVTOOLS COMMAND Input.dispatchKeyEvent (id=96) {
   "code": "Digit2",
   "key": "2",
   "modifiers": 0,
   "text": "2",
   "type": "keyUp",
   "unmodifiedText": "2",
   "windowsVirtualKeyCode": 50
}
[5.499][DEBUG]: DEVTOOLS RESPONSE Input.dispatchKeyEvent (id=96) {

}
[5.499][DEBUG]: DEVTOOLS COMMAND Input.dispatchKeyEvent (id=97) {
   "code": "Digit3",
   "key": "3",
   "modifiers": 0,
   "text": "3",
   "type": "rawKeyDown",
   "unmodifiedText": "3",
   "windowsVirtualKeyCode": 51
}
[5.500][DEBUG]: DEVTOOLS RESPONSE Input.dispatchKeyEvent (id=97) {

}
[5.500][DEBUG]: DEVTOOLS COMMAND Input.dispatchKeyEvent (id=98) {
   "code": "Digit3",
   "key": "3",
   "modifiers": 0,
   "text": "3",
   "type": "char",
   "unmodifiedText": "3",
   "windowsVirtualKeyCode": 51
}
[5.514][DEBUG]: DEVTOOLS RESPONSE Input.dispatchKeyEvent (id=98) {

}
[5.514][DEBUG]: DEVTOOLS COMMAND Input.dispatchKeyEvent (id=99) {
   "code": "Digit3",
   "key": "3",
   "modifiers": 0,
   "text": "3",
   "type": "keyUp",
   "unmodifiedText": "3",
   "windowsVirtualKeyCode": 51
}
[5.520][DEBUG]: DEVTOOLS RESPONSE Input.dispatchKeyEvent (id=99) {

}
[5.520][DEBUG]: DEVTOOLS COMMAND Input.dispatchKeyEvent (id=100) {
   "code": "Digit4",
   "key": "4",
   "modifiers": 0,
   "text": "4",
   "type": "rawKeyDown",
   "unmodifiedText": "4",
   "windowsVirtualKeyCode": 52
}
[5.520][DEBUG]: DEVTOOLS EVENT DOM.childNodeCountUpdated {
   "childNodeCount": 32,
   "nodeId": 26
}
[5.522][DEBUG]: DEVTOOLS RESPONSE Input.dispatchKeyEvent (id=100) {

}
[5.522][DEBUG]: DEVTOOLS COMMAND Input.dispatchKeyEvent (id=101) {
   "code": "Digit4",
   "key": "4",
   "modifiers": 0,
   "text": "4",
   "type": "char",
   "unmodifiedText": "4",
   "windowsVirtualKeyCode": 52
}
[5.534][DEBUG]: DEVTOOLS RESPONSE Input.dispatchKeyEvent (id=101) {

}
[5.534][DEBUG]: DEVTOOLS COMMAND Input.dispatchKeyEvent (id=102) {
   "code": "Digit4",
   "key": "4",
   "modifiers": 0,
   "text": "4",
   "type": "keyUp",
   "unmodifiedText": "4",
   "windowsVirtualKeyCode": 52
}
[5.535][DEBUG]: DEVTOOLS RESPONSE Input.dispatchKeyEvent (id=102) {

}
[5.535][DEBUG]: DEVTOOLS COMMAND Input.dispatchKeyEvent (id=103) {
   "code": "Digit5",
   "key": "5",
   "modifiers": 0,
   "text": "5",
   "type": "rawKeyDown",
   "unmodifiedText": "5",
   "windowsVirtualKeyCode": 53
}
[5.539][DEBUG]: DEVTOOLS RESPONSE Input.dispatchKeyEvent (id=103) {

}
[5.539][DEBUG]: DEVTOOLS COMMAND Input.dispatchKeyEvent (id=104) {
   "code": "Digit5",
   "key": "5",
   "modifiers": 0,
   "text": "5",
   "type": "char",
   "unmodifiedText": "5",
   "windowsVirtualKeyCode": 53
}
[5.541][DEBUG]: DEVTOOLS RESPONSE Input.dispatchKeyEvent (id=104) {

}
[5.541][DEBUG]: DEVTOOLS COMMAND Input.dispatchKeyEvent (id=105) {
   "code": "Digit5",
   "key": "5",
   "modifiers": 0,
   "text": "5",
   "type": "keyUp",
   "unmodifiedText": "5",
   "windowsVirtualKeyCode": 53
}
[5.542][DEBUG]: DEVTOOLS RESPONSE Input.dispatchKeyEvent (id=105) {

}
[5.542][INFO]: Waiting for pending navigations...
[5.542][DEBUG]: DEVTOOLS COMMAND Runtime.evaluate (id=106) {
   "expression": "1"
}
[5.544][DEBUG]: DEVTOOLS RESPONSE Runtime.evaluate (id=106) {
   "result": {
      "description": "1",
      "type": "number",
      "value": 1
   }
}
[5.544][INFO]: Done waiting for pending navigations. Status: ok
[5.544][INFO]: RESPONSE TypeElement
[5.553][INFO]: COMMAND Screenshot {

}
[5.553][INFO]: Waiting for pending navigations...
[5.553][DEBUG]: DEVTOOLS COMMAND Runtime.evaluate (id=107) {
   "expression": "1"
}
[5.557][DEBUG]: DEVTOOLS RESPONSE Runtime.evaluate (id=107) {
   "result": {
      "description": "1",
      "type": "number",
      "value": 1
   }
}
[5.557][INFO]: Done waiting for pending navigations. Status: ok
[5.557][DEBUG]: DevTools request: http://localhost:12017/json/activate/(211D593C42ABAF95B2DC3F49EADC78AC)
[5.558][DEBUG]: DevTools response: Target activated
[5.558][DEBUG]: DEVTOOLS COMMAND Page.captureScreenshot (id=108) {

}
[5.777][DEBUG]: DEVTOOLS RESPONSE Page.captureScreenshot (id=108) {
   "data": "iVBORw0KGgoAAAANSUhEUgAABVYAAAO+CAYAAADv/k7HAAAgAElEQVR4nOzdd3xUVf7/8ffU9ELvaOgtFBFQwVVQWQFxEVllXRTRta7KWlZXFMS17Ipt+ekKuCBKEZSlKCBfUYiFGhGJdBYIQggthLSBtJn7+yNmyKTOhCQzIa+nDx5m7j33nM+5M8k9+eTcc03p6..."
}
[5.777][INFO]: Waiting for pending navigations...
[5.777][DEBUG]: DEVTOOLS COMMAND Runtime.evaluate (id=109) {
   "expression": "1"
}
[5.778][DEBUG]: DEVTOOLS EVENT DOM.childNodeCountUpdated {
   "childNodeCount": 33,
   "nodeId": 26
}
[5.778][DEBUG]: DEVTOOLS EVENT DOM.childNodeCountUpdated {
   "childNodeCount": 32,
   "nodeId": 26
}
[5.778][DEBUG]: DEVTOOLS RESPONSE Runtime.evaluate (id=109) {
   "result": {
      "description": "1",
      "type": "number",
      "value": 1
   }
}
[5.778][INFO]: Done waiting for pending navigations. Status: ok
[5.779][INFO]: RESPONSE Screenshot "iVBORw0KGgoAAAANSUhEUgAABVYAAAO+CAYAAADv/k7HAAAgAElEQVR4nOzdd3xUVf7/8ffU9ELvaOgtFBFQwVVQWQFxEVllXRTRta7KWlZXFMS17Ipt+ekKuCBKEZSlKCBfUYiFGhGJdBYIQggthLSBtJn7+yNmyKTOhCQzIa+nDx5m7j33nM+5M8k9+eTcc03p6..."
[5.832][INFO]: COMMAND Navigate {
   "url": "https://translate.google.com/#en/es/Energy"
}
[5.832][INFO]: Waiting for pending navigations...
[5.832][DEBUG]: DEVTOOLS COMMAND Runtime.evaluate (id=110) {
   "expression": "1"
}
[5.833][DEBUG]: DEVTOOLS RESPONSE Runtime.evaluate (id=110) {
   "result": {
      "description": "1",
      "type": "number",
      "value": 1
   }
}
[5.833][INFO]: Done waiting for pending navigations. Status: ok
[5.833][DEBUG]: DEVTOOLS COMMAND Page.navigate (id=111) {
   "url": "https://translate.google.com/#en/es/Energy"
}
[5.841][DEBUG]: DEVTOOLS EVENT Page.frameStartedLoading {
   "frameId": "(211D593C42ABAF95B2DC3F49EADC78AC)"
}
[5.841][DEBUG]: DEVTOOLS RESPONSE Page.navigate (id=111) {
   "frameId": "(211D593C42ABAF95B2DC3F49EADC78AC)"
}
[5.841][INFO]: Waiting for pending navigations...
[5.841][DEBUG]: DEVTOOLS COMMAND Runtime.evaluate (id=112) {
   "expression": "1"
}
[5.843][DEBUG]: DEVTOOLS RESPONSE Runtime.evaluate (id=112) {
   "result": {
      "description": "1",
      "type": "number",
      "value": 1
   }
}
[5.861][DEBUG]: DEVTOOLS EVENT Page.frameStoppedLoading {
   "frameId": "(211D593C42ABAF95B2DC3F49EADC78AC)"
}
[5.861][DEBUG]: DEVTOOLS COMMAND Runtime.evaluate (id=113) {
   "expression": "1"
}
[5.882][DEBUG]: DEVTOOLS RESPONSE Runtime.evaluate (id=113) {
   "result": {
      "description": "1",
      "type": "number",
      "value": 1
   }
}
[5.882][INFO]: Done waiting for pending navigations. Status: ok
[5.882][INFO]: RESPONSE Navigate
[5.894][INFO]: COMMAND FindElements {
   "using": "css selector",
   "value": "#gt-src-c"
}
[5.894][INFO]: Waiting for pending navigations...
[5.894][DEBUG]: DEVTOOLS COMMAND Runtime.evaluate (id=114) {
   "expression": "1"
}
[5.942][DEBUG]: DEVTOOLS EVENT Page.lifecycleEvent {
   "frameId": "(211D593C42ABAF95B2DC3F49EADC78AC)",
   "name": "networkAlmostIdle",
   "timestamp": 5479.134306
}
[5.942][DEBUG]: DEVTOOLS RESPONSE Runtime.evaluate (id=114) {
   "result": {
      "description": "1",
      "type": "number",
      "value": 1
   }
}
[5.942][INFO]: Done waiting for pending navigations. Status: ok
[5.944][DEBUG]: DEVTOOLS COMMAND Runtime.evaluate (id=115) {
   "expression": "(function() { // Copyright (c) 2012 The Chromium Authors. All rights reserved.\n// Use of this source code is governed by a BSD-style license that can be\n// found in the LICENSE file.\n\n/**\n * Enum f...",
   "returnByValue": true
}
[5.960][DEBUG]: DEVTOOLS RESPONSE Runtime.evaluate (id=115) {
   "result": {
      "type": "object",
      "value": {
         "status": 0,
         "value": [ {
            "ELEMENT": "0.5531478491838029-1"
         } ]
      }
   }
}
[5.960][INFO]: Waiting for pending navigations...
[5.960][DEBUG]: DEVTOOLS COMMAND Runtime.evaluate (id=116) {
   "expression": "1"
}
[5.964][DEBUG]: DEVTOOLS RESPONSE Runtime.evaluate (id=116) {
   "result": {
      "description": "1",
      "type": "number",
      "value": 1
   }
}
[5.964][INFO]: Done waiting for pending navigations. Status: ok
[5.964][INFO]: RESPONSE FindElements [ {
   "ELEMENT": "0.5531478491838029-1"
} ]
[5.973][INFO]: COMMAND IsElementDisplayed {
   "id": "0.5531478491838029-1"
}
[5.973][INFO]: Waiting for pending navigations...
[5.973][DEBUG]: DEVTOOLS COMMAND Runtime.evaluate (id=117) {
   "expression": "1"
}
[5.976][DEBUG]: DEVTOOLS RESPONSE Runtime.evaluate (id=117) {
   "result": {
      "description": "1",
      "type": "number",
      "value": 1
   }
}
[5.976][INFO]: Done waiting for pending navigations. Status: ok
[5.978][DEBUG]: DEVTOOLS COMMAND Runtime.evaluate (id=118) {
   "expression": "(function() { // Copyright (c) 2012 The Chromium Authors. All rights reserved.\n// Use of this source code is governed by a BSD-style license that can be\n// found in the LICENSE file.\n\n/**\n * Enum f...",
   "returnByValue": true
}
[5.987][DEBUG]: DEVTOOLS RESPONSE Runtime.evaluate (id=118) {
   "result": {
      "type": "object",
      "value": {
         "status": 0,
         "value": true
      }
   }
}
[5.987][INFO]: Waiting for pending navigations...
[5.987][DEBUG]: DEVTOOLS COMMAND Runtime.evaluate (id=119) {
   "expression": "1"
}
[5.988][DEBUG]: DEVTOOLS RESPONSE Runtime.evaluate (id=119) {
   "result": {
      "description": "1",
      "type": "number",
      "value": 1
   }
}
[5.988][INFO]: Done waiting for pending navigations. Status: ok
[5.988][INFO]: RESPONSE IsElementDisplayed true
[5.992][INFO]: COMMAND FindChildElements {
   "id": "0.5531478491838029-1",
   "using": "css selector",
   "value": "textarea#source"
}
[5.992][INFO]: Waiting for pending navigations...
[5.992][DEBUG]: DEVTOOLS COMMAND Runtime.evaluate (id=120) {
   "expression": "1"
}
[5.992][DEBUG]: DEVTOOLS RESPONSE Runtime.evaluate (id=120) {
   "result": {
      "description": "1",
      "type": "number",
      "value": 1
   }
}
[5.992][INFO]: Done waiting for pending navigations. Status: ok
[5.994][DEBUG]: DEVTOOLS COMMAND Runtime.evaluate (id=121) {
   "expression": "(function() { // Copyright (c) 2012 The Chromium Authors. All rights reserved.\n// Use of this source code is governed by a BSD-style license that can be\n// found in the LICENSE file.\n\n/**\n * Enum f...",
   "returnByValue": true
}
[5.998][DEBUG]: DEVTOOLS RESPONSE Runtime.evaluate (id=121) {
   "result": {
      "type": "object",
      "value": {
         "status": 0,
         "value": [ {
            "ELEMENT": "0.5531478491838029-2"
         } ]
      }
   }
}
[5.998][INFO]: Waiting for pending navigations...
[5.998][DEBUG]: DEVTOOLS COMMAND Runtime.evaluate (id=122) {
   "expression": "1"
}
[5.999][DEBUG]: DEVTOOLS RESPONSE Runtime.evaluate (id=122) {
   "result": {
      "description": "1",
      "type": "number",
      "value": 1
   }
}
[5.999][INFO]: Done waiting for pending navigations. Status: ok
[5.999][INFO]: RESPONSE FindChildElements [ {
   "ELEMENT": "0.5531478491838029-2"
} ]
[6.001][INFO]: COMMAND IsElementDisplayed {
   "id": "0.5531478491838029-2"
}
[6.001][INFO]: Waiting for pending navigations...
[6.001][DEBUG]: DEVTOOLS COMMAND Runtime.evaluate (id=123) {
   "expression": "1"
}
[6.001][DEBUG]: DEVTOOLS RESPONSE Runtime.evaluate (id=123) {
   "result": {
      "description": "1",
      "type": "number",
      "value": 1
   }
}
[6.001][INFO]: Done waiting for pending navigations. Status: ok
[6.004][DEBUG]: DEVTOOLS COMMAND Runtime.evaluate (id=124) {
   "expression": "(function() { // Copyright (c) 2012 The Chromium Authors. All rights reserved.\n// Use of this source code is governed by a BSD-style license that can be\n// found in the LICENSE file.\n\n/**\n * Enum f...",
   "returnByValue": true
}
[6.015][DEBUG]: DEVTOOLS RESPONSE Runtime.evaluate (id=124) {
   "result": {
      "type": "object",
      "value": {
         "status": 0,
         "value": true
      }
   }
}
[6.015][INFO]: Waiting for pending navigations...
[6.015][DEBUG]: DEVTOOLS COMMAND Runtime.evaluate (id=125) {
   "expression": "1"
}
[6.016][DEBUG]: DEVTOOLS RESPONSE Runtime.evaluate (id=125) {
   "result": {
      "description": "1",
      "type": "number",
      "value": 1
   }
}
[6.016][INFO]: Done waiting for pending navigations. Status: ok
[6.016][INFO]: RESPONSE IsElementDisplayed true
[6.017][INFO]: COMMAND ClearElement {
   "id": "0.5531478491838029-2"
}
[6.017][INFO]: Waiting for pending navigations...
[6.017][DEBUG]: DEVTOOLS COMMAND Runtime.evaluate (id=126) {
   "expression": "1"
}
[6.018][DEBUG]: DEVTOOLS RESPONSE Runtime.evaluate (id=126) {
   "result": {
      "description": "1",
      "type": "number",
      "value": 1
   }
}
[6.018][INFO]: Done waiting for pending navigations. Status: ok
[6.020][DEBUG]: DEVTOOLS COMMAND Runtime.evaluate (id=127) {
   "expression": "(function() { // Copyright (c) 2012 The Chromium Authors. All rights reserved.\n// Use of this source code is governed by a BSD-style license that can be\n// found in the LICENSE file.\n\n/**\n * Enum f...",
   "returnByValue": true
}
[6.033][DEBUG]: DEVTOOLS RESPONSE Runtime.evaluate (id=127) {
   "result": {
      "type": "object",
      "value": {
         "status": 0,
         "value": null
      }
   }
}
[6.033][INFO]: Waiting for pending navigations...
[6.033][DEBUG]: DEVTOOLS COMMAND Runtime.evaluate (id=128) {
   "expression": "1"
}
[6.034][DEBUG]: DEVTOOLS RESPONSE Runtime.evaluate (id=128) {
   "result": {
      "description": "1",
      "type": "number",
      "value": 1
   }
}
[6.034][INFO]: Done waiting for pending navigations. Status: ok
[6.034][INFO]: RESPONSE ClearElement
[6.037][INFO]: COMMAND TypeElement {
   "id": "0.5531478491838029-2",
   "text": "12345",
   "value": [ "1", "2", "3", "4", "5" ]
}
[6.037][INFO]: Waiting for pending navigations...
[6.037][DEBUG]: DEVTOOLS COMMAND Runtime.evaluate (id=129) {
   "expression": "1"
}
[6.039][DEBUG]: DEVTOOLS RESPONSE Runtime.evaluate (id=129) {
   "result": {
      "description": "1",
      "type": "number",
      "value": 1
   }
}
[6.039][INFO]: Done waiting for pending navigations. Status: ok
[6.039][DEBUG]: DEVTOOLS COMMAND Runtime.evaluate (id=130) {
   "expression": "(function() { // Copyright (c) 2012 The Chromium Authors. All rights reserved.\n// Use of this source code is governed by a BSD-style license that can be\n// found in the LICENSE file.\n\n/**\n * Enum f...",
   "returnByValue": true
}
[6.040][DEBUG]: DEVTOOLS RESPONSE Runtime.evaluate (id=130) {
   "result": {
      "type": "object",
      "value": {
         "status": 0,
         "value": "TEXTAREA"
      }
   }
}
[6.041][DEBUG]: DEVTOOLS COMMAND Runtime.evaluate (id=131) {
   "expression": "(function() { // Copyright (c) 2012 The Chromium Authors. All rights reserved.\n// Use of this source code is governed by a BSD-style license that can be\n// found in the LICENSE file.\n\n/**\n * Enum f...",
   "returnByValue": true
}
[6.052][DEBUG]: DEVTOOLS RESPONSE Runtime.evaluate (id=131) {
   "result": {
      "type": "object",
      "value": {
         "status": 0,
         "value": "textarea"
      }
   }
}
[6.055][DEBUG]: DEVTOOLS COMMAND Runtime.evaluate (id=132) {
   "expression": "(function() { // Copyright (c) 2012 The Chromium Authors. All rights reserved.\n// Use of this source code is governed by a BSD-style license that can be\n// found in the LICENSE file.\n\n/**\n * Enum f...",
   "returnByValue": true
}
[6.072][DEBUG]: DEVTOOLS RESPONSE Runtime.evaluate (id=132) {
   "result": {
      "type": "object",
      "value": {
         "status": 0,
         "value": true
      }
   }
}
[6.074][DEBUG]: DEVTOOLS COMMAND Runtime.evaluate (id=133) {
   "expression": "(function() { // Copyright (c) 2012 The Chromium Authors. All rights reserved.\n// Use of this source code is governed by a BSD-style license that can be\n// found in the LICENSE file.\n\n/**\n * Enum f...",
   "returnByValue": true
}
[6.093][DEBUG]: DEVTOOLS RESPONSE Runtime.evaluate (id=133) {
   "result": {
      "type": "object",
      "value": {
         "status": 0,
         "value": true
      }
   }
}
[6.094][DEBUG]: DEVTOOLS COMMAND Runtime.evaluate (id=134) {
   "expression": "(function() { // Copyright (c) 2012 The Chromium Authors. All rights reserved.\n// Use of this source code is governed by a BSD-style license that can be\n// found in the LICENSE file.\n\n/**\n * Enum f...",
   "returnByValue": true
}
[6.095][DEBUG]: DEVTOOLS RESPONSE Runtime.evaluate (id=134) {
   "result": {
      "type": "object",
      "value": {
         "status": 0,
         "value": null
      }
   }
}
[6.095][DEBUG]: DEVTOOLS COMMAND Input.dispatchKeyEvent (id=135) {
   "code": "Digit1",
   "key": "1",
   "modifiers": 0,
   "text": "1",
   "type": "rawKeyDown",
   "unmodifiedText": "1",
   "windowsVirtualKeyCode": 49
}
[6.096][DEBUG]: DEVTOOLS RESPONSE Input.dispatchKeyEvent (id=135) {

}
[6.097][DEBUG]: DEVTOOLS COMMAND Input.dispatchKeyEvent (id=136) {
   "code": "Digit1",
   "key": "1",
   "modifiers": 0,
   "text": "1",
   "type": "char",
   "unmodifiedText": "1",
   "windowsVirtualKeyCode": 49
}
[6.099][DEBUG]: DEVTOOLS RESPONSE Input.dispatchKeyEvent (id=136) {

}
[6.099][DEBUG]: DEVTOOLS COMMAND Input.dispatchKeyEvent (id=137) {
   "code": "Digit1",
   "key": "1",
   "modifiers": 0,
   "text": "1",
   "type": "keyUp",
   "unmodifiedText": "1",
   "windowsVirtualKeyCode": 49
}
[6.101][DEBUG]: DEVTOOLS RESPONSE Input.dispatchKeyEvent (id=137) {

}
[6.101][DEBUG]: DEVTOOLS COMMAND Input.dispatchKeyEvent (id=138) {
   "code": "Digit2",
   "key": "2",
   "modifiers": 0,
   "text": "2",
   "type": "rawKeyDown",
   "unmodifiedText": "2",
   "windowsVirtualKeyCode": 50
}
[6.104][DEBUG]: DEVTOOLS RESPONSE Input.dispatchKeyEvent (id=138) {

}
[6.104][DEBUG]: DEVTOOLS COMMAND Input.dispatchKeyEvent (id=139) {
   "code": "Digit2",
   "key": "2",
   "modifiers": 0,
   "text": "2",
   "type": "char",
   "unmodifiedText": "2",
   "windowsVirtualKeyCode": 50
}
[6.106][DEBUG]: DEVTOOLS RESPONSE Input.dispatchKeyEvent (id=139) {

}
[6.106][DEBUG]: DEVTOOLS COMMAND Input.dispatchKeyEvent (id=140) {
   "code": "Digit2",
   "key": "2",
   "modifiers": 0,
   "text": "2",
   "type": "keyUp",
   "unmodifiedText": "2",
   "windowsVirtualKeyCode": 50
}
[6.107][DEBUG]: DEVTOOLS RESPONSE Input.dispatchKeyEvent (id=140) {

}
[6.107][DEBUG]: DEVTOOLS COMMAND Input.dispatchKeyEvent (id=141) {
   "code": "Digit3",
   "key": "3",
   "modifiers": 0,
   "text": "3",
   "type": "rawKeyDown",
   "unmodifiedText": "3",
   "windowsVirtualKeyCode": 51
}
[6.113][DEBUG]: DEVTOOLS RESPONSE Input.dispatchKeyEvent (id=141) {

}
[6.113][DEBUG]: DEVTOOLS COMMAND Input.dispatchKeyEvent (id=142) {
   "code": "Digit3",
   "key": "3",
   "modifiers": 0,
   "text": "3",
   "type": "char",
   "unmodifiedText": "3",
   "windowsVirtualKeyCode": 51
}
[6.116][DEBUG]: DEVTOOLS EVENT DOM.childNodeCountUpdated {
   "childNodeCount": 33,
   "nodeId": 26
}
[6.118][DEBUG]: DEVTOOLS RESPONSE Input.dispatchKeyEvent (id=142) {

}
[6.118][DEBUG]: DEVTOOLS COMMAND Input.dispatchKeyEvent (id=143) {
   "code": "Digit3",
   "key": "3",
   "modifiers": 0,
   "text": "3",
   "type": "keyUp",
   "unmodifiedText": "3",
   "windowsVirtualKeyCode": 51
}
[6.123][DEBUG]: DEVTOOLS RESPONSE Input.dispatchKeyEvent (id=143) {

}
[6.123][DEBUG]: DEVTOOLS COMMAND Input.dispatchKeyEvent (id=144) {
   "code": "Digit4",
   "key": "4",
   "modifiers": 0,
   "text": "4",
   "type": "rawKeyDown",
   "unmodifiedText": "4",
   "windowsVirtualKeyCode": 52
}
[6.126][DEBUG]: DEVTOOLS RESPONSE Input.dispatchKeyEvent (id=144) {

}
[6.126][DEBUG]: DEVTOOLS COMMAND Input.dispatchKeyEvent (id=145) {
   "code": "Digit4",
   "key": "4",
   "modifiers": 0,
   "text": "4",
   "type": "char",
   "unmodifiedText": "4",
   "windowsVirtualKeyCode": 52
}
[6.130][DEBUG]: DEVTOOLS RESPONSE Input.dispatchKeyEvent (id=145) {

}
[6.130][DEBUG]: DEVTOOLS COMMAND Input.dispatchKeyEvent (id=146) {
   "code": "Digit4",
   "key": "4",
   "modifiers": 0,
   "text": "4",
   "type": "keyUp",
   "unmodifiedText": "4",
   "windowsVirtualKeyCode": 52
}
[6.131][DEBUG]: DEVTOOLS RESPONSE Input.dispatchKeyEvent (id=146) {

}
[6.131][DEBUG]: DEVTOOLS COMMAND Input.dispatchKeyEvent (id=147) {
   "code": "Digit5",
   "key": "5",
   "modifiers": 0,
   "text": "5",
   "type": "rawKeyDown",
   "unmodifiedText": "5",
   "windowsVirtualKeyCode": 53
}
[6.133][DEBUG]: DEVTOOLS RESPONSE Input.dispatchKeyEvent (id=147) {

}
[6.133][DEBUG]: DEVTOOLS COMMAND Input.dispatchKeyEvent (id=148) {
   "code": "Digit5",
   "key": "5",
   "modifiers": 0,
   "text": "5",
   "type": "char",
   "unmodifiedText": "5",
   "windowsVirtualKeyCode": 53
}
[6.135][DEBUG]: DEVTOOLS RESPONSE Input.dispatchKeyEvent (id=148) {

}
[6.135][DEBUG]: DEVTOOLS COMMAND Input.dispatchKeyEvent (id=149) {
   "code": "Digit5",
   "key": "5",
   "modifiers": 0,
   "text": "5",
   "type": "keyUp",
   "unmodifiedText": "5",
   "windowsVirtualKeyCode": 53
}
[6.149][DEBUG]: DEVTOOLS EVENT DOM.childNodeCountUpdated {
   "childNodeCount": 32,
   "nodeId": 26
}
[6.149][DEBUG]: DEVTOOLS RESPONSE Input.dispatchKeyEvent (id=149) {

}
[6.149][INFO]: Waiting for pending navigations...
[6.149][DEBUG]: DEVTOOLS COMMAND Runtime.evaluate (id=150) {
   "expression": "1"
}
[6.159][DEBUG]: DEVTOOLS RESPONSE Runtime.evaluate (id=150) {
   "result": {
      "description": "1",
      "type": "number",
      "value": 1
   }
}
[6.160][INFO]: Done waiting for pending navigations. Status: ok
[6.160][INFO]: RESPONSE TypeElement
[6.172][INFO]: COMMAND Screenshot {

}
[6.172][INFO]: Waiting for pending navigations...
[6.172][DEBUG]: DEVTOOLS COMMAND Runtime.evaluate (id=151) {
   "expression": "1"
}
[6.174][DEBUG]: DEVTOOLS RESPONSE Runtime.evaluate (id=151) {
   "result": {
      "description": "1",
      "type": "number",
      "value": 1
   }
}
[6.174][INFO]: Done waiting for pending navigations. Status: ok
[6.174][DEBUG]: DevTools request: http://localhost:12017/json/activate/(211D593C42ABAF95B2DC3F49EADC78AC)
[6.174][DEBUG]: DevTools response: Target activated
[6.174][DEBUG]: DEVTOOLS COMMAND Page.captureScreenshot (id=152) {

}
[6.393][DEBUG]: DEVTOOLS RESPONSE Page.captureScreenshot (id=152) {
   "data": "iVBORw0KGgoAAAANSUhEUgAABVYAAAO+CAYAAADv/k7HAAAgAElEQVR4nOzdd3xUZdr/8e+09EYLJaCGGjqIFAEV0EUBUURWWcWCDXVV1rL4iIK4q+4jKi4/XRGXoiiCIEXqY8FYqBGRSEcgCiG0EFIhbeb8/ogZMqkzIclMyOfti5eZc+5ynTOTnDtX7nMfU1pam..."
}
[6.393][INFO]: Waiting for pending navigations...
[6.393][DEBUG]: DEVTOOLS COMMAND Runtime.evaluate (id=153) {
   "expression": "1"
}
[6.396][DEBUG]: DEVTOOLS EVENT DOM.childNodeCountUpdated {
   "childNodeCount": 33,
   "nodeId": 26
}
[6.396][DEBUG]: DEVTOOLS EVENT DOM.childNodeCountUpdated {
   "childNodeCount": 32,
   "nodeId": 26
}
[6.405][DEBUG]: DEVTOOLS RESPONSE Runtime.evaluate (id=153) {
   "result": {
      "description": "1",
      "type": "number",
      "value": 1
   }
}
[6.405][INFO]: Done waiting for pending navigations. Status: ok
[6.406][INFO]: RESPONSE Screenshot "iVBORw0KGgoAAAANSUhEUgAABVYAAAO+CAYAAADv/k7HAAAgAElEQVR4nOzdd3xUZdr/8e+09EYLJaCGGjqIFAEV0EUBUURWWcWCDXVV1rL4iIK4q+4jKi4/XRGXoiiCIEXqY8FYqBGRSEcgCiG0EFIhbeb8/ogZMqkzIclMyOfti5eZc+5ynTOTnDtX7nMfU1pam..."
[6.562][INFO]: COMMAND Quit {

}
[6.612][INFO]: RESPONSE Quit
[6.612][DEBUG]: Log type 'driver' lost 0 entries on destruction
[6.612][DEBUG]: Log type 'browser' lost 1 entries on destruction
