[1.185][INFO]: COMMAND InitSession {
   "desiredCapabilities": {
      "browserName": "chrome",
      "chromeOptions": {
         "args": [ "--disable-gpu", "--single-process", "--no-sandbox", "--data-path=/tmp/data-path", "--homedir=/tmp/homedir", "--disk-cache-dir=/tmp", "--disk-cache-size=1", "--media-cache-size=1", "--allow-file-access-from-files", "--enable-logging", "--v=1", "--disable-web-security", "--disable-extensions", "--ignore-certificate-errors", "--disable-ntp-most-likely-favicons-from-server", "--disable-ntp-popular-sites", "--window-size=1366,1024", "--disable-infobars", "--disable-dev-shm-usage", "..." ],
         "binary": "/tmp/chrome-lambda/chrome",
         "prefs": {
            "credentials_enable_service": false,
            "profile": {
               "password_manager_enabled": false
            }
         }
      },
      "count": 1
   }
}
[1.186][INFO]: Populating Preferences file: {
   "alternate_error_pages": {
      "enabled": false
   },
   "autofill": {
      "enabled": false
   },
   "browser": {
      "check_default_browser": false
   },
   "credentials_enable_service": false,
   "distribution": {
      "import_bookmarks": false,
      "import_history": false,
      "import_search_engine": false,
      "make_chrome_default_for_user": false,
      "show_welcome_page": false,
      "skip_first_run_ui": true
   },
   "dns_prefetching": {
      "enabled": false
   },
   "profile": {
      "password_manager_enabled": false
   },
   "safebrowsing": {
      "enabled": false
   },
   "search": {
      "suggest_enabled": false
   },
   "translate": {
      "enabled": false
   }
}
[1.186][INFO]: Populating Local State file: {
   "background_mode": {
      "enabled": false
   },
   "ssl": {
      "rev_checking": {
         "enabled": false
      }
   }
}
[1.186][INFO]: Launching chrome: /tmp/chrome-lambda/chrome --allow-file-access-from-files --data-path=/tmp/data-path --disable-background-networking --disable-browser-side-navigation --disable-client-side-phishing-detection --disable-default-apps --disable-dev-shm-usage --disable-extensions --disable-extensions-except=/tmp/.org.chromium.Chromium.S5YpBT/internal --disable-gpu --disable-hang-monitor --disable-infobars --disable-ntp-most-likely-favicons-from-server --disable-ntp-popular-sites --disable-popup-blocking --disable-prompt-on-repost --disable-sync --disable-web-resources --disable-web-security --disk-cache-dir=/tmp --disk-cache-size=1 --enable-automation --enable-logging --enable-precise-memory-info --force-fieldtrials=SiteIsolationExtensions/Control --homedir=/tmp/homedir --ignore-certificate-errors --log-level=0 --media-cache-size=1 --metrics-recording-only --no-first-run --no-sandbox --password-store=basic --remote-debugging-port=12966 --safebrowsing-disable-auto-update --single-process --test-type=webdriver --use-mock-keychain --user-data-dir=/tmp/.org.chromium.Chromium.YS7nlv --v=1 --window-size=1366,1024 data:,
[1.187][DEBUG]: DevTools request: http://localhost:12966/json/version
prctl(PR_SET_NO_NEW_PRIVS) failed
Xlib:  extension "RANDR" missing on display ":99".
[472:477:0831/073428.055976:ERROR:bus.cc(395)] Failed to connect to the bus: Failed to connect to socket /var/run/dbus/system_bus_socket: No such file or directory
Xlib:  extension "RANDR" missing on display ":99".

DevTools listening on ws://127.0.0.1:12966/devtools/browser/d11bc04d-2b5e-4289-9cc9-d46f67248e79
[1.895][SEVERE]: CreatePlatformSocket() returned an error, errno=1: Operation not permitted (1)
[1.940][DEBUG]: DevTools response: {
   "Browser": "Chrome/63.0.3239.84",
   "Protocol-Version": "1.2",
   "User-Agent": "Mozilla/5.0 (X11; Linux x86_64) AppleWebKit/537.36 (KHTML, like Gecko) Chrome/63.0.3239.84 Safari/537.36",
   "V8-Version": "6.3.292.46",
   "WebKit-Version": "537.36 (@0f53a5abc7a405fbe9f1cfd3db38f2092c8a7816)",
   "webSocketDebuggerUrl": "ws://localhost:12966/devtools/browser/d11bc04d-2b5e-4289-9cc9-d46f67248e79"
}

[1.943][DEBUG]: DevTools request: http://localhost:12966/json
[1.957][DEBUG]: DevTools response: [ {
   "description": "",
   "devtoolsFrontendUrl": "/devtools/inspector.html?ws=localhost:12966/devtools/page/(CE258D25F77FF48FAECE3B4D7B8BF844)",
   "id": "(CE258D25F77FF48FAECE3B4D7B8BF844)",
   "title": "",
   "type": "page",
   "url": "data:,",
   "webSocketDebuggerUrl": "ws://localhost:12966/devtools/page/(CE258D25F77FF48FAECE3B4D7B8BF844)"
} ]

[1.957][DEBUG]: DevTools request: http://localhost:12966/json
[1.958][DEBUG]: DevTools response: [ {
   "description": "",
   "devtoolsFrontendUrl": "/devtools/inspector.html?ws=localhost:12966/devtools/page/(CE258D25F77FF48FAECE3B4D7B8BF844)",
   "id": "(CE258D25F77FF48FAECE3B4D7B8BF844)",
   "title": "",
   "type": "page",
   "url": "data:,",
   "webSocketDebuggerUrl": "ws://localhost:12966/devtools/page/(CE258D25F77FF48FAECE3B4D7B8BF844)"
} ]

[1.959][INFO]: resolved localhost to ["127.0.0.1"]
[1.966][DEBUG]: DEVTOOLS COMMAND Log.enable (id=1) {

}
[1.966][DEBUG]: DEVTOOLS COMMAND DOM.getDocument (id=2) {

}
[1.977][DEBUG]: DEVTOOLS COMMAND Runtime.enable (id=3) {

}
[1.977][DEBUG]: DEVTOOLS COMMAND Page.enable (id=4) {

}
[1.977][DEBUG]: DEVTOOLS COMMAND Page.enable (id=5) {

}
[472:495:0831/073428.715877:ERROR:io_thread.cc(730)] Cannot use V8 Proxy resolver in single process mode.
[472:495:0831/073428.718680:ERROR:io_thread.cc(730)] Cannot use V8 Proxy resolver in single process mode.
[2.188][DEBUG]: DEVTOOLS RESPONSE Log.enable (id=1) {

}
[2.188][DEBUG]: DEVTOOLS RESPONSE DOM.getDocument (id=2) {
   "root": {
      "backendNodeId": 1,
      "baseURL": "about:blank",
      "childNodeCount": 1,
      "children": [ {
         "attributes": [  ],
         "backendNodeId": 2,
         "childNodeCount": 2,
         "children": [ {
            "attributes": [  ],
            "backendNodeId": 3,
            "childNodeCount": 0,
            "localName": "head",
            "nodeId": 3,
            "nodeName": "HEAD",
            "nodeType": 1,
            "nodeValue": "",
            "parentId": 2
         }, {
            "attributes": [  ],
            "backendNodeId": 4,
            "childNodeCount": 0,
            "localName": "body",
            "nodeId": 4,
            "nodeName": "BODY",
            "nodeType": 1,
            "nodeValue": "",
            "parentId": 2
         } ],
         "frameId": "(CE258D25F77FF48FAECE3B4D7B8BF844)",
         "localName": "html",
         "nodeId": 2,
         "nodeName": "HTML",
         "nodeType": 1,
         "nodeValue": "",
         "parentId": 1
      } ],
      "documentURL": "",
      "localName": "",
      "nodeId": 1,
      "nodeName": "#document",
      "nodeType": 9,
      "nodeValue": "",
      "xmlVersion": ""
   }
}
[2.188][DEBUG]: DEVTOOLS RESPONSE Runtime.enable (id=3) {

}
[2.188][DEBUG]: DEVTOOLS RESPONSE Page.enable (id=4) {

}
[2.188][DEBUG]: DEVTOOLS RESPONSE Page.enable (id=5) {

}
[2.188][DEBUG]: DEVTOOLS COMMAND Page.enable (id=6) {

}
[2.241][DEBUG]: DEVTOOLS EVENT Page.lifecycleEvent {
   "frameId": "(CE258D25F77FF48FAECE3B4D7B8BF844)",
   "name": "commit",
   "timestamp": 1971.984497
}
[2.242][DEBUG]: DEVTOOLS EVENT Page.frameNavigated {
   "frame": {
      "id": "(CE258D25F77FF48FAECE3B4D7B8BF844)",
      "loaderId": "472.1",
      "mimeType": "text/plain",
      "securityOrigin": "://",
      "url": "data:,"
   }
}
[2.242][DEBUG]: DEVTOOLS EVENT DOM.documentUpdated {

}
[2.242][DEBUG]: DEVTOOLS COMMAND DOM.getDocument (id=7) {

}
[2.243][DEBUG]: DEVTOOLS EVENT Runtime.executionContextCreated {
   "context": {
      "auxData": {
         "frameId": "(CE258D25F77FF48FAECE3B4D7B8BF844)",
         "isDefault": true
      },
      "id": 1,
      "name": "",
      "origin": "://"
   }
}
[2.244][DEBUG]: DEVTOOLS RESPONSE Page.enable (id=6) {

}
[2.261][DEBUG]: DEVTOOLS RESPONSE DOM.getDocument (id=7) {
   "root": {
      "backendNodeId": 5,
      "baseURL": "data:,",
      "childNodeCount": 1,
      "children": [ {
         "attributes": [  ],
         "backendNodeId": 6,
         "childNodeCount": 2,
         "children": [ {
            "attributes": [  ],
            "backendNodeId": 7,
            "childNodeCount": 0,
            "localName": "head",
            "nodeId": 7,
            "nodeName": "HEAD",
            "nodeType": 1,
            "nodeValue": "",
            "parentId": 6
         }, {
            "attributes": [  ],
            "backendNodeId": 8,
            "childNodeCount": 1,
            "localName": "body",
            "nodeId": 8,
            "nodeName": "BODY",
            "nodeType": 1,
            "nodeValue": "",
            "parentId": 6
         } ],
         "frameId": "(CE258D25F77FF48FAECE3B4D7B8BF844)",
         "localName": "html",
         "nodeId": 6,
         "nodeName": "HTML",
         "nodeType": 1,
         "nodeValue": "",
         "parentId": 5
      } ],
      "documentURL": "data:,",
      "localName": "",
      "nodeId": 5,
      "nodeName": "#document",
      "nodeType": 9,
      "nodeValue": "",
      "xmlVersion": ""
   }
}
[2.261][DEBUG]: DEVTOOLS COMMAND Runtime.enable (id=8) {

}
[2.281][DEBUG]: DEVTOOLS EVENT Page.loadEventFired {
   "timestamp": 1972.035841
}
[2.282][DEBUG]: DEVTOOLS EVENT Page.lifecycleEvent {
   "frameId": "(CE258D25F77FF48FAECE3B4D7B8BF844)",
   "name": "load",
   "timestamp": 1972.035841
}
[2.282][DEBUG]: DEVTOOLS EVENT Page.frameStoppedLoading {
   "frameId": "(CE258D25F77FF48FAECE3B4D7B8BF844)"
}
[2.282][DEBUG]: DEVTOOLS EVENT Page.domContentEventFired {
   "timestamp": 1972.044868
}
[2.283][DEBUG]: DEVTOOLS EVENT Page.lifecycleEvent {
   "frameId": "(CE258D25F77FF48FAECE3B4D7B8BF844)",
   "name": "DOMContentLoaded",
   "timestamp": 1972.044868
}
[2.283][DEBUG]: DEVTOOLS EVENT DOM.documentUpdated {

}
[2.283][DEBUG]: DEVTOOLS COMMAND DOM.getDocument (id=9) {

}
[2.327][DEBUG]: DEVTOOLS RESPONSE Runtime.enable (id=8) {

}
[2.327][DEBUG]: DEVTOOLS RESPONSE DOM.getDocument (id=9) {
   "root": {
      "backendNodeId": 5,
      "baseURL": "data:,",
      "childNodeCount": 1,
      "children": [ {
         "attributes": [  ],
         "backendNodeId": 6,
         "childNodeCount": 2,
         "children": [ {
            "attributes": [  ],
            "backendNodeId": 7,
            "childNodeCount": 0,
            "localName": "head",
            "nodeId": 11,
            "nodeName": "HEAD",
            "nodeType": 1,
            "nodeValue": "",
            "parentId": 10
         }, {
            "attributes": [  ],
            "backendNodeId": 8,
            "childNodeCount": 1,
            "localName": "body",
            "nodeId": 12,
            "nodeName": "BODY",
            "nodeType": 1,
            "nodeValue": "",
            "parentId": 10
         } ],
         "frameId": "(CE258D25F77FF48FAECE3B4D7B8BF844)",
         "localName": "html",
         "nodeId": 10,
         "nodeName": "HTML",
         "nodeType": 1,
         "nodeValue": "",
         "parentId": 9
      } ],
      "documentURL": "data:,",
      "localName": "",
      "nodeId": 9,
      "nodeName": "#document",
      "nodeType": 9,
      "nodeValue": "",
      "xmlVersion": ""
   }
}
[2.327][DEBUG]: DEVTOOLS COMMAND Runtime.evaluate (id=10) {
   "expression": "(function() { // Copyright (c) 2012 The Chromium Authors. All rights reserved.\n// Use of this source code is governed by a BSD-style license that can be\n// found in the LICENSE file.\n\n/**\n * Enum f...",
   "returnByValue": true
}
[2.348][DEBUG]: DEVTOOLS RESPONSE Runtime.evaluate (id=10) {
   "result": {
      "type": "object",
      "value": {
         "status": 0,
         "value": 1
      }
   }
}
[2.348][INFO]: RESPONSE InitSession {
   "acceptSslCerts": true,
   "applicationCacheEnabled": false,
   "browserConnectionEnabled": false,
   "browserName": "chrome",
   "chrome": {
      "chromedriverVersion": "2.33.506092 (733a02544d189eeb751fe0d7ddca79a0ee28cce4)",
      "userDataDir": "/tmp/.org.chromium.Chromium.YS7nlv"
   },
   "cssSelectorsEnabled": true,
   "databaseEnabled": false,
   "handlesAlerts": true,
   "hasTouchScreen": false,
   "javascriptEnabled": true,
   "locationContextEnabled": true,
   "mobileEmulationEnabled": false,
   "nativeEvents": true,
   "networkConnectionEnabled": false,
   "pageLoadStrategy": "normal",
   "platform": "Linux",
   "rotatable": false,
   "setWindowRect": true,
   "takesHeapSnapshot": true,
   "~~~": "..."
}
[2.389][INFO]: COMMAND SetTimeout {
   "script": 11000
}
[2.391][INFO]: RESPONSE SetTimeout unknown error: 'ms' must be a double
  (Session info: chrome=63.0.3239.84)
[2.411][INFO]: COMMAND SetTimeout {
   "ms": 11000,
   "type": "script"
}
[2.411][INFO]: RESPONSE SetTimeout
[3.543][INFO]: COMMAND SetTimeout {
   "pageLoad": 30000
}
[3.544][INFO]: RESPONSE SetTimeout unknown error: 'ms' must be a double
  (Session info: chrome=63.0.3239.84)
[3.544][INFO]: COMMAND Navigate {
   "url": "https://translate.google.com/#en/es/Sports"
}
[3.545][INFO]: Waiting for pending navigations...
[3.545][DEBUG]: DEVTOOLS COMMAND Runtime.evaluate (id=11) {
   "expression": "1"
}
[3.547][DEBUG]: DEVTOOLS EVENT Page.lifecycleEvent {
   "frameId": "(CE258D25F77FF48FAECE3B4D7B8BF844)",
   "name": "networkAlmostIdle",
   "timestamp": 1972.044956
}
[3.547][DEBUG]: DEVTOOLS EVENT Page.lifecycleEvent {
   "frameId": "(CE258D25F77FF48FAECE3B4D7B8BF844)",
   "name": "networkIdle",
   "timestamp": 1972.044956
}
[3.547][DEBUG]: DEVTOOLS RESPONSE Runtime.evaluate (id=11) {
   "result": {
      "description": "1",
      "type": "number",
      "value": 1
   }
}
[3.547][INFO]: Done waiting for pending navigations. Status: ok
[3.547][DEBUG]: DEVTOOLS COMMAND Page.navigate (id=12) {
   "url": "https://translate.google.com/#en/es/Sports"
}
[3.559][DEBUG]: DEVTOOLS EVENT Page.frameStartedLoading {
   "frameId": "(CE258D25F77FF48FAECE3B4D7B8BF844)"
}
[3.564][DEBUG]: DEVTOOLS RESPONSE Page.navigate (id=12) {
   "frameId": "(CE258D25F77FF48FAECE3B4D7B8BF844)"
}
[3.564][INFO]: Waiting for pending navigations...
[3.564][DEBUG]: DEVTOOLS COMMAND Runtime.evaluate (id=13) {
   "expression": "1"
}
[3.566][DEBUG]: DEVTOOLS RESPONSE Runtime.evaluate (id=13) {
   "result": {
      "description": "1",
      "type": "number",
      "value": 1
   }
}
[3.719][DEBUG]: DEVTOOLS EVENT Runtime.executionContextDestroyed {
   "executionContextId": 1
}
[3.719][DEBUG]: DEVTOOLS EVENT Runtime.executionContextsCleared {

}
[3.719][DEBUG]: DEVTOOLS EVENT Page.lifecycleEvent {
   "frameId": "(CE258D25F77FF48FAECE3B4D7B8BF844)",
   "name": "commit",
   "timestamp": 1973.488344
}
[3.720][DEBUG]: DEVTOOLS EVENT Page.frameNavigated {
   "frame": {
      "id": "(CE258D25F77FF48FAECE3B4D7B8BF844)",
      "loaderId": "472.2",
      "mimeType": "text/html",
      "securityOrigin": "https://translate.google.com",
      "url": "https://translate.google.com/"
   }
}
[3.720][DEBUG]: DEVTOOLS EVENT Runtime.executionContextCreated {
   "context": {
      "auxData": {
         "frameId": "(CE258D25F77FF48FAECE3B4D7B8BF844)",
         "isDefault": true
      },
      "id": 3,
      "name": "",
      "origin": "https://translate.google.com"
   }
}
[3.720][DEBUG]: DEVTOOLS EVENT DOM.documentUpdated {

}
[3.720][DEBUG]: DEVTOOLS COMMAND DOM.getDocument (id=14) {

}
[3.841][DEBUG]: DEVTOOLS RESPONSE DOM.getDocument (id=14) {
   "root": {
      "backendNodeId": 10,
      "baseURL": "https://translate.google.com/#en/es/Sports",
      "childNodeCount": 2,
      "children": [ {
         "backendNodeId": 11,
         "localName": "",
         "nodeId": 14,
         "nodeName": "html",
         "nodeType": 10,
         "nodeValue": "",
         "parentId": 13,
         "publicId": "",
         "systemId": ""
      }, {
         "attributes": [  ],
         "backendNodeId": 12,
         "childNodeCount": 1,
         "children": [ {
            "attributes": [  ],
            "backendNodeId": 13,
            "childNodeCount": 18,
            "localName": "head",
            "nodeId": 16,
            "nodeName": "HEAD",
            "nodeType": 1,
            "nodeValue": "",
            "parentId": 15
         } ],
         "frameId": "(CE258D25F77FF48FAECE3B4D7B8BF844)",
         "localName": "html",
         "nodeId": 15,
         "nodeName": "HTML",
         "nodeType": 1,
         "nodeValue": "",
         "parentId": 13
      } ],
      "documentURL": "https://translate.google.com/#en/es/Sports",
      "localName": "",
      "nodeId": 13,
      "nodeName": "#document",
      "nodeType": 9,
      "nodeValue": "",
      "xmlVersion": ""
   }
}
[3.841][DEBUG]: DEVTOOLS COMMAND Runtime.evaluate (id=15) {
   "expression": "1"
}
[4.002][DEBUG]: DEVTOOLS EVENT DOM.childNodeCountUpdated {
   "childNodeCount": 19,
   "nodeId": 16
}
[4.002][DEBUG]: DEVTOOLS EVENT DOM.childNodeCountUpdated {
   "childNodeCount": 20,
   "nodeId": 16
}
[4.003][DEBUG]: DEVTOOLS EVENT DOM.childNodeCountUpdated {
   "childNodeCount": 21,
   "nodeId": 16
}
[4.003][DEBUG]: DEVTOOLS EVENT DOM.childNodeCountUpdated {
   "childNodeCount": 22,
   "nodeId": 16
}
[4.003][DEBUG]: DEVTOOLS EVENT DOM.childNodeInserted {
   "node": {
      "attributes": [ "dir", "ltr", "onload", "window.jstiming.load['tick']('ol');", "class", "e_md nj pre-epu" ],
      "backendNodeId": 14,
      "childNodeCount": 0,
      "localName": "body",
      "nodeId": 17,
      "nodeName": "BODY",
      "nodeType": 1,
      "nodeValue": ""
   },
   "parentNodeId": 15,
   "previousNodeId": 16
}
[4.003][DEBUG]: DEVTOOLS EVENT DOM.childNodeCountUpdated {
   "childNodeCount": 1,
   "nodeId": 17
}
[4.004][DEBUG]: DEVTOOLS EVENT DOM.childNodeCountUpdated {
   "childNodeCount": 2,
   "nodeId": 17
}
[4.007][DEBUG]: DEVTOOLS RESPONSE Runtime.evaluate (id=15) {
   "result": {
      "description": "1",
      "type": "number",
      "value": 1
   }
}
[4.078][DEBUG]: DEVTOOLS EVENT DOM.childNodeCountUpdated {
   "childNodeCount": 3,
   "nodeId": 17
}
[4.078][DEBUG]: DEVTOOLS EVENT DOM.attributeModified {
   "name": "class",
   "nodeId": 17,
   "value": "e_md  pre-epu"
}
[4.078][DEBUG]: DEVTOOLS EVENT DOM.childNodeCountUpdated {
   "childNodeCount": 4,
   "nodeId": 17
}
[4.078][DEBUG]: DEVTOOLS COMMAND Runtime.evaluate (id=16) {
   "expression": "1"
}
[4.221][DEBUG]: DEVTOOLS RESPONSE Runtime.evaluate (id=16) {
   "result": {
      "description": "1",
      "type": "number",
      "value": 1
   }
}
[4.225][DEBUG]: DEVTOOLS EVENT Page.lifecycleEvent {
   "frameId": "(CE258D25F77FF48FAECE3B4D7B8BF844)",
   "name": "firstPaint",
   "timestamp": 1973.863188
}
[4.225][DEBUG]: DEVTOOLS COMMAND Runtime.evaluate (id=17) {
   "expression": "1"
}
[4.226][DEBUG]: DEVTOOLS EVENT Page.lifecycleEvent {
   "frameId": "(CE258D25F77FF48FAECE3B4D7B8BF844)",
   "name": "firstContentfulPaint",
   "timestamp": 1973.863192
}
[4.226][DEBUG]: DEVTOOLS EVENT Page.lifecycleEvent {
   "frameId": "(CE258D25F77FF48FAECE3B4D7B8BF844)",
   "name": "firstTextPaint",
   "timestamp": 1973.863194
}
[4.226][DEBUG]: DEVTOOLS EVENT Page.lifecycleEvent {
   "frameId": "(CE258D25F77FF48FAECE3B4D7B8BF844)",
   "name": "firstImagePaint",
   "timestamp": 1973.863195
}
[4.226][DEBUG]: DEVTOOLS EVENT Page.lifecycleEvent {
   "frameId": "(CE258D25F77FF48FAECE3B4D7B8BF844)",
   "name": "firstMeaningfulPaintCandidate",
   "timestamp": 1973.863196
}
[4.265][DEBUG]: DEVTOOLS RESPONSE Runtime.evaluate (id=17) {
   "result": {
      "description": "1",
      "type": "number",
      "value": 1
   }
}
[4.345][DEBUG]: DEVTOOLS EVENT Page.lifecycleEvent {
   "frameId": "(CE258D25F77FF48FAECE3B4D7B8BF844)",
   "name": "firstMeaningfulPaintCandidate",
   "timestamp": 1974.041096
}
[4.345][DEBUG]: DEVTOOLS COMMAND Runtime.evaluate (id=18) {
   "expression": "1"
}
[4.378][DEBUG]: DEVTOOLS EVENT DOM.childNodeCountUpdated {
   "childNodeCount": 23,
   "nodeId": 16
}
[5.135][DEBUG]: DEVTOOLS EVENT DOM.attributeModified {
   "name": "class",
   "nodeId": 17,
   "value": "e_md pre-epu"
}
[5.135][DEBUG]: DEVTOOLS EVENT DOM.childNodeCountUpdated {
   "childNodeCount": 5,
   "nodeId": 17
}
[5.135][DEBUG]: DEVTOOLS EVENT DOM.childNodeCountUpdated {
   "childNodeCount": 4,
   "nodeId": 17
}
[5.135][DEBUG]: DEVTOOLS EVENT DOM.childNodeCountUpdated {
   "childNodeCount": 5,
   "nodeId": 17
}
[5.135][DEBUG]: DEVTOOLS EVENT DOM.childNodeCountUpdated {
   "childNodeCount": 6,
   "nodeId": 17
}
[5.135][DEBUG]: DEVTOOLS EVENT DOM.childNodeCountUpdated {
   "childNodeCount": 7,
   "nodeId": 17
}
[5.136][DEBUG]: DEVTOOLS EVENT DOM.childNodeCountUpdated {
   "childNodeCount": 8,
   "nodeId": 17
}
[5.136][DEBUG]: DEVTOOLS EVENT DOM.childNodeCountUpdated {
   "childNodeCount": 7,
   "nodeId": 17
}
[5.136][DEBUG]: DEVTOOLS EVENT DOM.childNodeCountUpdated {
   "childNodeCount": 6,
   "nodeId": 17
}
[5.136][DEBUG]: DEVTOOLS EVENT DOM.childNodeCountUpdated {
   "childNodeCount": 7,
   "nodeId": 17
}
[5.139][DEBUG]: DEVTOOLS EVENT DOM.childNodeCountUpdated {
   "childNodeCount": 8,
   "nodeId": 17
}
[5.139][DEBUG]: DEVTOOLS EVENT DOM.childNodeCountUpdated {
   "childNodeCount": 9,
   "nodeId": 17
}
[5.139][DEBUG]: DEVTOOLS EVENT DOM.childNodeCountUpdated {
   "childNodeCount": 10,
   "nodeId": 17
}
[5.139][DEBUG]: DEVTOOLS EVENT DOM.childNodeCountUpdated {
   "childNodeCount": 11,
   "nodeId": 17
}
[5.139][DEBUG]: DEVTOOLS EVENT DOM.childNodeCountUpdated {
   "childNodeCount": 12,
   "nodeId": 17
}
[5.139][DEBUG]: DEVTOOLS EVENT DOM.childNodeCountUpdated {
   "childNodeCount": 13,
   "nodeId": 17
}
[5.139][DEBUG]: DEVTOOLS EVENT DOM.childNodeCountUpdated {
   "childNodeCount": 14,
   "nodeId": 17
}
[5.139][DEBUG]: DEVTOOLS EVENT DOM.childNodeCountUpdated {
   "childNodeCount": 15,
   "nodeId": 17
}
[5.139][DEBUG]: DEVTOOLS EVENT DOM.childNodeCountUpdated {
   "childNodeCount": 14,
   "nodeId": 17
}
[5.139][DEBUG]: DEVTOOLS EVENT DOM.childNodeCountUpdated {
   "childNodeCount": 13,
   "nodeId": 17
}
[5.139][DEBUG]: DEVTOOLS EVENT DOM.childNodeCountUpdated {
   "childNodeCount": 14,
   "nodeId": 17
}
[5.139][DEBUG]: DEVTOOLS EVENT DOM.childNodeCountUpdated {
   "childNodeCount": 24,
   "nodeId": 16
}
[5.139][DEBUG]: DEVTOOLS EVENT DOM.childNodeCountUpdated {
   "childNodeCount": 15,
   "nodeId": 17
}
[5.139][DEBUG]: DEVTOOLS EVENT DOM.childNodeCountUpdated {
   "childNodeCount": 14,
   "nodeId": 17
}
[5.139][DEBUG]: DEVTOOLS EVENT DOM.childNodeCountUpdated {
   "childNodeCount": 15,
   "nodeId": 17
}
[5.139][DEBUG]: DEVTOOLS EVENT DOM.childNodeCountUpdated {
   "childNodeCount": 14,
   "nodeId": 17
}
[5.139][DEBUG]: DEVTOOLS EVENT DOM.childNodeCountUpdated {
   "childNodeCount": 15,
   "nodeId": 17
}
[5.139][DEBUG]: DEVTOOLS EVENT DOM.childNodeCountUpdated {
   "childNodeCount": 14,
   "nodeId": 17
}
[5.139][DEBUG]: DEVTOOLS EVENT DOM.childNodeCountUpdated {
   "childNodeCount": 15,
   "nodeId": 17
}
[5.139][DEBUG]: DEVTOOLS EVENT DOM.childNodeCountUpdated {
   "childNodeCount": 14,
   "nodeId": 17
}
[5.139][DEBUG]: DEVTOOLS EVENT DOM.childNodeCountUpdated {
   "childNodeCount": 15,
   "nodeId": 17
}
[5.139][DEBUG]: DEVTOOLS EVENT DOM.childNodeCountUpdated {
   "childNodeCount": 14,
   "nodeId": 17
}
[5.139][DEBUG]: DEVTOOLS EVENT DOM.childNodeCountUpdated {
   "childNodeCount": 15,
   "nodeId": 17
}
[5.140][DEBUG]: DEVTOOLS EVENT DOM.childNodeCountUpdated {
   "childNodeCount": 14,
   "nodeId": 17
}
[5.140][DEBUG]: DEVTOOLS EVENT DOM.childNodeCountUpdated {
   "childNodeCount": 15,
   "nodeId": 17
}
[5.140][DEBUG]: DEVTOOLS EVENT DOM.childNodeCountUpdated {
   "childNodeCount": 14,
   "nodeId": 17
}
[5.140][DEBUG]: DEVTOOLS EVENT DOM.childNodeCountUpdated {
   "childNodeCount": 15,
   "nodeId": 17
}
[5.141][DEBUG]: DEVTOOLS EVENT DOM.childNodeCountUpdated {
   "childNodeCount": 14,
   "nodeId": 17
}
[5.141][DEBUG]: DEVTOOLS EVENT DOM.childNodeCountUpdated {
   "childNodeCount": 15,
   "nodeId": 17
}
[5.141][DEBUG]: DEVTOOLS EVENT DOM.childNodeCountUpdated {
   "childNodeCount": 14,
   "nodeId": 17
}
[5.141][DEBUG]: DEVTOOLS EVENT DOM.childNodeCountUpdated {
   "childNodeCount": 15,
   "nodeId": 17
}
[5.141][DEBUG]: DEVTOOLS EVENT DOM.childNodeCountUpdated {
   "childNodeCount": 14,
   "nodeId": 17
}
[5.141][DEBUG]: DEVTOOLS EVENT DOM.childNodeCountUpdated {
   "childNodeCount": 15,
   "nodeId": 17
}
[5.141][DEBUG]: DEVTOOLS EVENT DOM.childNodeCountUpdated {
   "childNodeCount": 14,
   "nodeId": 17
}
[5.141][DEBUG]: DEVTOOLS EVENT DOM.childNodeCountUpdated {
   "childNodeCount": 15,
   "nodeId": 17
}
[5.144][DEBUG]: DEVTOOLS EVENT DOM.childNodeCountUpdated {
   "childNodeCount": 14,
   "nodeId": 17
}
[5.144][DEBUG]: DEVTOOLS EVENT DOM.childNodeCountUpdated {
   "childNodeCount": 15,
   "nodeId": 17
}
[5.144][DEBUG]: DEVTOOLS EVENT DOM.childNodeCountUpdated {
   "childNodeCount": 14,
   "nodeId": 17
}
[5.145][DEBUG]: DEVTOOLS EVENT DOM.childNodeCountUpdated {
   "childNodeCount": 15,
   "nodeId": 17
}
[5.145][DEBUG]: DEVTOOLS EVENT DOM.childNodeCountUpdated {
   "childNodeCount": 14,
   "nodeId": 17
}
[5.145][DEBUG]: DEVTOOLS EVENT DOM.childNodeCountUpdated {
   "childNodeCount": 15,
   "nodeId": 17
}
[5.145][DEBUG]: DEVTOOLS EVENT DOM.childNodeCountUpdated {
   "childNodeCount": 14,
   "nodeId": 17
}
[5.145][DEBUG]: DEVTOOLS EVENT DOM.childNodeCountUpdated {
   "childNodeCount": 15,
   "nodeId": 17
}
[5.145][DEBUG]: DEVTOOLS EVENT DOM.childNodeCountUpdated {
   "childNodeCount": 14,
   "nodeId": 17
}
[5.145][DEBUG]: DEVTOOLS EVENT DOM.childNodeCountUpdated {
   "childNodeCount": 25,
   "nodeId": 16
}
[5.145][DEBUG]: DEVTOOLS EVENT DOM.childNodeCountUpdated {
   "childNodeCount": 26,
   "nodeId": 16
}
[5.149][DEBUG]: DEVTOOLS EVENT DOM.childNodeCountUpdated {
   "childNodeCount": 27,
   "nodeId": 16
}
[5.149][DEBUG]: DEVTOOLS EVENT DOM.childNodeCountUpdated {
   "childNodeCount": 15,
   "nodeId": 17
}
[5.149][DEBUG]: DEVTOOLS EVENT DOM.childNodeCountUpdated {
   "childNodeCount": 14,
   "nodeId": 17
}
[5.149][DEBUG]: DEVTOOLS EVENT DOM.childNodeCountUpdated {
   "childNodeCount": 28,
   "nodeId": 16
}
[5.149][DEBUG]: DEVTOOLS EVENT DOM.childNodeCountUpdated {
   "childNodeCount": 15,
   "nodeId": 17
}
[5.149][DEBUG]: DEVTOOLS EVENT DOM.childNodeCountUpdated {
   "childNodeCount": 14,
   "nodeId": 17
}
[5.149][DEBUG]: DEVTOOLS EVENT Page.domContentEventFired {
   "timestamp": 1974.916704
}
[5.149][DEBUG]: DEVTOOLS EVENT Page.lifecycleEvent {
   "frameId": "(CE258D25F77FF48FAECE3B4D7B8BF844)",
   "name": "DOMContentLoaded",
   "timestamp": 1974.916704
}
[5.149][DEBUG]: DEVTOOLS EVENT DOM.documentUpdated {

}
[5.149][DEBUG]: DEVTOOLS COMMAND DOM.getDocument (id=19) {

}
[5.177][DEBUG]: DEVTOOLS RESPONSE Runtime.evaluate (id=18) {
   "result": {
      "description": "1",
      "type": "number",
      "value": 1
   }
}
[5.439][DEBUG]: DEVTOOLS RESPONSE DOM.getDocument (id=19) {
   "root": {
      "backendNodeId": 10,
      "baseURL": "https://translate.google.com/#en/es/Sports",
      "childNodeCount": 2,
      "children": [ {
         "backendNodeId": 11,
         "localName": "",
         "nodeId": 19,
         "nodeName": "html",
         "nodeType": 10,
         "nodeValue": "",
         "parentId": 18,
         "publicId": "",
         "systemId": ""
      }, {
         "attributes": [  ],
         "backendNodeId": 12,
         "childNodeCount": 2,
         "children": [ {
            "attributes": [  ],
            "backendNodeId": 13,
            "childNodeCount": 28,
            "localName": "head",
            "nodeId": 21,
            "nodeName": "HEAD",
            "nodeType": 1,
            "nodeValue": "",
            "parentId": 20
         }, {
            "attributes": [ "dir", "ltr", "onload", "window.jstiming.load['tick']('ol');", "class", "e_md pre-epu" ],
            "backendNodeId": 14,
            "childNodeCount": 14,
            "localName": "body",
            "nodeId": 22,
            "nodeName": "BODY",
            "nodeType": 1,
            "nodeValue": "",
            "parentId": 20
         } ],
         "frameId": "(CE258D25F77FF48FAECE3B4D7B8BF844)",
         "localName": "html",
         "nodeId": 20,
         "nodeName": "HTML",
         "nodeType": 1,
         "nodeValue": "",
         "parentId": 18
      } ],
      "documentURL": "https://translate.google.com/#en/es/Sports",
      "localName": "",
      "nodeId": 18,
      "nodeName": "#document",
      "nodeType": 9,
      "nodeValue": "",
      "xmlVersion": ""
   }
}
[5.559][DEBUG]: DEVTOOLS EVENT Page.lifecycleEvent {
   "frameId": "(CE258D25F77FF48FAECE3B4D7B8BF844)",
   "name": "firstMeaningfulPaintCandidate",
   "timestamp": 1975.268448
}
[5.559][DEBUG]: DEVTOOLS COMMAND Runtime.evaluate (id=20) {
   "expression": "1"
}
[5.598][DEBUG]: DEVTOOLS RESPONSE Runtime.evaluate (id=20) {
   "result": {
      "description": "1",
      "type": "number",
      "value": 1
   }
}
[6.138][DEBUG]: DEVTOOLS EVENT DOM.childNodeCountUpdated {
   "childNodeCount": 29,
   "nodeId": 21
}
[6.138][DEBUG]: DEVTOOLS EVENT DOM.childNodeCountUpdated {
   "childNodeCount": 15,
   "nodeId": 22
}
[6.138][DEBUG]: DEVTOOLS EVENT DOM.childNodeCountUpdated {
   "childNodeCount": 16,
   "nodeId": 22
}
[6.138][DEBUG]: DEVTOOLS EVENT DOM.childNodeCountUpdated {
   "childNodeCount": 17,
   "nodeId": 22
}
[6.138][DEBUG]: DEVTOOLS EVENT DOM.childNodeCountUpdated {
   "childNodeCount": 18,
   "nodeId": 22
}
[6.138][DEBUG]: DEVTOOLS EVENT DOM.childNodeCountUpdated {
   "childNodeCount": 19,
   "nodeId": 22
}
[6.138][DEBUG]: DEVTOOLS EVENT DOM.childNodeCountUpdated {
   "childNodeCount": 30,
   "nodeId": 21
}
[6.138][DEBUG]: DEVTOOLS EVENT DOM.childNodeCountUpdated {
   "childNodeCount": 20,
   "nodeId": 22
}
[6.138][DEBUG]: DEVTOOLS EVENT DOM.childNodeCountUpdated {
   "childNodeCount": 21,
   "nodeId": 22
}
[6.138][DEBUG]: DEVTOOLS EVENT DOM.childNodeCountUpdated {
   "childNodeCount": 20,
   "nodeId": 22
}
[6.138][DEBUG]: DEVTOOLS EVENT DOM.childNodeCountUpdated {
   "childNodeCount": 19,
   "nodeId": 22
}
[6.138][DEBUG]: DEVTOOLS EVENT DOM.childNodeCountUpdated {
   "childNodeCount": 20,
   "nodeId": 22
}
[6.138][DEBUG]: DEVTOOLS EVENT DOM.childNodeCountUpdated {
   "childNodeCount": 31,
   "nodeId": 21
}
[6.138][DEBUG]: DEVTOOLS EVENT DOM.childNodeCountUpdated {
   "childNodeCount": 32,
   "nodeId": 21
}
[6.138][DEBUG]: DEVTOOLS COMMAND Runtime.evaluate (id=21) {
   "expression": "1"
}
[6.187][DEBUG]: DEVTOOLS RESPONSE Runtime.evaluate (id=21) {
   "result": {
      "description": "1",
      "type": "number",
      "value": 1
   }
}
[6.289][DEBUG]: DEVTOOLS EVENT DOM.childNodeCountUpdated {
   "childNodeCount": 21,
   "nodeId": 22
}
[6.290][DEBUG]: DEVTOOLS COMMAND Runtime.evaluate (id=22) {
   "expression": "1"
}
[6.318][DEBUG]: DEVTOOLS RESPONSE Runtime.evaluate (id=22) {
   "result": {
      "description": "1",
      "type": "number",
      "value": 1
   }
}
[6.390][DEBUG]: DEVTOOLS EVENT Runtime.exceptionThrown {
   "exceptionDetails": {
      "columnNumber": 474,
      "exception": {
         "className": "TypeError",
         "description": "TypeError: Cannot convert undefined or null to object\n    at Image.b.onload.b.onerror (https://translate.google.com/translate/releases/twsfe_w_20180827_RC01/r/js/desktop_module_main.js:839:475)",
         "objectId": "{\"injectedScriptId\":3,\"id\":1}",
         "preview": {
            "description": "TypeError: Cannot convert undefined or null to object\n    at Image.b.onload.b.onerror (https://translate.google.com/translate/releases/twsfe_w_20180827_RC01/r/js/desktop_module_main.js:839:475)",
            "overflow": false,
            "properties": [ {
               "name": "stack",
               "type": "string",
               "value": "TypeError: Cannot convert undefined or null to obj…0180827_RC01/r/js/desktop_module_main.js:839:475)"
            }, {
               "name": "message",
               "type": "string",
               "value": "Cannot convert undefined or null to object"
            } ],
            "subtype": "error",
            "type": "object"
         },
         "subtype": "error",
         "type": "object"
      },
      "exceptionId": 1,
      "executionContextId": 3,
      "lineNumber": 838,
      "stackTrace": {
         "callFrames": [ {
            "columnNumber": 474,
            "functionName": "b.onload.b.onerror",
            "lineNumber": 838,
            "scriptId": "52",
            "url": "https://translate.google.com/translate/releases/twsfe_w_20180827_RC01/r/js/desktop_module_main.js"
         } ]
      },
      "text": "Uncaught",
      "url": "https://translate.google.com/translate/releases/twsfe_w_20180827_RC01/r/js/desktop_module_main.js"
   },
   "timestamp": 1535700873039.5042
}
[6.390][DEBUG]: DEVTOOLS COMMAND Runtime.evaluate (id=23) {
   "expression": "1"
}
[6.391][DEBUG]: DEVTOOLS RESPONSE Runtime.evaluate (id=23) {
   "result": {
      "description": "1",
      "type": "number",
      "value": 1
   }
}
[6.413][DEBUG]: DEVTOOLS EVENT Page.loadEventFired {
   "timestamp": 1976.191657
}
[6.413][DEBUG]: DEVTOOLS EVENT Page.lifecycleEvent {
   "frameId": "(CE258D25F77FF48FAECE3B4D7B8BF844)",
   "name": "load",
   "timestamp": 1976.191657
}
[6.414][DEBUG]: DEVTOOLS EVENT Page.frameStoppedLoading {
   "frameId": "(CE258D25F77FF48FAECE3B4D7B8BF844)"
}
[6.414][DEBUG]: DEVTOOLS COMMAND Runtime.evaluate (id=24) {
   "expression": "1"
}
[6.415][DEBUG]: DEVTOOLS RESPONSE Runtime.evaluate (id=24) {
   "result": {
      "description": "1",
      "type": "number",
      "value": 1
   }
}
[6.415][INFO]: Done waiting for pending navigations. Status: ok
[6.415][INFO]: RESPONSE Navigate
[6.415][INFO]: COMMAND SetTimeout {
   "ms": 30000,
   "type": "page load"
}
[6.415][INFO]: RESPONSE SetTimeout
[6.429][INFO]: COMMAND FindElements {
   "using": "css selector",
   "value": "#gt-src-c"
}
[6.429][INFO]: Waiting for pending navigations...
[6.429][DEBUG]: DEVTOOLS COMMAND Runtime.evaluate (id=25) {
   "expression": "1"
}
[6.437][DEBUG]: DEVTOOLS RESPONSE Runtime.evaluate (id=25) {
   "result": {
      "description": "1",
      "type": "number",
      "value": 1
   }
}
[6.437][INFO]: Done waiting for pending navigations. Status: ok
[6.442][DEBUG]: DEVTOOLS COMMAND Runtime.evaluate (id=26) {
   "expression": "(function() { // Copyright (c) 2012 The Chromium Authors. All rights reserved.\n// Use of this source code is governed by a BSD-style license that can be\n// found in the LICENSE file.\n\n/**\n * Enum f...",
   "returnByValue": true
}
[6.466][DEBUG]: DEVTOOLS RESPONSE Runtime.evaluate (id=26) {
   "result": {
      "type": "object",
      "value": {
         "status": 0,
         "value": [ {
            "ELEMENT": "0.2966926691629055-1"
         } ]
      }
   }
}
[6.466][INFO]: Waiting for pending navigations...
[6.466][DEBUG]: DEVTOOLS COMMAND Runtime.evaluate (id=27) {
   "expression": "1"
}
[6.467][DEBUG]: DEVTOOLS RESPONSE Runtime.evaluate (id=27) {
   "result": {
      "description": "1",
      "type": "number",
      "value": 1
   }
}
[6.467][INFO]: Done waiting for pending navigations. Status: ok
[6.467][INFO]: RESPONSE FindElements [ {
   "ELEMENT": "0.2966926691629055-1"
} ]
[6.479][INFO]: COMMAND IsElementDisplayed {
   "id": "0.2966926691629055-1"
}
[6.479][INFO]: Waiting for pending navigations...
[6.479][DEBUG]: DEVTOOLS COMMAND Runtime.evaluate (id=28) {
   "expression": "1"
}
[6.480][DEBUG]: DEVTOOLS RESPONSE Runtime.evaluate (id=28) {
   "result": {
      "description": "1",
      "type": "number",
      "value": 1
   }
}
[6.480][INFO]: Done waiting for pending navigations. Status: ok
[6.482][DEBUG]: DEVTOOLS COMMAND Runtime.evaluate (id=29) {
   "expression": "(function() { // Copyright (c) 2012 The Chromium Authors. All rights reserved.\n// Use of this source code is governed by a BSD-style license that can be\n// found in the LICENSE file.\n\n/**\n * Enum f...",
   "returnByValue": true
}
[6.509][DEBUG]: DEVTOOLS RESPONSE Runtime.evaluate (id=29) {
   "result": {
      "type": "object",
      "value": {
         "status": 0,
         "value": true
      }
   }
}
[6.509][INFO]: Waiting for pending navigations...
[6.509][DEBUG]: DEVTOOLS COMMAND Runtime.evaluate (id=30) {
   "expression": "1"
}
[6.522][DEBUG]: DEVTOOLS RESPONSE Runtime.evaluate (id=30) {
   "result": {
      "description": "1",
      "type": "number",
      "value": 1
   }
}
[6.522][INFO]: Done waiting for pending navigations. Status: ok
[6.522][INFO]: RESPONSE IsElementDisplayed true
[6.531][INFO]: COMMAND FindChildElements {
   "id": "0.2966926691629055-1",
   "using": "css selector",
   "value": "textarea#source"
}
[6.531][INFO]: Waiting for pending navigations...
[6.531][DEBUG]: DEVTOOLS COMMAND Runtime.evaluate (id=31) {
   "expression": "1"
}
[6.533][DEBUG]: DEVTOOLS RESPONSE Runtime.evaluate (id=31) {
   "result": {
      "description": "1",
      "type": "number",
      "value": 1
   }
}
[6.533][INFO]: Done waiting for pending navigations. Status: ok
[6.535][DEBUG]: DEVTOOLS COMMAND Runtime.evaluate (id=32) {
   "expression": "(function() { // Copyright (c) 2012 The Chromium Authors. All rights reserved.\n// Use of this source code is governed by a BSD-style license that can be\n// found in the LICENSE file.\n\n/**\n * Enum f...",
   "returnByValue": true
}
[6.559][DEBUG]: DEVTOOLS RESPONSE Runtime.evaluate (id=32) {
   "result": {
      "type": "object",
      "value": {
         "status": 0,
         "value": [ {
            "ELEMENT": "0.2966926691629055-2"
         } ]
      }
   }
}
[6.559][INFO]: Waiting for pending navigations...
[6.559][DEBUG]: DEVTOOLS COMMAND Runtime.evaluate (id=33) {
   "expression": "1"
}
[6.561][DEBUG]: DEVTOOLS RESPONSE Runtime.evaluate (id=33) {
   "result": {
      "description": "1",
      "type": "number",
      "value": 1
   }
}
[6.561][INFO]: Done waiting for pending navigations. Status: ok
[6.561][INFO]: RESPONSE FindChildElements [ {
   "ELEMENT": "0.2966926691629055-2"
} ]
[6.598][INFO]: COMMAND IsElementDisplayed {
   "id": "0.2966926691629055-2"
}
[6.598][INFO]: Waiting for pending navigations...
[6.598][DEBUG]: DEVTOOLS COMMAND Runtime.evaluate (id=34) {
   "expression": "1"
}
[6.619][DEBUG]: DEVTOOLS RESPONSE Runtime.evaluate (id=34) {
   "result": {
      "description": "1",
      "type": "number",
      "value": 1
   }
}
[6.619][INFO]: Done waiting for pending navigations. Status: ok
[6.621][DEBUG]: DEVTOOLS COMMAND Runtime.evaluate (id=35) {
   "expression": "(function() { // Copyright (c) 2012 The Chromium Authors. All rights reserved.\n// Use of this source code is governed by a BSD-style license that can be\n// found in the LICENSE file.\n\n/**\n * Enum f...",
   "returnByValue": true
}
[6.665][DEBUG]: DEVTOOLS RESPONSE Runtime.evaluate (id=35) {
   "result": {
      "type": "object",
      "value": {
         "status": 0,
         "value": true
      }
   }
}
[6.665][INFO]: Waiting for pending navigations...
[6.665][DEBUG]: DEVTOOLS COMMAND Runtime.evaluate (id=36) {
   "expression": "1"
}
[6.678][DEBUG]: DEVTOOLS RESPONSE Runtime.evaluate (id=36) {
   "result": {
      "description": "1",
      "type": "number",
      "value": 1
   }
}
[6.678][INFO]: Done waiting for pending navigations. Status: ok
[6.678][INFO]: RESPONSE IsElementDisplayed true
[6.687][INFO]: COMMAND ClearElement {
   "id": "0.2966926691629055-2"
}
[6.687][INFO]: Waiting for pending navigations...
[6.687][DEBUG]: DEVTOOLS COMMAND Runtime.evaluate (id=37) {
   "expression": "1"
}
[6.688][DEBUG]: DEVTOOLS RESPONSE Runtime.evaluate (id=37) {
   "result": {
      "description": "1",
      "type": "number",
      "value": 1
   }
}
[6.688][INFO]: Done waiting for pending navigations. Status: ok
[6.701][DEBUG]: DEVTOOLS COMMAND Runtime.evaluate (id=38) {
   "expression": "(function() { // Copyright (c) 2012 The Chromium Authors. All rights reserved.\n// Use of this source code is governed by a BSD-style license that can be\n// found in the LICENSE file.\n\n/**\n * Enum f...",
   "returnByValue": true
}
[6.703][DEBUG]: DEVTOOLS EVENT Page.lifecycleEvent {
   "frameId": "(CE258D25F77FF48FAECE3B4D7B8BF844)",
   "name": "firstMeaningfulPaint",
   "timestamp": 1975.268448
}
[6.728][DEBUG]: DEVTOOLS RESPONSE Runtime.evaluate (id=38) {
   "result": {
      "type": "object",
      "value": {
         "status": 0,
         "value": null
      }
   }
}
[6.728][INFO]: Waiting for pending navigations...
[6.728][DEBUG]: DEVTOOLS COMMAND Runtime.evaluate (id=39) {
   "expression": "1"
}
[6.737][DEBUG]: DEVTOOLS RESPONSE Runtime.evaluate (id=39) {
   "result": {
      "description": "1",
      "type": "number",
      "value": 1
   }
}
[6.737][INFO]: Done waiting for pending navigations. Status: ok
[6.737][INFO]: RESPONSE ClearElement
[6.753][INFO]: COMMAND TypeElement {
   "id": "0.2966926691629055-2",
   "text": "12345",
   "value": [ "1", "2", "3", "4", "5" ]
}
[6.753][INFO]: Waiting for pending navigations...
[6.753][DEBUG]: DEVTOOLS COMMAND Runtime.evaluate (id=40) {
   "expression": "1"
}
[6.754][DEBUG]: DEVTOOLS RESPONSE Runtime.evaluate (id=40) {
   "result": {
      "description": "1",
      "type": "number",
      "value": 1
   }
}
[6.754][INFO]: Done waiting for pending navigations. Status: ok
[6.754][DEBUG]: DEVTOOLS COMMAND Runtime.evaluate (id=41) {
   "expression": "(function() { // Copyright (c) 2012 The Chromium Authors. All rights reserved.\n// Use of this source code is governed by a BSD-style license that can be\n// found in the LICENSE file.\n\n/**\n * Enum f...",
   "returnByValue": true
}
[6.766][DEBUG]: DEVTOOLS RESPONSE Runtime.evaluate (id=41) {
   "result": {
      "type": "object",
      "value": {
         "status": 0,
         "value": "TEXTAREA"
      }
   }
}
[6.766][DEBUG]: DEVTOOLS COMMAND Runtime.evaluate (id=42) {
   "expression": "(function() { // Copyright (c) 2012 The Chromium Authors. All rights reserved.\n// Use of this source code is governed by a BSD-style license that can be\n// found in the LICENSE file.\n\n/**\n * Enum f...",
   "returnByValue": true
}
[6.769][DEBUG]: DEVTOOLS RESPONSE Runtime.evaluate (id=42) {
   "result": {
      "type": "object",
      "value": {
         "status": 0,
         "value": "textarea"
      }
   }
}
[6.771][DEBUG]: DEVTOOLS COMMAND Runtime.evaluate (id=43) {
   "expression": "(function() { // Copyright (c) 2012 The Chromium Authors. All rights reserved.\n// Use of this source code is governed by a BSD-style license that can be\n// found in the LICENSE file.\n\n/**\n * Enum f...",
   "returnByValue": true
}
[6.791][DEBUG]: DEVTOOLS RESPONSE Runtime.evaluate (id=43) {
   "result": {
      "type": "object",
      "value": {
         "status": 0,
         "value": true
      }
   }
}
[6.792][DEBUG]: DEVTOOLS COMMAND Runtime.evaluate (id=44) {
   "expression": "(function() { // Copyright (c) 2012 The Chromium Authors. All rights reserved.\n// Use of this source code is governed by a BSD-style license that can be\n// found in the LICENSE file.\n\n/**\n * Enum f...",
   "returnByValue": true
}
[6.803][DEBUG]: DEVTOOLS RESPONSE Runtime.evaluate (id=44) {
   "result": {
      "type": "object",
      "value": {
         "status": 0,
         "value": true
      }
   }
}
[6.804][DEBUG]: DEVTOOLS COMMAND Runtime.evaluate (id=45) {
   "expression": "(function() { // Copyright (c) 2012 The Chromium Authors. All rights reserved.\n// Use of this source code is governed by a BSD-style license that can be\n// found in the LICENSE file.\n\n/**\n * Enum f...",
   "returnByValue": true
}
[6.807][DEBUG]: DEVTOOLS RESPONSE Runtime.evaluate (id=45) {
   "result": {
      "type": "object",
      "value": {
         "status": 0,
         "value": null
      }
   }
}
[6.809][DEBUG]: DEVTOOLS COMMAND Input.dispatchKeyEvent (id=46) {
   "code": "Digit1",
   "key": "1",
   "modifiers": 0,
   "text": "1",
   "type": "rawKeyDown",
   "unmodifiedText": "1",
   "windowsVirtualKeyCode": 49
}
[6.822][DEBUG]: DEVTOOLS RESPONSE Input.dispatchKeyEvent (id=46) {

}
[6.822][DEBUG]: DEVTOOLS COMMAND Input.dispatchKeyEvent (id=47) {
   "code": "Digit1",
   "key": "1",
   "modifiers": 0,
   "text": "1",
   "type": "char",
   "unmodifiedText": "1",
   "windowsVirtualKeyCode": 49
}
[6.828][DEBUG]: DEVTOOLS RESPONSE Input.dispatchKeyEvent (id=47) {

}
[6.828][DEBUG]: DEVTOOLS COMMAND Input.dispatchKeyEvent (id=48) {
   "code": "Digit1",
   "key": "1",
   "modifiers": 0,
   "text": "1",
   "type": "keyUp",
   "unmodifiedText": "1",
   "windowsVirtualKeyCode": 49
}
[6.830][DEBUG]: DEVTOOLS RESPONSE Input.dispatchKeyEvent (id=48) {

}
[6.830][DEBUG]: DEVTOOLS COMMAND Input.dispatchKeyEvent (id=49) {
   "code": "Digit2",
   "key": "2",
   "modifiers": 0,
   "text": "2",
   "type": "rawKeyDown",
   "unmodifiedText": "2",
   "windowsVirtualKeyCode": 50
}
[6.846][DEBUG]: DEVTOOLS RESPONSE Input.dispatchKeyEvent (id=49) {

}
[6.846][DEBUG]: DEVTOOLS COMMAND Input.dispatchKeyEvent (id=50) {
   "code": "Digit2",
   "key": "2",
   "modifiers": 0,
   "text": "2",
   "type": "char",
   "unmodifiedText": "2",
   "windowsVirtualKeyCode": 50
}
[6.853][DEBUG]: DEVTOOLS RESPONSE Input.dispatchKeyEvent (id=50) {

}
[6.853][DEBUG]: DEVTOOLS COMMAND Input.dispatchKeyEvent (id=51) {
   "code": "Digit2",
   "key": "2",
   "modifiers": 0,
   "text": "2",
   "type": "keyUp",
   "unmodifiedText": "2",
   "windowsVirtualKeyCode": 50
}
[6.862][DEBUG]: DEVTOOLS RESPONSE Input.dispatchKeyEvent (id=51) {

}
[6.862][DEBUG]: DEVTOOLS COMMAND Input.dispatchKeyEvent (id=52) {
   "code": "Digit3",
   "key": "3",
   "modifiers": 0,
   "text": "3",
   "type": "rawKeyDown",
   "unmodifiedText": "3",
   "windowsVirtualKeyCode": 51
}
[6.872][DEBUG]: DEVTOOLS EVENT DOM.childNodeCountUpdated {
   "childNodeCount": 33,
   "nodeId": 21
}
[6.878][DEBUG]: DEVTOOLS RESPONSE Input.dispatchKeyEvent (id=52) {

}
[6.878][DEBUG]: DEVTOOLS COMMAND Input.dispatchKeyEvent (id=53) {
   "code": "Digit3",
   "key": "3",
   "modifiers": 0,
   "text": "3",
   "type": "char",
   "unmodifiedText": "3",
   "windowsVirtualKeyCode": 51
}
[6.887][DEBUG]: DEVTOOLS RESPONSE Input.dispatchKeyEvent (id=53) {

}
[6.887][DEBUG]: DEVTOOLS COMMAND Input.dispatchKeyEvent (id=54) {
   "code": "Digit3",
   "key": "3",
   "modifiers": 0,
   "text": "3",
   "type": "keyUp",
   "unmodifiedText": "3",
   "windowsVirtualKeyCode": 51
}
[6.899][DEBUG]: DEVTOOLS RESPONSE Input.dispatchKeyEvent (id=54) {

}
[6.899][DEBUG]: DEVTOOLS COMMAND Input.dispatchKeyEvent (id=55) {
   "code": "Digit4",
   "key": "4",
   "modifiers": 0,
   "text": "4",
   "type": "rawKeyDown",
   "unmodifiedText": "4",
   "windowsVirtualKeyCode": 52
}
[6.903][DEBUG]: DEVTOOLS EVENT DOM.childNodeCountUpdated {
   "childNodeCount": 32,
   "nodeId": 21
}
[6.906][DEBUG]: DEVTOOLS RESPONSE Input.dispatchKeyEvent (id=55) {

}
[6.906][DEBUG]: DEVTOOLS COMMAND Input.dispatchKeyEvent (id=56) {
   "code": "Digit4",
   "key": "4",
   "modifiers": 0,
   "text": "4",
   "type": "char",
   "unmodifiedText": "4",
   "windowsVirtualKeyCode": 52
}
[6.917][DEBUG]: DEVTOOLS RESPONSE Input.dispatchKeyEvent (id=56) {

}
[6.917][DEBUG]: DEVTOOLS COMMAND Input.dispatchKeyEvent (id=57) {
   "code": "Digit4",
   "key": "4",
   "modifiers": 0,
   "text": "4",
   "type": "keyUp",
   "unmodifiedText": "4",
   "windowsVirtualKeyCode": 52
}
[6.926][DEBUG]: DEVTOOLS RESPONSE Input.dispatchKeyEvent (id=57) {

}
[6.926][DEBUG]: DEVTOOLS COMMAND Input.dispatchKeyEvent (id=58) {
   "code": "Digit5",
   "key": "5",
   "modifiers": 0,
   "text": "5",
   "type": "rawKeyDown",
   "unmodifiedText": "5",
   "windowsVirtualKeyCode": 53
}
[6.930][DEBUG]: DEVTOOLS RESPONSE Input.dispatchKeyEvent (id=58) {

}
[6.930][DEBUG]: DEVTOOLS COMMAND Input.dispatchKeyEvent (id=59) {
   "code": "Digit5",
   "key": "5",
   "modifiers": 0,
   "text": "5",
   "type": "char",
   "unmodifiedText": "5",
   "windowsVirtualKeyCode": 53
}
[6.950][DEBUG]: DEVTOOLS RESPONSE Input.dispatchKeyEvent (id=59) {

}
[6.950][DEBUG]: DEVTOOLS COMMAND Input.dispatchKeyEvent (id=60) {
   "code": "Digit5",
   "key": "5",
   "modifiers": 0,
   "text": "5",
   "type": "keyUp",
   "unmodifiedText": "5",
   "windowsVirtualKeyCode": 53
}
[6.954][DEBUG]: DEVTOOLS RESPONSE Input.dispatchKeyEvent (id=60) {

}
[6.954][INFO]: Waiting for pending navigations...
[6.954][DEBUG]: DEVTOOLS COMMAND Runtime.evaluate (id=61) {
   "expression": "1"
}
[6.955][DEBUG]: DEVTOOLS RESPONSE Runtime.evaluate (id=61) {
   "result": {
      "description": "1",
      "type": "number",
      "value": 1
   }
}
[6.955][INFO]: Done waiting for pending navigations. Status: ok
[6.955][INFO]: RESPONSE TypeElement
[6.988][INFO]: COMMAND Screenshot {

}
[6.989][INFO]: Waiting for pending navigations...
[6.989][DEBUG]: DEVTOOLS COMMAND Runtime.evaluate (id=62) {
   "expression": "1"
}
[6.990][DEBUG]: DEVTOOLS RESPONSE Runtime.evaluate (id=62) {
   "result": {
      "description": "1",
      "type": "number",
      "value": 1
   }
}
[6.990][INFO]: Done waiting for pending navigations. Status: ok
[6.990][DEBUG]: DevTools request: http://localhost:12966/json/activate/(CE258D25F77FF48FAECE3B4D7B8BF844)
[6.990][DEBUG]: DevTools response: Target activated
[6.990][DEBUG]: DEVTOOLS COMMAND Page.captureScreenshot (id=63) {

}
[7.243][DEBUG]: DEVTOOLS RESPONSE Page.captureScreenshot (id=63) {
   "data": "iVBORw0KGgoAAAANSUhEUgAABVYAAAO+CAYAAADv/k7HAAAgAElEQVR4nOzdeXxU1fnH8e9s2Vf2VQn7voiAClZBpQJiAanSFkW0rlWpS7WiILZqK26l2gIWREEEsSwSkJ8oxIU1IhLZKRCEECCEkG0g28z9/REzZLLOhCQzIZ+3L15m7j33nOfcmeSePDn3XFNGR..."
}
[7.243][INFO]: Waiting for pending navigations...
[7.243][DEBUG]: DEVTOOLS COMMAND Runtime.evaluate (id=64) {
   "expression": "1"
}
[7.244][DEBUG]: DEVTOOLS EVENT DOM.childNodeCountUpdated {
   "childNodeCount": 33,
   "nodeId": 21
}
[7.244][DEBUG]: DEVTOOLS EVENT DOM.childNodeCountUpdated {
   "childNodeCount": 32,
   "nodeId": 21
}
[7.298][DEBUG]: DEVTOOLS RESPONSE Runtime.evaluate (id=64) {
   "result": {
      "description": "1",
      "type": "number",
      "value": 1
   }
}
[7.298][INFO]: Done waiting for pending navigations. Status: ok
[7.298][INFO]: RESPONSE Screenshot "iVBORw0KGgoAAAANSUhEUgAABVYAAAO+CAYAAADv/k7HAAAgAElEQVR4nOzdeXxU1fnH8e9s2Vf2VQn7voiAClZBpQJiAanSFkW0rlWpS7WiILZqK26l2gIWREEEsSwSkJ8oxIU1IhLZKRCEECCEkG0g28z9/REzZLLOhCQzIZ+3L15m7j33nOfcmeSePDn3XFNGR..."
[7.598][INFO]: COMMAND Navigate {
   "url": "https://translate.google.com/#en/es/Sports"
}
[7.598][DEBUG]: DEVTOOLS EVENT Page.lifecycleEvent {
   "frameId": "(CE258D25F77FF48FAECE3B4D7B8BF844)",
   "name": "networkAlmostIdle",
   "timestamp": 1975.974058
}
[7.598][INFO]: Waiting for pending navigations...
[7.598][DEBUG]: DEVTOOLS COMMAND Runtime.evaluate (id=65) {
   "expression": "1"
}
[7.599][DEBUG]: DEVTOOLS RESPONSE Runtime.evaluate (id=65) {
   "result": {
      "description": "1",
      "type": "number",
      "value": 1
   }
}
[7.599][INFO]: Done waiting for pending navigations. Status: ok
[7.599][DEBUG]: DEVTOOLS COMMAND Page.navigate (id=66) {
   "url": "https://translate.google.com/#en/es/Sports"
}
[7.641][DEBUG]: DEVTOOLS RESPONSE Page.navigate (id=66) {
   "frameId": "(CE258D25F77FF48FAECE3B4D7B8BF844)"
}
[7.641][DEBUG]: DEVTOOLS COMMAND Runtime.evaluate (id=67) {
   "expression": "document.URL"
}
[7.645][DEBUG]: DEVTOOLS RESPONSE Runtime.evaluate (id=67) {
   "result": {
      "type": "string",
      "value": "https://translate.google.com/#en/es/Sports"
   }
}
[7.645][INFO]: Waiting for pending navigations...
[7.645][DEBUG]: DEVTOOLS COMMAND Runtime.evaluate (id=68) {
   "expression": "1"
}
[7.647][DEBUG]: DEVTOOLS RESPONSE Runtime.evaluate (id=68) {
   "result": {
      "description": "1",
      "type": "number",
      "value": 1
   }
}
[7.647][DEBUG]: DEVTOOLS COMMAND DOM.getDocument (id=69) {

}
[7.649][DEBUG]: DEVTOOLS RESPONSE DOM.getDocument (id=69) {
   "root": {
      "backendNodeId": 10,
      "baseURL": "https://translate.google.com/#en/es/Sports",
      "childNodeCount": 2,
      "children": [ {
         "backendNodeId": 11,
         "localName": "",
         "nodeId": 24,
         "nodeName": "html",
         "nodeType": 10,
         "nodeValue": "",
         "parentId": 23,
         "publicId": "",
         "systemId": ""
      }, {
         "attributes": [  ],
         "backendNodeId": 12,
         "childNodeCount": 2,
         "children": [ {
            "attributes": [  ],
            "backendNodeId": 13,
            "childNodeCount": 32,
            "localName": "head",
            "nodeId": 26,
            "nodeName": "HEAD",
            "nodeType": 1,
            "nodeValue": "",
            "parentId": 25
         }, {
            "attributes": [ "dir", "ltr", "onload", "window.jstiming.load['tick']('ol');", "class", "e_md pre-epu" ],
            "backendNodeId": 14,
            "childNodeCount": 21,
            "localName": "body",
            "nodeId": 27,
            "nodeName": "BODY",
            "nodeType": 1,
            "nodeValue": "",
            "parentId": 25
         } ],
         "frameId": "(CE258D25F77FF48FAECE3B4D7B8BF844)",
         "localName": "html",
         "nodeId": 25,
         "nodeName": "HTML",
         "nodeType": 1,
         "nodeValue": "",
         "parentId": 23
      } ],
      "documentURL": "https://translate.google.com/#en/es/Sports",
      "localName": "",
      "nodeId": 23,
      "nodeName": "#document",
      "nodeType": 9,
      "nodeValue": "",
      "xmlVersion": ""
   }
}
[7.649][DEBUG]: DEVTOOLS COMMAND Runtime.evaluate (id=70) {
   "expression": "var isLoaded = document.readyState == 'complete' ||    document.readyState == 'interactive';if (isLoaded) {  var frame = document.createElement('iframe');  frame.name = 'chromedriver dummy frame'; ..."
}
[7.680][DEBUG]: DEVTOOLS EVENT DOM.childNodeCountUpdated {
   "childNodeCount": 22,
   "nodeId": 27
}
[7.681][DEBUG]: DEVTOOLS EVENT Page.frameAttached {
   "frameId": "(F6ACB08F5B330FEC34171A6AA4F279EA)",
   "parentFrameId": "(CE258D25F77FF48FAECE3B4D7B8BF844)",
   "stack": {
      "callFrames": [ {
         "columnNumber": 240,
         "functionName": "",
         "lineNumber": 0,
         "scriptId": "81",
         "url": ""
      } ]
   }
}
[7.681][DEBUG]: DEVTOOLS EVENT Page.lifecycleEvent {
   "frameId": "(F6ACB08F5B330FEC34171A6AA4F279EA)",
   "name": "DOMContentLoaded",
   "timestamp": 1977.434757
}
[7.681][DEBUG]: DEVTOOLS EVENT Page.frameStartedLoading {
   "frameId": "(F6ACB08F5B330FEC34171A6AA4F279EA)"
}
[7.681][DEBUG]: DEVTOOLS EVENT Page.lifecycleEvent {
   "frameId": "(F6ACB08F5B330FEC34171A6AA4F279EA)",
   "name": "commit",
   "timestamp": 1977.435185
}
[7.682][DEBUG]: DEVTOOLS EVENT Page.frameNavigated {
   "frame": {
      "id": "(F6ACB08F5B330FEC34171A6AA4F279EA)",
      "loaderId": "472.3",
      "mimeType": "text/html",
      "name": "chromedriver dummy frame",
      "parentId": "(CE258D25F77FF48FAECE3B4D7B8BF844)",
      "securityOrigin": "://",
      "url": "about:blank"
   }
}
[7.682][DEBUG]: DEVTOOLS EVENT Runtime.executionContextCreated {
   "context": {
      "auxData": {
         "frameId": "(F6ACB08F5B330FEC34171A6AA4F279EA)",
         "isDefault": true
      },
      "id": 4,
      "name": "",
      "origin": "https://translate.google.com"
   }
}
[7.682][DEBUG]: DEVTOOLS EVENT Page.lifecycleEvent {
   "frameId": "(F6ACB08F5B330FEC34171A6AA4F279EA)",
   "name": "load",
   "timestamp": 1977.44798
}
[7.682][DEBUG]: DEVTOOLS EVENT Page.frameStoppedLoading {
   "frameId": "(F6ACB08F5B330FEC34171A6AA4F279EA)"
}
[7.682][DEBUG]: DEVTOOLS EVENT Page.lifecycleEvent {
   "frameId": "(F6ACB08F5B330FEC34171A6AA4F279EA)",
   "name": "DOMContentLoaded",
   "timestamp": 1977.448576
}
[7.682][DEBUG]: DEVTOOLS RESPONSE Runtime.evaluate (id=70) {
   "result": {
      "description": "60",
      "type": "number",
      "value": 60
   }
}
[7.682][INFO]: Done waiting for pending navigations. Status: ok
[7.682][INFO]: RESPONSE Navigate
[7.712][INFO]: COMMAND FindElements {
   "using": "css selector",
   "value": "#gt-src-c"
}
[7.712][INFO]: Waiting for pending navigations...
[7.712][DEBUG]: DEVTOOLS COMMAND Runtime.evaluate (id=71) {
   "expression": "1"
}
[7.732][DEBUG]: DEVTOOLS EVENT DOM.childNodeCountUpdated {
   "childNodeCount": 21,
   "nodeId": 27
}
[7.732][DEBUG]: DEVTOOLS EVENT Runtime.executionContextDestroyed {
   "executionContextId": 4
}
[7.732][DEBUG]: DEVTOOLS EVENT Page.frameDetached {
   "frameId": "(F6ACB08F5B330FEC34171A6AA4F279EA)"
}
[7.748][DEBUG]: DEVTOOLS RESPONSE Runtime.evaluate (id=71) {
   "result": {
      "description": "1",
      "type": "number",
      "value": 1
   }
}
[7.748][INFO]: Done waiting for pending navigations. Status: ok
[7.750][DEBUG]: DEVTOOLS COMMAND Runtime.evaluate (id=72) {
   "expression": "(function() { // Copyright (c) 2012 The Chromium Authors. All rights reserved.\n// Use of this source code is governed by a BSD-style license that can be\n// found in the LICENSE file.\n\n/**\n * Enum f...",
   "returnByValue": true
}
[7.788][DEBUG]: DEVTOOLS RESPONSE Runtime.evaluate (id=72) {
   "result": {
      "type": "object",
      "value": {
         "status": 0,
         "value": [ {
            "ELEMENT": "0.2966926691629055-1"
         } ]
      }
   }
}
[7.788][INFO]: Waiting for pending navigations...
[7.788][DEBUG]: DEVTOOLS COMMAND Runtime.evaluate (id=73) {
   "expression": "1"
}
[7.789][DEBUG]: DEVTOOLS RESPONSE Runtime.evaluate (id=73) {
   "result": {
      "description": "1",
      "type": "number",
      "value": 1
   }
}
[7.789][INFO]: Done waiting for pending navigations. Status: ok
[7.789][INFO]: RESPONSE FindElements [ {
   "ELEMENT": "0.2966926691629055-1"
} ]
[7.808][INFO]: COMMAND IsElementDisplayed {
   "id": "0.2966926691629055-1"
}
[7.808][INFO]: Waiting for pending navigations...
[7.808][DEBUG]: DEVTOOLS COMMAND Runtime.evaluate (id=74) {
   "expression": "1"
}
[7.809][DEBUG]: DEVTOOLS RESPONSE Runtime.evaluate (id=74) {
   "result": {
      "description": "1",
      "type": "number",
      "value": 1
   }
}
[7.809][INFO]: Done waiting for pending navigations. Status: ok
[7.812][DEBUG]: DEVTOOLS COMMAND Runtime.evaluate (id=75) {
   "expression": "(function() { // Copyright (c) 2012 The Chromium Authors. All rights reserved.\n// Use of this source code is governed by a BSD-style license that can be\n// found in the LICENSE file.\n\n/**\n * Enum f...",
   "returnByValue": true
}
[7.825][DEBUG]: DEVTOOLS RESPONSE Runtime.evaluate (id=75) {
   "result": {
      "type": "object",
      "value": {
         "status": 0,
         "value": true
      }
   }
}
[7.825][INFO]: Waiting for pending navigations...
[7.825][DEBUG]: DEVTOOLS COMMAND Runtime.evaluate (id=76) {
   "expression": "1"
}
[7.826][DEBUG]: DEVTOOLS RESPONSE Runtime.evaluate (id=76) {
   "result": {
      "description": "1",
      "type": "number",
      "value": 1
   }
}
[7.826][INFO]: Done waiting for pending navigations. Status: ok
[7.826][INFO]: RESPONSE IsElementDisplayed true
[7.829][INFO]: COMMAND FindChildElements {
   "id": "0.2966926691629055-1",
   "using": "css selector",
   "value": "textarea#source"
}
[7.829][INFO]: Waiting for pending navigations...
[7.829][DEBUG]: DEVTOOLS COMMAND Runtime.evaluate (id=77) {
   "expression": "1"
}
[7.830][DEBUG]: DEVTOOLS RESPONSE Runtime.evaluate (id=77) {
   "result": {
      "description": "1",
      "type": "number",
      "value": 1
   }
}
[7.830][INFO]: Done waiting for pending navigations. Status: ok
[7.832][DEBUG]: DEVTOOLS COMMAND Runtime.evaluate (id=78) {
   "expression": "(function() { // Copyright (c) 2012 The Chromium Authors. All rights reserved.\n// Use of this source code is governed by a BSD-style license that can be\n// found in the LICENSE file.\n\n/**\n * Enum f...",
   "returnByValue": true
}
[7.844][DEBUG]: DEVTOOLS RESPONSE Runtime.evaluate (id=78) {
   "result": {
      "type": "object",
      "value": {
         "status": 0,
         "value": [ {
            "ELEMENT": "0.2966926691629055-2"
         } ]
      }
   }
}
[7.844][INFO]: Waiting for pending navigations...
[7.844][DEBUG]: DEVTOOLS COMMAND Runtime.evaluate (id=79) {
   "expression": "1"
}
[7.845][DEBUG]: DEVTOOLS RESPONSE Runtime.evaluate (id=79) {
   "result": {
      "description": "1",
      "type": "number",
      "value": 1
   }
}
[7.845][INFO]: Done waiting for pending navigations. Status: ok
[7.845][INFO]: RESPONSE FindChildElements [ {
   "ELEMENT": "0.2966926691629055-2"
} ]
[7.849][INFO]: COMMAND IsElementDisplayed {
   "id": "0.2966926691629055-2"
}
[7.849][INFO]: Waiting for pending navigations...
[7.849][DEBUG]: DEVTOOLS COMMAND Runtime.evaluate (id=80) {
   "expression": "1"
}
[7.850][DEBUG]: DEVTOOLS RESPONSE Runtime.evaluate (id=80) {
   "result": {
      "description": "1",
      "type": "number",
      "value": 1
   }
}
[7.850][INFO]: Done waiting for pending navigations. Status: ok
[7.852][DEBUG]: DEVTOOLS COMMAND Runtime.evaluate (id=81) {
   "expression": "(function() { // Copyright (c) 2012 The Chromium Authors. All rights reserved.\n// Use of this source code is governed by a BSD-style license that can be\n// found in the LICENSE file.\n\n/**\n * Enum f...",
   "returnByValue": true
}
[7.864][DEBUG]: DEVTOOLS RESPONSE Runtime.evaluate (id=81) {
   "result": {
      "type": "object",
      "value": {
         "status": 0,
         "value": true
      }
   }
}
[7.864][INFO]: Waiting for pending navigations...
[7.864][DEBUG]: DEVTOOLS COMMAND Runtime.evaluate (id=82) {
   "expression": "1"
}
[7.865][DEBUG]: DEVTOOLS RESPONSE Runtime.evaluate (id=82) {
   "result": {
      "description": "1",
      "type": "number",
      "value": 1
   }
}
[7.865][INFO]: Done waiting for pending navigations. Status: ok
[7.865][INFO]: RESPONSE IsElementDisplayed true
[7.870][INFO]: COMMAND ClearElement {
   "id": "0.2966926691629055-2"
}
[7.871][INFO]: Waiting for pending navigations...
[7.871][DEBUG]: DEVTOOLS COMMAND Runtime.evaluate (id=83) {
   "expression": "1"
}
[7.871][DEBUG]: DEVTOOLS RESPONSE Runtime.evaluate (id=83) {
   "result": {
      "description": "1",
      "type": "number",
      "value": 1
   }
}
[7.871][INFO]: Done waiting for pending navigations. Status: ok
[7.873][DEBUG]: DEVTOOLS COMMAND Runtime.evaluate (id=84) {
   "expression": "(function() { // Copyright (c) 2012 The Chromium Authors. All rights reserved.\n// Use of this source code is governed by a BSD-style license that can be\n// found in the LICENSE file.\n\n/**\n * Enum f...",
   "returnByValue": true
}
[7.886][DEBUG]: DEVTOOLS RESPONSE Runtime.evaluate (id=84) {
   "result": {
      "type": "object",
      "value": {
         "status": 0,
         "value": null
      }
   }
}
[7.886][INFO]: Waiting for pending navigations...
[7.886][DEBUG]: DEVTOOLS COMMAND Runtime.evaluate (id=85) {
   "expression": "1"
}
[7.890][DEBUG]: DEVTOOLS RESPONSE Runtime.evaluate (id=85) {
   "result": {
      "description": "1",
      "type": "number",
      "value": 1
   }
}
[7.890][INFO]: Done waiting for pending navigations. Status: ok
[7.890][INFO]: RESPONSE ClearElement
[7.899][INFO]: COMMAND TypeElement {
   "id": "0.2966926691629055-2",
   "text": "12345",
   "value": [ "1", "2", "3", "4", "5" ]
}
[7.899][INFO]: Waiting for pending navigations...
[7.899][DEBUG]: DEVTOOLS COMMAND Runtime.evaluate (id=86) {
   "expression": "1"
}
[7.900][DEBUG]: DEVTOOLS RESPONSE Runtime.evaluate (id=86) {
   "result": {
      "description": "1",
      "type": "number",
      "value": 1
   }
}
[7.900][INFO]: Done waiting for pending navigations. Status: ok
[7.900][DEBUG]: DEVTOOLS COMMAND Runtime.evaluate (id=87) {
   "expression": "(function() { // Copyright (c) 2012 The Chromium Authors. All rights reserved.\n// Use of this source code is governed by a BSD-style license that can be\n// found in the LICENSE file.\n\n/**\n * Enum f...",
   "returnByValue": true
}
[7.902][DEBUG]: DEVTOOLS RESPONSE Runtime.evaluate (id=87) {
   "result": {
      "type": "object",
      "value": {
         "status": 0,
         "value": "TEXTAREA"
      }
   }
}
[7.903][DEBUG]: DEVTOOLS COMMAND Runtime.evaluate (id=88) {
   "expression": "(function() { // Copyright (c) 2012 The Chromium Authors. All rights reserved.\n// Use of this source code is governed by a BSD-style license that can be\n// found in the LICENSE file.\n\n/**\n * Enum f...",
   "returnByValue": true
}
[7.904][DEBUG]: DEVTOOLS RESPONSE Runtime.evaluate (id=88) {
   "result": {
      "type": "object",
      "value": {
         "status": 0,
         "value": "textarea"
      }
   }
}
[7.906][DEBUG]: DEVTOOLS COMMAND Runtime.evaluate (id=89) {
   "expression": "(function() { // Copyright (c) 2012 The Chromium Authors. All rights reserved.\n// Use of this source code is governed by a BSD-style license that can be\n// found in the LICENSE file.\n\n/**\n * Enum f...",
   "returnByValue": true
}
[7.920][DEBUG]: DEVTOOLS RESPONSE Runtime.evaluate (id=89) {
   "result": {
      "type": "object",
      "value": {
         "status": 0,
         "value": true
      }
   }
}
[7.921][DEBUG]: DEVTOOLS COMMAND Runtime.evaluate (id=90) {
   "expression": "(function() { // Copyright (c) 2012 The Chromium Authors. All rights reserved.\n// Use of this source code is governed by a BSD-style license that can be\n// found in the LICENSE file.\n\n/**\n * Enum f...",
   "returnByValue": true
}
[7.926][DEBUG]: DEVTOOLS RESPONSE Runtime.evaluate (id=90) {
   "result": {
      "type": "object",
      "value": {
         "status": 0,
         "value": true
      }
   }
}
[7.927][DEBUG]: DEVTOOLS COMMAND Runtime.evaluate (id=91) {
   "expression": "(function() { // Copyright (c) 2012 The Chromium Authors. All rights reserved.\n// Use of this source code is governed by a BSD-style license that can be\n// found in the LICENSE file.\n\n/**\n * Enum f...",
   "returnByValue": true
}
[7.928][DEBUG]: DEVTOOLS RESPONSE Runtime.evaluate (id=91) {
   "result": {
      "type": "object",
      "value": {
         "status": 0,
         "value": null
      }
   }
}
[7.928][DEBUG]: DEVTOOLS COMMAND Input.dispatchKeyEvent (id=92) {
   "code": "Digit1",
   "key": "1",
   "modifiers": 0,
   "text": "1",
   "type": "rawKeyDown",
   "unmodifiedText": "1",
   "windowsVirtualKeyCode": 49
}
[7.937][DEBUG]: DEVTOOLS RESPONSE Input.dispatchKeyEvent (id=92) {

}
[7.937][DEBUG]: DEVTOOLS COMMAND Input.dispatchKeyEvent (id=93) {
   "code": "Digit1",
   "key": "1",
   "modifiers": 0,
   "text": "1",
   "type": "char",
   "unmodifiedText": "1",
   "windowsVirtualKeyCode": 49
}
[7.941][DEBUG]: DEVTOOLS RESPONSE Input.dispatchKeyEvent (id=93) {

}
[7.941][DEBUG]: DEVTOOLS COMMAND Input.dispatchKeyEvent (id=94) {
   "code": "Digit1",
   "key": "1",
   "modifiers": 0,
   "text": "1",
   "type": "keyUp",
   "unmodifiedText": "1",
   "windowsVirtualKeyCode": 49
}
[7.942][DEBUG]: DEVTOOLS RESPONSE Input.dispatchKeyEvent (id=94) {

}
[7.942][DEBUG]: DEVTOOLS COMMAND Input.dispatchKeyEvent (id=95) {
   "code": "Digit2",
   "key": "2",
   "modifiers": 0,
   "text": "2",
   "type": "rawKeyDown",
   "unmodifiedText": "2",
   "windowsVirtualKeyCode": 50
}
[7.948][DEBUG]: DEVTOOLS RESPONSE Input.dispatchKeyEvent (id=95) {

}
[7.948][DEBUG]: DEVTOOLS COMMAND Input.dispatchKeyEvent (id=96) {
   "code": "Digit2",
   "key": "2",
   "modifiers": 0,
   "text": "2",
   "type": "char",
   "unmodifiedText": "2",
   "windowsVirtualKeyCode": 50
}
[7.950][DEBUG]: DEVTOOLS RESPONSE Input.dispatchKeyEvent (id=96) {

}
[7.950][DEBUG]: DEVTOOLS COMMAND Input.dispatchKeyEvent (id=97) {
   "code": "Digit2",
   "key": "2",
   "modifiers": 0,
   "text": "2",
   "type": "keyUp",
   "unmodifiedText": "2",
   "windowsVirtualKeyCode": 50
}
[7.961][DEBUG]: DEVTOOLS RESPONSE Input.dispatchKeyEvent (id=97) {

}
[7.961][DEBUG]: DEVTOOLS COMMAND Input.dispatchKeyEvent (id=98) {
   "code": "Digit3",
   "key": "3",
   "modifiers": 0,
   "text": "3",
   "type": "rawKeyDown",
   "unmodifiedText": "3",
   "windowsVirtualKeyCode": 51
}
[7.968][DEBUG]: DEVTOOLS EVENT DOM.childNodeCountUpdated {
   "childNodeCount": 33,
   "nodeId": 26
}
[7.968][DEBUG]: DEVTOOLS RESPONSE Input.dispatchKeyEvent (id=98) {

}
[7.968][DEBUG]: DEVTOOLS COMMAND Input.dispatchKeyEvent (id=99) {
   "code": "Digit3",
   "key": "3",
   "modifiers": 0,
   "text": "3",
   "type": "char",
   "unmodifiedText": "3",
   "windowsVirtualKeyCode": 51
}
[7.986][DEBUG]: DEVTOOLS RESPONSE Input.dispatchKeyEvent (id=99) {

}
[7.986][DEBUG]: DEVTOOLS COMMAND Input.dispatchKeyEvent (id=100) {
   "code": "Digit3",
   "key": "3",
   "modifiers": 0,
   "text": "3",
   "type": "keyUp",
   "unmodifiedText": "3",
   "windowsVirtualKeyCode": 51
}
[7.986][DEBUG]: DEVTOOLS EVENT DOM.childNodeCountUpdated {
   "childNodeCount": 32,
   "nodeId": 26
}
[7.988][DEBUG]: DEVTOOLS RESPONSE Input.dispatchKeyEvent (id=100) {

}
[7.988][DEBUG]: DEVTOOLS COMMAND Input.dispatchKeyEvent (id=101) {
   "code": "Digit4",
   "key": "4",
   "modifiers": 0,
   "text": "4",
   "type": "rawKeyDown",
   "unmodifiedText": "4",
   "windowsVirtualKeyCode": 52
}
[7.990][DEBUG]: DEVTOOLS RESPONSE Input.dispatchKeyEvent (id=101) {

}
[7.990][DEBUG]: DEVTOOLS COMMAND Input.dispatchKeyEvent (id=102) {
   "code": "Digit4",
   "key": "4",
   "modifiers": 0,
   "text": "4",
   "type": "char",
   "unmodifiedText": "4",
   "windowsVirtualKeyCode": 52
}
[8.005][DEBUG]: DEVTOOLS RESPONSE Input.dispatchKeyEvent (id=102) {

}
[8.005][DEBUG]: DEVTOOLS COMMAND Input.dispatchKeyEvent (id=103) {
   "code": "Digit4",
   "key": "4",
   "modifiers": 0,
   "text": "4",
   "type": "keyUp",
   "unmodifiedText": "4",
   "windowsVirtualKeyCode": 52
}
[8.009][DEBUG]: DEVTOOLS RESPONSE Input.dispatchKeyEvent (id=103) {

}
[8.009][DEBUG]: DEVTOOLS COMMAND Input.dispatchKeyEvent (id=104) {
   "code": "Digit5",
   "key": "5",
   "modifiers": 0,
   "text": "5",
   "type": "rawKeyDown",
   "unmodifiedText": "5",
   "windowsVirtualKeyCode": 53
}
[8.012][DEBUG]: DEVTOOLS RESPONSE Input.dispatchKeyEvent (id=104) {

}
[8.012][DEBUG]: DEVTOOLS COMMAND Input.dispatchKeyEvent (id=105) {
   "code": "Digit5",
   "key": "5",
   "modifiers": 0,
   "text": "5",
   "type": "char",
   "unmodifiedText": "5",
   "windowsVirtualKeyCode": 53
}
[8.018][DEBUG]: DEVTOOLS RESPONSE Input.dispatchKeyEvent (id=105) {

}
[8.018][DEBUG]: DEVTOOLS COMMAND Input.dispatchKeyEvent (id=106) {
   "code": "Digit5",
   "key": "5",
   "modifiers": 0,
   "text": "5",
   "type": "keyUp",
   "unmodifiedText": "5",
   "windowsVirtualKeyCode": 53
}
[8.019][DEBUG]: DEVTOOLS RESPONSE Input.dispatchKeyEvent (id=106) {

}
[8.020][INFO]: Waiting for pending navigations...
[8.020][DEBUG]: DEVTOOLS COMMAND Runtime.evaluate (id=107) {
   "expression": "1"
}
[8.022][DEBUG]: DEVTOOLS RESPONSE Runtime.evaluate (id=107) {
   "result": {
      "description": "1",
      "type": "number",
      "value": 1
   }
}
[8.022][INFO]: Done waiting for pending navigations. Status: ok
[8.022][INFO]: RESPONSE TypeElement
[8.045][INFO]: COMMAND Screenshot {

}
[8.045][INFO]: Waiting for pending navigations...
[8.045][DEBUG]: DEVTOOLS COMMAND Runtime.evaluate (id=108) {
   "expression": "1"
}
[8.047][DEBUG]: DEVTOOLS RESPONSE Runtime.evaluate (id=108) {
   "result": {
      "description": "1",
      "type": "number",
      "value": 1
   }
}
[8.047][INFO]: Done waiting for pending navigations. Status: ok
[8.047][DEBUG]: DevTools request: http://localhost:12966/json/activate/(CE258D25F77FF48FAECE3B4D7B8BF844)
[8.048][DEBUG]: DevTools response: Target activated
[8.048][DEBUG]: DEVTOOLS COMMAND Page.captureScreenshot (id=109) {

}
[8.268][DEBUG]: DEVTOOLS RESPONSE Page.captureScreenshot (id=109) {
   "data": "iVBORw0KGgoAAAANSUhEUgAABVYAAAO+CAYAAADv/k7HAAAgAElEQVR4nOzdeXxU1fnH8e9s2Vf2VQn7voiAClZBpQJiAanSFkW0rlWpS7WiILZqK26l2gIWREEEsSwSkJ8oxIU1IhLZKRCEECCEkG0g28z9/REzZLLOhCQzIZ+3L15m7j33nOfcmeSePDn3XFNGR..."
}
[8.268][INFO]: Waiting for pending navigations...
[8.268][DEBUG]: DEVTOOLS COMMAND Runtime.evaluate (id=110) {
   "expression": "1"
}
[8.277][DEBUG]: DEVTOOLS EVENT DOM.childNodeCountUpdated {
   "childNodeCount": 33,
   "nodeId": 26
}
[8.278][DEBUG]: DEVTOOLS EVENT DOM.childNodeCountUpdated {
   "childNodeCount": 32,
   "nodeId": 26
}
[8.279][DEBUG]: DEVTOOLS RESPONSE Runtime.evaluate (id=110) {
   "result": {
      "description": "1",
      "type": "number",
      "value": 1
   }
}
[8.279][INFO]: Done waiting for pending navigations. Status: ok
[8.279][INFO]: RESPONSE Screenshot "iVBORw0KGgoAAAANSUhEUgAABVYAAAO+CAYAAADv/k7HAAAgAElEQVR4nOzdeXxU1fnH8e9s2Vf2VQn7voiAClZBpQJiAanSFkW0rlWpS7WiILZqK26l2gIWREEEsSwSkJ8oxIU1IhLZKRCEECCEkG0g28z9/REzZLLOhCQzIZ+3L15m7j33nOfcmeSePDn3XFNGR..."
[8.463][INFO]: COMMAND Navigate {
   "url": "https://translate.google.com/#en/es/Sports"
}
[8.463][INFO]: Waiting for pending navigations...
[8.463][DEBUG]: DEVTOOLS COMMAND Runtime.evaluate (id=111) {
   "expression": "1"
}
[8.467][DEBUG]: DEVTOOLS RESPONSE Runtime.evaluate (id=111) {
   "result": {
      "description": "1",
      "type": "number",
      "value": 1
   }
}
[8.467][INFO]: Done waiting for pending navigations. Status: ok
[8.467][DEBUG]: DEVTOOLS COMMAND Page.navigate (id=112) {
   "url": "https://translate.google.com/#en/es/Sports"
}
[8.507][DEBUG]: DEVTOOLS RESPONSE Page.navigate (id=112) {
   "frameId": "(CE258D25F77FF48FAECE3B4D7B8BF844)"
}
[8.507][DEBUG]: DEVTOOLS COMMAND Runtime.evaluate (id=113) {
   "expression": "document.URL"
}
[8.565][DEBUG]: DEVTOOLS RESPONSE Runtime.evaluate (id=113) {
   "result": {
      "type": "string",
      "value": "https://translate.google.com/#en/es/Sports"
   }
}
[8.565][INFO]: Waiting for pending navigations...
[8.565][DEBUG]: DEVTOOLS COMMAND Runtime.evaluate (id=114) {
   "expression": "1"
}
[8.584][DEBUG]: DEVTOOLS RESPONSE Runtime.evaluate (id=114) {
   "result": {
      "description": "1",
      "type": "number",
      "value": 1
   }
}
[8.584][DEBUG]: DEVTOOLS COMMAND DOM.getDocument (id=115) {

}
[8.590][DEBUG]: DEVTOOLS RESPONSE DOM.getDocument (id=115) {
   "root": {
      "backendNodeId": 10,
      "baseURL": "https://translate.google.com/#en/es/Sports",
      "childNodeCount": 2,
      "children": [ {
         "backendNodeId": 11,
         "localName": "",
         "nodeId": 29,
         "nodeName": "html",
         "nodeType": 10,
         "nodeValue": "",
         "parentId": 28,
         "publicId": "",
         "systemId": ""
      }, {
         "attributes": [  ],
         "backendNodeId": 12,
         "childNodeCount": 2,
         "children": [ {
            "attributes": [  ],
            "backendNodeId": 13,
            "childNodeCount": 32,
            "localName": "head",
            "nodeId": 31,
            "nodeName": "HEAD",
            "nodeType": 1,
            "nodeValue": "",
            "parentId": 30
         }, {
            "attributes": [ "dir", "ltr", "onload", "window.jstiming.load['tick']('ol');", "class", "e_md pre-epu" ],
            "backendNodeId": 14,
            "childNodeCount": 21,
            "localName": "body",
            "nodeId": 32,
            "nodeName": "BODY",
            "nodeType": 1,
            "nodeValue": "",
            "parentId": 30
         } ],
         "frameId": "(CE258D25F77FF48FAECE3B4D7B8BF844)",
         "localName": "html",
         "nodeId": 30,
         "nodeName": "HTML",
         "nodeType": 1,
         "nodeValue": "",
         "parentId": 28
      } ],
      "documentURL": "https://translate.google.com/#en/es/Sports",
      "localName": "",
      "nodeId": 28,
      "nodeName": "#document",
      "nodeType": 9,
      "nodeValue": "",
      "xmlVersion": ""
   }
}
[8.590][DEBUG]: DEVTOOLS COMMAND Runtime.evaluate (id=116) {
   "expression": "var isLoaded = document.readyState == 'complete' ||    document.readyState == 'interactive';if (isLoaded) {  var frame = document.createElement('iframe');  frame.name = 'chromedriver dummy frame'; ..."
}
[8.610][DEBUG]: DEVTOOLS EVENT DOM.childNodeCountUpdated {
   "childNodeCount": 22,
   "nodeId": 32
}
[8.610][DEBUG]: DEVTOOLS EVENT Page.frameAttached {
   "frameId": "(21188B806B462DA18A2A92731DB2923C)",
   "parentFrameId": "(CE258D25F77FF48FAECE3B4D7B8BF844)",
   "stack": {
      "callFrames": [ {
         "columnNumber": 240,
         "functionName": "",
         "lineNumber": 0,
         "scriptId": "81",
         "url": ""
      } ]
   }
}
[8.610][DEBUG]: DEVTOOLS EVENT Page.lifecycleEvent {
   "frameId": "(21188B806B462DA18A2A92731DB2923C)",
   "name": "DOMContentLoaded",
   "timestamp": 1978.381218
}
[8.610][DEBUG]: DEVTOOLS EVENT Page.frameStartedLoading {
   "frameId": "(21188B806B462DA18A2A92731DB2923C)"
}
[8.610][DEBUG]: DEVTOOLS EVENT Page.lifecycleEvent {
   "frameId": "(21188B806B462DA18A2A92731DB2923C)",
   "name": "commit",
   "timestamp": 1978.381645
}
[8.617][DEBUG]: DEVTOOLS EVENT Page.frameNavigated {
   "frame": {
      "id": "(21188B806B462DA18A2A92731DB2923C)",
      "loaderId": "472.4",
      "mimeType": "text/html",
      "name": "chromedriver dummy frame",
      "parentId": "(CE258D25F77FF48FAECE3B4D7B8BF844)",
      "securityOrigin": "://",
      "url": "about:blank"
   }
}
[8.617][DEBUG]: DEVTOOLS EVENT Runtime.executionContextCreated {
   "context": {
      "auxData": {
         "frameId": "(21188B806B462DA18A2A92731DB2923C)",
         "isDefault": true
      },
      "id": 5,
      "name": "",
      "origin": "https://translate.google.com"
   }
}
[8.617][DEBUG]: DEVTOOLS EVENT Page.lifecycleEvent {
   "frameId": "(21188B806B462DA18A2A92731DB2923C)",
   "name": "load",
   "timestamp": 1978.391374
}
[8.617][DEBUG]: DEVTOOLS EVENT Page.frameStoppedLoading {
   "frameId": "(21188B806B462DA18A2A92731DB2923C)"
}
[8.617][DEBUG]: DEVTOOLS EVENT Page.lifecycleEvent {
   "frameId": "(21188B806B462DA18A2A92731DB2923C)",
   "name": "DOMContentLoaded",
   "timestamp": 1978.392419
}
[8.617][DEBUG]: DEVTOOLS RESPONSE Runtime.evaluate (id=116) {
   "result": {
      "description": "99",
      "type": "number",
      "value": 99
   }
}
[8.617][INFO]: Done waiting for pending navigations. Status: ok
[8.617][INFO]: RESPONSE Navigate
[8.627][INFO]: COMMAND FindElements {
   "using": "css selector",
   "value": "#gt-src-c"
}
[8.627][INFO]: Waiting for pending navigations...
[8.627][DEBUG]: DEVTOOLS COMMAND Runtime.evaluate (id=117) {
   "expression": "1"
}
[8.646][DEBUG]: DEVTOOLS EVENT DOM.childNodeCountUpdated {
   "childNodeCount": 21,
   "nodeId": 32
}
[8.646][DEBUG]: DEVTOOLS EVENT Runtime.executionContextDestroyed {
   "executionContextId": 5
}
[8.646][DEBUG]: DEVTOOLS EVENT Page.frameDetached {
   "frameId": "(21188B806B462DA18A2A92731DB2923C)"
}
[8.657][DEBUG]: DEVTOOLS RESPONSE Runtime.evaluate (id=117) {
   "result": {
      "description": "1",
      "type": "number",
      "value": 1
   }
}
[8.657][INFO]: Done waiting for pending navigations. Status: ok
[8.660][DEBUG]: DEVTOOLS COMMAND Runtime.evaluate (id=118) {
   "expression": "(function() { // Copyright (c) 2012 The Chromium Authors. All rights reserved.\n// Use of this source code is governed by a BSD-style license that can be\n// found in the LICENSE file.\n\n/**\n * Enum f...",
   "returnByValue": true
}
[8.682][DEBUG]: DEVTOOLS RESPONSE Runtime.evaluate (id=118) {
   "result": {
      "type": "object",
      "value": {
         "status": 0,
         "value": [ {
            "ELEMENT": "0.2966926691629055-1"
         } ]
      }
   }
}
[8.682][INFO]: Waiting for pending navigations...
[8.682][DEBUG]: DEVTOOLS COMMAND Runtime.evaluate (id=119) {
   "expression": "1"
}
[8.683][DEBUG]: DEVTOOLS RESPONSE Runtime.evaluate (id=119) {
   "result": {
      "description": "1",
      "type": "number",
      "value": 1
   }
}
[8.683][INFO]: Done waiting for pending navigations. Status: ok
[8.683][INFO]: RESPONSE FindElements [ {
   "ELEMENT": "0.2966926691629055-1"
} ]
[8.691][INFO]: COMMAND IsElementDisplayed {
   "id": "0.2966926691629055-1"
}
[8.691][INFO]: Waiting for pending navigations...
[8.691][DEBUG]: DEVTOOLS COMMAND Runtime.evaluate (id=120) {
   "expression": "1"
}
[8.691][DEBUG]: DEVTOOLS RESPONSE Runtime.evaluate (id=120) {
   "result": {
      "description": "1",
      "type": "number",
      "value": 1
   }
}
[8.691][INFO]: Done waiting for pending navigations. Status: ok
[8.693][DEBUG]: DEVTOOLS COMMAND Runtime.evaluate (id=121) {
   "expression": "(function() { // Copyright (c) 2012 The Chromium Authors. All rights reserved.\n// Use of this source code is governed by a BSD-style license that can be\n// found in the LICENSE file.\n\n/**\n * Enum f...",
   "returnByValue": true
}
[8.704][DEBUG]: DEVTOOLS RESPONSE Runtime.evaluate (id=121) {
   "result": {
      "type": "object",
      "value": {
         "status": 0,
         "value": true
      }
   }
}
[8.704][INFO]: Waiting for pending navigations...
[8.704][DEBUG]: DEVTOOLS COMMAND Runtime.evaluate (id=122) {
   "expression": "1"
}
[8.704][DEBUG]: DEVTOOLS RESPONSE Runtime.evaluate (id=122) {
   "result": {
      "description": "1",
      "type": "number",
      "value": 1
   }
}
[8.704][INFO]: Done waiting for pending navigations. Status: ok
[8.704][INFO]: RESPONSE IsElementDisplayed true
[8.718][INFO]: COMMAND FindChildElements {
   "id": "0.2966926691629055-1",
   "using": "css selector",
   "value": "textarea#source"
}
[8.718][INFO]: Waiting for pending navigations...
[8.718][DEBUG]: DEVTOOLS COMMAND Runtime.evaluate (id=123) {
   "expression": "1"
}
[8.719][DEBUG]: DEVTOOLS RESPONSE Runtime.evaluate (id=123) {
   "result": {
      "description": "1",
      "type": "number",
      "value": 1
   }
}
[8.719][INFO]: Done waiting for pending navigations. Status: ok
[8.721][DEBUG]: DEVTOOLS COMMAND Runtime.evaluate (id=124) {
   "expression": "(function() { // Copyright (c) 2012 The Chromium Authors. All rights reserved.\n// Use of this source code is governed by a BSD-style license that can be\n// found in the LICENSE file.\n\n/**\n * Enum f...",
   "returnByValue": true
}
[8.726][DEBUG]: DEVTOOLS RESPONSE Runtime.evaluate (id=124) {
   "result": {
      "type": "object",
      "value": {
         "status": 0,
         "value": [ {
            "ELEMENT": "0.2966926691629055-2"
         } ]
      }
   }
}
[8.726][INFO]: Waiting for pending navigations...
[8.726][DEBUG]: DEVTOOLS COMMAND Runtime.evaluate (id=125) {
   "expression": "1"
}
[8.727][DEBUG]: DEVTOOLS RESPONSE Runtime.evaluate (id=125) {
   "result": {
      "description": "1",
      "type": "number",
      "value": 1
   }
}
[8.727][INFO]: Done waiting for pending navigations. Status: ok
[8.727][INFO]: RESPONSE FindChildElements [ {
   "ELEMENT": "0.2966926691629055-2"
} ]
[8.730][INFO]: COMMAND IsElementDisplayed {
   "id": "0.2966926691629055-2"
}
[8.731][INFO]: Waiting for pending navigations...
[8.731][DEBUG]: DEVTOOLS COMMAND Runtime.evaluate (id=126) {
   "expression": "1"
}
[8.731][DEBUG]: DEVTOOLS RESPONSE Runtime.evaluate (id=126) {
   "result": {
      "description": "1",
      "type": "number",
      "value": 1
   }
}
[8.731][INFO]: Done waiting for pending navigations. Status: ok
[8.738][DEBUG]: DEVTOOLS COMMAND Runtime.evaluate (id=127) {
   "expression": "(function() { // Copyright (c) 2012 The Chromium Authors. All rights reserved.\n// Use of this source code is governed by a BSD-style license that can be\n// found in the LICENSE file.\n\n/**\n * Enum f...",
   "returnByValue": true
}
[8.750][DEBUG]: DEVTOOLS RESPONSE Runtime.evaluate (id=127) {
   "result": {
      "type": "object",
      "value": {
         "status": 0,
         "value": true
      }
   }
}
[8.750][INFO]: Waiting for pending navigations...
[8.750][DEBUG]: DEVTOOLS COMMAND Runtime.evaluate (id=128) {
   "expression": "1"
}
[8.751][DEBUG]: DEVTOOLS RESPONSE Runtime.evaluate (id=128) {
   "result": {
      "description": "1",
      "type": "number",
      "value": 1
   }
}
[8.751][INFO]: Done waiting for pending navigations. Status: ok
[8.751][INFO]: RESPONSE IsElementDisplayed true
[8.754][INFO]: COMMAND ClearElement {
   "id": "0.2966926691629055-2"
}
[8.754][INFO]: Waiting for pending navigations...
[8.754][DEBUG]: DEVTOOLS COMMAND Runtime.evaluate (id=129) {
   "expression": "1"
}
[8.765][DEBUG]: DEVTOOLS RESPONSE Runtime.evaluate (id=129) {
   "result": {
      "description": "1",
      "type": "number",
      "value": 1
   }
}
[8.765][INFO]: Done waiting for pending navigations. Status: ok
[8.767][DEBUG]: DEVTOOLS COMMAND Runtime.evaluate (id=130) {
   "expression": "(function() { // Copyright (c) 2012 The Chromium Authors. All rights reserved.\n// Use of this source code is governed by a BSD-style license that can be\n// found in the LICENSE file.\n\n/**\n * Enum f...",
   "returnByValue": true
}
[8.773][DEBUG]: DEVTOOLS RESPONSE Runtime.evaluate (id=130) {
   "result": {
      "type": "object",
      "value": {
         "status": 0,
         "value": null
      }
   }
}
[8.773][INFO]: Waiting for pending navigations...
[8.773][DEBUG]: DEVTOOLS COMMAND Runtime.evaluate (id=131) {
   "expression": "1"
}
[8.786][DEBUG]: DEVTOOLS RESPONSE Runtime.evaluate (id=131) {
   "result": {
      "description": "1",
      "type": "number",
      "value": 1
   }
}
[8.786][INFO]: Done waiting for pending navigations. Status: ok
[8.786][INFO]: RESPONSE ClearElement
[8.791][INFO]: COMMAND TypeElement {
   "id": "0.2966926691629055-2",
   "text": "12345",
   "value": [ "1", "2", "3", "4", "5" ]
}
[8.791][INFO]: Waiting for pending navigations...
[8.791][DEBUG]: DEVTOOLS COMMAND Runtime.evaluate (id=132) {
   "expression": "1"
}
[8.792][DEBUG]: DEVTOOLS RESPONSE Runtime.evaluate (id=132) {
   "result": {
      "description": "1",
      "type": "number",
      "value": 1
   }
}
[8.792][INFO]: Done waiting for pending navigations. Status: ok
[8.792][DEBUG]: DEVTOOLS COMMAND Runtime.evaluate (id=133) {
   "expression": "(function() { // Copyright (c) 2012 The Chromium Authors. All rights reserved.\n// Use of this source code is governed by a BSD-style license that can be\n// found in the LICENSE file.\n\n/**\n * Enum f...",
   "returnByValue": true
}
[8.793][DEBUG]: DEVTOOLS RESPONSE Runtime.evaluate (id=133) {
   "result": {
      "type": "object",
      "value": {
         "status": 0,
         "value": "TEXTAREA"
      }
   }
}
[8.794][DEBUG]: DEVTOOLS COMMAND Runtime.evaluate (id=134) {
   "expression": "(function() { // Copyright (c) 2012 The Chromium Authors. All rights reserved.\n// Use of this source code is governed by a BSD-style license that can be\n// found in the LICENSE file.\n\n/**\n * Enum f...",
   "returnByValue": true
}
[8.795][DEBUG]: DEVTOOLS RESPONSE Runtime.evaluate (id=134) {
   "result": {
      "type": "object",
      "value": {
         "status": 0,
         "value": "textarea"
      }
   }
}
[8.797][DEBUG]: DEVTOOLS COMMAND Runtime.evaluate (id=135) {
   "expression": "(function() { // Copyright (c) 2012 The Chromium Authors. All rights reserved.\n// Use of this source code is governed by a BSD-style license that can be\n// found in the LICENSE file.\n\n/**\n * Enum f...",
   "returnByValue": true
}
[8.808][DEBUG]: DEVTOOLS RESPONSE Runtime.evaluate (id=135) {
   "result": {
      "type": "object",
      "value": {
         "status": 0,
         "value": true
      }
   }
}
[8.810][DEBUG]: DEVTOOLS COMMAND Runtime.evaluate (id=136) {
   "expression": "(function() { // Copyright (c) 2012 The Chromium Authors. All rights reserved.\n// Use of this source code is governed by a BSD-style license that can be\n// found in the LICENSE file.\n\n/**\n * Enum f...",
   "returnByValue": true
}
[8.812][DEBUG]: DEVTOOLS RESPONSE Runtime.evaluate (id=136) {
   "result": {
      "type": "object",
      "value": {
         "status": 0,
         "value": true
      }
   }
}
[8.812][DEBUG]: DEVTOOLS COMMAND Runtime.evaluate (id=137) {
   "expression": "(function() { // Copyright (c) 2012 The Chromium Authors. All rights reserved.\n// Use of this source code is governed by a BSD-style license that can be\n// found in the LICENSE file.\n\n/**\n * Enum f...",
   "returnByValue": true
}
[8.814][DEBUG]: DEVTOOLS RESPONSE Runtime.evaluate (id=137) {
   "result": {
      "type": "object",
      "value": {
         "status": 0,
         "value": null
      }
   }
}
[8.814][DEBUG]: DEVTOOLS COMMAND Input.dispatchKeyEvent (id=138) {
   "code": "Digit1",
   "key": "1",
   "modifiers": 0,
   "text": "1",
   "type": "rawKeyDown",
   "unmodifiedText": "1",
   "windowsVirtualKeyCode": 49
}
[8.815][DEBUG]: DEVTOOLS RESPONSE Input.dispatchKeyEvent (id=138) {

}
[8.815][DEBUG]: DEVTOOLS COMMAND Input.dispatchKeyEvent (id=139) {
   "code": "Digit1",
   "key": "1",
   "modifiers": 0,
   "text": "1",
   "type": "char",
   "unmodifiedText": "1",
   "windowsVirtualKeyCode": 49
}
[8.823][DEBUG]: DEVTOOLS RESPONSE Input.dispatchKeyEvent (id=139) {

}
[8.823][DEBUG]: DEVTOOLS COMMAND Input.dispatchKeyEvent (id=140) {
   "code": "Digit1",
   "key": "1",
   "modifiers": 0,
   "text": "1",
   "type": "keyUp",
   "unmodifiedText": "1",
   "windowsVirtualKeyCode": 49
}
[8.827][DEBUG]: DEVTOOLS RESPONSE Input.dispatchKeyEvent (id=140) {

}
[8.827][DEBUG]: DEVTOOLS COMMAND Input.dispatchKeyEvent (id=141) {
   "code": "Digit2",
   "key": "2",
   "modifiers": 0,
   "text": "2",
   "type": "rawKeyDown",
   "unmodifiedText": "2",
   "windowsVirtualKeyCode": 50
}
[8.832][DEBUG]: DEVTOOLS RESPONSE Input.dispatchKeyEvent (id=141) {

}
[8.832][DEBUG]: DEVTOOLS COMMAND Input.dispatchKeyEvent (id=142) {
   "code": "Digit2",
   "key": "2",
   "modifiers": 0,
   "text": "2",
   "type": "char",
   "unmodifiedText": "2",
   "windowsVirtualKeyCode": 50
}
[8.844][DEBUG]: DEVTOOLS EVENT DOM.childNodeCountUpdated {
   "childNodeCount": 33,
   "nodeId": 31
}
[8.845][DEBUG]: DEVTOOLS RESPONSE Input.dispatchKeyEvent (id=142) {

}
[8.845][DEBUG]: DEVTOOLS COMMAND Input.dispatchKeyEvent (id=143) {
   "code": "Digit2",
   "key": "2",
   "modifiers": 0,
   "text": "2",
   "type": "keyUp",
   "unmodifiedText": "2",
   "windowsVirtualKeyCode": 50
}
[8.847][DEBUG]: DEVTOOLS RESPONSE Input.dispatchKeyEvent (id=143) {

}
[8.847][DEBUG]: DEVTOOLS COMMAND Input.dispatchKeyEvent (id=144) {
   "code": "Digit3",
   "key": "3",
   "modifiers": 0,
   "text": "3",
   "type": "rawKeyDown",
   "unmodifiedText": "3",
   "windowsVirtualKeyCode": 51
}
[8.849][DEBUG]: DEVTOOLS RESPONSE Input.dispatchKeyEvent (id=144) {

}
[8.849][DEBUG]: DEVTOOLS COMMAND Input.dispatchKeyEvent (id=145) {
   "code": "Digit3",
   "key": "3",
   "modifiers": 0,
   "text": "3",
   "type": "char",
   "unmodifiedText": "3",
   "windowsVirtualKeyCode": 51
}
[8.850][DEBUG]: DEVTOOLS EVENT DOM.childNodeCountUpdated {
   "childNodeCount": 32,
   "nodeId": 31
}
[8.851][DEBUG]: DEVTOOLS RESPONSE Input.dispatchKeyEvent (id=145) {

}
[8.851][DEBUG]: DEVTOOLS COMMAND Input.dispatchKeyEvent (id=146) {
   "code": "Digit3",
   "key": "3",
   "modifiers": 0,
   "text": "3",
   "type": "keyUp",
   "unmodifiedText": "3",
   "windowsVirtualKeyCode": 51
}
[8.852][DEBUG]: DEVTOOLS RESPONSE Input.dispatchKeyEvent (id=146) {

}
[8.852][DEBUG]: DEVTOOLS COMMAND Input.dispatchKeyEvent (id=147) {
   "code": "Digit4",
   "key": "4",
   "modifiers": 0,
   "text": "4",
   "type": "rawKeyDown",
   "unmodifiedText": "4",
   "windowsVirtualKeyCode": 52
}
[8.871][DEBUG]: DEVTOOLS RESPONSE Input.dispatchKeyEvent (id=147) {

}
[8.871][DEBUG]: DEVTOOLS COMMAND Input.dispatchKeyEvent (id=148) {
   "code": "Digit4",
   "key": "4",
   "modifiers": 0,
   "text": "4",
   "type": "char",
   "unmodifiedText": "4",
   "windowsVirtualKeyCode": 52
}
[8.880][DEBUG]: DEVTOOLS RESPONSE Input.dispatchKeyEvent (id=148) {

}
[8.880][DEBUG]: DEVTOOLS COMMAND Input.dispatchKeyEvent (id=149) {
   "code": "Digit4",
   "key": "4",
   "modifiers": 0,
   "text": "4",
   "type": "keyUp",
   "unmodifiedText": "4",
   "windowsVirtualKeyCode": 52
}
[8.888][DEBUG]: DEVTOOLS RESPONSE Input.dispatchKeyEvent (id=149) {

}
[8.888][DEBUG]: DEVTOOLS COMMAND Input.dispatchKeyEvent (id=150) {
   "code": "Digit5",
   "key": "5",
   "modifiers": 0,
   "text": "5",
   "type": "rawKeyDown",
   "unmodifiedText": "5",
   "windowsVirtualKeyCode": 53
}
[8.893][DEBUG]: DEVTOOLS RESPONSE Input.dispatchKeyEvent (id=150) {

}
[8.893][DEBUG]: DEVTOOLS COMMAND Input.dispatchKeyEvent (id=151) {
   "code": "Digit5",
   "key": "5",
   "modifiers": 0,
   "text": "5",
   "type": "char",
   "unmodifiedText": "5",
   "windowsVirtualKeyCode": 53
}
[8.900][DEBUG]: DEVTOOLS RESPONSE Input.dispatchKeyEvent (id=151) {

}
[8.900][DEBUG]: DEVTOOLS COMMAND Input.dispatchKeyEvent (id=152) {
   "code": "Digit5",
   "key": "5",
   "modifiers": 0,
   "text": "5",
   "type": "keyUp",
   "unmodifiedText": "5",
   "windowsVirtualKeyCode": 53
}
[8.906][DEBUG]: DEVTOOLS RESPONSE Input.dispatchKeyEvent (id=152) {

}
[8.906][INFO]: Waiting for pending navigations...
[8.906][DEBUG]: DEVTOOLS COMMAND Runtime.evaluate (id=153) {
   "expression": "1"
}
[8.908][DEBUG]: DEVTOOLS RESPONSE Runtime.evaluate (id=153) {
   "result": {
      "description": "1",
      "type": "number",
      "value": 1
   }
}
[8.908][INFO]: Done waiting for pending navigations. Status: ok
[8.908][INFO]: RESPONSE TypeElement
[8.927][INFO]: COMMAND Screenshot {

}
[8.927][INFO]: Waiting for pending navigations...
[8.927][DEBUG]: DEVTOOLS COMMAND Runtime.evaluate (id=154) {
   "expression": "1"
}
[8.928][DEBUG]: DEVTOOLS RESPONSE Runtime.evaluate (id=154) {
   "result": {
      "description": "1",
      "type": "number",
      "value": 1
   }
}
[8.928][INFO]: Done waiting for pending navigations. Status: ok
[8.928][DEBUG]: DevTools request: http://localhost:12966/json/activate/(CE258D25F77FF48FAECE3B4D7B8BF844)
[8.929][DEBUG]: DevTools response: Target activated
[8.929][DEBUG]: DEVTOOLS COMMAND Page.captureScreenshot (id=155) {

}
[9.147][DEBUG]: DEVTOOLS RESPONSE Page.captureScreenshot (id=155) {
   "data": "iVBORw0KGgoAAAANSUhEUgAABVYAAAO+CAYAAADv/k7HAAAgAElEQVR4nOzdeXxU1fnH8e9s2Vf2VQn7voiAClZBpQJiAanSFkW0rlWpS7WiILZqK26l2gIWREEEsSwSkJ8oxIU1IhLZKRCEECCEkG0g28z9/REzZLLOhCQzIZ+3L15m7j33nOfcmeSePDn3XFNGR..."
}
[9.147][INFO]: Waiting for pending navigations...
[9.147][DEBUG]: DEVTOOLS COMMAND Runtime.evaluate (id=156) {
   "expression": "1"
}
[9.148][DEBUG]: DEVTOOLS EVENT DOM.childNodeCountUpdated {
   "childNodeCount": 33,
   "nodeId": 31
}
[9.158][DEBUG]: DEVTOOLS EVENT DOM.childNodeCountUpdated {
   "childNodeCount": 32,
   "nodeId": 31
}
[9.170][DEBUG]: DEVTOOLS RESPONSE Runtime.evaluate (id=156) {
   "result": {
      "description": "1",
      "type": "number",
      "value": 1
   }
}
[9.170][INFO]: Done waiting for pending navigations. Status: ok
[9.170][INFO]: RESPONSE Screenshot "iVBORw0KGgoAAAANSUhEUgAABVYAAAO+CAYAAADv/k7HAAAgAElEQVR4nOzdeXxU1fnH8e9s2Vf2VQn7voiAClZBpQJiAanSFkW0rlWpS7WiILZqK26l2gIWREEEsSwSkJ8oxIU1IhLZKRCEECCEkG0g28z9/REzZLLOhCQzIZ+3L15m7j33nOfcmeSePDn3XFNGR..."
[9.385][INFO]: COMMAND Quit {

}
[9.436][INFO]: RESPONSE Quit
[9.436][DEBUG]: Log type 'driver' lost 0 entries on destruction
[9.436][DEBUG]: Log type 'browser' lost 1 entries on destruction
