[0.582][INFO]: COMMAND InitSession {
   "desiredCapabilities": {
      "browserName": "chrome",
      "chromeOptions": {
         "args": [ "--disable-gpu", "--single-process", "--no-sandbox", "--data-path=/tmp/data-path", "--homedir=/tmp/homedir", "--disk-cache-dir=/tmp", "--disk-cache-size=1", "--media-cache-size=1", "--allow-file-access-from-files", "--enable-logging", "--v=1", "--disable-web-security", "--disable-extensions", "--ignore-certificate-errors", "--disable-ntp-most-likely-favicons-from-server", "--disable-ntp-popular-sites", "--window-size=1366,1024", "--disable-infobars", "--disable-dev-shm-usage", "..." ],
         "binary": "/tmp/chrome-lambda/chrome",
         "prefs": {
            "credentials_enable_service": false,
            "profile": {
               "password_manager_enabled": false
            }
         }
      },
      "count": 1
   }
}
[0.582][INFO]: Populating Preferences file: {
   "alternate_error_pages": {
      "enabled": false
   },
   "autofill": {
      "enabled": false
   },
   "browser": {
      "check_default_browser": false
   },
   "credentials_enable_service": false,
   "distribution": {
      "import_bookmarks": false,
      "import_history": false,
      "import_search_engine": false,
      "make_chrome_default_for_user": false,
      "show_welcome_page": false,
      "skip_first_run_ui": true
   },
   "dns_prefetching": {
      "enabled": false
   },
   "profile": {
      "password_manager_enabled": false
   },
   "safebrowsing": {
      "enabled": false
   },
   "search": {
      "suggest_enabled": false
   },
   "translate": {
      "enabled": false
   }
}
[0.582][INFO]: Populating Local State file: {
   "background_mode": {
      "enabled": false
   },
   "ssl": {
      "rev_checking": {
         "enabled": false
      }
   }
}
[0.583][INFO]: Launching chrome: /tmp/chrome-lambda/chrome --allow-file-access-from-files --data-path=/tmp/data-path --disable-background-networking --disable-browser-side-navigation --disable-client-side-phishing-detection --disable-default-apps --disable-dev-shm-usage --disable-extensions --disable-extensions-except=/tmp/.org.chromium.Chromium.wRAawe/internal --disable-gpu --disable-hang-monitor --disable-infobars --disable-ntp-most-likely-favicons-from-server --disable-ntp-popular-sites --disable-popup-blocking --disable-prompt-on-repost --disable-sync --disable-web-resources --disable-web-security --disk-cache-dir=/tmp --disk-cache-size=1 --enable-automation --enable-logging --enable-precise-memory-info --force-fieldtrials=SiteIsolationExtensions/Control --homedir=/tmp/homedir --ignore-certificate-errors --log-level=0 --media-cache-size=1 --metrics-recording-only --no-first-run --no-sandbox --password-store=basic --remote-debugging-port=12276 --safebrowsing-disable-auto-update --single-process --test-type=webdriver --use-mock-keychain --user-data-dir=/tmp/.org.chromium.Chromium.tBqxKL --v=1 --window-size=1366,1024 data:,
[0.583][DEBUG]: DevTools request: http://localhost:12276/json/version
prctl(PR_SET_NO_NEW_PRIVS) failed
Xlib:  extension "RANDR" missing on display ":99".
[151:156:0831/073424.257889:ERROR:bus.cc(395)] Failed to connect to the bus: Failed to connect to socket /var/run/dbus/system_bus_socket: No such file or directory
Xlib:  extension "RANDR" missing on display ":99".

DevTools listening on ws://127.0.0.1:12276/devtools/browser/d59226ec-0acb-4a22-94ea-50c335521785
[1.056][SEVERE]: CreatePlatformSocket() returned an error, errno=1: Operation not permitted (1)
[1.073][DEBUG]: DevTools response: {
   "Browser": "Chrome/63.0.3239.84",
   "Protocol-Version": "1.2",
   "User-Agent": "Mozilla/5.0 (X11; Linux x86_64) AppleWebKit/537.36 (KHTML, like Gecko) Chrome/63.0.3239.84 Safari/537.36",
   "V8-Version": "6.3.292.46",
   "WebKit-Version": "537.36 (@0f53a5abc7a405fbe9f1cfd3db38f2092c8a7816)",
   "webSocketDebuggerUrl": "ws://localhost:12276/devtools/browser/d59226ec-0acb-4a22-94ea-50c335521785"
}

[1.075][DEBUG]: DevTools request: http://localhost:12276/json
[1.078][DEBUG]: DevTools response: [ {
   "description": "",
   "devtoolsFrontendUrl": "/devtools/inspector.html?ws=localhost:12276/devtools/page/(71D45090BF76634AFFDC7391288CF45C)",
   "id": "(71D45090BF76634AFFDC7391288CF45C)",
   "title": "",
   "type": "page",
   "url": "data:,",
   "webSocketDebuggerUrl": "ws://localhost:12276/devtools/page/(71D45090BF76634AFFDC7391288CF45C)"
} ]

[1.078][DEBUG]: DevTools request: http://localhost:12276/json
[1.096][DEBUG]: DevTools response: [ {
   "description": "",
   "devtoolsFrontendUrl": "/devtools/inspector.html?ws=localhost:12276/devtools/page/(71D45090BF76634AFFDC7391288CF45C)",
   "id": "(71D45090BF76634AFFDC7391288CF45C)",
   "title": "",
   "type": "page",
   "url": "data:,",
   "webSocketDebuggerUrl": "ws://localhost:12276/devtools/page/(71D45090BF76634AFFDC7391288CF45C)"
} ]

[1.096][INFO]: resolved localhost to ["127.0.0.1"]
[1.112][DEBUG]: DEVTOOLS COMMAND Log.enable (id=1) {

}
[1.112][DEBUG]: DEVTOOLS COMMAND DOM.getDocument (id=2) {

}
[1.112][DEBUG]: DEVTOOLS COMMAND Runtime.enable (id=3) {

}
[1.112][DEBUG]: DEVTOOLS COMMAND Page.enable (id=4) {

}
[1.112][DEBUG]: DEVTOOLS COMMAND Page.enable (id=5) {

}
[151:174:0831/073424.716696:ERROR:io_thread.cc(730)] Cannot use V8 Proxy resolver in single process mode.
[151:174:0831/073424.722042:ERROR:io_thread.cc(730)] Cannot use V8 Proxy resolver in single process mode.
[1.234][DEBUG]: DEVTOOLS RESPONSE Log.enable (id=1) {

}
[1.235][DEBUG]: DEVTOOLS RESPONSE DOM.getDocument (id=2) {
   "root": {
      "backendNodeId": 1,
      "baseURL": "about:blank",
      "childNodeCount": 1,
      "children": [ {
         "attributes": [  ],
         "backendNodeId": 2,
         "childNodeCount": 2,
         "children": [ {
            "attributes": [  ],
            "backendNodeId": 3,
            "childNodeCount": 0,
            "localName": "head",
            "nodeId": 3,
            "nodeName": "HEAD",
            "nodeType": 1,
            "nodeValue": "",
            "parentId": 2
         }, {
            "attributes": [  ],
            "backendNodeId": 4,
            "childNodeCount": 0,
            "localName": "body",
            "nodeId": 4,
            "nodeName": "BODY",
            "nodeType": 1,
            "nodeValue": "",
            "parentId": 2
         } ],
         "frameId": "(71D45090BF76634AFFDC7391288CF45C)",
         "localName": "html",
         "nodeId": 2,
         "nodeName": "HTML",
         "nodeType": 1,
         "nodeValue": "",
         "parentId": 1
      } ],
      "documentURL": "",
      "localName": "",
      "nodeId": 1,
      "nodeName": "#document",
      "nodeType": 9,
      "nodeValue": "",
      "xmlVersion": ""
   }
}
[1.236][DEBUG]: DEVTOOLS RESPONSE Runtime.enable (id=3) {

}
[1.236][DEBUG]: DEVTOOLS RESPONSE Page.enable (id=4) {

}
[1.236][DEBUG]: DEVTOOLS RESPONSE Page.enable (id=5) {

}
[1.236][DEBUG]: DEVTOOLS COMMAND Page.enable (id=6) {

}
[1.259][DEBUG]: DEVTOOLS EVENT Page.lifecycleEvent {
   "frameId": "(71D45090BF76634AFFDC7391288CF45C)",
   "name": "commit",
   "timestamp": 1818.626847
}
[1.259][DEBUG]: DEVTOOLS EVENT Page.frameNavigated {
   "frame": {
      "id": "(71D45090BF76634AFFDC7391288CF45C)",
      "loaderId": "151.1",
      "mimeType": "text/plain",
      "securityOrigin": "://",
      "url": "data:,"
   }
}
[1.259][DEBUG]: DEVTOOLS EVENT DOM.documentUpdated {

}
[1.259][DEBUG]: DEVTOOLS COMMAND DOM.getDocument (id=7) {

}
[1.259][DEBUG]: DEVTOOLS EVENT Runtime.executionContextCreated {
   "context": {
      "auxData": {
         "frameId": "(71D45090BF76634AFFDC7391288CF45C)",
         "isDefault": true
      },
      "id": 1,
      "name": "",
      "origin": "://"
   }
}
[1.273][DEBUG]: DEVTOOLS RESPONSE Page.enable (id=6) {

}
[1.277][DEBUG]: DEVTOOLS EVENT Page.loadEventFired {
   "timestamp": 1818.660543
}
[1.277][DEBUG]: DEVTOOLS EVENT Page.lifecycleEvent {
   "frameId": "(71D45090BF76634AFFDC7391288CF45C)",
   "name": "load",
   "timestamp": 1818.660543
}
[1.277][DEBUG]: DEVTOOLS EVENT Page.frameStoppedLoading {
   "frameId": "(71D45090BF76634AFFDC7391288CF45C)"
}
[1.277][DEBUG]: DEVTOOLS EVENT Page.domContentEventFired {
   "timestamp": 1818.660859
}
[1.277][DEBUG]: DEVTOOLS EVENT Page.lifecycleEvent {
   "frameId": "(71D45090BF76634AFFDC7391288CF45C)",
   "name": "DOMContentLoaded",
   "timestamp": 1818.660859
}
[1.277][DEBUG]: DEVTOOLS EVENT DOM.documentUpdated {

}
[1.277][DEBUG]: DEVTOOLS COMMAND DOM.getDocument (id=8) {

}
[1.296][DEBUG]: DEVTOOLS RESPONSE DOM.getDocument (id=7) {
   "root": {
      "backendNodeId": 5,
      "baseURL": "data:,",
      "childNodeCount": 1,
      "children": [ {
         "attributes": [  ],
         "backendNodeId": 6,
         "childNodeCount": 2,
         "children": [ {
            "attributes": [  ],
            "backendNodeId": 7,
            "childNodeCount": 0,
            "localName": "head",
            "nodeId": 7,
            "nodeName": "HEAD",
            "nodeType": 1,
            "nodeValue": "",
            "parentId": 6
         }, {
            "attributes": [  ],
            "backendNodeId": 8,
            "childNodeCount": 1,
            "localName": "body",
            "nodeId": 8,
            "nodeName": "BODY",
            "nodeType": 1,
            "nodeValue": "",
            "parentId": 6
         } ],
         "frameId": "(71D45090BF76634AFFDC7391288CF45C)",
         "localName": "html",
         "nodeId": 6,
         "nodeName": "HTML",
         "nodeType": 1,
         "nodeValue": "",
         "parentId": 5
      } ],
      "documentURL": "data:,",
      "localName": "",
      "nodeId": 5,
      "nodeName": "#document",
      "nodeType": 9,
      "nodeValue": "",
      "xmlVersion": ""
   }
}
[1.297][DEBUG]: DEVTOOLS RESPONSE DOM.getDocument (id=8) {
   "root": {
      "backendNodeId": 5,
      "baseURL": "data:,",
      "childNodeCount": 1,
      "children": [ {
         "attributes": [  ],
         "backendNodeId": 6,
         "childNodeCount": 2,
         "children": [ {
            "attributes": [  ],
            "backendNodeId": 7,
            "childNodeCount": 0,
            "localName": "head",
            "nodeId": 11,
            "nodeName": "HEAD",
            "nodeType": 1,
            "nodeValue": "",
            "parentId": 10
         }, {
            "attributes": [  ],
            "backendNodeId": 8,
            "childNodeCount": 1,
            "localName": "body",
            "nodeId": 12,
            "nodeName": "BODY",
            "nodeType": 1,
            "nodeValue": "",
            "parentId": 10
         } ],
         "frameId": "(71D45090BF76634AFFDC7391288CF45C)",
         "localName": "html",
         "nodeId": 10,
         "nodeName": "HTML",
         "nodeType": 1,
         "nodeValue": "",
         "parentId": 9
      } ],
      "documentURL": "data:,",
      "localName": "",
      "nodeId": 9,
      "nodeName": "#document",
      "nodeType": 9,
      "nodeValue": "",
      "xmlVersion": ""
   }
}
[1.297][DEBUG]: DEVTOOLS COMMAND Runtime.enable (id=9) {

}
[1.297][DEBUG]: DEVTOOLS RESPONSE Runtime.enable (id=9) {

}
[1.297][DEBUG]: DEVTOOLS COMMAND Runtime.evaluate (id=10) {
   "expression": "(function() { // Copyright (c) 2012 The Chromium Authors. All rights reserved.\n// Use of this source code is governed by a BSD-style license that can be\n// found in the LICENSE file.\n\n/**\n * Enum f...",
   "returnByValue": true
}
[1.311][DEBUG]: DEVTOOLS RESPONSE Runtime.evaluate (id=10) {
   "result": {
      "type": "object",
      "value": {
         "status": 0,
         "value": 1
      }
   }
}
[1.311][INFO]: RESPONSE InitSession {
   "acceptSslCerts": true,
   "applicationCacheEnabled": false,
   "browserConnectionEnabled": false,
   "browserName": "chrome",
   "chrome": {
      "chromedriverVersion": "2.33.506092 (733a02544d189eeb751fe0d7ddca79a0ee28cce4)",
      "userDataDir": "/tmp/.org.chromium.Chromium.tBqxKL"
   },
   "cssSelectorsEnabled": true,
   "databaseEnabled": false,
   "handlesAlerts": true,
   "hasTouchScreen": false,
   "javascriptEnabled": true,
   "locationContextEnabled": true,
   "mobileEmulationEnabled": false,
   "nativeEvents": true,
   "networkConnectionEnabled": false,
   "pageLoadStrategy": "normal",
   "platform": "Linux",
   "rotatable": false,
   "setWindowRect": true,
   "takesHeapSnapshot": true,
   "~~~": "..."
}
[1.335][INFO]: COMMAND SetTimeout {
   "script": 11000
}
[1.336][INFO]: RESPONSE SetTimeout unknown error: 'ms' must be a double
  (Session info: chrome=63.0.3239.84)
[1.351][INFO]: COMMAND SetTimeout {
   "ms": 11000,
   "type": "script"
}
[1.351][INFO]: RESPONSE SetTimeout
[1.871][INFO]: COMMAND SetTimeout {
   "pageLoad": 30000
}
[1.873][INFO]: RESPONSE SetTimeout unknown error: 'ms' must be a double
  (Session info: chrome=63.0.3239.84)
[1.878][INFO]: COMMAND SetTimeout {
   "ms": 30000,
   "type": "page load"
}
[1.878][INFO]: RESPONSE SetTimeout
[1.971][INFO]: COMMAND Navigate {
   "url": "https://translate.google.com/#en/es/Charity"
}
[1.971][INFO]: Waiting for pending navigations...
[1.971][DEBUG]: DEVTOOLS COMMAND Runtime.evaluate (id=11) {
   "expression": "1"
}
[1.972][DEBUG]: DEVTOOLS EVENT Page.lifecycleEvent {
   "frameId": "(71D45090BF76634AFFDC7391288CF45C)",
   "name": "networkAlmostIdle",
   "timestamp": 1818.660872
}
[1.972][DEBUG]: DEVTOOLS EVENT Page.lifecycleEvent {
   "frameId": "(71D45090BF76634AFFDC7391288CF45C)",
   "name": "networkIdle",
   "timestamp": 1818.660872
}
[1.972][DEBUG]: DEVTOOLS RESPONSE Runtime.evaluate (id=11) {
   "result": {
      "description": "1",
      "type": "number",
      "value": 1
   }
}
[1.973][INFO]: Done waiting for pending navigations. Status: ok
[1.973][DEBUG]: DEVTOOLS COMMAND Page.navigate (id=12) {
   "url": "https://translate.google.com/#en/es/Charity"
}
[1.976][DEBUG]: DEVTOOLS EVENT Page.frameStartedLoading {
   "frameId": "(71D45090BF76634AFFDC7391288CF45C)"
}
[1.977][DEBUG]: DEVTOOLS RESPONSE Page.navigate (id=12) {
   "frameId": "(71D45090BF76634AFFDC7391288CF45C)"
}
[1.977][INFO]: Waiting for pending navigations...
[1.977][DEBUG]: DEVTOOLS COMMAND Runtime.evaluate (id=13) {
   "expression": "1"
}
[1.978][DEBUG]: DEVTOOLS RESPONSE Runtime.evaluate (id=13) {
   "result": {
      "description": "1",
      "type": "number",
      "value": 1
   }
}
[2.152][DEBUG]: DEVTOOLS EVENT Runtime.executionContextDestroyed {
   "executionContextId": 1
}
[2.152][DEBUG]: DEVTOOLS EVENT Runtime.executionContextsCleared {

}
[2.152][DEBUG]: DEVTOOLS EVENT Page.lifecycleEvent {
   "frameId": "(71D45090BF76634AFFDC7391288CF45C)",
   "name": "commit",
   "timestamp": 1819.523096
}
[2.152][DEBUG]: DEVTOOLS EVENT Page.frameNavigated {
   "frame": {
      "id": "(71D45090BF76634AFFDC7391288CF45C)",
      "loaderId": "151.2",
      "mimeType": "text/html",
      "securityOrigin": "https://translate.google.com",
      "url": "https://translate.google.com/"
   }
}
[2.152][DEBUG]: DEVTOOLS EVENT Runtime.executionContextCreated {
   "context": {
      "auxData": {
         "frameId": "(71D45090BF76634AFFDC7391288CF45C)",
         "isDefault": true
      },
      "id": 3,
      "name": "",
      "origin": "https://translate.google.com"
   }
}
[2.152][DEBUG]: DEVTOOLS EVENT DOM.documentUpdated {

}
[2.152][DEBUG]: DEVTOOLS COMMAND DOM.getDocument (id=14) {

}
[2.231][DEBUG]: DEVTOOLS RESPONSE DOM.getDocument (id=14) {
   "root": {
      "backendNodeId": 10,
      "baseURL": "https://translate.google.com/#en/es/Charity",
      "childNodeCount": 2,
      "children": [ {
         "backendNodeId": 11,
         "localName": "",
         "nodeId": 14,
         "nodeName": "html",
         "nodeType": 10,
         "nodeValue": "",
         "parentId": 13,
         "publicId": "",
         "systemId": ""
      }, {
         "attributes": [  ],
         "backendNodeId": 12,
         "childNodeCount": 1,
         "children": [ {
            "attributes": [  ],
            "backendNodeId": 13,
            "childNodeCount": 18,
            "localName": "head",
            "nodeId": 16,
            "nodeName": "HEAD",
            "nodeType": 1,
            "nodeValue": "",
            "parentId": 15
         } ],
         "frameId": "(71D45090BF76634AFFDC7391288CF45C)",
         "localName": "html",
         "nodeId": 15,
         "nodeName": "HTML",
         "nodeType": 1,
         "nodeValue": "",
         "parentId": 13
      } ],
      "documentURL": "https://translate.google.com/#en/es/Charity",
      "localName": "",
      "nodeId": 13,
      "nodeName": "#document",
      "nodeType": 9,
      "nodeValue": "",
      "xmlVersion": ""
   }
}
[2.232][DEBUG]: DEVTOOLS COMMAND Runtime.evaluate (id=15) {
   "expression": "1"
}
[2.272][DEBUG]: DEVTOOLS EVENT DOM.childNodeCountUpdated {
   "childNodeCount": 19,
   "nodeId": 16
}
[2.272][DEBUG]: DEVTOOLS EVENT DOM.childNodeCountUpdated {
   "childNodeCount": 20,
   "nodeId": 16
}
[2.272][DEBUG]: DEVTOOLS EVENT DOM.childNodeCountUpdated {
   "childNodeCount": 21,
   "nodeId": 16
}
[2.273][DEBUG]: DEVTOOLS EVENT DOM.childNodeCountUpdated {
   "childNodeCount": 22,
   "nodeId": 16
}
[2.273][DEBUG]: DEVTOOLS EVENT DOM.childNodeInserted {
   "node": {
      "attributes": [ "dir", "ltr", "onload", "window.jstiming.load['tick']('ol');", "class", "e_md nj pre-epu" ],
      "backendNodeId": 14,
      "childNodeCount": 0,
      "localName": "body",
      "nodeId": 17,
      "nodeName": "BODY",
      "nodeType": 1,
      "nodeValue": ""
   },
   "parentNodeId": 15,
   "previousNodeId": 16
}
[2.273][DEBUG]: DEVTOOLS EVENT DOM.childNodeCountUpdated {
   "childNodeCount": 1,
   "nodeId": 17
}
[2.273][DEBUG]: DEVTOOLS EVENT DOM.childNodeCountUpdated {
   "childNodeCount": 2,
   "nodeId": 17
}
[2.273][DEBUG]: DEVTOOLS RESPONSE Runtime.evaluate (id=15) {
   "result": {
      "description": "1",
      "type": "number",
      "value": 1
   }
}
[2.274][DEBUG]: DEVTOOLS EVENT DOM.childNodeCountUpdated {
   "childNodeCount": 3,
   "nodeId": 17
}
[2.274][DEBUG]: DEVTOOLS EVENT DOM.attributeModified {
   "name": "class",
   "nodeId": 17,
   "value": "e_md  pre-epu"
}
[2.274][DEBUG]: DEVTOOLS EVENT DOM.childNodeCountUpdated {
   "childNodeCount": 4,
   "nodeId": 17
}
[2.274][DEBUG]: DEVTOOLS COMMAND Runtime.evaluate (id=16) {
   "expression": "1"
}
[2.316][DEBUG]: DEVTOOLS RESPONSE Runtime.evaluate (id=16) {
   "result": {
      "description": "1",
      "type": "number",
      "value": 1
   }
}
[2.373][DEBUG]: DEVTOOLS EVENT Page.lifecycleEvent {
   "frameId": "(71D45090BF76634AFFDC7391288CF45C)",
   "name": "firstPaint",
   "timestamp": 1819.720382
}
[2.373][DEBUG]: DEVTOOLS EVENT Page.lifecycleEvent {
   "frameId": "(71D45090BF76634AFFDC7391288CF45C)",
   "name": "firstContentfulPaint",
   "timestamp": 1819.720385
}
[2.373][DEBUG]: DEVTOOLS EVENT Page.lifecycleEvent {
   "frameId": "(71D45090BF76634AFFDC7391288CF45C)",
   "name": "firstTextPaint",
   "timestamp": 1819.720386
}
[2.373][DEBUG]: DEVTOOLS EVENT Page.lifecycleEvent {
   "frameId": "(71D45090BF76634AFFDC7391288CF45C)",
   "name": "firstImagePaint",
   "timestamp": 1819.720387
}
[2.373][DEBUG]: DEVTOOLS EVENT Page.lifecycleEvent {
   "frameId": "(71D45090BF76634AFFDC7391288CF45C)",
   "name": "firstMeaningfulPaintCandidate",
   "timestamp": 1819.720388
}
[2.373][DEBUG]: DEVTOOLS COMMAND Runtime.evaluate (id=17) {
   "expression": "1"
}
[2.435][DEBUG]: DEVTOOLS RESPONSE Runtime.evaluate (id=17) {
   "result": {
      "description": "1",
      "type": "number",
      "value": 1
   }
}
[2.491][DEBUG]: DEVTOOLS EVENT DOM.childNodeCountUpdated {
   "childNodeCount": 23,
   "nodeId": 16
}
[2.491][DEBUG]: DEVTOOLS COMMAND Runtime.evaluate (id=18) {
   "expression": "1"
}
[2.713][DEBUG]: DEVTOOLS EVENT DOM.attributeModified {
   "name": "class",
   "nodeId": 17,
   "value": "e_md pre-epu"
}
[2.713][DEBUG]: DEVTOOLS EVENT DOM.childNodeCountUpdated {
   "childNodeCount": 5,
   "nodeId": 17
}
[2.713][DEBUG]: DEVTOOLS EVENT DOM.childNodeCountUpdated {
   "childNodeCount": 4,
   "nodeId": 17
}
[2.713][DEBUG]: DEVTOOLS EVENT DOM.childNodeCountUpdated {
   "childNodeCount": 5,
   "nodeId": 17
}
[2.713][DEBUG]: DEVTOOLS EVENT DOM.childNodeCountUpdated {
   "childNodeCount": 6,
   "nodeId": 17
}
[2.713][DEBUG]: DEVTOOLS EVENT DOM.childNodeCountUpdated {
   "childNodeCount": 7,
   "nodeId": 17
}
[2.713][DEBUG]: DEVTOOLS EVENT DOM.childNodeCountUpdated {
   "childNodeCount": 8,
   "nodeId": 17
}
[2.714][DEBUG]: DEVTOOLS EVENT DOM.childNodeCountUpdated {
   "childNodeCount": 7,
   "nodeId": 17
}
[2.714][DEBUG]: DEVTOOLS EVENT DOM.childNodeCountUpdated {
   "childNodeCount": 6,
   "nodeId": 17
}
[2.714][DEBUG]: DEVTOOLS EVENT DOM.childNodeCountUpdated {
   "childNodeCount": 7,
   "nodeId": 17
}
[2.714][DEBUG]: DEVTOOLS EVENT DOM.childNodeCountUpdated {
   "childNodeCount": 8,
   "nodeId": 17
}
[2.714][DEBUG]: DEVTOOLS EVENT DOM.childNodeCountUpdated {
   "childNodeCount": 9,
   "nodeId": 17
}
[2.714][DEBUG]: DEVTOOLS EVENT DOM.childNodeCountUpdated {
   "childNodeCount": 10,
   "nodeId": 17
}
[2.714][DEBUG]: DEVTOOLS EVENT DOM.childNodeCountUpdated {
   "childNodeCount": 11,
   "nodeId": 17
}
[2.714][DEBUG]: DEVTOOLS EVENT DOM.childNodeCountUpdated {
   "childNodeCount": 12,
   "nodeId": 17
}
[2.715][DEBUG]: DEVTOOLS EVENT DOM.childNodeCountUpdated {
   "childNodeCount": 13,
   "nodeId": 17
}
[2.715][DEBUG]: DEVTOOLS EVENT DOM.childNodeCountUpdated {
   "childNodeCount": 14,
   "nodeId": 17
}
[2.715][DEBUG]: DEVTOOLS EVENT DOM.childNodeCountUpdated {
   "childNodeCount": 15,
   "nodeId": 17
}
[2.715][DEBUG]: DEVTOOLS EVENT DOM.childNodeCountUpdated {
   "childNodeCount": 14,
   "nodeId": 17
}
[2.715][DEBUG]: DEVTOOLS EVENT DOM.childNodeCountUpdated {
   "childNodeCount": 13,
   "nodeId": 17
}
[2.715][DEBUG]: DEVTOOLS EVENT DOM.childNodeCountUpdated {
   "childNodeCount": 14,
   "nodeId": 17
}
[2.716][DEBUG]: DEVTOOLS EVENT DOM.childNodeCountUpdated {
   "childNodeCount": 24,
   "nodeId": 16
}
[2.716][DEBUG]: DEVTOOLS EVENT DOM.childNodeCountUpdated {
   "childNodeCount": 15,
   "nodeId": 17
}
[2.716][DEBUG]: DEVTOOLS EVENT DOM.childNodeCountUpdated {
   "childNodeCount": 14,
   "nodeId": 17
}
[2.716][DEBUG]: DEVTOOLS EVENT DOM.childNodeCountUpdated {
   "childNodeCount": 15,
   "nodeId": 17
}
[2.716][DEBUG]: DEVTOOLS EVENT DOM.childNodeCountUpdated {
   "childNodeCount": 14,
   "nodeId": 17
}
[2.716][DEBUG]: DEVTOOLS EVENT DOM.childNodeCountUpdated {
   "childNodeCount": 15,
   "nodeId": 17
}
[2.716][DEBUG]: DEVTOOLS EVENT DOM.childNodeCountUpdated {
   "childNodeCount": 14,
   "nodeId": 17
}
[2.716][DEBUG]: DEVTOOLS EVENT DOM.childNodeCountUpdated {
   "childNodeCount": 15,
   "nodeId": 17
}
[2.716][DEBUG]: DEVTOOLS EVENT DOM.childNodeCountUpdated {
   "childNodeCount": 14,
   "nodeId": 17
}
[2.716][DEBUG]: DEVTOOLS EVENT DOM.childNodeCountUpdated {
   "childNodeCount": 15,
   "nodeId": 17
}
[2.716][DEBUG]: DEVTOOLS EVENT DOM.childNodeCountUpdated {
   "childNodeCount": 14,
   "nodeId": 17
}
[2.716][DEBUG]: DEVTOOLS EVENT DOM.childNodeCountUpdated {
   "childNodeCount": 15,
   "nodeId": 17
}
[2.716][DEBUG]: DEVTOOLS EVENT DOM.childNodeCountUpdated {
   "childNodeCount": 14,
   "nodeId": 17
}
[2.716][DEBUG]: DEVTOOLS EVENT DOM.childNodeCountUpdated {
   "childNodeCount": 15,
   "nodeId": 17
}
[2.716][DEBUG]: DEVTOOLS EVENT DOM.childNodeCountUpdated {
   "childNodeCount": 14,
   "nodeId": 17
}
[2.716][DEBUG]: DEVTOOLS EVENT DOM.childNodeCountUpdated {
   "childNodeCount": 15,
   "nodeId": 17
}
[2.716][DEBUG]: DEVTOOLS EVENT DOM.childNodeCountUpdated {
   "childNodeCount": 14,
   "nodeId": 17
}
[2.716][DEBUG]: DEVTOOLS EVENT DOM.childNodeCountUpdated {
   "childNodeCount": 15,
   "nodeId": 17
}
[2.716][DEBUG]: DEVTOOLS EVENT DOM.childNodeCountUpdated {
   "childNodeCount": 14,
   "nodeId": 17
}
[2.716][DEBUG]: DEVTOOLS EVENT DOM.childNodeCountUpdated {
   "childNodeCount": 15,
   "nodeId": 17
}
[2.716][DEBUG]: DEVTOOLS EVENT DOM.childNodeCountUpdated {
   "childNodeCount": 14,
   "nodeId": 17
}
[2.716][DEBUG]: DEVTOOLS EVENT DOM.childNodeCountUpdated {
   "childNodeCount": 15,
   "nodeId": 17
}
[2.716][DEBUG]: DEVTOOLS EVENT DOM.childNodeCountUpdated {
   "childNodeCount": 14,
   "nodeId": 17
}
[2.716][DEBUG]: DEVTOOLS EVENT DOM.childNodeCountUpdated {
   "childNodeCount": 15,
   "nodeId": 17
}
[2.716][DEBUG]: DEVTOOLS EVENT DOM.childNodeCountUpdated {
   "childNodeCount": 14,
   "nodeId": 17
}
[2.716][DEBUG]: DEVTOOLS EVENT DOM.childNodeCountUpdated {
   "childNodeCount": 15,
   "nodeId": 17
}
[2.716][DEBUG]: DEVTOOLS EVENT DOM.childNodeCountUpdated {
   "childNodeCount": 14,
   "nodeId": 17
}
[2.716][DEBUG]: DEVTOOLS EVENT DOM.childNodeCountUpdated {
   "childNodeCount": 15,
   "nodeId": 17
}
[2.716][DEBUG]: DEVTOOLS EVENT DOM.childNodeCountUpdated {
   "childNodeCount": 14,
   "nodeId": 17
}
[2.716][DEBUG]: DEVTOOLS EVENT DOM.childNodeCountUpdated {
   "childNodeCount": 15,
   "nodeId": 17
}
[2.716][DEBUG]: DEVTOOLS EVENT DOM.childNodeCountUpdated {
   "childNodeCount": 14,
   "nodeId": 17
}
[2.716][DEBUG]: DEVTOOLS EVENT DOM.childNodeCountUpdated {
   "childNodeCount": 15,
   "nodeId": 17
}
[2.716][DEBUG]: DEVTOOLS EVENT DOM.childNodeCountUpdated {
   "childNodeCount": 14,
   "nodeId": 17
}
[2.716][DEBUG]: DEVTOOLS EVENT DOM.childNodeCountUpdated {
   "childNodeCount": 25,
   "nodeId": 16
}
[2.716][DEBUG]: DEVTOOLS EVENT DOM.childNodeCountUpdated {
   "childNodeCount": 26,
   "nodeId": 16
}
[2.716][DEBUG]: DEVTOOLS EVENT DOM.childNodeCountUpdated {
   "childNodeCount": 27,
   "nodeId": 16
}
[2.716][DEBUG]: DEVTOOLS EVENT DOM.childNodeCountUpdated {
   "childNodeCount": 15,
   "nodeId": 17
}
[2.716][DEBUG]: DEVTOOLS EVENT DOM.childNodeCountUpdated {
   "childNodeCount": 14,
   "nodeId": 17
}
[2.716][DEBUG]: DEVTOOLS EVENT DOM.childNodeCountUpdated {
   "childNodeCount": 28,
   "nodeId": 16
}
[2.716][DEBUG]: DEVTOOLS EVENT DOM.childNodeCountUpdated {
   "childNodeCount": 15,
   "nodeId": 17
}
[2.716][DEBUG]: DEVTOOLS EVENT DOM.childNodeCountUpdated {
   "childNodeCount": 14,
   "nodeId": 17
}
[2.716][DEBUG]: DEVTOOLS EVENT Page.domContentEventFired {
   "timestamp": 1820.101392
}
[2.716][DEBUG]: DEVTOOLS EVENT Page.lifecycleEvent {
   "frameId": "(71D45090BF76634AFFDC7391288CF45C)",
   "name": "DOMContentLoaded",
   "timestamp": 1820.101392
}
[2.716][DEBUG]: DEVTOOLS EVENT DOM.documentUpdated {

}
[2.716][DEBUG]: DEVTOOLS COMMAND DOM.getDocument (id=19) {

}
[2.732][DEBUG]: DEVTOOLS RESPONSE Runtime.evaluate (id=18) {
   "result": {
      "description": "1",
      "type": "number",
      "value": 1
   }
}
[2.776][DEBUG]: DEVTOOLS RESPONSE DOM.getDocument (id=19) {
   "root": {
      "backendNodeId": 10,
      "baseURL": "https://translate.google.com/#en/es/Charity",
      "childNodeCount": 2,
      "children": [ {
         "backendNodeId": 11,
         "localName": "",
         "nodeId": 19,
         "nodeName": "html",
         "nodeType": 10,
         "nodeValue": "",
         "parentId": 18,
         "publicId": "",
         "systemId": ""
      }, {
         "attributes": [  ],
         "backendNodeId": 12,
         "childNodeCount": 2,
         "children": [ {
            "attributes": [  ],
            "backendNodeId": 13,
            "childNodeCount": 28,
            "localName": "head",
            "nodeId": 21,
            "nodeName": "HEAD",
            "nodeType": 1,
            "nodeValue": "",
            "parentId": 20
         }, {
            "attributes": [ "dir", "ltr", "onload", "window.jstiming.load['tick']('ol');", "class", "e_md pre-epu" ],
            "backendNodeId": 14,
            "childNodeCount": 14,
            "localName": "body",
            "nodeId": 22,
            "nodeName": "BODY",
            "nodeType": 1,
            "nodeValue": "",
            "parentId": 20
         } ],
         "frameId": "(71D45090BF76634AFFDC7391288CF45C)",
         "localName": "html",
         "nodeId": 20,
         "nodeName": "HTML",
         "nodeType": 1,
         "nodeValue": "",
         "parentId": 18
      } ],
      "documentURL": "https://translate.google.com/#en/es/Charity",
      "localName": "",
      "nodeId": 18,
      "nodeName": "#document",
      "nodeType": 9,
      "nodeValue": "",
      "xmlVersion": ""
   }
}
[2.880][DEBUG]: DEVTOOLS EVENT DOM.childNodeCountUpdated {
   "childNodeCount": 29,
   "nodeId": 21
}
[2.880][DEBUG]: DEVTOOLS COMMAND Runtime.evaluate (id=20) {
   "expression": "1"
}
[2.881][DEBUG]: DEVTOOLS EVENT DOM.childNodeCountUpdated {
   "childNodeCount": 15,
   "nodeId": 22
}
[2.881][DEBUG]: DEVTOOLS EVENT DOM.childNodeCountUpdated {
   "childNodeCount": 16,
   "nodeId": 22
}
[2.881][DEBUG]: DEVTOOLS EVENT DOM.childNodeCountUpdated {
   "childNodeCount": 17,
   "nodeId": 22
}
[2.881][DEBUG]: DEVTOOLS EVENT DOM.childNodeCountUpdated {
   "childNodeCount": 18,
   "nodeId": 22
}
[2.881][DEBUG]: DEVTOOLS EVENT DOM.childNodeCountUpdated {
   "childNodeCount": 19,
   "nodeId": 22
}
[2.881][DEBUG]: DEVTOOLS EVENT DOM.childNodeCountUpdated {
   "childNodeCount": 30,
   "nodeId": 21
}
[2.881][DEBUG]: DEVTOOLS EVENT DOM.childNodeCountUpdated {
   "childNodeCount": 20,
   "nodeId": 22
}
[2.882][DEBUG]: DEVTOOLS EVENT DOM.childNodeCountUpdated {
   "childNodeCount": 21,
   "nodeId": 22
}
[2.882][DEBUG]: DEVTOOLS EVENT DOM.childNodeCountUpdated {
   "childNodeCount": 20,
   "nodeId": 22
}
[2.882][DEBUG]: DEVTOOLS EVENT DOM.childNodeCountUpdated {
   "childNodeCount": 19,
   "nodeId": 22
}
[2.882][DEBUG]: DEVTOOLS EVENT DOM.childNodeCountUpdated {
   "childNodeCount": 20,
   "nodeId": 22
}
[2.882][DEBUG]: DEVTOOLS EVENT DOM.childNodeCountUpdated {
   "childNodeCount": 31,
   "nodeId": 21
}
[2.882][DEBUG]: DEVTOOLS EVENT DOM.childNodeCountUpdated {
   "childNodeCount": 32,
   "nodeId": 21
}
[2.922][DEBUG]: DEVTOOLS EVENT Page.lifecycleEvent {
   "frameId": "(71D45090BF76634AFFDC7391288CF45C)",
   "name": "firstMeaningfulPaintCandidate",
   "timestamp": 1820.183892
}
[2.922][DEBUG]: DEVTOOLS RESPONSE Runtime.evaluate (id=20) {
   "result": {
      "description": "1",
      "type": "number",
      "value": 1
   }
}
[2.960][DEBUG]: DEVTOOLS EVENT DOM.childNodeCountUpdated {
   "childNodeCount": 21,
   "nodeId": 22
}
[2.960][DEBUG]: DEVTOOLS COMMAND Runtime.evaluate (id=21) {
   "expression": "1"
}
[2.971][DEBUG]: DEVTOOLS RESPONSE Runtime.evaluate (id=21) {
   "result": {
      "description": "1",
      "type": "number",
      "value": 1
   }
}
[3.020][DEBUG]: DEVTOOLS EVENT Runtime.exceptionThrown {
   "exceptionDetails": {
      "columnNumber": 474,
      "exception": {
         "className": "TypeError",
         "description": "TypeError: Cannot convert undefined or null to object\n    at Image.b.onload.b.onerror (https://translate.google.com/translate/releases/twsfe_w_20180827_RC01/r/js/desktop_module_main.js:839:475)",
         "objectId": "{\"injectedScriptId\":3,\"id\":1}",
         "preview": {
            "description": "TypeError: Cannot convert undefined or null to object\n    at Image.b.onload.b.onerror (https://translate.google.com/translate/releases/twsfe_w_20180827_RC01/r/js/desktop_module_main.js:839:475)",
            "overflow": false,
            "properties": [ {
               "name": "stack",
               "type": "string",
               "value": "TypeError: Cannot convert undefined or null to obj…0180827_RC01/r/js/desktop_module_main.js:839:475)"
            }, {
               "name": "message",
               "type": "string",
               "value": "Cannot convert undefined or null to object"
            } ],
            "subtype": "error",
            "type": "object"
         },
         "subtype": "error",
         "type": "object"
      },
      "exceptionId": 1,
      "executionContextId": 3,
      "lineNumber": 838,
      "stackTrace": {
         "callFrames": [ {
            "columnNumber": 474,
            "functionName": "b.onload.b.onerror",
            "lineNumber": 838,
            "scriptId": "52",
            "url": "https://translate.google.com/translate/releases/twsfe_w_20180827_RC01/r/js/desktop_module_main.js"
         } ]
      },
      "text": "Uncaught",
      "url": "https://translate.google.com/translate/releases/twsfe_w_20180827_RC01/r/js/desktop_module_main.js"
   },
   "timestamp": 1535700866548.555
}
[3.020][DEBUG]: DEVTOOLS COMMAND Runtime.evaluate (id=22) {
   "expression": "1"
}
[3.021][DEBUG]: DEVTOOLS RESPONSE Runtime.evaluate (id=22) {
   "result": {
      "description": "1",
      "type": "number",
      "value": 1
   }
}
[3.042][DEBUG]: DEVTOOLS EVENT Page.loadEventFired {
   "timestamp": 1820.429134
}
[3.042][DEBUG]: DEVTOOLS COMMAND Runtime.evaluate (id=23) {
   "expression": "1"
}
[3.042][DEBUG]: DEVTOOLS EVENT Page.lifecycleEvent {
   "frameId": "(71D45090BF76634AFFDC7391288CF45C)",
   "name": "load",
   "timestamp": 1820.429134
}
[3.043][DEBUG]: DEVTOOLS EVENT Page.frameStoppedLoading {
   "frameId": "(71D45090BF76634AFFDC7391288CF45C)"
}
[3.044][DEBUG]: DEVTOOLS RESPONSE Runtime.evaluate (id=23) {
   "result": {
      "description": "1",
      "type": "number",
      "value": 1
   }
}
[3.044][INFO]: Done waiting for pending navigations. Status: ok
[3.044][INFO]: RESPONSE Navigate
[3.059][INFO]: COMMAND FindElements {
   "using": "css selector",
   "value": "#gt-src-c"
}
[3.059][INFO]: Waiting for pending navigations...
[3.059][DEBUG]: DEVTOOLS COMMAND Runtime.evaluate (id=24) {
   "expression": "1"
}
[3.071][DEBUG]: DEVTOOLS RESPONSE Runtime.evaluate (id=24) {
   "result": {
      "description": "1",
      "type": "number",
      "value": 1
   }
}
[3.071][INFO]: Done waiting for pending navigations. Status: ok
[3.073][DEBUG]: DEVTOOLS COMMAND Runtime.evaluate (id=25) {
   "expression": "(function() { // Copyright (c) 2012 The Chromium Authors. All rights reserved.\n// Use of this source code is governed by a BSD-style license that can be\n// found in the LICENSE file.\n\n/**\n * Enum f...",
   "returnByValue": true
}
[3.095][DEBUG]: DEVTOOLS RESPONSE Runtime.evaluate (id=25) {
   "result": {
      "type": "object",
      "value": {
         "status": 0,
         "value": [ {
            "ELEMENT": "0.06376777989172289-1"
         } ]
      }
   }
}
[3.095][INFO]: Waiting for pending navigations...
[3.095][DEBUG]: DEVTOOLS COMMAND Runtime.evaluate (id=26) {
   "expression": "1"
}
[3.095][DEBUG]: DEVTOOLS RESPONSE Runtime.evaluate (id=26) {
   "result": {
      "description": "1",
      "type": "number",
      "value": 1
   }
}
[3.095][INFO]: Done waiting for pending navigations. Status: ok
[3.095][INFO]: RESPONSE FindElements [ {
   "ELEMENT": "0.06376777989172289-1"
} ]
[3.100][INFO]: COMMAND IsElementDisplayed {
   "id": "0.06376777989172289-1"
}
[3.100][INFO]: Waiting for pending navigations...
[3.100][DEBUG]: DEVTOOLS COMMAND Runtime.evaluate (id=27) {
   "expression": "1"
}
[3.101][DEBUG]: DEVTOOLS RESPONSE Runtime.evaluate (id=27) {
   "result": {
      "description": "1",
      "type": "number",
      "value": 1
   }
}
[3.101][INFO]: Done waiting for pending navigations. Status: ok
[3.102][DEBUG]: DEVTOOLS COMMAND Runtime.evaluate (id=28) {
   "expression": "(function() { // Copyright (c) 2012 The Chromium Authors. All rights reserved.\n// Use of this source code is governed by a BSD-style license that can be\n// found in the LICENSE file.\n\n/**\n * Enum f...",
   "returnByValue": true
}
[3.119][DEBUG]: DEVTOOLS RESPONSE Runtime.evaluate (id=28) {
   "result": {
      "type": "object",
      "value": {
         "status": 0,
         "value": true
      }
   }
}
[3.119][INFO]: Waiting for pending navigations...
[3.119][DEBUG]: DEVTOOLS COMMAND Runtime.evaluate (id=29) {
   "expression": "1"
}
[3.120][DEBUG]: DEVTOOLS RESPONSE Runtime.evaluate (id=29) {
   "result": {
      "description": "1",
      "type": "number",
      "value": 1
   }
}
[3.120][INFO]: Done waiting for pending navigations. Status: ok
[3.120][INFO]: RESPONSE IsElementDisplayed true
[3.123][INFO]: COMMAND FindChildElements {
   "id": "0.06376777989172289-1",
   "using": "css selector",
   "value": "textarea#source"
}
[3.123][INFO]: Waiting for pending navigations...
[3.123][DEBUG]: DEVTOOLS COMMAND Runtime.evaluate (id=30) {
   "expression": "1"
}
[3.123][DEBUG]: DEVTOOLS RESPONSE Runtime.evaluate (id=30) {
   "result": {
      "description": "1",
      "type": "number",
      "value": 1
   }
}
[3.123][INFO]: Done waiting for pending navigations. Status: ok
[3.125][DEBUG]: DEVTOOLS COMMAND Runtime.evaluate (id=31) {
   "expression": "(function() { // Copyright (c) 2012 The Chromium Authors. All rights reserved.\n// Use of this source code is governed by a BSD-style license that can be\n// found in the LICENSE file.\n\n/**\n * Enum f...",
   "returnByValue": true
}
[3.139][DEBUG]: DEVTOOLS RESPONSE Runtime.evaluate (id=31) {
   "result": {
      "type": "object",
      "value": {
         "status": 0,
         "value": [ {
            "ELEMENT": "0.06376777989172289-2"
         } ]
      }
   }
}
[3.139][INFO]: Waiting for pending navigations...
[3.139][DEBUG]: DEVTOOLS COMMAND Runtime.evaluate (id=32) {
   "expression": "1"
}
[3.140][DEBUG]: DEVTOOLS RESPONSE Runtime.evaluate (id=32) {
   "result": {
      "description": "1",
      "type": "number",
      "value": 1
   }
}
[3.140][INFO]: Done waiting for pending navigations. Status: ok
[3.140][INFO]: RESPONSE FindChildElements [ {
   "ELEMENT": "0.06376777989172289-2"
} ]
[3.142][INFO]: COMMAND IsElementDisplayed {
   "id": "0.06376777989172289-2"
}
[3.142][INFO]: Waiting for pending navigations...
[3.142][DEBUG]: DEVTOOLS COMMAND Runtime.evaluate (id=33) {
   "expression": "1"
}
[3.143][DEBUG]: DEVTOOLS RESPONSE Runtime.evaluate (id=33) {
   "result": {
      "description": "1",
      "type": "number",
      "value": 1
   }
}
[3.143][INFO]: Done waiting for pending navigations. Status: ok
[3.144][DEBUG]: DEVTOOLS COMMAND Runtime.evaluate (id=34) {
   "expression": "(function() { // Copyright (c) 2012 The Chromium Authors. All rights reserved.\n// Use of this source code is governed by a BSD-style license that can be\n// found in the LICENSE file.\n\n/**\n * Enum f...",
   "returnByValue": true
}
[3.158][DEBUG]: DEVTOOLS RESPONSE Runtime.evaluate (id=34) {
   "result": {
      "type": "object",
      "value": {
         "status": 0,
         "value": true
      }
   }
}
[3.158][INFO]: Waiting for pending navigations...
[3.158][DEBUG]: DEVTOOLS COMMAND Runtime.evaluate (id=35) {
   "expression": "1"
}
[3.158][DEBUG]: DEVTOOLS RESPONSE Runtime.evaluate (id=35) {
   "result": {
      "description": "1",
      "type": "number",
      "value": 1
   }
}
[3.158][INFO]: Done waiting for pending navigations. Status: ok
[3.158][INFO]: RESPONSE IsElementDisplayed true
[3.161][INFO]: COMMAND ClearElement {
   "id": "0.06376777989172289-2"
}
[3.161][INFO]: Waiting for pending navigations...
[3.161][DEBUG]: DEVTOOLS COMMAND Runtime.evaluate (id=36) {
   "expression": "1"
}
[3.162][DEBUG]: DEVTOOLS RESPONSE Runtime.evaluate (id=36) {
   "result": {
      "description": "1",
      "type": "number",
      "value": 1
   }
}
[3.162][INFO]: Done waiting for pending navigations. Status: ok
[3.164][DEBUG]: DEVTOOLS COMMAND Runtime.evaluate (id=37) {
   "expression": "(function() { // Copyright (c) 2012 The Chromium Authors. All rights reserved.\n// Use of this source code is governed by a BSD-style license that can be\n// found in the LICENSE file.\n\n/**\n * Enum f...",
   "returnByValue": true
}
[3.179][DEBUG]: DEVTOOLS RESPONSE Runtime.evaluate (id=37) {
   "result": {
      "type": "object",
      "value": {
         "status": 0,
         "value": null
      }
   }
}
[3.179][INFO]: Waiting for pending navigations...
[3.179][DEBUG]: DEVTOOLS COMMAND Runtime.evaluate (id=38) {
   "expression": "1"
}
[3.181][DEBUG]: DEVTOOLS RESPONSE Runtime.evaluate (id=38) {
   "result": {
      "description": "1",
      "type": "number",
      "value": 1
   }
}
[3.181][INFO]: Done waiting for pending navigations. Status: ok
[3.181][INFO]: RESPONSE ClearElement
[3.194][INFO]: COMMAND TypeElement {
   "id": "0.06376777989172289-2",
   "text": "12345",
   "value": [ "1", "2", "3", "4", "5" ]
}
[3.194][INFO]: Waiting for pending navigations...
[3.194][DEBUG]: DEVTOOLS COMMAND Runtime.evaluate (id=39) {
   "expression": "1"
}
[3.194][DEBUG]: DEVTOOLS RESPONSE Runtime.evaluate (id=39) {
   "result": {
      "description": "1",
      "type": "number",
      "value": 1
   }
}
[3.194][INFO]: Done waiting for pending navigations. Status: ok
[3.195][DEBUG]: DEVTOOLS COMMAND Runtime.evaluate (id=40) {
   "expression": "(function() { // Copyright (c) 2012 The Chromium Authors. All rights reserved.\n// Use of this source code is governed by a BSD-style license that can be\n// found in the LICENSE file.\n\n/**\n * Enum f...",
   "returnByValue": true
}
[3.197][DEBUG]: DEVTOOLS RESPONSE Runtime.evaluate (id=40) {
   "result": {
      "type": "object",
      "value": {
         "status": 0,
         "value": "TEXTAREA"
      }
   }
}
[3.197][DEBUG]: DEVTOOLS COMMAND Runtime.evaluate (id=41) {
   "expression": "(function() { // Copyright (c) 2012 The Chromium Authors. All rights reserved.\n// Use of this source code is governed by a BSD-style license that can be\n// found in the LICENSE file.\n\n/**\n * Enum f...",
   "returnByValue": true
}
[3.200][DEBUG]: DEVTOOLS RESPONSE Runtime.evaluate (id=41) {
   "result": {
      "type": "object",
      "value": {
         "status": 0,
         "value": "textarea"
      }
   }
}
[3.201][DEBUG]: DEVTOOLS COMMAND Runtime.evaluate (id=42) {
   "expression": "(function() { // Copyright (c) 2012 The Chromium Authors. All rights reserved.\n// Use of this source code is governed by a BSD-style license that can be\n// found in the LICENSE file.\n\n/**\n * Enum f...",
   "returnByValue": true
}
[3.214][DEBUG]: DEVTOOLS RESPONSE Runtime.evaluate (id=42) {
   "result": {
      "type": "object",
      "value": {
         "status": 0,
         "value": true
      }
   }
}
[3.216][DEBUG]: DEVTOOLS COMMAND Runtime.evaluate (id=43) {
   "expression": "(function() { // Copyright (c) 2012 The Chromium Authors. All rights reserved.\n// Use of this source code is governed by a BSD-style license that can be\n// found in the LICENSE file.\n\n/**\n * Enum f...",
   "returnByValue": true
}
[3.221][DEBUG]: DEVTOOLS RESPONSE Runtime.evaluate (id=43) {
   "result": {
      "type": "object",
      "value": {
         "status": 0,
         "value": true
      }
   }
}
[3.222][DEBUG]: DEVTOOLS COMMAND Runtime.evaluate (id=44) {
   "expression": "(function() { // Copyright (c) 2012 The Chromium Authors. All rights reserved.\n// Use of this source code is governed by a BSD-style license that can be\n// found in the LICENSE file.\n\n/**\n * Enum f...",
   "returnByValue": true
}
[3.223][DEBUG]: DEVTOOLS RESPONSE Runtime.evaluate (id=44) {
   "result": {
      "type": "object",
      "value": {
         "status": 0,
         "value": null
      }
   }
}
[3.225][DEBUG]: DEVTOOLS COMMAND Input.dispatchKeyEvent (id=45) {
   "code": "Digit1",
   "key": "1",
   "modifiers": 0,
   "text": "1",
   "type": "rawKeyDown",
   "unmodifiedText": "1",
   "windowsVirtualKeyCode": 49
}
[3.235][DEBUG]: DEVTOOLS RESPONSE Input.dispatchKeyEvent (id=45) {

}
[3.235][DEBUG]: DEVTOOLS COMMAND Input.dispatchKeyEvent (id=46) {
   "code": "Digit1",
   "key": "1",
   "modifiers": 0,
   "text": "1",
   "type": "char",
   "unmodifiedText": "1",
   "windowsVirtualKeyCode": 49
}
[3.237][DEBUG]: DEVTOOLS RESPONSE Input.dispatchKeyEvent (id=46) {

}
[3.237][DEBUG]: DEVTOOLS COMMAND Input.dispatchKeyEvent (id=47) {
   "code": "Digit1",
   "key": "1",
   "modifiers": 0,
   "text": "1",
   "type": "keyUp",
   "unmodifiedText": "1",
   "windowsVirtualKeyCode": 49
}
[3.251][DEBUG]: DEVTOOLS RESPONSE Input.dispatchKeyEvent (id=47) {

}
[3.251][DEBUG]: DEVTOOLS COMMAND Input.dispatchKeyEvent (id=48) {
   "code": "Digit2",
   "key": "2",
   "modifiers": 0,
   "text": "2",
   "type": "rawKeyDown",
   "unmodifiedText": "2",
   "windowsVirtualKeyCode": 50
}
[3.254][DEBUG]: DEVTOOLS RESPONSE Input.dispatchKeyEvent (id=48) {

}
[3.254][DEBUG]: DEVTOOLS COMMAND Input.dispatchKeyEvent (id=49) {
   "code": "Digit2",
   "key": "2",
   "modifiers": 0,
   "text": "2",
   "type": "char",
   "unmodifiedText": "2",
   "windowsVirtualKeyCode": 50
}
[3.256][DEBUG]: DEVTOOLS EVENT DOM.childNodeCountUpdated {
   "childNodeCount": 33,
   "nodeId": 21
}
[3.256][DEBUG]: DEVTOOLS RESPONSE Input.dispatchKeyEvent (id=49) {

}
[3.256][DEBUG]: DEVTOOLS COMMAND Input.dispatchKeyEvent (id=50) {
   "code": "Digit2",
   "key": "2",
   "modifiers": 0,
   "text": "2",
   "type": "keyUp",
   "unmodifiedText": "2",
   "windowsVirtualKeyCode": 50
}
[3.258][DEBUG]: DEVTOOLS RESPONSE Input.dispatchKeyEvent (id=50) {

}
[3.258][DEBUG]: DEVTOOLS COMMAND Input.dispatchKeyEvent (id=51) {
   "code": "Digit3",
   "key": "3",
   "modifiers": 0,
   "text": "3",
   "type": "rawKeyDown",
   "unmodifiedText": "3",
   "windowsVirtualKeyCode": 51
}
[3.259][DEBUG]: DEVTOOLS RESPONSE Input.dispatchKeyEvent (id=51) {

}
[3.259][DEBUG]: DEVTOOLS COMMAND Input.dispatchKeyEvent (id=52) {
   "code": "Digit3",
   "key": "3",
   "modifiers": 0,
   "text": "3",
   "type": "char",
   "unmodifiedText": "3",
   "windowsVirtualKeyCode": 51
}
[3.271][DEBUG]: DEVTOOLS RESPONSE Input.dispatchKeyEvent (id=52) {

}
[3.271][DEBUG]: DEVTOOLS COMMAND Input.dispatchKeyEvent (id=53) {
   "code": "Digit3",
   "key": "3",
   "modifiers": 0,
   "text": "3",
   "type": "keyUp",
   "unmodifiedText": "3",
   "windowsVirtualKeyCode": 51
}
[3.271][DEBUG]: DEVTOOLS EVENT DOM.childNodeCountUpdated {
   "childNodeCount": 32,
   "nodeId": 21
}
[3.274][DEBUG]: DEVTOOLS RESPONSE Input.dispatchKeyEvent (id=53) {

}
[3.274][DEBUG]: DEVTOOLS COMMAND Input.dispatchKeyEvent (id=54) {
   "code": "Digit4",
   "key": "4",
   "modifiers": 0,
   "text": "4",
   "type": "rawKeyDown",
   "unmodifiedText": "4",
   "windowsVirtualKeyCode": 52
}
[3.276][DEBUG]: DEVTOOLS RESPONSE Input.dispatchKeyEvent (id=54) {

}
[3.276][DEBUG]: DEVTOOLS COMMAND Input.dispatchKeyEvent (id=55) {
   "code": "Digit4",
   "key": "4",
   "modifiers": 0,
   "text": "4",
   "type": "char",
   "unmodifiedText": "4",
   "windowsVirtualKeyCode": 52
}
[3.277][DEBUG]: DEVTOOLS RESPONSE Input.dispatchKeyEvent (id=55) {

}
[3.277][DEBUG]: DEVTOOLS COMMAND Input.dispatchKeyEvent (id=56) {
   "code": "Digit4",
   "key": "4",
   "modifiers": 0,
   "text": "4",
   "type": "keyUp",
   "unmodifiedText": "4",
   "windowsVirtualKeyCode": 52
}
[3.278][DEBUG]: DEVTOOLS RESPONSE Input.dispatchKeyEvent (id=56) {

}
[3.278][DEBUG]: DEVTOOLS COMMAND Input.dispatchKeyEvent (id=57) {
   "code": "Digit5",
   "key": "5",
   "modifiers": 0,
   "text": "5",
   "type": "rawKeyDown",
   "unmodifiedText": "5",
   "windowsVirtualKeyCode": 53
}
[3.278][DEBUG]: DEVTOOLS RESPONSE Input.dispatchKeyEvent (id=57) {

}
[3.278][DEBUG]: DEVTOOLS COMMAND Input.dispatchKeyEvent (id=58) {
   "code": "Digit5",
   "key": "5",
   "modifiers": 0,
   "text": "5",
   "type": "char",
   "unmodifiedText": "5",
   "windowsVirtualKeyCode": 53
}
[3.280][DEBUG]: DEVTOOLS RESPONSE Input.dispatchKeyEvent (id=58) {

}
[3.280][DEBUG]: DEVTOOLS COMMAND Input.dispatchKeyEvent (id=59) {
   "code": "Digit5",
   "key": "5",
   "modifiers": 0,
   "text": "5",
   "type": "keyUp",
   "unmodifiedText": "5",
   "windowsVirtualKeyCode": 53
}
[3.291][DEBUG]: DEVTOOLS RESPONSE Input.dispatchKeyEvent (id=59) {

}
[3.291][INFO]: Waiting for pending navigations...
[3.291][DEBUG]: DEVTOOLS COMMAND Runtime.evaluate (id=60) {
   "expression": "1"
}
[3.292][DEBUG]: DEVTOOLS RESPONSE Runtime.evaluate (id=60) {
   "result": {
      "description": "1",
      "type": "number",
      "value": 1
   }
}
[3.292][INFO]: Done waiting for pending navigations. Status: ok
[3.293][INFO]: RESPONSE TypeElement
[3.299][INFO]: COMMAND Screenshot {

}
[3.299][INFO]: Waiting for pending navigations...
[3.299][DEBUG]: DEVTOOLS COMMAND Runtime.evaluate (id=61) {
   "expression": "1"
}
[3.302][DEBUG]: DEVTOOLS RESPONSE Runtime.evaluate (id=61) {
   "result": {
      "description": "1",
      "type": "number",
      "value": 1
   }
}
[3.302][INFO]: Done waiting for pending navigations. Status: ok
[3.302][DEBUG]: DevTools request: http://localhost:12276/json/activate/(71D45090BF76634AFFDC7391288CF45C)
[3.302][DEBUG]: DevTools response: Target activated
[3.302][DEBUG]: DEVTOOLS COMMAND Page.captureScreenshot (id=62) {

}
[3.477][DEBUG]: DEVTOOLS RESPONSE Page.captureScreenshot (id=62) {
   "data": "iVBORw0KGgoAAAANSUhEUgAABVYAAAO+CAYAAADv/k7HAAAgAElEQVR4nOzdd3xUVf7/8fe09EYLoRtq6CACKrgKuigiLiKrrIsgdl2Vtaz+BEHcVfdrQ/laEBdEQQRhKQrIVxRioQZEIx0JQQihhZAKaTP390fMkEmdCUlmQl5PHzzM3HvuOZ9zZ5J78sm555rS0..."
}
[3.477][INFO]: Waiting for pending navigations...
[3.477][DEBUG]: DEVTOOLS COMMAND Runtime.evaluate (id=63) {
   "expression": "1"
}
[3.477][DEBUG]: DEVTOOLS EVENT Page.lifecycleEvent {
   "frameId": "(71D45090BF76634AFFDC7391288CF45C)",
   "name": "firstMeaningfulPaint",
   "timestamp": 1820.183892
}
[3.477][DEBUG]: DEVTOOLS EVENT DOM.childNodeCountUpdated {
   "childNodeCount": 33,
   "nodeId": 21
}
[3.477][DEBUG]: DEVTOOLS EVENT DOM.childNodeCountUpdated {
   "childNodeCount": 32,
   "nodeId": 21
}
[3.482][DEBUG]: DEVTOOLS RESPONSE Runtime.evaluate (id=63) {
   "result": {
      "description": "1",
      "type": "number",
      "value": 1
   }
}
[3.482][INFO]: Done waiting for pending navigations. Status: ok
[3.482][INFO]: RESPONSE Screenshot "iVBORw0KGgoAAAANSUhEUgAABVYAAAO+CAYAAADv/k7HAAAgAElEQVR4nOzdd3xUVf7/8fe09EYLoRtq6CACKrgKuigiLiKrrIsgdl2Vtaz+BEHcVfdrQ/laEBdEQQRhKQrIVxRioQZEIx0JQQihhZAKaTP390fMkEmdCUlmQl5PHzzM3HvuOZ9zZ5J78sm555rS0..."
[3.671][INFO]: COMMAND Quit {

}
[3.721][INFO]: RESPONSE Quit
[3.721][DEBUG]: Log type 'driver' lost 0 entries on destruction
[3.721][DEBUG]: Log type 'browser' lost 1 entries on destruction
