[461:461:0831/073427.246900:VERBOSE1:breakpad_linux.cc(1980)] Breakpad disabled
[461:473:0831/073427.319443:ERROR:bus.cc(395)] Failed to connect to the bus: Failed to connect to socket /var/run/dbus/system_bus_socket: No such file or directory
[461:461:0831/073428.126625:VERBOSE1:pref_proxy_config_tracker_impl.cc(154)] 0x89ffb923580: set chrome proxy config service to 0x89ffb9fcd80
[461:461:0831/073428.143489:VERBOSE1:pulse_stubs.cc(683)] dlopen(libpulse.so.0) failed, dlerror() says:
libpulse.so.0: cannot open shared object file: No such file or directory
[461:461:0831/073428.143706:VERBOSE1:pulse_util.cc(106)] Failed on loading the Pulse library and symbols
[461:461:0831/073428.177840:VERBOSE1:mutable_profile_oauth2_token_service_delegate.cc(162)] MutablePO2TS::MutablePO2TS
[461:461:0831/073428.177928:VERBOSE1:device_event_log_impl.cc(158)] [07:34:28.177] Bluetooth: EVENT: bluetooth_api.cc:68 BluetoothAPI: 0x89ffba69200
[461:461:0831/073428.195529:VERBOSE1:bluetooth_low_energy_event_router.cc(248)] Initializing BluetoothLowEnergyEventRouter.
[461:461:0831/073428.227080:VERBOSE1:pref_proxy_config_tracker_impl.cc(154)] 0x89ffbb9b2c0: set chrome proxy config service to 0x89ffba8f000
[461:461:0831/073428.230070:VERBOSE1:extension_service.cc(1403)] AddComponentExtension Cloud Print
[461:461:0831/073428.230092:VERBOSE1:extension_service.cc(1405)] Component extension Cloud Print (mfehgcgbbipciphmccgaenjidiccnmng) installing/upgrading from '' to 0.1
[461:461:0831/073428.230768:VERBOSE1:extension_service.cc(1403)] AddComponentExtension Web Store
[461:461:0831/073428.230786:VERBOSE1:extension_service.cc(1405)] Component extension Web Store (ahfgeienlihckogmohjhadlkjgocpleb) installing/upgrading from '' to 0.2
[461:461:0831/073428.231470:VERBOSE1:extension_service.cc(1403)] AddComponentExtension Chromium PDF Viewer
[461:461:0831/073428.231499:VERBOSE1:extension_service.cc(1405)] Component extension Chromium PDF Viewer (mhjfbmdgcfjbbpaeojofohoefgiehjai) installing/upgrading from '' to 1
[461:461:0831/073428.244752:VERBOSE1:account_reconcilor.cc(88)] AccountReconcilor::AccountReconcilor
[461:461:0831/073428.244773:VERBOSE1:account_reconcilor.cc(99)] AccountReconcilor::Initialize
[461:461:0831/073428.249758:VERBOSE1:file_type_policies_component_installer.cc(129)] Registering File Type Policies component.
[461:480:0831/073428.249805:VERBOSE1:component_installer.cc(244)] StartRegistration for Signed Tree Heads
[461:480:0831/073428.249950:VERBOSE1:component_installer.cc(244)] StartRegistration for Origin Trials
[461:480:0831/073428.250074:VERBOSE1:component_installer.cc(244)] StartRegistration for File Type Policies
[461:480:0831/073428.250193:VERBOSE1:component_installer.cc(244)] StartRegistration for SSL Error Assistant
[461:461:0831/073428.332758:WARNING:password_store_factory.cc(241)] Using basic (unencrypted) store for password storage. See https://chromium.googlesource.com/chromium/src/+/master/docs/linux_password_storage.md for more information about password storage options.
[461:502:0831/073428.417260:WARNING:histograms.cc(40)] Started multiple compositor clients (Browser, Renderer) in one process. Some metrics will be disabled.
[461:461:0831/073428.435813:VERBOSE1:bluez_dbus_manager.cc(172)] Bluetooth not supported.
[461:461:0831/073428.447383:VERBOSE1:component_updater_service.cc(91)] CrxUpdateService starting up. First update attempt will take place in 360 seconds. Next update attempt will take place in 18000 seconds. 
[461:461:0831/073428.447437:VERBOSE1:component_installer.cc(378)] FinishRegistration for Signed Tree Heads
[461:461:0831/073428.447473:VERBOSE1:component_installer.cc(378)] FinishRegistration for Origin Trials
[461:461:0831/073428.447512:VERBOSE1:component_installer.cc(378)] FinishRegistration for File Type Policies
[461:461:0831/073428.447541:VERBOSE1:component_installer.cc(378)] FinishRegistration for SSL Error Assistant
[461:491:0831/073428.760518:VERBOSE1:multi_log_ct_verifier.cc(75)] Adding CT log: Google 'Aviator' log
[461:491:0831/073428.760546:VERBOSE1:multi_log_ct_verifier.cc(75)] Adding CT log: Google 'Icarus' log
[461:491:0831/073428.760572:VERBOSE1:multi_log_ct_verifier.cc(75)] Adding CT log: Google 'Pilot' log
[461:491:0831/073428.760586:VERBOSE1:multi_log_ct_verifier.cc(75)] Adding CT log: Google 'Rocketeer' log
[461:491:0831/073428.760599:VERBOSE1:multi_log_ct_verifier.cc(75)] Adding CT log: Google 'Skydiver' log
[461:491:0831/073428.760612:VERBOSE1:multi_log_ct_verifier.cc(75)] Adding CT log: DigiCert Log Server
[461:491:0831/073428.760625:VERBOSE1:multi_log_ct_verifier.cc(75)] Adding CT log: DigiCert Log Server 2
[461:491:0831/073428.760633:VERBOSE1:multi_log_ct_verifier.cc(75)] Adding CT log: Symantec log
[461:491:0831/073428.760640:VERBOSE1:multi_log_ct_verifier.cc(75)] Adding CT log: Symantec 'Vega' log
[461:491:0831/073428.760646:VERBOSE1:multi_log_ct_verifier.cc(75)] Adding CT log: Symantec 'Sirius' log
[461:491:0831/073428.760653:VERBOSE1:multi_log_ct_verifier.cc(75)] Adding CT log: WoSign log
[461:491:0831/073428.760660:VERBOSE1:multi_log_ct_verifier.cc(75)] Adding CT log: Venafi Gen2 CT log
[461:491:0831/073428.760668:VERBOSE1:multi_log_ct_verifier.cc(75)] Adding CT log: CNNIC CT log
[461:491:0831/073428.760675:VERBOSE1:multi_log_ct_verifier.cc(75)] Adding CT log: StartCom log
[461:491:0831/073428.760682:VERBOSE1:multi_log_ct_verifier.cc(75)] Adding CT log: Comodo 'Sabre' CT log
[461:491:0831/073428.760689:VERBOSE1:multi_log_ct_verifier.cc(75)] Adding CT log: Comodo 'Mammoth' CT log
[461:491:0831/073428.760696:VERBOSE1:multi_log_ct_verifier.cc(75)] Adding CT log: Izenpe log
[461:491:0831/073428.760702:VERBOSE1:multi_log_ct_verifier.cc(75)] Adding CT log: Venafi log
[461:491:0831/073428.760709:VERBOSE1:multi_log_ct_verifier.cc(75)] Adding CT log: Certly.IO log
[461:491:0831/073428.760720:ERROR:io_thread.cc(730)] Cannot use V8 Proxy resolver in single process mode.
[461:491:0831/073428.760852:VERBOSE1:proxy_service.cc(958)] PAC support disabled because there is no system implementation
[461:491:0831/073428.761947:ERROR:io_thread.cc(730)] Cannot use V8 Proxy resolver in single process mode.
[461:491:0831/073428.761965:VERBOSE1:multi_log_ct_verifier.cc(75)] Adding CT log: Google 'Aviator' log
[461:491:0831/073428.761973:VERBOSE1:multi_log_ct_verifier.cc(75)] Adding CT log: Google 'Icarus' log
[461:491:0831/073428.761980:VERBOSE1:multi_log_ct_verifier.cc(75)] Adding CT log: Google 'Pilot' log
[461:491:0831/073428.761987:VERBOSE1:multi_log_ct_verifier.cc(75)] Adding CT log: Google 'Rocketeer' log
[461:491:0831/073428.761994:VERBOSE1:multi_log_ct_verifier.cc(75)] Adding CT log: Google 'Skydiver' log
[461:491:0831/073428.762000:VERBOSE1:multi_log_ct_verifier.cc(75)] Adding CT log: DigiCert Log Server
[461:491:0831/073428.762007:VERBOSE1:multi_log_ct_verifier.cc(75)] Adding CT log: DigiCert Log Server 2
[461:491:0831/073428.762014:VERBOSE1:multi_log_ct_verifier.cc(75)] Adding CT log: Symantec log
[461:491:0831/073428.762021:VERBOSE1:multi_log_ct_verifier.cc(75)] Adding CT log: Symantec 'Vega' log
[461:491:0831/073428.762032:VERBOSE1:multi_log_ct_verifier.cc(75)] Adding CT log: Symantec 'Sirius' log
[461:491:0831/073428.762039:VERBOSE1:multi_log_ct_verifier.cc(75)] Adding CT log: WoSign log
[461:491:0831/073428.762046:VERBOSE1:multi_log_ct_verifier.cc(75)] Adding CT log: Venafi Gen2 CT log
[461:491:0831/073428.762052:VERBOSE1:multi_log_ct_verifier.cc(75)] Adding CT log: CNNIC CT log
[461:491:0831/073428.762059:VERBOSE1:multi_log_ct_verifier.cc(75)] Adding CT log: StartCom log
[461:491:0831/073428.762065:VERBOSE1:multi_log_ct_verifier.cc(75)] Adding CT log: Comodo 'Sabre' CT log
[461:491:0831/073428.762072:VERBOSE1:multi_log_ct_verifier.cc(75)] Adding CT log: Comodo 'Mammoth' CT log
[461:491:0831/073428.762079:VERBOSE1:multi_log_ct_verifier.cc(75)] Adding CT log: Izenpe log
[461:491:0831/073428.762085:VERBOSE1:multi_log_ct_verifier.cc(75)] Adding CT log: Venafi log
[461:491:0831/073428.762092:VERBOSE1:multi_log_ct_verifier.cc(75)] Adding CT log: Certly.IO log
[461:491:0831/073428.762193:VERBOSE1:proxy_service.cc(958)] PAC support disabled because there is no system implementation
[461:491:0831/073428.763040:VERBOSE1:network_delegate.cc(30)] NetworkDelegate::NotifyBeforeURLRequest: https://www.gstatic.com/chrome/intelligence/assist/ranker/models/translate/2017/03/translate_ranker_model_20170329.pb.bin
[461:491:0831/073428.763062:VERBOSE1:network_delegate.cc(30)] NetworkDelegate::NotifyBeforeURLRequest: https://www.gstatic.com/chrome/intelligence/assist/ranker/models/translate/2017/03/translate_ranker_model_20170329.pb.bin
[461:491:0831/073428.847872:VERBOSE1:network_delegate.cc(30)] NetworkDelegate::NotifyBeforeURLRequest: chrome-extension://aapnijgdinlhnhlmodcfapnahmbfebeb/_generated_background_page.html
[461:491:0831/073428.847897:VERBOSE1:network_delegate.cc(30)] NetworkDelegate::NotifyBeforeURLRequest: chrome-extension://aapnijgdinlhnhlmodcfapnahmbfebeb/_generated_background_page.html
[461:491:0831/073428.847914:VERBOSE1:network_delegate.cc(30)] NetworkDelegate::NotifyBeforeURLRequest: chrome-extension://aapnijgdinlhnhlmodcfapnahmbfebeb/_generated_background_page.html
[461:502:0831/073428.865006:VERBOSE1:LocalWindowProxy.cpp(236)] A context is created NOT from snapshot
[461:502:0831/073428.866095:VERBOSE1:script_context.cc(111)] Created context:
  extension id:           (none)
  frame:                  0x17060e521d18
  URL:                    
  context_type:           WEB_PAGE
  effective extension id: (none)
  effective context type: WEB_PAGE
[461:502:0831/073428.867138:VERBOSE1:script_context.cc(111)] Created context:
  extension id:           (none)
  frame:                  (nil)
  URL:                    
  context_type:           UNSPECIFIED
  effective extension id: (none)
  effective context type: UNSPECIFIED
[461:502:0831/073428.868260:VERBOSE1:dispatcher.cc(366)] Num tracked contexts: 1
[461:491:0831/073428.880387:VERBOSE1:network_delegate.cc(30)] NetworkDelegate::NotifyBeforeURLRequest: chrome-extension://aapnijgdinlhnhlmodcfapnahmbfebeb/background.js
[461:491:0831/073428.880406:VERBOSE1:network_delegate.cc(30)] NetworkDelegate::NotifyBeforeURLRequest: chrome-extension://aapnijgdinlhnhlmodcfapnahmbfebeb/background.js
[461:491:0831/073428.880416:VERBOSE1:network_delegate.cc(30)] NetworkDelegate::NotifyBeforeURLRequest: chrome-extension://aapnijgdinlhnhlmodcfapnahmbfebeb/background.js
[461:502:0831/073428.881385:VERBOSE1:LocalWindowProxy.cpp(236)] A context is created NOT from snapshot
[461:502:0831/073428.881632:VERBOSE1:script_context.cc(111)] Created context:
  extension id:           aapnijgdinlhnhlmodcfapnahmbfebeb
  frame:                  0x17060e52e920
  URL:                    
  context_type:           BLESSED_EXTENSION
  effective extension id: aapnijgdinlhnhlmodcfapnahmbfebeb
  effective context type: BLESSED_EXTENSION
[461:502:0831/073428.881713:VERBOSE1:script_context.cc(111)] Created context:
  extension id:           (none)
  frame:                  (nil)
  URL:                    
  context_type:           UNSPECIFIED
  effective extension id: (none)
  effective context type: UNSPECIFIED
[461:502:0831/073428.914147:VERBOSE1:dispatcher.cc(366)] Num tracked contexts: 2
[461:502:0831/073428.917245:VERBOSE1:language_detection_util.cc(234)] Detected language: und
[461:491:0831/073430.185268:VERBOSE1:network_delegate.cc(30)] NetworkDelegate::NotifyBeforeURLRequest: https://translate.google.com/#en/es/Teacher,
[461:491:0831/073430.185295:VERBOSE1:network_delegate.cc(30)] NetworkDelegate::NotifyBeforeURLRequest: https://translate.google.com/#en/es/Teacher,
[461:491:0831/073430.185315:VERBOSE1:network_delegate.cc(30)] NetworkDelegate::NotifyBeforeURLRequest: https://translate.google.com/#en/es/Teacher,
[461:483:0831/073430.390654:VERBOSE1:simple_index_file.cc(582)] Simple Cache Index is being restored from disk.
[461:502:0831/073430.480659:VERBOSE1:dispatcher.cc(498)] Num tracked contexts: 1
[461:502:0831/073430.482664:VERBOSE1:LocalWindowProxy.cpp(236)] A context is created NOT from snapshot
[461:502:0831/073430.482919:VERBOSE1:script_context.cc(111)] Created context:
  extension id:           (none)
  frame:                  0x17060e521d18
  URL:                    
  context_type:           WEB_PAGE
  effective extension id: (none)
  effective context type: WEB_PAGE
[461:502:0831/073430.482995:VERBOSE1:script_context.cc(111)] Created context:
  extension id:           (none)
  frame:                  (nil)
  URL:                    
  context_type:           UNSPECIFIED
  effective extension id: (none)
  effective context type: UNSPECIFIED
[461:502:0831/073430.483659:VERBOSE1:dispatcher.cc(366)] Num tracked contexts: 2
[461:502:0831/073430.485834:VERBOSE1:script_context.cc(120)] Destroyed context for extension
  extension id: 
  effective extension id: 
[461:502:0831/073430.485865:VERBOSE1:script_context.cc(120)] Destroyed context for extension
  extension id: 
  effective extension id: 
[461:491:0831/073430.512626:VERBOSE1:network_delegate.cc(30)] NetworkDelegate::NotifyBeforeURLRequest: https://translate.google.com/translate/releases/twsfe_w_20180827_RC01/r/css/desktop_ltr.css
[461:491:0831/073430.512651:VERBOSE1:network_delegate.cc(30)] NetworkDelegate::NotifyBeforeURLRequest: https://translate.google.com/translate/releases/twsfe_w_20180827_RC01/r/css/desktop_ltr.css
[461:491:0831/073430.512668:VERBOSE1:network_delegate.cc(30)] NetworkDelegate::NotifyBeforeURLRequest: https://translate.google.com/translate/releases/twsfe_w_20180827_RC01/r/css/desktop_ltr.css
[461:491:0831/073430.523650:VERBOSE1:network_delegate.cc(30)] NetworkDelegate::NotifyBeforeURLRequest: https://fonts.googleapis.com/css?family=Roboto:300,400,500,700&lang=en
[461:491:0831/073430.523675:VERBOSE1:network_delegate.cc(30)] NetworkDelegate::NotifyBeforeURLRequest: https://fonts.googleapis.com/css?family=Roboto:300,400,500,700&lang=en
[461:491:0831/073430.523693:VERBOSE1:network_delegate.cc(30)] NetworkDelegate::NotifyBeforeURLRequest: https://fonts.googleapis.com/css?family=Roboto:300,400,500,700&lang=en
[461:491:0831/073430.603614:VERBOSE1:network_delegate.cc(30)] NetworkDelegate::NotifyBeforeURLRequest: https://translate.google.com/translate/releases/twsfe_w_20180827_RC01/r/js/desktop_module_main.js
[461:491:0831/073430.603643:VERBOSE1:network_delegate.cc(30)] NetworkDelegate::NotifyBeforeURLRequest: https://translate.google.com/translate/releases/twsfe_w_20180827_RC01/r/js/desktop_module_main.js
[461:491:0831/073430.603685:VERBOSE1:network_delegate.cc(30)] NetworkDelegate::NotifyBeforeURLRequest: https://translate.google.com/translate/releases/twsfe_w_20180827_RC01/r/js/desktop_module_main.js
[461:491:0831/073430.704440:VERBOSE1:network_delegate.cc(30)] NetworkDelegate::NotifyBeforeURLRequest: https://www.gstatic.com/og/_/js/k=og.og.en_US.ieE30BnAU5c.O/rt=j/m=ld,gl,is,id,nb,nw,sb,sd,p,vd,awd,st,lod,eld,ip,dp,cpd,mud/exm=bt,base,bn,bu,cp,el,lo,sbi,ni,sf,up,dd,aw,iw,if,gi,vi,pi,eq,uc,aswc/d=1/ed=1/rs=AA2YrTvSNFXrJqeu3OybIf_yH6yLm5b6wg
[461:491:0831/073430.704475:VERBOSE1:network_delegate.cc(30)] NetworkDelegate::NotifyBeforeURLRequest: https://www.gstatic.com/og/_/js/k=og.og.en_US.ieE30BnAU5c.O/rt=j/m=ld,gl,is,id,nb,nw,sb,sd,p,vd,awd,st,lod,eld,ip,dp,cpd,mud/exm=bt,base,bn,bu,cp,el,lo,sbi,ni,sf,up,dd,aw,iw,if,gi,vi,pi,eq,uc,aswc/d=1/ed=1/rs=AA2YrTvSNFXrJqeu3OybIf_yH6yLm5b6wg
[461:491:0831/073430.704497:VERBOSE1:network_delegate.cc(30)] NetworkDelegate::NotifyBeforeURLRequest: https://www.gstatic.com/og/_/js/k=og.og.en_US.ieE30BnAU5c.O/rt=j/m=ld,gl,is,id,nb,nw,sb,sd,p,vd,awd,st,lod,eld,ip,dp,cpd,mud/exm=bt,base,bn,bu,cp,el,lo,sbi,ni,sf,up,dd,aw,iw,if,gi,vi,pi,eq,uc,aswc/d=1/ed=1/rs=AA2YrTvSNFXrJqeu3OybIf_yH6yLm5b6wg
[461:491:0831/073430.710450:VERBOSE1:network_delegate.cc(30)] NetworkDelegate::NotifyBeforeURLRequest: https://www.google-analytics.com/analytics.js
[461:491:0831/073430.710486:VERBOSE1:network_delegate.cc(30)] NetworkDelegate::NotifyBeforeURLRequest: https://www.google-analytics.com/analytics.js
[461:491:0831/073430.710504:VERBOSE1:network_delegate.cc(30)] NetworkDelegate::NotifyBeforeURLRequest: https://www.google-analytics.com/analytics.js
[461:491:0831/073430.748357:VERBOSE1:network_delegate.cc(30)] NetworkDelegate::NotifyBeforeURLRequest: https://ssl.gstatic.com/gb/images/v1_9886baa5.png
[461:491:0831/073430.748382:VERBOSE1:network_delegate.cc(30)] NetworkDelegate::NotifyBeforeURLRequest: https://ssl.gstatic.com/gb/images/v1_9886baa5.png
[461:491:0831/073430.748405:VERBOSE1:network_delegate.cc(30)] NetworkDelegate::NotifyBeforeURLRequest: https://ssl.gstatic.com/gb/images/v1_9886baa5.png
[461:491:0831/073430.788119:VERBOSE1:network_delegate.cc(30)] NetworkDelegate::NotifyBeforeURLRequest: https://fonts.gstatic.com/s/roboto/v18/KFOmCnqEu92Fr1Mu4mxK.woff2
[461:491:0831/073430.788144:VERBOSE1:network_delegate.cc(30)] NetworkDelegate::NotifyBeforeURLRequest: https://fonts.gstatic.com/s/roboto/v18/KFOmCnqEu92Fr1Mu4mxK.woff2
[461:491:0831/073430.788163:VERBOSE1:network_delegate.cc(30)] NetworkDelegate::NotifyBeforeURLRequest: https://fonts.gstatic.com/s/roboto/v18/KFOmCnqEu92Fr1Mu4mxK.woff2
[461:491:0831/073430.788658:VERBOSE1:network_delegate.cc(30)] NetworkDelegate::NotifyBeforeURLRequest: https://ssl.gstatic.com/translate/buttons11.png
[461:491:0831/073430.788680:VERBOSE1:network_delegate.cc(30)] NetworkDelegate::NotifyBeforeURLRequest: https://ssl.gstatic.com/translate/buttons11.png
[461:491:0831/073430.788697:VERBOSE1:network_delegate.cc(30)] NetworkDelegate::NotifyBeforeURLRequest: https://ssl.gstatic.com/translate/buttons11.png
[461:491:0831/073430.903582:VERBOSE1:network_delegate.cc(30)] NetworkDelegate::NotifyBeforeURLRequest: https://ssl.gstatic.com/images/branding/google_plus/1x/ic_w_google_plus_grey600_24dp.png
[461:491:0831/073430.903614:VERBOSE1:network_delegate.cc(30)] NetworkDelegate::NotifyBeforeURLRequest: https://ssl.gstatic.com/images/branding/google_plus/1x/ic_w_google_plus_grey600_24dp.png
[461:491:0831/073430.903633:VERBOSE1:network_delegate.cc(30)] NetworkDelegate::NotifyBeforeURLRequest: https://ssl.gstatic.com/images/branding/google_plus/1x/ic_w_google_plus_grey600_24dp.png
[461:491:0831/073430.904681:VERBOSE1:network_delegate.cc(30)] NetworkDelegate::NotifyBeforeURLRequest: https://ssl.gstatic.com/images/icons/material/system/1x/post_blogger_grey600_24dp.png
[461:491:0831/073430.904700:VERBOSE1:network_delegate.cc(30)] NetworkDelegate::NotifyBeforeURLRequest: https://ssl.gstatic.com/images/icons/material/system/1x/post_blogger_grey600_24dp.png
[461:491:0831/073430.904715:VERBOSE1:network_delegate.cc(30)] NetworkDelegate::NotifyBeforeURLRequest: https://ssl.gstatic.com/images/icons/material/system/1x/post_blogger_grey600_24dp.png
[461:491:0831/073430.908021:VERBOSE1:network_delegate.cc(30)] NetworkDelegate::NotifyBeforeURLRequest: https://ssl.gstatic.com/images/icons/material/system/1x/feedback_grey600_18dp.png
[461:491:0831/073430.908044:VERBOSE1:network_delegate.cc(30)] NetworkDelegate::NotifyBeforeURLRequest: https://ssl.gstatic.com/images/icons/material/system/1x/feedback_grey600_18dp.png
[461:491:0831/073430.908063:VERBOSE1:network_delegate.cc(30)] NetworkDelegate::NotifyBeforeURLRequest: https://ssl.gstatic.com/images/icons/material/system/1x/feedback_grey600_18dp.png
[461:491:0831/073430.908548:VERBOSE1:network_delegate.cc(30)] NetworkDelegate::NotifyBeforeURLRequest: https://fonts.gstatic.com/s/roboto/v18/KFOlCnqEu92Fr1MmWUlfBBc4.woff2
[461:491:0831/073430.908569:VERBOSE1:network_delegate.cc(30)] NetworkDelegate::NotifyBeforeURLRequest: https://fonts.gstatic.com/s/roboto/v18/KFOlCnqEu92Fr1MmWUlfBBc4.woff2
[461:491:0831/073430.908589:VERBOSE1:network_delegate.cc(30)] NetworkDelegate::NotifyBeforeURLRequest: https://fonts.gstatic.com/s/roboto/v18/KFOlCnqEu92Fr1MmWUlfBBc4.woff2
[461:491:0831/073430.952035:VERBOSE1:network_delegate.cc(30)] NetworkDelegate::NotifyBeforeURLRequest: https://apis.google.com/_/scs/abc-static/_/js/k=gapi.gapi.en.bSfaJ330ulQ.O/m=gapi_iframes,googleapis_client,plusone/rt=j/sv=1/d=1/ed=1/rs=AHpOoo9ETX0ujNe7X7enovCK61wuo61HKQ/cb=gapi.loaded_0
[461:491:0831/073430.952071:VERBOSE1:network_delegate.cc(30)] NetworkDelegate::NotifyBeforeURLRequest: https://apis.google.com/_/scs/abc-static/_/js/k=gapi.gapi.en.bSfaJ330ulQ.O/m=gapi_iframes,googleapis_client,plusone/rt=j/sv=1/d=1/ed=1/rs=AHpOoo9ETX0ujNe7X7enovCK61wuo61HKQ/cb=gapi.loaded_0
[461:491:0831/073430.952091:VERBOSE1:network_delegate.cc(30)] NetworkDelegate::NotifyBeforeURLRequest: https://apis.google.com/_/scs/abc-static/_/js/k=gapi.gapi.en.bSfaJ330ulQ.O/m=gapi_iframes,googleapis_client,plusone/rt=j/sv=1/d=1/ed=1/rs=AHpOoo9ETX0ujNe7X7enovCK61wuo61HKQ/cb=gapi.loaded_0
[461:491:0831/073431.343687:VERBOSE1:network_delegate.cc(30)] NetworkDelegate::NotifyBeforeURLRequest: https://ssl.gstatic.com/translate/arrow_ltr.png
[461:491:0831/073431.343730:VERBOSE1:network_delegate.cc(30)] NetworkDelegate::NotifyBeforeURLRequest: https://ssl.gstatic.com/translate/arrow_ltr.png
[461:491:0831/073431.343753:VERBOSE1:network_delegate.cc(30)] NetworkDelegate::NotifyBeforeURLRequest: https://ssl.gstatic.com/translate/arrow_ltr.png
[461:491:0831/073431.378219:VERBOSE1:network_delegate.cc(30)] NetworkDelegate::NotifyBeforeURLRequest: https://ssl.gstatic.com/translate/undo.png
[461:491:0831/073431.378245:VERBOSE1:network_delegate.cc(30)] NetworkDelegate::NotifyBeforeURLRequest: https://ssl.gstatic.com/translate/undo.png
[461:491:0831/073431.378257:VERBOSE1:network_delegate.cc(30)] NetworkDelegate::NotifyBeforeURLRequest: https://ssl.gstatic.com/translate/undo.png
[461:491:0831/073431.412769:VERBOSE1:network_delegate.cc(30)] NetworkDelegate::NotifyBeforeURLRequest: https://www.gstatic.com/inputtools/js/ita/inputtools_3.js
[461:491:0831/073431.412805:VERBOSE1:network_delegate.cc(30)] NetworkDelegate::NotifyBeforeURLRequest: https://www.gstatic.com/inputtools/js/ita/inputtools_3.js
[461:491:0831/073431.412824:VERBOSE1:network_delegate.cc(30)] NetworkDelegate::NotifyBeforeURLRequest: https://www.gstatic.com/inputtools/js/ita/inputtools_3.js
[461:491:0831/073431.456771:VERBOSE1:network_delegate.cc(30)] NetworkDelegate::NotifyBeforeURLRequest: https://ssl.gstatic.com/images/icons/material/system/1x/stars_black_24dp.png
[461:491:0831/073431.456815:VERBOSE1:network_delegate.cc(30)] NetworkDelegate::NotifyBeforeURLRequest: https://ssl.gstatic.com/images/icons/material/system/1x/stars_black_24dp.png
[461:491:0831/073431.456838:VERBOSE1:network_delegate.cc(30)] NetworkDelegate::NotifyBeforeURLRequest: https://ssl.gstatic.com/images/icons/material/system/1x/stars_black_24dp.png
[461:491:0831/073431.477917:VERBOSE1:network_delegate.cc(30)] NetworkDelegate::NotifyBeforeURLRequest: https://ssl.gstatic.com/images/icons/material/system/1x/close_white_24dp.png
[461:491:0831/073431.477948:VERBOSE1:network_delegate.cc(30)] NetworkDelegate::NotifyBeforeURLRequest: https://ssl.gstatic.com/images/icons/material/system/1x/close_white_24dp.png
[461:491:0831/073431.477971:VERBOSE1:network_delegate.cc(30)] NetworkDelegate::NotifyBeforeURLRequest: https://ssl.gstatic.com/images/icons/material/system/1x/close_white_24dp.png
[461:491:0831/073431.479117:VERBOSE1:network_delegate.cc(30)] NetworkDelegate::NotifyBeforeURLRequest: https://ssl.gstatic.com/translate/community/promo/promo-new-2x.png
[461:491:0831/073431.479139:VERBOSE1:network_delegate.cc(30)] NetworkDelegate::NotifyBeforeURLRequest: https://ssl.gstatic.com/translate/community/promo/promo-new-2x.png
[461:491:0831/073431.479160:VERBOSE1:network_delegate.cc(30)] NetworkDelegate::NotifyBeforeURLRequest: https://ssl.gstatic.com/translate/community/promo/promo-new-2x.png
[461:491:0831/073431.503830:VERBOSE1:network_delegate.cc(30)] NetworkDelegate::NotifyBeforeURLRequest: https://ssl.gstatic.com/images/icons/material/system/1x/arrow_forward_grey600_24dp.png
[461:491:0831/073431.503866:VERBOSE1:network_delegate.cc(30)] NetworkDelegate::NotifyBeforeURLRequest: https://ssl.gstatic.com/images/icons/material/system/1x/arrow_forward_grey600_24dp.png
[461:491:0831/073431.503886:VERBOSE1:network_delegate.cc(30)] NetworkDelegate::NotifyBeforeURLRequest: https://ssl.gstatic.com/images/icons/material/system/1x/arrow_forward_grey600_24dp.png
[461:491:0831/073431.504206:VERBOSE1:network_delegate.cc(30)] NetworkDelegate::NotifyBeforeURLRequest: https://ssl.gstatic.com/images/icons/material/system/1x/verified_user_black_24dp.png
[461:491:0831/073431.504226:VERBOSE1:network_delegate.cc(30)] NetworkDelegate::NotifyBeforeURLRequest: https://ssl.gstatic.com/images/icons/material/system/1x/verified_user_black_24dp.png
[461:491:0831/073431.504256:VERBOSE1:network_delegate.cc(30)] NetworkDelegate::NotifyBeforeURLRequest: https://ssl.gstatic.com/images/icons/material/system/1x/verified_user_black_24dp.png
[461:491:0831/073431.514993:VERBOSE1:network_delegate.cc(30)] NetworkDelegate::NotifyBeforeURLRequest: https://translate.google.com/translate_a/single?client=t&sl=en&tl=es&hl=en&dt=at&dt=bd&dt=ex&dt=ld&dt=md&dt=qca&dt=rw&dt=rm&dt=ss&dt=t&ie=UTF-8&oe=UTF-8&source=bh&ssel=0&tsel=0&kc=1&tk=670614.833985&q=Teacher%2C
[461:491:0831/073431.515017:VERBOSE1:network_delegate.cc(30)] NetworkDelegate::NotifyBeforeURLRequest: https://translate.google.com/translate_a/single?client=t&sl=en&tl=es&hl=en&dt=at&dt=bd&dt=ex&dt=ld&dt=md&dt=qca&dt=rw&dt=rm&dt=ss&dt=t&ie=UTF-8&oe=UTF-8&source=bh&ssel=0&tsel=0&kc=1&tk=670614.833985&q=Teacher%2C
[461:491:0831/073431.515036:VERBOSE1:network_delegate.cc(30)] NetworkDelegate::NotifyBeforeURLRequest: https://translate.google.com/translate_a/single?client=t&sl=en&tl=es&hl=en&dt=at&dt=bd&dt=ex&dt=ld&dt=md&dt=qca&dt=rw&dt=rm&dt=ss&dt=t&ie=UTF-8&oe=UTF-8&source=bh&ssel=0&tsel=0&kc=1&tk=670614.833985&q=Teacher%2C
[461:502:0831/073431.603724:VERBOSE1:language_detection_util.cc(234)] Detected language: und
[461:491:0831/073431.692278:VERBOSE1:network_delegate.cc(30)] NetworkDelegate::NotifyBeforeURLRequest: https://ssl.gstatic.com/images/icons/material/system/1x/share_black_18dp.png
[461:491:0831/073431.692319:VERBOSE1:network_delegate.cc(30)] NetworkDelegate::NotifyBeforeURLRequest: https://ssl.gstatic.com/images/icons/material/system/1x/share_black_18dp.png
[461:491:0831/073431.692342:VERBOSE1:network_delegate.cc(30)] NetworkDelegate::NotifyBeforeURLRequest: https://ssl.gstatic.com/images/icons/material/system/1x/share_black_18dp.png
[461:491:0831/073431.693542:VERBOSE1:network_delegate.cc(30)] NetworkDelegate::NotifyBeforeURLRequest: https://ssl.gstatic.com/images/icons/material/system/1x/content_copy_black_18dp.png
[461:491:0831/073431.693563:VERBOSE1:network_delegate.cc(30)] NetworkDelegate::NotifyBeforeURLRequest: https://ssl.gstatic.com/images/icons/material/system/1x/content_copy_black_18dp.png
[461:491:0831/073431.693580:VERBOSE1:network_delegate.cc(30)] NetworkDelegate::NotifyBeforeURLRequest: https://ssl.gstatic.com/images/icons/material/system/1x/content_copy_black_18dp.png
[461:491:0831/073431.736071:VERBOSE1:network_delegate.cc(30)] NetworkDelegate::NotifyBeforeURLRequest: https://translate.google.com/translate/uc?ua=dcp&uav=t-served-community
[461:491:0831/073431.736103:VERBOSE1:network_delegate.cc(30)] NetworkDelegate::NotifyBeforeURLRequest: https://translate.google.com/translate/uc?ua=dcp&uav=t-served-community
[461:491:0831/073431.736124:VERBOSE1:network_delegate.cc(30)] NetworkDelegate::NotifyBeforeURLRequest: https://translate.google.com/translate/uc?ua=dcp&uav=t-served-community
[461:491:0831/073431.737390:VERBOSE1:network_delegate.cc(30)] NetworkDelegate::NotifyBeforeURLRequest: https://csi.gstatic.com/csi?v=3&s=translate&action=at&srt=300&tbsrt=313&tran=15&p=s&npn=1&npnv=h2&sl=en&tl=es&size=10&e=17259,1500001,15700021,15700124,15700149,15700186,15700191,15700201&rt=prt.157,ol.219
[461:491:0831/073431.737406:VERBOSE1:network_delegate.cc(30)] NetworkDelegate::NotifyBeforeURLRequest: https://csi.gstatic.com/csi?v=3&s=translate&action=at&srt=300&tbsrt=313&tran=15&p=s&npn=1&npnv=h2&sl=en&tl=es&size=10&e=17259,1500001,15700021,15700124,15700149,15700186,15700191,15700201&rt=prt.157,ol.219
[461:491:0831/073431.737416:VERBOSE1:network_delegate.cc(30)] NetworkDelegate::NotifyBeforeURLRequest: https://csi.gstatic.com/csi?v=3&s=translate&action=at&srt=300&tbsrt=313&tran=15&p=s&npn=1&npnv=h2&sl=en&tl=es&size=10&e=17259,1500001,15700021,15700124,15700149,15700186,15700191,15700201&rt=prt.157,ol.219
[461:491:0831/073431.739274:VERBOSE1:network_delegate.cc(30)] NetworkDelegate::NotifyBeforeURLRequest: https://translate.google.com/gen204?ttsaudio=mp3=0,ogg=1,wav=1,vol=1,type=none
[461:491:0831/073431.739299:VERBOSE1:network_delegate.cc(30)] NetworkDelegate::NotifyBeforeURLRequest: https://translate.google.com/gen204?ttsaudio=mp3=0,ogg=1,wav=1,vol=1,type=none
[461:491:0831/073431.739350:VERBOSE1:network_delegate.cc(30)] NetworkDelegate::NotifyBeforeURLRequest: https://translate.google.com/gen204?ttsaudio=mp3=0,ogg=1,wav=1,vol=1,type=none
[461:491:0831/073431.745051:VERBOSE1:network_delegate.cc(30)] NetworkDelegate::NotifyBeforeURLRequest: https://translate.google.com/gen204?community-promo=show-t-new-user
[461:491:0831/073431.745073:VERBOSE1:network_delegate.cc(30)] NetworkDelegate::NotifyBeforeURLRequest: https://translate.google.com/gen204?community-promo=show-t-new-user
[461:491:0831/073431.745090:VERBOSE1:network_delegate.cc(30)] NetworkDelegate::NotifyBeforeURLRequest: https://translate.google.com/gen204?community-promo=show-t-new-user
[461:491:0831/073431.745408:VERBOSE1:network_delegate.cc(30)] NetworkDelegate::NotifyBeforeURLRequest: https://translate.google.com/gen204?hready=sl=en,tl=es,ql=8,slh=,tlh=en,soph=0,hl=en,ttnc=335,uetrans=1,eotf=1
[461:491:0831/073431.745429:VERBOSE1:network_delegate.cc(30)] NetworkDelegate::NotifyBeforeURLRequest: https://translate.google.com/gen204?hready=sl=en,tl=es,ql=8,slh=,tlh=en,soph=0,hl=en,ttnc=335,uetrans=1,eotf=1
[461:491:0831/073431.745447:VERBOSE1:network_delegate.cc(30)] NetworkDelegate::NotifyBeforeURLRequest: https://translate.google.com/gen204?hready=sl=en,tl=es,ql=8,slh=,tlh=en,soph=0,hl=en,ttnc=335,uetrans=1,eotf=1
[461:491:0831/073431.746122:VERBOSE1:network_delegate.cc(30)] NetworkDelegate::NotifyBeforeURLRequest: https://translate.google.com/gen204?ftrans=ttl=26,ttt=474
[461:491:0831/073431.746144:VERBOSE1:network_delegate.cc(30)] NetworkDelegate::NotifyBeforeURLRequest: https://translate.google.com/gen204?ftrans=ttl=26,ttt=474
[461:491:0831/073431.746162:VERBOSE1:network_delegate.cc(30)] NetworkDelegate::NotifyBeforeURLRequest: https://translate.google.com/gen204?ftrans=ttl=26,ttt=474
[461:491:0831/073431.746724:VERBOSE1:network_delegate.cc(30)] NetworkDelegate::NotifyBeforeURLRequest: https://translate.google.com/gen204?lexicon=dt=cm,sl=en,tl=es,hl=en,q=Teacher%2C,e=show,md=ne,rw=ne,bd=ne,cm=e
[461:491:0831/073431.746746:VERBOSE1:network_delegate.cc(30)] NetworkDelegate::NotifyBeforeURLRequest: https://translate.google.com/gen204?lexicon=dt=cm,sl=en,tl=es,hl=en,q=Teacher%2C,e=show,md=ne,rw=ne,bd=ne,cm=e
[461:491:0831/073431.746765:VERBOSE1:network_delegate.cc(30)] NetworkDelegate::NotifyBeforeURLRequest: https://translate.google.com/gen204?lexicon=dt=cm,sl=en,tl=es,hl=en,q=Teacher%2C,e=show,md=ne,rw=ne,bd=ne,cm=e
[461:491:0831/073431.747353:VERBOSE1:network_delegate.cc(30)] NetworkDelegate::NotifyBeforeURLRequest: https://translate.google.com/gen204?community-promo=show-t-served-community
[461:491:0831/073431.747376:VERBOSE1:network_delegate.cc(30)] NetworkDelegate::NotifyBeforeURLRequest: https://translate.google.com/gen204?community-promo=show-t-served-community
[461:491:0831/073431.747395:VERBOSE1:network_delegate.cc(30)] NetworkDelegate::NotifyBeforeURLRequest: https://translate.google.com/gen204?community-promo=show-t-served-community
[461:491:0831/073431.747968:VERBOSE1:network_delegate.cc(30)] NetworkDelegate::NotifyBeforeURLRequest: https://translate.google.com/gen204?community-promo=open-t-served-community
[461:491:0831/073431.747989:VERBOSE1:network_delegate.cc(30)] NetworkDelegate::NotifyBeforeURLRequest: https://translate.google.com/gen204?community-promo=open-t-served-community
[461:491:0831/073431.748006:VERBOSE1:network_delegate.cc(30)] NetworkDelegate::NotifyBeforeURLRequest: https://translate.google.com/gen204?community-promo=open-t-served-community
[461:491:0831/073431.907239:VERBOSE1:network_delegate.cc(30)] NetworkDelegate::NotifyBeforeURLRequest: https://ssl.gstatic.com/inputtools/js/config/65698178.js
[461:491:0831/073431.907275:VERBOSE1:network_delegate.cc(30)] NetworkDelegate::NotifyBeforeURLRequest: https://ssl.gstatic.com/inputtools/js/config/65698178.js
[461:491:0831/073431.907298:VERBOSE1:network_delegate.cc(30)] NetworkDelegate::NotifyBeforeURLRequest: https://ssl.gstatic.com/inputtools/js/config/65698178.js
[461:491:0831/073431.909284:VERBOSE1:network_delegate.cc(30)] NetworkDelegate::NotifyBeforeURLRequest: https://ssl.gstatic.com/inputtools/js/config/49160274.js
[461:491:0831/073431.909308:VERBOSE1:network_delegate.cc(30)] NetworkDelegate::NotifyBeforeURLRequest: https://ssl.gstatic.com/inputtools/js/config/49160274.js
[461:491:0831/073431.909328:VERBOSE1:network_delegate.cc(30)] NetworkDelegate::NotifyBeforeURLRequest: https://ssl.gstatic.com/inputtools/js/config/49160274.js
[461:491:0831/073431.932612:VERBOSE1:network_delegate.cc(30)] NetworkDelegate::NotifyBeforeURLRequest: https://ssl.gstatic.com/inputtools/js/kbd/2/en.js
[461:491:0831/073431.932647:VERBOSE1:network_delegate.cc(30)] NetworkDelegate::NotifyBeforeURLRequest: https://ssl.gstatic.com/inputtools/js/kbd/2/en.js
[461:491:0831/073431.932668:VERBOSE1:network_delegate.cc(30)] NetworkDelegate::NotifyBeforeURLRequest: https://ssl.gstatic.com/inputtools/js/kbd/2/en.js
[461:491:0831/073431.933042:VERBOSE1:network_delegate.cc(30)] NetworkDelegate::NotifyBeforeURLRequest: https://ssl.gstatic.com/inputtools/js/kbd/2/en_dvorak.js
[461:491:0831/073431.933063:VERBOSE1:network_delegate.cc(30)] NetworkDelegate::NotifyBeforeURLRequest: https://ssl.gstatic.com/inputtools/js/kbd/2/en_dvorak.js
[461:491:0831/073431.933082:VERBOSE1:network_delegate.cc(30)] NetworkDelegate::NotifyBeforeURLRequest: https://ssl.gstatic.com/inputtools/js/kbd/2/en_dvorak.js
[461:491:0831/073431.953486:VERBOSE1:network_delegate.cc(30)] NetworkDelegate::NotifyBeforeURLRequest: https://ssl.gstatic.com/inputtools/js/ln/16/en.js
[461:491:0831/073431.953516:VERBOSE1:network_delegate.cc(30)] NetworkDelegate::NotifyBeforeURLRequest: https://ssl.gstatic.com/inputtools/js/ln/16/en.js
[461:491:0831/073431.953536:VERBOSE1:network_delegate.cc(30)] NetworkDelegate::NotifyBeforeURLRequest: https://ssl.gstatic.com/inputtools/js/ln/16/en.js
[461:491:0831/073431.956133:VERBOSE1:network_delegate.cc(30)] NetworkDelegate::NotifyBeforeURLRequest: https://ssl.gstatic.com/inputtools/js/msgs/9/en.js
[461:491:0831/073431.956158:VERBOSE1:network_delegate.cc(30)] NetworkDelegate::NotifyBeforeURLRequest: https://ssl.gstatic.com/inputtools/js/msgs/9/en.js
[461:491:0831/073431.956177:VERBOSE1:network_delegate.cc(30)] NetworkDelegate::NotifyBeforeURLRequest: https://ssl.gstatic.com/inputtools/js/msgs/9/en.js
[461:491:0831/073431.995786:VERBOSE1:network_delegate.cc(30)] NetworkDelegate::NotifyBeforeURLRequest: https://ssl.gstatic.com/inputtools/images/ita_sprite7.png
[461:491:0831/073431.995820:VERBOSE1:network_delegate.cc(30)] NetworkDelegate::NotifyBeforeURLRequest: https://ssl.gstatic.com/inputtools/images/ita_sprite7.png
[461:491:0831/073431.995832:VERBOSE1:network_delegate.cc(30)] NetworkDelegate::NotifyBeforeURLRequest: https://ssl.gstatic.com/inputtools/images/ita_sprite7.png
[461:461:0831/073432.047556:INFO:CONSOLE(839)] "Uncaught TypeError: Cannot convert undefined or null to object", source: https://translate.google.com/translate/releases/twsfe_w_20180827_RC01/r/js/desktop_module_main.js (839)
[461:491:0831/073432.048237:VERBOSE1:network_delegate.cc(30)] NetworkDelegate::NotifyBeforeURLRequest: https://translate.google.com/gen204?jserr=e%3DUncaught%20TypeError%3A%20Cannot%20convert%20undefined%20or%20null%20to%20object%2Curl%3Dhttps%3A%2F%2Ftranslate.google.com%2Ftranslate%2Freleases%2Ftwsfe_w_20180827_RC01%2Fr%2Fjs%2Fdesktop_module_main.js%2Cline%3D839%2Ccount%3D1
[461:491:0831/073432.048262:VERBOSE1:network_delegate.cc(30)] NetworkDelegate::NotifyBeforeURLRequest: https://translate.google.com/gen204?jserr=e%3DUncaught%20TypeError%3A%20Cannot%20convert%20undefined%20or%20null%20to%20object%2Curl%3Dhttps%3A%2F%2Ftranslate.google.com%2Ftranslate%2Freleases%2Ftwsfe_w_20180827_RC01%2Fr%2Fjs%2Fdesktop_module_main.js%2Cline%3D839%2Ccount%3D1
[461:491:0831/073432.048295:VERBOSE1:network_delegate.cc(30)] NetworkDelegate::NotifyBeforeURLRequest: https://translate.google.com/gen204?jserr=e%3DUncaught%20TypeError%3A%20Cannot%20convert%20undefined%20or%20null%20to%20object%2Curl%3Dhttps%3A%2F%2Ftranslate.google.com%2Ftranslate%2Freleases%2Ftwsfe_w_20180827_RC01%2Fr%2Fjs%2Fdesktop_module_main.js%2Cline%3D839%2Ccount%3D1
[461:491:0831/073432.226667:VERBOSE1:network_delegate.cc(30)] NetworkDelegate::NotifyBeforeURLRequest: https://play.google.com/log?format=json&hasfast=true&authuser=0
[461:491:0831/073432.226698:VERBOSE1:network_delegate.cc(30)] NetworkDelegate::NotifyBeforeURLRequest: https://play.google.com/log?format=json&hasfast=true&authuser=0
[461:491:0831/073432.226715:VERBOSE1:network_delegate.cc(30)] NetworkDelegate::NotifyBeforeURLRequest: https://play.google.com/log?format=json&hasfast=true&authuser=0
[461:491:0831/073432.245665:VERBOSE1:loader_util.cc(35)] To buffer: https://play.google.com/log?format=json&hasfast=true&authuser=0
[461:491:0831/073432.274824:VERBOSE1:network_delegate.cc(30)] NetworkDelegate::NotifyBeforeURLRequest: https://translate.google.com/favicon.ico
[461:491:0831/073432.274857:VERBOSE1:network_delegate.cc(30)] NetworkDelegate::NotifyBeforeURLRequest: https://translate.google.com/favicon.ico
[461:491:0831/073432.274875:VERBOSE1:network_delegate.cc(30)] NetworkDelegate::NotifyBeforeURLRequest: https://translate.google.com/favicon.ico
[461:491:0831/073432.655548:VERBOSE1:network_delegate.cc(30)] NetworkDelegate::NotifyBeforeURLRequest: https://clients1.google.com/complete/search?q=1&client=translate-web&ds=translate&hl=en&requiredfields=tl%3Aes&callback=_callbacks____0jlhond1q
[461:491:0831/073432.655588:VERBOSE1:network_delegate.cc(30)] NetworkDelegate::NotifyBeforeURLRequest: https://clients1.google.com/complete/search?q=1&client=translate-web&ds=translate&hl=en&requiredfields=tl%3Aes&callback=_callbacks____0jlhond1q
[461:491:0831/073432.655610:VERBOSE1:network_delegate.cc(30)] NetworkDelegate::NotifyBeforeURLRequest: https://clients1.google.com/complete/search?q=1&client=translate-web&ds=translate&hl=en&requiredfields=tl%3Aes&callback=_callbacks____0jlhond1q
[461:491:0831/073432.823654:VERBOSE1:network_delegate.cc(30)] NetworkDelegate::NotifyBeforeURLRequest: https://clients1.google.com/complete/search?q=12345&client=translate-web&ds=translate&hl=en&requiredfields=tl%3Aes&callback=_callbacks____1jlhond6e
[461:491:0831/073432.823691:VERBOSE1:network_delegate.cc(30)] NetworkDelegate::NotifyBeforeURLRequest: https://clients1.google.com/complete/search?q=12345&client=translate-web&ds=translate&hl=en&requiredfields=tl%3Aes&callback=_callbacks____1jlhond6e
[461:491:0831/073432.823713:VERBOSE1:network_delegate.cc(30)] NetworkDelegate::NotifyBeforeURLRequest: https://clients1.google.com/complete/search?q=12345&client=translate-web&ds=translate&hl=en&requiredfields=tl%3Aes&callback=_callbacks____1jlhond6e
[461:491:0831/073433.035418:VERBOSE1:network_delegate.cc(30)] NetworkDelegate::NotifyBeforeURLRequest: https://translate.google.com/translate_a/single?client=t&sl=en&tl=es&hl=en&dt=at&dt=bd&dt=ex&dt=ld&dt=md&dt=qca&dt=rw&dt=rm&dt=ss&dt=t&ie=UTF-8&oe=UTF-8&otf=1&ssel=0&tsel=0&kc=5&tk=742691.907124&q=12345
[461:491:0831/073433.035447:VERBOSE1:network_delegate.cc(30)] NetworkDelegate::NotifyBeforeURLRequest: https://translate.google.com/translate_a/single?client=t&sl=en&tl=es&hl=en&dt=at&dt=bd&dt=ex&dt=ld&dt=md&dt=qca&dt=rw&dt=rm&dt=ss&dt=t&ie=UTF-8&oe=UTF-8&otf=1&ssel=0&tsel=0&kc=5&tk=742691.907124&q=12345
[461:491:0831/073433.035463:VERBOSE1:network_delegate.cc(30)] NetworkDelegate::NotifyBeforeURLRequest: https://translate.google.com/translate_a/single?client=t&sl=en&tl=es&hl=en&dt=at&dt=bd&dt=ex&dt=ld&dt=md&dt=qca&dt=rw&dt=rm&dt=ss&dt=t&ie=UTF-8&oe=UTF-8&otf=1&ssel=0&tsel=0&kc=5&tk=742691.907124&q=12345
[461:491:0831/073433.045491:VERBOSE1:network_delegate.cc(30)] NetworkDelegate::NotifyBeforeURLRequest: https://translate.google.com/gen204?fq=sl=en,tl=es,ql=8,q=Teacher%2C,pc=0
[461:491:0831/073433.045513:VERBOSE1:network_delegate.cc(30)] NetworkDelegate::NotifyBeforeURLRequest: https://translate.google.com/gen204?fq=sl=en,tl=es,ql=8,q=Teacher%2C,pc=0
[461:491:0831/073433.045528:VERBOSE1:network_delegate.cc(30)] NetworkDelegate::NotifyBeforeURLRequest: https://translate.google.com/gen204?fq=sl=en,tl=es,ql=8,q=Teacher%2C,pc=0
[461:491:0831/073433.069884:VERBOSE1:network_delegate.cc(30)] NetworkDelegate::NotifyBeforeURLRequest: https://csi.gstatic.com/csi?v=3&s=translate&action=at&srt=300&tbsrt=1696&tran=15&p=s&npn=1&npnv=h2&sl=en&tl=es&size=5&e=17259,1500001,15700021,15700124,15700149,15700186,15700191,15700201&rt=prt.36,ol.38
[461:491:0831/073433.069912:VERBOSE1:network_delegate.cc(30)] NetworkDelegate::NotifyBeforeURLRequest: https://csi.gstatic.com/csi?v=3&s=translate&action=at&srt=300&tbsrt=1696&tran=15&p=s&npn=1&npnv=h2&sl=en&tl=es&size=5&e=17259,1500001,15700021,15700124,15700149,15700186,15700191,15700201&rt=prt.36,ol.38
[461:491:0831/073433.069930:VERBOSE1:network_delegate.cc(30)] NetworkDelegate::NotifyBeforeURLRequest: https://csi.gstatic.com/csi?v=3&s=translate&action=at&srt=300&tbsrt=1696&tran=15&p=s&npn=1&npnv=h2&sl=en&tl=es&size=5&e=17259,1500001,15700021,15700124,15700149,15700186,15700191,15700201&rt=prt.36,ol.38
[461:491:0831/073433.090026:VERBOSE1:network_delegate.cc(30)] NetworkDelegate::NotifyBeforeURLRequest: https://translate.google.com/translate_a/single?client=t&sl=en&tl=es&hl=en&dt=at&dt=bd&dt=ex&dt=ld&dt=md&dt=qca&dt=rw&dt=rm&dt=ss&dt=t&ie=UTF-8&oe=UTF-8&source=bh&ssel=0&tsel=0&kc=1&tk=670614.833985&q=Teacher%2C
[461:491:0831/073433.090065:VERBOSE1:network_delegate.cc(30)] NetworkDelegate::NotifyBeforeURLRequest: https://translate.google.com/translate_a/single?client=t&sl=en&tl=es&hl=en&dt=at&dt=bd&dt=ex&dt=ld&dt=md&dt=qca&dt=rw&dt=rm&dt=ss&dt=t&ie=UTF-8&oe=UTF-8&source=bh&ssel=0&tsel=0&kc=1&tk=670614.833985&q=Teacher%2C
[461:491:0831/073433.090082:VERBOSE1:network_delegate.cc(30)] NetworkDelegate::NotifyBeforeURLRequest: https://translate.google.com/translate_a/single?client=t&sl=en&tl=es&hl=en&dt=at&dt=bd&dt=ex&dt=ld&dt=md&dt=qca&dt=rw&dt=rm&dt=ss&dt=t&ie=UTF-8&oe=UTF-8&source=bh&ssel=0&tsel=0&kc=1&tk=670614.833985&q=Teacher%2C
[461:491:0831/073433.108384:VERBOSE1:network_delegate.cc(30)] NetworkDelegate::NotifyBeforeURLRequest: https://translate.google.com/gen204?fq=sl=en,tl=es,ql=5,q=12345,pc=0
[461:491:0831/073433.108413:VERBOSE1:network_delegate.cc(30)] NetworkDelegate::NotifyBeforeURLRequest: https://translate.google.com/gen204?fq=sl=en,tl=es,ql=5,q=12345,pc=0
[461:491:0831/073433.108430:VERBOSE1:network_delegate.cc(30)] NetworkDelegate::NotifyBeforeURLRequest: https://translate.google.com/gen204?fq=sl=en,tl=es,ql=5,q=12345,pc=0
[461:491:0831/073433.158280:VERBOSE1:network_delegate.cc(30)] NetworkDelegate::NotifyBeforeURLRequest: https://csi.gstatic.com/csi?v=3&s=translate&action=at&tran=15&p=s&npn=1&npnv=h2&sl=en&tl=es&size=10&e=17259,1500001,15700021,15700124,15700149,15700186,15700191,15700201&rt=prt.29,ol.72
[461:491:0831/073433.158307:VERBOSE1:network_delegate.cc(30)] NetworkDelegate::NotifyBeforeURLRequest: https://csi.gstatic.com/csi?v=3&s=translate&action=at&tran=15&p=s&npn=1&npnv=h2&sl=en&tl=es&size=10&e=17259,1500001,15700021,15700124,15700149,15700186,15700191,15700201&rt=prt.29,ol.72
[461:491:0831/073433.158326:VERBOSE1:network_delegate.cc(30)] NetworkDelegate::NotifyBeforeURLRequest: https://csi.gstatic.com/csi?v=3&s=translate&action=at&tran=15&p=s&npn=1&npnv=h2&sl=en&tl=es&size=10&e=17259,1500001,15700021,15700124,15700149,15700186,15700191,15700201&rt=prt.29,ol.72
[461:491:0831/073433.174134:VERBOSE1:network_delegate.cc(30)] NetworkDelegate::NotifyBeforeURLRequest: https://translate.google.com/gen204?lexicon=dt=cm,sl=en,tl=es,hl=en,q=Teacher%2C,e=show,md=ne,rw=ne,bd=ne,cm=e
[461:491:0831/073433.174164:VERBOSE1:network_delegate.cc(30)] NetworkDelegate::NotifyBeforeURLRequest: https://translate.google.com/gen204?lexicon=dt=cm,sl=en,tl=es,hl=en,q=Teacher%2C,e=show,md=ne,rw=ne,bd=ne,cm=e
[461:491:0831/073433.174186:VERBOSE1:network_delegate.cc(30)] NetworkDelegate::NotifyBeforeURLRequest: https://translate.google.com/gen204?lexicon=dt=cm,sl=en,tl=es,hl=en,q=Teacher%2C,e=show,md=ne,rw=ne,bd=ne,cm=e
[461:491:0831/073433.174548:VERBOSE1:network_delegate.cc(30)] NetworkDelegate::NotifyBeforeURLRequest: https://translate.google.com/gen204?community-promo=show-t-served-community
[461:491:0831/073433.174571:VERBOSE1:network_delegate.cc(30)] NetworkDelegate::NotifyBeforeURLRequest: https://translate.google.com/gen204?community-promo=show-t-served-community
[461:491:0831/073433.174599:VERBOSE1:network_delegate.cc(30)] NetworkDelegate::NotifyBeforeURLRequest: https://translate.google.com/gen204?community-promo=show-t-served-community
[461:502:0831/073433.202972:VERBOSE1:LocalWindowProxy.cpp(236)] A context is created NOT from snapshot
[461:502:0831/073433.203263:VERBOSE1:script_context.cc(111)] Created context:
  extension id:           (none)
  frame:                  0x17060e5af5b8
  URL:                    
  context_type:           WEB_PAGE
  effective extension id: (none)
  effective context type: WEB_PAGE
[461:502:0831/073433.203388:VERBOSE1:script_context.cc(111)] Created context:
  extension id:           (none)
  frame:                  (nil)
  URL:                    
  context_type:           UNSPECIFIED
  effective extension id: (none)
  effective context type: UNSPECIFIED
[461:502:0831/073433.204328:VERBOSE1:dispatcher.cc(366)] Num tracked contexts: 3
[461:502:0831/073433.206787:VERBOSE1:dispatcher.cc(498)] Num tracked contexts: 2
[461:502:0831/073433.207191:VERBOSE1:script_context.cc(120)] Destroyed context for extension
  extension id: 
  effective extension id: 
[461:502:0831/073433.207223:VERBOSE1:script_context.cc(120)] Destroyed context for extension
  extension id: 
  effective extension id: 
[461:491:0831/073433.232174:VERBOSE1:network_delegate.cc(30)] NetworkDelegate::NotifyBeforeURLRequest: https://play.google.com/log?format=json&hasfast=true&authuser=0
[461:491:0831/073433.232201:VERBOSE1:network_delegate.cc(30)] NetworkDelegate::NotifyBeforeURLRequest: https://play.google.com/log?format=json&hasfast=true&authuser=0
[461:491:0831/073433.232222:VERBOSE1:network_delegate.cc(30)] NetworkDelegate::NotifyBeforeURLRequest: https://play.google.com/log?format=json&hasfast=true&authuser=0
[461:491:0831/073433.248022:VERBOSE1:loader_util.cc(35)] To buffer: https://play.google.com/log?format=json&hasfast=true&authuser=0
[461:491:0831/073433.416360:VERBOSE1:network_delegate.cc(30)] NetworkDelegate::NotifyBeforeURLRequest: https://clients1.google.com/complete/search?q=1&client=translate-web&ds=translate&hl=en&requiredfields=tl%3Aes&callback=_callbacks____2jlhondmv
[461:491:0831/073433.416394:VERBOSE1:network_delegate.cc(30)] NetworkDelegate::NotifyBeforeURLRequest: https://clients1.google.com/complete/search?q=1&client=translate-web&ds=translate&hl=en&requiredfields=tl%3Aes&callback=_callbacks____2jlhondmv
[461:491:0831/073433.416417:VERBOSE1:network_delegate.cc(30)] NetworkDelegate::NotifyBeforeURLRequest: https://clients1.google.com/complete/search?q=1&client=translate-web&ds=translate&hl=en&requiredfields=tl%3Aes&callback=_callbacks____2jlhondmv
[461:491:0831/073433.584004:VERBOSE1:network_delegate.cc(30)] NetworkDelegate::NotifyBeforeURLRequest: https://clients1.google.com/complete/search?q=12345&client=translate-web&ds=translate&hl=en&requiredfields=tl%3Aes&callback=_callbacks____3jlhondri
[461:491:0831/073433.584041:VERBOSE1:network_delegate.cc(30)] NetworkDelegate::NotifyBeforeURLRequest: https://clients1.google.com/complete/search?q=12345&client=translate-web&ds=translate&hl=en&requiredfields=tl%3Aes&callback=_callbacks____3jlhondri
[461:491:0831/073433.584058:VERBOSE1:network_delegate.cc(30)] NetworkDelegate::NotifyBeforeURLRequest: https://clients1.google.com/complete/search?q=12345&client=translate-web&ds=translate&hl=en&requiredfields=tl%3Aes&callback=_callbacks____3jlhondri
[461:491:0831/073433.788244:VERBOSE1:network_delegate.cc(30)] NetworkDelegate::NotifyBeforeURLRequest: https://translate.google.com/translate_a/single?client=t&sl=en&tl=es&hl=en&dt=at&dt=bd&dt=ex&dt=ld&dt=md&dt=qca&dt=rw&dt=rm&dt=ss&dt=t&ie=UTF-8&oe=UTF-8&source=bh&ssel=0&tsel=0&kc=6&tk=670614.833985&q=Teacher%2C
[461:491:0831/073433.788277:VERBOSE1:network_delegate.cc(30)] NetworkDelegate::NotifyBeforeURLRequest: https://translate.google.com/translate_a/single?client=t&sl=en&tl=es&hl=en&dt=at&dt=bd&dt=ex&dt=ld&dt=md&dt=qca&dt=rw&dt=rm&dt=ss&dt=t&ie=UTF-8&oe=UTF-8&source=bh&ssel=0&tsel=0&kc=6&tk=670614.833985&q=Teacher%2C
[461:491:0831/073433.788309:VERBOSE1:network_delegate.cc(30)] NetworkDelegate::NotifyBeforeURLRequest: https://translate.google.com/translate_a/single?client=t&sl=en&tl=es&hl=en&dt=at&dt=bd&dt=ex&dt=ld&dt=md&dt=qca&dt=rw&dt=rm&dt=ss&dt=t&ie=UTF-8&oe=UTF-8&source=bh&ssel=0&tsel=0&kc=6&tk=670614.833985&q=Teacher%2C
[461:491:0831/073433.834553:VERBOSE1:network_delegate.cc(30)] NetworkDelegate::NotifyBeforeURLRequest: https://csi.gstatic.com/csi?v=3&s=translate&action=at&tran=15&p=s&npn=1&npnv=h2&sl=en&tl=es&size=10&e=17259,1500001,15700021,15700124,15700149,15700186,15700191,15700201&rt=prt.32,ol.47
[461:491:0831/073433.834583:VERBOSE1:network_delegate.cc(30)] NetworkDelegate::NotifyBeforeURLRequest: https://csi.gstatic.com/csi?v=3&s=translate&action=at&tran=15&p=s&npn=1&npnv=h2&sl=en&tl=es&size=10&e=17259,1500001,15700021,15700124,15700149,15700186,15700191,15700201&rt=prt.32,ol.47
[461:491:0831/073433.834595:VERBOSE1:network_delegate.cc(30)] NetworkDelegate::NotifyBeforeURLRequest: https://csi.gstatic.com/csi?v=3&s=translate&action=at&tran=15&p=s&npn=1&npnv=h2&sl=en&tl=es&size=10&e=17259,1500001,15700021,15700124,15700149,15700186,15700191,15700201&rt=prt.32,ol.47
[461:491:0831/073433.868146:VERBOSE1:network_delegate.cc(30)] NetworkDelegate::NotifyBeforeURLRequest: https://translate.google.com/gen204?lexicon=dt=cm,sl=en,tl=es,hl=en,q=Teacher%2C,e=show,md=ne,rw=ne,bd=ne,cm=e
[461:491:0831/073433.868172:VERBOSE1:network_delegate.cc(30)] NetworkDelegate::NotifyBeforeURLRequest: https://translate.google.com/gen204?lexicon=dt=cm,sl=en,tl=es,hl=en,q=Teacher%2C,e=show,md=ne,rw=ne,bd=ne,cm=e
[461:491:0831/073433.868191:VERBOSE1:network_delegate.cc(30)] NetworkDelegate::NotifyBeforeURLRequest: https://translate.google.com/gen204?lexicon=dt=cm,sl=en,tl=es,hl=en,q=Teacher%2C,e=show,md=ne,rw=ne,bd=ne,cm=e
[461:491:0831/073433.868934:VERBOSE1:network_delegate.cc(30)] NetworkDelegate::NotifyBeforeURLRequest: https://translate.google.com/gen204?community-promo=show-t-served-community
[461:491:0831/073433.868953:VERBOSE1:network_delegate.cc(30)] NetworkDelegate::NotifyBeforeURLRequest: https://translate.google.com/gen204?community-promo=show-t-served-community
[461:491:0831/073433.868970:VERBOSE1:network_delegate.cc(30)] NetworkDelegate::NotifyBeforeURLRequest: https://translate.google.com/gen204?community-promo=show-t-served-community
[461:502:0831/073433.878661:VERBOSE1:LocalWindowProxy.cpp(236)] A context is created NOT from snapshot
[461:502:0831/073433.879032:VERBOSE1:script_context.cc(111)] Created context:
  extension id:           (none)
  frame:                  0x17060e5c5300
  URL:                    
  context_type:           WEB_PAGE
  effective extension id: (none)
  effective context type: WEB_PAGE
[461:502:0831/073433.879130:VERBOSE1:script_context.cc(111)] Created context:
  extension id:           (none)
  frame:                  (nil)
  URL:                    
  context_type:           UNSPECIFIED
  effective extension id: (none)
  effective context type: UNSPECIFIED
[461:502:0831/073433.885550:VERBOSE1:dispatcher.cc(366)] Num tracked contexts: 3
[461:502:0831/073433.923861:VERBOSE1:dispatcher.cc(498)] Num tracked contexts: 2
[461:502:0831/073433.924855:VERBOSE1:script_context.cc(120)] Destroyed context for extension
  extension id: 
  effective extension id: 
[461:502:0831/073433.924885:VERBOSE1:script_context.cc(120)] Destroyed context for extension
  extension id: 
  effective extension id: 
[461:491:0831/073434.130226:VERBOSE1:network_delegate.cc(30)] NetworkDelegate::NotifyBeforeURLRequest: https://clients1.google.com/complete/search?q=1&client=translate-web&ds=translate&hl=en&requiredfields=tl%3Aes&callback=_callbacks____4jlhone6p
[461:491:0831/073434.130260:VERBOSE1:network_delegate.cc(30)] NetworkDelegate::NotifyBeforeURLRequest: https://clients1.google.com/complete/search?q=1&client=translate-web&ds=translate&hl=en&requiredfields=tl%3Aes&callback=_callbacks____4jlhone6p
[461:491:0831/073434.130281:VERBOSE1:network_delegate.cc(30)] NetworkDelegate::NotifyBeforeURLRequest: https://clients1.google.com/complete/search?q=1&client=translate-web&ds=translate&hl=en&requiredfields=tl%3Aes&callback=_callbacks____4jlhone6p
[461:461:0831/073434.178516:VERBOSE1:service_discovery_device_lister.cc(39)] DeviceListerStart: service_type: _privet._tcp.local
[461:461:0831/073434.178541:VERBOSE1:service_discovery_device_lister.cc(44)] DiscoverNewDevices: service_type: _privet._tcp.local
[461:491:0831/073434.183871:VERBOSE1:mdns_client_impl.cc(162)] Sockets ready:2
[461:491:0831/073434.235184:VERBOSE1:network_delegate.cc(30)] NetworkDelegate::NotifyBeforeURLRequest: https://play.google.com/log?format=json&hasfast=true&authuser=0
[461:491:0831/073434.235213:VERBOSE1:network_delegate.cc(30)] NetworkDelegate::NotifyBeforeURLRequest: https://play.google.com/log?format=json&hasfast=true&authuser=0
[461:491:0831/073434.235231:VERBOSE1:network_delegate.cc(30)] NetworkDelegate::NotifyBeforeURLRequest: https://play.google.com/log?format=json&hasfast=true&authuser=0
[461:491:0831/073434.254632:VERBOSE1:loader_util.cc(35)] To buffer: https://play.google.com/log?format=json&hasfast=true&authuser=0
[461:491:0831/073434.303639:VERBOSE1:network_delegate.cc(30)] NetworkDelegate::NotifyBeforeURLRequest: https://clients1.google.com/complete/search?q=12345&client=translate-web&ds=translate&hl=en&requiredfields=tl%3Aes&callback=_callbacks____5jlhonebc
[461:491:0831/073434.303668:VERBOSE1:network_delegate.cc(30)] NetworkDelegate::NotifyBeforeURLRequest: https://clients1.google.com/complete/search?q=12345&client=translate-web&ds=translate&hl=en&requiredfields=tl%3Aes&callback=_callbacks____5jlhonebc
[461:491:0831/073434.303685:VERBOSE1:network_delegate.cc(30)] NetworkDelegate::NotifyBeforeURLRequest: https://clients1.google.com/complete/search?q=12345&client=translate-web&ds=translate&hl=en&requiredfields=tl%3Aes&callback=_callbacks____5jlhonebc
[461:491:0831/073434.506399:VERBOSE1:network_delegate.cc(30)] NetworkDelegate::NotifyBeforeURLRequest: https://translate.google.com/translate_a/single?client=t&sl=en&tl=es&hl=en&dt=at&dt=bd&dt=ex&dt=ld&dt=md&dt=qca&dt=rw&dt=rm&dt=ss&dt=t&ie=UTF-8&oe=UTF-8&otf=1&ssel=0&tsel=0&kc=5&tk=742691.907124&q=12345
[461:491:0831/073434.506433:VERBOSE1:network_delegate.cc(30)] NetworkDelegate::NotifyBeforeURLRequest: https://translate.google.com/translate_a/single?client=t&sl=en&tl=es&hl=en&dt=at&dt=bd&dt=ex&dt=ld&dt=md&dt=qca&dt=rw&dt=rm&dt=ss&dt=t&ie=UTF-8&oe=UTF-8&otf=1&ssel=0&tsel=0&kc=5&tk=742691.907124&q=12345
[461:491:0831/073434.506457:VERBOSE1:network_delegate.cc(30)] NetworkDelegate::NotifyBeforeURLRequest: https://translate.google.com/translate_a/single?client=t&sl=en&tl=es&hl=en&dt=at&dt=bd&dt=ex&dt=ld&dt=md&dt=qca&dt=rw&dt=rm&dt=ss&dt=t&ie=UTF-8&oe=UTF-8&otf=1&ssel=0&tsel=0&kc=5&tk=742691.907124&q=12345
[461:491:0831/073434.507816:VERBOSE1:network_delegate.cc(30)] NetworkDelegate::NotifyBeforeURLRequest: https://translate.google.com/gen204?fq=sl=en,tl=es,ql=8,q=Teacher%2C,pc=0
[461:491:0831/073434.507839:VERBOSE1:network_delegate.cc(30)] NetworkDelegate::NotifyBeforeURLRequest: https://translate.google.com/gen204?fq=sl=en,tl=es,ql=8,q=Teacher%2C,pc=0
[461:491:0831/073434.507858:VERBOSE1:network_delegate.cc(30)] NetworkDelegate::NotifyBeforeURLRequest: https://translate.google.com/gen204?fq=sl=en,tl=es,ql=8,q=Teacher%2C,pc=0
[461:491:0831/073434.544382:VERBOSE1:network_delegate.cc(30)] NetworkDelegate::NotifyBeforeURLRequest: https://csi.gstatic.com/csi?v=3&s=translate&action=at&tran=15&p=s&npn=1&npnv=h2&sl=en&tl=es&size=5&e=17259,1500001,15700021,15700124,15700149,15700186,15700191,15700201&rt=prt.34,ol.39
[461:491:0831/073434.544408:VERBOSE1:network_delegate.cc(30)] NetworkDelegate::NotifyBeforeURLRequest: https://csi.gstatic.com/csi?v=3&s=translate&action=at&tran=15&p=s&npn=1&npnv=h2&sl=en&tl=es&size=5&e=17259,1500001,15700021,15700124,15700149,15700186,15700191,15700201&rt=prt.34,ol.39
[461:491:0831/073434.544424:VERBOSE1:network_delegate.cc(30)] NetworkDelegate::NotifyBeforeURLRequest: https://csi.gstatic.com/csi?v=3&s=translate&action=at&tran=15&p=s&npn=1&npnv=h2&sl=en&tl=es&size=5&e=17259,1500001,15700021,15700124,15700149,15700186,15700191,15700201&rt=prt.34,ol.39
[461:491:0831/073434.701577:VERBOSE1:network_delegate.cc(30)] NetworkDelegate::NotifyBeforeURLRequest: https://translate.google.com/translate_a/single?client=t&sl=en&tl=es&hl=en&dt=at&dt=bd&dt=ex&dt=ld&dt=md&dt=qca&dt=rw&dt=rm&dt=ss&dt=t&ie=UTF-8&oe=UTF-8&source=bh&ssel=0&tsel=0&kc=1&tk=670614.833985&q=Teacher%2C
[461:491:0831/073434.701605:VERBOSE1:network_delegate.cc(30)] NetworkDelegate::NotifyBeforeURLRequest: https://translate.google.com/translate_a/single?client=t&sl=en&tl=es&hl=en&dt=at&dt=bd&dt=ex&dt=ld&dt=md&dt=qca&dt=rw&dt=rm&dt=ss&dt=t&ie=UTF-8&oe=UTF-8&source=bh&ssel=0&tsel=0&kc=1&tk=670614.833985&q=Teacher%2C
[461:491:0831/073434.701623:VERBOSE1:network_delegate.cc(30)] NetworkDelegate::NotifyBeforeURLRequest: https://translate.google.com/translate_a/single?client=t&sl=en&tl=es&hl=en&dt=at&dt=bd&dt=ex&dt=ld&dt=md&dt=qca&dt=rw&dt=rm&dt=ss&dt=t&ie=UTF-8&oe=UTF-8&source=bh&ssel=0&tsel=0&kc=1&tk=670614.833985&q=Teacher%2C
[461:491:0831/073434.710038:VERBOSE1:network_delegate.cc(30)] NetworkDelegate::NotifyBeforeURLRequest: https://translate.google.com/gen204?fq=sl=en,tl=es,ql=5,q=12345,pc=0
[461:491:0831/073434.710061:VERBOSE1:network_delegate.cc(30)] NetworkDelegate::NotifyBeforeURLRequest: https://translate.google.com/gen204?fq=sl=en,tl=es,ql=5,q=12345,pc=0
[461:491:0831/073434.710077:VERBOSE1:network_delegate.cc(30)] NetworkDelegate::NotifyBeforeURLRequest: https://translate.google.com/gen204?fq=sl=en,tl=es,ql=5,q=12345,pc=0
[461:491:0831/073434.745149:VERBOSE1:network_delegate.cc(30)] NetworkDelegate::NotifyBeforeURLRequest: https://csi.gstatic.com/csi?v=3&s=translate&action=at&tran=15&p=s&npn=1&npnv=h2&sl=en&tl=es&size=10&e=17259,1500001,15700021,15700124,15700149,15700186,15700191,15700201&rt=prt.27,ol.36
[461:491:0831/073434.745175:VERBOSE1:network_delegate.cc(30)] NetworkDelegate::NotifyBeforeURLRequest: https://csi.gstatic.com/csi?v=3&s=translate&action=at&tran=15&p=s&npn=1&npnv=h2&sl=en&tl=es&size=10&e=17259,1500001,15700021,15700124,15700149,15700186,15700191,15700201&rt=prt.27,ol.36
[461:491:0831/073434.745197:VERBOSE1:network_delegate.cc(30)] NetworkDelegate::NotifyBeforeURLRequest: https://csi.gstatic.com/csi?v=3&s=translate&action=at&tran=15&p=s&npn=1&npnv=h2&sl=en&tl=es&size=10&e=17259,1500001,15700021,15700124,15700149,15700186,15700191,15700201&rt=prt.27,ol.36
[461:491:0831/073434.774374:VERBOSE1:network_delegate.cc(30)] NetworkDelegate::NotifyBeforeURLRequest: https://translate.google.com/gen204?lexicon=dt=cm,sl=en,tl=es,hl=en,q=Teacher%2C,e=show,md=ne,rw=ne,bd=ne,cm=e
[461:491:0831/073434.774448:VERBOSE1:network_delegate.cc(30)] NetworkDelegate::NotifyBeforeURLRequest: https://translate.google.com/gen204?lexicon=dt=cm,sl=en,tl=es,hl=en,q=Teacher%2C,e=show,md=ne,rw=ne,bd=ne,cm=e
[461:491:0831/073434.774475:VERBOSE1:network_delegate.cc(30)] NetworkDelegate::NotifyBeforeURLRequest: https://translate.google.com/gen204?lexicon=dt=cm,sl=en,tl=es,hl=en,q=Teacher%2C,e=show,md=ne,rw=ne,bd=ne,cm=e
[461:491:0831/073434.776617:VERBOSE1:network_delegate.cc(30)] NetworkDelegate::NotifyBeforeURLRequest: https://translate.google.com/gen204?community-promo=show-t-served-community
[461:491:0831/073434.776640:VERBOSE1:network_delegate.cc(30)] NetworkDelegate::NotifyBeforeURLRequest: https://translate.google.com/gen204?community-promo=show-t-served-community
[461:491:0831/073434.776658:VERBOSE1:network_delegate.cc(30)] NetworkDelegate::NotifyBeforeURLRequest: https://translate.google.com/gen204?community-promo=show-t-served-community
[461:502:0831/073434.797530:VERBOSE1:LocalWindowProxy.cpp(236)] A context is created NOT from snapshot
[461:502:0831/073434.797780:VERBOSE1:script_context.cc(111)] Created context:
  extension id:           (none)
  frame:                  0x17060e5e40c8
  URL:                    
  context_type:           WEB_PAGE
  effective extension id: (none)
  effective context type: WEB_PAGE
[461:502:0831/073434.797851:VERBOSE1:script_context.cc(111)] Created context:
  extension id:           (none)
  frame:                  (nil)
  URL:                    
  context_type:           UNSPECIFIED
  effective extension id: (none)
  effective context type: UNSPECIFIED
[461:502:0831/073434.798457:VERBOSE1:dispatcher.cc(366)] Num tracked contexts: 3
[461:502:0831/073434.812521:VERBOSE1:dispatcher.cc(498)] Num tracked contexts: 2
[461:502:0831/073434.813266:VERBOSE1:script_context.cc(120)] Destroyed context for extension
  extension id: 
  effective extension id: 
[461:502:0831/073434.813378:VERBOSE1:script_context.cc(120)] Destroyed context for extension
  extension id: 
  effective extension id: 
[461:491:0831/073435.003662:VERBOSE1:network_delegate.cc(30)] NetworkDelegate::NotifyBeforeURLRequest: https://clients1.google.com/complete/search?q=1&client=translate-web&ds=translate&hl=en&requiredfields=tl%3Aes&callback=_callbacks____6jlhoneuo
[461:491:0831/073435.003695:VERBOSE1:network_delegate.cc(30)] NetworkDelegate::NotifyBeforeURLRequest: https://clients1.google.com/complete/search?q=1&client=translate-web&ds=translate&hl=en&requiredfields=tl%3Aes&callback=_callbacks____6jlhoneuo
[461:491:0831/073435.003718:VERBOSE1:network_delegate.cc(30)] NetworkDelegate::NotifyBeforeURLRequest: https://clients1.google.com/complete/search?q=1&client=translate-web&ds=translate&hl=en&requiredfields=tl%3Aes&callback=_callbacks____6jlhoneuo
[461:491:0831/073435.163646:VERBOSE1:network_delegate.cc(30)] NetworkDelegate::NotifyBeforeURLRequest: https://clients1.google.com/complete/search?q=12345&client=translate-web&ds=translate&hl=en&requiredfields=tl%3Aes&callback=_callbacks____7jlhonezb
[461:491:0831/073435.163686:VERBOSE1:network_delegate.cc(30)] NetworkDelegate::NotifyBeforeURLRequest: https://clients1.google.com/complete/search?q=12345&client=translate-web&ds=translate&hl=en&requiredfields=tl%3Aes&callback=_callbacks____7jlhonezb
[461:491:0831/073435.163704:VERBOSE1:network_delegate.cc(30)] NetworkDelegate::NotifyBeforeURLRequest: https://clients1.google.com/complete/search?q=12345&client=translate-web&ds=translate&hl=en&requiredfields=tl%3Aes&callback=_callbacks____7jlhonezb
[461:491:0831/073435.244113:VERBOSE1:network_delegate.cc(30)] NetworkDelegate::NotifyBeforeURLRequest: https://play.google.com/log?format=json&hasfast=true&authuser=0
[461:491:0831/073435.244150:VERBOSE1:network_delegate.cc(30)] NetworkDelegate::NotifyBeforeURLRequest: https://play.google.com/log?format=json&hasfast=true&authuser=0
[461:491:0831/073435.244169:VERBOSE1:network_delegate.cc(30)] NetworkDelegate::NotifyBeforeURLRequest: https://play.google.com/log?format=json&hasfast=true&authuser=0
[461:491:0831/073435.259582:VERBOSE1:loader_util.cc(35)] To buffer: https://play.google.com/log?format=json&hasfast=true&authuser=0
[461:491:0831/073435.310504:VERBOSE1:network_delegate.cc(30)] NetworkDelegate::NotifyBeforeURLRequest: https://translate.google.com/translate_a/single?client=t&sl=en&tl=es&hl=en&dt=at&dt=bd&dt=ex&dt=ld&dt=md&dt=qca&dt=rw&dt=rm&dt=ss&dt=t&ie=UTF-8&oe=UTF-8&source=bh&ssel=0&tsel=0&kc=6&tk=670614.833985&q=Teacher%2C
[461:491:0831/073435.310530:VERBOSE1:network_delegate.cc(30)] NetworkDelegate::NotifyBeforeURLRequest: https://translate.google.com/translate_a/single?client=t&sl=en&tl=es&hl=en&dt=at&dt=bd&dt=ex&dt=ld&dt=md&dt=qca&dt=rw&dt=rm&dt=ss&dt=t&ie=UTF-8&oe=UTF-8&source=bh&ssel=0&tsel=0&kc=6&tk=670614.833985&q=Teacher%2C
[461:491:0831/073435.310551:VERBOSE1:network_delegate.cc(30)] NetworkDelegate::NotifyBeforeURLRequest: https://translate.google.com/translate_a/single?client=t&sl=en&tl=es&hl=en&dt=at&dt=bd&dt=ex&dt=ld&dt=md&dt=qca&dt=rw&dt=rm&dt=ss&dt=t&ie=UTF-8&oe=UTF-8&source=bh&ssel=0&tsel=0&kc=6&tk=670614.833985&q=Teacher%2C
[461:491:0831/073435.353144:VERBOSE1:network_delegate.cc(30)] NetworkDelegate::NotifyBeforeURLRequest: https://csi.gstatic.com/csi?v=3&s=translate&action=at&tran=15&p=s&npn=1&npnv=h2&sl=en&tl=es&size=10&e=17259,1500001,15700021,15700124,15700149,15700186,15700191,15700201&rt=prt.38,ol.43
[461:491:0831/073435.353165:VERBOSE1:network_delegate.cc(30)] NetworkDelegate::NotifyBeforeURLRequest: https://csi.gstatic.com/csi?v=3&s=translate&action=at&tran=15&p=s&npn=1&npnv=h2&sl=en&tl=es&size=10&e=17259,1500001,15700021,15700124,15700149,15700186,15700191,15700201&rt=prt.38,ol.43
[461:491:0831/073435.353182:VERBOSE1:network_delegate.cc(30)] NetworkDelegate::NotifyBeforeURLRequest: https://csi.gstatic.com/csi?v=3&s=translate&action=at&tran=15&p=s&npn=1&npnv=h2&sl=en&tl=es&size=10&e=17259,1500001,15700021,15700124,15700149,15700186,15700191,15700201&rt=prt.38,ol.43
[461:491:0831/073435.367080:VERBOSE1:network_delegate.cc(30)] NetworkDelegate::NotifyBeforeURLRequest: https://translate.google.com/gen204?lexicon=dt=cm,sl=en,tl=es,hl=en,q=Teacher%2C,e=show,md=ne,rw=ne,bd=ne,cm=e
[461:491:0831/073435.367105:VERBOSE1:network_delegate.cc(30)] NetworkDelegate::NotifyBeforeURLRequest: https://translate.google.com/gen204?lexicon=dt=cm,sl=en,tl=es,hl=en,q=Teacher%2C,e=show,md=ne,rw=ne,bd=ne,cm=e
[461:491:0831/073435.367124:VERBOSE1:network_delegate.cc(30)] NetworkDelegate::NotifyBeforeURLRequest: https://translate.google.com/gen204?lexicon=dt=cm,sl=en,tl=es,hl=en,q=Teacher%2C,e=show,md=ne,rw=ne,bd=ne,cm=e
[461:491:0831/073435.368116:VERBOSE1:network_delegate.cc(30)] NetworkDelegate::NotifyBeforeURLRequest: https://translate.google.com/gen204?community-promo=show-t-served-community
[461:491:0831/073435.368139:VERBOSE1:network_delegate.cc(30)] NetworkDelegate::NotifyBeforeURLRequest: https://translate.google.com/gen204?community-promo=show-t-served-community
[461:491:0831/073435.368157:VERBOSE1:network_delegate.cc(30)] NetworkDelegate::NotifyBeforeURLRequest: https://translate.google.com/gen204?community-promo=show-t-served-community
[461:502:0831/073435.383499:VERBOSE1:LocalWindowProxy.cpp(236)] A context is created NOT from snapshot
[461:502:0831/073435.384006:VERBOSE1:script_context.cc(111)] Created context:
  extension id:           (none)
  frame:                  0x17060e610720
  URL:                    
  context_type:           WEB_PAGE
  effective extension id: (none)
  effective context type: WEB_PAGE
[461:502:0831/073435.384114:VERBOSE1:script_context.cc(111)] Created context:
  extension id:           (none)
  frame:                  (nil)
  URL:                    
  context_type:           UNSPECIFIED
  effective extension id: (none)
  effective context type: UNSPECIFIED
[461:502:0831/073435.385247:VERBOSE1:dispatcher.cc(366)] Num tracked contexts: 3
[461:502:0831/073435.405748:VERBOSE1:dispatcher.cc(498)] Num tracked contexts: 2
[461:502:0831/073435.407784:VERBOSE1:script_context.cc(120)] Destroyed context for extension
  extension id: 
  effective extension id: 
[461:502:0831/073435.407871:VERBOSE1:script_context.cc(120)] Destroyed context for extension
  extension id: 
  effective extension id: 
[461:491:0831/073435.583952:VERBOSE1:network_delegate.cc(30)] NetworkDelegate::NotifyBeforeURLRequest: https://clients1.google.com/complete/search?q=1&client=translate-web&ds=translate&hl=en&requiredfields=tl%3Aes&callback=_callbacks____8jlhonfat
[461:491:0831/073435.583982:VERBOSE1:network_delegate.cc(30)] NetworkDelegate::NotifyBeforeURLRequest: https://clients1.google.com/complete/search?q=1&client=translate-web&ds=translate&hl=en&requiredfields=tl%3Aes&callback=_callbacks____8jlhonfat
[461:491:0831/073435.584006:VERBOSE1:network_delegate.cc(30)] NetworkDelegate::NotifyBeforeURLRequest: https://clients1.google.com/complete/search?q=1&client=translate-web&ds=translate&hl=en&requiredfields=tl%3Aes&callback=_callbacks____8jlhonfat
[461:491:0831/073435.743628:VERBOSE1:network_delegate.cc(30)] NetworkDelegate::NotifyBeforeURLRequest: https://clients1.google.com/complete/search?q=12345&client=translate-web&ds=translate&hl=en&requiredfields=tl%3Aes&callback=_callbacks____9jlhonffh
[461:491:0831/073435.743666:VERBOSE1:network_delegate.cc(30)] NetworkDelegate::NotifyBeforeURLRequest: https://clients1.google.com/complete/search?q=12345&client=translate-web&ds=translate&hl=en&requiredfields=tl%3Aes&callback=_callbacks____9jlhonffh
[461:491:0831/073435.743683:VERBOSE1:network_delegate.cc(30)] NetworkDelegate::NotifyBeforeURLRequest: https://clients1.google.com/complete/search?q=12345&client=translate-web&ds=translate&hl=en&requiredfields=tl%3Aes&callback=_callbacks____9jlhonffh
[461:491:0831/073435.883971:VERBOSE1:network_delegate.cc(30)] NetworkDelegate::NotifyBeforeURLRequest: https://translate.google.com/translate_a/single?client=t&sl=en&tl=es&hl=en&dt=at&dt=bd&dt=ex&dt=ld&dt=md&dt=qca&dt=rw&dt=rm&dt=ss&dt=t&ie=UTF-8&oe=UTF-8&source=bh&ssel=0&tsel=0&kc=6&tk=670614.833985&q=Teacher%2C
[461:491:0831/073435.884001:VERBOSE1:network_delegate.cc(30)] NetworkDelegate::NotifyBeforeURLRequest: https://translate.google.com/translate_a/single?client=t&sl=en&tl=es&hl=en&dt=at&dt=bd&dt=ex&dt=ld&dt=md&dt=qca&dt=rw&dt=rm&dt=ss&dt=t&ie=UTF-8&oe=UTF-8&source=bh&ssel=0&tsel=0&kc=6&tk=670614.833985&q=Teacher%2C
[461:491:0831/073435.884021:VERBOSE1:network_delegate.cc(30)] NetworkDelegate::NotifyBeforeURLRequest: https://translate.google.com/translate_a/single?client=t&sl=en&tl=es&hl=en&dt=at&dt=bd&dt=ex&dt=ld&dt=md&dt=qca&dt=rw&dt=rm&dt=ss&dt=t&ie=UTF-8&oe=UTF-8&source=bh&ssel=0&tsel=0&kc=6&tk=670614.833985&q=Teacher%2C
[461:491:0831/073435.925516:VERBOSE1:network_delegate.cc(30)] NetworkDelegate::NotifyBeforeURLRequest: https://csi.gstatic.com/csi?v=3&s=translate&action=at&tran=15&p=s&npn=1&npnv=h2&sl=en&tl=es&size=10&e=17259,1500001,15700021,15700124,15700149,15700186,15700191,15700201&rt=prt.37,ol.50
[461:491:0831/073435.925547:VERBOSE1:network_delegate.cc(30)] NetworkDelegate::NotifyBeforeURLRequest: https://csi.gstatic.com/csi?v=3&s=translate&action=at&tran=15&p=s&npn=1&npnv=h2&sl=en&tl=es&size=10&e=17259,1500001,15700021,15700124,15700149,15700186,15700191,15700201&rt=prt.37,ol.50
[461:491:0831/073435.925568:VERBOSE1:network_delegate.cc(30)] NetworkDelegate::NotifyBeforeURLRequest: https://csi.gstatic.com/csi?v=3&s=translate&action=at&tran=15&p=s&npn=1&npnv=h2&sl=en&tl=es&size=10&e=17259,1500001,15700021,15700124,15700149,15700186,15700191,15700201&rt=prt.37,ol.50
[461:491:0831/073435.931157:VERBOSE1:network_delegate.cc(30)] NetworkDelegate::NotifyBeforeURLRequest: https://translate.google.com/gen204?lexicon=dt=cm,sl=en,tl=es,hl=en,q=Teacher%2C,e=show,md=ne,rw=ne,bd=ne,cm=e
[461:491:0831/073435.931175:VERBOSE1:network_delegate.cc(30)] NetworkDelegate::NotifyBeforeURLRequest: https://translate.google.com/gen204?lexicon=dt=cm,sl=en,tl=es,hl=en,q=Teacher%2C,e=show,md=ne,rw=ne,bd=ne,cm=e
[461:491:0831/073435.931186:VERBOSE1:network_delegate.cc(30)] NetworkDelegate::NotifyBeforeURLRequest: https://translate.google.com/gen204?lexicon=dt=cm,sl=en,tl=es,hl=en,q=Teacher%2C,e=show,md=ne,rw=ne,bd=ne,cm=e
[461:491:0831/073435.943565:VERBOSE1:network_delegate.cc(30)] NetworkDelegate::NotifyBeforeURLRequest: https://translate.google.com/gen204?community-promo=show-t-served-community
[461:491:0831/073435.943588:VERBOSE1:network_delegate.cc(30)] NetworkDelegate::NotifyBeforeURLRequest: https://translate.google.com/gen204?community-promo=show-t-served-community
[461:491:0831/073435.943606:VERBOSE1:network_delegate.cc(30)] NetworkDelegate::NotifyBeforeURLRequest: https://translate.google.com/gen204?community-promo=show-t-served-community
[461:502:0831/073435.963358:VERBOSE1:LocalWindowProxy.cpp(236)] A context is created NOT from snapshot
[461:502:0831/073435.963759:VERBOSE1:script_context.cc(111)] Created context:
  extension id:           (none)
  frame:                  0x17060e588870
  URL:                    
  context_type:           WEB_PAGE
  effective extension id: (none)
  effective context type: WEB_PAGE
[461:502:0831/073435.963875:VERBOSE1:script_context.cc(111)] Created context:
  extension id:           (none)
  frame:                  (nil)
  URL:                    
  context_type:           UNSPECIFIED
  effective extension id: (none)
  effective context type: UNSPECIFIED
[461:502:0831/073435.965111:VERBOSE1:dispatcher.cc(366)] Num tracked contexts: 3
[461:502:0831/073435.984502:VERBOSE1:dispatcher.cc(498)] Num tracked contexts: 2
[461:502:0831/073435.985374:VERBOSE1:script_context.cc(120)] Destroyed context for extension
  extension id: 
  effective extension id: 
[461:502:0831/073435.985425:VERBOSE1:script_context.cc(120)] Destroyed context for extension
  extension id: 
  effective extension id: 
[461:491:0831/073436.190734:VERBOSE1:network_delegate.cc(30)] NetworkDelegate::NotifyBeforeURLRequest: https://clients1.google.com/complete/search?q=1&client=translate-web&ds=translate&hl=en&requiredfields=tl%3Aes&callback=_callbacks____ajlhonfrw
[461:491:0831/073436.190767:VERBOSE1:network_delegate.cc(30)] NetworkDelegate::NotifyBeforeURLRequest: https://clients1.google.com/complete/search?q=1&client=translate-web&ds=translate&hl=en&requiredfields=tl%3Aes&callback=_callbacks____ajlhonfrw
[461:491:0831/073436.190791:VERBOSE1:network_delegate.cc(30)] NetworkDelegate::NotifyBeforeURLRequest: https://clients1.google.com/complete/search?q=1&client=translate-web&ds=translate&hl=en&requiredfields=tl%3Aes&callback=_callbacks____ajlhonfrw
[461:491:0831/073436.248857:VERBOSE1:network_delegate.cc(30)] NetworkDelegate::NotifyBeforeURLRequest: https://play.google.com/log?format=json&hasfast=true&authuser=0
[461:491:0831/073436.248888:VERBOSE1:network_delegate.cc(30)] NetworkDelegate::NotifyBeforeURLRequest: https://play.google.com/log?format=json&hasfast=true&authuser=0
[461:491:0831/073436.248910:VERBOSE1:network_delegate.cc(30)] NetworkDelegate::NotifyBeforeURLRequest: https://play.google.com/log?format=json&hasfast=true&authuser=0
[461:491:0831/073436.266186:VERBOSE1:loader_util.cc(35)] To buffer: https://play.google.com/log?format=json&hasfast=true&authuser=0
[461:491:0831/073436.364014:VERBOSE1:network_delegate.cc(30)] NetworkDelegate::NotifyBeforeURLRequest: https://clients1.google.com/complete/search?q=12345&client=translate-web&ds=translate&hl=en&requiredfields=tl%3Aes&callback=_callbacks____bjlhonfwj
[461:491:0831/073436.364055:VERBOSE1:network_delegate.cc(30)] NetworkDelegate::NotifyBeforeURLRequest: https://clients1.google.com/complete/search?q=12345&client=translate-web&ds=translate&hl=en&requiredfields=tl%3Aes&callback=_callbacks____bjlhonfwj
[461:491:0831/073436.364073:VERBOSE1:network_delegate.cc(30)] NetworkDelegate::NotifyBeforeURLRequest: https://clients1.google.com/complete/search?q=12345&client=translate-web&ds=translate&hl=en&requiredfields=tl%3Aes&callback=_callbacks____bjlhonfwj
[461:491:0831/073436.534990:VERBOSE1:network_delegate.cc(30)] NetworkDelegate::NotifyBeforeURLRequest: https://translate.google.com/translate_a/single?client=t&sl=en&tl=es&hl=en&dt=at&dt=bd&dt=ex&dt=ld&dt=md&dt=qca&dt=rw&dt=rm&dt=ss&dt=t&ie=UTF-8&oe=UTF-8&otf=1&ssel=0&tsel=0&kc=5&tk=742691.907124&q=12345
[461:491:0831/073436.535021:VERBOSE1:network_delegate.cc(30)] NetworkDelegate::NotifyBeforeURLRequest: https://translate.google.com/translate_a/single?client=t&sl=en&tl=es&hl=en&dt=at&dt=bd&dt=ex&dt=ld&dt=md&dt=qca&dt=rw&dt=rm&dt=ss&dt=t&ie=UTF-8&oe=UTF-8&otf=1&ssel=0&tsel=0&kc=5&tk=742691.907124&q=12345
[461:491:0831/073436.535042:VERBOSE1:network_delegate.cc(30)] NetworkDelegate::NotifyBeforeURLRequest: https://translate.google.com/translate_a/single?client=t&sl=en&tl=es&hl=en&dt=at&dt=bd&dt=ex&dt=ld&dt=md&dt=qca&dt=rw&dt=rm&dt=ss&dt=t&ie=UTF-8&oe=UTF-8&otf=1&ssel=0&tsel=0&kc=5&tk=742691.907124&q=12345
[461:491:0831/073436.544078:VERBOSE1:network_delegate.cc(30)] NetworkDelegate::NotifyBeforeURLRequest: https://translate.google.com/gen204?fq=sl=en,tl=es,ql=8,q=Teacher%2C,pc=0
[461:491:0831/073436.544101:VERBOSE1:network_delegate.cc(30)] NetworkDelegate::NotifyBeforeURLRequest: https://translate.google.com/gen204?fq=sl=en,tl=es,ql=8,q=Teacher%2C,pc=0
[461:491:0831/073436.544118:VERBOSE1:network_delegate.cc(30)] NetworkDelegate::NotifyBeforeURLRequest: https://translate.google.com/gen204?fq=sl=en,tl=es,ql=8,q=Teacher%2C,pc=0
[461:491:0831/073436.583613:VERBOSE1:network_delegate.cc(30)] NetworkDelegate::NotifyBeforeURLRequest: https://csi.gstatic.com/csi?v=3&s=translate&action=at&tran=15&p=s&npn=1&npnv=h2&sl=en&tl=es&size=5&e=17259,1500001,15700021,15700124,15700149,15700186,15700191,15700201&rt=prt.37,ol.37
[461:491:0831/073436.583644:VERBOSE1:network_delegate.cc(30)] NetworkDelegate::NotifyBeforeURLRequest: https://csi.gstatic.com/csi?v=3&s=translate&action=at&tran=15&p=s&npn=1&npnv=h2&sl=en&tl=es&size=5&e=17259,1500001,15700021,15700124,15700149,15700186,15700191,15700201&rt=prt.37,ol.37
[461:491:0831/073436.583671:VERBOSE1:network_delegate.cc(30)] NetworkDelegate::NotifyBeforeURLRequest: https://csi.gstatic.com/csi?v=3&s=translate&action=at&tran=15&p=s&npn=1&npnv=h2&sl=en&tl=es&size=5&e=17259,1500001,15700021,15700124,15700149,15700186,15700191,15700201&rt=prt.37,ol.37
