[0.995][INFO]: COMMAND InitSession {
   "desiredCapabilities": {
      "browserName": "chrome",
      "chromeOptions": {
         "args": [ "--disable-gpu", "--single-process", "--no-sandbox", "--data-path=/tmp/data-path", "--homedir=/tmp/homedir", "--disk-cache-dir=/tmp", "--disk-cache-size=1", "--media-cache-size=1", "--allow-file-access-from-files", "--enable-logging", "--v=1", "--disable-web-security", "--disable-extensions", "--ignore-certificate-errors", "--disable-ntp-most-likely-favicons-from-server", "--disable-ntp-popular-sites", "--window-size=1366,1024", "--disable-infobars", "--disable-dev-shm-usage", "..." ],
         "binary": "/tmp/chrome-lambda/chrome",
         "prefs": {
            "credentials_enable_service": false,
            "profile": {
               "password_manager_enabled": false
            }
         }
      },
      "count": 1
   }
}
[0.995][INFO]: Populating Preferences file: {
   "alternate_error_pages": {
      "enabled": false
   },
   "autofill": {
      "enabled": false
   },
   "browser": {
      "check_default_browser": false
   },
   "credentials_enable_service": false,
   "distribution": {
      "import_bookmarks": false,
      "import_history": false,
      "import_search_engine": false,
      "make_chrome_default_for_user": false,
      "show_welcome_page": false,
      "skip_first_run_ui": true
   },
   "dns_prefetching": {
      "enabled": false
   },
   "profile": {
      "password_manager_enabled": false
   },
   "safebrowsing": {
      "enabled": false
   },
   "search": {
      "suggest_enabled": false
   },
   "translate": {
      "enabled": false
   }
}
[0.995][INFO]: Populating Local State file: {
   "background_mode": {
      "enabled": false
   },
   "ssl": {
      "rev_checking": {
         "enabled": false
      }
   }
}
[0.996][INFO]: Launching chrome: /tmp/chrome-lambda/chrome --allow-file-access-from-files --data-path=/tmp/data-path --disable-background-networking --disable-browser-side-navigation --disable-client-side-phishing-detection --disable-default-apps --disable-dev-shm-usage --disable-extensions --disable-extensions-except=/tmp/.org.chromium.Chromium.e2Lytq/internal --disable-gpu --disable-hang-monitor --disable-infobars --disable-ntp-most-likely-favicons-from-server --disable-ntp-popular-sites --disable-popup-blocking --disable-prompt-on-repost --disable-sync --disable-web-resources --disable-web-security --disk-cache-dir=/tmp --disk-cache-size=1 --enable-automation --enable-logging --enable-precise-memory-info --force-fieldtrials=SiteIsolationExtensions/Control --homedir=/tmp/homedir --ignore-certificate-errors --log-level=0 --media-cache-size=1 --metrics-recording-only --no-first-run --no-sandbox --password-store=basic --remote-debugging-port=12923 --safebrowsing-disable-auto-update --single-process --test-type=webdriver --use-mock-keychain --user-data-dir=/tmp/.org.chromium.Chromium.QzjKdL --v=1 --window-size=1366,1024 data:,
[0.996][DEBUG]: DevTools request: http://localhost:12923/json/version
prctl(PR_SET_NO_NEW_PRIVS) failed
Xlib:  extension "RANDR" missing on display ":99".
[577:589:0831/073455.038265:ERROR:bus.cc(395)] Failed to connect to the bus: Failed to connect to socket /var/run/dbus/system_bus_socket: No such file or directory
Xlib:  extension "RANDR" missing on display ":99".

DevTools listening on ws://127.0.0.1:12923/devtools/browser/922d1d84-f7b5-4e48-8f03-b5a85f3bfa69
[1.780][SEVERE]: CreatePlatformSocket() returned an error, errno=1: Operation not permitted (1)
[1.797][DEBUG]: DevTools response: {
   "Browser": "Chrome/63.0.3239.84",
   "Protocol-Version": "1.2",
   "User-Agent": "Mozilla/5.0 (X11; Linux x86_64) AppleWebKit/537.36 (KHTML, like Gecko) Chrome/63.0.3239.84 Safari/537.36",
   "V8-Version": "6.3.292.46",
   "WebKit-Version": "537.36 (@0f53a5abc7a405fbe9f1cfd3db38f2092c8a7816)",
   "webSocketDebuggerUrl": "ws://localhost:12923/devtools/browser/922d1d84-f7b5-4e48-8f03-b5a85f3bfa69"
}

[1.800][DEBUG]: DevTools request: http://localhost:12923/json
[1.804][DEBUG]: DevTools response: [ {
   "description": "",
   "devtoolsFrontendUrl": "/devtools/inspector.html?ws=localhost:12923/devtools/page/(1E302E2C9F3D0EC71BF6E3B961CCE01C)",
   "id": "(1E302E2C9F3D0EC71BF6E3B961CCE01C)",
   "title": "",
   "type": "page",
   "url": "data:,",
   "webSocketDebuggerUrl": "ws://localhost:12923/devtools/page/(1E302E2C9F3D0EC71BF6E3B961CCE01C)"
} ]

[1.804][DEBUG]: DevTools request: http://localhost:12923/json
[1.804][DEBUG]: DevTools response: [ {
   "description": "",
   "devtoolsFrontendUrl": "/devtools/inspector.html?ws=localhost:12923/devtools/page/(1E302E2C9F3D0EC71BF6E3B961CCE01C)",
   "id": "(1E302E2C9F3D0EC71BF6E3B961CCE01C)",
   "title": "",
   "type": "page",
   "url": "data:,",
   "webSocketDebuggerUrl": "ws://localhost:12923/devtools/page/(1E302E2C9F3D0EC71BF6E3B961CCE01C)"
} ]

[1.805][INFO]: resolved localhost to ["127.0.0.1"]
[1.805][DEBUG]: DEVTOOLS COMMAND Log.enable (id=1) {

}
[1.805][DEBUG]: DEVTOOLS COMMAND DOM.getDocument (id=2) {

}
[1.805][DEBUG]: DEVTOOLS COMMAND Runtime.enable (id=3) {

}
[1.805][DEBUG]: DEVTOOLS COMMAND Page.enable (id=4) {

}
[1.806][DEBUG]: DEVTOOLS COMMAND Page.enable (id=5) {

}
[577:607:0831/073455.659696:ERROR:io_thread.cc(730)] Cannot use V8 Proxy resolver in single process mode.
[577:607:0831/073455.661691:ERROR:io_thread.cc(730)] Cannot use V8 Proxy resolver in single process mode.
[1.945][DEBUG]: DEVTOOLS RESPONSE Log.enable (id=1) {

}
[1.945][DEBUG]: DEVTOOLS RESPONSE DOM.getDocument (id=2) {
   "root": {
      "backendNodeId": 1,
      "baseURL": "about:blank",
      "childNodeCount": 1,
      "children": [ {
         "attributes": [  ],
         "backendNodeId": 2,
         "childNodeCount": 2,
         "children": [ {
            "attributes": [  ],
            "backendNodeId": 3,
            "childNodeCount": 0,
            "localName": "head",
            "nodeId": 3,
            "nodeName": "HEAD",
            "nodeType": 1,
            "nodeValue": "",
            "parentId": 2
         }, {
            "attributes": [  ],
            "backendNodeId": 4,
            "childNodeCount": 0,
            "localName": "body",
            "nodeId": 4,
            "nodeName": "BODY",
            "nodeType": 1,
            "nodeValue": "",
            "parentId": 2
         } ],
         "frameId": "(1E302E2C9F3D0EC71BF6E3B961CCE01C)",
         "localName": "html",
         "nodeId": 2,
         "nodeName": "HTML",
         "nodeType": 1,
         "nodeValue": "",
         "parentId": 1
      } ],
      "documentURL": "",
      "localName": "",
      "nodeId": 1,
      "nodeName": "#document",
      "nodeType": 9,
      "nodeValue": "",
      "xmlVersion": ""
   }
}
[1.946][DEBUG]: DEVTOOLS RESPONSE Runtime.enable (id=3) {

}
[1.946][DEBUG]: DEVTOOLS RESPONSE Page.enable (id=4) {

}
[1.946][DEBUG]: DEVTOOLS RESPONSE Page.enable (id=5) {

}
[1.946][DEBUG]: DEVTOOLS COMMAND Page.enable (id=6) {

}
[1.993][DEBUG]: DEVTOOLS EVENT Page.lifecycleEvent {
   "frameId": "(1E302E2C9F3D0EC71BF6E3B961CCE01C)",
   "name": "commit",
   "timestamp": 1997.61684
}
[1.993][DEBUG]: DEVTOOLS EVENT Page.frameNavigated {
   "frame": {
      "id": "(1E302E2C9F3D0EC71BF6E3B961CCE01C)",
      "loaderId": "577.1",
      "mimeType": "text/plain",
      "securityOrigin": "://",
      "url": "data:,"
   }
}
[1.993][DEBUG]: DEVTOOLS EVENT DOM.documentUpdated {

}
[1.994][DEBUG]: DEVTOOLS COMMAND DOM.getDocument (id=7) {

}
[1.994][DEBUG]: DEVTOOLS EVENT Runtime.executionContextCreated {
   "context": {
      "auxData": {
         "frameId": "(1E302E2C9F3D0EC71BF6E3B961CCE01C)",
         "isDefault": true
      },
      "id": 1,
      "name": "",
      "origin": "://"
   }
}
[1.994][DEBUG]: DEVTOOLS RESPONSE Page.enable (id=6) {

}
[2.013][DEBUG]: DEVTOOLS EVENT Page.loadEventFired {
   "timestamp": 1997.643102
}
[2.013][DEBUG]: DEVTOOLS EVENT Page.lifecycleEvent {
   "frameId": "(1E302E2C9F3D0EC71BF6E3B961CCE01C)",
   "name": "load",
   "timestamp": 1997.643102
}
[2.013][DEBUG]: DEVTOOLS EVENT Page.frameStoppedLoading {
   "frameId": "(1E302E2C9F3D0EC71BF6E3B961CCE01C)"
}
[2.013][DEBUG]: DEVTOOLS EVENT Page.domContentEventFired {
   "timestamp": 1997.643611
}
[2.013][DEBUG]: DEVTOOLS EVENT Page.lifecycleEvent {
   "frameId": "(1E302E2C9F3D0EC71BF6E3B961CCE01C)",
   "name": "DOMContentLoaded",
   "timestamp": 1997.643611
}
[2.014][DEBUG]: DEVTOOLS EVENT DOM.documentUpdated {

}
[2.014][DEBUG]: DEVTOOLS COMMAND DOM.getDocument (id=8) {

}
[2.038][DEBUG]: DEVTOOLS RESPONSE DOM.getDocument (id=7) {
   "root": {
      "backendNodeId": 5,
      "baseURL": "data:,",
      "childNodeCount": 1,
      "children": [ {
         "attributes": [  ],
         "backendNodeId": 6,
         "childNodeCount": 2,
         "children": [ {
            "attributes": [  ],
            "backendNodeId": 7,
            "childNodeCount": 0,
            "localName": "head",
            "nodeId": 7,
            "nodeName": "HEAD",
            "nodeType": 1,
            "nodeValue": "",
            "parentId": 6
         }, {
            "attributes": [  ],
            "backendNodeId": 8,
            "childNodeCount": 1,
            "localName": "body",
            "nodeId": 8,
            "nodeName": "BODY",
            "nodeType": 1,
            "nodeValue": "",
            "parentId": 6
         } ],
         "frameId": "(1E302E2C9F3D0EC71BF6E3B961CCE01C)",
         "localName": "html",
         "nodeId": 6,
         "nodeName": "HTML",
         "nodeType": 1,
         "nodeValue": "",
         "parentId": 5
      } ],
      "documentURL": "data:,",
      "localName": "",
      "nodeId": 5,
      "nodeName": "#document",
      "nodeType": 9,
      "nodeValue": "",
      "xmlVersion": ""
   }
}
[2.042][DEBUG]: DEVTOOLS RESPONSE DOM.getDocument (id=8) {
   "root": {
      "backendNodeId": 5,
      "baseURL": "data:,",
      "childNodeCount": 1,
      "children": [ {
         "attributes": [  ],
         "backendNodeId": 6,
         "childNodeCount": 2,
         "children": [ {
            "attributes": [  ],
            "backendNodeId": 7,
            "childNodeCount": 0,
            "localName": "head",
            "nodeId": 11,
            "nodeName": "HEAD",
            "nodeType": 1,
            "nodeValue": "",
            "parentId": 10
         }, {
            "attributes": [  ],
            "backendNodeId": 8,
            "childNodeCount": 1,
            "localName": "body",
            "nodeId": 12,
            "nodeName": "BODY",
            "nodeType": 1,
            "nodeValue": "",
            "parentId": 10
         } ],
         "frameId": "(1E302E2C9F3D0EC71BF6E3B961CCE01C)",
         "localName": "html",
         "nodeId": 10,
         "nodeName": "HTML",
         "nodeType": 1,
         "nodeValue": "",
         "parentId": 9
      } ],
      "documentURL": "data:,",
      "localName": "",
      "nodeId": 9,
      "nodeName": "#document",
      "nodeType": 9,
      "nodeValue": "",
      "xmlVersion": ""
   }
}
[2.042][DEBUG]: DEVTOOLS COMMAND Runtime.enable (id=9) {

}
[2.043][DEBUG]: DEVTOOLS RESPONSE Runtime.enable (id=9) {

}
[2.043][DEBUG]: DEVTOOLS COMMAND Runtime.evaluate (id=10) {
   "expression": "(function() { // Copyright (c) 2012 The Chromium Authors. All rights reserved.\n// Use of this source code is governed by a BSD-style license that can be\n// found in the LICENSE file.\n\n/**\n * Enum f...",
   "returnByValue": true
}
[2.063][DEBUG]: DEVTOOLS RESPONSE Runtime.evaluate (id=10) {
   "result": {
      "type": "object",
      "value": {
         "status": 0,
         "value": 1
      }
   }
}
[2.063][INFO]: RESPONSE InitSession {
   "acceptSslCerts": true,
   "applicationCacheEnabled": false,
   "browserConnectionEnabled": false,
   "browserName": "chrome",
   "chrome": {
      "chromedriverVersion": "2.33.506092 (733a02544d189eeb751fe0d7ddca79a0ee28cce4)",
      "userDataDir": "/tmp/.org.chromium.Chromium.QzjKdL"
   },
   "cssSelectorsEnabled": true,
   "databaseEnabled": false,
   "handlesAlerts": true,
   "hasTouchScreen": false,
   "javascriptEnabled": true,
   "locationContextEnabled": true,
   "mobileEmulationEnabled": false,
   "nativeEvents": true,
   "networkConnectionEnabled": false,
   "pageLoadStrategy": "normal",
   "platform": "Linux",
   "rotatable": false,
   "setWindowRect": true,
   "takesHeapSnapshot": true,
   "~~~": "..."
}
[2.139][INFO]: COMMAND SetTimeout {
   "script": 11000
}
[2.141][INFO]: RESPONSE SetTimeout unknown error: 'ms' must be a double
  (Session info: chrome=63.0.3239.84)
[2.174][INFO]: COMMAND SetTimeout {
   "ms": 11000,
   "type": "script"
}
[2.174][INFO]: RESPONSE SetTimeout
[3.173][INFO]: COMMAND SetTimeout {
   "pageLoad": 30000
}
[3.176][INFO]: RESPONSE SetTimeout unknown error: 'ms' must be a double
  (Session info: chrome=63.0.3239.84)
[3.196][INFO]: COMMAND SetTimeout {
   "ms": 30000,
   "type": "page load"
}
[3.196][INFO]: RESPONSE SetTimeout
[3.221][INFO]: COMMAND Navigate {
   "url": "https://translate.google.com/#en/es/Osteopath"
}
[3.221][INFO]: Waiting for pending navigations...
[3.221][DEBUG]: DEVTOOLS COMMAND Runtime.evaluate (id=11) {
   "expression": "1"
}
[3.223][DEBUG]: DEVTOOLS EVENT Page.lifecycleEvent {
   "frameId": "(1E302E2C9F3D0EC71BF6E3B961CCE01C)",
   "name": "networkAlmostIdle",
   "timestamp": 1997.643632
}
[3.223][DEBUG]: DEVTOOLS EVENT Page.lifecycleEvent {
   "frameId": "(1E302E2C9F3D0EC71BF6E3B961CCE01C)",
   "name": "networkIdle",
   "timestamp": 1997.643632
}
[3.223][DEBUG]: DEVTOOLS RESPONSE Runtime.evaluate (id=11) {
   "result": {
      "description": "1",
      "type": "number",
      "value": 1
   }
}
[3.223][INFO]: Done waiting for pending navigations. Status: ok
[3.223][DEBUG]: DEVTOOLS COMMAND Page.navigate (id=12) {
   "url": "https://translate.google.com/#en/es/Osteopath"
}
[3.235][DEBUG]: DEVTOOLS EVENT Page.frameStartedLoading {
   "frameId": "(1E302E2C9F3D0EC71BF6E3B961CCE01C)"
}
[3.236][DEBUG]: DEVTOOLS RESPONSE Page.navigate (id=12) {
   "frameId": "(1E302E2C9F3D0EC71BF6E3B961CCE01C)"
}
[3.236][INFO]: Waiting for pending navigations...
[3.236][DEBUG]: DEVTOOLS COMMAND Runtime.evaluate (id=13) {
   "expression": "1"
}
[3.238][DEBUG]: DEVTOOLS RESPONSE Runtime.evaluate (id=13) {
   "result": {
      "description": "1",
      "type": "number",
      "value": 1
   }
}
[3.399][DEBUG]: DEVTOOLS EVENT Runtime.executionContextDestroyed {
   "executionContextId": 1
}
[3.399][DEBUG]: DEVTOOLS EVENT Runtime.executionContextsCleared {

}
[3.399][DEBUG]: DEVTOOLS EVENT Page.lifecycleEvent {
   "frameId": "(1E302E2C9F3D0EC71BF6E3B961CCE01C)",
   "name": "commit",
   "timestamp": 1999.042537
}
[3.399][DEBUG]: DEVTOOLS EVENT Page.frameNavigated {
   "frame": {
      "id": "(1E302E2C9F3D0EC71BF6E3B961CCE01C)",
      "loaderId": "577.2",
      "mimeType": "text/html",
      "securityOrigin": "https://translate.google.com",
      "url": "https://translate.google.com/"
   }
}
[3.399][DEBUG]: DEVTOOLS EVENT Runtime.executionContextCreated {
   "context": {
      "auxData": {
         "frameId": "(1E302E2C9F3D0EC71BF6E3B961CCE01C)",
         "isDefault": true
      },
      "id": 3,
      "name": "",
      "origin": "https://translate.google.com"
   }
}
[3.399][DEBUG]: DEVTOOLS EVENT DOM.documentUpdated {

}
[3.399][DEBUG]: DEVTOOLS COMMAND DOM.getDocument (id=14) {

}
[3.514][DEBUG]: DEVTOOLS RESPONSE DOM.getDocument (id=14) {
   "root": {
      "backendNodeId": 10,
      "baseURL": "https://translate.google.com/#en/es/Osteopath",
      "childNodeCount": 2,
      "children": [ {
         "backendNodeId": 11,
         "localName": "",
         "nodeId": 14,
         "nodeName": "html",
         "nodeType": 10,
         "nodeValue": "",
         "parentId": 13,
         "publicId": "",
         "systemId": ""
      }, {
         "attributes": [  ],
         "backendNodeId": 12,
         "childNodeCount": 1,
         "children": [ {
            "attributes": [  ],
            "backendNodeId": 13,
            "childNodeCount": 18,
            "localName": "head",
            "nodeId": 16,
            "nodeName": "HEAD",
            "nodeType": 1,
            "nodeValue": "",
            "parentId": 15
         } ],
         "frameId": "(1E302E2C9F3D0EC71BF6E3B961CCE01C)",
         "localName": "html",
         "nodeId": 15,
         "nodeName": "HTML",
         "nodeType": 1,
         "nodeValue": "",
         "parentId": 13
      } ],
      "documentURL": "https://translate.google.com/#en/es/Osteopath",
      "localName": "",
      "nodeId": 13,
      "nodeName": "#document",
      "nodeType": 9,
      "nodeValue": "",
      "xmlVersion": ""
   }
}
[3.514][DEBUG]: DEVTOOLS COMMAND Runtime.evaluate (id=15) {
   "expression": "1"
}
[3.640][DEBUG]: DEVTOOLS EVENT DOM.childNodeCountUpdated {
   "childNodeCount": 19,
   "nodeId": 16
}
[3.640][DEBUG]: DEVTOOLS EVENT DOM.childNodeCountUpdated {
   "childNodeCount": 20,
   "nodeId": 16
}
[3.640][DEBUG]: DEVTOOLS EVENT DOM.childNodeCountUpdated {
   "childNodeCount": 21,
   "nodeId": 16
}
[3.640][DEBUG]: DEVTOOLS EVENT DOM.childNodeCountUpdated {
   "childNodeCount": 22,
   "nodeId": 16
}
[3.640][DEBUG]: DEVTOOLS EVENT DOM.childNodeInserted {
   "node": {
      "attributes": [ "dir", "ltr", "onload", "window.jstiming.load['tick']('ol');", "class", "e_md nj pre-epu" ],
      "backendNodeId": 14,
      "childNodeCount": 0,
      "localName": "body",
      "nodeId": 17,
      "nodeName": "BODY",
      "nodeType": 1,
      "nodeValue": ""
   },
   "parentNodeId": 15,
   "previousNodeId": 16
}
[3.640][DEBUG]: DEVTOOLS EVENT DOM.childNodeCountUpdated {
   "childNodeCount": 1,
   "nodeId": 17
}
[3.640][DEBUG]: DEVTOOLS EVENT DOM.childNodeCountUpdated {
   "childNodeCount": 2,
   "nodeId": 17
}
[3.640][DEBUG]: DEVTOOLS RESPONSE Runtime.evaluate (id=15) {
   "result": {
      "description": "1",
      "type": "number",
      "value": 1
   }
}
[3.693][DEBUG]: DEVTOOLS EVENT DOM.childNodeCountUpdated {
   "childNodeCount": 3,
   "nodeId": 17
}
[3.693][DEBUG]: DEVTOOLS EVENT DOM.attributeModified {
   "name": "class",
   "nodeId": 17,
   "value": "e_md  pre-epu"
}
[3.693][DEBUG]: DEVTOOLS EVENT DOM.childNodeCountUpdated {
   "childNodeCount": 4,
   "nodeId": 17
}
[3.693][DEBUG]: DEVTOOLS COMMAND Runtime.evaluate (id=16) {
   "expression": "1"
}
[3.792][DEBUG]: DEVTOOLS EVENT Page.lifecycleEvent {
   "frameId": "(1E302E2C9F3D0EC71BF6E3B961CCE01C)",
   "name": "firstPaint",
   "timestamp": 1999.325389
}
[3.792][DEBUG]: DEVTOOLS EVENT Page.lifecycleEvent {
   "frameId": "(1E302E2C9F3D0EC71BF6E3B961CCE01C)",
   "name": "firstContentfulPaint",
   "timestamp": 1999.325394
}
[3.793][DEBUG]: DEVTOOLS EVENT Page.lifecycleEvent {
   "frameId": "(1E302E2C9F3D0EC71BF6E3B961CCE01C)",
   "name": "firstTextPaint",
   "timestamp": 1999.325396
}
[3.793][DEBUG]: DEVTOOLS EVENT Page.lifecycleEvent {
   "frameId": "(1E302E2C9F3D0EC71BF6E3B961CCE01C)",
   "name": "firstImagePaint",
   "timestamp": 1999.325397
}
[3.793][DEBUG]: DEVTOOLS EVENT Page.lifecycleEvent {
   "frameId": "(1E302E2C9F3D0EC71BF6E3B961CCE01C)",
   "name": "firstMeaningfulPaintCandidate",
   "timestamp": 1999.325398
}
[3.793][DEBUG]: DEVTOOLS RESPONSE Runtime.evaluate (id=16) {
   "result": {
      "description": "1",
      "type": "number",
      "value": 1
   }
}
[4.436][DEBUG]: DEVTOOLS EVENT DOM.attributeModified {
   "name": "class",
   "nodeId": 17,
   "value": "e_md pre-epu"
}
[4.436][DEBUG]: DEVTOOLS COMMAND Runtime.evaluate (id=17) {
   "expression": "1"
}
[4.436][DEBUG]: DEVTOOLS EVENT DOM.childNodeCountUpdated {
   "childNodeCount": 5,
   "nodeId": 17
}
[4.453][DEBUG]: DEVTOOLS EVENT DOM.childNodeCountUpdated {
   "childNodeCount": 4,
   "nodeId": 17
}
[4.453][DEBUG]: DEVTOOLS EVENT DOM.childNodeCountUpdated {
   "childNodeCount": 5,
   "nodeId": 17
}
[4.453][DEBUG]: DEVTOOLS EVENT DOM.childNodeCountUpdated {
   "childNodeCount": 6,
   "nodeId": 17
}
[4.453][DEBUG]: DEVTOOLS EVENT DOM.childNodeCountUpdated {
   "childNodeCount": 7,
   "nodeId": 17
}
[4.453][DEBUG]: DEVTOOLS EVENT DOM.childNodeCountUpdated {
   "childNodeCount": 8,
   "nodeId": 17
}
[4.453][DEBUG]: DEVTOOLS EVENT DOM.childNodeCountUpdated {
   "childNodeCount": 7,
   "nodeId": 17
}
[4.453][DEBUG]: DEVTOOLS EVENT DOM.childNodeCountUpdated {
   "childNodeCount": 6,
   "nodeId": 17
}
[4.453][DEBUG]: DEVTOOLS EVENT DOM.childNodeCountUpdated {
   "childNodeCount": 7,
   "nodeId": 17
}
[4.453][DEBUG]: DEVTOOLS EVENT DOM.childNodeCountUpdated {
   "childNodeCount": 8,
   "nodeId": 17
}
[4.453][DEBUG]: DEVTOOLS EVENT DOM.childNodeCountUpdated {
   "childNodeCount": 9,
   "nodeId": 17
}
[4.453][DEBUG]: DEVTOOLS EVENT DOM.childNodeCountUpdated {
   "childNodeCount": 10,
   "nodeId": 17
}
[4.453][DEBUG]: DEVTOOLS EVENT DOM.childNodeCountUpdated {
   "childNodeCount": 11,
   "nodeId": 17
}
[4.454][DEBUG]: DEVTOOLS EVENT DOM.childNodeCountUpdated {
   "childNodeCount": 12,
   "nodeId": 17
}
[4.454][DEBUG]: DEVTOOLS EVENT DOM.childNodeCountUpdated {
   "childNodeCount": 13,
   "nodeId": 17
}
[4.454][DEBUG]: DEVTOOLS EVENT DOM.childNodeCountUpdated {
   "childNodeCount": 14,
   "nodeId": 17
}
[4.454][DEBUG]: DEVTOOLS EVENT DOM.childNodeCountUpdated {
   "childNodeCount": 15,
   "nodeId": 17
}
[4.454][DEBUG]: DEVTOOLS EVENT DOM.childNodeCountUpdated {
   "childNodeCount": 14,
   "nodeId": 17
}
[4.454][DEBUG]: DEVTOOLS EVENT DOM.childNodeCountUpdated {
   "childNodeCount": 13,
   "nodeId": 17
}
[4.454][DEBUG]: DEVTOOLS EVENT DOM.childNodeCountUpdated {
   "childNodeCount": 14,
   "nodeId": 17
}
[4.454][DEBUG]: DEVTOOLS EVENT DOM.childNodeCountUpdated {
   "childNodeCount": 23,
   "nodeId": 16
}
[4.454][DEBUG]: DEVTOOLS EVENT DOM.childNodeCountUpdated {
   "childNodeCount": 15,
   "nodeId": 17
}
[4.454][DEBUG]: DEVTOOLS EVENT DOM.childNodeCountUpdated {
   "childNodeCount": 14,
   "nodeId": 17
}
[4.454][DEBUG]: DEVTOOLS EVENT DOM.childNodeCountUpdated {
   "childNodeCount": 15,
   "nodeId": 17
}
[4.454][DEBUG]: DEVTOOLS EVENT DOM.childNodeCountUpdated {
   "childNodeCount": 14,
   "nodeId": 17
}
[4.454][DEBUG]: DEVTOOLS EVENT DOM.childNodeCountUpdated {
   "childNodeCount": 15,
   "nodeId": 17
}
[4.454][DEBUG]: DEVTOOLS EVENT DOM.childNodeCountUpdated {
   "childNodeCount": 14,
   "nodeId": 17
}
[4.454][DEBUG]: DEVTOOLS EVENT DOM.childNodeCountUpdated {
   "childNodeCount": 15,
   "nodeId": 17
}
[4.454][DEBUG]: DEVTOOLS EVENT DOM.childNodeCountUpdated {
   "childNodeCount": 14,
   "nodeId": 17
}
[4.454][DEBUG]: DEVTOOLS EVENT DOM.childNodeCountUpdated {
   "childNodeCount": 15,
   "nodeId": 17
}
[4.454][DEBUG]: DEVTOOLS EVENT DOM.childNodeCountUpdated {
   "childNodeCount": 14,
   "nodeId": 17
}
[4.454][DEBUG]: DEVTOOLS EVENT DOM.childNodeCountUpdated {
   "childNodeCount": 15,
   "nodeId": 17
}
[4.454][DEBUG]: DEVTOOLS EVENT DOM.childNodeCountUpdated {
   "childNodeCount": 14,
   "nodeId": 17
}
[4.454][DEBUG]: DEVTOOLS EVENT DOM.childNodeCountUpdated {
   "childNodeCount": 15,
   "nodeId": 17
}
[4.454][DEBUG]: DEVTOOLS EVENT DOM.childNodeCountUpdated {
   "childNodeCount": 14,
   "nodeId": 17
}
[4.454][DEBUG]: DEVTOOLS EVENT DOM.childNodeCountUpdated {
   "childNodeCount": 15,
   "nodeId": 17
}
[4.454][DEBUG]: DEVTOOLS EVENT DOM.childNodeCountUpdated {
   "childNodeCount": 14,
   "nodeId": 17
}
[4.454][DEBUG]: DEVTOOLS EVENT DOM.childNodeCountUpdated {
   "childNodeCount": 15,
   "nodeId": 17
}
[4.454][DEBUG]: DEVTOOLS EVENT DOM.childNodeCountUpdated {
   "childNodeCount": 14,
   "nodeId": 17
}
[4.454][DEBUG]: DEVTOOLS EVENT DOM.childNodeCountUpdated {
   "childNodeCount": 15,
   "nodeId": 17
}
[4.454][DEBUG]: DEVTOOLS EVENT DOM.childNodeCountUpdated {
   "childNodeCount": 14,
   "nodeId": 17
}
[4.454][DEBUG]: DEVTOOLS EVENT DOM.childNodeCountUpdated {
   "childNodeCount": 15,
   "nodeId": 17
}
[4.454][DEBUG]: DEVTOOLS EVENT DOM.childNodeCountUpdated {
   "childNodeCount": 14,
   "nodeId": 17
}
[4.454][DEBUG]: DEVTOOLS EVENT DOM.childNodeCountUpdated {
   "childNodeCount": 15,
   "nodeId": 17
}
[4.454][DEBUG]: DEVTOOLS EVENT DOM.childNodeCountUpdated {
   "childNodeCount": 14,
   "nodeId": 17
}
[4.454][DEBUG]: DEVTOOLS EVENT DOM.childNodeCountUpdated {
   "childNodeCount": 15,
   "nodeId": 17
}
[4.454][DEBUG]: DEVTOOLS EVENT DOM.childNodeCountUpdated {
   "childNodeCount": 14,
   "nodeId": 17
}
[4.454][DEBUG]: DEVTOOLS EVENT DOM.childNodeCountUpdated {
   "childNodeCount": 15,
   "nodeId": 17
}
[4.454][DEBUG]: DEVTOOLS EVENT DOM.childNodeCountUpdated {
   "childNodeCount": 14,
   "nodeId": 17
}
[4.455][DEBUG]: DEVTOOLS EVENT DOM.childNodeCountUpdated {
   "childNodeCount": 15,
   "nodeId": 17
}
[4.455][DEBUG]: DEVTOOLS EVENT DOM.childNodeCountUpdated {
   "childNodeCount": 14,
   "nodeId": 17
}
[4.455][DEBUG]: DEVTOOLS EVENT DOM.childNodeCountUpdated {
   "childNodeCount": 15,
   "nodeId": 17
}
[4.455][DEBUG]: DEVTOOLS EVENT DOM.childNodeCountUpdated {
   "childNodeCount": 14,
   "nodeId": 17
}
[4.455][DEBUG]: DEVTOOLS EVENT DOM.childNodeCountUpdated {
   "childNodeCount": 24,
   "nodeId": 16
}
[4.456][DEBUG]: DEVTOOLS EVENT DOM.childNodeCountUpdated {
   "childNodeCount": 25,
   "nodeId": 16
}
[4.456][DEBUG]: DEVTOOLS EVENT DOM.childNodeCountUpdated {
   "childNodeCount": 26,
   "nodeId": 16
}
[4.456][DEBUG]: DEVTOOLS EVENT DOM.childNodeCountUpdated {
   "childNodeCount": 15,
   "nodeId": 17
}
[4.456][DEBUG]: DEVTOOLS EVENT DOM.childNodeCountUpdated {
   "childNodeCount": 14,
   "nodeId": 17
}
[4.487][DEBUG]: DEVTOOLS EVENT Page.lifecycleEvent {
   "frameId": "(1E302E2C9F3D0EC71BF6E3B961CCE01C)",
   "name": "firstMeaningfulPaintCandidate",
   "timestamp": 1999.629982
}
[4.581][DEBUG]: DEVTOOLS EVENT Page.domContentEventFired {
   "timestamp": 2000.22044
}
[4.581][DEBUG]: DEVTOOLS EVENT Page.lifecycleEvent {
   "frameId": "(1E302E2C9F3D0EC71BF6E3B961CCE01C)",
   "name": "DOMContentLoaded",
   "timestamp": 2000.22044
}
[4.581][DEBUG]: DEVTOOLS EVENT DOM.documentUpdated {

}
[4.581][DEBUG]: DEVTOOLS COMMAND DOM.getDocument (id=18) {

}
[4.607][DEBUG]: DEVTOOLS RESPONSE Runtime.evaluate (id=17) {
   "result": {
      "description": "1",
      "type": "number",
      "value": 1
   }
}
[4.676][DEBUG]: DEVTOOLS RESPONSE DOM.getDocument (id=18) {
   "root": {
      "backendNodeId": 10,
      "baseURL": "https://translate.google.com/#en/es/Osteopath",
      "childNodeCount": 2,
      "children": [ {
         "backendNodeId": 11,
         "localName": "",
         "nodeId": 19,
         "nodeName": "html",
         "nodeType": 10,
         "nodeValue": "",
         "parentId": 18,
         "publicId": "",
         "systemId": ""
      }, {
         "attributes": [  ],
         "backendNodeId": 12,
         "childNodeCount": 2,
         "children": [ {
            "attributes": [  ],
            "backendNodeId": 13,
            "childNodeCount": 26,
            "localName": "head",
            "nodeId": 21,
            "nodeName": "HEAD",
            "nodeType": 1,
            "nodeValue": "",
            "parentId": 20
         }, {
            "attributes": [ "dir", "ltr", "onload", "window.jstiming.load['tick']('ol');", "class", "e_md pre-epu" ],
            "backendNodeId": 14,
            "childNodeCount": 14,
            "localName": "body",
            "nodeId": 22,
            "nodeName": "BODY",
            "nodeType": 1,
            "nodeValue": "",
            "parentId": 20
         } ],
         "frameId": "(1E302E2C9F3D0EC71BF6E3B961CCE01C)",
         "localName": "html",
         "nodeId": 20,
         "nodeName": "HTML",
         "nodeType": 1,
         "nodeValue": "",
         "parentId": 18
      } ],
      "documentURL": "https://translate.google.com/#en/es/Osteopath",
      "localName": "",
      "nodeId": 18,
      "nodeName": "#document",
      "nodeType": 9,
      "nodeValue": "",
      "xmlVersion": ""
   }
}
[5.432][DEBUG]: DEVTOOLS EVENT DOM.childNodeCountUpdated {
   "childNodeCount": 27,
   "nodeId": 21
}
[5.432][DEBUG]: DEVTOOLS COMMAND Runtime.evaluate (id=19) {
   "expression": "1"
}
[5.433][DEBUG]: DEVTOOLS EVENT DOM.childNodeCountUpdated {
   "childNodeCount": 28,
   "nodeId": 21
}
[5.433][DEBUG]: DEVTOOLS EVENT DOM.childNodeCountUpdated {
   "childNodeCount": 15,
   "nodeId": 22
}
[5.434][DEBUG]: DEVTOOLS EVENT DOM.childNodeCountUpdated {
   "childNodeCount": 14,
   "nodeId": 22
}
[5.473][DEBUG]: DEVTOOLS RESPONSE Runtime.evaluate (id=19) {
   "result": {
      "description": "1",
      "type": "number",
      "value": 1
   }
}
[5.653][DEBUG]: DEVTOOLS EVENT DOM.childNodeCountUpdated {
   "childNodeCount": 29,
   "nodeId": 21
}
[5.653][DEBUG]: DEVTOOLS COMMAND Runtime.evaluate (id=20) {
   "expression": "1"
}
[5.654][DEBUG]: DEVTOOLS EVENT DOM.childNodeCountUpdated {
   "childNodeCount": 15,
   "nodeId": 22
}
[5.654][DEBUG]: DEVTOOLS EVENT DOM.childNodeCountUpdated {
   "childNodeCount": 16,
   "nodeId": 22
}
[5.654][DEBUG]: DEVTOOLS EVENT DOM.childNodeCountUpdated {
   "childNodeCount": 17,
   "nodeId": 22
}
[5.654][DEBUG]: DEVTOOLS EVENT DOM.childNodeCountUpdated {
   "childNodeCount": 18,
   "nodeId": 22
}
[5.654][DEBUG]: DEVTOOLS EVENT DOM.childNodeCountUpdated {
   "childNodeCount": 19,
   "nodeId": 22
}
[5.654][DEBUG]: DEVTOOLS EVENT DOM.childNodeCountUpdated {
   "childNodeCount": 30,
   "nodeId": 21
}
[5.654][DEBUG]: DEVTOOLS EVENT DOM.childNodeCountUpdated {
   "childNodeCount": 20,
   "nodeId": 22
}
[5.654][DEBUG]: DEVTOOLS EVENT DOM.childNodeCountUpdated {
   "childNodeCount": 21,
   "nodeId": 22
}
[5.654][DEBUG]: DEVTOOLS EVENT DOM.childNodeCountUpdated {
   "childNodeCount": 20,
   "nodeId": 22
}
[5.654][DEBUG]: DEVTOOLS EVENT DOM.childNodeCountUpdated {
   "childNodeCount": 19,
   "nodeId": 22
}
[5.654][DEBUG]: DEVTOOLS EVENT DOM.childNodeCountUpdated {
   "childNodeCount": 20,
   "nodeId": 22
}
[5.654][DEBUG]: DEVTOOLS EVENT DOM.childNodeCountUpdated {
   "childNodeCount": 31,
   "nodeId": 21
}
[5.654][DEBUG]: DEVTOOLS EVENT DOM.childNodeCountUpdated {
   "childNodeCount": 32,
   "nodeId": 21
}
[5.676][DEBUG]: DEVTOOLS RESPONSE Runtime.evaluate (id=20) {
   "result": {
      "description": "1",
      "type": "number",
      "value": 1
   }
}
[5.807][DEBUG]: DEVTOOLS EVENT DOM.childNodeCountUpdated {
   "childNodeCount": 21,
   "nodeId": 22
}
[5.807][DEBUG]: DEVTOOLS COMMAND Runtime.evaluate (id=21) {
   "expression": "1"
}
[5.834][DEBUG]: DEVTOOLS RESPONSE Runtime.evaluate (id=21) {
   "result": {
      "description": "1",
      "type": "number",
      "value": 1
   }
}
[5.841][DEBUG]: DEVTOOLS EVENT Page.loadEventFired {
   "timestamp": 2001.501404
}
[5.841][DEBUG]: DEVTOOLS COMMAND Runtime.evaluate (id=22) {
   "expression": "1"
}
[5.854][DEBUG]: DEVTOOLS EVENT Page.lifecycleEvent {
   "frameId": "(1E302E2C9F3D0EC71BF6E3B961CCE01C)",
   "name": "load",
   "timestamp": 2001.501404
}
[5.854][DEBUG]: DEVTOOLS EVENT Page.frameStoppedLoading {
   "frameId": "(1E302E2C9F3D0EC71BF6E3B961CCE01C)"
}
[5.854][DEBUG]: DEVTOOLS EVENT Page.lifecycleEvent {
   "frameId": "(1E302E2C9F3D0EC71BF6E3B961CCE01C)",
   "name": "firstMeaningfulPaintCandidate",
   "timestamp": 2001.501839
}
[5.873][DEBUG]: DEVTOOLS RESPONSE Runtime.evaluate (id=22) {
   "result": {
      "description": "1",
      "type": "number",
      "value": 1
   }
}
[5.873][INFO]: Done waiting for pending navigations. Status: ok
[5.873][INFO]: RESPONSE Navigate
[5.899][INFO]: COMMAND FindElements {
   "using": "css selector",
   "value": "#gt-src-c"
}
[5.899][INFO]: Waiting for pending navigations...
[5.899][DEBUG]: DEVTOOLS COMMAND Runtime.evaluate (id=23) {
   "expression": "1"
}
[5.916][DEBUG]: DEVTOOLS RESPONSE Runtime.evaluate (id=23) {
   "result": {
      "description": "1",
      "type": "number",
      "value": 1
   }
}
[5.916][INFO]: Done waiting for pending navigations. Status: ok
[5.919][DEBUG]: DEVTOOLS COMMAND Runtime.evaluate (id=24) {
   "expression": "(function() { // Copyright (c) 2012 The Chromium Authors. All rights reserved.\n// Use of this source code is governed by a BSD-style license that can be\n// found in the LICENSE file.\n\n/**\n * Enum f...",
   "returnByValue": true
}
[5.943][DEBUG]: DEVTOOLS RESPONSE Runtime.evaluate (id=24) {
   "result": {
      "type": "object",
      "value": {
         "status": 0,
         "value": [ {
            "ELEMENT": "0.924774150118993-1"
         } ]
      }
   }
}
[5.943][INFO]: Waiting for pending navigations...
[5.943][DEBUG]: DEVTOOLS COMMAND Runtime.evaluate (id=25) {
   "expression": "1"
}
[5.944][DEBUG]: DEVTOOLS RESPONSE Runtime.evaluate (id=25) {
   "result": {
      "description": "1",
      "type": "number",
      "value": 1
   }
}
[5.944][INFO]: Done waiting for pending navigations. Status: ok
[5.944][INFO]: RESPONSE FindElements [ {
   "ELEMENT": "0.924774150118993-1"
} ]
[5.960][INFO]: COMMAND IsElementDisplayed {
   "id": "0.924774150118993-1"
}
[5.960][INFO]: Waiting for pending navigations...
[5.961][DEBUG]: DEVTOOLS COMMAND Runtime.evaluate (id=26) {
   "expression": "1"
}
[5.977][DEBUG]: DEVTOOLS RESPONSE Runtime.evaluate (id=26) {
   "result": {
      "description": "1",
      "type": "number",
      "value": 1
   }
}
[5.977][INFO]: Done waiting for pending navigations. Status: ok
[5.980][DEBUG]: DEVTOOLS COMMAND Runtime.evaluate (id=27) {
   "expression": "(function() { // Copyright (c) 2012 The Chromium Authors. All rights reserved.\n// Use of this source code is governed by a BSD-style license that can be\n// found in the LICENSE file.\n\n/**\n * Enum f...",
   "returnByValue": true
}
[6.021][DEBUG]: DEVTOOLS RESPONSE Runtime.evaluate (id=27) {
   "result": {
      "type": "object",
      "value": {
         "status": 0,
         "value": true
      }
   }
}
[6.021][INFO]: Waiting for pending navigations...
[6.021][DEBUG]: DEVTOOLS COMMAND Runtime.evaluate (id=28) {
   "expression": "1"
}
[6.024][DEBUG]: DEVTOOLS RESPONSE Runtime.evaluate (id=28) {
   "result": {
      "description": "1",
      "type": "number",
      "value": 1
   }
}
[6.024][INFO]: Done waiting for pending navigations. Status: ok
[6.024][INFO]: RESPONSE IsElementDisplayed true
[6.035][INFO]: COMMAND FindChildElements {
   "id": "0.924774150118993-1",
   "using": "css selector",
   "value": "textarea#source"
}
[6.035][INFO]: Waiting for pending navigations...
[6.035][DEBUG]: DEVTOOLS COMMAND Runtime.evaluate (id=29) {
   "expression": "1"
}
[6.036][DEBUG]: DEVTOOLS RESPONSE Runtime.evaluate (id=29) {
   "result": {
      "description": "1",
      "type": "number",
      "value": 1
   }
}
[6.036][INFO]: Done waiting for pending navigations. Status: ok
[6.038][DEBUG]: DEVTOOLS COMMAND Runtime.evaluate (id=30) {
   "expression": "(function() { // Copyright (c) 2012 The Chromium Authors. All rights reserved.\n// Use of this source code is governed by a BSD-style license that can be\n// found in the LICENSE file.\n\n/**\n * Enum f...",
   "returnByValue": true
}
[6.061][DEBUG]: DEVTOOLS RESPONSE Runtime.evaluate (id=30) {
   "result": {
      "type": "object",
      "value": {
         "status": 0,
         "value": [ {
            "ELEMENT": "0.924774150118993-2"
         } ]
      }
   }
}
[6.061][INFO]: Waiting for pending navigations...
[6.061][DEBUG]: DEVTOOLS COMMAND Runtime.evaluate (id=31) {
   "expression": "1"
}
[6.063][DEBUG]: DEVTOOLS RESPONSE Runtime.evaluate (id=31) {
   "result": {
      "description": "1",
      "type": "number",
      "value": 1
   }
}
[6.063][INFO]: Done waiting for pending navigations. Status: ok
[6.063][INFO]: RESPONSE FindChildElements [ {
   "ELEMENT": "0.924774150118993-2"
} ]
[6.078][INFO]: COMMAND IsElementDisplayed {
   "id": "0.924774150118993-2"
}
[6.078][INFO]: Waiting for pending navigations...
[6.078][DEBUG]: DEVTOOLS COMMAND Runtime.evaluate (id=32) {
   "expression": "1"
}
[6.093][DEBUG]: DEVTOOLS RESPONSE Runtime.evaluate (id=32) {
   "result": {
      "description": "1",
      "type": "number",
      "value": 1
   }
}
[6.094][INFO]: Done waiting for pending navigations. Status: ok
[6.096][DEBUG]: DEVTOOLS COMMAND Runtime.evaluate (id=33) {
   "expression": "(function() { // Copyright (c) 2012 The Chromium Authors. All rights reserved.\n// Use of this source code is governed by a BSD-style license that can be\n// found in the LICENSE file.\n\n/**\n * Enum f...",
   "returnByValue": true
}
[6.136][DEBUG]: DEVTOOLS RESPONSE Runtime.evaluate (id=33) {
   "result": {
      "type": "object",
      "value": {
         "status": 0,
         "value": true
      }
   }
}
[6.136][INFO]: Waiting for pending navigations...
[6.136][DEBUG]: DEVTOOLS COMMAND Runtime.evaluate (id=34) {
   "expression": "1"
}
[6.136][DEBUG]: DEVTOOLS RESPONSE Runtime.evaluate (id=34) {
   "result": {
      "description": "1",
      "type": "number",
      "value": 1
   }
}
[6.136][INFO]: Done waiting for pending navigations. Status: ok
[6.136][INFO]: RESPONSE IsElementDisplayed true
[6.143][INFO]: COMMAND ClearElement {
   "id": "0.924774150118993-2"
}
[6.143][INFO]: Waiting for pending navigations...
[6.143][DEBUG]: DEVTOOLS COMMAND Runtime.evaluate (id=35) {
   "expression": "1"
}
[6.154][DEBUG]: DEVTOOLS RESPONSE Runtime.evaluate (id=35) {
   "result": {
      "description": "1",
      "type": "number",
      "value": 1
   }
}
[6.154][INFO]: Done waiting for pending navigations. Status: ok
[6.156][DEBUG]: DEVTOOLS COMMAND Runtime.evaluate (id=36) {
   "expression": "(function() { // Copyright (c) 2012 The Chromium Authors. All rights reserved.\n// Use of this source code is governed by a BSD-style license that can be\n// found in the LICENSE file.\n\n/**\n * Enum f...",
   "returnByValue": true
}
[6.180][DEBUG]: DEVTOOLS RESPONSE Runtime.evaluate (id=36) {
   "result": {
      "type": "object",
      "value": {
         "status": 0,
         "value": null
      }
   }
}
[6.180][INFO]: Waiting for pending navigations...
[6.180][DEBUG]: DEVTOOLS COMMAND Runtime.evaluate (id=37) {
   "expression": "1"
}
[6.183][DEBUG]: DEVTOOLS EVENT Page.lifecycleEvent {
   "frameId": "(1E302E2C9F3D0EC71BF6E3B961CCE01C)",
   "name": "firstMeaningfulPaint",
   "timestamp": 2001.501839
}
[6.183][DEBUG]: DEVTOOLS RESPONSE Runtime.evaluate (id=37) {
   "result": {
      "description": "1",
      "type": "number",
      "value": 1
   }
}
[6.183][INFO]: Done waiting for pending navigations. Status: ok
[6.183][INFO]: RESPONSE ClearElement
[6.211][INFO]: COMMAND TypeElement {
   "id": "0.924774150118993-2",
   "text": "12345",
   "value": [ "1", "2", "3", "4", "5" ]
}
[6.211][INFO]: Waiting for pending navigations...
[6.211][DEBUG]: DEVTOOLS COMMAND Runtime.evaluate (id=38) {
   "expression": "1"
}
[6.221][DEBUG]: DEVTOOLS RESPONSE Runtime.evaluate (id=38) {
   "result": {
      "description": "1",
      "type": "number",
      "value": 1
   }
}
[6.221][INFO]: Done waiting for pending navigations. Status: ok
[6.222][DEBUG]: DEVTOOLS COMMAND Runtime.evaluate (id=39) {
   "expression": "(function() { // Copyright (c) 2012 The Chromium Authors. All rights reserved.\n// Use of this source code is governed by a BSD-style license that can be\n// found in the LICENSE file.\n\n/**\n * Enum f...",
   "returnByValue": true
}
[6.230][DEBUG]: DEVTOOLS RESPONSE Runtime.evaluate (id=39) {
   "result": {
      "type": "object",
      "value": {
         "status": 0,
         "value": "TEXTAREA"
      }
   }
}
[6.230][DEBUG]: DEVTOOLS COMMAND Runtime.evaluate (id=40) {
   "expression": "(function() { // Copyright (c) 2012 The Chromium Authors. All rights reserved.\n// Use of this source code is governed by a BSD-style license that can be\n// found in the LICENSE file.\n\n/**\n * Enum f...",
   "returnByValue": true
}
[6.234][DEBUG]: DEVTOOLS RESPONSE Runtime.evaluate (id=40) {
   "result": {
      "type": "object",
      "value": {
         "status": 0,
         "value": "textarea"
      }
   }
}
[6.236][DEBUG]: DEVTOOLS COMMAND Runtime.evaluate (id=41) {
   "expression": "(function() { // Copyright (c) 2012 The Chromium Authors. All rights reserved.\n// Use of this source code is governed by a BSD-style license that can be\n// found in the LICENSE file.\n\n/**\n * Enum f...",
   "returnByValue": true
}
[6.254][DEBUG]: DEVTOOLS RESPONSE Runtime.evaluate (id=41) {
   "result": {
      "type": "object",
      "value": {
         "status": 0,
         "value": true
      }
   }
}
[6.255][DEBUG]: DEVTOOLS COMMAND Runtime.evaluate (id=42) {
   "expression": "(function() { // Copyright (c) 2012 The Chromium Authors. All rights reserved.\n// Use of this source code is governed by a BSD-style license that can be\n// found in the LICENSE file.\n\n/**\n * Enum f...",
   "returnByValue": true
}
[6.273][DEBUG]: DEVTOOLS RESPONSE Runtime.evaluate (id=42) {
   "result": {
      "type": "object",
      "value": {
         "status": 0,
         "value": true
      }
   }
}
[6.274][DEBUG]: DEVTOOLS COMMAND Runtime.evaluate (id=43) {
   "expression": "(function() { // Copyright (c) 2012 The Chromium Authors. All rights reserved.\n// Use of this source code is governed by a BSD-style license that can be\n// found in the LICENSE file.\n\n/**\n * Enum f...",
   "returnByValue": true
}
[6.276][DEBUG]: DEVTOOLS RESPONSE Runtime.evaluate (id=43) {
   "result": {
      "type": "object",
      "value": {
         "status": 0,
         "value": null
      }
   }
}
[6.278][DEBUG]: DEVTOOLS COMMAND Input.dispatchKeyEvent (id=44) {
   "code": "Digit1",
   "key": "1",
   "modifiers": 0,
   "text": "1",
   "type": "rawKeyDown",
   "unmodifiedText": "1",
   "windowsVirtualKeyCode": 49
}
[6.283][DEBUG]: DEVTOOLS RESPONSE Input.dispatchKeyEvent (id=44) {

}
[6.283][DEBUG]: DEVTOOLS COMMAND Input.dispatchKeyEvent (id=45) {
   "code": "Digit1",
   "key": "1",
   "modifiers": 0,
   "text": "1",
   "type": "char",
   "unmodifiedText": "1",
   "windowsVirtualKeyCode": 49
}
[6.293][DEBUG]: DEVTOOLS RESPONSE Input.dispatchKeyEvent (id=45) {

}
[6.293][DEBUG]: DEVTOOLS COMMAND Input.dispatchKeyEvent (id=46) {
   "code": "Digit1",
   "key": "1",
   "modifiers": 0,
   "text": "1",
   "type": "keyUp",
   "unmodifiedText": "1",
   "windowsVirtualKeyCode": 49
}
[6.302][DEBUG]: DEVTOOLS RESPONSE Input.dispatchKeyEvent (id=46) {

}
[6.302][DEBUG]: DEVTOOLS COMMAND Input.dispatchKeyEvent (id=47) {
   "code": "Digit2",
   "key": "2",
   "modifiers": 0,
   "text": "2",
   "type": "rawKeyDown",
   "unmodifiedText": "2",
   "windowsVirtualKeyCode": 50
}
[6.313][DEBUG]: DEVTOOLS RESPONSE Input.dispatchKeyEvent (id=47) {

}
[6.313][DEBUG]: DEVTOOLS COMMAND Input.dispatchKeyEvent (id=48) {
   "code": "Digit2",
   "key": "2",
   "modifiers": 0,
   "text": "2",
   "type": "char",
   "unmodifiedText": "2",
   "windowsVirtualKeyCode": 50
}
[6.317][DEBUG]: DEVTOOLS EVENT DOM.childNodeCountUpdated {
   "childNodeCount": 33,
   "nodeId": 21
}
[6.318][DEBUG]: DEVTOOLS RESPONSE Input.dispatchKeyEvent (id=48) {

}
[6.318][DEBUG]: DEVTOOLS COMMAND Input.dispatchKeyEvent (id=49) {
   "code": "Digit2",
   "key": "2",
   "modifiers": 0,
   "text": "2",
   "type": "keyUp",
   "unmodifiedText": "2",
   "windowsVirtualKeyCode": 50
}
[6.320][DEBUG]: DEVTOOLS RESPONSE Input.dispatchKeyEvent (id=49) {

}
[6.320][DEBUG]: DEVTOOLS COMMAND Input.dispatchKeyEvent (id=50) {
   "code": "Digit3",
   "key": "3",
   "modifiers": 0,
   "text": "3",
   "type": "rawKeyDown",
   "unmodifiedText": "3",
   "windowsVirtualKeyCode": 51
}
[6.333][DEBUG]: DEVTOOLS RESPONSE Input.dispatchKeyEvent (id=50) {

}
[6.333][DEBUG]: DEVTOOLS COMMAND Input.dispatchKeyEvent (id=51) {
   "code": "Digit3",
   "key": "3",
   "modifiers": 0,
   "text": "3",
   "type": "char",
   "unmodifiedText": "3",
   "windowsVirtualKeyCode": 51
}
[6.336][DEBUG]: DEVTOOLS EVENT DOM.childNodeCountUpdated {
   "childNodeCount": 32,
   "nodeId": 21
}
[6.354][DEBUG]: DEVTOOLS RESPONSE Input.dispatchKeyEvent (id=51) {

}
[6.354][DEBUG]: DEVTOOLS COMMAND Input.dispatchKeyEvent (id=52) {
   "code": "Digit3",
   "key": "3",
   "modifiers": 0,
   "text": "3",
   "type": "keyUp",
   "unmodifiedText": "3",
   "windowsVirtualKeyCode": 51
}
[6.358][DEBUG]: DEVTOOLS RESPONSE Input.dispatchKeyEvent (id=52) {

}
[6.358][DEBUG]: DEVTOOLS COMMAND Input.dispatchKeyEvent (id=53) {
   "code": "Digit4",
   "key": "4",
   "modifiers": 0,
   "text": "4",
   "type": "rawKeyDown",
   "unmodifiedText": "4",
   "windowsVirtualKeyCode": 52
}
[6.358][DEBUG]: DEVTOOLS RESPONSE Input.dispatchKeyEvent (id=53) {

}
[6.358][DEBUG]: DEVTOOLS COMMAND Input.dispatchKeyEvent (id=54) {
   "code": "Digit4",
   "key": "4",
   "modifiers": 0,
   "text": "4",
   "type": "char",
   "unmodifiedText": "4",
   "windowsVirtualKeyCode": 52
}
[6.373][DEBUG]: DEVTOOLS RESPONSE Input.dispatchKeyEvent (id=54) {

}
[6.373][DEBUG]: DEVTOOLS COMMAND Input.dispatchKeyEvent (id=55) {
   "code": "Digit4",
   "key": "4",
   "modifiers": 0,
   "text": "4",
   "type": "keyUp",
   "unmodifiedText": "4",
   "windowsVirtualKeyCode": 52
}
[6.378][DEBUG]: DEVTOOLS RESPONSE Input.dispatchKeyEvent (id=55) {

}
[6.378][DEBUG]: DEVTOOLS COMMAND Input.dispatchKeyEvent (id=56) {
   "code": "Digit5",
   "key": "5",
   "modifiers": 0,
   "text": "5",
   "type": "rawKeyDown",
   "unmodifiedText": "5",
   "windowsVirtualKeyCode": 53
}
[6.379][DEBUG]: DEVTOOLS RESPONSE Input.dispatchKeyEvent (id=56) {

}
[6.379][DEBUG]: DEVTOOLS COMMAND Input.dispatchKeyEvent (id=57) {
   "code": "Digit5",
   "key": "5",
   "modifiers": 0,
   "text": "5",
   "type": "char",
   "unmodifiedText": "5",
   "windowsVirtualKeyCode": 53
}
[6.381][DEBUG]: DEVTOOLS RESPONSE Input.dispatchKeyEvent (id=57) {

}
[6.381][DEBUG]: DEVTOOLS COMMAND Input.dispatchKeyEvent (id=58) {
   "code": "Digit5",
   "key": "5",
   "modifiers": 0,
   "text": "5",
   "type": "keyUp",
   "unmodifiedText": "5",
   "windowsVirtualKeyCode": 53
}
[6.395][DEBUG]: DEVTOOLS RESPONSE Input.dispatchKeyEvent (id=58) {

}
[6.395][INFO]: Waiting for pending navigations...
[6.395][DEBUG]: DEVTOOLS COMMAND Runtime.evaluate (id=59) {
   "expression": "1"
}
[6.397][DEBUG]: DEVTOOLS RESPONSE Runtime.evaluate (id=59) {
   "result": {
      "description": "1",
      "type": "number",
      "value": 1
   }
}
[6.397][INFO]: Done waiting for pending navigations. Status: ok
[6.397][INFO]: RESPONSE TypeElement
[6.416][INFO]: COMMAND Screenshot {

}
[6.416][INFO]: Waiting for pending navigations...
[6.416][DEBUG]: DEVTOOLS COMMAND Runtime.evaluate (id=60) {
   "expression": "1"
}
[6.417][DEBUG]: DEVTOOLS RESPONSE Runtime.evaluate (id=60) {
   "result": {
      "description": "1",
      "type": "number",
      "value": 1
   }
}
[6.417][INFO]: Done waiting for pending navigations. Status: ok
[6.417][DEBUG]: DevTools request: http://localhost:12923/json/activate/(1E302E2C9F3D0EC71BF6E3B961CCE01C)
[6.418][DEBUG]: DevTools response: Target activated
[6.418][DEBUG]: DEVTOOLS COMMAND Page.captureScreenshot (id=61) {

}
[6.567][DEBUG]: DEVTOOLS RESPONSE Page.captureScreenshot (id=61) {
   "data": "iVBORw0KGgoAAAANSUhEUgAABVYAAAO+CAYAAADv/k7HAAAgAElEQVR4nOzdd3xUVd7H8e+09EqvSui9iIACFsqigLiIrLIuCuhaV2Utq48oiK66j9iW1V3EFREUQVmKBOQRhVioEZFIZ4EghJ6EtIG0mfv8ETNkUmdCkpmQz9sXLzP3nnvO79yZ5J78cu65pvT0d..."
}
[6.567][INFO]: Waiting for pending navigations...
[6.567][DEBUG]: DEVTOOLS COMMAND Runtime.evaluate (id=62) {
   "expression": "1"
}
[6.573][DEBUG]: DEVTOOLS EVENT DOM.childNodeCountUpdated {
   "childNodeCount": 33,
   "nodeId": 21
}
[6.573][DEBUG]: DEVTOOLS EVENT DOM.childNodeCountUpdated {
   "childNodeCount": 32,
   "nodeId": 21
}
[6.580][DEBUG]: DEVTOOLS RESPONSE Runtime.evaluate (id=62) {
   "result": {
      "description": "1",
      "type": "number",
      "value": 1
   }
}
[6.580][INFO]: Done waiting for pending navigations. Status: ok
[6.580][INFO]: RESPONSE Screenshot "iVBORw0KGgoAAAANSUhEUgAABVYAAAO+CAYAAADv/k7HAAAgAElEQVR4nOzdd3xUVd7H8e+09EqvSui9iIACFsqigLiIrLIuCuhaV2Utq48oiK66j9iW1V3EFREUQVmKBOQRhVioEZFIZ4EghJ6EtIG0mfv8ETNkUmdCkpmQz9sXLzP3nnvO79yZ5J78cu65pvT0d..."
[7.033][INFO]: COMMAND Quit {

}
[7.093][INFO]: RESPONSE Quit
[7.093][DEBUG]: Log type 'driver' lost 0 entries on destruction
[7.093][DEBUG]: Log type 'browser' lost 0 entries on destruction
