[1.457][INFO]: COMMAND InitSession {
   "desiredCapabilities": {
      "browserName": "chrome",
      "chromeOptions": {
         "args": [ "--disable-gpu", "--single-process", "--no-sandbox", "--data-path=/tmp/data-path", "--homedir=/tmp/homedir", "--disk-cache-dir=/tmp", "--disk-cache-size=1", "--media-cache-size=1", "--allow-file-access-from-files", "--enable-logging", "--v=1", "--disable-web-security", "--disable-extensions", "--ignore-certificate-errors", "--disable-ntp-most-likely-favicons-from-server", "--disable-ntp-popular-sites", "--window-size=1366,1024", "--disable-infobars", "--disable-dev-shm-usage", "..." ],
         "binary": "/tmp/chrome-lambda/chrome",
         "prefs": {
            "credentials_enable_service": false,
            "profile": {
               "password_manager_enabled": false
            }
         }
      },
      "count": 1
   }
}
[1.458][INFO]: Populating Preferences file: {
   "alternate_error_pages": {
      "enabled": false
   },
   "autofill": {
      "enabled": false
   },
   "browser": {
      "check_default_browser": false
   },
   "credentials_enable_service": false,
   "distribution": {
      "import_bookmarks": false,
      "import_history": false,
      "import_search_engine": false,
      "make_chrome_default_for_user": false,
      "show_welcome_page": false,
      "skip_first_run_ui": true
   },
   "dns_prefetching": {
      "enabled": false
   },
   "profile": {
      "password_manager_enabled": false
   },
   "safebrowsing": {
      "enabled": false
   },
   "search": {
      "suggest_enabled": false
   },
   "translate": {
      "enabled": false
   }
}
[1.458][INFO]: Populating Local State file: {
   "background_mode": {
      "enabled": false
   },
   "ssl": {
      "rev_checking": {
         "enabled": false
      }
   }
}
[1.458][INFO]: Launching chrome: /tmp/chrome-lambda/chrome --allow-file-access-from-files --data-path=/tmp/data-path --disable-background-networking --disable-browser-side-navigation --disable-client-side-phishing-detection --disable-default-apps --disable-dev-shm-usage --disable-extensions --disable-extensions-except=/tmp/.org.chromium.Chromium.r9kNm7/internal --disable-gpu --disable-hang-monitor --disable-infobars --disable-ntp-most-likely-favicons-from-server --disable-ntp-popular-sites --disable-popup-blocking --disable-prompt-on-repost --disable-sync --disable-web-resources --disable-web-security --disk-cache-dir=/tmp --disk-cache-size=1 --enable-automation --enable-logging --enable-precise-memory-info --force-fieldtrials=SiteIsolationExtensions/Control --homedir=/tmp/homedir --ignore-certificate-errors --log-level=0 --media-cache-size=1 --metrics-recording-only --no-first-run --no-sandbox --password-store=basic --remote-debugging-port=12450 --safebrowsing-disable-auto-update --single-process --test-type=webdriver --use-mock-keychain --user-data-dir=/tmp/.org.chromium.Chromium.bp21nq --v=1 --window-size=1366,1024 data:,
[1.459][DEBUG]: DevTools request: http://localhost:12450/json/version
prctl(PR_SET_NO_NEW_PRIVS) failed
Xlib:  extension "RANDR" missing on display ":99".
[44:56:0831/073346.770538:ERROR:bus.cc(395)] Failed to connect to the bus: Failed to connect to socket /var/run/dbus/system_bus_socket: No such file or directory
Xlib:  extension "RANDR" missing on display ":99".

DevTools listening on ws://127.0.0.1:12450/devtools/browser/d5f823f1-0609-4357-a0b2-b1caebb32217
[2.790][SEVERE]: CreatePlatformSocket() returned an error, errno=1: Operation not permitted (1)
[2.793][DEBUG]: DevTools response: {
   "Browser": "Chrome/63.0.3239.84",
   "Protocol-Version": "1.2",
   "User-Agent": "Mozilla/5.0 (X11; Linux x86_64) AppleWebKit/537.36 (KHTML, like Gecko) Chrome/63.0.3239.84 Safari/537.36",
   "V8-Version": "6.3.292.46",
   "WebKit-Version": "537.36 (@0f53a5abc7a405fbe9f1cfd3db38f2092c8a7816)",
   "webSocketDebuggerUrl": "ws://localhost:12450/devtools/browser/d5f823f1-0609-4357-a0b2-b1caebb32217"
}

[2.796][DEBUG]: DevTools request: http://localhost:12450/json
[2.807][DEBUG]: DevTools response: [ {
   "description": "",
   "devtoolsFrontendUrl": "/devtools/inspector.html?ws=localhost:12450/devtools/page/(931371FC2F9BD8F1DD2E6D7EA3D31E54)",
   "id": "(931371FC2F9BD8F1DD2E6D7EA3D31E54)",
   "title": "",
   "type": "page",
   "url": "data:,",
   "webSocketDebuggerUrl": "ws://localhost:12450/devtools/page/(931371FC2F9BD8F1DD2E6D7EA3D31E54)"
} ]

[2.807][DEBUG]: DevTools request: http://localhost:12450/json
[2.808][DEBUG]: DevTools response: [ {
   "description": "",
   "devtoolsFrontendUrl": "/devtools/inspector.html?ws=localhost:12450/devtools/page/(931371FC2F9BD8F1DD2E6D7EA3D31E54)",
   "id": "(931371FC2F9BD8F1DD2E6D7EA3D31E54)",
   "title": "",
   "type": "page",
   "url": "data:,",
   "webSocketDebuggerUrl": "ws://localhost:12450/devtools/page/(931371FC2F9BD8F1DD2E6D7EA3D31E54)"
} ]

[2.808][INFO]: resolved localhost to ["127.0.0.1"]
[2.811][DEBUG]: DEVTOOLS COMMAND Log.enable (id=1) {

}
[2.812][DEBUG]: DEVTOOLS COMMAND DOM.getDocument (id=2) {

}
[2.812][DEBUG]: DEVTOOLS COMMAND Runtime.enable (id=3) {

}
[2.812][DEBUG]: DEVTOOLS COMMAND Page.enable (id=4) {

}
[2.812][DEBUG]: DEVTOOLS COMMAND Page.enable (id=5) {

}
[44:74:0831/073347.933991:ERROR:io_thread.cc(730)] Cannot use V8 Proxy resolver in single process mode.
[44:74:0831/073347.935977:ERROR:io_thread.cc(730)] Cannot use V8 Proxy resolver in single process mode.
[2.946][DEBUG]: DEVTOOLS RESPONSE Log.enable (id=1) {

}
[2.948][DEBUG]: DEVTOOLS RESPONSE DOM.getDocument (id=2) {
   "root": {
      "backendNodeId": 1,
      "baseURL": "about:blank",
      "childNodeCount": 1,
      "children": [ {
         "attributes": [  ],
         "backendNodeId": 2,
         "childNodeCount": 2,
         "children": [ {
            "attributes": [  ],
            "backendNodeId": 3,
            "childNodeCount": 0,
            "localName": "head",
            "nodeId": 3,
            "nodeName": "HEAD",
            "nodeType": 1,
            "nodeValue": "",
            "parentId": 2
         }, {
            "attributes": [  ],
            "backendNodeId": 4,
            "childNodeCount": 0,
            "localName": "body",
            "nodeId": 4,
            "nodeName": "BODY",
            "nodeType": 1,
            "nodeValue": "",
            "parentId": 2
         } ],
         "frameId": "(931371FC2F9BD8F1DD2E6D7EA3D31E54)",
         "localName": "html",
         "nodeId": 2,
         "nodeName": "HTML",
         "nodeType": 1,
         "nodeValue": "",
         "parentId": 1
      } ],
      "documentURL": "",
      "localName": "",
      "nodeId": 1,
      "nodeName": "#document",
      "nodeType": 9,
      "nodeValue": "",
      "xmlVersion": ""
   }
}
[2.948][DEBUG]: DEVTOOLS RESPONSE Runtime.enable (id=3) {

}
[2.949][DEBUG]: DEVTOOLS RESPONSE Page.enable (id=4) {

}
[2.949][DEBUG]: DEVTOOLS RESPONSE Page.enable (id=5) {

}
[2.949][DEBUG]: DEVTOOLS COMMAND Page.enable (id=6) {

}
[2.999][DEBUG]: DEVTOOLS EVENT Page.lifecycleEvent {
   "frameId": "(931371FC2F9BD8F1DD2E6D7EA3D31E54)",
   "name": "commit",
   "timestamp": 2323.565138
}
[2.999][DEBUG]: DEVTOOLS EVENT Page.frameNavigated {
   "frame": {
      "id": "(931371FC2F9BD8F1DD2E6D7EA3D31E54)",
      "loaderId": "44.1",
      "mimeType": "text/plain",
      "securityOrigin": "://",
      "url": "data:,"
   }
}
[2.999][DEBUG]: DEVTOOLS EVENT DOM.documentUpdated {

}
[2.999][DEBUG]: DEVTOOLS COMMAND DOM.getDocument (id=7) {

}
[2.999][DEBUG]: DEVTOOLS EVENT Runtime.executionContextCreated {
   "context": {
      "auxData": {
         "frameId": "(931371FC2F9BD8F1DD2E6D7EA3D31E54)",
         "isDefault": true
      },
      "id": 1,
      "name": "",
      "origin": "://"
   }
}
[2.999][DEBUG]: DEVTOOLS RESPONSE Page.enable (id=6) {

}
[3.052][DEBUG]: DEVTOOLS EVENT Page.loadEventFired {
   "timestamp": 2323.628299
}
[3.052][DEBUG]: DEVTOOLS EVENT Page.lifecycleEvent {
   "frameId": "(931371FC2F9BD8F1DD2E6D7EA3D31E54)",
   "name": "load",
   "timestamp": 2323.628299
}
[3.052][DEBUG]: DEVTOOLS EVENT Page.frameStoppedLoading {
   "frameId": "(931371FC2F9BD8F1DD2E6D7EA3D31E54)"
}
[3.052][DEBUG]: DEVTOOLS EVENT Page.domContentEventFired {
   "timestamp": 2323.628728
}
[3.052][DEBUG]: DEVTOOLS EVENT Page.lifecycleEvent {
   "frameId": "(931371FC2F9BD8F1DD2E6D7EA3D31E54)",
   "name": "DOMContentLoaded",
   "timestamp": 2323.628728
}
[3.052][DEBUG]: DEVTOOLS EVENT DOM.documentUpdated {

}
[3.053][DEBUG]: DEVTOOLS COMMAND DOM.getDocument (id=8) {

}
[3.053][DEBUG]: DEVTOOLS RESPONSE DOM.getDocument (id=7) {
   "root": {
      "backendNodeId": 5,
      "baseURL": "data:,",
      "childNodeCount": 1,
      "children": [ {
         "attributes": [  ],
         "backendNodeId": 6,
         "childNodeCount": 2,
         "children": [ {
            "attributes": [  ],
            "backendNodeId": 7,
            "childNodeCount": 0,
            "localName": "head",
            "nodeId": 7,
            "nodeName": "HEAD",
            "nodeType": 1,
            "nodeValue": "",
            "parentId": 6
         }, {
            "attributes": [  ],
            "backendNodeId": 8,
            "childNodeCount": 1,
            "localName": "body",
            "nodeId": 8,
            "nodeName": "BODY",
            "nodeType": 1,
            "nodeValue": "",
            "parentId": 6
         } ],
         "frameId": "(931371FC2F9BD8F1DD2E6D7EA3D31E54)",
         "localName": "html",
         "nodeId": 6,
         "nodeName": "HTML",
         "nodeType": 1,
         "nodeValue": "",
         "parentId": 5
      } ],
      "documentURL": "data:,",
      "localName": "",
      "nodeId": 5,
      "nodeName": "#document",
      "nodeType": 9,
      "nodeValue": "",
      "xmlVersion": ""
   }
}
[3.071][DEBUG]: DEVTOOLS RESPONSE DOM.getDocument (id=8) {
   "root": {
      "backendNodeId": 5,
      "baseURL": "data:,",
      "childNodeCount": 1,
      "children": [ {
         "attributes": [  ],
         "backendNodeId": 6,
         "childNodeCount": 2,
         "children": [ {
            "attributes": [  ],
            "backendNodeId": 7,
            "childNodeCount": 0,
            "localName": "head",
            "nodeId": 11,
            "nodeName": "HEAD",
            "nodeType": 1,
            "nodeValue": "",
            "parentId": 10
         }, {
            "attributes": [  ],
            "backendNodeId": 8,
            "childNodeCount": 1,
            "localName": "body",
            "nodeId": 12,
            "nodeName": "BODY",
            "nodeType": 1,
            "nodeValue": "",
            "parentId": 10
         } ],
         "frameId": "(931371FC2F9BD8F1DD2E6D7EA3D31E54)",
         "localName": "html",
         "nodeId": 10,
         "nodeName": "HTML",
         "nodeType": 1,
         "nodeValue": "",
         "parentId": 9
      } ],
      "documentURL": "data:,",
      "localName": "",
      "nodeId": 9,
      "nodeName": "#document",
      "nodeType": 9,
      "nodeValue": "",
      "xmlVersion": ""
   }
}
[3.071][DEBUG]: DEVTOOLS COMMAND Runtime.enable (id=9) {

}
[3.073][DEBUG]: DEVTOOLS RESPONSE Runtime.enable (id=9) {

}
[3.073][DEBUG]: DEVTOOLS COMMAND Runtime.evaluate (id=10) {
   "expression": "(function() { // Copyright (c) 2012 The Chromium Authors. All rights reserved.\n// Use of this source code is governed by a BSD-style license that can be\n// found in the LICENSE file.\n\n/**\n * Enum f...",
   "returnByValue": true
}
[3.081][DEBUG]: DEVTOOLS RESPONSE Runtime.evaluate (id=10) {
   "result": {
      "type": "object",
      "value": {
         "status": 0,
         "value": 1
      }
   }
}
[3.081][INFO]: RESPONSE InitSession {
   "acceptSslCerts": true,
   "applicationCacheEnabled": false,
   "browserConnectionEnabled": false,
   "browserName": "chrome",
   "chrome": {
      "chromedriverVersion": "2.33.506092 (733a02544d189eeb751fe0d7ddca79a0ee28cce4)",
      "userDataDir": "/tmp/.org.chromium.Chromium.bp21nq"
   },
   "cssSelectorsEnabled": true,
   "databaseEnabled": false,
   "handlesAlerts": true,
   "hasTouchScreen": false,
   "javascriptEnabled": true,
   "locationContextEnabled": true,
   "mobileEmulationEnabled": false,
   "nativeEvents": true,
   "networkConnectionEnabled": false,
   "pageLoadStrategy": "normal",
   "platform": "Linux",
   "rotatable": false,
   "setWindowRect": true,
   "takesHeapSnapshot": true,
   "~~~": "..."
}
[3.119][INFO]: COMMAND SetTimeout {
   "script": 11000
}
[3.121][INFO]: RESPONSE SetTimeout unknown error: 'ms' must be a double
  (Session info: chrome=63.0.3239.84)
[3.150][INFO]: COMMAND SetTimeout {
   "ms": 11000,
   "type": "script"
}
[3.150][INFO]: RESPONSE SetTimeout
[4.255][INFO]: COMMAND SetTimeout {
   "pageLoad": 30000
}
[4.258][INFO]: RESPONSE SetTimeout unknown error: 'ms' must be a double
  (Session info: chrome=63.0.3239.84)
[4.275][INFO]: COMMAND SetTimeout {
   "ms": 30000,
   "type": "page load"
}
[4.275][INFO]: RESPONSE SetTimeout
[4.630][INFO]: COMMAND Navigate {
   "url": "https://translate.google.com/#en/es/Comptroller"
}
[4.630][INFO]: Waiting for pending navigations...
[4.630][DEBUG]: DEVTOOLS COMMAND Runtime.evaluate (id=11) {
   "expression": "1"
}
[4.631][DEBUG]: DEVTOOLS EVENT Page.lifecycleEvent {
   "frameId": "(931371FC2F9BD8F1DD2E6D7EA3D31E54)",
   "name": "networkAlmostIdle",
   "timestamp": 2323.628747
}
[4.631][DEBUG]: DEVTOOLS EVENT Page.lifecycleEvent {
   "frameId": "(931371FC2F9BD8F1DD2E6D7EA3D31E54)",
   "name": "networkIdle",
   "timestamp": 2323.628747
}
[4.631][DEBUG]: DEVTOOLS RESPONSE Runtime.evaluate (id=11) {
   "result": {
      "description": "1",
      "type": "number",
      "value": 1
   }
}
[4.631][INFO]: Done waiting for pending navigations. Status: ok
[4.631][DEBUG]: DEVTOOLS COMMAND Page.navigate (id=12) {
   "url": "https://translate.google.com/#en/es/Comptroller"
}
[4.647][DEBUG]: DEVTOOLS EVENT Page.frameStartedLoading {
   "frameId": "(931371FC2F9BD8F1DD2E6D7EA3D31E54)"
}
[4.649][DEBUG]: DEVTOOLS RESPONSE Page.navigate (id=12) {
   "frameId": "(931371FC2F9BD8F1DD2E6D7EA3D31E54)"
}
[4.690][INFO]: Waiting for pending navigations...
[4.690][DEBUG]: DEVTOOLS COMMAND Runtime.evaluate (id=13) {
   "expression": "1"
}
[4.690][DEBUG]: DEVTOOLS RESPONSE Runtime.evaluate (id=13) {
   "result": {
      "description": "1",
      "type": "number",
      "value": 1
   }
}
[4.900][DEBUG]: DEVTOOLS EVENT Runtime.executionContextDestroyed {
   "executionContextId": 1
}
[4.900][DEBUG]: DEVTOOLS EVENT Runtime.executionContextsCleared {

}
[4.900][DEBUG]: DEVTOOLS EVENT Page.lifecycleEvent {
   "frameId": "(931371FC2F9BD8F1DD2E6D7EA3D31E54)",
   "name": "commit",
   "timestamp": 2325.469992
}
[4.900][DEBUG]: DEVTOOLS COMMAND Runtime.evaluate (id=14) {
   "expression": "1"
}
[4.915][DEBUG]: DEVTOOLS EVENT Page.frameNavigated {
   "frame": {
      "id": "(931371FC2F9BD8F1DD2E6D7EA3D31E54)",
      "loaderId": "44.2",
      "mimeType": "text/html",
      "securityOrigin": "https://translate.google.com",
      "url": "https://translate.google.com/"
   }
}
[4.915][DEBUG]: DEVTOOLS EVENT Runtime.executionContextCreated {
   "context": {
      "auxData": {
         "frameId": "(931371FC2F9BD8F1DD2E6D7EA3D31E54)",
         "isDefault": true
      },
      "id": 3,
      "name": "",
      "origin": "https://translate.google.com"
   }
}
[4.915][DEBUG]: DEVTOOLS EVENT DOM.documentUpdated {

}
[4.915][DEBUG]: DEVTOOLS COMMAND DOM.getDocument (id=15) {

}
[4.987][DEBUG]: DEVTOOLS RESPONSE Runtime.evaluate (id=14) {
   "result": {
      "description": "1",
      "type": "number",
      "value": 1
   }
}
[4.988][DEBUG]: DEVTOOLS RESPONSE DOM.getDocument (id=15) {
   "root": {
      "backendNodeId": 10,
      "baseURL": "https://translate.google.com/#en/es/Comptroller",
      "childNodeCount": 2,
      "children": [ {
         "backendNodeId": 11,
         "localName": "",
         "nodeId": 14,
         "nodeName": "html",
         "nodeType": 10,
         "nodeValue": "",
         "parentId": 13,
         "publicId": "",
         "systemId": ""
      }, {
         "attributes": [  ],
         "backendNodeId": 12,
         "childNodeCount": 1,
         "children": [ {
            "attributes": [  ],
            "backendNodeId": 13,
            "childNodeCount": 18,
            "localName": "head",
            "nodeId": 16,
            "nodeName": "HEAD",
            "nodeType": 1,
            "nodeValue": "",
            "parentId": 15
         } ],
         "frameId": "(931371FC2F9BD8F1DD2E6D7EA3D31E54)",
         "localName": "html",
         "nodeId": 15,
         "nodeName": "HTML",
         "nodeType": 1,
         "nodeValue": "",
         "parentId": 13
      } ],
      "documentURL": "https://translate.google.com/#en/es/Comptroller",
      "localName": "",
      "nodeId": 13,
      "nodeName": "#document",
      "nodeType": 9,
      "nodeValue": "",
      "xmlVersion": ""
   }
}
[5.135][DEBUG]: DEVTOOLS EVENT DOM.childNodeCountUpdated {
   "childNodeCount": 19,
   "nodeId": 16
}
[5.135][DEBUG]: DEVTOOLS EVENT DOM.childNodeCountUpdated {
   "childNodeCount": 20,
   "nodeId": 16
}
[5.135][DEBUG]: DEVTOOLS EVENT DOM.childNodeCountUpdated {
   "childNodeCount": 21,
   "nodeId": 16
}
[5.135][DEBUG]: DEVTOOLS EVENT DOM.childNodeCountUpdated {
   "childNodeCount": 22,
   "nodeId": 16
}
[5.135][DEBUG]: DEVTOOLS EVENT DOM.childNodeInserted {
   "node": {
      "attributes": [ "dir", "ltr", "onload", "window.jstiming.load['tick']('ol');", "class", "e_md nj pre-epu" ],
      "backendNodeId": 14,
      "childNodeCount": 0,
      "localName": "body",
      "nodeId": 17,
      "nodeName": "BODY",
      "nodeType": 1,
      "nodeValue": ""
   },
   "parentNodeId": 15,
   "previousNodeId": 16
}
[5.135][DEBUG]: DEVTOOLS EVENT DOM.childNodeCountUpdated {
   "childNodeCount": 1,
   "nodeId": 17
}
[5.135][DEBUG]: DEVTOOLS EVENT DOM.childNodeCountUpdated {
   "childNodeCount": 2,
   "nodeId": 17
}
[5.135][DEBUG]: DEVTOOLS COMMAND Runtime.evaluate (id=16) {
   "expression": "1"
}
[5.210][DEBUG]: DEVTOOLS EVENT DOM.childNodeCountUpdated {
   "childNodeCount": 3,
   "nodeId": 17
}
[5.211][DEBUG]: DEVTOOLS EVENT DOM.attributeModified {
   "name": "class",
   "nodeId": 17,
   "value": "e_md  pre-epu"
}
[5.211][DEBUG]: DEVTOOLS EVENT DOM.childNodeCountUpdated {
   "childNodeCount": 4,
   "nodeId": 17
}
[5.211][DEBUG]: DEVTOOLS RESPONSE Runtime.evaluate (id=16) {
   "result": {
      "description": "1",
      "type": "number",
      "value": 1
   }
}
[5.290][DEBUG]: DEVTOOLS EVENT Page.lifecycleEvent {
   "frameId": "(931371FC2F9BD8F1DD2E6D7EA3D31E54)",
   "name": "firstPaint",
   "timestamp": 2325.782454
}
[5.290][DEBUG]: DEVTOOLS EVENT Page.lifecycleEvent {
   "frameId": "(931371FC2F9BD8F1DD2E6D7EA3D31E54)",
   "name": "firstContentfulPaint",
   "timestamp": 2325.782459
}
[5.290][DEBUG]: DEVTOOLS EVENT Page.lifecycleEvent {
   "frameId": "(931371FC2F9BD8F1DD2E6D7EA3D31E54)",
   "name": "firstTextPaint",
   "timestamp": 2325.78246
}
[5.290][DEBUG]: DEVTOOLS EVENT Page.lifecycleEvent {
   "frameId": "(931371FC2F9BD8F1DD2E6D7EA3D31E54)",
   "name": "firstImagePaint",
   "timestamp": 2325.782461
}
[5.290][DEBUG]: DEVTOOLS EVENT Page.lifecycleEvent {
   "frameId": "(931371FC2F9BD8F1DD2E6D7EA3D31E54)",
   "name": "firstMeaningfulPaintCandidate",
   "timestamp": 2325.782462
}
[5.290][DEBUG]: DEVTOOLS COMMAND Runtime.evaluate (id=17) {
   "expression": "1"
}
[5.394][DEBUG]: DEVTOOLS RESPONSE Runtime.evaluate (id=17) {
   "result": {
      "description": "1",
      "type": "number",
      "value": 1
   }
}
[5.397][DEBUG]: DEVTOOLS EVENT Page.lifecycleEvent {
   "frameId": "(931371FC2F9BD8F1DD2E6D7EA3D31E54)",
   "name": "firstMeaningfulPaintCandidate",
   "timestamp": 2325.921424
}
[5.397][DEBUG]: DEVTOOLS COMMAND Runtime.evaluate (id=18) {
   "expression": "1"
}
[5.416][DEBUG]: DEVTOOLS RESPONSE Runtime.evaluate (id=18) {
   "result": {
      "description": "1",
      "type": "number",
      "value": 1
   }
}
[5.999][DEBUG]: DEVTOOLS EVENT DOM.attributeModified {
   "name": "class",
   "nodeId": 17,
   "value": "e_md pre-epu"
}
[5.999][DEBUG]: DEVTOOLS EVENT DOM.childNodeCountUpdated {
   "childNodeCount": 5,
   "nodeId": 17
}
[5.999][DEBUG]: DEVTOOLS EVENT DOM.childNodeCountUpdated {
   "childNodeCount": 4,
   "nodeId": 17
}
[5.999][DEBUG]: DEVTOOLS EVENT DOM.childNodeCountUpdated {
   "childNodeCount": 5,
   "nodeId": 17
}
[5.999][DEBUG]: DEVTOOLS EVENT DOM.childNodeCountUpdated {
   "childNodeCount": 6,
   "nodeId": 17
}
[5.999][DEBUG]: DEVTOOLS EVENT DOM.childNodeCountUpdated {
   "childNodeCount": 7,
   "nodeId": 17
}
[5.999][DEBUG]: DEVTOOLS COMMAND Runtime.evaluate (id=19) {
   "expression": "1"
}
[6.007][DEBUG]: DEVTOOLS EVENT DOM.childNodeCountUpdated {
   "childNodeCount": 8,
   "nodeId": 17
}
[6.007][DEBUG]: DEVTOOLS EVENT DOM.childNodeCountUpdated {
   "childNodeCount": 7,
   "nodeId": 17
}
[6.007][DEBUG]: DEVTOOLS EVENT DOM.childNodeCountUpdated {
   "childNodeCount": 6,
   "nodeId": 17
}
[6.007][DEBUG]: DEVTOOLS EVENT DOM.childNodeCountUpdated {
   "childNodeCount": 7,
   "nodeId": 17
}
[6.007][DEBUG]: DEVTOOLS EVENT DOM.childNodeCountUpdated {
   "childNodeCount": 8,
   "nodeId": 17
}
[6.007][DEBUG]: DEVTOOLS EVENT DOM.childNodeCountUpdated {
   "childNodeCount": 9,
   "nodeId": 17
}
[6.007][DEBUG]: DEVTOOLS EVENT DOM.childNodeCountUpdated {
   "childNodeCount": 10,
   "nodeId": 17
}
[6.007][DEBUG]: DEVTOOLS EVENT DOM.childNodeCountUpdated {
   "childNodeCount": 11,
   "nodeId": 17
}
[6.007][DEBUG]: DEVTOOLS EVENT DOM.childNodeCountUpdated {
   "childNodeCount": 12,
   "nodeId": 17
}
[6.007][DEBUG]: DEVTOOLS EVENT DOM.childNodeCountUpdated {
   "childNodeCount": 13,
   "nodeId": 17
}
[6.007][DEBUG]: DEVTOOLS EVENT DOM.childNodeCountUpdated {
   "childNodeCount": 14,
   "nodeId": 17
}
[6.007][DEBUG]: DEVTOOLS EVENT DOM.childNodeCountUpdated {
   "childNodeCount": 15,
   "nodeId": 17
}
[6.007][DEBUG]: DEVTOOLS EVENT DOM.childNodeCountUpdated {
   "childNodeCount": 14,
   "nodeId": 17
}
[6.007][DEBUG]: DEVTOOLS EVENT DOM.childNodeCountUpdated {
   "childNodeCount": 13,
   "nodeId": 17
}
[6.007][DEBUG]: DEVTOOLS EVENT DOM.childNodeCountUpdated {
   "childNodeCount": 14,
   "nodeId": 17
}
[6.007][DEBUG]: DEVTOOLS EVENT DOM.childNodeCountUpdated {
   "childNodeCount": 23,
   "nodeId": 16
}
[6.007][DEBUG]: DEVTOOLS EVENT DOM.childNodeCountUpdated {
   "childNodeCount": 15,
   "nodeId": 17
}
[6.007][DEBUG]: DEVTOOLS EVENT DOM.childNodeCountUpdated {
   "childNodeCount": 14,
   "nodeId": 17
}
[6.007][DEBUG]: DEVTOOLS EVENT DOM.childNodeCountUpdated {
   "childNodeCount": 15,
   "nodeId": 17
}
[6.007][DEBUG]: DEVTOOLS EVENT DOM.childNodeCountUpdated {
   "childNodeCount": 14,
   "nodeId": 17
}
[6.007][DEBUG]: DEVTOOLS EVENT DOM.childNodeCountUpdated {
   "childNodeCount": 15,
   "nodeId": 17
}
[6.007][DEBUG]: DEVTOOLS EVENT DOM.childNodeCountUpdated {
   "childNodeCount": 14,
   "nodeId": 17
}
[6.007][DEBUG]: DEVTOOLS EVENT DOM.childNodeCountUpdated {
   "childNodeCount": 15,
   "nodeId": 17
}
[6.008][DEBUG]: DEVTOOLS EVENT DOM.childNodeCountUpdated {
   "childNodeCount": 14,
   "nodeId": 17
}
[6.008][DEBUG]: DEVTOOLS EVENT DOM.childNodeCountUpdated {
   "childNodeCount": 15,
   "nodeId": 17
}
[6.008][DEBUG]: DEVTOOLS EVENT DOM.childNodeCountUpdated {
   "childNodeCount": 14,
   "nodeId": 17
}
[6.008][DEBUG]: DEVTOOLS EVENT DOM.childNodeCountUpdated {
   "childNodeCount": 15,
   "nodeId": 17
}
[6.008][DEBUG]: DEVTOOLS EVENT DOM.childNodeCountUpdated {
   "childNodeCount": 14,
   "nodeId": 17
}
[6.008][DEBUG]: DEVTOOLS EVENT DOM.childNodeCountUpdated {
   "childNodeCount": 15,
   "nodeId": 17
}
[6.008][DEBUG]: DEVTOOLS EVENT DOM.childNodeCountUpdated {
   "childNodeCount": 14,
   "nodeId": 17
}
[6.008][DEBUG]: DEVTOOLS EVENT DOM.childNodeCountUpdated {
   "childNodeCount": 15,
   "nodeId": 17
}
[6.008][DEBUG]: DEVTOOLS EVENT DOM.childNodeCountUpdated {
   "childNodeCount": 14,
   "nodeId": 17
}
[6.008][DEBUG]: DEVTOOLS EVENT DOM.childNodeCountUpdated {
   "childNodeCount": 15,
   "nodeId": 17
}
[6.008][DEBUG]: DEVTOOLS EVENT DOM.childNodeCountUpdated {
   "childNodeCount": 14,
   "nodeId": 17
}
[6.008][DEBUG]: DEVTOOLS EVENT DOM.childNodeCountUpdated {
   "childNodeCount": 15,
   "nodeId": 17
}
[6.008][DEBUG]: DEVTOOLS EVENT DOM.childNodeCountUpdated {
   "childNodeCount": 14,
   "nodeId": 17
}
[6.008][DEBUG]: DEVTOOLS EVENT DOM.childNodeCountUpdated {
   "childNodeCount": 15,
   "nodeId": 17
}
[6.008][DEBUG]: DEVTOOLS EVENT DOM.childNodeCountUpdated {
   "childNodeCount": 14,
   "nodeId": 17
}
[6.008][DEBUG]: DEVTOOLS EVENT DOM.childNodeCountUpdated {
   "childNodeCount": 15,
   "nodeId": 17
}
[6.008][DEBUG]: DEVTOOLS EVENT DOM.childNodeCountUpdated {
   "childNodeCount": 14,
   "nodeId": 17
}
[6.008][DEBUG]: DEVTOOLS EVENT DOM.childNodeCountUpdated {
   "childNodeCount": 15,
   "nodeId": 17
}
[6.008][DEBUG]: DEVTOOLS EVENT DOM.childNodeCountUpdated {
   "childNodeCount": 14,
   "nodeId": 17
}
[6.008][DEBUG]: DEVTOOLS EVENT DOM.childNodeCountUpdated {
   "childNodeCount": 15,
   "nodeId": 17
}
[6.008][DEBUG]: DEVTOOLS EVENT DOM.childNodeCountUpdated {
   "childNodeCount": 14,
   "nodeId": 17
}
[6.008][DEBUG]: DEVTOOLS EVENT DOM.childNodeCountUpdated {
   "childNodeCount": 15,
   "nodeId": 17
}
[6.008][DEBUG]: DEVTOOLS EVENT DOM.childNodeCountUpdated {
   "childNodeCount": 14,
   "nodeId": 17
}
[6.009][DEBUG]: DEVTOOLS EVENT DOM.childNodeCountUpdated {
   "childNodeCount": 15,
   "nodeId": 17
}
[6.009][DEBUG]: DEVTOOLS EVENT DOM.childNodeCountUpdated {
   "childNodeCount": 14,
   "nodeId": 17
}
[6.009][DEBUG]: DEVTOOLS EVENT DOM.childNodeCountUpdated {
   "childNodeCount": 24,
   "nodeId": 16
}
[6.009][DEBUG]: DEVTOOLS EVENT DOM.childNodeCountUpdated {
   "childNodeCount": 25,
   "nodeId": 16
}
[6.009][DEBUG]: DEVTOOLS EVENT DOM.childNodeCountUpdated {
   "childNodeCount": 26,
   "nodeId": 16
}
[6.009][DEBUG]: DEVTOOLS EVENT DOM.childNodeCountUpdated {
   "childNodeCount": 15,
   "nodeId": 17
}
[6.009][DEBUG]: DEVTOOLS EVENT DOM.childNodeCountUpdated {
   "childNodeCount": 14,
   "nodeId": 17
}
[6.009][DEBUG]: DEVTOOLS EVENT Page.domContentEventFired {
   "timestamp": 2326.612295
}
[6.009][DEBUG]: DEVTOOLS EVENT Page.lifecycleEvent {
   "frameId": "(931371FC2F9BD8F1DD2E6D7EA3D31E54)",
   "name": "DOMContentLoaded",
   "timestamp": 2326.612295
}
[6.009][DEBUG]: DEVTOOLS EVENT DOM.documentUpdated {

}
[6.009][DEBUG]: DEVTOOLS COMMAND DOM.getDocument (id=20) {

}
[6.528][DEBUG]: DEVTOOLS RESPONSE Runtime.evaluate (id=19) {
   "result": {
      "description": "1",
      "type": "number",
      "value": 1
   }
}
[6.529][DEBUG]: DEVTOOLS RESPONSE DOM.getDocument (id=20) {
   "root": {
      "backendNodeId": 10,
      "baseURL": "https://translate.google.com/#en/es/Comptroller",
      "childNodeCount": 2,
      "children": [ {
         "backendNodeId": 11,
         "localName": "",
         "nodeId": 19,
         "nodeName": "html",
         "nodeType": 10,
         "nodeValue": "",
         "parentId": 18,
         "publicId": "",
         "systemId": ""
      }, {
         "attributes": [  ],
         "backendNodeId": 12,
         "childNodeCount": 2,
         "children": [ {
            "attributes": [  ],
            "backendNodeId": 13,
            "childNodeCount": 28,
            "localName": "head",
            "nodeId": 21,
            "nodeName": "HEAD",
            "nodeType": 1,
            "nodeValue": "",
            "parentId": 20
         }, {
            "attributes": [ "dir", "ltr", "onload", "window.jstiming.load['tick']('ol');", "class", "e_md pre-epu" ],
            "backendNodeId": 14,
            "childNodeCount": 14,
            "localName": "body",
            "nodeId": 22,
            "nodeName": "BODY",
            "nodeType": 1,
            "nodeValue": "",
            "parentId": 20
         } ],
         "frameId": "(931371FC2F9BD8F1DD2E6D7EA3D31E54)",
         "localName": "html",
         "nodeId": 20,
         "nodeName": "HTML",
         "nodeType": 1,
         "nodeValue": "",
         "parentId": 18
      } ],
      "documentURL": "https://translate.google.com/#en/es/Comptroller",
      "localName": "",
      "nodeId": 18,
      "nodeName": "#document",
      "nodeType": 9,
      "nodeValue": "",
      "xmlVersion": ""
   }
}
[6.529][DEBUG]: DEVTOOLS EVENT Page.lifecycleEvent {
   "frameId": "(931371FC2F9BD8F1DD2E6D7EA3D31E54)",
   "name": "firstMeaningfulPaintCandidate",
   "timestamp": 2327.088359
}
[6.529][DEBUG]: DEVTOOLS COMMAND Runtime.evaluate (id=21) {
   "expression": "1"
}
[6.629][DEBUG]: DEVTOOLS RESPONSE Runtime.evaluate (id=21) {
   "result": {
      "description": "1",
      "type": "number",
      "value": 1
   }
}
[6.734][DEBUG]: DEVTOOLS EVENT DOM.childNodeCountUpdated {
   "childNodeCount": 29,
   "nodeId": 21
}
[6.734][DEBUG]: DEVTOOLS COMMAND Runtime.evaluate (id=22) {
   "expression": "1"
}
[6.746][DEBUG]: DEVTOOLS EVENT DOM.childNodeCountUpdated {
   "childNodeCount": 15,
   "nodeId": 22
}
[6.747][DEBUG]: DEVTOOLS EVENT DOM.childNodeCountUpdated {
   "childNodeCount": 16,
   "nodeId": 22
}
[6.747][DEBUG]: DEVTOOLS EVENT DOM.childNodeCountUpdated {
   "childNodeCount": 17,
   "nodeId": 22
}
[6.747][DEBUG]: DEVTOOLS EVENT DOM.childNodeCountUpdated {
   "childNodeCount": 18,
   "nodeId": 22
}
[6.747][DEBUG]: DEVTOOLS EVENT DOM.childNodeCountUpdated {
   "childNodeCount": 19,
   "nodeId": 22
}
[6.747][DEBUG]: DEVTOOLS EVENT DOM.childNodeCountUpdated {
   "childNodeCount": 30,
   "nodeId": 21
}
[6.747][DEBUG]: DEVTOOLS EVENT DOM.childNodeCountUpdated {
   "childNodeCount": 20,
   "nodeId": 22
}
[6.747][DEBUG]: DEVTOOLS EVENT DOM.childNodeCountUpdated {
   "childNodeCount": 21,
   "nodeId": 22
}
[6.747][DEBUG]: DEVTOOLS EVENT DOM.childNodeCountUpdated {
   "childNodeCount": 20,
   "nodeId": 22
}
[6.747][DEBUG]: DEVTOOLS EVENT DOM.childNodeCountUpdated {
   "childNodeCount": 19,
   "nodeId": 22
}
[6.747][DEBUG]: DEVTOOLS EVENT DOM.childNodeCountUpdated {
   "childNodeCount": 20,
   "nodeId": 22
}
[6.747][DEBUG]: DEVTOOLS EVENT DOM.childNodeCountUpdated {
   "childNodeCount": 31,
   "nodeId": 21
}
[6.747][DEBUG]: DEVTOOLS EVENT DOM.childNodeCountUpdated {
   "childNodeCount": 32,
   "nodeId": 21
}
[6.770][DEBUG]: DEVTOOLS RESPONSE Runtime.evaluate (id=22) {
   "result": {
      "description": "1",
      "type": "number",
      "value": 1
   }
}
[6.817][DEBUG]: DEVTOOLS EVENT DOM.childNodeCountUpdated {
   "childNodeCount": 21,
   "nodeId": 22
}
[6.817][DEBUG]: DEVTOOLS COMMAND Runtime.evaluate (id=23) {
   "expression": "1"
}
[6.830][DEBUG]: DEVTOOLS RESPONSE Runtime.evaluate (id=23) {
   "result": {
      "description": "1",
      "type": "number",
      "value": 1
   }
}
[6.832][DEBUG]: DEVTOOLS EVENT Page.loadEventFired {
   "timestamp": 2327.442759
}
[6.832][DEBUG]: DEVTOOLS EVENT Page.lifecycleEvent {
   "frameId": "(931371FC2F9BD8F1DD2E6D7EA3D31E54)",
   "name": "load",
   "timestamp": 2327.442759
}
[6.832][DEBUG]: DEVTOOLS EVENT Page.frameStoppedLoading {
   "frameId": "(931371FC2F9BD8F1DD2E6D7EA3D31E54)"
}
[6.832][DEBUG]: DEVTOOLS COMMAND Runtime.evaluate (id=24) {
   "expression": "1"
}
[6.848][DEBUG]: DEVTOOLS EVENT Page.lifecycleEvent {
   "frameId": "(931371FC2F9BD8F1DD2E6D7EA3D31E54)",
   "name": "firstMeaningfulPaintCandidate",
   "timestamp": 2327.460633
}
[6.848][DEBUG]: DEVTOOLS RESPONSE Runtime.evaluate (id=24) {
   "result": {
      "description": "1",
      "type": "number",
      "value": 1
   }
}
[6.848][INFO]: Done waiting for pending navigations. Status: ok
[6.848][INFO]: RESPONSE Navigate
[6.889][INFO]: COMMAND FindElements {
   "using": "css selector",
   "value": "#gt-src-c"
}
[6.889][INFO]: Waiting for pending navigations...
[6.889][DEBUG]: DEVTOOLS COMMAND Runtime.evaluate (id=25) {
   "expression": "1"
}
[6.891][DEBUG]: DEVTOOLS RESPONSE Runtime.evaluate (id=25) {
   "result": {
      "description": "1",
      "type": "number",
      "value": 1
   }
}
[6.891][INFO]: Done waiting for pending navigations. Status: ok
[6.893][DEBUG]: DEVTOOLS COMMAND Runtime.evaluate (id=26) {
   "expression": "(function() { // Copyright (c) 2012 The Chromium Authors. All rights reserved.\n// Use of this source code is governed by a BSD-style license that can be\n// found in the LICENSE file.\n\n/**\n * Enum f...",
   "returnByValue": true
}
[6.907][DEBUG]: DEVTOOLS RESPONSE Runtime.evaluate (id=26) {
   "result": {
      "type": "object",
      "value": {
         "status": 0,
         "value": [ {
            "ELEMENT": "0.2987758443742994-1"
         } ]
      }
   }
}
[6.907][INFO]: Waiting for pending navigations...
[6.907][DEBUG]: DEVTOOLS COMMAND Runtime.evaluate (id=27) {
   "expression": "1"
}
[6.908][DEBUG]: DEVTOOLS RESPONSE Runtime.evaluate (id=27) {
   "result": {
      "description": "1",
      "type": "number",
      "value": 1
   }
}
[6.908][INFO]: Done waiting for pending navigations. Status: ok
[6.908][INFO]: RESPONSE FindElements [ {
   "ELEMENT": "0.2987758443742994-1"
} ]
[6.914][INFO]: COMMAND IsElementDisplayed {
   "id": "0.2987758443742994-1"
}
[6.914][INFO]: Waiting for pending navigations...
[6.914][DEBUG]: DEVTOOLS COMMAND Runtime.evaluate (id=28) {
   "expression": "1"
}
[6.915][DEBUG]: DEVTOOLS RESPONSE Runtime.evaluate (id=28) {
   "result": {
      "description": "1",
      "type": "number",
      "value": 1
   }
}
[6.915][INFO]: Done waiting for pending navigations. Status: ok
[6.916][DEBUG]: DEVTOOLS COMMAND Runtime.evaluate (id=29) {
   "expression": "(function() { // Copyright (c) 2012 The Chromium Authors. All rights reserved.\n// Use of this source code is governed by a BSD-style license that can be\n// found in the LICENSE file.\n\n/**\n * Enum f...",
   "returnByValue": true
}
[6.932][DEBUG]: DEVTOOLS RESPONSE Runtime.evaluate (id=29) {
   "result": {
      "type": "object",
      "value": {
         "status": 0,
         "value": true
      }
   }
}
[6.932][INFO]: Waiting for pending navigations...
[6.932][DEBUG]: DEVTOOLS COMMAND Runtime.evaluate (id=30) {
   "expression": "1"
}
[6.932][DEBUG]: DEVTOOLS RESPONSE Runtime.evaluate (id=30) {
   "result": {
      "description": "1",
      "type": "number",
      "value": 1
   }
}
[6.932][INFO]: Done waiting for pending navigations. Status: ok
[6.932][INFO]: RESPONSE IsElementDisplayed true
[6.936][INFO]: COMMAND FindChildElements {
   "id": "0.2987758443742994-1",
   "using": "css selector",
   "value": "textarea#source"
}
[6.936][INFO]: Waiting for pending navigations...
[6.936][DEBUG]: DEVTOOLS COMMAND Runtime.evaluate (id=31) {
   "expression": "1"
}
[6.947][DEBUG]: DEVTOOLS RESPONSE Runtime.evaluate (id=31) {
   "result": {
      "description": "1",
      "type": "number",
      "value": 1
   }
}
[6.947][INFO]: Done waiting for pending navigations. Status: ok
[6.949][DEBUG]: DEVTOOLS COMMAND Runtime.evaluate (id=32) {
   "expression": "(function() { // Copyright (c) 2012 The Chromium Authors. All rights reserved.\n// Use of this source code is governed by a BSD-style license that can be\n// found in the LICENSE file.\n\n/**\n * Enum f...",
   "returnByValue": true
}
[6.958][DEBUG]: DEVTOOLS RESPONSE Runtime.evaluate (id=32) {
   "result": {
      "type": "object",
      "value": {
         "status": 0,
         "value": [ {
            "ELEMENT": "0.2987758443742994-2"
         } ]
      }
   }
}
[6.958][INFO]: Waiting for pending navigations...
[6.958][DEBUG]: DEVTOOLS COMMAND Runtime.evaluate (id=33) {
   "expression": "1"
}
[6.959][DEBUG]: DEVTOOLS RESPONSE Runtime.evaluate (id=33) {
   "result": {
      "description": "1",
      "type": "number",
      "value": 1
   }
}
[6.959][INFO]: Done waiting for pending navigations. Status: ok
[6.959][INFO]: RESPONSE FindChildElements [ {
   "ELEMENT": "0.2987758443742994-2"
} ]
[6.967][INFO]: COMMAND IsElementDisplayed {
   "id": "0.2987758443742994-2"
}
[6.967][INFO]: Waiting for pending navigations...
[6.967][DEBUG]: DEVTOOLS COMMAND Runtime.evaluate (id=34) {
   "expression": "1"
}
[6.968][DEBUG]: DEVTOOLS RESPONSE Runtime.evaluate (id=34) {
   "result": {
      "description": "1",
      "type": "number",
      "value": 1
   }
}
[6.968][INFO]: Done waiting for pending navigations. Status: ok
[6.969][DEBUG]: DEVTOOLS COMMAND Runtime.evaluate (id=35) {
   "expression": "(function() { // Copyright (c) 2012 The Chromium Authors. All rights reserved.\n// Use of this source code is governed by a BSD-style license that can be\n// found in the LICENSE file.\n\n/**\n * Enum f...",
   "returnByValue": true
}
[6.986][DEBUG]: DEVTOOLS RESPONSE Runtime.evaluate (id=35) {
   "result": {
      "type": "object",
      "value": {
         "status": 0,
         "value": true
      }
   }
}
[6.986][INFO]: Waiting for pending navigations...
[6.986][DEBUG]: DEVTOOLS COMMAND Runtime.evaluate (id=36) {
   "expression": "1"
}
[6.987][DEBUG]: DEVTOOLS RESPONSE Runtime.evaluate (id=36) {
   "result": {
      "description": "1",
      "type": "number",
      "value": 1
   }
}
[6.987][INFO]: Done waiting for pending navigations. Status: ok
[6.987][INFO]: RESPONSE IsElementDisplayed true
[6.992][INFO]: COMMAND ClearElement {
   "id": "0.2987758443742994-2"
}
[6.992][INFO]: Waiting for pending navigations...
[6.992][DEBUG]: DEVTOOLS COMMAND Runtime.evaluate (id=37) {
   "expression": "1"
}
[6.993][DEBUG]: DEVTOOLS RESPONSE Runtime.evaluate (id=37) {
   "result": {
      "description": "1",
      "type": "number",
      "value": 1
   }
}
[6.993][INFO]: Done waiting for pending navigations. Status: ok
[6.995][DEBUG]: DEVTOOLS COMMAND Runtime.evaluate (id=38) {
   "expression": "(function() { // Copyright (c) 2012 The Chromium Authors. All rights reserved.\n// Use of this source code is governed by a BSD-style license that can be\n// found in the LICENSE file.\n\n/**\n * Enum f...",
   "returnByValue": true
}
[7.017][DEBUG]: DEVTOOLS RESPONSE Runtime.evaluate (id=38) {
   "result": {
      "type": "object",
      "value": {
         "status": 0,
         "value": null
      }
   }
}
[7.018][INFO]: Waiting for pending navigations...
[7.018][DEBUG]: DEVTOOLS COMMAND Runtime.evaluate (id=39) {
   "expression": "1"
}
[7.041][DEBUG]: DEVTOOLS RESPONSE Runtime.evaluate (id=39) {
   "result": {
      "description": "1",
      "type": "number",
      "value": 1
   }
}
[7.041][INFO]: Done waiting for pending navigations. Status: ok
[7.041][INFO]: RESPONSE ClearElement
[7.053][INFO]: COMMAND TypeElement {
   "id": "0.2987758443742994-2",
   "text": "12345",
   "value": [ "1", "2", "3", "4", "5" ]
}
[7.053][INFO]: Waiting for pending navigations...
[7.053][DEBUG]: DEVTOOLS COMMAND Runtime.evaluate (id=40) {
   "expression": "1"
}
[7.058][DEBUG]: DEVTOOLS RESPONSE Runtime.evaluate (id=40) {
   "result": {
      "description": "1",
      "type": "number",
      "value": 1
   }
}
[7.058][INFO]: Done waiting for pending navigations. Status: ok
[7.058][DEBUG]: DEVTOOLS COMMAND Runtime.evaluate (id=41) {
   "expression": "(function() { // Copyright (c) 2012 The Chromium Authors. All rights reserved.\n// Use of this source code is governed by a BSD-style license that can be\n// found in the LICENSE file.\n\n/**\n * Enum f...",
   "returnByValue": true
}
[7.061][DEBUG]: DEVTOOLS RESPONSE Runtime.evaluate (id=41) {
   "result": {
      "type": "object",
      "value": {
         "status": 0,
         "value": "TEXTAREA"
      }
   }
}
[7.062][DEBUG]: DEVTOOLS COMMAND Runtime.evaluate (id=42) {
   "expression": "(function() { // Copyright (c) 2012 The Chromium Authors. All rights reserved.\n// Use of this source code is governed by a BSD-style license that can be\n// found in the LICENSE file.\n\n/**\n * Enum f...",
   "returnByValue": true
}
[7.065][DEBUG]: DEVTOOLS RESPONSE Runtime.evaluate (id=42) {
   "result": {
      "type": "object",
      "value": {
         "status": 0,
         "value": "textarea"
      }
   }
}
[7.067][DEBUG]: DEVTOOLS COMMAND Runtime.evaluate (id=43) {
   "expression": "(function() { // Copyright (c) 2012 The Chromium Authors. All rights reserved.\n// Use of this source code is governed by a BSD-style license that can be\n// found in the LICENSE file.\n\n/**\n * Enum f...",
   "returnByValue": true
}
[7.098][DEBUG]: DEVTOOLS RESPONSE Runtime.evaluate (id=43) {
   "result": {
      "type": "object",
      "value": {
         "status": 0,
         "value": true
      }
   }
}
[7.100][DEBUG]: DEVTOOLS COMMAND Runtime.evaluate (id=44) {
   "expression": "(function() { // Copyright (c) 2012 The Chromium Authors. All rights reserved.\n// Use of this source code is governed by a BSD-style license that can be\n// found in the LICENSE file.\n\n/**\n * Enum f...",
   "returnByValue": true
}
[7.135][DEBUG]: DEVTOOLS RESPONSE Runtime.evaluate (id=44) {
   "result": {
      "type": "object",
      "value": {
         "status": 0,
         "value": true
      }
   }
}
[7.136][DEBUG]: DEVTOOLS COMMAND Runtime.evaluate (id=45) {
   "expression": "(function() { // Copyright (c) 2012 The Chromium Authors. All rights reserved.\n// Use of this source code is governed by a BSD-style license that can be\n// found in the LICENSE file.\n\n/**\n * Enum f...",
   "returnByValue": true
}
[7.150][DEBUG]: DEVTOOLS RESPONSE Runtime.evaluate (id=45) {
   "result": {
      "type": "object",
      "value": {
         "status": 0,
         "value": null
      }
   }
}
[7.152][DEBUG]: DEVTOOLS COMMAND Input.dispatchKeyEvent (id=46) {
   "code": "Digit1",
   "key": "1",
   "modifiers": 0,
   "text": "1",
   "type": "rawKeyDown",
   "unmodifiedText": "1",
   "windowsVirtualKeyCode": 49
}
[7.163][DEBUG]: DEVTOOLS RESPONSE Input.dispatchKeyEvent (id=46) {

}
[7.163][DEBUG]: DEVTOOLS COMMAND Input.dispatchKeyEvent (id=47) {
   "code": "Digit1",
   "key": "1",
   "modifiers": 0,
   "text": "1",
   "type": "char",
   "unmodifiedText": "1",
   "windowsVirtualKeyCode": 49
}
[7.192][DEBUG]: DEVTOOLS RESPONSE Input.dispatchKeyEvent (id=47) {

}
[7.192][DEBUG]: DEVTOOLS COMMAND Input.dispatchKeyEvent (id=48) {
   "code": "Digit1",
   "key": "1",
   "modifiers": 0,
   "text": "1",
   "type": "keyUp",
   "unmodifiedText": "1",
   "windowsVirtualKeyCode": 49
}
[7.208][DEBUG]: DEVTOOLS RESPONSE Input.dispatchKeyEvent (id=48) {

}
[7.208][DEBUG]: DEVTOOLS COMMAND Input.dispatchKeyEvent (id=49) {
   "code": "Digit2",
   "key": "2",
   "modifiers": 0,
   "text": "2",
   "type": "rawKeyDown",
   "unmodifiedText": "2",
   "windowsVirtualKeyCode": 50
}
[7.212][DEBUG]: DEVTOOLS RESPONSE Input.dispatchKeyEvent (id=49) {

}
[7.212][DEBUG]: DEVTOOLS COMMAND Input.dispatchKeyEvent (id=50) {
   "code": "Digit2",
   "key": "2",
   "modifiers": 0,
   "text": "2",
   "type": "char",
   "unmodifiedText": "2",
   "windowsVirtualKeyCode": 50
}
[7.237][DEBUG]: DEVTOOLS EVENT DOM.childNodeCountUpdated {
   "childNodeCount": 33,
   "nodeId": 21
}
[7.237][DEBUG]: DEVTOOLS RESPONSE Input.dispatchKeyEvent (id=50) {

}
[7.237][DEBUG]: DEVTOOLS COMMAND Input.dispatchKeyEvent (id=51) {
   "code": "Digit2",
   "key": "2",
   "modifiers": 0,
   "text": "2",
   "type": "keyUp",
   "unmodifiedText": "2",
   "windowsVirtualKeyCode": 50
}
[7.237][DEBUG]: DEVTOOLS EVENT DOM.childNodeCountUpdated {
   "childNodeCount": 32,
   "nodeId": 21
}
[7.248][DEBUG]: DEVTOOLS RESPONSE Input.dispatchKeyEvent (id=51) {

}
[7.248][DEBUG]: DEVTOOLS COMMAND Input.dispatchKeyEvent (id=52) {
   "code": "Digit3",
   "key": "3",
   "modifiers": 0,
   "text": "3",
   "type": "rawKeyDown",
   "unmodifiedText": "3",
   "windowsVirtualKeyCode": 51
}
[7.251][DEBUG]: DEVTOOLS RESPONSE Input.dispatchKeyEvent (id=52) {

}
[7.252][DEBUG]: DEVTOOLS COMMAND Input.dispatchKeyEvent (id=53) {
   "code": "Digit3",
   "key": "3",
   "modifiers": 0,
   "text": "3",
   "type": "char",
   "unmodifiedText": "3",
   "windowsVirtualKeyCode": 51
}
[7.253][DEBUG]: DEVTOOLS EVENT Page.lifecycleEvent {
   "frameId": "(931371FC2F9BD8F1DD2E6D7EA3D31E54)",
   "name": "firstMeaningfulPaint",
   "timestamp": 2327.460633
}
[7.255][DEBUG]: DEVTOOLS RESPONSE Input.dispatchKeyEvent (id=53) {

}
[7.255][DEBUG]: DEVTOOLS COMMAND Input.dispatchKeyEvent (id=54) {
   "code": "Digit3",
   "key": "3",
   "modifiers": 0,
   "text": "3",
   "type": "keyUp",
   "unmodifiedText": "3",
   "windowsVirtualKeyCode": 51
}
[7.257][DEBUG]: DEVTOOLS RESPONSE Input.dispatchKeyEvent (id=54) {

}
[7.257][DEBUG]: DEVTOOLS COMMAND Input.dispatchKeyEvent (id=55) {
   "code": "Digit4",
   "key": "4",
   "modifiers": 0,
   "text": "4",
   "type": "rawKeyDown",
   "unmodifiedText": "4",
   "windowsVirtualKeyCode": 52
}
[7.259][DEBUG]: DEVTOOLS RESPONSE Input.dispatchKeyEvent (id=55) {

}
[7.259][DEBUG]: DEVTOOLS COMMAND Input.dispatchKeyEvent (id=56) {
   "code": "Digit4",
   "key": "4",
   "modifiers": 0,
   "text": "4",
   "type": "char",
   "unmodifiedText": "4",
   "windowsVirtualKeyCode": 52
}
[7.268][DEBUG]: DEVTOOLS RESPONSE Input.dispatchKeyEvent (id=56) {

}
[7.268][DEBUG]: DEVTOOLS COMMAND Input.dispatchKeyEvent (id=57) {
   "code": "Digit4",
   "key": "4",
   "modifiers": 0,
   "text": "4",
   "type": "keyUp",
   "unmodifiedText": "4",
   "windowsVirtualKeyCode": 52
}
[7.271][DEBUG]: DEVTOOLS RESPONSE Input.dispatchKeyEvent (id=57) {

}
[7.271][DEBUG]: DEVTOOLS COMMAND Input.dispatchKeyEvent (id=58) {
   "code": "Digit5",
   "key": "5",
   "modifiers": 0,
   "text": "5",
   "type": "rawKeyDown",
   "unmodifiedText": "5",
   "windowsVirtualKeyCode": 53
}
[7.274][DEBUG]: DEVTOOLS RESPONSE Input.dispatchKeyEvent (id=58) {

}
[7.274][DEBUG]: DEVTOOLS COMMAND Input.dispatchKeyEvent (id=59) {
   "code": "Digit5",
   "key": "5",
   "modifiers": 0,
   "text": "5",
   "type": "char",
   "unmodifiedText": "5",
   "windowsVirtualKeyCode": 53
}
[7.276][DEBUG]: DEVTOOLS RESPONSE Input.dispatchKeyEvent (id=59) {

}
[7.276][DEBUG]: DEVTOOLS COMMAND Input.dispatchKeyEvent (id=60) {
   "code": "Digit5",
   "key": "5",
   "modifiers": 0,
   "text": "5",
   "type": "keyUp",
   "unmodifiedText": "5",
   "windowsVirtualKeyCode": 53
}
[7.278][DEBUG]: DEVTOOLS RESPONSE Input.dispatchKeyEvent (id=60) {

}
[7.278][INFO]: Waiting for pending navigations...
[7.278][DEBUG]: DEVTOOLS COMMAND Runtime.evaluate (id=61) {
   "expression": "1"
}
[7.287][DEBUG]: DEVTOOLS RESPONSE Runtime.evaluate (id=61) {
   "result": {
      "description": "1",
      "type": "number",
      "value": 1
   }
}
[7.287][INFO]: Done waiting for pending navigations. Status: ok
[7.287][INFO]: RESPONSE TypeElement
[7.310][INFO]: COMMAND Screenshot {

}
[7.310][INFO]: Waiting for pending navigations...
[7.310][DEBUG]: DEVTOOLS COMMAND Runtime.evaluate (id=62) {
   "expression": "1"
}
[7.311][DEBUG]: DEVTOOLS RESPONSE Runtime.evaluate (id=62) {
   "result": {
      "description": "1",
      "type": "number",
      "value": 1
   }
}
[7.311][INFO]: Done waiting for pending navigations. Status: ok
[7.311][DEBUG]: DevTools request: http://localhost:12450/json/activate/(931371FC2F9BD8F1DD2E6D7EA3D31E54)
[7.312][DEBUG]: DevTools response: Target activated
[7.312][DEBUG]: DEVTOOLS COMMAND Page.captureScreenshot (id=63) {

}
[7.552][DEBUG]: DEVTOOLS RESPONSE Page.captureScreenshot (id=63) {
   "data": "iVBORw0KGgoAAAANSUhEUgAABVYAAAO+CAYAAADv/k7HAAAgAElEQVR4nOzdd3xUVf7/8fe09EYPndB7kaaCq6DLioiLyCrrIoiudVXWsvoTBXEtuzaUtSAuiIIIwlIkIF9RiIUaEI10BIIQQgshFdJm7u+PmEkmdSYkmQl5PX3wMPfec8/5nDuTzMkn555rSk1NN..."
}
[7.552][INFO]: Waiting for pending navigations...
[7.552][DEBUG]: DEVTOOLS COMMAND Runtime.evaluate (id=64) {
   "expression": "1"
}
[7.559][DEBUG]: DEVTOOLS EVENT DOM.childNodeCountUpdated {
   "childNodeCount": 33,
   "nodeId": 21
}
[7.559][DEBUG]: DEVTOOLS EVENT DOM.childNodeCountUpdated {
   "childNodeCount": 32,
   "nodeId": 21
}
[7.559][DEBUG]: DEVTOOLS RESPONSE Runtime.evaluate (id=64) {
   "result": {
      "description": "1",
      "type": "number",
      "value": 1
   }
}
[7.559][INFO]: Done waiting for pending navigations. Status: ok
[7.560][INFO]: RESPONSE Screenshot "iVBORw0KGgoAAAANSUhEUgAABVYAAAO+CAYAAADv/k7HAAAgAElEQVR4nOzdd3xUVf7/8fe09EYPndB7kaaCq6DLioiLyCrrIoiudVXWsvoTBXEtuzaUtSAuiIIIwlIkIF9RiIUaEI10BIIQQgshFdJm7u+PmEkmdSYkmQl5PX3wMPfec8/5nDuTzMkn555rSk1NN..."
[7.726][INFO]: COMMAND Quit {

}
[7.777][INFO]: RESPONSE Quit
[7.777][DEBUG]: Log type 'driver' lost 0 entries on destruction
[7.777][DEBUG]: Log type 'browser' lost 0 entries on destruction
