[1.239][INFO]: COMMAND InitSession {
   "desiredCapabilities": {
      "browserName": "chrome",
      "chromeOptions": {
         "args": [ "--disable-gpu", "--single-process", "--no-sandbox", "--data-path=/tmp/data-path", "--homedir=/tmp/homedir", "--disk-cache-dir=/tmp", "--disk-cache-size=1", "--media-cache-size=1", "--allow-file-access-from-files", "--enable-logging", "--v=1", "--disable-web-security", "--disable-extensions", "--ignore-certificate-errors", "--disable-ntp-most-likely-favicons-from-server", "--disable-ntp-popular-sites", "--window-size=1366,1024", "--disable-infobars", "--disable-dev-shm-usage", "..." ],
         "binary": "/tmp/chrome-lambda/chrome",
         "prefs": {
            "credentials_enable_service": false,
            "profile": {
               "password_manager_enabled": false
            }
         }
      },
      "count": 1
   }
}
[1.239][INFO]: Populating Preferences file: {
   "alternate_error_pages": {
      "enabled": false
   },
   "autofill": {
      "enabled": false
   },
   "browser": {
      "check_default_browser": false
   },
   "credentials_enable_service": false,
   "distribution": {
      "import_bookmarks": false,
      "import_history": false,
      "import_search_engine": false,
      "make_chrome_default_for_user": false,
      "show_welcome_page": false,
      "skip_first_run_ui": true
   },
   "dns_prefetching": {
      "enabled": false
   },
   "profile": {
      "password_manager_enabled": false
   },
   "safebrowsing": {
      "enabled": false
   },
   "search": {
      "suggest_enabled": false
   },
   "translate": {
      "enabled": false
   }
}
[1.239][INFO]: Populating Local State file: {
   "background_mode": {
      "enabled": false
   },
   "ssl": {
      "rev_checking": {
         "enabled": false
      }
   }
}
[1.239][INFO]: Launching chrome: /tmp/chrome-lambda/chrome --allow-file-access-from-files --data-path=/tmp/data-path --disable-background-networking --disable-browser-side-navigation --disable-client-side-phishing-detection --disable-default-apps --disable-dev-shm-usage --disable-extensions --disable-extensions-except=/tmp/.org.chromium.Chromium.tqWW5c/internal --disable-gpu --disable-hang-monitor --disable-infobars --disable-ntp-most-likely-favicons-from-server --disable-ntp-popular-sites --disable-popup-blocking --disable-prompt-on-repost --disable-sync --disable-web-resources --disable-web-security --disk-cache-dir=/tmp --disk-cache-size=1 --enable-automation --enable-logging --enable-precise-memory-info --force-fieldtrials=SiteIsolationExtensions/Control --homedir=/tmp/homedir --ignore-certificate-errors --log-level=0 --media-cache-size=1 --metrics-recording-only --no-first-run --no-sandbox --password-store=basic --remote-debugging-port=12830 --safebrowsing-disable-auto-update --single-process --test-type=webdriver --use-mock-keychain --user-data-dir=/tmp/.org.chromium.Chromium.SoZ6pj --v=1 --window-size=1366,1024 data:,
[1.240][DEBUG]: DevTools request: http://localhost:12830/json/version
prctl(PR_SET_NO_NEW_PRIVS) failed
Xlib:  extension "RANDR" missing on display ":99".
[44:49:0831/073346.327810:ERROR:bus.cc(395)] Failed to connect to the bus: Failed to connect to socket /var/run/dbus/system_bus_socket: No such file or directory
Xlib:  extension "RANDR" missing on display ":99".

DevTools listening on ws://127.0.0.1:12830/devtools/browser/76da3bd3-8f31-43f6-8ff1-6207b5c59c17
[1.982][SEVERE]: CreatePlatformSocket() returned an error, errno=1: Operation not permitted (1)
[1.994][DEBUG]: DevTools response: {
   "Browser": "Chrome/63.0.3239.84",
   "Protocol-Version": "1.2",
   "User-Agent": "Mozilla/5.0 (X11; Linux x86_64) AppleWebKit/537.36 (KHTML, like Gecko) Chrome/63.0.3239.84 Safari/537.36",
   "V8-Version": "6.3.292.46",
   "WebKit-Version": "537.36 (@0f53a5abc7a405fbe9f1cfd3db38f2092c8a7816)",
   "webSocketDebuggerUrl": "ws://localhost:12830/devtools/browser/76da3bd3-8f31-43f6-8ff1-6207b5c59c17"
}

[1.996][DEBUG]: DevTools request: http://localhost:12830/json
[1.997][DEBUG]: DevTools response: [ {
   "description": "",
   "devtoolsFrontendUrl": "/devtools/inspector.html?ws=localhost:12830/devtools/page/(787A7E68C0B7E046E8A69012D208F137)",
   "id": "(787A7E68C0B7E046E8A69012D208F137)",
   "title": "",
   "type": "page",
   "url": "data:,",
   "webSocketDebuggerUrl": "ws://localhost:12830/devtools/page/(787A7E68C0B7E046E8A69012D208F137)"
} ]

[1.997][DEBUG]: DevTools request: http://localhost:12830/json
[1.997][DEBUG]: DevTools response: [ {
   "description": "",
   "devtoolsFrontendUrl": "/devtools/inspector.html?ws=localhost:12830/devtools/page/(787A7E68C0B7E046E8A69012D208F137)",
   "id": "(787A7E68C0B7E046E8A69012D208F137)",
   "title": "",
   "type": "page",
   "url": "data:,",
   "webSocketDebuggerUrl": "ws://localhost:12830/devtools/page/(787A7E68C0B7E046E8A69012D208F137)"
} ]

[1.998][INFO]: resolved localhost to ["127.0.0.1"]
[44:67:0831/073346.962630:ERROR:io_thread.cc(730)] Cannot use V8 Proxy resolver in single process mode.
[44:67:0831/073346.963640:ERROR:io_thread.cc(730)] Cannot use V8 Proxy resolver in single process mode.
[2.009][DEBUG]: DEVTOOLS COMMAND Log.enable (id=1) {

}
[2.009][DEBUG]: DEVTOOLS COMMAND DOM.getDocument (id=2) {

}
[2.009][DEBUG]: DEVTOOLS COMMAND Runtime.enable (id=3) {

}
[2.010][DEBUG]: DEVTOOLS COMMAND Page.enable (id=4) {

}
[2.010][DEBUG]: DEVTOOLS COMMAND Page.enable (id=5) {

}
[2.071][DEBUG]: DEVTOOLS RESPONSE Log.enable (id=1) {

}
[2.072][DEBUG]: DEVTOOLS RESPONSE DOM.getDocument (id=2) {
   "root": {
      "backendNodeId": 1,
      "baseURL": "about:blank",
      "childNodeCount": 1,
      "children": [ {
         "attributes": [  ],
         "backendNodeId": 2,
         "childNodeCount": 2,
         "children": [ {
            "attributes": [  ],
            "backendNodeId": 3,
            "childNodeCount": 0,
            "localName": "head",
            "nodeId": 3,
            "nodeName": "HEAD",
            "nodeType": 1,
            "nodeValue": "",
            "parentId": 2
         }, {
            "attributes": [  ],
            "backendNodeId": 4,
            "childNodeCount": 0,
            "localName": "body",
            "nodeId": 4,
            "nodeName": "BODY",
            "nodeType": 1,
            "nodeValue": "",
            "parentId": 2
         } ],
         "frameId": "(787A7E68C0B7E046E8A69012D208F137)",
         "localName": "html",
         "nodeId": 2,
         "nodeName": "HTML",
         "nodeType": 1,
         "nodeValue": "",
         "parentId": 1
      } ],
      "documentURL": "",
      "localName": "",
      "nodeId": 1,
      "nodeName": "#document",
      "nodeType": 9,
      "nodeValue": "",
      "xmlVersion": ""
   }
}
[2.072][DEBUG]: DEVTOOLS RESPONSE Runtime.enable (id=3) {

}
[2.072][DEBUG]: DEVTOOLS RESPONSE Page.enable (id=4) {

}
[2.072][DEBUG]: DEVTOOLS RESPONSE Page.enable (id=5) {

}
[2.072][DEBUG]: DEVTOOLS COMMAND Page.enable (id=6) {

}
[2.114][DEBUG]: DEVTOOLS EVENT Page.lifecycleEvent {
   "frameId": "(787A7E68C0B7E046E8A69012D208F137)",
   "name": "commit",
   "timestamp": 700.686335
}
[2.114][DEBUG]: DEVTOOLS EVENT Page.frameNavigated {
   "frame": {
      "id": "(787A7E68C0B7E046E8A69012D208F137)",
      "loaderId": "44.1",
      "mimeType": "text/plain",
      "securityOrigin": "://",
      "url": "data:,"
   }
}
[2.114][DEBUG]: DEVTOOLS EVENT DOM.documentUpdated {

}
[2.114][DEBUG]: DEVTOOLS COMMAND DOM.getDocument (id=7) {

}
[2.114][DEBUG]: DEVTOOLS EVENT Runtime.executionContextCreated {
   "context": {
      "auxData": {
         "frameId": "(787A7E68C0B7E046E8A69012D208F137)",
         "isDefault": true
      },
      "id": 1,
      "name": "",
      "origin": "://"
   }
}
[2.114][DEBUG]: DEVTOOLS RESPONSE Page.enable (id=6) {

}
[2.170][DEBUG]: DEVTOOLS EVENT Page.loadEventFired {
   "timestamp": 700.728826
}
[2.170][DEBUG]: DEVTOOLS EVENT Page.lifecycleEvent {
   "frameId": "(787A7E68C0B7E046E8A69012D208F137)",
   "name": "load",
   "timestamp": 700.728826
}
[2.171][DEBUG]: DEVTOOLS EVENT Page.frameStoppedLoading {
   "frameId": "(787A7E68C0B7E046E8A69012D208F137)"
}
[2.171][DEBUG]: DEVTOOLS EVENT Page.domContentEventFired {
   "timestamp": 700.731707
}
[2.171][DEBUG]: DEVTOOLS EVENT Page.lifecycleEvent {
   "frameId": "(787A7E68C0B7E046E8A69012D208F137)",
   "name": "DOMContentLoaded",
   "timestamp": 700.731707
}
[2.171][DEBUG]: DEVTOOLS EVENT DOM.documentUpdated {

}
[2.171][DEBUG]: DEVTOOLS COMMAND DOM.getDocument (id=8) {

}
[2.172][DEBUG]: DEVTOOLS RESPONSE DOM.getDocument (id=7) {
   "root": {
      "backendNodeId": 5,
      "baseURL": "data:,",
      "childNodeCount": 1,
      "children": [ {
         "attributes": [  ],
         "backendNodeId": 6,
         "childNodeCount": 2,
         "children": [ {
            "attributes": [  ],
            "backendNodeId": 7,
            "childNodeCount": 0,
            "localName": "head",
            "nodeId": 7,
            "nodeName": "HEAD",
            "nodeType": 1,
            "nodeValue": "",
            "parentId": 6
         }, {
            "attributes": [  ],
            "backendNodeId": 8,
            "childNodeCount": 1,
            "localName": "body",
            "nodeId": 8,
            "nodeName": "BODY",
            "nodeType": 1,
            "nodeValue": "",
            "parentId": 6
         } ],
         "frameId": "(787A7E68C0B7E046E8A69012D208F137)",
         "localName": "html",
         "nodeId": 6,
         "nodeName": "HTML",
         "nodeType": 1,
         "nodeValue": "",
         "parentId": 5
      } ],
      "documentURL": "data:,",
      "localName": "",
      "nodeId": 5,
      "nodeName": "#document",
      "nodeType": 9,
      "nodeValue": "",
      "xmlVersion": ""
   }
}
[2.178][DEBUG]: DEVTOOLS RESPONSE DOM.getDocument (id=8) {
   "root": {
      "backendNodeId": 5,
      "baseURL": "data:,",
      "childNodeCount": 1,
      "children": [ {
         "attributes": [  ],
         "backendNodeId": 6,
         "childNodeCount": 2,
         "children": [ {
            "attributes": [  ],
            "backendNodeId": 7,
            "childNodeCount": 0,
            "localName": "head",
            "nodeId": 11,
            "nodeName": "HEAD",
            "nodeType": 1,
            "nodeValue": "",
            "parentId": 10
         }, {
            "attributes": [  ],
            "backendNodeId": 8,
            "childNodeCount": 1,
            "localName": "body",
            "nodeId": 12,
            "nodeName": "BODY",
            "nodeType": 1,
            "nodeValue": "",
            "parentId": 10
         } ],
         "frameId": "(787A7E68C0B7E046E8A69012D208F137)",
         "localName": "html",
         "nodeId": 10,
         "nodeName": "HTML",
         "nodeType": 1,
         "nodeValue": "",
         "parentId": 9
      } ],
      "documentURL": "data:,",
      "localName": "",
      "nodeId": 9,
      "nodeName": "#document",
      "nodeType": 9,
      "nodeValue": "",
      "xmlVersion": ""
   }
}
[2.178][DEBUG]: DEVTOOLS COMMAND Runtime.enable (id=9) {

}
[2.178][DEBUG]: DEVTOOLS RESPONSE Runtime.enable (id=9) {

}
[2.179][DEBUG]: DEVTOOLS COMMAND Runtime.evaluate (id=10) {
   "expression": "(function() { // Copyright (c) 2012 The Chromium Authors. All rights reserved.\n// Use of this source code is governed by a BSD-style license that can be\n// found in the LICENSE file.\n\n/**\n * Enum f...",
   "returnByValue": true
}
[2.188][DEBUG]: DEVTOOLS RESPONSE Runtime.evaluate (id=10) {
   "result": {
      "type": "object",
      "value": {
         "status": 0,
         "value": 1
      }
   }
}
[2.188][INFO]: RESPONSE InitSession {
   "acceptSslCerts": true,
   "applicationCacheEnabled": false,
   "browserConnectionEnabled": false,
   "browserName": "chrome",
   "chrome": {
      "chromedriverVersion": "2.33.506092 (733a02544d189eeb751fe0d7ddca79a0ee28cce4)",
      "userDataDir": "/tmp/.org.chromium.Chromium.SoZ6pj"
   },
   "cssSelectorsEnabled": true,
   "databaseEnabled": false,
   "handlesAlerts": true,
   "hasTouchScreen": false,
   "javascriptEnabled": true,
   "locationContextEnabled": true,
   "mobileEmulationEnabled": false,
   "nativeEvents": true,
   "networkConnectionEnabled": false,
   "pageLoadStrategy": "normal",
   "platform": "Linux",
   "rotatable": false,
   "setWindowRect": true,
   "takesHeapSnapshot": true,
   "~~~": "..."
}
[2.218][INFO]: COMMAND SetTimeout {
   "script": 11000
}
[2.220][INFO]: RESPONSE SetTimeout unknown error: 'ms' must be a double
  (Session info: chrome=63.0.3239.84)
[2.237][INFO]: COMMAND SetTimeout {
   "ms": 11000,
   "type": "script"
}
[2.237][INFO]: RESPONSE SetTimeout
[3.097][INFO]: COMMAND SetTimeout {
   "pageLoad": 30000
}
[3.099][INFO]: RESPONSE SetTimeout unknown error: 'ms' must be a double
  (Session info: chrome=63.0.3239.84)
[3.137][INFO]: COMMAND SetTimeout {
   "ms": 30000,
   "type": "page load"
}
[3.137][INFO]: RESPONSE SetTimeout
[3.275][INFO]: COMMAND Navigate {
   "url": "https://translate.google.com/#en/es/Advice"
}
[3.275][INFO]: Waiting for pending navigations...
[3.275][DEBUG]: DEVTOOLS COMMAND Runtime.evaluate (id=11) {
   "expression": "1"
}
[3.276][DEBUG]: DEVTOOLS EVENT Page.lifecycleEvent {
   "frameId": "(787A7E68C0B7E046E8A69012D208F137)",
   "name": "networkAlmostIdle",
   "timestamp": 700.731737
}
[3.276][DEBUG]: DEVTOOLS EVENT Page.lifecycleEvent {
   "frameId": "(787A7E68C0B7E046E8A69012D208F137)",
   "name": "networkIdle",
   "timestamp": 700.731737
}
[3.277][DEBUG]: DEVTOOLS RESPONSE Runtime.evaluate (id=11) {
   "result": {
      "description": "1",
      "type": "number",
      "value": 1
   }
}
[3.277][INFO]: Done waiting for pending navigations. Status: ok
[3.277][DEBUG]: DEVTOOLS COMMAND Page.navigate (id=12) {
   "url": "https://translate.google.com/#en/es/Advice"
}
[3.289][DEBUG]: DEVTOOLS EVENT Page.frameStartedLoading {
   "frameId": "(787A7E68C0B7E046E8A69012D208F137)"
}
[3.289][DEBUG]: DEVTOOLS RESPONSE Page.navigate (id=12) {
   "frameId": "(787A7E68C0B7E046E8A69012D208F137)"
}
[3.289][INFO]: Waiting for pending navigations...
[3.289][DEBUG]: DEVTOOLS COMMAND Runtime.evaluate (id=13) {
   "expression": "1"
}
[3.290][DEBUG]: DEVTOOLS RESPONSE Runtime.evaluate (id=13) {
   "result": {
      "description": "1",
      "type": "number",
      "value": 1
   }
}
[3.713][DEBUG]: DEVTOOLS EVENT Runtime.executionContextDestroyed {
   "executionContextId": 1
}
[3.713][DEBUG]: DEVTOOLS COMMAND Runtime.evaluate (id=14) {
   "expression": "1"
}
[3.713][DEBUG]: DEVTOOLS EVENT Runtime.executionContextsCleared {

}
[3.713][DEBUG]: DEVTOOLS EVENT Page.lifecycleEvent {
   "frameId": "(787A7E68C0B7E046E8A69012D208F137)",
   "name": "commit",
   "timestamp": 702.316628
}
[3.713][DEBUG]: DEVTOOLS EVENT Page.frameNavigated {
   "frame": {
      "id": "(787A7E68C0B7E046E8A69012D208F137)",
      "loaderId": "44.2",
      "mimeType": "text/html",
      "securityOrigin": "https://translate.google.com",
      "url": "https://translate.google.com/"
   }
}
[3.713][DEBUG]: DEVTOOLS EVENT Runtime.executionContextCreated {
   "context": {
      "auxData": {
         "frameId": "(787A7E68C0B7E046E8A69012D208F137)",
         "isDefault": true
      },
      "id": 3,
      "name": "",
      "origin": "https://translate.google.com"
   }
}
[3.728][DEBUG]: DEVTOOLS EVENT DOM.documentUpdated {

}
[3.728][DEBUG]: DEVTOOLS COMMAND DOM.getDocument (id=15) {

}
[3.812][DEBUG]: DEVTOOLS RESPONSE Runtime.evaluate (id=14) {
   "result": {
      "description": "1",
      "type": "number",
      "value": 1
   }
}
[3.814][DEBUG]: DEVTOOLS RESPONSE DOM.getDocument (id=15) {
   "root": {
      "backendNodeId": 10,
      "baseURL": "https://translate.google.com/#en/es/Advice",
      "childNodeCount": 2,
      "children": [ {
         "backendNodeId": 11,
         "localName": "",
         "nodeId": 14,
         "nodeName": "html",
         "nodeType": 10,
         "nodeValue": "",
         "parentId": 13,
         "publicId": "",
         "systemId": ""
      }, {
         "attributes": [  ],
         "backendNodeId": 12,
         "childNodeCount": 1,
         "children": [ {
            "attributes": [  ],
            "backendNodeId": 13,
            "childNodeCount": 18,
            "localName": "head",
            "nodeId": 16,
            "nodeName": "HEAD",
            "nodeType": 1,
            "nodeValue": "",
            "parentId": 15
         } ],
         "frameId": "(787A7E68C0B7E046E8A69012D208F137)",
         "localName": "html",
         "nodeId": 15,
         "nodeName": "HTML",
         "nodeType": 1,
         "nodeValue": "",
         "parentId": 13
      } ],
      "documentURL": "https://translate.google.com/#en/es/Advice",
      "localName": "",
      "nodeId": 13,
      "nodeName": "#document",
      "nodeType": 9,
      "nodeValue": "",
      "xmlVersion": ""
   }
}
[3.914][DEBUG]: DEVTOOLS EVENT DOM.childNodeCountUpdated {
   "childNodeCount": 19,
   "nodeId": 16
}
[3.914][DEBUG]: DEVTOOLS EVENT DOM.childNodeCountUpdated {
   "childNodeCount": 20,
   "nodeId": 16
}
[3.914][DEBUG]: DEVTOOLS EVENT DOM.childNodeCountUpdated {
   "childNodeCount": 21,
   "nodeId": 16
}
[3.914][DEBUG]: DEVTOOLS EVENT DOM.childNodeCountUpdated {
   "childNodeCount": 22,
   "nodeId": 16
}
[3.914][DEBUG]: DEVTOOLS EVENT DOM.childNodeInserted {
   "node": {
      "attributes": [ "dir", "ltr", "onload", "window.jstiming.load['tick']('ol');", "class", "e_md nj pre-epu" ],
      "backendNodeId": 14,
      "childNodeCount": 0,
      "localName": "body",
      "nodeId": 17,
      "nodeName": "BODY",
      "nodeType": 1,
      "nodeValue": ""
   },
   "parentNodeId": 15,
   "previousNodeId": 16
}
[3.914][DEBUG]: DEVTOOLS EVENT DOM.childNodeCountUpdated {
   "childNodeCount": 1,
   "nodeId": 17
}
[3.914][DEBUG]: DEVTOOLS EVENT DOM.childNodeCountUpdated {
   "childNodeCount": 2,
   "nodeId": 17
}
[3.914][DEBUG]: DEVTOOLS COMMAND Runtime.evaluate (id=16) {
   "expression": "1"
}
[3.970][DEBUG]: DEVTOOLS EVENT DOM.childNodeCountUpdated {
   "childNodeCount": 3,
   "nodeId": 17
}
[3.970][DEBUG]: DEVTOOLS EVENT DOM.attributeModified {
   "name": "class",
   "nodeId": 17,
   "value": "e_md  pre-epu"
}
[3.970][DEBUG]: DEVTOOLS EVENT DOM.childNodeCountUpdated {
   "childNodeCount": 4,
   "nodeId": 17
}
[3.970][DEBUG]: DEVTOOLS RESPONSE Runtime.evaluate (id=16) {
   "result": {
      "description": "1",
      "type": "number",
      "value": 1
   }
}
[4.040][DEBUG]: DEVTOOLS EVENT Page.lifecycleEvent {
   "frameId": "(787A7E68C0B7E046E8A69012D208F137)",
   "name": "firstPaint",
   "timestamp": 702.580433
}
[4.040][DEBUG]: DEVTOOLS COMMAND Runtime.evaluate (id=17) {
   "expression": "1"
}
[4.040][DEBUG]: DEVTOOLS EVENT Page.lifecycleEvent {
   "frameId": "(787A7E68C0B7E046E8A69012D208F137)",
   "name": "firstContentfulPaint",
   "timestamp": 702.580437
}
[4.040][DEBUG]: DEVTOOLS EVENT Page.lifecycleEvent {
   "frameId": "(787A7E68C0B7E046E8A69012D208F137)",
   "name": "firstTextPaint",
   "timestamp": 702.580438
}
[4.040][DEBUG]: DEVTOOLS EVENT Page.lifecycleEvent {
   "frameId": "(787A7E68C0B7E046E8A69012D208F137)",
   "name": "firstImagePaint",
   "timestamp": 702.580439
}
[4.040][DEBUG]: DEVTOOLS EVENT Page.lifecycleEvent {
   "frameId": "(787A7E68C0B7E046E8A69012D208F137)",
   "name": "firstMeaningfulPaintCandidate",
   "timestamp": 702.58044
}
[4.448][DEBUG]: DEVTOOLS EVENT DOM.attributeModified {
   "name": "class",
   "nodeId": 17,
   "value": "e_md pre-epu"
}
[4.448][DEBUG]: DEVTOOLS EVENT DOM.childNodeCountUpdated {
   "childNodeCount": 5,
   "nodeId": 17
}
[4.448][DEBUG]: DEVTOOLS EVENT DOM.childNodeCountUpdated {
   "childNodeCount": 4,
   "nodeId": 17
}
[4.448][DEBUG]: DEVTOOLS EVENT DOM.childNodeCountUpdated {
   "childNodeCount": 5,
   "nodeId": 17
}
[4.448][DEBUG]: DEVTOOLS EVENT DOM.childNodeCountUpdated {
   "childNodeCount": 6,
   "nodeId": 17
}
[4.448][DEBUG]: DEVTOOLS EVENT DOM.childNodeCountUpdated {
   "childNodeCount": 7,
   "nodeId": 17
}
[4.448][DEBUG]: DEVTOOLS EVENT DOM.childNodeCountUpdated {
   "childNodeCount": 8,
   "nodeId": 17
}
[4.448][DEBUG]: DEVTOOLS EVENT DOM.childNodeCountUpdated {
   "childNodeCount": 7,
   "nodeId": 17
}
[4.448][DEBUG]: DEVTOOLS EVENT DOM.childNodeCountUpdated {
   "childNodeCount": 6,
   "nodeId": 17
}
[4.448][DEBUG]: DEVTOOLS EVENT DOM.childNodeCountUpdated {
   "childNodeCount": 7,
   "nodeId": 17
}
[4.448][DEBUG]: DEVTOOLS EVENT DOM.childNodeCountUpdated {
   "childNodeCount": 8,
   "nodeId": 17
}
[4.448][DEBUG]: DEVTOOLS EVENT DOM.childNodeCountUpdated {
   "childNodeCount": 9,
   "nodeId": 17
}
[4.448][DEBUG]: DEVTOOLS EVENT DOM.childNodeCountUpdated {
   "childNodeCount": 10,
   "nodeId": 17
}
[4.448][DEBUG]: DEVTOOLS EVENT DOM.childNodeCountUpdated {
   "childNodeCount": 11,
   "nodeId": 17
}
[4.448][DEBUG]: DEVTOOLS EVENT DOM.childNodeCountUpdated {
   "childNodeCount": 12,
   "nodeId": 17
}
[4.448][DEBUG]: DEVTOOLS EVENT DOM.childNodeCountUpdated {
   "childNodeCount": 13,
   "nodeId": 17
}
[4.448][DEBUG]: DEVTOOLS EVENT DOM.childNodeCountUpdated {
   "childNodeCount": 14,
   "nodeId": 17
}
[4.448][DEBUG]: DEVTOOLS EVENT DOM.childNodeCountUpdated {
   "childNodeCount": 15,
   "nodeId": 17
}
[4.448][DEBUG]: DEVTOOLS EVENT DOM.childNodeCountUpdated {
   "childNodeCount": 14,
   "nodeId": 17
}
[4.448][DEBUG]: DEVTOOLS EVENT DOM.childNodeCountUpdated {
   "childNodeCount": 13,
   "nodeId": 17
}
[4.448][DEBUG]: DEVTOOLS EVENT DOM.childNodeCountUpdated {
   "childNodeCount": 14,
   "nodeId": 17
}
[4.448][DEBUG]: DEVTOOLS EVENT DOM.childNodeCountUpdated {
   "childNodeCount": 23,
   "nodeId": 16
}
[4.448][DEBUG]: DEVTOOLS EVENT DOM.childNodeCountUpdated {
   "childNodeCount": 15,
   "nodeId": 17
}
[4.448][DEBUG]: DEVTOOLS EVENT DOM.childNodeCountUpdated {
   "childNodeCount": 14,
   "nodeId": 17
}
[4.448][DEBUG]: DEVTOOLS EVENT DOM.childNodeCountUpdated {
   "childNodeCount": 15,
   "nodeId": 17
}
[4.448][DEBUG]: DEVTOOLS EVENT DOM.childNodeCountUpdated {
   "childNodeCount": 14,
   "nodeId": 17
}
[4.448][DEBUG]: DEVTOOLS EVENT DOM.childNodeCountUpdated {
   "childNodeCount": 15,
   "nodeId": 17
}
[4.448][DEBUG]: DEVTOOLS EVENT DOM.childNodeCountUpdated {
   "childNodeCount": 14,
   "nodeId": 17
}
[4.448][DEBUG]: DEVTOOLS EVENT DOM.childNodeCountUpdated {
   "childNodeCount": 15,
   "nodeId": 17
}
[4.448][DEBUG]: DEVTOOLS EVENT DOM.childNodeCountUpdated {
   "childNodeCount": 14,
   "nodeId": 17
}
[4.448][DEBUG]: DEVTOOLS EVENT DOM.childNodeCountUpdated {
   "childNodeCount": 15,
   "nodeId": 17
}
[4.448][DEBUG]: DEVTOOLS EVENT DOM.childNodeCountUpdated {
   "childNodeCount": 14,
   "nodeId": 17
}
[4.448][DEBUG]: DEVTOOLS EVENT DOM.childNodeCountUpdated {
   "childNodeCount": 15,
   "nodeId": 17
}
[4.448][DEBUG]: DEVTOOLS EVENT DOM.childNodeCountUpdated {
   "childNodeCount": 14,
   "nodeId": 17
}
[4.448][DEBUG]: DEVTOOLS EVENT DOM.childNodeCountUpdated {
   "childNodeCount": 15,
   "nodeId": 17
}
[4.448][DEBUG]: DEVTOOLS EVENT DOM.childNodeCountUpdated {
   "childNodeCount": 14,
   "nodeId": 17
}
[4.448][DEBUG]: DEVTOOLS EVENT DOM.childNodeCountUpdated {
   "childNodeCount": 15,
   "nodeId": 17
}
[4.448][DEBUG]: DEVTOOLS EVENT DOM.childNodeCountUpdated {
   "childNodeCount": 14,
   "nodeId": 17
}
[4.448][DEBUG]: DEVTOOLS EVENT DOM.childNodeCountUpdated {
   "childNodeCount": 15,
   "nodeId": 17
}
[4.448][DEBUG]: DEVTOOLS EVENT DOM.childNodeCountUpdated {
   "childNodeCount": 14,
   "nodeId": 17
}
[4.448][DEBUG]: DEVTOOLS EVENT DOM.childNodeCountUpdated {
   "childNodeCount": 15,
   "nodeId": 17
}
[4.448][DEBUG]: DEVTOOLS EVENT DOM.childNodeCountUpdated {
   "childNodeCount": 14,
   "nodeId": 17
}
[4.448][DEBUG]: DEVTOOLS EVENT DOM.childNodeCountUpdated {
   "childNodeCount": 15,
   "nodeId": 17
}
[4.448][DEBUG]: DEVTOOLS EVENT DOM.childNodeCountUpdated {
   "childNodeCount": 14,
   "nodeId": 17
}
[4.448][DEBUG]: DEVTOOLS EVENT DOM.childNodeCountUpdated {
   "childNodeCount": 15,
   "nodeId": 17
}
[4.448][DEBUG]: DEVTOOLS EVENT DOM.childNodeCountUpdated {
   "childNodeCount": 14,
   "nodeId": 17
}
[4.448][DEBUG]: DEVTOOLS EVENT DOM.childNodeCountUpdated {
   "childNodeCount": 15,
   "nodeId": 17
}
[4.448][DEBUG]: DEVTOOLS EVENT DOM.childNodeCountUpdated {
   "childNodeCount": 14,
   "nodeId": 17
}
[4.448][DEBUG]: DEVTOOLS EVENT DOM.childNodeCountUpdated {
   "childNodeCount": 15,
   "nodeId": 17
}
[4.448][DEBUG]: DEVTOOLS EVENT DOM.childNodeCountUpdated {
   "childNodeCount": 14,
   "nodeId": 17
}
[4.448][DEBUG]: DEVTOOLS EVENT DOM.childNodeCountUpdated {
   "childNodeCount": 15,
   "nodeId": 17
}
[4.448][DEBUG]: DEVTOOLS EVENT DOM.childNodeCountUpdated {
   "childNodeCount": 14,
   "nodeId": 17
}
[4.448][DEBUG]: DEVTOOLS EVENT DOM.childNodeCountUpdated {
   "childNodeCount": 15,
   "nodeId": 17
}
[4.448][DEBUG]: DEVTOOLS EVENT DOM.childNodeCountUpdated {
   "childNodeCount": 14,
   "nodeId": 17
}
[4.448][DEBUG]: DEVTOOLS EVENT DOM.childNodeCountUpdated {
   "childNodeCount": 24,
   "nodeId": 16
}
[4.448][DEBUG]: DEVTOOLS EVENT DOM.childNodeCountUpdated {
   "childNodeCount": 25,
   "nodeId": 16
}
[4.448][DEBUG]: DEVTOOLS EVENT DOM.childNodeCountUpdated {
   "childNodeCount": 26,
   "nodeId": 16
}
[4.448][DEBUG]: DEVTOOLS EVENT DOM.childNodeCountUpdated {
   "childNodeCount": 15,
   "nodeId": 17
}
[4.448][DEBUG]: DEVTOOLS EVENT DOM.childNodeCountUpdated {
   "childNodeCount": 14,
   "nodeId": 17
}
[4.448][DEBUG]: DEVTOOLS EVENT Page.domContentEventFired {
   "timestamp": 703.043784
}
[4.448][DEBUG]: DEVTOOLS EVENT Page.lifecycleEvent {
   "frameId": "(787A7E68C0B7E046E8A69012D208F137)",
   "name": "DOMContentLoaded",
   "timestamp": 703.043784
}
[4.448][DEBUG]: DEVTOOLS EVENT DOM.documentUpdated {

}
[4.449][DEBUG]: DEVTOOLS COMMAND DOM.getDocument (id=18) {

}
[4.452][DEBUG]: DEVTOOLS EVENT Page.lifecycleEvent {
   "frameId": "(787A7E68C0B7E046E8A69012D208F137)",
   "name": "firstMeaningfulPaintCandidate",
   "timestamp": 702.645504
}
[4.452][DEBUG]: DEVTOOLS RESPONSE Runtime.evaluate (id=17) {
   "result": {
      "description": "1",
      "type": "number",
      "value": 1
   }
}
[4.610][DEBUG]: DEVTOOLS RESPONSE DOM.getDocument (id=18) {
   "root": {
      "backendNodeId": 10,
      "baseURL": "https://translate.google.com/#en/es/Advice",
      "childNodeCount": 2,
      "children": [ {
         "backendNodeId": 11,
         "localName": "",
         "nodeId": 19,
         "nodeName": "html",
         "nodeType": 10,
         "nodeValue": "",
         "parentId": 18,
         "publicId": "",
         "systemId": ""
      }, {
         "attributes": [  ],
         "backendNodeId": 12,
         "childNodeCount": 2,
         "children": [ {
            "attributes": [  ],
            "backendNodeId": 13,
            "childNodeCount": 28,
            "localName": "head",
            "nodeId": 21,
            "nodeName": "HEAD",
            "nodeType": 1,
            "nodeValue": "",
            "parentId": 20
         }, {
            "attributes": [ "dir", "ltr", "onload", "window.jstiming.load['tick']('ol');", "class", "e_md pre-epu" ],
            "backendNodeId": 14,
            "childNodeCount": 14,
            "localName": "body",
            "nodeId": 22,
            "nodeName": "BODY",
            "nodeType": 1,
            "nodeValue": "",
            "parentId": 20
         } ],
         "frameId": "(787A7E68C0B7E046E8A69012D208F137)",
         "localName": "html",
         "nodeId": 20,
         "nodeName": "HTML",
         "nodeType": 1,
         "nodeValue": "",
         "parentId": 18
      } ],
      "documentURL": "https://translate.google.com/#en/es/Advice",
      "localName": "",
      "nodeId": 18,
      "nodeName": "#document",
      "nodeType": 9,
      "nodeValue": "",
      "xmlVersion": ""
   }
}
[4.669][DEBUG]: DEVTOOLS EVENT Page.lifecycleEvent {
   "frameId": "(787A7E68C0B7E046E8A69012D208F137)",
   "name": "firstMeaningfulPaintCandidate",
   "timestamp": 703.260741
}
[4.669][DEBUG]: DEVTOOLS COMMAND Runtime.evaluate (id=19) {
   "expression": "1"
}
[4.831][DEBUG]: DEVTOOLS EVENT DOM.childNodeCountUpdated {
   "childNodeCount": 29,
   "nodeId": 21
}
[4.833][DEBUG]: DEVTOOLS EVENT DOM.childNodeCountUpdated {
   "childNodeCount": 15,
   "nodeId": 22
}
[4.833][DEBUG]: DEVTOOLS EVENT DOM.childNodeCountUpdated {
   "childNodeCount": 16,
   "nodeId": 22
}
[4.834][DEBUG]: DEVTOOLS EVENT DOM.childNodeCountUpdated {
   "childNodeCount": 17,
   "nodeId": 22
}
[4.834][DEBUG]: DEVTOOLS EVENT DOM.childNodeCountUpdated {
   "childNodeCount": 18,
   "nodeId": 22
}
[4.834][DEBUG]: DEVTOOLS EVENT DOM.childNodeCountUpdated {
   "childNodeCount": 19,
   "nodeId": 22
}
[4.848][DEBUG]: DEVTOOLS EVENT DOM.childNodeCountUpdated {
   "childNodeCount": 30,
   "nodeId": 21
}
[4.848][DEBUG]: DEVTOOLS EVENT DOM.childNodeCountUpdated {
   "childNodeCount": 20,
   "nodeId": 22
}
[4.848][DEBUG]: DEVTOOLS EVENT DOM.childNodeCountUpdated {
   "childNodeCount": 21,
   "nodeId": 22
}
[4.848][DEBUG]: DEVTOOLS EVENT DOM.childNodeCountUpdated {
   "childNodeCount": 20,
   "nodeId": 22
}
[4.848][DEBUG]: DEVTOOLS EVENT DOM.childNodeCountUpdated {
   "childNodeCount": 19,
   "nodeId": 22
}
[4.848][DEBUG]: DEVTOOLS EVENT DOM.childNodeCountUpdated {
   "childNodeCount": 20,
   "nodeId": 22
}
[4.848][DEBUG]: DEVTOOLS EVENT DOM.childNodeCountUpdated {
   "childNodeCount": 31,
   "nodeId": 21
}
[4.848][DEBUG]: DEVTOOLS EVENT DOM.childNodeCountUpdated {
   "childNodeCount": 32,
   "nodeId": 21
}
[4.848][DEBUG]: DEVTOOLS RESPONSE Runtime.evaluate (id=19) {
   "result": {
      "description": "1",
      "type": "number",
      "value": 1
   }
}
[4.869][DEBUG]: DEVTOOLS EVENT Runtime.exceptionThrown {
   "exceptionDetails": {
      "columnNumber": 474,
      "exception": {
         "className": "TypeError",
         "description": "TypeError: Cannot convert undefined or null to object\n    at Image.b.onload.b.onerror (https://translate.google.com/translate/releases/twsfe_w_20180827_RC01/r/js/desktop_module_main.js:839:475)",
         "objectId": "{\"injectedScriptId\":3,\"id\":1}",
         "preview": {
            "description": "TypeError: Cannot convert undefined or null to object\n    at Image.b.onload.b.onerror (https://translate.google.com/translate/releases/twsfe_w_20180827_RC01/r/js/desktop_module_main.js:839:475)",
            "overflow": false,
            "properties": [ {
               "name": "stack",
               "type": "string",
               "value": "TypeError: Cannot convert undefined or null to obj…0180827_RC01/r/js/desktop_module_main.js:839:475)"
            }, {
               "name": "message",
               "type": "string",
               "value": "Cannot convert undefined or null to object"
            } ],
            "subtype": "error",
            "type": "object"
         },
         "subtype": "error",
         "type": "object"
      },
      "exceptionId": 1,
      "executionContextId": 3,
      "lineNumber": 838,
      "stackTrace": {
         "callFrames": [ {
            "columnNumber": 474,
            "functionName": "b.onload.b.onerror",
            "lineNumber": 838,
            "scriptId": "51",
            "url": "https://translate.google.com/translate/releases/twsfe_w_20180827_RC01/r/js/desktop_module_main.js"
         } ]
      },
      "text": "Uncaught",
      "url": "https://translate.google.com/translate/releases/twsfe_w_20180827_RC01/r/js/desktop_module_main.js"
   },
   "timestamp": 1535700829813.56
}
[4.869][DEBUG]: DEVTOOLS COMMAND Runtime.evaluate (id=20) {
   "expression": "1"
}
[4.915][DEBUG]: DEVTOOLS EVENT DOM.childNodeCountUpdated {
   "childNodeCount": 21,
   "nodeId": 22
}
[4.933][DEBUG]: DEVTOOLS RESPONSE Runtime.evaluate (id=20) {
   "result": {
      "description": "1",
      "type": "number",
      "value": 1
   }
}
[4.933][DEBUG]: DEVTOOLS EVENT Page.loadEventFired {
   "timestamp": 703.543002
}
[4.933][DEBUG]: DEVTOOLS COMMAND Runtime.evaluate (id=21) {
   "expression": "1"
}
[4.933][DEBUG]: DEVTOOLS EVENT Page.lifecycleEvent {
   "frameId": "(787A7E68C0B7E046E8A69012D208F137)",
   "name": "load",
   "timestamp": 703.543002
}
[4.933][DEBUG]: DEVTOOLS EVENT Page.frameStoppedLoading {
   "frameId": "(787A7E68C0B7E046E8A69012D208F137)"
}
[4.949][DEBUG]: DEVTOOLS RESPONSE Runtime.evaluate (id=21) {
   "result": {
      "description": "1",
      "type": "number",
      "value": 1
   }
}
[4.949][INFO]: Done waiting for pending navigations. Status: ok
[4.949][INFO]: RESPONSE Navigate
[4.972][INFO]: COMMAND FindElements {
   "using": "css selector",
   "value": "#gt-src-c"
}
[4.972][INFO]: Waiting for pending navigations...
[4.972][DEBUG]: DEVTOOLS COMMAND Runtime.evaluate (id=22) {
   "expression": "1"
}
[4.973][DEBUG]: DEVTOOLS RESPONSE Runtime.evaluate (id=22) {
   "result": {
      "description": "1",
      "type": "number",
      "value": 1
   }
}
[4.973][INFO]: Done waiting for pending navigations. Status: ok
[4.975][DEBUG]: DEVTOOLS COMMAND Runtime.evaluate (id=23) {
   "expression": "(function() { // Copyright (c) 2012 The Chromium Authors. All rights reserved.\n// Use of this source code is governed by a BSD-style license that can be\n// found in the LICENSE file.\n\n/**\n * Enum f...",
   "returnByValue": true
}
[4.991][DEBUG]: DEVTOOLS RESPONSE Runtime.evaluate (id=23) {
   "result": {
      "type": "object",
      "value": {
         "status": 0,
         "value": [ {
            "ELEMENT": "0.9890377202494802-1"
         } ]
      }
   }
}
[4.992][INFO]: Waiting for pending navigations...
[4.992][DEBUG]: DEVTOOLS COMMAND Runtime.evaluate (id=24) {
   "expression": "1"
}
[4.992][DEBUG]: DEVTOOLS RESPONSE Runtime.evaluate (id=24) {
   "result": {
      "description": "1",
      "type": "number",
      "value": 1
   }
}
[4.992][INFO]: Done waiting for pending navigations. Status: ok
[4.992][INFO]: RESPONSE FindElements [ {
   "ELEMENT": "0.9890377202494802-1"
} ]
[5.008][INFO]: COMMAND IsElementDisplayed {
   "id": "0.9890377202494802-1"
}
[5.008][INFO]: Waiting for pending navigations...
[5.008][DEBUG]: DEVTOOLS COMMAND Runtime.evaluate (id=25) {
   "expression": "1"
}
[5.009][DEBUG]: DEVTOOLS RESPONSE Runtime.evaluate (id=25) {
   "result": {
      "description": "1",
      "type": "number",
      "value": 1
   }
}
[5.009][INFO]: Done waiting for pending navigations. Status: ok
[5.010][DEBUG]: DEVTOOLS COMMAND Runtime.evaluate (id=26) {
   "expression": "(function() { // Copyright (c) 2012 The Chromium Authors. All rights reserved.\n// Use of this source code is governed by a BSD-style license that can be\n// found in the LICENSE file.\n\n/**\n * Enum f...",
   "returnByValue": true
}
[5.019][DEBUG]: DEVTOOLS RESPONSE Runtime.evaluate (id=26) {
   "result": {
      "type": "object",
      "value": {
         "status": 0,
         "value": true
      }
   }
}
[5.019][INFO]: Waiting for pending navigations...
[5.019][DEBUG]: DEVTOOLS COMMAND Runtime.evaluate (id=27) {
   "expression": "1"
}
[5.028][DEBUG]: DEVTOOLS RESPONSE Runtime.evaluate (id=27) {
   "result": {
      "description": "1",
      "type": "number",
      "value": 1
   }
}
[5.028][INFO]: Done waiting for pending navigations. Status: ok
[5.028][INFO]: RESPONSE IsElementDisplayed true
[5.031][INFO]: COMMAND FindChildElements {
   "id": "0.9890377202494802-1",
   "using": "css selector",
   "value": "textarea#source"
}
[5.031][INFO]: Waiting for pending navigations...
[5.031][DEBUG]: DEVTOOLS COMMAND Runtime.evaluate (id=28) {
   "expression": "1"
}
[5.032][DEBUG]: DEVTOOLS RESPONSE Runtime.evaluate (id=28) {
   "result": {
      "description": "1",
      "type": "number",
      "value": 1
   }
}
[5.032][INFO]: Done waiting for pending navigations. Status: ok
[5.033][DEBUG]: DEVTOOLS COMMAND Runtime.evaluate (id=29) {
   "expression": "(function() { // Copyright (c) 2012 The Chromium Authors. All rights reserved.\n// Use of this source code is governed by a BSD-style license that can be\n// found in the LICENSE file.\n\n/**\n * Enum f...",
   "returnByValue": true
}
[5.053][DEBUG]: DEVTOOLS RESPONSE Runtime.evaluate (id=29) {
   "result": {
      "type": "object",
      "value": {
         "status": 0,
         "value": [ {
            "ELEMENT": "0.9890377202494802-2"
         } ]
      }
   }
}
[5.053][INFO]: Waiting for pending navigations...
[5.053][DEBUG]: DEVTOOLS COMMAND Runtime.evaluate (id=30) {
   "expression": "1"
}
[5.055][DEBUG]: DEVTOOLS RESPONSE Runtime.evaluate (id=30) {
   "result": {
      "description": "1",
      "type": "number",
      "value": 1
   }
}
[5.055][INFO]: Done waiting for pending navigations. Status: ok
[5.055][INFO]: RESPONSE FindChildElements [ {
   "ELEMENT": "0.9890377202494802-2"
} ]
[5.068][INFO]: COMMAND IsElementDisplayed {
   "id": "0.9890377202494802-2"
}
[5.068][INFO]: Waiting for pending navigations...
[5.068][DEBUG]: DEVTOOLS COMMAND Runtime.evaluate (id=31) {
   "expression": "1"
}
[5.072][DEBUG]: DEVTOOLS RESPONSE Runtime.evaluate (id=31) {
   "result": {
      "description": "1",
      "type": "number",
      "value": 1
   }
}
[5.072][INFO]: Done waiting for pending navigations. Status: ok
[5.074][DEBUG]: DEVTOOLS COMMAND Runtime.evaluate (id=32) {
   "expression": "(function() { // Copyright (c) 2012 The Chromium Authors. All rights reserved.\n// Use of this source code is governed by a BSD-style license that can be\n// found in the LICENSE file.\n\n/**\n * Enum f...",
   "returnByValue": true
}
[5.091][DEBUG]: DEVTOOLS RESPONSE Runtime.evaluate (id=32) {
   "result": {
      "type": "object",
      "value": {
         "status": 0,
         "value": true
      }
   }
}
[5.091][INFO]: Waiting for pending navigations...
[5.091][DEBUG]: DEVTOOLS COMMAND Runtime.evaluate (id=33) {
   "expression": "1"
}
[5.092][DEBUG]: DEVTOOLS RESPONSE Runtime.evaluate (id=33) {
   "result": {
      "description": "1",
      "type": "number",
      "value": 1
   }
}
[5.092][INFO]: Done waiting for pending navigations. Status: ok
[5.092][INFO]: RESPONSE IsElementDisplayed true
[5.108][INFO]: COMMAND ClearElement {
   "id": "0.9890377202494802-2"
}
[5.108][INFO]: Waiting for pending navigations...
[5.108][DEBUG]: DEVTOOLS COMMAND Runtime.evaluate (id=34) {
   "expression": "1"
}
[5.108][DEBUG]: DEVTOOLS RESPONSE Runtime.evaluate (id=34) {
   "result": {
      "description": "1",
      "type": "number",
      "value": 1
   }
}
[5.108][INFO]: Done waiting for pending navigations. Status: ok
[5.111][DEBUG]: DEVTOOLS COMMAND Runtime.evaluate (id=35) {
   "expression": "(function() { // Copyright (c) 2012 The Chromium Authors. All rights reserved.\n// Use of this source code is governed by a BSD-style license that can be\n// found in the LICENSE file.\n\n/**\n * Enum f...",
   "returnByValue": true
}
[5.135][DEBUG]: DEVTOOLS RESPONSE Runtime.evaluate (id=35) {
   "result": {
      "type": "object",
      "value": {
         "status": 0,
         "value": null
      }
   }
}
[5.135][INFO]: Waiting for pending navigations...
[5.135][DEBUG]: DEVTOOLS COMMAND Runtime.evaluate (id=36) {
   "expression": "1"
}
[5.137][DEBUG]: DEVTOOLS RESPONSE Runtime.evaluate (id=36) {
   "result": {
      "description": "1",
      "type": "number",
      "value": 1
   }
}
[5.137][INFO]: Done waiting for pending navigations. Status: ok
[5.137][INFO]: RESPONSE ClearElement
[5.152][INFO]: COMMAND TypeElement {
   "id": "0.9890377202494802-2",
   "text": "12345",
   "value": [ "1", "2", "3", "4", "5" ]
}
[5.152][INFO]: Waiting for pending navigations...
[5.152][DEBUG]: DEVTOOLS COMMAND Runtime.evaluate (id=37) {
   "expression": "1"
}
[5.173][DEBUG]: DEVTOOLS RESPONSE Runtime.evaluate (id=37) {
   "result": {
      "description": "1",
      "type": "number",
      "value": 1
   }
}
[5.173][INFO]: Done waiting for pending navigations. Status: ok
[5.174][DEBUG]: DEVTOOLS COMMAND Runtime.evaluate (id=38) {
   "expression": "(function() { // Copyright (c) 2012 The Chromium Authors. All rights reserved.\n// Use of this source code is governed by a BSD-style license that can be\n// found in the LICENSE file.\n\n/**\n * Enum f...",
   "returnByValue": true
}
[5.193][DEBUG]: DEVTOOLS RESPONSE Runtime.evaluate (id=38) {
   "result": {
      "type": "object",
      "value": {
         "status": 0,
         "value": "TEXTAREA"
      }
   }
}
[5.194][DEBUG]: DEVTOOLS COMMAND Runtime.evaluate (id=39) {
   "expression": "(function() { // Copyright (c) 2012 The Chromium Authors. All rights reserved.\n// Use of this source code is governed by a BSD-style license that can be\n// found in the LICENSE file.\n\n/**\n * Enum f...",
   "returnByValue": true
}
[5.196][DEBUG]: DEVTOOLS RESPONSE Runtime.evaluate (id=39) {
   "result": {
      "type": "object",
      "value": {
         "status": 0,
         "value": "textarea"
      }
   }
}
[5.197][DEBUG]: DEVTOOLS COMMAND Runtime.evaluate (id=40) {
   "expression": "(function() { // Copyright (c) 2012 The Chromium Authors. All rights reserved.\n// Use of this source code is governed by a BSD-style license that can be\n// found in the LICENSE file.\n\n/**\n * Enum f...",
   "returnByValue": true
}
[5.228][DEBUG]: DEVTOOLS RESPONSE Runtime.evaluate (id=40) {
   "result": {
      "type": "object",
      "value": {
         "status": 0,
         "value": true
      }
   }
}
[5.229][DEBUG]: DEVTOOLS COMMAND Runtime.evaluate (id=41) {
   "expression": "(function() { // Copyright (c) 2012 The Chromium Authors. All rights reserved.\n// Use of this source code is governed by a BSD-style license that can be\n// found in the LICENSE file.\n\n/**\n * Enum f...",
   "returnByValue": true
}
[5.235][DEBUG]: DEVTOOLS RESPONSE Runtime.evaluate (id=41) {
   "result": {
      "type": "object",
      "value": {
         "status": 0,
         "value": true
      }
   }
}
[5.235][DEBUG]: DEVTOOLS COMMAND Runtime.evaluate (id=42) {
   "expression": "(function() { // Copyright (c) 2012 The Chromium Authors. All rights reserved.\n// Use of this source code is governed by a BSD-style license that can be\n// found in the LICENSE file.\n\n/**\n * Enum f...",
   "returnByValue": true
}
[5.237][DEBUG]: DEVTOOLS RESPONSE Runtime.evaluate (id=42) {
   "result": {
      "type": "object",
      "value": {
         "status": 0,
         "value": null
      }
   }
}
[5.239][DEBUG]: DEVTOOLS COMMAND Input.dispatchKeyEvent (id=43) {
   "code": "Digit1",
   "key": "1",
   "modifiers": 0,
   "text": "1",
   "type": "rawKeyDown",
   "unmodifiedText": "1",
   "windowsVirtualKeyCode": 49
}
[5.252][DEBUG]: DEVTOOLS RESPONSE Input.dispatchKeyEvent (id=43) {

}
[5.252][DEBUG]: DEVTOOLS COMMAND Input.dispatchKeyEvent (id=44) {
   "code": "Digit1",
   "key": "1",
   "modifiers": 0,
   "text": "1",
   "type": "char",
   "unmodifiedText": "1",
   "windowsVirtualKeyCode": 49
}
[5.254][DEBUG]: DEVTOOLS RESPONSE Input.dispatchKeyEvent (id=44) {

}
[5.254][DEBUG]: DEVTOOLS COMMAND Input.dispatchKeyEvent (id=45) {
   "code": "Digit1",
   "key": "1",
   "modifiers": 0,
   "text": "1",
   "type": "keyUp",
   "unmodifiedText": "1",
   "windowsVirtualKeyCode": 49
}
[5.269][DEBUG]: DEVTOOLS RESPONSE Input.dispatchKeyEvent (id=45) {

}
[5.269][DEBUG]: DEVTOOLS COMMAND Input.dispatchKeyEvent (id=46) {
   "code": "Digit2",
   "key": "2",
   "modifiers": 0,
   "text": "2",
   "type": "rawKeyDown",
   "unmodifiedText": "2",
   "windowsVirtualKeyCode": 50
}
[5.270][DEBUG]: DEVTOOLS RESPONSE Input.dispatchKeyEvent (id=46) {

}
[5.270][DEBUG]: DEVTOOLS COMMAND Input.dispatchKeyEvent (id=47) {
   "code": "Digit2",
   "key": "2",
   "modifiers": 0,
   "text": "2",
   "type": "char",
   "unmodifiedText": "2",
   "windowsVirtualKeyCode": 50
}
[5.273][DEBUG]: DEVTOOLS RESPONSE Input.dispatchKeyEvent (id=47) {

}
[5.273][DEBUG]: DEVTOOLS COMMAND Input.dispatchKeyEvent (id=48) {
   "code": "Digit2",
   "key": "2",
   "modifiers": 0,
   "text": "2",
   "type": "keyUp",
   "unmodifiedText": "2",
   "windowsVirtualKeyCode": 50
}
[5.288][DEBUG]: DEVTOOLS EVENT DOM.childNodeCountUpdated {
   "childNodeCount": 33,
   "nodeId": 21
}
[5.289][DEBUG]: DEVTOOLS RESPONSE Input.dispatchKeyEvent (id=48) {

}
[5.289][DEBUG]: DEVTOOLS COMMAND Input.dispatchKeyEvent (id=49) {
   "code": "Digit3",
   "key": "3",
   "modifiers": 0,
   "text": "3",
   "type": "rawKeyDown",
   "unmodifiedText": "3",
   "windowsVirtualKeyCode": 51
}
[5.293][DEBUG]: DEVTOOLS RESPONSE Input.dispatchKeyEvent (id=49) {

}
[5.293][DEBUG]: DEVTOOLS COMMAND Input.dispatchKeyEvent (id=50) {
   "code": "Digit3",
   "key": "3",
   "modifiers": 0,
   "text": "3",
   "type": "char",
   "unmodifiedText": "3",
   "windowsVirtualKeyCode": 51
}
[5.293][DEBUG]: DEVTOOLS EVENT DOM.childNodeCountUpdated {
   "childNodeCount": 32,
   "nodeId": 21
}
[5.309][DEBUG]: DEVTOOLS RESPONSE Input.dispatchKeyEvent (id=50) {

}
[5.309][DEBUG]: DEVTOOLS COMMAND Input.dispatchKeyEvent (id=51) {
   "code": "Digit3",
   "key": "3",
   "modifiers": 0,
   "text": "3",
   "type": "keyUp",
   "unmodifiedText": "3",
   "windowsVirtualKeyCode": 51
}
[5.310][DEBUG]: DEVTOOLS RESPONSE Input.dispatchKeyEvent (id=51) {

}
[5.310][DEBUG]: DEVTOOLS COMMAND Input.dispatchKeyEvent (id=52) {
   "code": "Digit4",
   "key": "4",
   "modifiers": 0,
   "text": "4",
   "type": "rawKeyDown",
   "unmodifiedText": "4",
   "windowsVirtualKeyCode": 52
}
[5.313][DEBUG]: DEVTOOLS RESPONSE Input.dispatchKeyEvent (id=52) {

}
[5.313][DEBUG]: DEVTOOLS COMMAND Input.dispatchKeyEvent (id=53) {
   "code": "Digit4",
   "key": "4",
   "modifiers": 0,
   "text": "4",
   "type": "char",
   "unmodifiedText": "4",
   "windowsVirtualKeyCode": 52
}
[5.314][DEBUG]: DEVTOOLS RESPONSE Input.dispatchKeyEvent (id=53) {

}
[5.314][DEBUG]: DEVTOOLS COMMAND Input.dispatchKeyEvent (id=54) {
   "code": "Digit4",
   "key": "4",
   "modifiers": 0,
   "text": "4",
   "type": "keyUp",
   "unmodifiedText": "4",
   "windowsVirtualKeyCode": 52
}
[5.315][DEBUG]: DEVTOOLS RESPONSE Input.dispatchKeyEvent (id=54) {

}
[5.315][DEBUG]: DEVTOOLS COMMAND Input.dispatchKeyEvent (id=55) {
   "code": "Digit5",
   "key": "5",
   "modifiers": 0,
   "text": "5",
   "type": "rawKeyDown",
   "unmodifiedText": "5",
   "windowsVirtualKeyCode": 53
}
[5.328][DEBUG]: DEVTOOLS RESPONSE Input.dispatchKeyEvent (id=55) {

}
[5.328][DEBUG]: DEVTOOLS COMMAND Input.dispatchKeyEvent (id=56) {
   "code": "Digit5",
   "key": "5",
   "modifiers": 0,
   "text": "5",
   "type": "char",
   "unmodifiedText": "5",
   "windowsVirtualKeyCode": 53
}
[5.332][DEBUG]: DEVTOOLS RESPONSE Input.dispatchKeyEvent (id=56) {

}
[5.332][DEBUG]: DEVTOOLS COMMAND Input.dispatchKeyEvent (id=57) {
   "code": "Digit5",
   "key": "5",
   "modifiers": 0,
   "text": "5",
   "type": "keyUp",
   "unmodifiedText": "5",
   "windowsVirtualKeyCode": 53
}
[5.333][DEBUG]: DEVTOOLS RESPONSE Input.dispatchKeyEvent (id=57) {

}
[5.333][INFO]: Waiting for pending navigations...
[5.333][DEBUG]: DEVTOOLS COMMAND Runtime.evaluate (id=58) {
   "expression": "1"
}
[5.333][DEBUG]: DEVTOOLS RESPONSE Runtime.evaluate (id=58) {
   "result": {
      "description": "1",
      "type": "number",
      "value": 1
   }
}
[5.333][INFO]: Done waiting for pending navigations. Status: ok
[5.333][INFO]: RESPONSE TypeElement
[5.352][INFO]: COMMAND Screenshot {

}
[5.352][INFO]: Waiting for pending navigations...
[5.352][DEBUG]: DEVTOOLS COMMAND Runtime.evaluate (id=59) {
   "expression": "1"
}
[5.352][DEBUG]: DEVTOOLS RESPONSE Runtime.evaluate (id=59) {
   "result": {
      "description": "1",
      "type": "number",
      "value": 1
   }
}
[5.352][INFO]: Done waiting for pending navigations. Status: ok
[5.352][DEBUG]: DevTools request: http://localhost:12830/json/activate/(787A7E68C0B7E046E8A69012D208F137)
[5.353][DEBUG]: DevTools response: Target activated
[5.353][DEBUG]: DEVTOOLS COMMAND Page.captureScreenshot (id=60) {

}
[5.353][DEBUG]: DEVTOOLS EVENT Page.lifecycleEvent {
   "frameId": "(787A7E68C0B7E046E8A69012D208F137)",
   "name": "firstMeaningfulPaint",
   "timestamp": 703.260741
}
[5.529][DEBUG]: DEVTOOLS RESPONSE Page.captureScreenshot (id=60) {
   "data": "iVBORw0KGgoAAAANSUhEUgAABVYAAAO+CAYAAADv/k7HAAAgAElEQVR4nOzdeXxU1f3/8fes2Tf2VQwgsi+yqWAVsFRALCJValFE61qVulR/oiC2aiuufLUFrIiiCGpZFJCKYlxYA6KRnQJBCGFLQraBLDNzf3/EDJmsMyHJTMjr6YOHmXvPPedz7kxyTz4591xTV..."
}
[5.529][INFO]: Waiting for pending navigations...
[5.529][DEBUG]: DEVTOOLS EVENT DOM.childNodeCountUpdated {
   "childNodeCount": 33,
   "nodeId": 21
}
[5.529][DEBUG]: DEVTOOLS EVENT DOM.childNodeCountUpdated {
   "childNodeCount": 32,
   "nodeId": 21
}
[5.529][DEBUG]: DEVTOOLS COMMAND Runtime.evaluate (id=61) {
   "expression": "1"
}
[5.531][DEBUG]: DEVTOOLS RESPONSE Runtime.evaluate (id=61) {
   "result": {
      "description": "1",
      "type": "number",
      "value": 1
   }
}
[5.531][INFO]: Done waiting for pending navigations. Status: ok
[5.531][INFO]: RESPONSE Screenshot "iVBORw0KGgoAAAANSUhEUgAABVYAAAO+CAYAAADv/k7HAAAgAElEQVR4nOzdeXxU1f3/8fes2Tf2VQwgsi+yqWAVsFRALCJValFE61qVulR/oiC2aiuufLUFrIiiCGpZFJCKYlxYA6KRnQJBCGFLQraBLDNzf3/EDJmsMyHJTMjr6YOHmXvPPedz7kxyTz4591xTV..."
[5.748][INFO]: COMMAND Navigate {
   "url": "https://translate.google.com/#en/es/Advice"
}
[5.748][INFO]: Waiting for pending navigations...
[5.748][DEBUG]: DEVTOOLS COMMAND Runtime.evaluate (id=62) {
   "expression": "1"
}
[5.749][DEBUG]: DEVTOOLS RESPONSE Runtime.evaluate (id=62) {
   "result": {
      "description": "1",
      "type": "number",
      "value": 1
   }
}
[5.749][INFO]: Done waiting for pending navigations. Status: ok
[5.749][DEBUG]: DEVTOOLS COMMAND Page.navigate (id=63) {
   "url": "https://translate.google.com/#en/es/Advice"
}
[5.772][DEBUG]: DEVTOOLS RESPONSE Page.navigate (id=63) {
   "frameId": "(787A7E68C0B7E046E8A69012D208F137)"
}
[5.772][DEBUG]: DEVTOOLS COMMAND Runtime.evaluate (id=64) {
   "expression": "document.URL"
}
[5.788][DEBUG]: DEVTOOLS RESPONSE Runtime.evaluate (id=64) {
   "result": {
      "type": "string",
      "value": "https://translate.google.com/#en/es/Advice"
   }
}
[5.788][INFO]: Waiting for pending navigations...
[5.788][DEBUG]: DEVTOOLS COMMAND Runtime.evaluate (id=65) {
   "expression": "1"
}
[5.791][DEBUG]: DEVTOOLS RESPONSE Runtime.evaluate (id=65) {
   "result": {
      "description": "1",
      "type": "number",
      "value": 1
   }
}
[5.791][DEBUG]: DEVTOOLS COMMAND DOM.getDocument (id=66) {

}
[5.814][DEBUG]: DEVTOOLS RESPONSE DOM.getDocument (id=66) {
   "root": {
      "backendNodeId": 10,
      "baseURL": "https://translate.google.com/#en/es/Advice",
      "childNodeCount": 2,
      "children": [ {
         "backendNodeId": 11,
         "localName": "",
         "nodeId": 24,
         "nodeName": "html",
         "nodeType": 10,
         "nodeValue": "",
         "parentId": 23,
         "publicId": "",
         "systemId": ""
      }, {
         "attributes": [  ],
         "backendNodeId": 12,
         "childNodeCount": 2,
         "children": [ {
            "attributes": [  ],
            "backendNodeId": 13,
            "childNodeCount": 32,
            "localName": "head",
            "nodeId": 26,
            "nodeName": "HEAD",
            "nodeType": 1,
            "nodeValue": "",
            "parentId": 25
         }, {
            "attributes": [ "dir", "ltr", "onload", "window.jstiming.load['tick']('ol');", "class", "e_md pre-epu" ],
            "backendNodeId": 14,
            "childNodeCount": 21,
            "localName": "body",
            "nodeId": 27,
            "nodeName": "BODY",
            "nodeType": 1,
            "nodeValue": "",
            "parentId": 25
         } ],
         "frameId": "(787A7E68C0B7E046E8A69012D208F137)",
         "localName": "html",
         "nodeId": 25,
         "nodeName": "HTML",
         "nodeType": 1,
         "nodeValue": "",
         "parentId": 23
      } ],
      "documentURL": "https://translate.google.com/#en/es/Advice",
      "localName": "",
      "nodeId": 23,
      "nodeName": "#document",
      "nodeType": 9,
      "nodeValue": "",
      "xmlVersion": ""
   }
}
[5.814][DEBUG]: DEVTOOLS COMMAND Runtime.evaluate (id=67) {
   "expression": "var isLoaded = document.readyState == 'complete' ||    document.readyState == 'interactive';if (isLoaded) {  var frame = document.createElement('iframe');  frame.name = 'chromedriver dummy frame'; ..."
}
[5.850][DEBUG]: DEVTOOLS EVENT DOM.childNodeCountUpdated {
   "childNodeCount": 22,
   "nodeId": 27
}
[5.850][DEBUG]: DEVTOOLS EVENT Page.frameAttached {
   "frameId": "(58B98BEC39B1E98DCD6D0694E16DB13E)",
   "parentFrameId": "(787A7E68C0B7E046E8A69012D208F137)",
   "stack": {
      "callFrames": [ {
         "columnNumber": 240,
         "functionName": "",
         "lineNumber": 0,
         "scriptId": "81",
         "url": ""
      } ]
   }
}
[5.850][DEBUG]: DEVTOOLS EVENT Page.lifecycleEvent {
   "frameId": "(58B98BEC39B1E98DCD6D0694E16DB13E)",
   "name": "DOMContentLoaded",
   "timestamp": 704.428295
}
[5.850][DEBUG]: DEVTOOLS EVENT Page.frameStartedLoading {
   "frameId": "(58B98BEC39B1E98DCD6D0694E16DB13E)"
}
[5.850][DEBUG]: DEVTOOLS EVENT Page.lifecycleEvent {
   "frameId": "(58B98BEC39B1E98DCD6D0694E16DB13E)",
   "name": "commit",
   "timestamp": 704.428515
}
[5.850][DEBUG]: DEVTOOLS EVENT Page.frameNavigated {
   "frame": {
      "id": "(58B98BEC39B1E98DCD6D0694E16DB13E)",
      "loaderId": "44.3",
      "mimeType": "text/html",
      "name": "chromedriver dummy frame",
      "parentId": "(787A7E68C0B7E046E8A69012D208F137)",
      "securityOrigin": "://",
      "url": "about:blank"
   }
}
[5.850][DEBUG]: DEVTOOLS EVENT Runtime.executionContextCreated {
   "context": {
      "auxData": {
         "frameId": "(58B98BEC39B1E98DCD6D0694E16DB13E)",
         "isDefault": true
      },
      "id": 4,
      "name": "",
      "origin": "https://translate.google.com"
   }
}
[5.851][DEBUG]: DEVTOOLS EVENT Page.lifecycleEvent {
   "frameId": "(58B98BEC39B1E98DCD6D0694E16DB13E)",
   "name": "load",
   "timestamp": 704.431014
}
[5.851][DEBUG]: DEVTOOLS EVENT Page.frameStoppedLoading {
   "frameId": "(58B98BEC39B1E98DCD6D0694E16DB13E)"
}
[5.851][DEBUG]: DEVTOOLS EVENT Page.lifecycleEvent {
   "frameId": "(58B98BEC39B1E98DCD6D0694E16DB13E)",
   "name": "DOMContentLoaded",
   "timestamp": 704.431158
}
[5.851][DEBUG]: DEVTOOLS RESPONSE Runtime.evaluate (id=67) {
   "result": {
      "description": "59",
      "type": "number",
      "value": 59
   }
}
[5.851][INFO]: Done waiting for pending navigations. Status: ok
[5.851][INFO]: RESPONSE Navigate
[5.868][INFO]: COMMAND FindElements {
   "using": "css selector",
   "value": "#gt-src-c"
}
[5.868][INFO]: Waiting for pending navigations...
[5.868][DEBUG]: DEVTOOLS COMMAND Runtime.evaluate (id=68) {
   "expression": "1"
}
[5.877][DEBUG]: DEVTOOLS EVENT DOM.childNodeCountUpdated {
   "childNodeCount": 21,
   "nodeId": 27
}
[5.877][DEBUG]: DEVTOOLS EVENT Runtime.executionContextDestroyed {
   "executionContextId": 4
}
[5.877][DEBUG]: DEVTOOLS EVENT Page.frameDetached {
   "frameId": "(58B98BEC39B1E98DCD6D0694E16DB13E)"
}
[5.891][DEBUG]: DEVTOOLS RESPONSE Runtime.evaluate (id=68) {
   "result": {
      "description": "1",
      "type": "number",
      "value": 1
   }
}
[5.891][INFO]: Done waiting for pending navigations. Status: ok
[5.892][DEBUG]: DEVTOOLS COMMAND Runtime.evaluate (id=69) {
   "expression": "(function() { // Copyright (c) 2012 The Chromium Authors. All rights reserved.\n// Use of this source code is governed by a BSD-style license that can be\n// found in the LICENSE file.\n\n/**\n * Enum f...",
   "returnByValue": true
}
[5.911][DEBUG]: DEVTOOLS RESPONSE Runtime.evaluate (id=69) {
   "result": {
      "type": "object",
      "value": {
         "status": 0,
         "value": [ {
            "ELEMENT": "0.9890377202494802-1"
         } ]
      }
   }
}
[5.911][INFO]: Waiting for pending navigations...
[5.911][DEBUG]: DEVTOOLS COMMAND Runtime.evaluate (id=70) {
   "expression": "1"
}
[5.911][DEBUG]: DEVTOOLS RESPONSE Runtime.evaluate (id=70) {
   "result": {
      "description": "1",
      "type": "number",
      "value": 1
   }
}
[5.911][INFO]: Done waiting for pending navigations. Status: ok
[5.912][INFO]: RESPONSE FindElements [ {
   "ELEMENT": "0.9890377202494802-1"
} ]
[5.915][INFO]: COMMAND IsElementDisplayed {
   "id": "0.9890377202494802-1"
}
[5.915][INFO]: Waiting for pending navigations...
[5.915][DEBUG]: DEVTOOLS COMMAND Runtime.evaluate (id=71) {
   "expression": "1"
}
[5.915][DEBUG]: DEVTOOLS RESPONSE Runtime.evaluate (id=71) {
   "result": {
      "description": "1",
      "type": "number",
      "value": 1
   }
}
[5.915][INFO]: Done waiting for pending navigations. Status: ok
[5.917][DEBUG]: DEVTOOLS COMMAND Runtime.evaluate (id=72) {
   "expression": "(function() { // Copyright (c) 2012 The Chromium Authors. All rights reserved.\n// Use of this source code is governed by a BSD-style license that can be\n// found in the LICENSE file.\n\n/**\n * Enum f...",
   "returnByValue": true
}
[5.931][DEBUG]: DEVTOOLS RESPONSE Runtime.evaluate (id=72) {
   "result": {
      "type": "object",
      "value": {
         "status": 0,
         "value": true
      }
   }
}
[5.931][INFO]: Waiting for pending navigations...
[5.931][DEBUG]: DEVTOOLS COMMAND Runtime.evaluate (id=73) {
   "expression": "1"
}
[5.932][DEBUG]: DEVTOOLS RESPONSE Runtime.evaluate (id=73) {
   "result": {
      "description": "1",
      "type": "number",
      "value": 1
   }
}
[5.932][INFO]: Done waiting for pending navigations. Status: ok
[5.932][INFO]: RESPONSE IsElementDisplayed true
[5.933][INFO]: COMMAND FindChildElements {
   "id": "0.9890377202494802-1",
   "using": "css selector",
   "value": "textarea#source"
}
[5.933][INFO]: Waiting for pending navigations...
[5.933][DEBUG]: DEVTOOLS COMMAND Runtime.evaluate (id=74) {
   "expression": "1"
}
[5.934][DEBUG]: DEVTOOLS RESPONSE Runtime.evaluate (id=74) {
   "result": {
      "description": "1",
      "type": "number",
      "value": 1
   }
}
[5.934][INFO]: Done waiting for pending navigations. Status: ok
[5.935][DEBUG]: DEVTOOLS COMMAND Runtime.evaluate (id=75) {
   "expression": "(function() { // Copyright (c) 2012 The Chromium Authors. All rights reserved.\n// Use of this source code is governed by a BSD-style license that can be\n// found in the LICENSE file.\n\n/**\n * Enum f...",
   "returnByValue": true
}
[5.938][DEBUG]: DEVTOOLS RESPONSE Runtime.evaluate (id=75) {
   "result": {
      "type": "object",
      "value": {
         "status": 0,
         "value": [ {
            "ELEMENT": "0.9890377202494802-2"
         } ]
      }
   }
}
[5.938][INFO]: Waiting for pending navigations...
[5.938][DEBUG]: DEVTOOLS COMMAND Runtime.evaluate (id=76) {
   "expression": "1"
}
[5.948][DEBUG]: DEVTOOLS RESPONSE Runtime.evaluate (id=76) {
   "result": {
      "description": "1",
      "type": "number",
      "value": 1
   }
}
[5.948][INFO]: Done waiting for pending navigations. Status: ok
[5.948][INFO]: RESPONSE FindChildElements [ {
   "ELEMENT": "0.9890377202494802-2"
} ]
[5.950][INFO]: COMMAND IsElementDisplayed {
   "id": "0.9890377202494802-2"
}
[5.950][INFO]: Waiting for pending navigations...
[5.950][DEBUG]: DEVTOOLS COMMAND Runtime.evaluate (id=77) {
   "expression": "1"
}
[5.952][DEBUG]: DEVTOOLS RESPONSE Runtime.evaluate (id=77) {
   "result": {
      "description": "1",
      "type": "number",
      "value": 1
   }
}
[5.952][INFO]: Done waiting for pending navigations. Status: ok
[5.953][DEBUG]: DEVTOOLS COMMAND Runtime.evaluate (id=78) {
   "expression": "(function() { // Copyright (c) 2012 The Chromium Authors. All rights reserved.\n// Use of this source code is governed by a BSD-style license that can be\n// found in the LICENSE file.\n\n/**\n * Enum f...",
   "returnByValue": true
}
[5.956][DEBUG]: DEVTOOLS RESPONSE Runtime.evaluate (id=78) {
   "result": {
      "type": "object",
      "value": {
         "status": 0,
         "value": true
      }
   }
}
[5.956][INFO]: Waiting for pending navigations...
[5.956][DEBUG]: DEVTOOLS COMMAND Runtime.evaluate (id=79) {
   "expression": "1"
}
[5.957][DEBUG]: DEVTOOLS RESPONSE Runtime.evaluate (id=79) {
   "result": {
      "description": "1",
      "type": "number",
      "value": 1
   }
}
[5.957][INFO]: Done waiting for pending navigations. Status: ok
[5.957][INFO]: RESPONSE IsElementDisplayed true
[5.968][INFO]: COMMAND ClearElement {
   "id": "0.9890377202494802-2"
}
[5.968][INFO]: Waiting for pending navigations...
[5.968][DEBUG]: DEVTOOLS COMMAND Runtime.evaluate (id=80) {
   "expression": "1"
}
[5.969][DEBUG]: DEVTOOLS RESPONSE Runtime.evaluate (id=80) {
   "result": {
      "description": "1",
      "type": "number",
      "value": 1
   }
}
[5.969][INFO]: Done waiting for pending navigations. Status: ok
[5.971][DEBUG]: DEVTOOLS COMMAND Runtime.evaluate (id=81) {
   "expression": "(function() { // Copyright (c) 2012 The Chromium Authors. All rights reserved.\n// Use of this source code is governed by a BSD-style license that can be\n// found in the LICENSE file.\n\n/**\n * Enum f...",
   "returnByValue": true
}
[5.974][DEBUG]: DEVTOOLS RESPONSE Runtime.evaluate (id=81) {
   "result": {
      "type": "object",
      "value": {
         "status": 0,
         "value": null
      }
   }
}
[5.974][INFO]: Waiting for pending navigations...
[5.974][DEBUG]: DEVTOOLS COMMAND Runtime.evaluate (id=82) {
   "expression": "1"
}
[5.975][DEBUG]: DEVTOOLS RESPONSE Runtime.evaluate (id=82) {
   "result": {
      "description": "1",
      "type": "number",
      "value": 1
   }
}
[5.975][INFO]: Done waiting for pending navigations. Status: ok
[5.975][INFO]: RESPONSE ClearElement
[5.977][INFO]: COMMAND TypeElement {
   "id": "0.9890377202494802-2",
   "text": "12345",
   "value": [ "1", "2", "3", "4", "5" ]
}
[5.977][INFO]: Waiting for pending navigations...
[5.977][DEBUG]: DEVTOOLS COMMAND Runtime.evaluate (id=83) {
   "expression": "1"
}
[5.989][DEBUG]: DEVTOOLS RESPONSE Runtime.evaluate (id=83) {
   "result": {
      "description": "1",
      "type": "number",
      "value": 1
   }
}
[5.989][INFO]: Done waiting for pending navigations. Status: ok
[5.990][DEBUG]: DEVTOOLS COMMAND Runtime.evaluate (id=84) {
   "expression": "(function() { // Copyright (c) 2012 The Chromium Authors. All rights reserved.\n// Use of this source code is governed by a BSD-style license that can be\n// found in the LICENSE file.\n\n/**\n * Enum f...",
   "returnByValue": true
}
[5.991][DEBUG]: DEVTOOLS RESPONSE Runtime.evaluate (id=84) {
   "result": {
      "type": "object",
      "value": {
         "status": 0,
         "value": "TEXTAREA"
      }
   }
}
[5.992][DEBUG]: DEVTOOLS COMMAND Runtime.evaluate (id=85) {
   "expression": "(function() { // Copyright (c) 2012 The Chromium Authors. All rights reserved.\n// Use of this source code is governed by a BSD-style license that can be\n// found in the LICENSE file.\n\n/**\n * Enum f...",
   "returnByValue": true
}
[5.993][DEBUG]: DEVTOOLS RESPONSE Runtime.evaluate (id=85) {
   "result": {
      "type": "object",
      "value": {
         "status": 0,
         "value": "textarea"
      }
   }
}
[5.994][DEBUG]: DEVTOOLS COMMAND Runtime.evaluate (id=86) {
   "expression": "(function() { // Copyright (c) 2012 The Chromium Authors. All rights reserved.\n// Use of this source code is governed by a BSD-style license that can be\n// found in the LICENSE file.\n\n/**\n * Enum f...",
   "returnByValue": true
}
[5.997][DEBUG]: DEVTOOLS RESPONSE Runtime.evaluate (id=86) {
   "result": {
      "type": "object",
      "value": {
         "status": 0,
         "value": true
      }
   }
}
[6.008][DEBUG]: DEVTOOLS COMMAND Runtime.evaluate (id=87) {
   "expression": "(function() { // Copyright (c) 2012 The Chromium Authors. All rights reserved.\n// Use of this source code is governed by a BSD-style license that can be\n// found in the LICENSE file.\n\n/**\n * Enum f...",
   "returnByValue": true
}
[6.010][DEBUG]: DEVTOOLS RESPONSE Runtime.evaluate (id=87) {
   "result": {
      "type": "object",
      "value": {
         "status": 0,
         "value": true
      }
   }
}
[6.010][DEBUG]: DEVTOOLS COMMAND Runtime.evaluate (id=88) {
   "expression": "(function() { // Copyright (c) 2012 The Chromium Authors. All rights reserved.\n// Use of this source code is governed by a BSD-style license that can be\n// found in the LICENSE file.\n\n/**\n * Enum f...",
   "returnByValue": true
}
[6.011][DEBUG]: DEVTOOLS RESPONSE Runtime.evaluate (id=88) {
   "result": {
      "type": "object",
      "value": {
         "status": 0,
         "value": null
      }
   }
}
[6.011][DEBUG]: DEVTOOLS COMMAND Input.dispatchKeyEvent (id=89) {
   "code": "Digit1",
   "key": "1",
   "modifiers": 0,
   "text": "1",
   "type": "rawKeyDown",
   "unmodifiedText": "1",
   "windowsVirtualKeyCode": 49
}
[6.012][DEBUG]: DEVTOOLS RESPONSE Input.dispatchKeyEvent (id=89) {

}
[6.012][DEBUG]: DEVTOOLS COMMAND Input.dispatchKeyEvent (id=90) {
   "code": "Digit1",
   "key": "1",
   "modifiers": 0,
   "text": "1",
   "type": "char",
   "unmodifiedText": "1",
   "windowsVirtualKeyCode": 49
}
[6.013][DEBUG]: DEVTOOLS RESPONSE Input.dispatchKeyEvent (id=90) {

}
[6.013][DEBUG]: DEVTOOLS COMMAND Input.dispatchKeyEvent (id=91) {
   "code": "Digit1",
   "key": "1",
   "modifiers": 0,
   "text": "1",
   "type": "keyUp",
   "unmodifiedText": "1",
   "windowsVirtualKeyCode": 49
}
[6.016][DEBUG]: DEVTOOLS RESPONSE Input.dispatchKeyEvent (id=91) {

}
[6.016][DEBUG]: DEVTOOLS COMMAND Input.dispatchKeyEvent (id=92) {
   "code": "Digit2",
   "key": "2",
   "modifiers": 0,
   "text": "2",
   "type": "rawKeyDown",
   "unmodifiedText": "2",
   "windowsVirtualKeyCode": 50
}
[6.028][DEBUG]: DEVTOOLS RESPONSE Input.dispatchKeyEvent (id=92) {

}
[6.028][DEBUG]: DEVTOOLS COMMAND Input.dispatchKeyEvent (id=93) {
   "code": "Digit2",
   "key": "2",
   "modifiers": 0,
   "text": "2",
   "type": "char",
   "unmodifiedText": "2",
   "windowsVirtualKeyCode": 50
}
[6.028][DEBUG]: DEVTOOLS EVENT DOM.childNodeCountUpdated {
   "childNodeCount": 33,
   "nodeId": 26
}
[6.032][DEBUG]: DEVTOOLS RESPONSE Input.dispatchKeyEvent (id=93) {

}
[6.032][DEBUG]: DEVTOOLS COMMAND Input.dispatchKeyEvent (id=94) {
   "code": "Digit2",
   "key": "2",
   "modifiers": 0,
   "text": "2",
   "type": "keyUp",
   "unmodifiedText": "2",
   "windowsVirtualKeyCode": 50
}
[6.032][DEBUG]: DEVTOOLS RESPONSE Input.dispatchKeyEvent (id=94) {

}
[6.032][DEBUG]: DEVTOOLS COMMAND Input.dispatchKeyEvent (id=95) {
   "code": "Digit3",
   "key": "3",
   "modifiers": 0,
   "text": "3",
   "type": "rawKeyDown",
   "unmodifiedText": "3",
   "windowsVirtualKeyCode": 51
}
[6.033][DEBUG]: DEVTOOLS RESPONSE Input.dispatchKeyEvent (id=95) {

}
[6.033][DEBUG]: DEVTOOLS COMMAND Input.dispatchKeyEvent (id=96) {
   "code": "Digit3",
   "key": "3",
   "modifiers": 0,
   "text": "3",
   "type": "char",
   "unmodifiedText": "3",
   "windowsVirtualKeyCode": 51
}
[6.048][DEBUG]: DEVTOOLS RESPONSE Input.dispatchKeyEvent (id=96) {

}
[6.048][DEBUG]: DEVTOOLS COMMAND Input.dispatchKeyEvent (id=97) {
   "code": "Digit3",
   "key": "3",
   "modifiers": 0,
   "text": "3",
   "type": "keyUp",
   "unmodifiedText": "3",
   "windowsVirtualKeyCode": 51
}
[6.048][DEBUG]: DEVTOOLS RESPONSE Input.dispatchKeyEvent (id=97) {

}
[6.048][DEBUG]: DEVTOOLS COMMAND Input.dispatchKeyEvent (id=98) {
   "code": "Digit4",
   "key": "4",
   "modifiers": 0,
   "text": "4",
   "type": "rawKeyDown",
   "unmodifiedText": "4",
   "windowsVirtualKeyCode": 52
}
[6.050][DEBUG]: DEVTOOLS RESPONSE Input.dispatchKeyEvent (id=98) {

}
[6.050][DEBUG]: DEVTOOLS COMMAND Input.dispatchKeyEvent (id=99) {
   "code": "Digit4",
   "key": "4",
   "modifiers": 0,
   "text": "4",
   "type": "char",
   "unmodifiedText": "4",
   "windowsVirtualKeyCode": 52
}
[6.050][DEBUG]: DEVTOOLS EVENT DOM.childNodeCountUpdated {
   "childNodeCount": 32,
   "nodeId": 26
}
[6.053][DEBUG]: DEVTOOLS RESPONSE Input.dispatchKeyEvent (id=99) {

}
[6.053][DEBUG]: DEVTOOLS COMMAND Input.dispatchKeyEvent (id=100) {
   "code": "Digit4",
   "key": "4",
   "modifiers": 0,
   "text": "4",
   "type": "keyUp",
   "unmodifiedText": "4",
   "windowsVirtualKeyCode": 52
}
[6.054][DEBUG]: DEVTOOLS RESPONSE Input.dispatchKeyEvent (id=100) {

}
[6.054][DEBUG]: DEVTOOLS COMMAND Input.dispatchKeyEvent (id=101) {
   "code": "Digit5",
   "key": "5",
   "modifiers": 0,
   "text": "5",
   "type": "rawKeyDown",
   "unmodifiedText": "5",
   "windowsVirtualKeyCode": 53
}
[6.054][DEBUG]: DEVTOOLS RESPONSE Input.dispatchKeyEvent (id=101) {

}
[6.054][DEBUG]: DEVTOOLS COMMAND Input.dispatchKeyEvent (id=102) {
   "code": "Digit5",
   "key": "5",
   "modifiers": 0,
   "text": "5",
   "type": "char",
   "unmodifiedText": "5",
   "windowsVirtualKeyCode": 53
}
[6.068][DEBUG]: DEVTOOLS RESPONSE Input.dispatchKeyEvent (id=102) {

}
[6.068][DEBUG]: DEVTOOLS COMMAND Input.dispatchKeyEvent (id=103) {
   "code": "Digit5",
   "key": "5",
   "modifiers": 0,
   "text": "5",
   "type": "keyUp",
   "unmodifiedText": "5",
   "windowsVirtualKeyCode": 53
}
[6.069][DEBUG]: DEVTOOLS RESPONSE Input.dispatchKeyEvent (id=103) {

}
[6.069][INFO]: Waiting for pending navigations...
[6.070][DEBUG]: DEVTOOLS COMMAND Runtime.evaluate (id=104) {
   "expression": "1"
}
[6.071][DEBUG]: DEVTOOLS RESPONSE Runtime.evaluate (id=104) {
   "result": {
      "description": "1",
      "type": "number",
      "value": 1
   }
}
[6.071][INFO]: Done waiting for pending navigations. Status: ok
[6.071][INFO]: RESPONSE TypeElement
[6.075][INFO]: COMMAND Screenshot {

}
[6.075][INFO]: Waiting for pending navigations...
[6.075][DEBUG]: DEVTOOLS COMMAND Runtime.evaluate (id=105) {
   "expression": "1"
}
[6.075][DEBUG]: DEVTOOLS RESPONSE Runtime.evaluate (id=105) {
   "result": {
      "description": "1",
      "type": "number",
      "value": 1
   }
}
[6.075][INFO]: Done waiting for pending navigations. Status: ok
[6.075][DEBUG]: DevTools request: http://localhost:12830/json/activate/(787A7E68C0B7E046E8A69012D208F137)
[6.076][DEBUG]: DevTools response: Target activated
[6.076][DEBUG]: DEVTOOLS COMMAND Page.captureScreenshot (id=106) {

}
[6.233][DEBUG]: DEVTOOLS RESPONSE Page.captureScreenshot (id=106) {
   "data": "iVBORw0KGgoAAAANSUhEUgAABVYAAAO+CAYAAADv/k7HAAAgAElEQVR4nOzdeXxU1f3/8fes2Tf2VQwgsi+yqWAVsFRALCJValFE61qVulR/oiC2aiuufLUFrIiiCGpZFJCKYlxYA6KRnQJBCGFLQraBLDNzf3/EDJmsMyHJTMjr6YOHmXvPPedz7kxyTz4591xTV..."
}
[6.233][INFO]: Waiting for pending navigations...
[6.233][DEBUG]: DEVTOOLS COMMAND Runtime.evaluate (id=107) {
   "expression": "1"
}
[6.233][DEBUG]: DEVTOOLS EVENT DOM.childNodeCountUpdated {
   "childNodeCount": 33,
   "nodeId": 26
}
[6.233][DEBUG]: DEVTOOLS EVENT DOM.childNodeCountUpdated {
   "childNodeCount": 32,
   "nodeId": 26
}
[6.249][DEBUG]: DEVTOOLS RESPONSE Runtime.evaluate (id=107) {
   "result": {
      "description": "1",
      "type": "number",
      "value": 1
   }
}
[6.249][INFO]: Done waiting for pending navigations. Status: ok
[6.249][INFO]: RESPONSE Screenshot "iVBORw0KGgoAAAANSUhEUgAABVYAAAO+CAYAAADv/k7HAAAgAElEQVR4nOzdeXxU1f3/8fes2Tf2VQwgsi+yqWAVsFRALCJValFE61qVulR/oiC2aiuufLUFrIiiCGpZFJCKYlxYA6KRnQJBCGFLQraBLDNzf3/EDJmsMyHJTMjr6YOHmXvPPedz7kxyTz4591xTV..."
[6.292][INFO]: COMMAND Quit {

}
[6.342][INFO]: RESPONSE Quit
[6.342][DEBUG]: Log type 'driver' lost 0 entries on destruction
[6.342][DEBUG]: Log type 'browser' lost 1 entries on destruction
