[358:358:0831/073347.159172:VERBOSE1:breakpad_linux.cc(1980)] Breakpad disabled
[358:363:0831/073347.215122:ERROR:bus.cc(395)] Failed to connect to the bus: Failed to connect to socket /var/run/dbus/system_bus_socket: No such file or directory
[358:358:0831/073347.255221:VERBOSE1:pref_proxy_config_tracker_impl.cc(154)] 0x33470bd28580: set chrome proxy config service to 0x33470be02c00
[358:358:0831/073347.297304:VERBOSE1:pulse_stubs.cc(683)] dlopen(libpulse.so.0) failed, dlerror() says:
libpulse.so.0: cannot open shared object file: No such file or directory
[358:358:0831/073347.297344:VERBOSE1:pulse_util.cc(106)] Failed on loading the Pulse library and symbols
[358:358:0831/073347.338195:VERBOSE1:mutable_profile_oauth2_token_service_delegate.cc(162)] MutablePO2TS::MutablePO2TS
[358:358:0831/073347.338286:VERBOSE1:device_event_log_impl.cc(158)] [07:33:47.338] Bluetooth: EVENT: bluetooth_api.cc:68 BluetoothAPI: 0x33470be80400
[358:358:0831/073347.338593:VERBOSE1:bluetooth_low_energy_event_router.cc(248)] Initializing BluetoothLowEnergyEventRouter.
[358:358:0831/073347.423180:VERBOSE1:pref_proxy_config_tracker_impl.cc(154)] 0x33470bf97000: set chrome proxy config service to 0x33470bead000
[358:358:0831/073347.425632:VERBOSE1:extension_service.cc(1403)] AddComponentExtension Cloud Print
[358:358:0831/073347.425649:VERBOSE1:extension_service.cc(1405)] Component extension Cloud Print (mfehgcgbbipciphmccgaenjidiccnmng) installing/upgrading from '' to 0.1
[358:358:0831/073347.436619:VERBOSE1:extension_service.cc(1403)] AddComponentExtension Web Store
[358:358:0831/073347.436640:VERBOSE1:extension_service.cc(1405)] Component extension Web Store (ahfgeienlihckogmohjhadlkjgocpleb) installing/upgrading from '' to 0.2
[358:358:0831/073347.437821:VERBOSE1:extension_service.cc(1403)] AddComponentExtension Chromium PDF Viewer
[358:358:0831/073347.437838:VERBOSE1:extension_service.cc(1405)] Component extension Chromium PDF Viewer (mhjfbmdgcfjbbpaeojofohoefgiehjai) installing/upgrading from '' to 1
[358:358:0831/073347.442799:VERBOSE1:account_reconcilor.cc(88)] AccountReconcilor::AccountReconcilor
[358:358:0831/073347.442818:VERBOSE1:account_reconcilor.cc(99)] AccountReconcilor::Initialize
[358:372:0831/073347.460268:VERBOSE1:component_installer.cc(244)] StartRegistration for Signed Tree Heads
[358:372:0831/073347.460403:VERBOSE1:component_installer.cc(244)] StartRegistration for Origin Trials
[358:358:0831/073347.460493:VERBOSE1:file_type_policies_component_installer.cc(129)] Registering File Type Policies component.
[358:372:0831/073347.460534:VERBOSE1:component_installer.cc(244)] StartRegistration for File Type Policies
[358:372:0831/073347.460642:VERBOSE1:component_installer.cc(244)] StartRegistration for SSL Error Assistant
[358:358:0831/073347.522634:WARNING:password_store_factory.cc(241)] Using basic (unencrypted) store for password storage. See https://chromium.googlesource.com/chromium/src/+/master/docs/linux_password_storage.md for more information about password storage options.
[358:399:0831/073347.635383:WARNING:histograms.cc(40)] Started multiple compositor clients (Browser, Renderer) in one process. Some metrics will be disabled.
[358:358:0831/073347.643584:VERBOSE1:bluez_dbus_manager.cc(172)] Bluetooth not supported.
[358:358:0831/073347.647838:VERBOSE1:component_updater_service.cc(91)] CrxUpdateService starting up. First update attempt will take place in 360 seconds. Next update attempt will take place in 18000 seconds. 
[358:358:0831/073347.647871:VERBOSE1:component_installer.cc(378)] FinishRegistration for Signed Tree Heads
[358:358:0831/073347.647893:VERBOSE1:component_installer.cc(378)] FinishRegistration for Origin Trials
[358:358:0831/073347.647915:VERBOSE1:component_installer.cc(378)] FinishRegistration for File Type Policies
[358:358:0831/073347.647932:VERBOSE1:component_installer.cc(378)] FinishRegistration for SSL Error Assistant
[358:384:0831/073347.830418:VERBOSE1:multi_log_ct_verifier.cc(75)] Adding CT log: Google 'Aviator' log
[358:384:0831/073347.830443:VERBOSE1:multi_log_ct_verifier.cc(75)] Adding CT log: Google 'Icarus' log
[358:384:0831/073347.830460:VERBOSE1:multi_log_ct_verifier.cc(75)] Adding CT log: Google 'Pilot' log
[358:384:0831/073347.830468:VERBOSE1:multi_log_ct_verifier.cc(75)] Adding CT log: Google 'Rocketeer' log
[358:384:0831/073347.830476:VERBOSE1:multi_log_ct_verifier.cc(75)] Adding CT log: Google 'Skydiver' log
[358:384:0831/073347.830484:VERBOSE1:multi_log_ct_verifier.cc(75)] Adding CT log: DigiCert Log Server
[358:384:0831/073347.830492:VERBOSE1:multi_log_ct_verifier.cc(75)] Adding CT log: DigiCert Log Server 2
[358:384:0831/073347.830499:VERBOSE1:multi_log_ct_verifier.cc(75)] Adding CT log: Symantec log
[358:384:0831/073347.830507:VERBOSE1:multi_log_ct_verifier.cc(75)] Adding CT log: Symantec 'Vega' log
[358:384:0831/073347.830515:VERBOSE1:multi_log_ct_verifier.cc(75)] Adding CT log: Symantec 'Sirius' log
[358:384:0831/073347.830522:VERBOSE1:multi_log_ct_verifier.cc(75)] Adding CT log: WoSign log
[358:384:0831/073347.830527:VERBOSE1:multi_log_ct_verifier.cc(75)] Adding CT log: Venafi Gen2 CT log
[358:384:0831/073347.830532:VERBOSE1:multi_log_ct_verifier.cc(75)] Adding CT log: CNNIC CT log
[358:384:0831/073347.830536:VERBOSE1:multi_log_ct_verifier.cc(75)] Adding CT log: StartCom log
[358:384:0831/073347.830541:VERBOSE1:multi_log_ct_verifier.cc(75)] Adding CT log: Comodo 'Sabre' CT log
[358:384:0831/073347.830545:VERBOSE1:multi_log_ct_verifier.cc(75)] Adding CT log: Comodo 'Mammoth' CT log
[358:384:0831/073347.830550:VERBOSE1:multi_log_ct_verifier.cc(75)] Adding CT log: Izenpe log
[358:384:0831/073347.830554:VERBOSE1:multi_log_ct_verifier.cc(75)] Adding CT log: Venafi log
[358:384:0831/073347.830558:VERBOSE1:multi_log_ct_verifier.cc(75)] Adding CT log: Certly.IO log
[358:384:0831/073347.830566:ERROR:io_thread.cc(730)] Cannot use V8 Proxy resolver in single process mode.
[358:384:0831/073347.830677:VERBOSE1:proxy_service.cc(958)] PAC support disabled because there is no system implementation
[358:384:0831/073347.836634:ERROR:io_thread.cc(730)] Cannot use V8 Proxy resolver in single process mode.
[358:384:0831/073347.836660:VERBOSE1:multi_log_ct_verifier.cc(75)] Adding CT log: Google 'Aviator' log
[358:384:0831/073347.836670:VERBOSE1:multi_log_ct_verifier.cc(75)] Adding CT log: Google 'Icarus' log
[358:384:0831/073347.836678:VERBOSE1:multi_log_ct_verifier.cc(75)] Adding CT log: Google 'Pilot' log
[358:384:0831/073347.836686:VERBOSE1:multi_log_ct_verifier.cc(75)] Adding CT log: Google 'Rocketeer' log
[358:384:0831/073347.836695:VERBOSE1:multi_log_ct_verifier.cc(75)] Adding CT log: Google 'Skydiver' log
[358:384:0831/073347.836703:VERBOSE1:multi_log_ct_verifier.cc(75)] Adding CT log: DigiCert Log Server
[358:384:0831/073347.836711:VERBOSE1:multi_log_ct_verifier.cc(75)] Adding CT log: DigiCert Log Server 2
[358:384:0831/073347.836720:VERBOSE1:multi_log_ct_verifier.cc(75)] Adding CT log: Symantec log
[358:384:0831/073347.836728:VERBOSE1:multi_log_ct_verifier.cc(75)] Adding CT log: Symantec 'Vega' log
[358:384:0831/073347.836736:VERBOSE1:multi_log_ct_verifier.cc(75)] Adding CT log: Symantec 'Sirius' log
[358:384:0831/073347.836744:VERBOSE1:multi_log_ct_verifier.cc(75)] Adding CT log: WoSign log
[358:384:0831/073347.836752:VERBOSE1:multi_log_ct_verifier.cc(75)] Adding CT log: Venafi Gen2 CT log
[358:384:0831/073347.836760:VERBOSE1:multi_log_ct_verifier.cc(75)] Adding CT log: CNNIC CT log
[358:384:0831/073347.836769:VERBOSE1:multi_log_ct_verifier.cc(75)] Adding CT log: StartCom log
[358:384:0831/073347.836778:VERBOSE1:multi_log_ct_verifier.cc(75)] Adding CT log: Comodo 'Sabre' CT log
[358:384:0831/073347.836786:VERBOSE1:multi_log_ct_verifier.cc(75)] Adding CT log: Comodo 'Mammoth' CT log
[358:384:0831/073347.836794:VERBOSE1:multi_log_ct_verifier.cc(75)] Adding CT log: Izenpe log
[358:384:0831/073347.836802:VERBOSE1:multi_log_ct_verifier.cc(75)] Adding CT log: Venafi log
[358:384:0831/073347.836810:VERBOSE1:multi_log_ct_verifier.cc(75)] Adding CT log: Certly.IO log
[358:384:0831/073347.836921:VERBOSE1:proxy_service.cc(958)] PAC support disabled because there is no system implementation
[358:384:0831/073347.838508:VERBOSE1:network_delegate.cc(30)] NetworkDelegate::NotifyBeforeURLRequest: https://www.gstatic.com/chrome/intelligence/assist/ranker/models/translate/2017/03/translate_ranker_model_20170329.pb.bin
[358:384:0831/073347.838536:VERBOSE1:network_delegate.cc(30)] NetworkDelegate::NotifyBeforeURLRequest: https://www.gstatic.com/chrome/intelligence/assist/ranker/models/translate/2017/03/translate_ranker_model_20170329.pb.bin
[358:384:0831/073347.907016:VERBOSE1:network_delegate.cc(30)] NetworkDelegate::NotifyBeforeURLRequest: chrome-extension://aapnijgdinlhnhlmodcfapnahmbfebeb/_generated_background_page.html
[358:384:0831/073347.907032:VERBOSE1:network_delegate.cc(30)] NetworkDelegate::NotifyBeforeURLRequest: chrome-extension://aapnijgdinlhnhlmodcfapnahmbfebeb/_generated_background_page.html
[358:384:0831/073347.907039:VERBOSE1:network_delegate.cc(30)] NetworkDelegate::NotifyBeforeURLRequest: chrome-extension://aapnijgdinlhnhlmodcfapnahmbfebeb/_generated_background_page.html
[358:399:0831/073347.925848:VERBOSE1:LocalWindowProxy.cpp(236)] A context is created NOT from snapshot
[358:399:0831/073347.926501:VERBOSE1:script_context.cc(111)] Created context:
  extension id:           (none)
  frame:                  0x37aec57a1d18
  URL:                    
  context_type:           WEB_PAGE
  effective extension id: (none)
  effective context type: WEB_PAGE
[358:399:0831/073347.928778:VERBOSE1:script_context.cc(111)] Created context:
  extension id:           (none)
  frame:                  (nil)
  URL:                    
  context_type:           UNSPECIFIED
  effective extension id: (none)
  effective context type: UNSPECIFIED
[358:399:0831/073347.929478:VERBOSE1:dispatcher.cc(366)] Num tracked contexts: 1
[358:384:0831/073347.947724:VERBOSE1:network_delegate.cc(30)] NetworkDelegate::NotifyBeforeURLRequest: chrome-extension://aapnijgdinlhnhlmodcfapnahmbfebeb/background.js
[358:384:0831/073347.947743:VERBOSE1:network_delegate.cc(30)] NetworkDelegate::NotifyBeforeURLRequest: chrome-extension://aapnijgdinlhnhlmodcfapnahmbfebeb/background.js
[358:384:0831/073347.947751:VERBOSE1:network_delegate.cc(30)] NetworkDelegate::NotifyBeforeURLRequest: chrome-extension://aapnijgdinlhnhlmodcfapnahmbfebeb/background.js
[358:399:0831/073347.950240:VERBOSE1:LocalWindowProxy.cpp(236)] A context is created NOT from snapshot
[358:399:0831/073347.950448:VERBOSE1:script_context.cc(111)] Created context:
  extension id:           aapnijgdinlhnhlmodcfapnahmbfebeb
  frame:                  0x37aec57ae920
  URL:                    
  context_type:           BLESSED_EXTENSION
  effective extension id: aapnijgdinlhnhlmodcfapnahmbfebeb
  effective context type: BLESSED_EXTENSION
[358:399:0831/073347.950507:VERBOSE1:script_context.cc(111)] Created context:
  extension id:           (none)
  frame:                  (nil)
  URL:                    
  context_type:           UNSPECIFIED
  effective extension id: (none)
  effective context type: UNSPECIFIED
[358:399:0831/073347.979903:VERBOSE1:dispatcher.cc(366)] Num tracked contexts: 2
[358:399:0831/073347.983601:VERBOSE1:language_detection_util.cc(234)] Detected language: und
[358:384:0831/073349.001909:VERBOSE1:network_delegate.cc(30)] NetworkDelegate::NotifyBeforeURLRequest: https://translate.google.com/#en/es/Psychotherapist,
[358:384:0831/073349.001932:VERBOSE1:network_delegate.cc(30)] NetworkDelegate::NotifyBeforeURLRequest: https://translate.google.com/#en/es/Psychotherapist,
[358:384:0831/073349.001945:VERBOSE1:network_delegate.cc(30)] NetworkDelegate::NotifyBeforeURLRequest: https://translate.google.com/#en/es/Psychotherapist,
[358:376:0831/073349.040532:VERBOSE1:simple_index_file.cc(582)] Simple Cache Index is being restored from disk.
[358:399:0831/073349.145354:VERBOSE1:dispatcher.cc(498)] Num tracked contexts: 1
[358:399:0831/073349.148679:VERBOSE1:LocalWindowProxy.cpp(236)] A context is created NOT from snapshot
[358:399:0831/073349.149023:VERBOSE1:script_context.cc(111)] Created context:
  extension id:           (none)
  frame:                  0x37aec57a1d18
  URL:                    
  context_type:           WEB_PAGE
  effective extension id: (none)
  effective context type: WEB_PAGE
[358:399:0831/073349.149115:VERBOSE1:script_context.cc(111)] Created context:
  extension id:           (none)
  frame:                  (nil)
  URL:                    
  context_type:           UNSPECIFIED
  effective extension id: (none)
  effective context type: UNSPECIFIED
[358:399:0831/073349.149826:VERBOSE1:dispatcher.cc(366)] Num tracked contexts: 2
[358:399:0831/073349.151343:VERBOSE1:script_context.cc(120)] Destroyed context for extension
  extension id: 
  effective extension id: 
[358:399:0831/073349.151364:VERBOSE1:script_context.cc(120)] Destroyed context for extension
  extension id: 
  effective extension id: 
[358:384:0831/073349.154163:VERBOSE1:network_delegate.cc(30)] NetworkDelegate::NotifyBeforeURLRequest: https://translate.google.com/translate/releases/twsfe_w_20180827_RC01/r/css/desktop_ltr.css
[358:384:0831/073349.154181:VERBOSE1:network_delegate.cc(30)] NetworkDelegate::NotifyBeforeURLRequest: https://translate.google.com/translate/releases/twsfe_w_20180827_RC01/r/css/desktop_ltr.css
[358:384:0831/073349.154194:VERBOSE1:network_delegate.cc(30)] NetworkDelegate::NotifyBeforeURLRequest: https://translate.google.com/translate/releases/twsfe_w_20180827_RC01/r/css/desktop_ltr.css
[358:384:0831/073349.180399:VERBOSE1:network_delegate.cc(30)] NetworkDelegate::NotifyBeforeURLRequest: https://fonts.googleapis.com/css?family=Roboto:300,400,500,700&lang=en
[358:384:0831/073349.180424:VERBOSE1:network_delegate.cc(30)] NetworkDelegate::NotifyBeforeURLRequest: https://fonts.googleapis.com/css?family=Roboto:300,400,500,700&lang=en
[358:384:0831/073349.180435:VERBOSE1:network_delegate.cc(30)] NetworkDelegate::NotifyBeforeURLRequest: https://fonts.googleapis.com/css?family=Roboto:300,400,500,700&lang=en
[358:384:0831/073349.216186:VERBOSE1:network_delegate.cc(30)] NetworkDelegate::NotifyBeforeURLRequest: https://translate.google.com/translate/releases/twsfe_w_20180827_RC01/r/js/desktop_module_main.js
[358:384:0831/073349.216213:VERBOSE1:network_delegate.cc(30)] NetworkDelegate::NotifyBeforeURLRequest: https://translate.google.com/translate/releases/twsfe_w_20180827_RC01/r/js/desktop_module_main.js
[358:384:0831/073349.216228:VERBOSE1:network_delegate.cc(30)] NetworkDelegate::NotifyBeforeURLRequest: https://translate.google.com/translate/releases/twsfe_w_20180827_RC01/r/js/desktop_module_main.js
[358:384:0831/073349.383692:VERBOSE1:network_delegate.cc(30)] NetworkDelegate::NotifyBeforeURLRequest: https://www.gstatic.com/og/_/js/k=og.og.en_US.ieE30BnAU5c.O/rt=j/m=ld,gl,is,id,nb,nw,sb,sd,p,vd,awd,st,lod,eld,ip,dp,cpd,mud/exm=bt,base,bn,bu,cp,el,lo,sbi,ni,sf,up,dd,aw,iw,if,gi,vi,pi,eq,uc,aswc/d=1/ed=1/rs=AA2YrTvSNFXrJqeu3OybIf_yH6yLm5b6wg
[358:384:0831/073349.383723:VERBOSE1:network_delegate.cc(30)] NetworkDelegate::NotifyBeforeURLRequest: https://www.gstatic.com/og/_/js/k=og.og.en_US.ieE30BnAU5c.O/rt=j/m=ld,gl,is,id,nb,nw,sb,sd,p,vd,awd,st,lod,eld,ip,dp,cpd,mud/exm=bt,base,bn,bu,cp,el,lo,sbi,ni,sf,up,dd,aw,iw,if,gi,vi,pi,eq,uc,aswc/d=1/ed=1/rs=AA2YrTvSNFXrJqeu3OybIf_yH6yLm5b6wg
[358:384:0831/073349.383737:VERBOSE1:network_delegate.cc(30)] NetworkDelegate::NotifyBeforeURLRequest: https://www.gstatic.com/og/_/js/k=og.og.en_US.ieE30BnAU5c.O/rt=j/m=ld,gl,is,id,nb,nw,sb,sd,p,vd,awd,st,lod,eld,ip,dp,cpd,mud/exm=bt,base,bn,bu,cp,el,lo,sbi,ni,sf,up,dd,aw,iw,if,gi,vi,pi,eq,uc,aswc/d=1/ed=1/rs=AA2YrTvSNFXrJqeu3OybIf_yH6yLm5b6wg
[358:384:0831/073349.397726:VERBOSE1:network_delegate.cc(30)] NetworkDelegate::NotifyBeforeURLRequest: https://www.google-analytics.com/analytics.js
[358:384:0831/073349.397745:VERBOSE1:network_delegate.cc(30)] NetworkDelegate::NotifyBeforeURLRequest: https://www.google-analytics.com/analytics.js
[358:384:0831/073349.397757:VERBOSE1:network_delegate.cc(30)] NetworkDelegate::NotifyBeforeURLRequest: https://www.google-analytics.com/analytics.js
[358:384:0831/073349.425915:VERBOSE1:network_delegate.cc(30)] NetworkDelegate::NotifyBeforeURLRequest: https://ssl.gstatic.com/gb/images/v1_9886baa5.png
[358:384:0831/073349.425932:VERBOSE1:network_delegate.cc(30)] NetworkDelegate::NotifyBeforeURLRequest: https://ssl.gstatic.com/gb/images/v1_9886baa5.png
[358:384:0831/073349.425945:VERBOSE1:network_delegate.cc(30)] NetworkDelegate::NotifyBeforeURLRequest: https://ssl.gstatic.com/gb/images/v1_9886baa5.png
[358:384:0831/073349.436696:VERBOSE1:network_delegate.cc(30)] NetworkDelegate::NotifyBeforeURLRequest: https://fonts.gstatic.com/s/roboto/v18/KFOmCnqEu92Fr1Mu4mxK.woff2
[358:384:0831/073349.436716:VERBOSE1:network_delegate.cc(30)] NetworkDelegate::NotifyBeforeURLRequest: https://fonts.gstatic.com/s/roboto/v18/KFOmCnqEu92Fr1Mu4mxK.woff2
[358:384:0831/073349.436727:VERBOSE1:network_delegate.cc(30)] NetworkDelegate::NotifyBeforeURLRequest: https://fonts.gstatic.com/s/roboto/v18/KFOmCnqEu92Fr1Mu4mxK.woff2
[358:384:0831/073349.437585:VERBOSE1:network_delegate.cc(30)] NetworkDelegate::NotifyBeforeURLRequest: https://ssl.gstatic.com/translate/buttons11.png
[358:384:0831/073349.437656:VERBOSE1:network_delegate.cc(30)] NetworkDelegate::NotifyBeforeURLRequest: https://ssl.gstatic.com/translate/buttons11.png
[358:384:0831/073349.437669:VERBOSE1:network_delegate.cc(30)] NetworkDelegate::NotifyBeforeURLRequest: https://ssl.gstatic.com/translate/buttons11.png
[358:384:0831/073349.629928:VERBOSE1:network_delegate.cc(30)] NetworkDelegate::NotifyBeforeURLRequest: https://ssl.gstatic.com/images/branding/google_plus/1x/ic_w_google_plus_grey600_24dp.png
[358:384:0831/073349.629955:VERBOSE1:network_delegate.cc(30)] NetworkDelegate::NotifyBeforeURLRequest: https://ssl.gstatic.com/images/branding/google_plus/1x/ic_w_google_plus_grey600_24dp.png
[358:384:0831/073349.629971:VERBOSE1:network_delegate.cc(30)] NetworkDelegate::NotifyBeforeURLRequest: https://ssl.gstatic.com/images/branding/google_plus/1x/ic_w_google_plus_grey600_24dp.png
[358:384:0831/073349.635370:VERBOSE1:network_delegate.cc(30)] NetworkDelegate::NotifyBeforeURLRequest: https://ssl.gstatic.com/images/icons/material/system/1x/post_blogger_grey600_24dp.png
[358:384:0831/073349.635389:VERBOSE1:network_delegate.cc(30)] NetworkDelegate::NotifyBeforeURLRequest: https://ssl.gstatic.com/images/icons/material/system/1x/post_blogger_grey600_24dp.png
[358:384:0831/073349.635402:VERBOSE1:network_delegate.cc(30)] NetworkDelegate::NotifyBeforeURLRequest: https://ssl.gstatic.com/images/icons/material/system/1x/post_blogger_grey600_24dp.png
[358:384:0831/073349.635636:VERBOSE1:network_delegate.cc(30)] NetworkDelegate::NotifyBeforeURLRequest: https://ssl.gstatic.com/images/icons/material/system/1x/feedback_grey600_18dp.png
[358:384:0831/073349.635651:VERBOSE1:network_delegate.cc(30)] NetworkDelegate::NotifyBeforeURLRequest: https://ssl.gstatic.com/images/icons/material/system/1x/feedback_grey600_18dp.png
[358:384:0831/073349.635662:VERBOSE1:network_delegate.cc(30)] NetworkDelegate::NotifyBeforeURLRequest: https://ssl.gstatic.com/images/icons/material/system/1x/feedback_grey600_18dp.png
[358:384:0831/073349.645111:VERBOSE1:network_delegate.cc(30)] NetworkDelegate::NotifyBeforeURLRequest: https://fonts.gstatic.com/s/roboto/v18/KFOlCnqEu92Fr1MmWUlfBBc4.woff2
[358:384:0831/073349.645132:VERBOSE1:network_delegate.cc(30)] NetworkDelegate::NotifyBeforeURLRequest: https://fonts.gstatic.com/s/roboto/v18/KFOlCnqEu92Fr1MmWUlfBBc4.woff2
[358:384:0831/073349.645144:VERBOSE1:network_delegate.cc(30)] NetworkDelegate::NotifyBeforeURLRequest: https://fonts.gstatic.com/s/roboto/v18/KFOlCnqEu92Fr1MmWUlfBBc4.woff2
[358:384:0831/073349.742496:VERBOSE1:network_delegate.cc(30)] NetworkDelegate::NotifyBeforeURLRequest: https://ssl.gstatic.com/translate/arrow_ltr.png
[358:384:0831/073349.742521:VERBOSE1:network_delegate.cc(30)] NetworkDelegate::NotifyBeforeURLRequest: https://ssl.gstatic.com/translate/arrow_ltr.png
[358:384:0831/073349.742534:VERBOSE1:network_delegate.cc(30)] NetworkDelegate::NotifyBeforeURLRequest: https://ssl.gstatic.com/translate/arrow_ltr.png
[358:384:0831/073349.768498:VERBOSE1:network_delegate.cc(30)] NetworkDelegate::NotifyBeforeURLRequest: https://ssl.gstatic.com/translate/undo.png
[358:384:0831/073349.768522:VERBOSE1:network_delegate.cc(30)] NetworkDelegate::NotifyBeforeURLRequest: https://ssl.gstatic.com/translate/undo.png
[358:384:0831/073349.768540:VERBOSE1:network_delegate.cc(30)] NetworkDelegate::NotifyBeforeURLRequest: https://ssl.gstatic.com/translate/undo.png
[358:384:0831/073349.791895:VERBOSE1:network_delegate.cc(30)] NetworkDelegate::NotifyBeforeURLRequest: https://www.gstatic.com/inputtools/js/ita/inputtools_3.js
[358:384:0831/073349.791919:VERBOSE1:network_delegate.cc(30)] NetworkDelegate::NotifyBeforeURLRequest: https://www.gstatic.com/inputtools/js/ita/inputtools_3.js
[358:384:0831/073349.791932:VERBOSE1:network_delegate.cc(30)] NetworkDelegate::NotifyBeforeURLRequest: https://www.gstatic.com/inputtools/js/ita/inputtools_3.js
[358:384:0831/073349.822289:VERBOSE1:network_delegate.cc(30)] NetworkDelegate::NotifyBeforeURLRequest: https://ssl.gstatic.com/images/icons/material/system/1x/stars_black_24dp.png
[358:384:0831/073349.822312:VERBOSE1:network_delegate.cc(30)] NetworkDelegate::NotifyBeforeURLRequest: https://ssl.gstatic.com/images/icons/material/system/1x/stars_black_24dp.png
[358:384:0831/073349.822325:VERBOSE1:network_delegate.cc(30)] NetworkDelegate::NotifyBeforeURLRequest: https://ssl.gstatic.com/images/icons/material/system/1x/stars_black_24dp.png
[358:384:0831/073349.855841:VERBOSE1:network_delegate.cc(30)] NetworkDelegate::NotifyBeforeURLRequest: https://ssl.gstatic.com/images/icons/material/system/1x/close_white_24dp.png
[358:384:0831/073349.855882:VERBOSE1:network_delegate.cc(30)] NetworkDelegate::NotifyBeforeURLRequest: https://ssl.gstatic.com/images/icons/material/system/1x/close_white_24dp.png
[358:384:0831/073349.855897:VERBOSE1:network_delegate.cc(30)] NetworkDelegate::NotifyBeforeURLRequest: https://ssl.gstatic.com/images/icons/material/system/1x/close_white_24dp.png
[358:384:0831/073349.856224:VERBOSE1:network_delegate.cc(30)] NetworkDelegate::NotifyBeforeURLRequest: https://ssl.gstatic.com/translate/community/promo/promo-new-2x.png
[358:384:0831/073349.856240:VERBOSE1:network_delegate.cc(30)] NetworkDelegate::NotifyBeforeURLRequest: https://ssl.gstatic.com/translate/community/promo/promo-new-2x.png
[358:384:0831/073349.856250:VERBOSE1:network_delegate.cc(30)] NetworkDelegate::NotifyBeforeURLRequest: https://ssl.gstatic.com/translate/community/promo/promo-new-2x.png
[358:384:0831/073349.858909:VERBOSE1:network_delegate.cc(30)] NetworkDelegate::NotifyBeforeURLRequest: https://ssl.gstatic.com/images/icons/material/system/1x/arrow_forward_grey600_24dp.png
[358:384:0831/073349.858928:VERBOSE1:network_delegate.cc(30)] NetworkDelegate::NotifyBeforeURLRequest: https://ssl.gstatic.com/images/icons/material/system/1x/arrow_forward_grey600_24dp.png
[358:384:0831/073349.858941:VERBOSE1:network_delegate.cc(30)] NetworkDelegate::NotifyBeforeURLRequest: https://ssl.gstatic.com/images/icons/material/system/1x/arrow_forward_grey600_24dp.png
[358:384:0831/073349.861270:VERBOSE1:network_delegate.cc(30)] NetworkDelegate::NotifyBeforeURLRequest: https://ssl.gstatic.com/images/icons/material/system/1x/verified_user_black_24dp.png
[358:384:0831/073349.861290:VERBOSE1:network_delegate.cc(30)] NetworkDelegate::NotifyBeforeURLRequest: https://ssl.gstatic.com/images/icons/material/system/1x/verified_user_black_24dp.png
[358:384:0831/073349.861302:VERBOSE1:network_delegate.cc(30)] NetworkDelegate::NotifyBeforeURLRequest: https://ssl.gstatic.com/images/icons/material/system/1x/verified_user_black_24dp.png
[358:384:0831/073349.878507:VERBOSE1:network_delegate.cc(30)] NetworkDelegate::NotifyBeforeURLRequest: https://translate.google.com/translate_a/single?client=t&sl=en&tl=es&hl=en&dt=at&dt=bd&dt=ex&dt=ld&dt=md&dt=qca&dt=rw&dt=rm&dt=ss&dt=t&ie=UTF-8&oe=UTF-8&source=bh&ssel=0&tsel=0&kc=1&tk=212981.376226&q=Psychotherapist%2C
[358:384:0831/073349.878527:VERBOSE1:network_delegate.cc(30)] NetworkDelegate::NotifyBeforeURLRequest: https://translate.google.com/translate_a/single?client=t&sl=en&tl=es&hl=en&dt=at&dt=bd&dt=ex&dt=ld&dt=md&dt=qca&dt=rw&dt=rm&dt=ss&dt=t&ie=UTF-8&oe=UTF-8&source=bh&ssel=0&tsel=0&kc=1&tk=212981.376226&q=Psychotherapist%2C
[358:384:0831/073349.878545:VERBOSE1:network_delegate.cc(30)] NetworkDelegate::NotifyBeforeURLRequest: https://translate.google.com/translate_a/single?client=t&sl=en&tl=es&hl=en&dt=at&dt=bd&dt=ex&dt=ld&dt=md&dt=qca&dt=rw&dt=rm&dt=ss&dt=t&ie=UTF-8&oe=UTF-8&source=bh&ssel=0&tsel=0&kc=1&tk=212981.376226&q=Psychotherapist%2C
[358:399:0831/073349.967902:VERBOSE1:language_detection_util.cc(234)] Detected language: und
[358:384:0831/073350.023288:VERBOSE1:network_delegate.cc(30)] NetworkDelegate::NotifyBeforeURLRequest: https://csi.gstatic.com/csi?v=3&s=translate&action=at&srt=141&tbsrt=153&tran=15&p=s&npn=1&npnv=h2&sl=en&tl=es&size=18&e=17259,1500008,15700002,15700023,15700124,15700149,15700186,15700190,15700201&rt=prt.138,ol.152
[358:384:0831/073350.023316:VERBOSE1:network_delegate.cc(30)] NetworkDelegate::NotifyBeforeURLRequest: https://csi.gstatic.com/csi?v=3&s=translate&action=at&srt=141&tbsrt=153&tran=15&p=s&npn=1&npnv=h2&sl=en&tl=es&size=18&e=17259,1500008,15700002,15700023,15700124,15700149,15700186,15700190,15700201&rt=prt.138,ol.152
[358:384:0831/073350.023329:VERBOSE1:network_delegate.cc(30)] NetworkDelegate::NotifyBeforeURLRequest: https://csi.gstatic.com/csi?v=3&s=translate&action=at&srt=141&tbsrt=153&tran=15&p=s&npn=1&npnv=h2&sl=en&tl=es&size=18&e=17259,1500008,15700002,15700023,15700124,15700149,15700186,15700190,15700201&rt=prt.138,ol.152
[358:384:0831/073350.040399:VERBOSE1:network_delegate.cc(30)] NetworkDelegate::NotifyBeforeURLRequest: https://ssl.gstatic.com/images/icons/material/system/1x/share_black_18dp.png
[358:384:0831/073350.040425:VERBOSE1:network_delegate.cc(30)] NetworkDelegate::NotifyBeforeURLRequest: https://ssl.gstatic.com/images/icons/material/system/1x/share_black_18dp.png
[358:384:0831/073350.040438:VERBOSE1:network_delegate.cc(30)] NetworkDelegate::NotifyBeforeURLRequest: https://ssl.gstatic.com/images/icons/material/system/1x/share_black_18dp.png
[358:384:0831/073350.040697:VERBOSE1:network_delegate.cc(30)] NetworkDelegate::NotifyBeforeURLRequest: https://ssl.gstatic.com/images/icons/material/system/1x/content_copy_black_18dp.png
[358:384:0831/073350.040713:VERBOSE1:network_delegate.cc(30)] NetworkDelegate::NotifyBeforeURLRequest: https://ssl.gstatic.com/images/icons/material/system/1x/content_copy_black_18dp.png
[358:384:0831/073350.040724:VERBOSE1:network_delegate.cc(30)] NetworkDelegate::NotifyBeforeURLRequest: https://ssl.gstatic.com/images/icons/material/system/1x/content_copy_black_18dp.png
[358:384:0831/073350.058741:VERBOSE1:network_delegate.cc(30)] NetworkDelegate::NotifyBeforeURLRequest: https://translate.google.com/gen204?ttsaudio=mp3=0,ogg=1,wav=1,vol=1,type=none
[358:384:0831/073350.058766:VERBOSE1:network_delegate.cc(30)] NetworkDelegate::NotifyBeforeURLRequest: https://translate.google.com/gen204?ttsaudio=mp3=0,ogg=1,wav=1,vol=1,type=none
[358:384:0831/073350.058779:VERBOSE1:network_delegate.cc(30)] NetworkDelegate::NotifyBeforeURLRequest: https://translate.google.com/gen204?ttsaudio=mp3=0,ogg=1,wav=1,vol=1,type=none
[358:384:0831/073350.059041:VERBOSE1:network_delegate.cc(30)] NetworkDelegate::NotifyBeforeURLRequest: https://translate.google.com/gen204?community-promo=show-t-new-user
[358:384:0831/073350.059057:VERBOSE1:network_delegate.cc(30)] NetworkDelegate::NotifyBeforeURLRequest: https://translate.google.com/gen204?community-promo=show-t-new-user
[358:384:0831/073350.059068:VERBOSE1:network_delegate.cc(30)] NetworkDelegate::NotifyBeforeURLRequest: https://translate.google.com/gen204?community-promo=show-t-new-user
[358:384:0831/073350.059337:VERBOSE1:network_delegate.cc(30)] NetworkDelegate::NotifyBeforeURLRequest: https://translate.google.com/gen204?hready=sl=en,tl=es,ql=16,slh=,tlh=en,soph=0,hl=en,ttnc=258,uetrans=1,eotf=1
[358:384:0831/073350.059354:VERBOSE1:network_delegate.cc(30)] NetworkDelegate::NotifyBeforeURLRequest: https://translate.google.com/gen204?hready=sl=en,tl=es,ql=16,slh=,tlh=en,soph=0,hl=en,ttnc=258,uetrans=1,eotf=1
[358:384:0831/073350.059366:VERBOSE1:network_delegate.cc(30)] NetworkDelegate::NotifyBeforeURLRequest: https://translate.google.com/gen204?hready=sl=en,tl=es,ql=16,slh=,tlh=en,soph=0,hl=en,ttnc=258,uetrans=1,eotf=1
[358:384:0831/073350.059621:VERBOSE1:network_delegate.cc(30)] NetworkDelegate::NotifyBeforeURLRequest: https://translate.google.com/gen204?ftrans=ttl=31,ttt=388
[358:384:0831/073350.059636:VERBOSE1:network_delegate.cc(30)] NetworkDelegate::NotifyBeforeURLRequest: https://translate.google.com/gen204?ftrans=ttl=31,ttt=388
[358:384:0831/073350.059648:VERBOSE1:network_delegate.cc(30)] NetworkDelegate::NotifyBeforeURLRequest: https://translate.google.com/gen204?ftrans=ttl=31,ttt=388
[358:384:0831/073350.088216:VERBOSE1:network_delegate.cc(30)] NetworkDelegate::NotifyBeforeURLRequest: https://apis.google.com/_/scs/abc-static/_/js/k=gapi.gapi.en.bSfaJ330ulQ.O/m=gapi_iframes,googleapis_client,plusone/rt=j/sv=1/d=1/ed=1/rs=AHpOoo9ETX0ujNe7X7enovCK61wuo61HKQ/cb=gapi.loaded_0
[358:384:0831/073350.088238:VERBOSE1:network_delegate.cc(30)] NetworkDelegate::NotifyBeforeURLRequest: https://apis.google.com/_/scs/abc-static/_/js/k=gapi.gapi.en.bSfaJ330ulQ.O/m=gapi_iframes,googleapis_client,plusone/rt=j/sv=1/d=1/ed=1/rs=AHpOoo9ETX0ujNe7X7enovCK61wuo61HKQ/cb=gapi.loaded_0
[358:384:0831/073350.088252:VERBOSE1:network_delegate.cc(30)] NetworkDelegate::NotifyBeforeURLRequest: https://apis.google.com/_/scs/abc-static/_/js/k=gapi.gapi.en.bSfaJ330ulQ.O/m=gapi_iframes,googleapis_client,plusone/rt=j/sv=1/d=1/ed=1/rs=AHpOoo9ETX0ujNe7X7enovCK61wuo61HKQ/cb=gapi.loaded_0
[358:384:0831/073350.359290:VERBOSE1:network_delegate.cc(30)] NetworkDelegate::NotifyBeforeURLRequest: https://ssl.gstatic.com/inputtools/js/config/65698178.js
[358:384:0831/073350.359322:VERBOSE1:network_delegate.cc(30)] NetworkDelegate::NotifyBeforeURLRequest: https://ssl.gstatic.com/inputtools/js/config/65698178.js
[358:384:0831/073350.359338:VERBOSE1:network_delegate.cc(30)] NetworkDelegate::NotifyBeforeURLRequest: https://ssl.gstatic.com/inputtools/js/config/65698178.js
[358:384:0831/073350.360078:VERBOSE1:network_delegate.cc(30)] NetworkDelegate::NotifyBeforeURLRequest: https://ssl.gstatic.com/inputtools/js/config/49160274.js
[358:384:0831/073350.360096:VERBOSE1:network_delegate.cc(30)] NetworkDelegate::NotifyBeforeURLRequest: https://ssl.gstatic.com/inputtools/js/config/49160274.js
[358:384:0831/073350.360107:VERBOSE1:network_delegate.cc(30)] NetworkDelegate::NotifyBeforeURLRequest: https://ssl.gstatic.com/inputtools/js/config/49160274.js
[358:384:0831/073350.382453:VERBOSE1:network_delegate.cc(30)] NetworkDelegate::NotifyBeforeURLRequest: https://ssl.gstatic.com/inputtools/js/kbd/2/en.js
[358:384:0831/073350.382472:VERBOSE1:network_delegate.cc(30)] NetworkDelegate::NotifyBeforeURLRequest: https://ssl.gstatic.com/inputtools/js/kbd/2/en.js
[358:384:0831/073350.382483:VERBOSE1:network_delegate.cc(30)] NetworkDelegate::NotifyBeforeURLRequest: https://ssl.gstatic.com/inputtools/js/kbd/2/en.js
[358:384:0831/073350.382816:VERBOSE1:network_delegate.cc(30)] NetworkDelegate::NotifyBeforeURLRequest: https://ssl.gstatic.com/inputtools/js/kbd/2/en_dvorak.js
[358:384:0831/073350.382833:VERBOSE1:network_delegate.cc(30)] NetworkDelegate::NotifyBeforeURLRequest: https://ssl.gstatic.com/inputtools/js/kbd/2/en_dvorak.js
[358:384:0831/073350.382844:VERBOSE1:network_delegate.cc(30)] NetworkDelegate::NotifyBeforeURLRequest: https://ssl.gstatic.com/inputtools/js/kbd/2/en_dvorak.js
[358:384:0831/073350.408247:VERBOSE1:network_delegate.cc(30)] NetworkDelegate::NotifyBeforeURLRequest: https://ssl.gstatic.com/inputtools/js/ln/16/en.js
[358:384:0831/073350.408271:VERBOSE1:network_delegate.cc(30)] NetworkDelegate::NotifyBeforeURLRequest: https://ssl.gstatic.com/inputtools/js/ln/16/en.js
[358:384:0831/073350.408284:VERBOSE1:network_delegate.cc(30)] NetworkDelegate::NotifyBeforeURLRequest: https://ssl.gstatic.com/inputtools/js/ln/16/en.js
[358:384:0831/073350.409194:VERBOSE1:network_delegate.cc(30)] NetworkDelegate::NotifyBeforeURLRequest: https://ssl.gstatic.com/inputtools/js/msgs/9/en.js
[358:384:0831/073350.409208:VERBOSE1:network_delegate.cc(30)] NetworkDelegate::NotifyBeforeURLRequest: https://ssl.gstatic.com/inputtools/js/msgs/9/en.js
[358:384:0831/073350.409220:VERBOSE1:network_delegate.cc(30)] NetworkDelegate::NotifyBeforeURLRequest: https://ssl.gstatic.com/inputtools/js/msgs/9/en.js
[358:384:0831/073350.427418:VERBOSE1:network_delegate.cc(30)] NetworkDelegate::NotifyBeforeURLRequest: https://ssl.gstatic.com/inputtools/images/ita_sprite7.png
[358:384:0831/073350.427448:VERBOSE1:network_delegate.cc(30)] NetworkDelegate::NotifyBeforeURLRequest: https://ssl.gstatic.com/inputtools/images/ita_sprite7.png
[358:384:0831/073350.427460:VERBOSE1:network_delegate.cc(30)] NetworkDelegate::NotifyBeforeURLRequest: https://ssl.gstatic.com/inputtools/images/ita_sprite7.png
[358:384:0831/073350.558523:VERBOSE1:network_delegate.cc(30)] NetworkDelegate::NotifyBeforeURLRequest: https://translate.google.com/favicon.ico
[358:384:0831/073350.558549:VERBOSE1:network_delegate.cc(30)] NetworkDelegate::NotifyBeforeURLRequest: https://translate.google.com/favicon.ico
[358:384:0831/073350.558582:VERBOSE1:network_delegate.cc(30)] NetworkDelegate::NotifyBeforeURLRequest: https://translate.google.com/favicon.ico
[358:384:0831/073350.629052:VERBOSE1:network_delegate.cc(30)] NetworkDelegate::NotifyBeforeURLRequest: https://play.google.com/log?format=json&hasfast=true&authuser=0
[358:384:0831/073350.629079:VERBOSE1:network_delegate.cc(30)] NetworkDelegate::NotifyBeforeURLRequest: https://play.google.com/log?format=json&hasfast=true&authuser=0
[358:384:0831/073350.629092:VERBOSE1:network_delegate.cc(30)] NetworkDelegate::NotifyBeforeURLRequest: https://play.google.com/log?format=json&hasfast=true&authuser=0
[358:384:0831/073350.662011:VERBOSE1:loader_util.cc(35)] To buffer: https://play.google.com/log?format=json&hasfast=true&authuser=0
[358:384:0831/073350.900315:VERBOSE1:network_delegate.cc(30)] NetworkDelegate::NotifyBeforeURLRequest: https://clients1.google.com/complete/search?q=1&client=translate-web&ds=translate&hl=en&requiredfields=tl%3Aes&callback=_callbacks____0jlhomgtr
[358:384:0831/073350.900344:VERBOSE1:network_delegate.cc(30)] NetworkDelegate::NotifyBeforeURLRequest: https://clients1.google.com/complete/search?q=1&client=translate-web&ds=translate&hl=en&requiredfields=tl%3Aes&callback=_callbacks____0jlhomgtr
[358:384:0831/073350.900359:VERBOSE1:network_delegate.cc(30)] NetworkDelegate::NotifyBeforeURLRequest: https://clients1.google.com/complete/search?q=1&client=translate-web&ds=translate&hl=en&requiredfields=tl%3Aes&callback=_callbacks____0jlhomgtr
[358:384:0831/073351.064088:VERBOSE1:network_delegate.cc(30)] NetworkDelegate::NotifyBeforeURLRequest: https://clients1.google.com/complete/search?q=12345&client=translate-web&ds=translate&hl=en&requiredfields=tl%3Aes&callback=_callbacks____1jlhomgye
[358:384:0831/073351.064114:VERBOSE1:network_delegate.cc(30)] NetworkDelegate::NotifyBeforeURLRequest: https://clients1.google.com/complete/search?q=12345&client=translate-web&ds=translate&hl=en&requiredfields=tl%3Aes&callback=_callbacks____1jlhomgye
[358:384:0831/073351.064127:VERBOSE1:network_delegate.cc(30)] NetworkDelegate::NotifyBeforeURLRequest: https://clients1.google.com/complete/search?q=12345&client=translate-web&ds=translate&hl=en&requiredfields=tl%3Aes&callback=_callbacks____1jlhomgye
[358:384:0831/073351.286977:VERBOSE1:network_delegate.cc(30)] NetworkDelegate::NotifyBeforeURLRequest: https://translate.google.com/translate_a/single?client=t&sl=en&tl=es&hl=en&dt=at&dt=bd&dt=ex&dt=ld&dt=md&dt=qca&dt=rw&dt=rm&dt=ss&dt=t&ie=UTF-8&oe=UTF-8&otf=1&ssel=0&tsel=0&kc=5&tk=742691.907124&q=12345
[358:384:0831/073351.287001:VERBOSE1:network_delegate.cc(30)] NetworkDelegate::NotifyBeforeURLRequest: https://translate.google.com/translate_a/single?client=t&sl=en&tl=es&hl=en&dt=at&dt=bd&dt=ex&dt=ld&dt=md&dt=qca&dt=rw&dt=rm&dt=ss&dt=t&ie=UTF-8&oe=UTF-8&otf=1&ssel=0&tsel=0&kc=5&tk=742691.907124&q=12345
[358:384:0831/073351.287014:VERBOSE1:network_delegate.cc(30)] NetworkDelegate::NotifyBeforeURLRequest: https://translate.google.com/translate_a/single?client=t&sl=en&tl=es&hl=en&dt=at&dt=bd&dt=ex&dt=ld&dt=md&dt=qca&dt=rw&dt=rm&dt=ss&dt=t&ie=UTF-8&oe=UTF-8&otf=1&ssel=0&tsel=0&kc=5&tk=742691.907124&q=12345
[358:384:0831/073351.295667:VERBOSE1:network_delegate.cc(30)] NetworkDelegate::NotifyBeforeURLRequest: https://translate.google.com/gen204?fq=sl=en,tl=es,ql=16,q=Psychotherapist%2C,pc=0
[358:384:0831/073351.295685:VERBOSE1:network_delegate.cc(30)] NetworkDelegate::NotifyBeforeURLRequest: https://translate.google.com/gen204?fq=sl=en,tl=es,ql=16,q=Psychotherapist%2C,pc=0
[358:384:0831/073351.295696:VERBOSE1:network_delegate.cc(30)] NetworkDelegate::NotifyBeforeURLRequest: https://translate.google.com/gen204?fq=sl=en,tl=es,ql=16,q=Psychotherapist%2C,pc=0
[358:384:0831/073351.335580:VERBOSE1:network_delegate.cc(30)] NetworkDelegate::NotifyBeforeURLRequest: https://csi.gstatic.com/csi?v=3&s=translate&action=at&srt=141&tbsrt=1345&tran=15&p=s&npn=1&npnv=h2&sl=en&tl=es&size=5&e=17259,1500008,15700002,15700023,15700124,15700149,15700186,15700190,15700201&rt=prt.40,ol.41
[358:384:0831/073351.335613:VERBOSE1:network_delegate.cc(30)] NetworkDelegate::NotifyBeforeURLRequest: https://csi.gstatic.com/csi?v=3&s=translate&action=at&srt=141&tbsrt=1345&tran=15&p=s&npn=1&npnv=h2&sl=en&tl=es&size=5&e=17259,1500008,15700002,15700023,15700124,15700149,15700186,15700190,15700201&rt=prt.40,ol.41
[358:384:0831/073351.335631:VERBOSE1:network_delegate.cc(30)] NetworkDelegate::NotifyBeforeURLRequest: https://csi.gstatic.com/csi?v=3&s=translate&action=at&srt=141&tbsrt=1345&tran=15&p=s&npn=1&npnv=h2&sl=en&tl=es&size=5&e=17259,1500008,15700002,15700023,15700124,15700149,15700186,15700190,15700201&rt=prt.40,ol.41
[358:384:0831/073351.615787:VERBOSE1:network_delegate.cc(30)] NetworkDelegate::NotifyBeforeURLRequest: https://translate.google.com/translate_a/single?client=t&sl=en&tl=es&hl=en&dt=at&dt=bd&dt=ex&dt=ld&dt=md&dt=qca&dt=rw&dt=rm&dt=ss&dt=t&ie=UTF-8&oe=UTF-8&source=bh&ssel=0&tsel=0&kc=1&tk=212981.376226&q=Psychotherapist%2C
[358:384:0831/073351.615814:VERBOSE1:network_delegate.cc(30)] NetworkDelegate::NotifyBeforeURLRequest: https://translate.google.com/translate_a/single?client=t&sl=en&tl=es&hl=en&dt=at&dt=bd&dt=ex&dt=ld&dt=md&dt=qca&dt=rw&dt=rm&dt=ss&dt=t&ie=UTF-8&oe=UTF-8&source=bh&ssel=0&tsel=0&kc=1&tk=212981.376226&q=Psychotherapist%2C
[358:384:0831/073351.615829:VERBOSE1:network_delegate.cc(30)] NetworkDelegate::NotifyBeforeURLRequest: https://translate.google.com/translate_a/single?client=t&sl=en&tl=es&hl=en&dt=at&dt=bd&dt=ex&dt=ld&dt=md&dt=qca&dt=rw&dt=rm&dt=ss&dt=t&ie=UTF-8&oe=UTF-8&source=bh&ssel=0&tsel=0&kc=1&tk=212981.376226&q=Psychotherapist%2C
[358:384:0831/073351.627106:VERBOSE1:network_delegate.cc(30)] NetworkDelegate::NotifyBeforeURLRequest: https://translate.google.com/gen204?fq=sl=en,tl=es,ql=5,q=12345,pc=0
[358:384:0831/073351.627131:VERBOSE1:network_delegate.cc(30)] NetworkDelegate::NotifyBeforeURLRequest: https://translate.google.com/gen204?fq=sl=en,tl=es,ql=5,q=12345,pc=0
[358:384:0831/073351.627144:VERBOSE1:network_delegate.cc(30)] NetworkDelegate::NotifyBeforeURLRequest: https://translate.google.com/gen204?fq=sl=en,tl=es,ql=5,q=12345,pc=0
[358:384:0831/073351.640422:VERBOSE1:network_delegate.cc(30)] NetworkDelegate::NotifyBeforeURLRequest: https://play.google.com/log?format=json&hasfast=true&authuser=0
[358:384:0831/073351.640443:VERBOSE1:network_delegate.cc(30)] NetworkDelegate::NotifyBeforeURLRequest: https://play.google.com/log?format=json&hasfast=true&authuser=0
[358:384:0831/073351.640456:VERBOSE1:network_delegate.cc(30)] NetworkDelegate::NotifyBeforeURLRequest: https://play.google.com/log?format=json&hasfast=true&authuser=0
[358:384:0831/073351.650722:VERBOSE1:network_delegate.cc(30)] NetworkDelegate::NotifyBeforeURLRequest: https://csi.gstatic.com/csi?v=3&s=translate&action=at&tran=15&p=s&npn=1&npnv=h2&sl=en&tl=es&size=18&e=17259,1500008,15700002,15700023,15700124,15700149,15700186,15700190,15700201&rt=prt.39,ol.39
[358:384:0831/073351.650755:VERBOSE1:network_delegate.cc(30)] NetworkDelegate::NotifyBeforeURLRequest: https://csi.gstatic.com/csi?v=3&s=translate&action=at&tran=15&p=s&npn=1&npnv=h2&sl=en&tl=es&size=18&e=17259,1500008,15700002,15700023,15700124,15700149,15700186,15700190,15700201&rt=prt.39,ol.39
[358:384:0831/073351.650780:VERBOSE1:network_delegate.cc(30)] NetworkDelegate::NotifyBeforeURLRequest: https://csi.gstatic.com/csi?v=3&s=translate&action=at&tran=15&p=s&npn=1&npnv=h2&sl=en&tl=es&size=18&e=17259,1500008,15700002,15700023,15700124,15700149,15700186,15700190,15700201&rt=prt.39,ol.39
[358:384:0831/073351.656883:VERBOSE1:loader_util.cc(35)] To buffer: https://play.google.com/log?format=json&hasfast=true&authuser=0
[358:399:0831/073351.686330:VERBOSE1:LocalWindowProxy.cpp(236)] A context is created NOT from snapshot
[358:399:0831/073351.686538:VERBOSE1:script_context.cc(111)] Created context:
  extension id:           (none)
  frame:                  0x37aec585a408
  URL:                    
  context_type:           WEB_PAGE
  effective extension id: (none)
  effective context type: WEB_PAGE
[358:399:0831/073351.686588:VERBOSE1:script_context.cc(111)] Created context:
  extension id:           (none)
  frame:                  (nil)
  URL:                    
  context_type:           UNSPECIFIED
  effective extension id: (none)
  effective context type: UNSPECIFIED
[358:399:0831/073351.687043:VERBOSE1:dispatcher.cc(366)] Num tracked contexts: 3
[358:399:0831/073351.700458:VERBOSE1:dispatcher.cc(498)] Num tracked contexts: 2
[358:399:0831/073351.700885:VERBOSE1:script_context.cc(120)] Destroyed context for extension
  extension id: 
  effective extension id: 
[358:399:0831/073351.700911:VERBOSE1:script_context.cc(120)] Destroyed context for extension
  extension id: 
  effective extension id: 
[358:384:0831/073351.870530:VERBOSE1:network_delegate.cc(30)] NetworkDelegate::NotifyBeforeURLRequest: https://clients1.google.com/complete/search?q=1&client=translate-web&ds=translate&hl=en&requiredfields=tl%3Aes&callback=_callbacks____2jlhomhks
[358:384:0831/073351.870555:VERBOSE1:network_delegate.cc(30)] NetworkDelegate::NotifyBeforeURLRequest: https://clients1.google.com/complete/search?q=1&client=translate-web&ds=translate&hl=en&requiredfields=tl%3Aes&callback=_callbacks____2jlhomhks
[358:384:0831/073351.870570:VERBOSE1:network_delegate.cc(30)] NetworkDelegate::NotifyBeforeURLRequest: https://clients1.google.com/complete/search?q=1&client=translate-web&ds=translate&hl=en&requiredfields=tl%3Aes&callback=_callbacks____2jlhomhks
[358:384:0831/073352.042468:VERBOSE1:network_delegate.cc(30)] NetworkDelegate::NotifyBeforeURLRequest: https://clients1.google.com/complete/search?q=12345&client=translate-web&ds=translate&hl=en&requiredfields=tl%3Aes&callback=_callbacks____3jlhomhpg
[358:384:0831/073352.042495:VERBOSE1:network_delegate.cc(30)] NetworkDelegate::NotifyBeforeURLRequest: https://clients1.google.com/complete/search?q=12345&client=translate-web&ds=translate&hl=en&requiredfields=tl%3Aes&callback=_callbacks____3jlhomhpg
[358:384:0831/073352.042509:VERBOSE1:network_delegate.cc(30)] NetworkDelegate::NotifyBeforeURLRequest: https://clients1.google.com/complete/search?q=12345&client=translate-web&ds=translate&hl=en&requiredfields=tl%3Aes&callback=_callbacks____3jlhomhpg
[358:384:0831/073352.180117:VERBOSE1:network_delegate.cc(30)] NetworkDelegate::NotifyBeforeURLRequest: https://translate.google.com/translate_a/single?client=t&sl=en&tl=es&hl=en&dt=at&dt=bd&dt=ex&dt=ld&dt=md&dt=qca&dt=rw&dt=rm&dt=ss&dt=t&ie=UTF-8&oe=UTF-8&source=bh&ssel=0&tsel=0&kc=6&tk=212981.376226&q=Psychotherapist%2C
[358:384:0831/073352.180144:VERBOSE1:network_delegate.cc(30)] NetworkDelegate::NotifyBeforeURLRequest: https://translate.google.com/translate_a/single?client=t&sl=en&tl=es&hl=en&dt=at&dt=bd&dt=ex&dt=ld&dt=md&dt=qca&dt=rw&dt=rm&dt=ss&dt=t&ie=UTF-8&oe=UTF-8&source=bh&ssel=0&tsel=0&kc=6&tk=212981.376226&q=Psychotherapist%2C
[358:384:0831/073352.180157:VERBOSE1:network_delegate.cc(30)] NetworkDelegate::NotifyBeforeURLRequest: https://translate.google.com/translate_a/single?client=t&sl=en&tl=es&hl=en&dt=at&dt=bd&dt=ex&dt=ld&dt=md&dt=qca&dt=rw&dt=rm&dt=ss&dt=t&ie=UTF-8&oe=UTF-8&source=bh&ssel=0&tsel=0&kc=6&tk=212981.376226&q=Psychotherapist%2C
[358:384:0831/073352.220472:VERBOSE1:network_delegate.cc(30)] NetworkDelegate::NotifyBeforeURLRequest: https://csi.gstatic.com/csi?v=3&s=translate&action=at&tran=15&p=s&npn=1&npnv=h2&sl=en&tl=es&size=18&e=17259,1500008,15700002,15700023,15700124,15700149,15700186,15700190,15700201&rt=prt.36,ol.40
[358:384:0831/073352.220532:VERBOSE1:network_delegate.cc(30)] NetworkDelegate::NotifyBeforeURLRequest: https://csi.gstatic.com/csi?v=3&s=translate&action=at&tran=15&p=s&npn=1&npnv=h2&sl=en&tl=es&size=18&e=17259,1500008,15700002,15700023,15700124,15700149,15700186,15700190,15700201&rt=prt.36,ol.40
[358:384:0831/073352.220550:VERBOSE1:network_delegate.cc(30)] NetworkDelegate::NotifyBeforeURLRequest: https://csi.gstatic.com/csi?v=3&s=translate&action=at&tran=15&p=s&npn=1&npnv=h2&sl=en&tl=es&size=18&e=17259,1500008,15700002,15700023,15700124,15700149,15700186,15700190,15700201&rt=prt.36,ol.40
[358:399:0831/073352.263741:VERBOSE1:LocalWindowProxy.cpp(236)] A context is created NOT from snapshot
[358:399:0831/073352.264100:VERBOSE1:script_context.cc(111)] Created context:
  extension id:           (none)
  frame:                  0x37aec58753a0
  URL:                    
  context_type:           WEB_PAGE
  effective extension id: (none)
  effective context type: WEB_PAGE
[358:399:0831/073352.264176:VERBOSE1:script_context.cc(111)] Created context:
  extension id:           (none)
  frame:                  (nil)
  URL:                    
  context_type:           UNSPECIFIED
  effective extension id: (none)
  effective context type: UNSPECIFIED
[358:399:0831/073352.264772:VERBOSE1:dispatcher.cc(366)] Num tracked contexts: 3
[358:399:0831/073352.276611:VERBOSE1:dispatcher.cc(498)] Num tracked contexts: 2
[358:399:0831/073352.277132:VERBOSE1:script_context.cc(120)] Destroyed context for extension
  extension id: 
  effective extension id: 
[358:399:0831/073352.277166:VERBOSE1:script_context.cc(120)] Destroyed context for extension
  extension id: 
  effective extension id: 
[358:384:0831/073352.467370:VERBOSE1:network_delegate.cc(30)] NetworkDelegate::NotifyBeforeURLRequest: https://clients1.google.com/complete/search?q=1&client=translate-web&ds=translate&hl=en&requiredfields=tl%3Aes&callback=_callbacks____4jlhomi18
[358:384:0831/073352.467400:VERBOSE1:network_delegate.cc(30)] NetworkDelegate::NotifyBeforeURLRequest: https://clients1.google.com/complete/search?q=1&client=translate-web&ds=translate&hl=en&requiredfields=tl%3Aes&callback=_callbacks____4jlhomi18
[358:384:0831/073352.467414:VERBOSE1:network_delegate.cc(30)] NetworkDelegate::NotifyBeforeURLRequest: https://clients1.google.com/complete/search?q=1&client=translate-web&ds=translate&hl=en&requiredfields=tl%3Aes&callback=_callbacks____4jlhomi18
[358:384:0831/073352.628943:VERBOSE1:network_delegate.cc(30)] NetworkDelegate::NotifyBeforeURLRequest: https://clients1.google.com/complete/search?q=12345&client=translate-web&ds=translate&hl=en&requiredfields=tl%3Aes&callback=_callbacks____5jlhomi5w
[358:384:0831/073352.628970:VERBOSE1:network_delegate.cc(30)] NetworkDelegate::NotifyBeforeURLRequest: https://clients1.google.com/complete/search?q=12345&client=translate-web&ds=translate&hl=en&requiredfields=tl%3Aes&callback=_callbacks____5jlhomi5w
[358:384:0831/073352.628983:VERBOSE1:network_delegate.cc(30)] NetworkDelegate::NotifyBeforeURLRequest: https://clients1.google.com/complete/search?q=12345&client=translate-web&ds=translate&hl=en&requiredfields=tl%3Aes&callback=_callbacks____5jlhomi5w
[358:384:0831/073352.643142:VERBOSE1:network_delegate.cc(30)] NetworkDelegate::NotifyBeforeURLRequest: https://play.google.com/log?format=json&hasfast=true&authuser=0
[358:384:0831/073352.643162:VERBOSE1:network_delegate.cc(30)] NetworkDelegate::NotifyBeforeURLRequest: https://play.google.com/log?format=json&hasfast=true&authuser=0
[358:384:0831/073352.643173:VERBOSE1:network_delegate.cc(30)] NetworkDelegate::NotifyBeforeURLRequest: https://play.google.com/log?format=json&hasfast=true&authuser=0
[358:384:0831/073352.656512:VERBOSE1:loader_util.cc(35)] To buffer: https://play.google.com/log?format=json&hasfast=true&authuser=0
