[347:347:0831/073343.282220:VERBOSE1:breakpad_linux.cc(1980)] Breakpad disabled
[347:359:0831/073343.395750:ERROR:bus.cc(395)] Failed to connect to the bus: Failed to connect to socket /var/run/dbus/system_bus_socket: No such file or directory
[347:347:0831/073343.457097:VERBOSE1:pref_proxy_config_tracker_impl.cc(154)] 0x1f2d3a507580: set chrome proxy config service to 0x1f2d3a5e1d80
[347:347:0831/073343.573890:VERBOSE1:pulse_stubs.cc(683)] dlopen(libpulse.so.0) failed, dlerror() says:
libpulse.so.0: cannot open shared object file: No such file or directory
[347:347:0831/073343.573939:VERBOSE1:pulse_util.cc(106)] Failed on loading the Pulse library and symbols
[347:347:0831/073343.603248:VERBOSE1:mutable_profile_oauth2_token_service_delegate.cc(162)] MutablePO2TS::MutablePO2TS
[347:347:0831/073343.603398:VERBOSE1:device_event_log_impl.cc(158)] [07:33:43.603] Bluetooth: EVENT: bluetooth_api.cc:68 BluetoothAPI: 0x1f2d3a614200
[347:347:0831/073343.614202:VERBOSE1:bluetooth_low_energy_event_router.cc(248)] Initializing BluetoothLowEnergyEventRouter.
[347:347:0831/073343.658347:VERBOSE1:pref_proxy_config_tracker_impl.cc(154)] 0x1f2d3a779000: set chrome proxy config service to 0x1f2d3a66f180
[347:347:0831/073343.668220:VERBOSE1:extension_service.cc(1403)] AddComponentExtension Cloud Print
[347:347:0831/073343.668243:VERBOSE1:extension_service.cc(1405)] Component extension Cloud Print (mfehgcgbbipciphmccgaenjidiccnmng) installing/upgrading from '' to 0.1
[347:347:0831/073343.668906:VERBOSE1:extension_service.cc(1403)] AddComponentExtension Web Store
[347:347:0831/073343.668927:VERBOSE1:extension_service.cc(1405)] Component extension Web Store (ahfgeienlihckogmohjhadlkjgocpleb) installing/upgrading from '' to 0.2
[347:347:0831/073343.669553:VERBOSE1:extension_service.cc(1403)] AddComponentExtension Chromium PDF Viewer
[347:347:0831/073343.669574:VERBOSE1:extension_service.cc(1405)] Component extension Chromium PDF Viewer (mhjfbmdgcfjbbpaeojofohoefgiehjai) installing/upgrading from '' to 1
[347:347:0831/073343.686692:VERBOSE1:account_reconcilor.cc(88)] AccountReconcilor::AccountReconcilor
[347:347:0831/073343.686717:VERBOSE1:account_reconcilor.cc(99)] AccountReconcilor::Initialize
[347:366:0831/073343.705192:VERBOSE1:component_installer.cc(244)] StartRegistration for Signed Tree Heads
[347:366:0831/073343.705364:VERBOSE1:component_installer.cc(244)] StartRegistration for Origin Trials
[347:347:0831/073343.705482:VERBOSE1:file_type_policies_component_installer.cc(129)] Registering File Type Policies component.
[347:366:0831/073343.705872:VERBOSE1:component_installer.cc(244)] StartRegistration for File Type Policies
[347:366:0831/073343.706930:VERBOSE1:component_installer.cc(244)] StartRegistration for SSL Error Assistant
[347:347:0831/073343.749259:WARNING:password_store_factory.cc(241)] Using basic (unencrypted) store for password storage. See https://chromium.googlesource.com/chromium/src/+/master/docs/linux_password_storage.md for more information about password storage options.
[347:347:0831/073343.819571:VERBOSE1:bluez_dbus_manager.cc(172)] Bluetooth not supported.
[347:347:0831/073343.827776:VERBOSE1:component_updater_service.cc(91)] CrxUpdateService starting up. First update attempt will take place in 360 seconds. Next update attempt will take place in 18000 seconds. 
[347:347:0831/073343.827810:VERBOSE1:component_installer.cc(378)] FinishRegistration for Signed Tree Heads
[347:347:0831/073343.827854:VERBOSE1:component_installer.cc(378)] FinishRegistration for Origin Trials
[347:347:0831/073343.828597:VERBOSE1:component_installer.cc(378)] FinishRegistration for File Type Policies
[347:347:0831/073343.828631:VERBOSE1:component_installer.cc(378)] FinishRegistration for SSL Error Assistant
[347:388:0831/073343.855638:WARNING:histograms.cc(40)] Started multiple compositor clients (Browser, Renderer) in one process. Some metrics will be disabled.
[347:377:0831/073344.117592:VERBOSE1:multi_log_ct_verifier.cc(75)] Adding CT log: Google 'Aviator' log
[347:377:0831/073344.117620:VERBOSE1:multi_log_ct_verifier.cc(75)] Adding CT log: Google 'Icarus' log
[347:377:0831/073344.117644:VERBOSE1:multi_log_ct_verifier.cc(75)] Adding CT log: Google 'Pilot' log
[347:377:0831/073344.117658:VERBOSE1:multi_log_ct_verifier.cc(75)] Adding CT log: Google 'Rocketeer' log
[347:377:0831/073344.117669:VERBOSE1:multi_log_ct_verifier.cc(75)] Adding CT log: Google 'Skydiver' log
[347:377:0831/073344.117714:VERBOSE1:multi_log_ct_verifier.cc(75)] Adding CT log: DigiCert Log Server
[347:377:0831/073344.117728:VERBOSE1:multi_log_ct_verifier.cc(75)] Adding CT log: DigiCert Log Server 2
[347:377:0831/073344.117741:VERBOSE1:multi_log_ct_verifier.cc(75)] Adding CT log: Symantec log
[347:377:0831/073344.117754:VERBOSE1:multi_log_ct_verifier.cc(75)] Adding CT log: Symantec 'Vega' log
[347:377:0831/073344.117767:VERBOSE1:multi_log_ct_verifier.cc(75)] Adding CT log: Symantec 'Sirius' log
[347:377:0831/073344.117781:VERBOSE1:multi_log_ct_verifier.cc(75)] Adding CT log: WoSign log
[347:377:0831/073344.117794:VERBOSE1:multi_log_ct_verifier.cc(75)] Adding CT log: Venafi Gen2 CT log
[347:377:0831/073344.117807:VERBOSE1:multi_log_ct_verifier.cc(75)] Adding CT log: CNNIC CT log
[347:377:0831/073344.117821:VERBOSE1:multi_log_ct_verifier.cc(75)] Adding CT log: StartCom log
[347:377:0831/073344.117835:VERBOSE1:multi_log_ct_verifier.cc(75)] Adding CT log: Comodo 'Sabre' CT log
[347:377:0831/073344.117850:VERBOSE1:multi_log_ct_verifier.cc(75)] Adding CT log: Comodo 'Mammoth' CT log
[347:377:0831/073344.117865:VERBOSE1:multi_log_ct_verifier.cc(75)] Adding CT log: Izenpe log
[347:377:0831/073344.117878:VERBOSE1:multi_log_ct_verifier.cc(75)] Adding CT log: Venafi log
[347:377:0831/073344.117892:VERBOSE1:multi_log_ct_verifier.cc(75)] Adding CT log: Certly.IO log
[347:377:0831/073344.117910:ERROR:io_thread.cc(730)] Cannot use V8 Proxy resolver in single process mode.
[347:377:0831/073344.118088:VERBOSE1:proxy_service.cc(958)] PAC support disabled because there is no system implementation
[347:377:0831/073344.119800:ERROR:io_thread.cc(730)] Cannot use V8 Proxy resolver in single process mode.
[347:377:0831/073344.119843:VERBOSE1:multi_log_ct_verifier.cc(75)] Adding CT log: Google 'Aviator' log
[347:377:0831/073344.119859:VERBOSE1:multi_log_ct_verifier.cc(75)] Adding CT log: Google 'Icarus' log
[347:377:0831/073344.119871:VERBOSE1:multi_log_ct_verifier.cc(75)] Adding CT log: Google 'Pilot' log
[347:377:0831/073344.119882:VERBOSE1:multi_log_ct_verifier.cc(75)] Adding CT log: Google 'Rocketeer' log
[347:377:0831/073344.119893:VERBOSE1:multi_log_ct_verifier.cc(75)] Adding CT log: Google 'Skydiver' log
[347:377:0831/073344.119906:VERBOSE1:multi_log_ct_verifier.cc(75)] Adding CT log: DigiCert Log Server
[347:377:0831/073344.119923:VERBOSE1:multi_log_ct_verifier.cc(75)] Adding CT log: DigiCert Log Server 2
[347:377:0831/073344.119935:VERBOSE1:multi_log_ct_verifier.cc(75)] Adding CT log: Symantec log
[347:377:0831/073344.119946:VERBOSE1:multi_log_ct_verifier.cc(75)] Adding CT log: Symantec 'Vega' log
[347:377:0831/073344.119958:VERBOSE1:multi_log_ct_verifier.cc(75)] Adding CT log: Symantec 'Sirius' log
[347:377:0831/073344.119969:VERBOSE1:multi_log_ct_verifier.cc(75)] Adding CT log: WoSign log
[347:377:0831/073344.119979:VERBOSE1:multi_log_ct_verifier.cc(75)] Adding CT log: Venafi Gen2 CT log
[347:377:0831/073344.119991:VERBOSE1:multi_log_ct_verifier.cc(75)] Adding CT log: CNNIC CT log
[347:377:0831/073344.120003:VERBOSE1:multi_log_ct_verifier.cc(75)] Adding CT log: StartCom log
[347:377:0831/073344.120015:VERBOSE1:multi_log_ct_verifier.cc(75)] Adding CT log: Comodo 'Sabre' CT log
[347:377:0831/073344.120028:VERBOSE1:multi_log_ct_verifier.cc(75)] Adding CT log: Comodo 'Mammoth' CT log
[347:377:0831/073344.120040:VERBOSE1:multi_log_ct_verifier.cc(75)] Adding CT log: Izenpe log
[347:377:0831/073344.120053:VERBOSE1:multi_log_ct_verifier.cc(75)] Adding CT log: Venafi log
[347:377:0831/073344.120064:VERBOSE1:multi_log_ct_verifier.cc(75)] Adding CT log: Certly.IO log
[347:377:0831/073344.120234:VERBOSE1:proxy_service.cc(958)] PAC support disabled because there is no system implementation
[347:377:0831/073344.123936:VERBOSE1:network_delegate.cc(30)] NetworkDelegate::NotifyBeforeURLRequest: https://www.gstatic.com/chrome/intelligence/assist/ranker/models/translate/2017/03/translate_ranker_model_20170329.pb.bin
[347:377:0831/073344.123971:VERBOSE1:network_delegate.cc(30)] NetworkDelegate::NotifyBeforeURLRequest: https://www.gstatic.com/chrome/intelligence/assist/ranker/models/translate/2017/03/translate_ranker_model_20170329.pb.bin
[347:377:0831/073344.195010:VERBOSE1:network_delegate.cc(30)] NetworkDelegate::NotifyBeforeURLRequest: chrome-extension://aapnijgdinlhnhlmodcfapnahmbfebeb/_generated_background_page.html
[347:377:0831/073344.195036:VERBOSE1:network_delegate.cc(30)] NetworkDelegate::NotifyBeforeURLRequest: chrome-extension://aapnijgdinlhnhlmodcfapnahmbfebeb/_generated_background_page.html
[347:377:0831/073344.195053:VERBOSE1:network_delegate.cc(30)] NetworkDelegate::NotifyBeforeURLRequest: chrome-extension://aapnijgdinlhnhlmodcfapnahmbfebeb/_generated_background_page.html
[347:388:0831/073344.228455:VERBOSE1:LocalWindowProxy.cpp(236)] A context is created NOT from snapshot
[347:388:0831/073344.229311:VERBOSE1:script_context.cc(111)] Created context:
  extension id:           (none)
  frame:                  0x3bace18c1d18
  URL:                    
  context_type:           WEB_PAGE
  effective extension id: (none)
  effective context type: WEB_PAGE
[347:388:0831/073344.230265:VERBOSE1:script_context.cc(111)] Created context:
  extension id:           (none)
  frame:                  (nil)
  URL:                    
  context_type:           UNSPECIFIED
  effective extension id: (none)
  effective context type: UNSPECIFIED
[347:388:0831/073344.234323:VERBOSE1:dispatcher.cc(366)] Num tracked contexts: 1
[347:377:0831/073344.274031:VERBOSE1:network_delegate.cc(30)] NetworkDelegate::NotifyBeforeURLRequest: chrome-extension://aapnijgdinlhnhlmodcfapnahmbfebeb/background.js
[347:377:0831/073344.274065:VERBOSE1:network_delegate.cc(30)] NetworkDelegate::NotifyBeforeURLRequest: chrome-extension://aapnijgdinlhnhlmodcfapnahmbfebeb/background.js
[347:377:0831/073344.274085:VERBOSE1:network_delegate.cc(30)] NetworkDelegate::NotifyBeforeURLRequest: chrome-extension://aapnijgdinlhnhlmodcfapnahmbfebeb/background.js
[347:388:0831/073344.276846:VERBOSE1:LocalWindowProxy.cpp(236)] A context is created NOT from snapshot
[347:388:0831/073344.277304:VERBOSE1:script_context.cc(111)] Created context:
  extension id:           aapnijgdinlhnhlmodcfapnahmbfebeb
  frame:                  0x3bace18ce920
  URL:                    
  context_type:           BLESSED_EXTENSION
  effective extension id: aapnijgdinlhnhlmodcfapnahmbfebeb
  effective context type: BLESSED_EXTENSION
[347:388:0831/073344.277441:VERBOSE1:script_context.cc(111)] Created context:
  extension id:           (none)
  frame:                  (nil)
  URL:                    
  context_type:           UNSPECIFIED
  effective extension id: (none)
  effective context type: UNSPECIFIED
[347:388:0831/073344.315803:VERBOSE1:dispatcher.cc(366)] Num tracked contexts: 2
[347:388:0831/073344.316724:VERBOSE1:language_detection_util.cc(234)] Detected language: und
[347:377:0831/073345.579159:VERBOSE1:network_delegate.cc(30)] NetworkDelegate::NotifyBeforeURLRequest: https://translate.google.com/#en/es/Technical
[347:377:0831/073345.579190:VERBOSE1:network_delegate.cc(30)] NetworkDelegate::NotifyBeforeURLRequest: https://translate.google.com/#en/es/Technical
[347:377:0831/073345.579210:VERBOSE1:network_delegate.cc(30)] NetworkDelegate::NotifyBeforeURLRequest: https://translate.google.com/#en/es/Technical
[347:371:0831/073345.626457:VERBOSE1:simple_index_file.cc(582)] Simple Cache Index is being restored from disk.
[347:388:0831/073345.718500:VERBOSE1:dispatcher.cc(498)] Num tracked contexts: 1
[347:388:0831/073345.721598:VERBOSE1:LocalWindowProxy.cpp(236)] A context is created NOT from snapshot
[347:388:0831/073345.723301:VERBOSE1:script_context.cc(111)] Created context:
  extension id:           (none)
  frame:                  0x3bace18c1d18
  URL:                    
  context_type:           WEB_PAGE
  effective extension id: (none)
  effective context type: WEB_PAGE
[347:388:0831/073345.723433:VERBOSE1:script_context.cc(111)] Created context:
  extension id:           (none)
  frame:                  (nil)
  URL:                    
  context_type:           UNSPECIFIED
  effective extension id: (none)
  effective context type: UNSPECIFIED
[347:388:0831/073345.724999:VERBOSE1:dispatcher.cc(366)] Num tracked contexts: 2
[347:388:0831/073345.730812:VERBOSE1:script_context.cc(120)] Destroyed context for extension
  extension id: 
  effective extension id: 
[347:388:0831/073345.730844:VERBOSE1:script_context.cc(120)] Destroyed context for extension
  extension id: 
  effective extension id: 
[347:377:0831/073345.744843:VERBOSE1:network_delegate.cc(30)] NetworkDelegate::NotifyBeforeURLRequest: https://translate.google.com/translate/releases/twsfe_w_20180827_RC01/r/css/desktop_ltr.css
[347:377:0831/073345.744861:VERBOSE1:network_delegate.cc(30)] NetworkDelegate::NotifyBeforeURLRequest: https://translate.google.com/translate/releases/twsfe_w_20180827_RC01/r/css/desktop_ltr.css
[347:377:0831/073345.744871:VERBOSE1:network_delegate.cc(30)] NetworkDelegate::NotifyBeforeURLRequest: https://translate.google.com/translate/releases/twsfe_w_20180827_RC01/r/css/desktop_ltr.css
[347:377:0831/073345.745118:VERBOSE1:network_delegate.cc(30)] NetworkDelegate::NotifyBeforeURLRequest: https://fonts.googleapis.com/css?family=Roboto:300,400,500,700&lang=en
[347:377:0831/073345.745132:VERBOSE1:network_delegate.cc(30)] NetworkDelegate::NotifyBeforeURLRequest: https://fonts.googleapis.com/css?family=Roboto:300,400,500,700&lang=en
[347:377:0831/073345.745141:VERBOSE1:network_delegate.cc(30)] NetworkDelegate::NotifyBeforeURLRequest: https://fonts.googleapis.com/css?family=Roboto:300,400,500,700&lang=en
[347:377:0831/073345.761945:VERBOSE1:network_delegate.cc(30)] NetworkDelegate::NotifyBeforeURLRequest: https://translate.google.com/translate/releases/twsfe_w_20180827_RC01/r/js/desktop_module_main.js
[347:377:0831/073345.761968:VERBOSE1:network_delegate.cc(30)] NetworkDelegate::NotifyBeforeURLRequest: https://translate.google.com/translate/releases/twsfe_w_20180827_RC01/r/js/desktop_module_main.js
[347:377:0831/073345.761985:VERBOSE1:network_delegate.cc(30)] NetworkDelegate::NotifyBeforeURLRequest: https://translate.google.com/translate/releases/twsfe_w_20180827_RC01/r/js/desktop_module_main.js
[347:377:0831/073345.913975:VERBOSE1:network_delegate.cc(30)] NetworkDelegate::NotifyBeforeURLRequest: https://www.gstatic.com/og/_/js/k=og.og.en_US.ieE30BnAU5c.O/rt=j/m=ld,gl,is,id,nb,nw,sb,sd,p,vd,awd,st,lod,eld,ip,dp,cpd,mud/exm=bt,base,bn,bu,cp,el,lo,sbi,ni,sf,up,dd,aw,iw,if,gi,vi,pi,eq,uc,aswc/d=1/ed=1/rs=AA2YrTvSNFXrJqeu3OybIf_yH6yLm5b6wg
[347:377:0831/073345.914008:VERBOSE1:network_delegate.cc(30)] NetworkDelegate::NotifyBeforeURLRequest: https://www.gstatic.com/og/_/js/k=og.og.en_US.ieE30BnAU5c.O/rt=j/m=ld,gl,is,id,nb,nw,sb,sd,p,vd,awd,st,lod,eld,ip,dp,cpd,mud/exm=bt,base,bn,bu,cp,el,lo,sbi,ni,sf,up,dd,aw,iw,if,gi,vi,pi,eq,uc,aswc/d=1/ed=1/rs=AA2YrTvSNFXrJqeu3OybIf_yH6yLm5b6wg
[347:377:0831/073345.914026:VERBOSE1:network_delegate.cc(30)] NetworkDelegate::NotifyBeforeURLRequest: https://www.gstatic.com/og/_/js/k=og.og.en_US.ieE30BnAU5c.O/rt=j/m=ld,gl,is,id,nb,nw,sb,sd,p,vd,awd,st,lod,eld,ip,dp,cpd,mud/exm=bt,base,bn,bu,cp,el,lo,sbi,ni,sf,up,dd,aw,iw,if,gi,vi,pi,eq,uc,aswc/d=1/ed=1/rs=AA2YrTvSNFXrJqeu3OybIf_yH6yLm5b6wg
[347:377:0831/073345.921885:VERBOSE1:network_delegate.cc(30)] NetworkDelegate::NotifyBeforeURLRequest: https://www.google-analytics.com/analytics.js
[347:377:0831/073345.921908:VERBOSE1:network_delegate.cc(30)] NetworkDelegate::NotifyBeforeURLRequest: https://www.google-analytics.com/analytics.js
[347:377:0831/073345.921927:VERBOSE1:network_delegate.cc(30)] NetworkDelegate::NotifyBeforeURLRequest: https://www.google-analytics.com/analytics.js
[347:377:0831/073346.014094:VERBOSE1:network_delegate.cc(30)] NetworkDelegate::NotifyBeforeURLRequest: https://ssl.gstatic.com/gb/images/v1_9886baa5.png
[347:377:0831/073346.014121:VERBOSE1:network_delegate.cc(30)] NetworkDelegate::NotifyBeforeURLRequest: https://ssl.gstatic.com/gb/images/v1_9886baa5.png
[347:377:0831/073346.014146:VERBOSE1:network_delegate.cc(30)] NetworkDelegate::NotifyBeforeURLRequest: https://ssl.gstatic.com/gb/images/v1_9886baa5.png
[347:377:0831/073346.017246:VERBOSE1:network_delegate.cc(30)] NetworkDelegate::NotifyBeforeURLRequest: https://fonts.gstatic.com/s/roboto/v18/KFOmCnqEu92Fr1Mu4mxK.woff2
[347:377:0831/073346.017267:VERBOSE1:network_delegate.cc(30)] NetworkDelegate::NotifyBeforeURLRequest: https://fonts.gstatic.com/s/roboto/v18/KFOmCnqEu92Fr1Mu4mxK.woff2
[347:377:0831/073346.017284:VERBOSE1:network_delegate.cc(30)] NetworkDelegate::NotifyBeforeURLRequest: https://fonts.gstatic.com/s/roboto/v18/KFOmCnqEu92Fr1Mu4mxK.woff2
[347:377:0831/073346.054515:VERBOSE1:network_delegate.cc(30)] NetworkDelegate::NotifyBeforeURLRequest: https://ssl.gstatic.com/translate/buttons11.png
[347:377:0831/073346.054540:VERBOSE1:network_delegate.cc(30)] NetworkDelegate::NotifyBeforeURLRequest: https://ssl.gstatic.com/translate/buttons11.png
[347:377:0831/073346.054560:VERBOSE1:network_delegate.cc(30)] NetworkDelegate::NotifyBeforeURLRequest: https://ssl.gstatic.com/translate/buttons11.png
[347:377:0831/073346.161454:VERBOSE1:network_delegate.cc(30)] NetworkDelegate::NotifyBeforeURLRequest: https://apis.google.com/_/scs/abc-static/_/js/k=gapi.gapi.en.bSfaJ330ulQ.O/m=gapi_iframes,googleapis_client,plusone/rt=j/sv=1/d=1/ed=1/rs=AHpOoo9ETX0ujNe7X7enovCK61wuo61HKQ/cb=gapi.loaded_0
[347:377:0831/073346.161491:VERBOSE1:network_delegate.cc(30)] NetworkDelegate::NotifyBeforeURLRequest: https://apis.google.com/_/scs/abc-static/_/js/k=gapi.gapi.en.bSfaJ330ulQ.O/m=gapi_iframes,googleapis_client,plusone/rt=j/sv=1/d=1/ed=1/rs=AHpOoo9ETX0ujNe7X7enovCK61wuo61HKQ/cb=gapi.loaded_0
[347:377:0831/073346.161511:VERBOSE1:network_delegate.cc(30)] NetworkDelegate::NotifyBeforeURLRequest: https://apis.google.com/_/scs/abc-static/_/js/k=gapi.gapi.en.bSfaJ330ulQ.O/m=gapi_iframes,googleapis_client,plusone/rt=j/sv=1/d=1/ed=1/rs=AHpOoo9ETX0ujNe7X7enovCK61wuo61HKQ/cb=gapi.loaded_0
[347:377:0831/073346.414196:VERBOSE1:network_delegate.cc(30)] NetworkDelegate::NotifyBeforeURLRequest: https://ssl.gstatic.com/images/branding/google_plus/1x/ic_w_google_plus_grey600_24dp.png
[347:377:0831/073346.414239:VERBOSE1:network_delegate.cc(30)] NetworkDelegate::NotifyBeforeURLRequest: https://ssl.gstatic.com/images/branding/google_plus/1x/ic_w_google_plus_grey600_24dp.png
[347:377:0831/073346.414261:VERBOSE1:network_delegate.cc(30)] NetworkDelegate::NotifyBeforeURLRequest: https://ssl.gstatic.com/images/branding/google_plus/1x/ic_w_google_plus_grey600_24dp.png
[347:377:0831/073346.414619:VERBOSE1:network_delegate.cc(30)] NetworkDelegate::NotifyBeforeURLRequest: https://ssl.gstatic.com/images/icons/material/system/1x/post_blogger_grey600_24dp.png
[347:377:0831/073346.414640:VERBOSE1:network_delegate.cc(30)] NetworkDelegate::NotifyBeforeURLRequest: https://ssl.gstatic.com/images/icons/material/system/1x/post_blogger_grey600_24dp.png
[347:377:0831/073346.414658:VERBOSE1:network_delegate.cc(30)] NetworkDelegate::NotifyBeforeURLRequest: https://ssl.gstatic.com/images/icons/material/system/1x/post_blogger_grey600_24dp.png
[347:377:0831/073346.414946:VERBOSE1:network_delegate.cc(30)] NetworkDelegate::NotifyBeforeURLRequest: https://ssl.gstatic.com/images/icons/material/system/1x/feedback_grey600_18dp.png
[347:377:0831/073346.414965:VERBOSE1:network_delegate.cc(30)] NetworkDelegate::NotifyBeforeURLRequest: https://ssl.gstatic.com/images/icons/material/system/1x/feedback_grey600_18dp.png
[347:377:0831/073346.414980:VERBOSE1:network_delegate.cc(30)] NetworkDelegate::NotifyBeforeURLRequest: https://ssl.gstatic.com/images/icons/material/system/1x/feedback_grey600_18dp.png
[347:377:0831/073346.415891:VERBOSE1:network_delegate.cc(30)] NetworkDelegate::NotifyBeforeURLRequest: https://fonts.gstatic.com/s/roboto/v18/KFOlCnqEu92Fr1MmWUlfBBc4.woff2
[347:377:0831/073346.415914:VERBOSE1:network_delegate.cc(30)] NetworkDelegate::NotifyBeforeURLRequest: https://fonts.gstatic.com/s/roboto/v18/KFOlCnqEu92Fr1MmWUlfBBc4.woff2
[347:377:0831/073346.415942:VERBOSE1:network_delegate.cc(30)] NetworkDelegate::NotifyBeforeURLRequest: https://fonts.gstatic.com/s/roboto/v18/KFOlCnqEu92Fr1MmWUlfBBc4.woff2
[347:377:0831/073346.523566:VERBOSE1:network_delegate.cc(30)] NetworkDelegate::NotifyBeforeURLRequest: https://fonts.gstatic.com/stats/Roboto/normal/700
[347:377:0831/073346.523608:VERBOSE1:network_delegate.cc(30)] NetworkDelegate::NotifyBeforeURLRequest: https://fonts.gstatic.com/stats/Roboto/normal/700
[347:377:0831/073346.523631:VERBOSE1:network_delegate.cc(30)] NetworkDelegate::NotifyBeforeURLRequest: https://fonts.gstatic.com/stats/Roboto/normal/700
[347:377:0831/073346.562950:VERBOSE1:network_delegate.cc(30)] NetworkDelegate::NotifyBeforeURLRequest: https://ssl.gstatic.com/translate/arrow_ltr.png
[347:377:0831/073346.562978:VERBOSE1:network_delegate.cc(30)] NetworkDelegate::NotifyBeforeURLRequest: https://ssl.gstatic.com/translate/arrow_ltr.png
[347:377:0831/073346.562997:VERBOSE1:network_delegate.cc(30)] NetworkDelegate::NotifyBeforeURLRequest: https://ssl.gstatic.com/translate/arrow_ltr.png
[347:377:0831/073346.601099:VERBOSE1:network_delegate.cc(30)] NetworkDelegate::NotifyBeforeURLRequest: https://ssl.gstatic.com/translate/undo.png
[347:377:0831/073346.601127:VERBOSE1:network_delegate.cc(30)] NetworkDelegate::NotifyBeforeURLRequest: https://ssl.gstatic.com/translate/undo.png
[347:377:0831/073346.601147:VERBOSE1:network_delegate.cc(30)] NetworkDelegate::NotifyBeforeURLRequest: https://ssl.gstatic.com/translate/undo.png
[347:377:0831/073346.636753:VERBOSE1:network_delegate.cc(30)] NetworkDelegate::NotifyBeforeURLRequest: https://www.gstatic.com/inputtools/js/ita/inputtools_3.js
[347:377:0831/073346.636780:VERBOSE1:network_delegate.cc(30)] NetworkDelegate::NotifyBeforeURLRequest: https://www.gstatic.com/inputtools/js/ita/inputtools_3.js
[347:377:0831/073346.636799:VERBOSE1:network_delegate.cc(30)] NetworkDelegate::NotifyBeforeURLRequest: https://www.gstatic.com/inputtools/js/ita/inputtools_3.js
[347:377:0831/073346.676685:VERBOSE1:network_delegate.cc(30)] NetworkDelegate::NotifyBeforeURLRequest: https://ssl.gstatic.com/images/icons/material/system/1x/stars_black_24dp.png
[347:377:0831/073346.676717:VERBOSE1:network_delegate.cc(30)] NetworkDelegate::NotifyBeforeURLRequest: https://ssl.gstatic.com/images/icons/material/system/1x/stars_black_24dp.png
[347:377:0831/073346.676737:VERBOSE1:network_delegate.cc(30)] NetworkDelegate::NotifyBeforeURLRequest: https://ssl.gstatic.com/images/icons/material/system/1x/stars_black_24dp.png
[347:377:0831/073346.696373:VERBOSE1:network_delegate.cc(30)] NetworkDelegate::NotifyBeforeURLRequest: https://ssl.gstatic.com/images/icons/material/system/1x/close_white_24dp.png
[347:377:0831/073346.696398:VERBOSE1:network_delegate.cc(30)] NetworkDelegate::NotifyBeforeURLRequest: https://ssl.gstatic.com/images/icons/material/system/1x/close_white_24dp.png
[347:377:0831/073346.696418:VERBOSE1:network_delegate.cc(30)] NetworkDelegate::NotifyBeforeURLRequest: https://ssl.gstatic.com/images/icons/material/system/1x/close_white_24dp.png
[347:377:0831/073346.697550:VERBOSE1:network_delegate.cc(30)] NetworkDelegate::NotifyBeforeURLRequest: https://ssl.gstatic.com/translate/community/promo/promo-new-2x.png
[347:377:0831/073346.697572:VERBOSE1:network_delegate.cc(30)] NetworkDelegate::NotifyBeforeURLRequest: https://ssl.gstatic.com/translate/community/promo/promo-new-2x.png
[347:377:0831/073346.697592:VERBOSE1:network_delegate.cc(30)] NetworkDelegate::NotifyBeforeURLRequest: https://ssl.gstatic.com/translate/community/promo/promo-new-2x.png
[347:377:0831/073346.702029:VERBOSE1:network_delegate.cc(30)] NetworkDelegate::NotifyBeforeURLRequest: https://ssl.gstatic.com/images/icons/material/system/1x/arrow_forward_grey600_24dp.png
[347:377:0831/073346.702053:VERBOSE1:network_delegate.cc(30)] NetworkDelegate::NotifyBeforeURLRequest: https://ssl.gstatic.com/images/icons/material/system/1x/arrow_forward_grey600_24dp.png
[347:377:0831/073346.702072:VERBOSE1:network_delegate.cc(30)] NetworkDelegate::NotifyBeforeURLRequest: https://ssl.gstatic.com/images/icons/material/system/1x/arrow_forward_grey600_24dp.png
[347:377:0831/073346.733893:VERBOSE1:network_delegate.cc(30)] NetworkDelegate::NotifyBeforeURLRequest: https://ssl.gstatic.com/images/icons/material/system/1x/verified_user_black_24dp.png
[347:377:0831/073346.733922:VERBOSE1:network_delegate.cc(30)] NetworkDelegate::NotifyBeforeURLRequest: https://ssl.gstatic.com/images/icons/material/system/1x/verified_user_black_24dp.png
[347:377:0831/073346.733942:VERBOSE1:network_delegate.cc(30)] NetworkDelegate::NotifyBeforeURLRequest: https://ssl.gstatic.com/images/icons/material/system/1x/verified_user_black_24dp.png
[347:377:0831/073346.745670:VERBOSE1:network_delegate.cc(30)] NetworkDelegate::NotifyBeforeURLRequest: https://translate.google.com/translate_a/single?client=t&sl=en&tl=es&hl=en&dt=at&dt=bd&dt=ex&dt=ld&dt=md&dt=qca&dt=rw&dt=rm&dt=ss&dt=t&ie=UTF-8&oe=UTF-8&source=bh&ssel=0&tsel=0&kc=1&tk=667012.831443&q=Technical
[347:377:0831/073346.745784:VERBOSE1:network_delegate.cc(30)] NetworkDelegate::NotifyBeforeURLRequest: https://translate.google.com/translate_a/single?client=t&sl=en&tl=es&hl=en&dt=at&dt=bd&dt=ex&dt=ld&dt=md&dt=qca&dt=rw&dt=rm&dt=ss&dt=t&ie=UTF-8&oe=UTF-8&source=bh&ssel=0&tsel=0&kc=1&tk=667012.831443&q=Technical
[347:377:0831/073346.745804:VERBOSE1:network_delegate.cc(30)] NetworkDelegate::NotifyBeforeURLRequest: https://translate.google.com/translate_a/single?client=t&sl=en&tl=es&hl=en&dt=at&dt=bd&dt=ex&dt=ld&dt=md&dt=qca&dt=rw&dt=rm&dt=ss&dt=t&ie=UTF-8&oe=UTF-8&source=bh&ssel=0&tsel=0&kc=1&tk=667012.831443&q=Technical
[347:347:0831/073346.800513:INFO:CONSOLE(0)] "Failed to decode downloaded font: https://fonts.gstatic.com/stats/Roboto/normal/700", source: https://translate.google.com/#en/es/Technical (0)
[347:377:0831/073346.898680:VERBOSE1:network_delegate.cc(30)] NetworkDelegate::NotifyBeforeURLRequest: https://translate.google.com/gen204?ttsaudio=mp3=0,ogg=1,wav=1,vol=1,type=none
[347:377:0831/073346.898710:VERBOSE1:network_delegate.cc(30)] NetworkDelegate::NotifyBeforeURLRequest: https://translate.google.com/gen204?ttsaudio=mp3=0,ogg=1,wav=1,vol=1,type=none
[347:377:0831/073346.898731:VERBOSE1:network_delegate.cc(30)] NetworkDelegate::NotifyBeforeURLRequest: https://translate.google.com/gen204?ttsaudio=mp3=0,ogg=1,wav=1,vol=1,type=none
[347:377:0831/073346.900049:VERBOSE1:network_delegate.cc(30)] NetworkDelegate::NotifyBeforeURLRequest: https://translate.google.com/gen204?community-promo=show-t-new-user
[347:377:0831/073346.900073:VERBOSE1:network_delegate.cc(30)] NetworkDelegate::NotifyBeforeURLRequest: https://translate.google.com/gen204?community-promo=show-t-new-user
[347:377:0831/073346.900092:VERBOSE1:network_delegate.cc(30)] NetworkDelegate::NotifyBeforeURLRequest: https://translate.google.com/gen204?community-promo=show-t-new-user
[347:377:0831/073346.901229:VERBOSE1:network_delegate.cc(30)] NetworkDelegate::NotifyBeforeURLRequest: https://translate.google.com/gen204?hready=sl=en,tl=es,ql=9,slh=,tlh=en,soph=0,hl=en,ttnc=347,uetrans=1,eotf=1
[347:377:0831/073346.901252:VERBOSE1:network_delegate.cc(30)] NetworkDelegate::NotifyBeforeURLRequest: https://translate.google.com/gen204?hready=sl=en,tl=es,ql=9,slh=,tlh=en,soph=0,hl=en,ttnc=347,uetrans=1,eotf=1
[347:377:0831/073346.901272:VERBOSE1:network_delegate.cc(30)] NetworkDelegate::NotifyBeforeURLRequest: https://translate.google.com/gen204?hready=sl=en,tl=es,ql=9,slh=,tlh=en,soph=0,hl=en,ttnc=347,uetrans=1,eotf=1
[347:377:0831/073346.948916:VERBOSE1:network_delegate.cc(30)] NetworkDelegate::NotifyBeforeURLRequest: https://csi.gstatic.com/csi?v=3&s=translate&action=at&srt=138&tbsrt=158&tran=15&p=s&npn=1&npnv=h2&sl=en&tl=es&size=9&e=17259,1500004,15700023,15700124,15700149,15700186,15700190,15700201&rt=prt.180,ol.209
[347:377:0831/073346.948935:VERBOSE1:network_delegate.cc(30)] NetworkDelegate::NotifyBeforeURLRequest: https://csi.gstatic.com/csi?v=3&s=translate&action=at&srt=138&tbsrt=158&tran=15&p=s&npn=1&npnv=h2&sl=en&tl=es&size=9&e=17259,1500004,15700023,15700124,15700149,15700186,15700190,15700201&rt=prt.180,ol.209
[347:377:0831/073346.948951:VERBOSE1:network_delegate.cc(30)] NetworkDelegate::NotifyBeforeURLRequest: https://csi.gstatic.com/csi?v=3&s=translate&action=at&srt=138&tbsrt=158&tran=15&p=s&npn=1&npnv=h2&sl=en&tl=es&size=9&e=17259,1500004,15700023,15700124,15700149,15700186,15700190,15700201&rt=prt.180,ol.209
[347:377:0831/073346.958202:VERBOSE1:network_delegate.cc(30)] NetworkDelegate::NotifyBeforeURLRequest: https://ssl.gstatic.com/images/icons/material/system/1x/share_black_18dp.png
[347:377:0831/073346.958226:VERBOSE1:network_delegate.cc(30)] NetworkDelegate::NotifyBeforeURLRequest: https://ssl.gstatic.com/images/icons/material/system/1x/share_black_18dp.png
[347:377:0831/073346.958245:VERBOSE1:network_delegate.cc(30)] NetworkDelegate::NotifyBeforeURLRequest: https://ssl.gstatic.com/images/icons/material/system/1x/share_black_18dp.png
[347:377:0831/073346.958949:VERBOSE1:network_delegate.cc(30)] NetworkDelegate::NotifyBeforeURLRequest: https://ssl.gstatic.com/images/icons/material/system/1x/content_copy_black_18dp.png
[347:377:0831/073346.958971:VERBOSE1:network_delegate.cc(30)] NetworkDelegate::NotifyBeforeURLRequest: https://ssl.gstatic.com/images/icons/material/system/1x/content_copy_black_18dp.png
[347:377:0831/073346.958990:VERBOSE1:network_delegate.cc(30)] NetworkDelegate::NotifyBeforeURLRequest: https://ssl.gstatic.com/images/icons/material/system/1x/content_copy_black_18dp.png
[347:388:0831/073346.979968:VERBOSE1:language_detection_util.cc(234)] Detected language: en
[347:377:0831/073346.996454:VERBOSE1:network_delegate.cc(30)] NetworkDelegate::NotifyBeforeURLRequest: https://translate.google.com/gen204?ftrans=ttl=37,ttt=516
[347:377:0831/073346.996481:VERBOSE1:network_delegate.cc(30)] NetworkDelegate::NotifyBeforeURLRequest: https://translate.google.com/gen204?ftrans=ttl=37,ttt=516
[347:377:0831/073346.996501:VERBOSE1:network_delegate.cc(30)] NetworkDelegate::NotifyBeforeURLRequest: https://translate.google.com/gen204?ftrans=ttl=37,ttt=516
[347:377:0831/073346.996860:VERBOSE1:network_delegate.cc(30)] NetworkDelegate::NotifyBeforeURLRequest: https://translate.google.com/gen204?lexicon=dt=cm,sl=en,tl=es,hl=en,q=Technical,e=show,md=ne,rw=ne,bd=ne,cm=e
[347:377:0831/073346.996881:VERBOSE1:network_delegate.cc(30)] NetworkDelegate::NotifyBeforeURLRequest: https://translate.google.com/gen204?lexicon=dt=cm,sl=en,tl=es,hl=en,q=Technical,e=show,md=ne,rw=ne,bd=ne,cm=e
[347:377:0831/073346.996900:VERBOSE1:network_delegate.cc(30)] NetworkDelegate::NotifyBeforeURLRequest: https://translate.google.com/gen204?lexicon=dt=cm,sl=en,tl=es,hl=en,q=Technical,e=show,md=ne,rw=ne,bd=ne,cm=e
[347:377:0831/073347.101306:VERBOSE1:network_delegate.cc(30)] NetworkDelegate::NotifyBeforeURLRequest: https://ssl.gstatic.com/inputtools/js/config/65698178.js
[347:377:0831/073347.101335:VERBOSE1:network_delegate.cc(30)] NetworkDelegate::NotifyBeforeURLRequest: https://ssl.gstatic.com/inputtools/js/config/65698178.js
[347:377:0831/073347.101355:VERBOSE1:network_delegate.cc(30)] NetworkDelegate::NotifyBeforeURLRequest: https://ssl.gstatic.com/inputtools/js/config/65698178.js
[347:377:0831/073347.102323:VERBOSE1:network_delegate.cc(30)] NetworkDelegate::NotifyBeforeURLRequest: https://ssl.gstatic.com/inputtools/js/config/49160274.js
[347:377:0831/073347.102347:VERBOSE1:network_delegate.cc(30)] NetworkDelegate::NotifyBeforeURLRequest: https://ssl.gstatic.com/inputtools/js/config/49160274.js
[347:377:0831/073347.102366:VERBOSE1:network_delegate.cc(30)] NetworkDelegate::NotifyBeforeURLRequest: https://ssl.gstatic.com/inputtools/js/config/49160274.js
[347:377:0831/073347.116972:VERBOSE1:network_delegate.cc(30)] NetworkDelegate::NotifyBeforeURLRequest: https://ssl.gstatic.com/inputtools/js/kbd/2/en.js
[347:377:0831/073347.116997:VERBOSE1:network_delegate.cc(30)] NetworkDelegate::NotifyBeforeURLRequest: https://ssl.gstatic.com/inputtools/js/kbd/2/en.js
[347:377:0831/073347.117030:VERBOSE1:network_delegate.cc(30)] NetworkDelegate::NotifyBeforeURLRequest: https://ssl.gstatic.com/inputtools/js/kbd/2/en.js
[347:377:0831/073347.117445:VERBOSE1:network_delegate.cc(30)] NetworkDelegate::NotifyBeforeURLRequest: https://ssl.gstatic.com/inputtools/js/kbd/2/en_dvorak.js
[347:377:0831/073347.117474:VERBOSE1:network_delegate.cc(30)] NetworkDelegate::NotifyBeforeURLRequest: https://ssl.gstatic.com/inputtools/js/kbd/2/en_dvorak.js
[347:377:0831/073347.117492:VERBOSE1:network_delegate.cc(30)] NetworkDelegate::NotifyBeforeURLRequest: https://ssl.gstatic.com/inputtools/js/kbd/2/en_dvorak.js
[347:377:0831/073347.151648:VERBOSE1:network_delegate.cc(30)] NetworkDelegate::NotifyBeforeURLRequest: https://ssl.gstatic.com/inputtools/js/ln/16/en.js
[347:377:0831/073347.151676:VERBOSE1:network_delegate.cc(30)] NetworkDelegate::NotifyBeforeURLRequest: https://ssl.gstatic.com/inputtools/js/ln/16/en.js
[347:377:0831/073347.151697:VERBOSE1:network_delegate.cc(30)] NetworkDelegate::NotifyBeforeURLRequest: https://ssl.gstatic.com/inputtools/js/ln/16/en.js
[347:377:0831/073347.154208:VERBOSE1:network_delegate.cc(30)] NetworkDelegate::NotifyBeforeURLRequest: https://ssl.gstatic.com/inputtools/js/msgs/9/en.js
[347:377:0831/073347.154232:VERBOSE1:network_delegate.cc(30)] NetworkDelegate::NotifyBeforeURLRequest: https://ssl.gstatic.com/inputtools/js/msgs/9/en.js
[347:377:0831/073347.154250:VERBOSE1:network_delegate.cc(30)] NetworkDelegate::NotifyBeforeURLRequest: https://ssl.gstatic.com/inputtools/js/msgs/9/en.js
[347:377:0831/073347.179013:VERBOSE1:network_delegate.cc(30)] NetworkDelegate::NotifyBeforeURLRequest: https://ssl.gstatic.com/inputtools/images/ita_sprite7.png
[347:377:0831/073347.179037:VERBOSE1:network_delegate.cc(30)] NetworkDelegate::NotifyBeforeURLRequest: https://ssl.gstatic.com/inputtools/images/ita_sprite7.png
[347:377:0831/073347.179054:VERBOSE1:network_delegate.cc(30)] NetworkDelegate::NotifyBeforeURLRequest: https://ssl.gstatic.com/inputtools/images/ita_sprite7.png
[347:347:0831/073347.274103:INFO:CONSOLE(839)] "Uncaught TypeError: Cannot convert undefined or null to object", source: https://translate.google.com/translate/releases/twsfe_w_20180827_RC01/r/js/desktop_module_main.js (839)
[347:377:0831/073347.276666:VERBOSE1:network_delegate.cc(30)] NetworkDelegate::NotifyBeforeURLRequest: https://translate.google.com/gen204?jserr=e%3DUncaught%20TypeError%3A%20Cannot%20convert%20undefined%20or%20null%20to%20object%2Curl%3Dhttps%3A%2F%2Ftranslate.google.com%2Ftranslate%2Freleases%2Ftwsfe_w_20180827_RC01%2Fr%2Fjs%2Fdesktop_module_main.js%2Cline%3D839%2Ccount%3D1
[347:377:0831/073347.276687:VERBOSE1:network_delegate.cc(30)] NetworkDelegate::NotifyBeforeURLRequest: https://translate.google.com/gen204?jserr=e%3DUncaught%20TypeError%3A%20Cannot%20convert%20undefined%20or%20null%20to%20object%2Curl%3Dhttps%3A%2F%2Ftranslate.google.com%2Ftranslate%2Freleases%2Ftwsfe_w_20180827_RC01%2Fr%2Fjs%2Fdesktop_module_main.js%2Cline%3D839%2Ccount%3D1
[347:377:0831/073347.276703:VERBOSE1:network_delegate.cc(30)] NetworkDelegate::NotifyBeforeURLRequest: https://translate.google.com/gen204?jserr=e%3DUncaught%20TypeError%3A%20Cannot%20convert%20undefined%20or%20null%20to%20object%2Curl%3Dhttps%3A%2F%2Ftranslate.google.com%2Ftranslate%2Freleases%2Ftwsfe_w_20180827_RC01%2Fr%2Fjs%2Fdesktop_module_main.js%2Cline%3D839%2Ccount%3D1
[347:377:0831/073347.359986:VERBOSE1:network_delegate.cc(30)] NetworkDelegate::NotifyBeforeURLRequest: https://translate.google.com/favicon.ico
[347:377:0831/073347.360015:VERBOSE1:network_delegate.cc(30)] NetworkDelegate::NotifyBeforeURLRequest: https://translate.google.com/favicon.ico
[347:377:0831/073347.360034:VERBOSE1:network_delegate.cc(30)] NetworkDelegate::NotifyBeforeURLRequest: https://translate.google.com/favicon.ico
[347:377:0831/073347.418863:VERBOSE1:network_delegate.cc(30)] NetworkDelegate::NotifyBeforeURLRequest: https://play.google.com/log?format=json&hasfast=true&authuser=0
[347:377:0831/073347.418893:VERBOSE1:network_delegate.cc(30)] NetworkDelegate::NotifyBeforeURLRequest: https://play.google.com/log?format=json&hasfast=true&authuser=0
[347:377:0831/073347.418913:VERBOSE1:network_delegate.cc(30)] NetworkDelegate::NotifyBeforeURLRequest: https://play.google.com/log?format=json&hasfast=true&authuser=0
[347:377:0831/073347.462810:VERBOSE1:loader_util.cc(35)] To buffer: https://play.google.com/log?format=json&hasfast=true&authuser=0
[347:377:0831/073347.779610:VERBOSE1:network_delegate.cc(30)] NetworkDelegate::NotifyBeforeURLRequest: https://clients1.google.com/complete/search?q=1&client=translate-web&ds=translate&hl=en&requiredfields=tl%3Aes&callback=_callbacks____0jlhomef6
[347:377:0831/073347.779643:VERBOSE1:network_delegate.cc(30)] NetworkDelegate::NotifyBeforeURLRequest: https://clients1.google.com/complete/search?q=1&client=translate-web&ds=translate&hl=en&requiredfields=tl%3Aes&callback=_callbacks____0jlhomef6
[347:377:0831/073347.779662:VERBOSE1:network_delegate.cc(30)] NetworkDelegate::NotifyBeforeURLRequest: https://clients1.google.com/complete/search?q=1&client=translate-web&ds=translate&hl=en&requiredfields=tl%3Aes&callback=_callbacks____0jlhomef6
[347:377:0831/073347.945188:VERBOSE1:network_delegate.cc(30)] NetworkDelegate::NotifyBeforeURLRequest: https://clients1.google.com/complete/search?q=12345&client=translate-web&ds=translate&hl=en&requiredfields=tl%3Aes&callback=_callbacks____1jlhomejs
[347:377:0831/073347.945227:VERBOSE1:network_delegate.cc(30)] NetworkDelegate::NotifyBeforeURLRequest: https://clients1.google.com/complete/search?q=12345&client=translate-web&ds=translate&hl=en&requiredfields=tl%3Aes&callback=_callbacks____1jlhomejs
[347:377:0831/073347.945244:VERBOSE1:network_delegate.cc(30)] NetworkDelegate::NotifyBeforeURLRequest: https://clients1.google.com/complete/search?q=12345&client=translate-web&ds=translate&hl=en&requiredfields=tl%3Aes&callback=_callbacks____1jlhomejs
[347:377:0831/073348.126306:VERBOSE1:network_delegate.cc(30)] NetworkDelegate::NotifyBeforeURLRequest: https://translate.google.com/#en/es/Technical
[347:377:0831/073348.126336:VERBOSE1:network_delegate.cc(30)] NetworkDelegate::NotifyBeforeURLRequest: https://translate.google.com/#en/es/Technical
[347:377:0831/073348.126357:VERBOSE1:network_delegate.cc(30)] NetworkDelegate::NotifyBeforeURLRequest: https://translate.google.com/#en/es/Technical
[347:377:0831/073348.126734:VERBOSE1:network_delegate.cc(30)] NetworkDelegate::NotifyBeforeURLRequest: https://translate.google.com/gen204?fq=sl=en,tl=es,ql=9,q=Technical,beforeunload=1,pc=0
[347:377:0831/073348.126752:VERBOSE1:network_delegate.cc(30)] NetworkDelegate::NotifyBeforeURLRequest: https://translate.google.com/gen204?fq=sl=en,tl=es,ql=9,q=Technical,beforeunload=1,pc=0
[347:377:0831/073348.126763:VERBOSE1:network_delegate.cc(30)] NetworkDelegate::NotifyBeforeURLRequest: https://translate.google.com/gen204?fq=sl=en,tl=es,ql=9,q=Technical,beforeunload=1,pc=0
[347:377:0831/073348.158751:VERBOSE1:network_delegate.cc(30)] NetworkDelegate::NotifyBeforeURLRequest: https://translate.google.com/translate_a/single?client=t&sl=en&tl=es&hl=en&dt=at&dt=bd&dt=ex&dt=ld&dt=md&dt=qca&dt=rw&dt=rm&dt=ss&dt=t&ie=UTF-8&oe=UTF-8&otf=1&ssel=0&tsel=0&kc=5&tk=742691.907124&q=12345
[347:377:0831/073348.158782:VERBOSE1:network_delegate.cc(30)] NetworkDelegate::NotifyBeforeURLRequest: https://translate.google.com/translate_a/single?client=t&sl=en&tl=es&hl=en&dt=at&dt=bd&dt=ex&dt=ld&dt=md&dt=qca&dt=rw&dt=rm&dt=ss&dt=t&ie=UTF-8&oe=UTF-8&otf=1&ssel=0&tsel=0&kc=5&tk=742691.907124&q=12345
[347:377:0831/073348.158805:VERBOSE1:network_delegate.cc(30)] NetworkDelegate::NotifyBeforeURLRequest: https://translate.google.com/translate_a/single?client=t&sl=en&tl=es&hl=en&dt=at&dt=bd&dt=ex&dt=ld&dt=md&dt=qca&dt=rw&dt=rm&dt=ss&dt=t&ie=UTF-8&oe=UTF-8&otf=1&ssel=0&tsel=0&kc=5&tk=742691.907124&q=12345
[347:347:0831/073348.183697:VERBOSE1:navigator_impl.cc(239)] Failed Provisional Load: https://translate.google.com/#en/es/Technical, error_code: -3, error_description: The webpage at <strong jscontent="failedUrl"></strong> might be temporarily down or it may have moved permanently to a new web address., showing_repost_interstitial: 0, frame_id: 2
[347:377:0831/073348.317730:VERBOSE1:network_delegate.cc(30)] NetworkDelegate::NotifyBeforeURLRequest: https://csi.gstatic.com/csi?v=3&s=translate&action=at&srt=138&tbsrt=1503&tran=15&p=s&npn=1&npnv=h2&sl=en&tl=es&size=5&e=17259,1500004,15700023,15700124,15700149,15700186,15700190,15700201&rt=prt.119,ol.148
[347:377:0831/073348.317761:VERBOSE1:network_delegate.cc(30)] NetworkDelegate::NotifyBeforeURLRequest: https://csi.gstatic.com/csi?v=3&s=translate&action=at&srt=138&tbsrt=1503&tran=15&p=s&npn=1&npnv=h2&sl=en&tl=es&size=5&e=17259,1500004,15700023,15700124,15700149,15700186,15700190,15700201&rt=prt.119,ol.148
[347:377:0831/073348.317773:VERBOSE1:network_delegate.cc(30)] NetworkDelegate::NotifyBeforeURLRequest: https://csi.gstatic.com/csi?v=3&s=translate&action=at&srt=138&tbsrt=1503&tran=15&p=s&npn=1&npnv=h2&sl=en&tl=es&size=5&e=17259,1500004,15700023,15700124,15700149,15700186,15700190,15700201&rt=prt.119,ol.148
[347:377:0831/073348.424804:VERBOSE1:network_delegate.cc(30)] NetworkDelegate::NotifyBeforeURLRequest: https://play.google.com/log?format=json&hasfast=true&authuser=0
[347:377:0831/073348.424826:VERBOSE1:network_delegate.cc(30)] NetworkDelegate::NotifyBeforeURLRequest: https://play.google.com/log?format=json&hasfast=true&authuser=0
[347:377:0831/073348.424837:VERBOSE1:network_delegate.cc(30)] NetworkDelegate::NotifyBeforeURLRequest: https://play.google.com/log?format=json&hasfast=true&authuser=0
[347:377:0831/073348.442113:VERBOSE1:loader_util.cc(35)] To buffer: https://play.google.com/log?format=json&hasfast=true&authuser=0
[347:377:0831/073348.484187:VERBOSE1:network_delegate.cc(30)] NetworkDelegate::NotifyBeforeURLRequest: https://clients1.google.com/complete/search?q=1&client=translate-web&ds=translate&hl=en&requiredfields=tl%3Aes&callback=_callbacks____2jlhomeyr
[347:377:0831/073348.484219:VERBOSE1:network_delegate.cc(30)] NetworkDelegate::NotifyBeforeURLRequest: https://clients1.google.com/complete/search?q=1&client=translate-web&ds=translate&hl=en&requiredfields=tl%3Aes&callback=_callbacks____2jlhomeyr
[347:377:0831/073348.484240:VERBOSE1:network_delegate.cc(30)] NetworkDelegate::NotifyBeforeURLRequest: https://clients1.google.com/complete/search?q=1&client=translate-web&ds=translate&hl=en&requiredfields=tl%3Aes&callback=_callbacks____2jlhomeyr
[347:377:0831/073348.651567:VERBOSE1:network_delegate.cc(30)] NetworkDelegate::NotifyBeforeURLRequest: https://clients1.google.com/complete/search?q=12345&client=translate-web&ds=translate&hl=en&requiredfields=tl%3Aes&callback=_callbacks____3jlhomf3e
[347:377:0831/073348.651590:VERBOSE1:network_delegate.cc(30)] NetworkDelegate::NotifyBeforeURLRequest: https://clients1.google.com/complete/search?q=12345&client=translate-web&ds=translate&hl=en&requiredfields=tl%3Aes&callback=_callbacks____3jlhomf3e
[347:377:0831/073348.651602:VERBOSE1:network_delegate.cc(30)] NetworkDelegate::NotifyBeforeURLRequest: https://clients1.google.com/complete/search?q=12345&client=translate-web&ds=translate&hl=en&requiredfields=tl%3Aes&callback=_callbacks____3jlhomf3e
[347:347:0831/073348.760954:VERBOSE1:service_discovery_device_lister.cc(39)] DeviceListerStart: service_type: _privet._tcp.local
[347:347:0831/073348.760986:VERBOSE1:service_discovery_device_lister.cc(44)] DiscoverNewDevices: service_type: _privet._tcp.local
[347:377:0831/073348.767003:VERBOSE1:mdns_client_impl.cc(162)] Sockets ready:2
[347:377:0831/073348.901140:VERBOSE1:network_delegate.cc(30)] NetworkDelegate::NotifyBeforeURLRequest: https://translate.google.com/translate_a/single?client=t&sl=en&tl=es&hl=en&dt=at&dt=bd&dt=ex&dt=ld&dt=md&dt=qca&dt=rw&dt=rm&dt=ss&dt=t&ie=UTF-8&oe=UTF-8&source=bh&ssel=0&tsel=0&kc=6&tk=667012.831443&q=Technical
[347:377:0831/073348.901168:VERBOSE1:network_delegate.cc(30)] NetworkDelegate::NotifyBeforeURLRequest: https://translate.google.com/translate_a/single?client=t&sl=en&tl=es&hl=en&dt=at&dt=bd&dt=ex&dt=ld&dt=md&dt=qca&dt=rw&dt=rm&dt=ss&dt=t&ie=UTF-8&oe=UTF-8&source=bh&ssel=0&tsel=0&kc=6&tk=667012.831443&q=Technical
[347:377:0831/073348.901185:VERBOSE1:network_delegate.cc(30)] NetworkDelegate::NotifyBeforeURLRequest: https://translate.google.com/translate_a/single?client=t&sl=en&tl=es&hl=en&dt=at&dt=bd&dt=ex&dt=ld&dt=md&dt=qca&dt=rw&dt=rm&dt=ss&dt=t&ie=UTF-8&oe=UTF-8&source=bh&ssel=0&tsel=0&kc=6&tk=667012.831443&q=Technical
[347:377:0831/073348.904017:VERBOSE1:network_delegate.cc(30)] NetworkDelegate::NotifyBeforeURLRequest: https://translate.google.com/gen204?fq=sl=en,tl=es,ql=5,q=12345,pc=0
[347:377:0831/073348.904040:VERBOSE1:network_delegate.cc(30)] NetworkDelegate::NotifyBeforeURLRequest: https://translate.google.com/gen204?fq=sl=en,tl=es,ql=5,q=12345,pc=0
[347:377:0831/073348.904058:VERBOSE1:network_delegate.cc(30)] NetworkDelegate::NotifyBeforeURLRequest: https://translate.google.com/gen204?fq=sl=en,tl=es,ql=5,q=12345,pc=0
[347:377:0831/073348.937184:VERBOSE1:network_delegate.cc(30)] NetworkDelegate::NotifyBeforeURLRequest: https://csi.gstatic.com/csi?v=3&s=translate&action=at&tran=15&p=s&npn=1&npnv=h2&sl=en&tl=es&size=9&e=17259,1500004,15700023,15700124,15700149,15700186,15700190,15700201&rt=prt.28,ol.38
[347:377:0831/073348.937211:VERBOSE1:network_delegate.cc(30)] NetworkDelegate::NotifyBeforeURLRequest: https://csi.gstatic.com/csi?v=3&s=translate&action=at&tran=15&p=s&npn=1&npnv=h2&sl=en&tl=es&size=9&e=17259,1500004,15700023,15700124,15700149,15700186,15700190,15700201&rt=prt.28,ol.38
[347:377:0831/073348.937229:VERBOSE1:network_delegate.cc(30)] NetworkDelegate::NotifyBeforeURLRequest: https://csi.gstatic.com/csi?v=3&s=translate&action=at&tran=15&p=s&npn=1&npnv=h2&sl=en&tl=es&size=9&e=17259,1500004,15700023,15700124,15700149,15700186,15700190,15700201&rt=prt.28,ol.38
[347:377:0831/073348.959948:VERBOSE1:network_delegate.cc(30)] NetworkDelegate::NotifyBeforeURLRequest: https://translate.google.com/gen204?lexicon=dt=cm,sl=en,tl=es,hl=en,q=Technical,e=show,md=ne,rw=ne,bd=ne,cm=e
[347:377:0831/073348.959983:VERBOSE1:network_delegate.cc(30)] NetworkDelegate::NotifyBeforeURLRequest: https://translate.google.com/gen204?lexicon=dt=cm,sl=en,tl=es,hl=en,q=Technical,e=show,md=ne,rw=ne,bd=ne,cm=e
[347:377:0831/073348.960003:VERBOSE1:network_delegate.cc(30)] NetworkDelegate::NotifyBeforeURLRequest: https://translate.google.com/gen204?lexicon=dt=cm,sl=en,tl=es,hl=en,q=Technical,e=show,md=ne,rw=ne,bd=ne,cm=e
[347:388:0831/073348.990250:VERBOSE1:LocalWindowProxy.cpp(236)] A context is created NOT from snapshot
[347:388:0831/073348.990650:VERBOSE1:script_context.cc(111)] Created context:
  extension id:           (none)
  frame:                  0x3bace1984698
  URL:                    
  context_type:           WEB_PAGE
  effective extension id: (none)
  effective context type: WEB_PAGE
[347:388:0831/073348.990760:VERBOSE1:script_context.cc(111)] Created context:
  extension id:           (none)
  frame:                  (nil)
  URL:                    
  context_type:           UNSPECIFIED
  effective extension id: (none)
  effective context type: UNSPECIFIED
[347:388:0831/073348.996510:VERBOSE1:dispatcher.cc(366)] Num tracked contexts: 3
[347:388:0831/073349.010768:VERBOSE1:dispatcher.cc(498)] Num tracked contexts: 2
[347:388:0831/073349.022030:VERBOSE1:script_context.cc(120)] Destroyed context for extension
  extension id: 
  effective extension id: 
[347:388:0831/073349.022109:VERBOSE1:script_context.cc(120)] Destroyed context for extension
  extension id: 
  effective extension id: 
[347:377:0831/073349.254151:VERBOSE1:network_delegate.cc(30)] NetworkDelegate::NotifyBeforeURLRequest: https://clients1.google.com/complete/search?q=1&client=translate-web&ds=translate&hl=en&requiredfields=tl%3Aes&callback=_callbacks____4jlhomfjy
[347:377:0831/073349.254174:VERBOSE1:network_delegate.cc(30)] NetworkDelegate::NotifyBeforeURLRequest: https://clients1.google.com/complete/search?q=1&client=translate-web&ds=translate&hl=en&requiredfields=tl%3Aes&callback=_callbacks____4jlhomfjy
[347:377:0831/073349.254186:VERBOSE1:network_delegate.cc(30)] NetworkDelegate::NotifyBeforeURLRequest: https://clients1.google.com/complete/search?q=1&client=translate-web&ds=translate&hl=en&requiredfields=tl%3Aes&callback=_callbacks____4jlhomfjy
[347:377:0831/073349.415001:VERBOSE1:network_delegate.cc(30)] NetworkDelegate::NotifyBeforeURLRequest: https://clients1.google.com/complete/search?q=12345&client=translate-web&ds=translate&hl=en&requiredfields=tl%3Aes&callback=_callbacks____5jlhomfom
[347:377:0831/073349.415048:VERBOSE1:network_delegate.cc(30)] NetworkDelegate::NotifyBeforeURLRequest: https://clients1.google.com/complete/search?q=12345&client=translate-web&ds=translate&hl=en&requiredfields=tl%3Aes&callback=_callbacks____5jlhomfom
[347:377:0831/073349.415066:VERBOSE1:network_delegate.cc(30)] NetworkDelegate::NotifyBeforeURLRequest: https://clients1.google.com/complete/search?q=12345&client=translate-web&ds=translate&hl=en&requiredfields=tl%3Aes&callback=_callbacks____5jlhomfom
[347:377:0831/073349.434013:VERBOSE1:network_delegate.cc(30)] NetworkDelegate::NotifyBeforeURLRequest: https://play.google.com/log?format=json&hasfast=true&authuser=0
[347:377:0831/073349.434050:VERBOSE1:network_delegate.cc(30)] NetworkDelegate::NotifyBeforeURLRequest: https://play.google.com/log?format=json&hasfast=true&authuser=0
[347:377:0831/073349.434067:VERBOSE1:network_delegate.cc(30)] NetworkDelegate::NotifyBeforeURLRequest: https://play.google.com/log?format=json&hasfast=true&authuser=0
[347:377:0831/073349.448583:VERBOSE1:loader_util.cc(35)] To buffer: https://play.google.com/log?format=json&hasfast=true&authuser=0
[347:377:0831/073349.578014:VERBOSE1:network_delegate.cc(30)] NetworkDelegate::NotifyBeforeURLRequest: https://translate.google.com/gen204?fq=sl=en,tl=es,ql=9,q=Technical,beforeunload=1,pc=0
[347:377:0831/073349.578041:VERBOSE1:network_delegate.cc(30)] NetworkDelegate::NotifyBeforeURLRequest: https://translate.google.com/gen204?fq=sl=en,tl=es,ql=9,q=Technical,beforeunload=1,pc=0
[347:377:0831/073349.578058:VERBOSE1:network_delegate.cc(30)] NetworkDelegate::NotifyBeforeURLRequest: https://translate.google.com/gen204?fq=sl=en,tl=es,ql=9,q=Technical,beforeunload=1,pc=0
[347:377:0831/073349.578912:VERBOSE1:network_delegate.cc(30)] NetworkDelegate::NotifyBeforeURLRequest: https://translate.google.com/#en/es/Technical
[347:377:0831/073349.578931:VERBOSE1:network_delegate.cc(30)] NetworkDelegate::NotifyBeforeURLRequest: https://translate.google.com/#en/es/Technical
[347:377:0831/073349.578946:VERBOSE1:network_delegate.cc(30)] NetworkDelegate::NotifyBeforeURLRequest: https://translate.google.com/#en/es/Technical
[347:347:0831/073349.628208:VERBOSE1:navigator_impl.cc(239)] Failed Provisional Load: https://translate.google.com/#en/es/Technical, error_code: -3, error_description: The webpage at <strong jscontent="failedUrl"></strong> might be temporarily down or it may have moved permanently to a new web address., showing_repost_interstitial: 0, frame_id: 2
[347:377:0831/073349.631434:VERBOSE1:network_delegate.cc(30)] NetworkDelegate::NotifyBeforeURLRequest: https://translate.google.com/translate_a/single?client=t&sl=en&tl=es&hl=en&dt=at&dt=bd&dt=ex&dt=ld&dt=md&dt=qca&dt=rw&dt=rm&dt=ss&dt=t&ie=UTF-8&oe=UTF-8&otf=1&ssel=0&tsel=0&kc=5&tk=742691.907124&q=12345
[347:377:0831/073349.631460:VERBOSE1:network_delegate.cc(30)] NetworkDelegate::NotifyBeforeURLRequest: https://translate.google.com/translate_a/single?client=t&sl=en&tl=es&hl=en&dt=at&dt=bd&dt=ex&dt=ld&dt=md&dt=qca&dt=rw&dt=rm&dt=ss&dt=t&ie=UTF-8&oe=UTF-8&otf=1&ssel=0&tsel=0&kc=5&tk=742691.907124&q=12345
[347:377:0831/073349.631479:VERBOSE1:network_delegate.cc(30)] NetworkDelegate::NotifyBeforeURLRequest: https://translate.google.com/translate_a/single?client=t&sl=en&tl=es&hl=en&dt=at&dt=bd&dt=ex&dt=ld&dt=md&dt=qca&dt=rw&dt=rm&dt=ss&dt=t&ie=UTF-8&oe=UTF-8&otf=1&ssel=0&tsel=0&kc=5&tk=742691.907124&q=12345
[347:377:0831/073349.675073:VERBOSE1:network_delegate.cc(30)] NetworkDelegate::NotifyBeforeURLRequest: https://csi.gstatic.com/csi?v=3&s=translate&action=at&tran=15&p=s&npn=1&npnv=h2&sl=en&tl=es&size=5&e=17259,1500004,15700023,15700124,15700149,15700186,15700190,15700201&rt=prt.43,ol.43
[347:377:0831/073349.675103:VERBOSE1:network_delegate.cc(30)] NetworkDelegate::NotifyBeforeURLRequest: https://csi.gstatic.com/csi?v=3&s=translate&action=at&tran=15&p=s&npn=1&npnv=h2&sl=en&tl=es&size=5&e=17259,1500004,15700023,15700124,15700149,15700186,15700190,15700201&rt=prt.43,ol.43
[347:377:0831/073349.675132:VERBOSE1:network_delegate.cc(30)] NetworkDelegate::NotifyBeforeURLRequest: https://csi.gstatic.com/csi?v=3&s=translate&action=at&tran=15&p=s&npn=1&npnv=h2&sl=en&tl=es&size=5&e=17259,1500004,15700023,15700124,15700149,15700186,15700190,15700201&rt=prt.43,ol.43
[347:377:0831/073349.840454:VERBOSE1:network_delegate.cc(30)] NetworkDelegate::NotifyBeforeURLRequest: https://clients1.google.com/complete/search?q=1&client=translate-web&ds=translate&hl=en&requiredfields=tl%3Aes&callback=_callbacks____6jlhomg0f
[347:377:0831/073349.840484:VERBOSE1:network_delegate.cc(30)] NetworkDelegate::NotifyBeforeURLRequest: https://clients1.google.com/complete/search?q=1&client=translate-web&ds=translate&hl=en&requiredfields=tl%3Aes&callback=_callbacks____6jlhomg0f
[347:377:0831/073349.840503:VERBOSE1:network_delegate.cc(30)] NetworkDelegate::NotifyBeforeURLRequest: https://clients1.google.com/complete/search?q=1&client=translate-web&ds=translate&hl=en&requiredfields=tl%3Aes&callback=_callbacks____6jlhomg0f
[347:377:0831/073350.007660:VERBOSE1:network_delegate.cc(30)] NetworkDelegate::NotifyBeforeURLRequest: https://clients1.google.com/complete/search?q=12345&client=translate-web&ds=translate&hl=en&requiredfields=tl%3Aes&callback=_callbacks____7jlhomg52
[347:377:0831/073350.007692:VERBOSE1:network_delegate.cc(30)] NetworkDelegate::NotifyBeforeURLRequest: https://clients1.google.com/complete/search?q=12345&client=translate-web&ds=translate&hl=en&requiredfields=tl%3Aes&callback=_callbacks____7jlhomg52
[347:377:0831/073350.007709:VERBOSE1:network_delegate.cc(30)] NetworkDelegate::NotifyBeforeURLRequest: https://clients1.google.com/complete/search?q=12345&client=translate-web&ds=translate&hl=en&requiredfields=tl%3Aes&callback=_callbacks____7jlhomg52
[347:377:0831/073350.157761:VERBOSE1:network_delegate.cc(30)] NetworkDelegate::NotifyBeforeURLRequest: https://translate.google.com/translate_a/single?client=t&sl=en&tl=es&hl=en&dt=at&dt=bd&dt=ex&dt=ld&dt=md&dt=qca&dt=rw&dt=rm&dt=ss&dt=t&ie=UTF-8&oe=UTF-8&source=bh&ssel=0&tsel=0&kc=6&tk=667012.831443&q=Technical
[347:377:0831/073350.157793:VERBOSE1:network_delegate.cc(30)] NetworkDelegate::NotifyBeforeURLRequest: https://translate.google.com/translate_a/single?client=t&sl=en&tl=es&hl=en&dt=at&dt=bd&dt=ex&dt=ld&dt=md&dt=qca&dt=rw&dt=rm&dt=ss&dt=t&ie=UTF-8&oe=UTF-8&source=bh&ssel=0&tsel=0&kc=6&tk=667012.831443&q=Technical
[347:377:0831/073350.157812:VERBOSE1:network_delegate.cc(30)] NetworkDelegate::NotifyBeforeURLRequest: https://translate.google.com/translate_a/single?client=t&sl=en&tl=es&hl=en&dt=at&dt=bd&dt=ex&dt=ld&dt=md&dt=qca&dt=rw&dt=rm&dt=ss&dt=t&ie=UTF-8&oe=UTF-8&source=bh&ssel=0&tsel=0&kc=6&tk=667012.831443&q=Technical
[347:377:0831/073350.177227:VERBOSE1:network_delegate.cc(30)] NetworkDelegate::NotifyBeforeURLRequest: https://translate.google.com/gen204?fq=sl=en,tl=es,ql=5,q=12345,pc=0
[347:377:0831/073350.177254:VERBOSE1:network_delegate.cc(30)] NetworkDelegate::NotifyBeforeURLRequest: https://translate.google.com/gen204?fq=sl=en,tl=es,ql=5,q=12345,pc=0
[347:377:0831/073350.177272:VERBOSE1:network_delegate.cc(30)] NetworkDelegate::NotifyBeforeURLRequest: https://translate.google.com/gen204?fq=sl=en,tl=es,ql=5,q=12345,pc=0
[347:377:0831/073350.203588:VERBOSE1:network_delegate.cc(30)] NetworkDelegate::NotifyBeforeURLRequest: https://csi.gstatic.com/csi?v=3&s=translate&action=at&tran=15&p=s&npn=1&npnv=h2&sl=en&tl=es&size=9&e=17259,1500004,15700023,15700124,15700149,15700186,15700190,15700201&rt=prt.29,ol.46
[347:377:0831/073350.203620:VERBOSE1:network_delegate.cc(30)] NetworkDelegate::NotifyBeforeURLRequest: https://csi.gstatic.com/csi?v=3&s=translate&action=at&tran=15&p=s&npn=1&npnv=h2&sl=en&tl=es&size=9&e=17259,1500004,15700023,15700124,15700149,15700186,15700190,15700201&rt=prt.29,ol.46
[347:377:0831/073350.203641:VERBOSE1:network_delegate.cc(30)] NetworkDelegate::NotifyBeforeURLRequest: https://csi.gstatic.com/csi?v=3&s=translate&action=at&tran=15&p=s&npn=1&npnv=h2&sl=en&tl=es&size=9&e=17259,1500004,15700023,15700124,15700149,15700186,15700190,15700201&rt=prt.29,ol.46
[347:377:0831/073350.239710:VERBOSE1:network_delegate.cc(30)] NetworkDelegate::NotifyBeforeURLRequest: https://translate.google.com/gen204?lexicon=dt=cm,sl=en,tl=es,hl=en,q=Technical,e=show,md=ne,rw=ne,bd=ne,cm=e
[347:377:0831/073350.239742:VERBOSE1:network_delegate.cc(30)] NetworkDelegate::NotifyBeforeURLRequest: https://translate.google.com/gen204?lexicon=dt=cm,sl=en,tl=es,hl=en,q=Technical,e=show,md=ne,rw=ne,bd=ne,cm=e
[347:377:0831/073350.239764:VERBOSE1:network_delegate.cc(30)] NetworkDelegate::NotifyBeforeURLRequest: https://translate.google.com/gen204?lexicon=dt=cm,sl=en,tl=es,hl=en,q=Technical,e=show,md=ne,rw=ne,bd=ne,cm=e
[347:388:0831/073350.268443:VERBOSE1:LocalWindowProxy.cpp(236)] A context is created NOT from snapshot
[347:388:0831/073350.268695:VERBOSE1:script_context.cc(111)] Created context:
  extension id:           (none)
  frame:                  0x3bace194c410
  URL:                    
  context_type:           WEB_PAGE
  effective extension id: (none)
  effective context type: WEB_PAGE
[347:388:0831/073350.268763:VERBOSE1:script_context.cc(111)] Created context:
  extension id:           (none)
  frame:                  (nil)
  URL:                    
  context_type:           UNSPECIFIED
  effective extension id: (none)
  effective context type: UNSPECIFIED
[347:388:0831/073350.269271:VERBOSE1:dispatcher.cc(366)] Num tracked contexts: 3
[347:388:0831/073350.281340:VERBOSE1:dispatcher.cc(498)] Num tracked contexts: 2
[347:388:0831/073350.281930:VERBOSE1:script_context.cc(120)] Destroyed context for extension
  extension id: 
  effective extension id: 
[347:388:0831/073350.282138:VERBOSE1:script_context.cc(120)] Destroyed context for extension
  extension id: 
  effective extension id: 
[347:377:0831/073350.441078:VERBOSE1:network_delegate.cc(30)] NetworkDelegate::NotifyBeforeURLRequest: https://play.google.com/log?format=json&hasfast=true&authuser=0
[347:377:0831/073350.441107:VERBOSE1:network_delegate.cc(30)] NetworkDelegate::NotifyBeforeURLRequest: https://play.google.com/log?format=json&hasfast=true&authuser=0
[347:377:0831/073350.441124:VERBOSE1:network_delegate.cc(30)] NetworkDelegate::NotifyBeforeURLRequest: https://play.google.com/log?format=json&hasfast=true&authuser=0
[347:377:0831/073350.456486:VERBOSE1:loader_util.cc(35)] To buffer: https://play.google.com/log?format=json&hasfast=true&authuser=0
[347:377:0831/073350.498361:VERBOSE1:network_delegate.cc(30)] NetworkDelegate::NotifyBeforeURLRequest: https://clients1.google.com/complete/search?q=1&client=translate-web&ds=translate&hl=en&requiredfields=tl%3Aes&callback=_callbacks____8jlhomgip
[347:377:0831/073350.498392:VERBOSE1:network_delegate.cc(30)] NetworkDelegate::NotifyBeforeURLRequest: https://clients1.google.com/complete/search?q=1&client=translate-web&ds=translate&hl=en&requiredfields=tl%3Aes&callback=_callbacks____8jlhomgip
[347:377:0831/073350.498413:VERBOSE1:network_delegate.cc(30)] NetworkDelegate::NotifyBeforeURLRequest: https://clients1.google.com/complete/search?q=1&client=translate-web&ds=translate&hl=en&requiredfields=tl%3Aes&callback=_callbacks____8jlhomgip
[347:377:0831/073350.665314:VERBOSE1:network_delegate.cc(30)] NetworkDelegate::NotifyBeforeURLRequest: https://clients1.google.com/complete/search?q=12345&client=translate-web&ds=translate&hl=en&requiredfields=tl%3Aes&callback=_callbacks____9jlhomgnc
[347:377:0831/073350.665343:VERBOSE1:network_delegate.cc(30)] NetworkDelegate::NotifyBeforeURLRequest: https://clients1.google.com/complete/search?q=12345&client=translate-web&ds=translate&hl=en&requiredfields=tl%3Aes&callback=_callbacks____9jlhomgnc
[347:377:0831/073350.665360:VERBOSE1:network_delegate.cc(30)] NetworkDelegate::NotifyBeforeURLRequest: https://clients1.google.com/complete/search?q=12345&client=translate-web&ds=translate&hl=en&requiredfields=tl%3Aes&callback=_callbacks____9jlhomgnc
