[0.737][INFO]: COMMAND InitSession {
   "desiredCapabilities": {
      "browserName": "chrome",
      "chromeOptions": {
         "args": [ "--disable-gpu", "--single-process", "--no-sandbox", "--data-path=/tmp/data-path", "--homedir=/tmp/homedir", "--disk-cache-dir=/tmp", "--disk-cache-size=1", "--media-cache-size=1", "--allow-file-access-from-files", "--enable-logging", "--v=1", "--disable-web-security", "--disable-extensions", "--ignore-certificate-errors", "--disable-ntp-most-likely-favicons-from-server", "--disable-ntp-popular-sites", "--window-size=1366,1024", "--disable-infobars", "--disable-dev-shm-usage", "..." ],
         "binary": "/tmp/chrome-lambda/chrome",
         "prefs": {
            "credentials_enable_service": false,
            "profile": {
               "password_manager_enabled": false
            }
         }
      },
      "count": 1
   }
}
[0.738][INFO]: Populating Preferences file: {
   "alternate_error_pages": {
      "enabled": false
   },
   "autofill": {
      "enabled": false
   },
   "browser": {
      "check_default_browser": false
   },
   "credentials_enable_service": false,
   "distribution": {
      "import_bookmarks": false,
      "import_history": false,
      "import_search_engine": false,
      "make_chrome_default_for_user": false,
      "show_welcome_page": false,
      "skip_first_run_ui": true
   },
   "dns_prefetching": {
      "enabled": false
   },
   "profile": {
      "password_manager_enabled": false
   },
   "safebrowsing": {
      "enabled": false
   },
   "search": {
      "suggest_enabled": false
   },
   "translate": {
      "enabled": false
   }
}
[0.738][INFO]: Populating Local State file: {
   "background_mode": {
      "enabled": false
   },
   "ssl": {
      "rev_checking": {
         "enabled": false
      }
   }
}
[0.738][INFO]: Launching chrome: /tmp/chrome-lambda/chrome --allow-file-access-from-files --data-path=/tmp/data-path --disable-background-networking --disable-browser-side-navigation --disable-client-side-phishing-detection --disable-default-apps --disable-dev-shm-usage --disable-extensions --disable-extensions-except=/tmp/.org.chromium.Chromium.IX3AF7/internal --disable-gpu --disable-hang-monitor --disable-infobars --disable-ntp-most-likely-favicons-from-server --disable-ntp-popular-sites --disable-popup-blocking --disable-prompt-on-repost --disable-sync --disable-web-resources --disable-web-security --disk-cache-dir=/tmp --disk-cache-size=1 --enable-automation --enable-logging --enable-precise-memory-info --force-fieldtrials=SiteIsolationExtensions/Control --homedir=/tmp/homedir --ignore-certificate-errors --log-level=0 --media-cache-size=1 --metrics-recording-only --no-first-run --no-sandbox --password-store=basic --remote-debugging-port=12028 --safebrowsing-disable-auto-update --single-process --test-type=webdriver --use-mock-keychain --user-data-dir=/tmp/.org.chromium.Chromium.A3vH5F --v=1 --window-size=1366,1024 data:,
[0.739][DEBUG]: DevTools request: http://localhost:12028/json/version
prctl(PR_SET_NO_NEW_PRIVS) failed
Xlib:  extension "RANDR" missing on display ":99".
[258:263:0831/073503.154985:ERROR:bus.cc(395)] Failed to connect to the bus: Failed to connect to socket /var/run/dbus/system_bus_socket: No such file or directory
Xlib:  extension "RANDR" missing on display ":99".

DevTools listening on ws://127.0.0.1:12028/devtools/browser/7d91d641-28d0-435b-a4bc-bcf32de38186
[1.515][SEVERE]: CreatePlatformSocket() returned an error, errno=1: Operation not permitted (1)
[1.516][DEBUG]: DevTools response: {
   "Browser": "Chrome/63.0.3239.84",
   "Protocol-Version": "1.2",
   "User-Agent": "Mozilla/5.0 (X11; Linux x86_64) AppleWebKit/537.36 (KHTML, like Gecko) Chrome/63.0.3239.84 Safari/537.36",
   "V8-Version": "6.3.292.46",
   "WebKit-Version": "537.36 (@0f53a5abc7a405fbe9f1cfd3db38f2092c8a7816)",
   "webSocketDebuggerUrl": "ws://localhost:12028/devtools/browser/7d91d641-28d0-435b-a4bc-bcf32de38186"
}

[1.519][DEBUG]: DevTools request: http://localhost:12028/json
[1.532][DEBUG]: DevTools response: [ {
   "description": "",
   "devtoolsFrontendUrl": "/devtools/inspector.html?ws=localhost:12028/devtools/page/(D30A17061D8DFBB61F74EDD981705A47)",
   "id": "(D30A17061D8DFBB61F74EDD981705A47)",
   "title": "",
   "type": "page",
   "url": "data:,",
   "webSocketDebuggerUrl": "ws://localhost:12028/devtools/page/(D30A17061D8DFBB61F74EDD981705A47)"
} ]

[1.533][DEBUG]: DevTools request: http://localhost:12028/json
[1.533][DEBUG]: DevTools response: [ {
   "description": "",
   "devtoolsFrontendUrl": "/devtools/inspector.html?ws=localhost:12028/devtools/page/(D30A17061D8DFBB61F74EDD981705A47)",
   "id": "(D30A17061D8DFBB61F74EDD981705A47)",
   "title": "",
   "type": "page",
   "url": "data:,",
   "webSocketDebuggerUrl": "ws://localhost:12028/devtools/page/(D30A17061D8DFBB61F74EDD981705A47)"
} ]

[1.533][INFO]: resolved localhost to ["127.0.0.1"]
[1.534][DEBUG]: DEVTOOLS COMMAND Log.enable (id=1) {

}
[1.534][DEBUG]: DEVTOOLS COMMAND DOM.getDocument (id=2) {

}
[1.534][DEBUG]: DEVTOOLS COMMAND Runtime.enable (id=3) {

}
[1.534][DEBUG]: DEVTOOLS COMMAND Page.enable (id=4) {

}
[1.535][DEBUG]: DEVTOOLS COMMAND Page.enable (id=5) {

}
[258:281:0831/073503.791163:ERROR:io_thread.cc(730)] Cannot use V8 Proxy resolver in single process mode.
[258:281:0831/073503.792576:ERROR:io_thread.cc(730)] Cannot use V8 Proxy resolver in single process mode.
[1.656][DEBUG]: DEVTOOLS RESPONSE Log.enable (id=1) {

}
[1.656][DEBUG]: DEVTOOLS RESPONSE DOM.getDocument (id=2) {
   "root": {
      "backendNodeId": 1,
      "baseURL": "about:blank",
      "childNodeCount": 1,
      "children": [ {
         "attributes": [  ],
         "backendNodeId": 2,
         "childNodeCount": 2,
         "children": [ {
            "attributes": [  ],
            "backendNodeId": 3,
            "childNodeCount": 0,
            "localName": "head",
            "nodeId": 3,
            "nodeName": "HEAD",
            "nodeType": 1,
            "nodeValue": "",
            "parentId": 2
         }, {
            "attributes": [  ],
            "backendNodeId": 4,
            "childNodeCount": 0,
            "localName": "body",
            "nodeId": 4,
            "nodeName": "BODY",
            "nodeType": 1,
            "nodeValue": "",
            "parentId": 2
         } ],
         "frameId": "(D30A17061D8DFBB61F74EDD981705A47)",
         "localName": "html",
         "nodeId": 2,
         "nodeName": "HTML",
         "nodeType": 1,
         "nodeValue": "",
         "parentId": 1
      } ],
      "documentURL": "",
      "localName": "",
      "nodeId": 1,
      "nodeName": "#document",
      "nodeType": 9,
      "nodeValue": "",
      "xmlVersion": ""
   }
}
[1.656][DEBUG]: DEVTOOLS RESPONSE Runtime.enable (id=3) {

}
[1.656][DEBUG]: DEVTOOLS RESPONSE Page.enable (id=4) {

}
[1.656][DEBUG]: DEVTOOLS RESPONSE Page.enable (id=5) {

}
[1.656][DEBUG]: DEVTOOLS COMMAND Page.enable (id=6) {

}
[1.692][DEBUG]: DEVTOOLS EVENT Page.lifecycleEvent {
   "frameId": "(D30A17061D8DFBB61F74EDD981705A47)",
   "name": "commit",
   "timestamp": 1951.125659
}
[1.692][DEBUG]: DEVTOOLS EVENT Page.frameNavigated {
   "frame": {
      "id": "(D30A17061D8DFBB61F74EDD981705A47)",
      "loaderId": "258.1",
      "mimeType": "text/plain",
      "securityOrigin": "://",
      "url": "data:,"
   }
}
[1.692][DEBUG]: DEVTOOLS EVENT DOM.documentUpdated {

}
[1.692][DEBUG]: DEVTOOLS COMMAND DOM.getDocument (id=7) {

}
[1.692][DEBUG]: DEVTOOLS EVENT Runtime.executionContextCreated {
   "context": {
      "auxData": {
         "frameId": "(D30A17061D8DFBB61F74EDD981705A47)",
         "isDefault": true
      },
      "id": 1,
      "name": "",
      "origin": "://"
   }
}
[1.693][DEBUG]: DEVTOOLS RESPONSE Page.enable (id=6) {

}
[1.711][DEBUG]: DEVTOOLS RESPONSE DOM.getDocument (id=7) {
   "root": {
      "backendNodeId": 5,
      "baseURL": "data:,",
      "childNodeCount": 1,
      "children": [ {
         "attributes": [  ],
         "backendNodeId": 6,
         "childNodeCount": 2,
         "children": [ {
            "attributes": [  ],
            "backendNodeId": 7,
            "childNodeCount": 0,
            "localName": "head",
            "nodeId": 7,
            "nodeName": "HEAD",
            "nodeType": 1,
            "nodeValue": "",
            "parentId": 6
         }, {
            "attributes": [  ],
            "backendNodeId": 8,
            "childNodeCount": 1,
            "localName": "body",
            "nodeId": 8,
            "nodeName": "BODY",
            "nodeType": 1,
            "nodeValue": "",
            "parentId": 6
         } ],
         "frameId": "(D30A17061D8DFBB61F74EDD981705A47)",
         "localName": "html",
         "nodeId": 6,
         "nodeName": "HTML",
         "nodeType": 1,
         "nodeValue": "",
         "parentId": 5
      } ],
      "documentURL": "data:,",
      "localName": "",
      "nodeId": 5,
      "nodeName": "#document",
      "nodeType": 9,
      "nodeValue": "",
      "xmlVersion": ""
   }
}
[1.711][DEBUG]: DEVTOOLS COMMAND Runtime.enable (id=8) {

}
[1.734][DEBUG]: DEVTOOLS EVENT Page.loadEventFired {
   "timestamp": 1951.16534
}
[1.734][DEBUG]: DEVTOOLS EVENT Page.lifecycleEvent {
   "frameId": "(D30A17061D8DFBB61F74EDD981705A47)",
   "name": "load",
   "timestamp": 1951.16534
}
[1.735][DEBUG]: DEVTOOLS EVENT Page.frameStoppedLoading {
   "frameId": "(D30A17061D8DFBB61F74EDD981705A47)"
}
[1.735][DEBUG]: DEVTOOLS EVENT Page.domContentEventFired {
   "timestamp": 1951.180968
}
[1.735][DEBUG]: DEVTOOLS EVENT Page.lifecycleEvent {
   "frameId": "(D30A17061D8DFBB61F74EDD981705A47)",
   "name": "DOMContentLoaded",
   "timestamp": 1951.180968
}
[1.735][DEBUG]: DEVTOOLS EVENT DOM.documentUpdated {

}
[1.735][DEBUG]: DEVTOOLS COMMAND DOM.getDocument (id=9) {

}
[1.760][DEBUG]: DEVTOOLS RESPONSE Runtime.enable (id=8) {

}
[1.761][DEBUG]: DEVTOOLS RESPONSE DOM.getDocument (id=9) {
   "root": {
      "backendNodeId": 5,
      "baseURL": "data:,",
      "childNodeCount": 1,
      "children": [ {
         "attributes": [  ],
         "backendNodeId": 6,
         "childNodeCount": 2,
         "children": [ {
            "attributes": [  ],
            "backendNodeId": 7,
            "childNodeCount": 0,
            "localName": "head",
            "nodeId": 11,
            "nodeName": "HEAD",
            "nodeType": 1,
            "nodeValue": "",
            "parentId": 10
         }, {
            "attributes": [  ],
            "backendNodeId": 8,
            "childNodeCount": 1,
            "localName": "body",
            "nodeId": 12,
            "nodeName": "BODY",
            "nodeType": 1,
            "nodeValue": "",
            "parentId": 10
         } ],
         "frameId": "(D30A17061D8DFBB61F74EDD981705A47)",
         "localName": "html",
         "nodeId": 10,
         "nodeName": "HTML",
         "nodeType": 1,
         "nodeValue": "",
         "parentId": 9
      } ],
      "documentURL": "data:,",
      "localName": "",
      "nodeId": 9,
      "nodeName": "#document",
      "nodeType": 9,
      "nodeValue": "",
      "xmlVersion": ""
   }
}
[1.761][DEBUG]: DEVTOOLS COMMAND Runtime.evaluate (id=10) {
   "expression": "(function() { // Copyright (c) 2012 The Chromium Authors. All rights reserved.\n// Use of this source code is governed by a BSD-style license that can be\n// found in the LICENSE file.\n\n/**\n * Enum f...",
   "returnByValue": true
}
[1.775][DEBUG]: DEVTOOLS RESPONSE Runtime.evaluate (id=10) {
   "result": {
      "type": "object",
      "value": {
         "status": 0,
         "value": 1
      }
   }
}
[1.775][INFO]: RESPONSE InitSession {
   "acceptSslCerts": true,
   "applicationCacheEnabled": false,
   "browserConnectionEnabled": false,
   "browserName": "chrome",
   "chrome": {
      "chromedriverVersion": "2.33.506092 (733a02544d189eeb751fe0d7ddca79a0ee28cce4)",
      "userDataDir": "/tmp/.org.chromium.Chromium.A3vH5F"
   },
   "cssSelectorsEnabled": true,
   "databaseEnabled": false,
   "handlesAlerts": true,
   "hasTouchScreen": false,
   "javascriptEnabled": true,
   "locationContextEnabled": true,
   "mobileEmulationEnabled": false,
   "nativeEvents": true,
   "networkConnectionEnabled": false,
   "pageLoadStrategy": "normal",
   "platform": "Linux",
   "rotatable": false,
   "setWindowRect": true,
   "takesHeapSnapshot": true,
   "~~~": "..."
}
[1.811][INFO]: COMMAND SetTimeout {
   "script": 11000
}
[1.813][INFO]: RESPONSE SetTimeout unknown error: 'ms' must be a double
  (Session info: chrome=63.0.3239.84)
[1.833][INFO]: COMMAND SetTimeout {
   "ms": 11000,
   "type": "script"
}
[1.833][INFO]: RESPONSE SetTimeout
[2.663][INFO]: COMMAND SetTimeout {
   "pageLoad": 30000
}
[2.666][INFO]: RESPONSE SetTimeout unknown error: 'ms' must be a double
  (Session info: chrome=63.0.3239.84)
[2.680][INFO]: COMMAND SetTimeout {
   "ms": 30000,
   "type": "page load"
}
[2.680][INFO]: RESPONSE SetTimeout
[2.719][INFO]: COMMAND Navigate {
   "url": "https://translate.google.com/#en/es/Librarian,"
}
[4.571][INFO]: Waiting for pending navigations...
[4.571][DEBUG]: DEVTOOLS COMMAND Runtime.evaluate (id=11) {
   "expression": "1"
}
[4.592][DEBUG]: DEVTOOLS EVENT Page.lifecycleEvent {
   "frameId": "(D30A17061D8DFBB61F74EDD981705A47)",
   "name": "networkAlmostIdle",
   "timestamp": 1951.181073
}
[4.592][DEBUG]: DEVTOOLS EVENT Page.lifecycleEvent {
   "frameId": "(D30A17061D8DFBB61F74EDD981705A47)",
   "name": "networkIdle",
   "timestamp": 1951.181073
}
[4.592][DEBUG]: DEVTOOLS RESPONSE Runtime.evaluate (id=11) {
   "result": {
      "description": "1",
      "type": "number",
      "value": 1
   }
}
[4.592][INFO]: Done waiting for pending navigations. Status: ok
[4.592][DEBUG]: DEVTOOLS COMMAND Page.navigate (id=12) {
   "url": "https://translate.google.com/#en/es/Librarian,"
}
[4.595][DEBUG]: DEVTOOLS EVENT Page.frameStartedLoading {
   "frameId": "(D30A17061D8DFBB61F74EDD981705A47)"
}
[4.597][DEBUG]: DEVTOOLS RESPONSE Page.navigate (id=12) {
   "frameId": "(D30A17061D8DFBB61F74EDD981705A47)"
}
[4.597][INFO]: Waiting for pending navigations...
[4.597][DEBUG]: DEVTOOLS COMMAND Runtime.evaluate (id=13) {
   "expression": "1"
}
[4.598][DEBUG]: DEVTOOLS RESPONSE Runtime.evaluate (id=13) {
   "result": {
      "description": "1",
      "type": "number",
      "value": 1
   }
}
[4.753][DEBUG]: DEVTOOLS EVENT Runtime.executionContextDestroyed {
   "executionContextId": 1
}
[4.753][DEBUG]: DEVTOOLS EVENT Runtime.executionContextsCleared {

}
[4.753][DEBUG]: DEVTOOLS EVENT Page.lifecycleEvent {
   "frameId": "(D30A17061D8DFBB61F74EDD981705A47)",
   "name": "commit",
   "timestamp": 1954.213655
}
[4.753][DEBUG]: DEVTOOLS EVENT Page.frameNavigated {
   "frame": {
      "id": "(D30A17061D8DFBB61F74EDD981705A47)",
      "loaderId": "258.2",
      "mimeType": "text/html",
      "securityOrigin": "https://translate.google.com",
      "url": "https://translate.google.com/"
   }
}
[4.754][DEBUG]: DEVTOOLS EVENT Runtime.executionContextCreated {
   "context": {
      "auxData": {
         "frameId": "(D30A17061D8DFBB61F74EDD981705A47)",
         "isDefault": true
      },
      "id": 3,
      "name": "",
      "origin": "https://translate.google.com"
   }
}
[4.754][DEBUG]: DEVTOOLS EVENT DOM.documentUpdated {

}
[4.754][DEBUG]: DEVTOOLS COMMAND DOM.getDocument (id=14) {

}
[4.837][DEBUG]: DEVTOOLS RESPONSE DOM.getDocument (id=14) {
   "root": {
      "backendNodeId": 10,
      "baseURL": "https://translate.google.com/#en/es/Librarian,",
      "childNodeCount": 2,
      "children": [ {
         "backendNodeId": 11,
         "localName": "",
         "nodeId": 14,
         "nodeName": "html",
         "nodeType": 10,
         "nodeValue": "",
         "parentId": 13,
         "publicId": "",
         "systemId": ""
      }, {
         "attributes": [  ],
         "backendNodeId": 12,
         "childNodeCount": 1,
         "children": [ {
            "attributes": [  ],
            "backendNodeId": 13,
            "childNodeCount": 18,
            "localName": "head",
            "nodeId": 16,
            "nodeName": "HEAD",
            "nodeType": 1,
            "nodeValue": "",
            "parentId": 15
         } ],
         "frameId": "(D30A17061D8DFBB61F74EDD981705A47)",
         "localName": "html",
         "nodeId": 15,
         "nodeName": "HTML",
         "nodeType": 1,
         "nodeValue": "",
         "parentId": 13
      } ],
      "documentURL": "https://translate.google.com/#en/es/Librarian,",
      "localName": "",
      "nodeId": 13,
      "nodeName": "#document",
      "nodeType": 9,
      "nodeValue": "",
      "xmlVersion": ""
   }
}
[4.837][DEBUG]: DEVTOOLS COMMAND Runtime.evaluate (id=15) {
   "expression": "1"
}
[4.974][DEBUG]: DEVTOOLS EVENT DOM.childNodeCountUpdated {
   "childNodeCount": 19,
   "nodeId": 16
}
[4.975][DEBUG]: DEVTOOLS EVENT DOM.childNodeCountUpdated {
   "childNodeCount": 20,
   "nodeId": 16
}
[4.975][DEBUG]: DEVTOOLS EVENT DOM.childNodeCountUpdated {
   "childNodeCount": 21,
   "nodeId": 16
}
[4.975][DEBUG]: DEVTOOLS EVENT DOM.childNodeCountUpdated {
   "childNodeCount": 22,
   "nodeId": 16
}
[4.976][DEBUG]: DEVTOOLS EVENT DOM.childNodeInserted {
   "node": {
      "attributes": [ "dir", "ltr", "onload", "window.jstiming.load['tick']('ol');", "class", "e_md nj pre-epu" ],
      "backendNodeId": 14,
      "childNodeCount": 0,
      "localName": "body",
      "nodeId": 17,
      "nodeName": "BODY",
      "nodeType": 1,
      "nodeValue": ""
   },
   "parentNodeId": 15,
   "previousNodeId": 16
}
[4.976][DEBUG]: DEVTOOLS EVENT DOM.childNodeCountUpdated {
   "childNodeCount": 1,
   "nodeId": 17
}
[4.976][DEBUG]: DEVTOOLS EVENT DOM.childNodeCountUpdated {
   "childNodeCount": 2,
   "nodeId": 17
}
[4.976][DEBUG]: DEVTOOLS RESPONSE Runtime.evaluate (id=15) {
   "result": {
      "description": "1",
      "type": "number",
      "value": 1
   }
}
[4.976][DEBUG]: DEVTOOLS EVENT DOM.childNodeCountUpdated {
   "childNodeCount": 3,
   "nodeId": 17
}
[4.976][DEBUG]: DEVTOOLS COMMAND Runtime.evaluate (id=16) {
   "expression": "1"
}
[4.977][DEBUG]: DEVTOOLS EVENT DOM.attributeModified {
   "name": "class",
   "nodeId": 17,
   "value": "e_md  pre-epu"
}
[4.977][DEBUG]: DEVTOOLS EVENT DOM.childNodeCountUpdated {
   "childNodeCount": 4,
   "nodeId": 17
}
[5.058][DEBUG]: DEVTOOLS RESPONSE Runtime.evaluate (id=16) {
   "result": {
      "description": "1",
      "type": "number",
      "value": 1
   }
}
[5.213][DEBUG]: DEVTOOLS EVENT Page.lifecycleEvent {
   "frameId": "(D30A17061D8DFBB61F74EDD981705A47)",
   "name": "firstPaint",
   "timestamp": 1954.582978
}
[5.213][DEBUG]: DEVTOOLS COMMAND Runtime.evaluate (id=17) {
   "expression": "1"
}
[5.214][DEBUG]: DEVTOOLS EVENT Page.lifecycleEvent {
   "frameId": "(D30A17061D8DFBB61F74EDD981705A47)",
   "name": "firstContentfulPaint",
   "timestamp": 1954.582983
}
[5.214][DEBUG]: DEVTOOLS EVENT Page.lifecycleEvent {
   "frameId": "(D30A17061D8DFBB61F74EDD981705A47)",
   "name": "firstTextPaint",
   "timestamp": 1954.582984
}
[5.214][DEBUG]: DEVTOOLS EVENT Page.lifecycleEvent {
   "frameId": "(D30A17061D8DFBB61F74EDD981705A47)",
   "name": "firstImagePaint",
   "timestamp": 1954.582986
}
[5.214][DEBUG]: DEVTOOLS EVENT Page.lifecycleEvent {
   "frameId": "(D30A17061D8DFBB61F74EDD981705A47)",
   "name": "firstMeaningfulPaintCandidate",
   "timestamp": 1954.582987
}
[5.634][DEBUG]: DEVTOOLS EVENT DOM.attributeModified {
   "name": "class",
   "nodeId": 17,
   "value": "e_md pre-epu"
}
[5.634][DEBUG]: DEVTOOLS EVENT DOM.childNodeCountUpdated {
   "childNodeCount": 5,
   "nodeId": 17
}
[5.634][DEBUG]: DEVTOOLS EVENT DOM.childNodeCountUpdated {
   "childNodeCount": 4,
   "nodeId": 17
}
[5.634][DEBUG]: DEVTOOLS EVENT DOM.childNodeCountUpdated {
   "childNodeCount": 5,
   "nodeId": 17
}
[5.634][DEBUG]: DEVTOOLS EVENT DOM.childNodeCountUpdated {
   "childNodeCount": 6,
   "nodeId": 17
}
[5.634][DEBUG]: DEVTOOLS EVENT DOM.childNodeCountUpdated {
   "childNodeCount": 7,
   "nodeId": 17
}
[5.634][DEBUG]: DEVTOOLS EVENT DOM.childNodeCountUpdated {
   "childNodeCount": 8,
   "nodeId": 17
}
[5.635][DEBUG]: DEVTOOLS EVENT DOM.childNodeCountUpdated {
   "childNodeCount": 7,
   "nodeId": 17
}
[5.635][DEBUG]: DEVTOOLS EVENT DOM.childNodeCountUpdated {
   "childNodeCount": 6,
   "nodeId": 17
}
[5.635][DEBUG]: DEVTOOLS EVENT DOM.childNodeCountUpdated {
   "childNodeCount": 7,
   "nodeId": 17
}
[5.635][DEBUG]: DEVTOOLS EVENT DOM.childNodeCountUpdated {
   "childNodeCount": 8,
   "nodeId": 17
}
[5.635][DEBUG]: DEVTOOLS EVENT DOM.childNodeCountUpdated {
   "childNodeCount": 9,
   "nodeId": 17
}
[5.635][DEBUG]: DEVTOOLS EVENT DOM.childNodeCountUpdated {
   "childNodeCount": 10,
   "nodeId": 17
}
[5.635][DEBUG]: DEVTOOLS EVENT DOM.childNodeCountUpdated {
   "childNodeCount": 11,
   "nodeId": 17
}
[5.635][DEBUG]: DEVTOOLS EVENT DOM.childNodeCountUpdated {
   "childNodeCount": 12,
   "nodeId": 17
}
[5.635][DEBUG]: DEVTOOLS EVENT DOM.childNodeCountUpdated {
   "childNodeCount": 13,
   "nodeId": 17
}
[5.635][DEBUG]: DEVTOOLS EVENT DOM.childNodeCountUpdated {
   "childNodeCount": 14,
   "nodeId": 17
}
[5.635][DEBUG]: DEVTOOLS EVENT DOM.childNodeCountUpdated {
   "childNodeCount": 15,
   "nodeId": 17
}
[5.635][DEBUG]: DEVTOOLS EVENT DOM.childNodeCountUpdated {
   "childNodeCount": 14,
   "nodeId": 17
}
[5.635][DEBUG]: DEVTOOLS EVENT DOM.childNodeCountUpdated {
   "childNodeCount": 13,
   "nodeId": 17
}
[5.635][DEBUG]: DEVTOOLS EVENT DOM.childNodeCountUpdated {
   "childNodeCount": 14,
   "nodeId": 17
}
[5.635][DEBUG]: DEVTOOLS EVENT DOM.childNodeCountUpdated {
   "childNodeCount": 23,
   "nodeId": 16
}
[5.635][DEBUG]: DEVTOOLS EVENT DOM.childNodeCountUpdated {
   "childNodeCount": 15,
   "nodeId": 17
}
[5.635][DEBUG]: DEVTOOLS EVENT DOM.childNodeCountUpdated {
   "childNodeCount": 14,
   "nodeId": 17
}
[5.635][DEBUG]: DEVTOOLS EVENT DOM.childNodeCountUpdated {
   "childNodeCount": 15,
   "nodeId": 17
}
[5.635][DEBUG]: DEVTOOLS EVENT DOM.childNodeCountUpdated {
   "childNodeCount": 14,
   "nodeId": 17
}
[5.635][DEBUG]: DEVTOOLS EVENT DOM.childNodeCountUpdated {
   "childNodeCount": 15,
   "nodeId": 17
}
[5.635][DEBUG]: DEVTOOLS EVENT DOM.childNodeCountUpdated {
   "childNodeCount": 14,
   "nodeId": 17
}
[5.635][DEBUG]: DEVTOOLS EVENT DOM.childNodeCountUpdated {
   "childNodeCount": 15,
   "nodeId": 17
}
[5.635][DEBUG]: DEVTOOLS EVENT DOM.childNodeCountUpdated {
   "childNodeCount": 14,
   "nodeId": 17
}
[5.635][DEBUG]: DEVTOOLS EVENT DOM.childNodeCountUpdated {
   "childNodeCount": 15,
   "nodeId": 17
}
[5.635][DEBUG]: DEVTOOLS EVENT DOM.childNodeCountUpdated {
   "childNodeCount": 14,
   "nodeId": 17
}
[5.635][DEBUG]: DEVTOOLS EVENT DOM.childNodeCountUpdated {
   "childNodeCount": 15,
   "nodeId": 17
}
[5.635][DEBUG]: DEVTOOLS EVENT DOM.childNodeCountUpdated {
   "childNodeCount": 14,
   "nodeId": 17
}
[5.635][DEBUG]: DEVTOOLS EVENT DOM.childNodeCountUpdated {
   "childNodeCount": 15,
   "nodeId": 17
}
[5.635][DEBUG]: DEVTOOLS EVENT DOM.childNodeCountUpdated {
   "childNodeCount": 14,
   "nodeId": 17
}
[5.635][DEBUG]: DEVTOOLS EVENT DOM.childNodeCountUpdated {
   "childNodeCount": 15,
   "nodeId": 17
}
[5.635][DEBUG]: DEVTOOLS EVENT DOM.childNodeCountUpdated {
   "childNodeCount": 14,
   "nodeId": 17
}
[5.635][DEBUG]: DEVTOOLS EVENT DOM.childNodeCountUpdated {
   "childNodeCount": 15,
   "nodeId": 17
}
[5.635][DEBUG]: DEVTOOLS EVENT DOM.childNodeCountUpdated {
   "childNodeCount": 14,
   "nodeId": 17
}
[5.635][DEBUG]: DEVTOOLS EVENT DOM.childNodeCountUpdated {
   "childNodeCount": 15,
   "nodeId": 17
}
[5.635][DEBUG]: DEVTOOLS EVENT DOM.childNodeCountUpdated {
   "childNodeCount": 14,
   "nodeId": 17
}
[5.635][DEBUG]: DEVTOOLS EVENT DOM.childNodeCountUpdated {
   "childNodeCount": 15,
   "nodeId": 17
}
[5.635][DEBUG]: DEVTOOLS EVENT DOM.childNodeCountUpdated {
   "childNodeCount": 14,
   "nodeId": 17
}
[5.635][DEBUG]: DEVTOOLS EVENT DOM.childNodeCountUpdated {
   "childNodeCount": 15,
   "nodeId": 17
}
[5.635][DEBUG]: DEVTOOLS EVENT DOM.childNodeCountUpdated {
   "childNodeCount": 14,
   "nodeId": 17
}
[5.635][DEBUG]: DEVTOOLS EVENT DOM.childNodeCountUpdated {
   "childNodeCount": 15,
   "nodeId": 17
}
[5.635][DEBUG]: DEVTOOLS EVENT DOM.childNodeCountUpdated {
   "childNodeCount": 14,
   "nodeId": 17
}
[5.636][DEBUG]: DEVTOOLS EVENT DOM.childNodeCountUpdated {
   "childNodeCount": 15,
   "nodeId": 17
}
[5.636][DEBUG]: DEVTOOLS EVENT DOM.childNodeCountUpdated {
   "childNodeCount": 14,
   "nodeId": 17
}
[5.636][DEBUG]: DEVTOOLS EVENT DOM.childNodeCountUpdated {
   "childNodeCount": 15,
   "nodeId": 17
}
[5.636][DEBUG]: DEVTOOLS EVENT DOM.childNodeCountUpdated {
   "childNodeCount": 14,
   "nodeId": 17
}
[5.636][DEBUG]: DEVTOOLS EVENT DOM.childNodeCountUpdated {
   "childNodeCount": 15,
   "nodeId": 17
}
[5.636][DEBUG]: DEVTOOLS EVENT DOM.childNodeCountUpdated {
   "childNodeCount": 14,
   "nodeId": 17
}
[5.636][DEBUG]: DEVTOOLS EVENT DOM.childNodeCountUpdated {
   "childNodeCount": 24,
   "nodeId": 16
}
[5.636][DEBUG]: DEVTOOLS EVENT DOM.childNodeCountUpdated {
   "childNodeCount": 25,
   "nodeId": 16
}
[5.636][DEBUG]: DEVTOOLS EVENT DOM.childNodeCountUpdated {
   "childNodeCount": 26,
   "nodeId": 16
}
[5.636][DEBUG]: DEVTOOLS EVENT DOM.childNodeCountUpdated {
   "childNodeCount": 15,
   "nodeId": 17
}
[5.636][DEBUG]: DEVTOOLS EVENT DOM.childNodeCountUpdated {
   "childNodeCount": 14,
   "nodeId": 17
}
[5.636][DEBUG]: DEVTOOLS EVENT Page.domContentEventFired {
   "timestamp": 1955.089617
}
[5.636][DEBUG]: DEVTOOLS EVENT Page.lifecycleEvent {
   "frameId": "(D30A17061D8DFBB61F74EDD981705A47)",
   "name": "DOMContentLoaded",
   "timestamp": 1955.089617
}
[5.636][DEBUG]: DEVTOOLS EVENT DOM.documentUpdated {

}
[5.636][DEBUG]: DEVTOOLS COMMAND DOM.getDocument (id=18) {

}
[5.636][DEBUG]: DEVTOOLS RESPONSE Runtime.evaluate (id=17) {
   "result": {
      "description": "1",
      "type": "number",
      "value": 1
   }
}
[5.818][DEBUG]: DEVTOOLS RESPONSE DOM.getDocument (id=18) {
   "root": {
      "backendNodeId": 10,
      "baseURL": "https://translate.google.com/#en/es/Librarian%2C",
      "childNodeCount": 2,
      "children": [ {
         "backendNodeId": 11,
         "localName": "",
         "nodeId": 19,
         "nodeName": "html",
         "nodeType": 10,
         "nodeValue": "",
         "parentId": 18,
         "publicId": "",
         "systemId": ""
      }, {
         "attributes": [  ],
         "backendNodeId": 12,
         "childNodeCount": 2,
         "children": [ {
            "attributes": [  ],
            "backendNodeId": 13,
            "childNodeCount": 28,
            "localName": "head",
            "nodeId": 21,
            "nodeName": "HEAD",
            "nodeType": 1,
            "nodeValue": "",
            "parentId": 20
         }, {
            "attributes": [ "dir", "ltr", "onload", "window.jstiming.load['tick']('ol');", "class", "e_md pre-epu" ],
            "backendNodeId": 14,
            "childNodeCount": 14,
            "localName": "body",
            "nodeId": 22,
            "nodeName": "BODY",
            "nodeType": 1,
            "nodeValue": "",
            "parentId": 20
         } ],
         "frameId": "(D30A17061D8DFBB61F74EDD981705A47)",
         "localName": "html",
         "nodeId": 20,
         "nodeName": "HTML",
         "nodeType": 1,
         "nodeValue": "",
         "parentId": 18
      } ],
      "documentURL": "https://translate.google.com/#en/es/Librarian%2C",
      "localName": "",
      "nodeId": 18,
      "nodeName": "#document",
      "nodeType": 9,
      "nodeValue": "",
      "xmlVersion": ""
   }
}
[5.852][DEBUG]: DEVTOOLS EVENT Page.lifecycleEvent {
   "frameId": "(D30A17061D8DFBB61F74EDD981705A47)",
   "name": "firstMeaningfulPaintCandidate",
   "timestamp": 1955.284304
}
[5.852][DEBUG]: DEVTOOLS COMMAND Runtime.evaluate (id=19) {
   "expression": "1"
}
[5.854][DEBUG]: DEVTOOLS RESPONSE Runtime.evaluate (id=19) {
   "result": {
      "description": "1",
      "type": "number",
      "value": 1
   }
}
[6.067][DEBUG]: DEVTOOLS EVENT DOM.childNodeCountUpdated {
   "childNodeCount": 29,
   "nodeId": 21
}
[6.067][DEBUG]: DEVTOOLS EVENT DOM.childNodeCountUpdated {
   "childNodeCount": 15,
   "nodeId": 22
}
[6.067][DEBUG]: DEVTOOLS EVENT DOM.childNodeCountUpdated {
   "childNodeCount": 16,
   "nodeId": 22
}
[6.067][DEBUG]: DEVTOOLS EVENT DOM.childNodeCountUpdated {
   "childNodeCount": 17,
   "nodeId": 22
}
[6.067][DEBUG]: DEVTOOLS EVENT DOM.childNodeCountUpdated {
   "childNodeCount": 18,
   "nodeId": 22
}
[6.067][DEBUG]: DEVTOOLS COMMAND Runtime.evaluate (id=20) {
   "expression": "1"
}
[6.095][DEBUG]: DEVTOOLS EVENT DOM.childNodeCountUpdated {
   "childNodeCount": 19,
   "nodeId": 22
}
[6.096][DEBUG]: DEVTOOLS EVENT DOM.childNodeCountUpdated {
   "childNodeCount": 30,
   "nodeId": 21
}
[6.096][DEBUG]: DEVTOOLS EVENT DOM.childNodeCountUpdated {
   "childNodeCount": 20,
   "nodeId": 22
}
[6.096][DEBUG]: DEVTOOLS EVENT DOM.childNodeCountUpdated {
   "childNodeCount": 21,
   "nodeId": 22
}
[6.096][DEBUG]: DEVTOOLS EVENT DOM.childNodeCountUpdated {
   "childNodeCount": 20,
   "nodeId": 22
}
[6.096][DEBUG]: DEVTOOLS EVENT DOM.childNodeCountUpdated {
   "childNodeCount": 19,
   "nodeId": 22
}
[6.096][DEBUG]: DEVTOOLS EVENT DOM.childNodeCountUpdated {
   "childNodeCount": 20,
   "nodeId": 22
}
[6.096][DEBUG]: DEVTOOLS EVENT DOM.childNodeCountUpdated {
   "childNodeCount": 31,
   "nodeId": 21
}
[6.096][DEBUG]: DEVTOOLS EVENT DOM.childNodeCountUpdated {
   "childNodeCount": 32,
   "nodeId": 21
}
[6.195][DEBUG]: DEVTOOLS EVENT DOM.childNodeCountUpdated {
   "childNodeCount": 21,
   "nodeId": 22
}
[6.203][DEBUG]: DEVTOOLS RESPONSE Runtime.evaluate (id=20) {
   "result": {
      "description": "1",
      "type": "number",
      "value": 1
   }
}
[6.215][DEBUG]: DEVTOOLS EVENT Page.loadEventFired {
   "timestamp": 1955.673624
}
[6.215][DEBUG]: DEVTOOLS EVENT Page.lifecycleEvent {
   "frameId": "(D30A17061D8DFBB61F74EDD981705A47)",
   "name": "load",
   "timestamp": 1955.673624
}
[6.215][DEBUG]: DEVTOOLS EVENT Page.frameStoppedLoading {
   "frameId": "(D30A17061D8DFBB61F74EDD981705A47)"
}
[6.215][DEBUG]: DEVTOOLS COMMAND Runtime.evaluate (id=21) {
   "expression": "1"
}
[6.217][DEBUG]: DEVTOOLS RESPONSE Runtime.evaluate (id=21) {
   "result": {
      "description": "1",
      "type": "number",
      "value": 1
   }
}
[6.217][INFO]: Done waiting for pending navigations. Status: ok
[6.217][INFO]: RESPONSE Navigate
[6.271][INFO]: COMMAND FindElements {
   "using": "css selector",
   "value": "#gt-src-c"
}
[6.271][INFO]: Waiting for pending navigations...
[6.271][DEBUG]: DEVTOOLS COMMAND Runtime.evaluate (id=22) {
   "expression": "1"
}
[6.272][DEBUG]: DEVTOOLS EVENT Page.lifecycleEvent {
   "frameId": "(D30A17061D8DFBB61F74EDD981705A47)",
   "name": "firstMeaningfulPaintCandidate",
   "timestamp": 1955.723713
}
[6.273][DEBUG]: DEVTOOLS RESPONSE Runtime.evaluate (id=22) {
   "result": {
      "description": "1",
      "type": "number",
      "value": 1
   }
}
[6.273][INFO]: Done waiting for pending navigations. Status: ok
[6.274][DEBUG]: DEVTOOLS COMMAND Runtime.evaluate (id=23) {
   "expression": "(function() { // Copyright (c) 2012 The Chromium Authors. All rights reserved.\n// Use of this source code is governed by a BSD-style license that can be\n// found in the LICENSE file.\n\n/**\n * Enum f...",
   "returnByValue": true
}
[6.296][DEBUG]: DEVTOOLS RESPONSE Runtime.evaluate (id=23) {
   "result": {
      "type": "object",
      "value": {
         "status": 0,
         "value": [ {
            "ELEMENT": "0.4439630760208675-1"
         } ]
      }
   }
}
[6.296][INFO]: Waiting for pending navigations...
[6.296][DEBUG]: DEVTOOLS COMMAND Runtime.evaluate (id=24) {
   "expression": "1"
}
[6.297][DEBUG]: DEVTOOLS RESPONSE Runtime.evaluate (id=24) {
   "result": {
      "description": "1",
      "type": "number",
      "value": 1
   }
}
[6.297][INFO]: Done waiting for pending navigations. Status: ok
[6.297][INFO]: RESPONSE FindElements [ {
   "ELEMENT": "0.4439630760208675-1"
} ]
[6.316][INFO]: COMMAND IsElementDisplayed {
   "id": "0.4439630760208675-1"
}
[6.316][INFO]: Waiting for pending navigations...
[6.316][DEBUG]: DEVTOOLS COMMAND Runtime.evaluate (id=25) {
   "expression": "1"
}
[6.331][DEBUG]: DEVTOOLS RESPONSE Runtime.evaluate (id=25) {
   "result": {
      "description": "1",
      "type": "number",
      "value": 1
   }
}
[6.332][INFO]: Done waiting for pending navigations. Status: ok
[6.334][DEBUG]: DEVTOOLS COMMAND Runtime.evaluate (id=26) {
   "expression": "(function() { // Copyright (c) 2012 The Chromium Authors. All rights reserved.\n// Use of this source code is governed by a BSD-style license that can be\n// found in the LICENSE file.\n\n/**\n * Enum f...",
   "returnByValue": true
}
[6.358][DEBUG]: DEVTOOLS RESPONSE Runtime.evaluate (id=26) {
   "result": {
      "type": "object",
      "value": {
         "status": 0,
         "value": true
      }
   }
}
[6.358][INFO]: Waiting for pending navigations...
[6.358][DEBUG]: DEVTOOLS COMMAND Runtime.evaluate (id=27) {
   "expression": "1"
}
[6.362][DEBUG]: DEVTOOLS RESPONSE Runtime.evaluate (id=27) {
   "result": {
      "description": "1",
      "type": "number",
      "value": 1
   }
}
[6.362][INFO]: Done waiting for pending navigations. Status: ok
[6.362][INFO]: RESPONSE IsElementDisplayed true
[6.394][INFO]: COMMAND FindChildElements {
   "id": "0.4439630760208675-1",
   "using": "css selector",
   "value": "textarea#source"
}
[6.394][INFO]: Waiting for pending navigations...
[6.394][DEBUG]: DEVTOOLS COMMAND Runtime.evaluate (id=28) {
   "expression": "1"
}
[6.396][DEBUG]: DEVTOOLS RESPONSE Runtime.evaluate (id=28) {
   "result": {
      "description": "1",
      "type": "number",
      "value": 1
   }
}
[6.396][INFO]: Done waiting for pending navigations. Status: ok
[6.398][DEBUG]: DEVTOOLS COMMAND Runtime.evaluate (id=29) {
   "expression": "(function() { // Copyright (c) 2012 The Chromium Authors. All rights reserved.\n// Use of this source code is governed by a BSD-style license that can be\n// found in the LICENSE file.\n\n/**\n * Enum f...",
   "returnByValue": true
}
[6.431][DEBUG]: DEVTOOLS RESPONSE Runtime.evaluate (id=29) {
   "result": {
      "type": "object",
      "value": {
         "status": 0,
         "value": [ {
            "ELEMENT": "0.4439630760208675-2"
         } ]
      }
   }
}
[6.431][INFO]: Waiting for pending navigations...
[6.432][DEBUG]: DEVTOOLS COMMAND Runtime.evaluate (id=30) {
   "expression": "1"
}
[6.434][DEBUG]: DEVTOOLS RESPONSE Runtime.evaluate (id=30) {
   "result": {
      "description": "1",
      "type": "number",
      "value": 1
   }
}
[6.434][INFO]: Done waiting for pending navigations. Status: ok
[6.434][INFO]: RESPONSE FindChildElements [ {
   "ELEMENT": "0.4439630760208675-2"
} ]
[6.447][INFO]: COMMAND IsElementDisplayed {
   "id": "0.4439630760208675-2"
}
[6.447][INFO]: Waiting for pending navigations...
[6.447][DEBUG]: DEVTOOLS COMMAND Runtime.evaluate (id=31) {
   "expression": "1"
}
[6.448][DEBUG]: DEVTOOLS RESPONSE Runtime.evaluate (id=31) {
   "result": {
      "description": "1",
      "type": "number",
      "value": 1
   }
}
[6.448][INFO]: Done waiting for pending navigations. Status: ok
[6.449][DEBUG]: DEVTOOLS COMMAND Runtime.evaluate (id=32) {
   "expression": "(function() { // Copyright (c) 2012 The Chromium Authors. All rights reserved.\n// Use of this source code is governed by a BSD-style license that can be\n// found in the LICENSE file.\n\n/**\n * Enum f...",
   "returnByValue": true
}
[6.471][DEBUG]: DEVTOOLS RESPONSE Runtime.evaluate (id=32) {
   "result": {
      "type": "object",
      "value": {
         "status": 0,
         "value": true
      }
   }
}
[6.471][INFO]: Waiting for pending navigations...
[6.471][DEBUG]: DEVTOOLS COMMAND Runtime.evaluate (id=33) {
   "expression": "1"
}
[6.480][DEBUG]: DEVTOOLS RESPONSE Runtime.evaluate (id=33) {
   "result": {
      "description": "1",
      "type": "number",
      "value": 1
   }
}
[6.480][INFO]: Done waiting for pending navigations. Status: ok
[6.480][INFO]: RESPONSE IsElementDisplayed true
[6.485][INFO]: COMMAND ClearElement {
   "id": "0.4439630760208675-2"
}
[6.486][INFO]: Waiting for pending navigations...
[6.486][DEBUG]: DEVTOOLS COMMAND Runtime.evaluate (id=34) {
   "expression": "1"
}
[6.486][DEBUG]: DEVTOOLS RESPONSE Runtime.evaluate (id=34) {
   "result": {
      "description": "1",
      "type": "number",
      "value": 1
   }
}
[6.486][INFO]: Done waiting for pending navigations. Status: ok
[6.488][DEBUG]: DEVTOOLS COMMAND Runtime.evaluate (id=35) {
   "expression": "(function() { // Copyright (c) 2012 The Chromium Authors. All rights reserved.\n// Use of this source code is governed by a BSD-style license that can be\n// found in the LICENSE file.\n\n/**\n * Enum f...",
   "returnByValue": true
}
[6.511][DEBUG]: DEVTOOLS RESPONSE Runtime.evaluate (id=35) {
   "result": {
      "type": "object",
      "value": {
         "status": 0,
         "value": null
      }
   }
}
[6.511][INFO]: Waiting for pending navigations...
[6.512][DEBUG]: DEVTOOLS COMMAND Runtime.evaluate (id=36) {
   "expression": "1"
}
[6.515][DEBUG]: DEVTOOLS RESPONSE Runtime.evaluate (id=36) {
   "result": {
      "description": "1",
      "type": "number",
      "value": 1
   }
}
[6.515][INFO]: Done waiting for pending navigations. Status: ok
[6.515][INFO]: RESPONSE ClearElement
[6.521][INFO]: COMMAND TypeElement {
   "id": "0.4439630760208675-2",
   "text": "12345",
   "value": [ "1", "2", "3", "4", "5" ]
}
[6.521][INFO]: Waiting for pending navigations...
[6.522][DEBUG]: DEVTOOLS COMMAND Runtime.evaluate (id=37) {
   "expression": "1"
}
[6.522][DEBUG]: DEVTOOLS RESPONSE Runtime.evaluate (id=37) {
   "result": {
      "description": "1",
      "type": "number",
      "value": 1
   }
}
[6.522][INFO]: Done waiting for pending navigations. Status: ok
[6.523][DEBUG]: DEVTOOLS COMMAND Runtime.evaluate (id=38) {
   "expression": "(function() { // Copyright (c) 2012 The Chromium Authors. All rights reserved.\n// Use of this source code is governed by a BSD-style license that can be\n// found in the LICENSE file.\n\n/**\n * Enum f...",
   "returnByValue": true
}
[6.536][DEBUG]: DEVTOOLS RESPONSE Runtime.evaluate (id=38) {
   "result": {
      "type": "object",
      "value": {
         "status": 0,
         "value": "TEXTAREA"
      }
   }
}
[6.537][DEBUG]: DEVTOOLS COMMAND Runtime.evaluate (id=39) {
   "expression": "(function() { // Copyright (c) 2012 The Chromium Authors. All rights reserved.\n// Use of this source code is governed by a BSD-style license that can be\n// found in the LICENSE file.\n\n/**\n * Enum f...",
   "returnByValue": true
}
[6.541][DEBUG]: DEVTOOLS RESPONSE Runtime.evaluate (id=39) {
   "result": {
      "type": "object",
      "value": {
         "status": 0,
         "value": "textarea"
      }
   }
}
[6.544][DEBUG]: DEVTOOLS COMMAND Runtime.evaluate (id=40) {
   "expression": "(function() { // Copyright (c) 2012 The Chromium Authors. All rights reserved.\n// Use of this source code is governed by a BSD-style license that can be\n// found in the LICENSE file.\n\n/**\n * Enum f...",
   "returnByValue": true
}
[6.581][DEBUG]: DEVTOOLS RESPONSE Runtime.evaluate (id=40) {
   "result": {
      "type": "object",
      "value": {
         "status": 0,
         "value": true
      }
   }
}
[6.583][DEBUG]: DEVTOOLS COMMAND Runtime.evaluate (id=41) {
   "expression": "(function() { // Copyright (c) 2012 The Chromium Authors. All rights reserved.\n// Use of this source code is governed by a BSD-style license that can be\n// found in the LICENSE file.\n\n/**\n * Enum f...",
   "returnByValue": true
}
[6.584][DEBUG]: DEVTOOLS EVENT Page.lifecycleEvent {
   "frameId": "(D30A17061D8DFBB61F74EDD981705A47)",
   "name": "firstMeaningfulPaint",
   "timestamp": 1955.723713
}
[6.590][DEBUG]: DEVTOOLS RESPONSE Runtime.evaluate (id=41) {
   "result": {
      "type": "object",
      "value": {
         "status": 0,
         "value": true
      }
   }
}
[6.595][DEBUG]: DEVTOOLS COMMAND Runtime.evaluate (id=42) {
   "expression": "(function() { // Copyright (c) 2012 The Chromium Authors. All rights reserved.\n// Use of this source code is governed by a BSD-style license that can be\n// found in the LICENSE file.\n\n/**\n * Enum f...",
   "returnByValue": true
}
[6.601][DEBUG]: DEVTOOLS RESPONSE Runtime.evaluate (id=42) {
   "result": {
      "type": "object",
      "value": {
         "status": 0,
         "value": null
      }
   }
}
[6.602][DEBUG]: DEVTOOLS COMMAND Input.dispatchKeyEvent (id=43) {
   "code": "Digit1",
   "key": "1",
   "modifiers": 0,
   "text": "1",
   "type": "rawKeyDown",
   "unmodifiedText": "1",
   "windowsVirtualKeyCode": 49
}
[6.607][DEBUG]: DEVTOOLS RESPONSE Input.dispatchKeyEvent (id=43) {

}
[6.607][DEBUG]: DEVTOOLS COMMAND Input.dispatchKeyEvent (id=44) {
   "code": "Digit1",
   "key": "1",
   "modifiers": 0,
   "text": "1",
   "type": "char",
   "unmodifiedText": "1",
   "windowsVirtualKeyCode": 49
}
[6.620][DEBUG]: DEVTOOLS RESPONSE Input.dispatchKeyEvent (id=44) {

}
[6.620][DEBUG]: DEVTOOLS COMMAND Input.dispatchKeyEvent (id=45) {
   "code": "Digit1",
   "key": "1",
   "modifiers": 0,
   "text": "1",
   "type": "keyUp",
   "unmodifiedText": "1",
   "windowsVirtualKeyCode": 49
}
[6.640][DEBUG]: DEVTOOLS RESPONSE Input.dispatchKeyEvent (id=45) {

}
[6.640][DEBUG]: DEVTOOLS COMMAND Input.dispatchKeyEvent (id=46) {
   "code": "Digit2",
   "key": "2",
   "modifiers": 0,
   "text": "2",
   "type": "rawKeyDown",
   "unmodifiedText": "2",
   "windowsVirtualKeyCode": 50
}
[6.640][DEBUG]: DEVTOOLS EVENT DOM.childNodeCountUpdated {
   "childNodeCount": 33,
   "nodeId": 21
}
[6.642][DEBUG]: DEVTOOLS RESPONSE Input.dispatchKeyEvent (id=46) {

}
[6.642][DEBUG]: DEVTOOLS COMMAND Input.dispatchKeyEvent (id=47) {
   "code": "Digit2",
   "key": "2",
   "modifiers": 0,
   "text": "2",
   "type": "char",
   "unmodifiedText": "2",
   "windowsVirtualKeyCode": 50
}
[6.658][DEBUG]: DEVTOOLS RESPONSE Input.dispatchKeyEvent (id=47) {

}
[6.658][DEBUG]: DEVTOOLS COMMAND Input.dispatchKeyEvent (id=48) {
   "code": "Digit2",
   "key": "2",
   "modifiers": 0,
   "text": "2",
   "type": "keyUp",
   "unmodifiedText": "2",
   "windowsVirtualKeyCode": 50
}
[6.661][DEBUG]: DEVTOOLS EVENT DOM.childNodeCountUpdated {
   "childNodeCount": 32,
   "nodeId": 21
}
[6.663][DEBUG]: DEVTOOLS RESPONSE Input.dispatchKeyEvent (id=48) {

}
[6.663][DEBUG]: DEVTOOLS COMMAND Input.dispatchKeyEvent (id=49) {
   "code": "Digit3",
   "key": "3",
   "modifiers": 0,
   "text": "3",
   "type": "rawKeyDown",
   "unmodifiedText": "3",
   "windowsVirtualKeyCode": 51
}
[6.665][DEBUG]: DEVTOOLS RESPONSE Input.dispatchKeyEvent (id=49) {

}
[6.665][DEBUG]: DEVTOOLS COMMAND Input.dispatchKeyEvent (id=50) {
   "code": "Digit3",
   "key": "3",
   "modifiers": 0,
   "text": "3",
   "type": "char",
   "unmodifiedText": "3",
   "windowsVirtualKeyCode": 51
}
[6.683][DEBUG]: DEVTOOLS RESPONSE Input.dispatchKeyEvent (id=50) {

}
[6.683][DEBUG]: DEVTOOLS COMMAND Input.dispatchKeyEvent (id=51) {
   "code": "Digit3",
   "key": "3",
   "modifiers": 0,
   "text": "3",
   "type": "keyUp",
   "unmodifiedText": "3",
   "windowsVirtualKeyCode": 51
}
[6.685][DEBUG]: DEVTOOLS RESPONSE Input.dispatchKeyEvent (id=51) {

}
[6.685][DEBUG]: DEVTOOLS COMMAND Input.dispatchKeyEvent (id=52) {
   "code": "Digit4",
   "key": "4",
   "modifiers": 0,
   "text": "4",
   "type": "rawKeyDown",
   "unmodifiedText": "4",
   "windowsVirtualKeyCode": 52
}
[6.688][DEBUG]: DEVTOOLS RESPONSE Input.dispatchKeyEvent (id=52) {

}
[6.688][DEBUG]: DEVTOOLS COMMAND Input.dispatchKeyEvent (id=53) {
   "code": "Digit4",
   "key": "4",
   "modifiers": 0,
   "text": "4",
   "type": "char",
   "unmodifiedText": "4",
   "windowsVirtualKeyCode": 52
}
[6.702][DEBUG]: DEVTOOLS RESPONSE Input.dispatchKeyEvent (id=53) {

}
[6.702][DEBUG]: DEVTOOLS COMMAND Input.dispatchKeyEvent (id=54) {
   "code": "Digit4",
   "key": "4",
   "modifiers": 0,
   "text": "4",
   "type": "keyUp",
   "unmodifiedText": "4",
   "windowsVirtualKeyCode": 52
}
[6.704][DEBUG]: DEVTOOLS RESPONSE Input.dispatchKeyEvent (id=54) {

}
[6.704][DEBUG]: DEVTOOLS COMMAND Input.dispatchKeyEvent (id=55) {
   "code": "Digit5",
   "key": "5",
   "modifiers": 0,
   "text": "5",
   "type": "rawKeyDown",
   "unmodifiedText": "5",
   "windowsVirtualKeyCode": 53
}
[6.706][DEBUG]: DEVTOOLS RESPONSE Input.dispatchKeyEvent (id=55) {

}
[6.706][DEBUG]: DEVTOOLS COMMAND Input.dispatchKeyEvent (id=56) {
   "code": "Digit5",
   "key": "5",
   "modifiers": 0,
   "text": "5",
   "type": "char",
   "unmodifiedText": "5",
   "windowsVirtualKeyCode": 53
}
[6.717][DEBUG]: DEVTOOLS RESPONSE Input.dispatchKeyEvent (id=56) {

}
[6.717][DEBUG]: DEVTOOLS COMMAND Input.dispatchKeyEvent (id=57) {
   "code": "Digit5",
   "key": "5",
   "modifiers": 0,
   "text": "5",
   "type": "keyUp",
   "unmodifiedText": "5",
   "windowsVirtualKeyCode": 53
}
[6.718][DEBUG]: DEVTOOLS RESPONSE Input.dispatchKeyEvent (id=57) {

}
[6.718][INFO]: Waiting for pending navigations...
[6.718][DEBUG]: DEVTOOLS COMMAND Runtime.evaluate (id=58) {
   "expression": "1"
}
[6.719][DEBUG]: DEVTOOLS RESPONSE Runtime.evaluate (id=58) {
   "result": {
      "description": "1",
      "type": "number",
      "value": 1
   }
}
[6.719][INFO]: Done waiting for pending navigations. Status: ok
[6.719][INFO]: RESPONSE TypeElement
[6.741][INFO]: COMMAND Screenshot {

}
[6.742][INFO]: Waiting for pending navigations...
[6.742][DEBUG]: DEVTOOLS COMMAND Runtime.evaluate (id=59) {
   "expression": "1"
}
[6.742][DEBUG]: DEVTOOLS RESPONSE Runtime.evaluate (id=59) {
   "result": {
      "description": "1",
      "type": "number",
      "value": 1
   }
}
[6.742][INFO]: Done waiting for pending navigations. Status: ok
[6.742][DEBUG]: DevTools request: http://localhost:12028/json/activate/(D30A17061D8DFBB61F74EDD981705A47)
[6.743][DEBUG]: DevTools response: Target activated
[6.743][DEBUG]: DEVTOOLS COMMAND Page.captureScreenshot (id=60) {

}
[6.961][DEBUG]: DEVTOOLS RESPONSE Page.captureScreenshot (id=60) {
   "data": "iVBORw0KGgoAAAANSUhEUgAABVYAAAO+CAYAAADv/k7HAAAgAElEQVR4nOzdeXxU1d3H8e9s2Vf2VQmb7IsIqGAFtFRALCBValFE61qVulQfURBbtRW38mgFLIiiKGJZJCCPKMSFNSIY2SkQhBBCCCHbQLaZ+/wRM2SyzoQkMyGfty9e5t577jm/c2eSOfnl3HNNm..."
}
[6.961][INFO]: Waiting for pending navigations...
[6.961][DEBUG]: DEVTOOLS COMMAND Runtime.evaluate (id=61) {
   "expression": "1"
}
[6.963][DEBUG]: DEVTOOLS EVENT DOM.childNodeCountUpdated {
   "childNodeCount": 33,
   "nodeId": 21
}
[6.963][DEBUG]: DEVTOOLS EVENT DOM.childNodeCountUpdated {
   "childNodeCount": 32,
   "nodeId": 21
}
[6.972][DEBUG]: DEVTOOLS RESPONSE Runtime.evaluate (id=61) {
   "result": {
      "description": "1",
      "type": "number",
      "value": 1
   }
}
[6.972][INFO]: Done waiting for pending navigations. Status: ok
[6.972][INFO]: RESPONSE Screenshot "iVBORw0KGgoAAAANSUhEUgAABVYAAAO+CAYAAADv/k7HAAAgAElEQVR4nOzdeXxU1d3H8e9s2Vf2VQmb7IsIqGAFtFRALCBValFE61qVulQfURBbtRW38mgFLIiiKGJZJCCPKMSFNSIY2SkQhBBCCCHbQLaZ+/wRM2SyzoQkMyGfty9e5t577jm/c2eSOfnl3HNNm..."
[7.292][INFO]: COMMAND Navigate {
   "url": "https://translate.google.com/#en/es/Librarian,"
}
[7.292][INFO]: Waiting for pending navigations...
[7.292][DEBUG]: DEVTOOLS COMMAND Runtime.evaluate (id=62) {
   "expression": "1"
}
[7.293][DEBUG]: DEVTOOLS RESPONSE Runtime.evaluate (id=62) {
   "result": {
      "description": "1",
      "type": "number",
      "value": 1
   }
}
[7.293][INFO]: Done waiting for pending navigations. Status: ok
[7.293][DEBUG]: DEVTOOLS COMMAND Page.navigate (id=63) {
   "url": "https://translate.google.com/#en/es/Librarian,"
}
[7.332][DEBUG]: DEVTOOLS RESPONSE Page.navigate (id=63) {
   "frameId": "(D30A17061D8DFBB61F74EDD981705A47)"
}
[7.332][DEBUG]: DEVTOOLS COMMAND Runtime.evaluate (id=64) {
   "expression": "document.URL"
}
[7.388][DEBUG]: DEVTOOLS RESPONSE Runtime.evaluate (id=64) {
   "result": {
      "type": "string",
      "value": "https://translate.google.com/#en/es/Librarian%2C"
   }
}
[7.388][INFO]: Waiting for pending navigations...
[7.388][DEBUG]: DEVTOOLS COMMAND Runtime.evaluate (id=65) {
   "expression": "1"
}
[7.402][DEBUG]: DEVTOOLS RESPONSE Runtime.evaluate (id=65) {
   "result": {
      "description": "1",
      "type": "number",
      "value": 1
   }
}
[7.402][DEBUG]: DEVTOOLS COMMAND DOM.getDocument (id=66) {

}
[7.425][DEBUG]: DEVTOOLS RESPONSE DOM.getDocument (id=66) {
   "root": {
      "backendNodeId": 10,
      "baseURL": "https://translate.google.com/#en/es/Librarian%2C",
      "childNodeCount": 2,
      "children": [ {
         "backendNodeId": 11,
         "localName": "",
         "nodeId": 24,
         "nodeName": "html",
         "nodeType": 10,
         "nodeValue": "",
         "parentId": 23,
         "publicId": "",
         "systemId": ""
      }, {
         "attributes": [  ],
         "backendNodeId": 12,
         "childNodeCount": 2,
         "children": [ {
            "attributes": [  ],
            "backendNodeId": 13,
            "childNodeCount": 32,
            "localName": "head",
            "nodeId": 26,
            "nodeName": "HEAD",
            "nodeType": 1,
            "nodeValue": "",
            "parentId": 25
         }, {
            "attributes": [ "dir", "ltr", "onload", "window.jstiming.load['tick']('ol');", "class", "e_md pre-epu" ],
            "backendNodeId": 14,
            "childNodeCount": 21,
            "localName": "body",
            "nodeId": 27,
            "nodeName": "BODY",
            "nodeType": 1,
            "nodeValue": "",
            "parentId": 25
         } ],
         "frameId": "(D30A17061D8DFBB61F74EDD981705A47)",
         "localName": "html",
         "nodeId": 25,
         "nodeName": "HTML",
         "nodeType": 1,
         "nodeValue": "",
         "parentId": 23
      } ],
      "documentURL": "https://translate.google.com/#en/es/Librarian%2C",
      "localName": "",
      "nodeId": 23,
      "nodeName": "#document",
      "nodeType": 9,
      "nodeValue": "",
      "xmlVersion": ""
   }
}
[7.426][DEBUG]: DEVTOOLS COMMAND Runtime.evaluate (id=67) {
   "expression": "var isLoaded = document.readyState == 'complete' ||    document.readyState == 'interactive';if (isLoaded) {  var frame = document.createElement('iframe');  frame.name = 'chromedriver dummy frame'; ..."
}
[7.452][DEBUG]: DEVTOOLS EVENT DOM.childNodeCountUpdated {
   "childNodeCount": 22,
   "nodeId": 27
}
[7.453][DEBUG]: DEVTOOLS EVENT Page.frameAttached {
   "frameId": "(D086E0B97A3724AB11FA12686C084E26)",
   "parentFrameId": "(D30A17061D8DFBB61F74EDD981705A47)",
   "stack": {
      "callFrames": [ {
         "columnNumber": 240,
         "functionName": "",
         "lineNumber": 0,
         "scriptId": "81",
         "url": ""
      } ]
   }
}
[7.453][DEBUG]: DEVTOOLS EVENT Page.lifecycleEvent {
   "frameId": "(D086E0B97A3724AB11FA12686C084E26)",
   "name": "DOMContentLoaded",
   "timestamp": 1956.903534
}
[7.453][DEBUG]: DEVTOOLS EVENT Page.frameStartedLoading {
   "frameId": "(D086E0B97A3724AB11FA12686C084E26)"
}
[7.454][DEBUG]: DEVTOOLS EVENT Page.lifecycleEvent {
   "frameId": "(D086E0B97A3724AB11FA12686C084E26)",
   "name": "commit",
   "timestamp": 1956.907054
}
[7.454][DEBUG]: DEVTOOLS EVENT Page.frameNavigated {
   "frame": {
      "id": "(D086E0B97A3724AB11FA12686C084E26)",
      "loaderId": "258.3",
      "mimeType": "text/html",
      "name": "chromedriver dummy frame",
      "parentId": "(D30A17061D8DFBB61F74EDD981705A47)",
      "securityOrigin": "://",
      "url": "about:blank"
   }
}
[7.454][DEBUG]: DEVTOOLS EVENT Runtime.executionContextCreated {
   "context": {
      "auxData": {
         "frameId": "(D086E0B97A3724AB11FA12686C084E26)",
         "isDefault": true
      },
      "id": 4,
      "name": "",
      "origin": "https://translate.google.com"
   }
}
[7.455][DEBUG]: DEVTOOLS EVENT Page.lifecycleEvent {
   "frameId": "(D086E0B97A3724AB11FA12686C084E26)",
   "name": "load",
   "timestamp": 1956.914421
}
[7.455][DEBUG]: DEVTOOLS EVENT Page.frameStoppedLoading {
   "frameId": "(D086E0B97A3724AB11FA12686C084E26)"
}
[7.455][DEBUG]: DEVTOOLS EVENT Page.lifecycleEvent {
   "frameId": "(D086E0B97A3724AB11FA12686C084E26)",
   "name": "DOMContentLoaded",
   "timestamp": 1956.920957
}
[7.456][DEBUG]: DEVTOOLS RESPONSE Runtime.evaluate (id=67) {
   "result": {
      "description": "59",
      "type": "number",
      "value": 59
   }
}
[7.456][INFO]: Done waiting for pending navigations. Status: ok
[7.456][INFO]: RESPONSE Navigate
[7.519][INFO]: COMMAND FindElements {
   "using": "css selector",
   "value": "#gt-src-c"
}
[7.519][DEBUG]: DEVTOOLS EVENT DOM.childNodeCountUpdated {
   "childNodeCount": 21,
   "nodeId": 27
}
[7.519][DEBUG]: DEVTOOLS EVENT Runtime.executionContextDestroyed {
   "executionContextId": 4
}
[7.519][DEBUG]: DEVTOOLS EVENT Page.frameDetached {
   "frameId": "(D086E0B97A3724AB11FA12686C084E26)"
}
[7.519][INFO]: Waiting for pending navigations...
[7.519][DEBUG]: DEVTOOLS COMMAND Runtime.evaluate (id=68) {
   "expression": "1"
}
[7.520][DEBUG]: DEVTOOLS RESPONSE Runtime.evaluate (id=68) {
   "result": {
      "description": "1",
      "type": "number",
      "value": 1
   }
}
[7.520][INFO]: Done waiting for pending navigations. Status: ok
[7.523][DEBUG]: DEVTOOLS COMMAND Runtime.evaluate (id=69) {
   "expression": "(function() { // Copyright (c) 2012 The Chromium Authors. All rights reserved.\n// Use of this source code is governed by a BSD-style license that can be\n// found in the LICENSE file.\n\n/**\n * Enum f...",
   "returnByValue": true
}
[7.533][DEBUG]: DEVTOOLS RESPONSE Runtime.evaluate (id=69) {
   "result": {
      "type": "object",
      "value": {
         "status": 0,
         "value": [ {
            "ELEMENT": "0.4439630760208675-1"
         } ]
      }
   }
}
[7.533][INFO]: Waiting for pending navigations...
[7.533][DEBUG]: DEVTOOLS COMMAND Runtime.evaluate (id=70) {
   "expression": "1"
}
[7.534][DEBUG]: DEVTOOLS RESPONSE Runtime.evaluate (id=70) {
   "result": {
      "description": "1",
      "type": "number",
      "value": 1
   }
}
[7.534][INFO]: Done waiting for pending navigations. Status: ok
[7.534][INFO]: RESPONSE FindElements [ {
   "ELEMENT": "0.4439630760208675-1"
} ]
[7.539][INFO]: COMMAND IsElementDisplayed {
   "id": "0.4439630760208675-1"
}
[7.539][INFO]: Waiting for pending navigations...
[7.540][DEBUG]: DEVTOOLS COMMAND Runtime.evaluate (id=71) {
   "expression": "1"
}
[7.540][DEBUG]: DEVTOOLS RESPONSE Runtime.evaluate (id=71) {
   "result": {
      "description": "1",
      "type": "number",
      "value": 1
   }
}
[7.540][INFO]: Done waiting for pending navigations. Status: ok
[7.543][DEBUG]: DEVTOOLS COMMAND Runtime.evaluate (id=72) {
   "expression": "(function() { // Copyright (c) 2012 The Chromium Authors. All rights reserved.\n// Use of this source code is governed by a BSD-style license that can be\n// found in the LICENSE file.\n\n/**\n * Enum f...",
   "returnByValue": true
}
[7.553][DEBUG]: DEVTOOLS RESPONSE Runtime.evaluate (id=72) {
   "result": {
      "type": "object",
      "value": {
         "status": 0,
         "value": true
      }
   }
}
[7.553][INFO]: Waiting for pending navigations...
[7.553][DEBUG]: DEVTOOLS COMMAND Runtime.evaluate (id=73) {
   "expression": "1"
}
[7.554][DEBUG]: DEVTOOLS RESPONSE Runtime.evaluate (id=73) {
   "result": {
      "description": "1",
      "type": "number",
      "value": 1
   }
}
[7.554][INFO]: Done waiting for pending navigations. Status: ok
[7.554][INFO]: RESPONSE IsElementDisplayed true
[7.557][INFO]: COMMAND FindChildElements {
   "id": "0.4439630760208675-1",
   "using": "css selector",
   "value": "textarea#source"
}
[7.557][INFO]: Waiting for pending navigations...
[7.557][DEBUG]: DEVTOOLS COMMAND Runtime.evaluate (id=74) {
   "expression": "1"
}
[7.558][DEBUG]: DEVTOOLS RESPONSE Runtime.evaluate (id=74) {
   "result": {
      "description": "1",
      "type": "number",
      "value": 1
   }
}
[7.558][INFO]: Done waiting for pending navigations. Status: ok
[7.560][DEBUG]: DEVTOOLS COMMAND Runtime.evaluate (id=75) {
   "expression": "(function() { // Copyright (c) 2012 The Chromium Authors. All rights reserved.\n// Use of this source code is governed by a BSD-style license that can be\n// found in the LICENSE file.\n\n/**\n * Enum f...",
   "returnByValue": true
}
[7.571][DEBUG]: DEVTOOLS RESPONSE Runtime.evaluate (id=75) {
   "result": {
      "type": "object",
      "value": {
         "status": 0,
         "value": [ {
            "ELEMENT": "0.4439630760208675-2"
         } ]
      }
   }
}
[7.571][INFO]: Waiting for pending navigations...
[7.571][DEBUG]: DEVTOOLS COMMAND Runtime.evaluate (id=76) {
   "expression": "1"
}
[7.572][DEBUG]: DEVTOOLS RESPONSE Runtime.evaluate (id=76) {
   "result": {
      "description": "1",
      "type": "number",
      "value": 1
   }
}
[7.572][INFO]: Done waiting for pending navigations. Status: ok
[7.572][INFO]: RESPONSE FindChildElements [ {
   "ELEMENT": "0.4439630760208675-2"
} ]
[7.576][INFO]: COMMAND IsElementDisplayed {
   "id": "0.4439630760208675-2"
}
[7.576][INFO]: Waiting for pending navigations...
[7.576][DEBUG]: DEVTOOLS COMMAND Runtime.evaluate (id=77) {
   "expression": "1"
}
[7.577][DEBUG]: DEVTOOLS RESPONSE Runtime.evaluate (id=77) {
   "result": {
      "description": "1",
      "type": "number",
      "value": 1
   }
}
[7.577][INFO]: Done waiting for pending navigations. Status: ok
[7.579][DEBUG]: DEVTOOLS COMMAND Runtime.evaluate (id=78) {
   "expression": "(function() { // Copyright (c) 2012 The Chromium Authors. All rights reserved.\n// Use of this source code is governed by a BSD-style license that can be\n// found in the LICENSE file.\n\n/**\n * Enum f...",
   "returnByValue": true
}
[7.586][DEBUG]: DEVTOOLS RESPONSE Runtime.evaluate (id=78) {
   "result": {
      "type": "object",
      "value": {
         "status": 0,
         "value": true
      }
   }
}
[7.586][INFO]: Waiting for pending navigations...
[7.586][DEBUG]: DEVTOOLS COMMAND Runtime.evaluate (id=79) {
   "expression": "1"
}
[7.591][DEBUG]: DEVTOOLS RESPONSE Runtime.evaluate (id=79) {
   "result": {
      "description": "1",
      "type": "number",
      "value": 1
   }
}
[7.592][INFO]: Done waiting for pending navigations. Status: ok
[7.592][INFO]: RESPONSE IsElementDisplayed true
[7.596][INFO]: COMMAND ClearElement {
   "id": "0.4439630760208675-2"
}
[7.596][INFO]: Waiting for pending navigations...
[7.596][DEBUG]: DEVTOOLS COMMAND Runtime.evaluate (id=80) {
   "expression": "1"
}
[7.596][DEBUG]: DEVTOOLS RESPONSE Runtime.evaluate (id=80) {
   "result": {
      "description": "1",
      "type": "number",
      "value": 1
   }
}
[7.596][INFO]: Done waiting for pending navigations. Status: ok
[7.599][DEBUG]: DEVTOOLS COMMAND Runtime.evaluate (id=81) {
   "expression": "(function() { // Copyright (c) 2012 The Chromium Authors. All rights reserved.\n// Use of this source code is governed by a BSD-style license that can be\n// found in the LICENSE file.\n\n/**\n * Enum f...",
   "returnByValue": true
}
[7.612][DEBUG]: DEVTOOLS RESPONSE Runtime.evaluate (id=81) {
   "result": {
      "type": "object",
      "value": {
         "status": 0,
         "value": null
      }
   }
}
[7.612][INFO]: Waiting for pending navigations...
[7.612][DEBUG]: DEVTOOLS COMMAND Runtime.evaluate (id=82) {
   "expression": "1"
}
[7.618][DEBUG]: DEVTOOLS RESPONSE Runtime.evaluate (id=82) {
   "result": {
      "description": "1",
      "type": "number",
      "value": 1
   }
}
[7.618][INFO]: Done waiting for pending navigations. Status: ok
[7.618][INFO]: RESPONSE ClearElement
[7.622][INFO]: COMMAND TypeElement {
   "id": "0.4439630760208675-2",
   "text": "12345",
   "value": [ "1", "2", "3", "4", "5" ]
}
[7.622][INFO]: Waiting for pending navigations...
[7.622][DEBUG]: DEVTOOLS COMMAND Runtime.evaluate (id=83) {
   "expression": "1"
}
[7.623][DEBUG]: DEVTOOLS RESPONSE Runtime.evaluate (id=83) {
   "result": {
      "description": "1",
      "type": "number",
      "value": 1
   }
}
[7.623][INFO]: Done waiting for pending navigations. Status: ok
[7.623][DEBUG]: DEVTOOLS COMMAND Runtime.evaluate (id=84) {
   "expression": "(function() { // Copyright (c) 2012 The Chromium Authors. All rights reserved.\n// Use of this source code is governed by a BSD-style license that can be\n// found in the LICENSE file.\n\n/**\n * Enum f...",
   "returnByValue": true
}
[7.631][DEBUG]: DEVTOOLS RESPONSE Runtime.evaluate (id=84) {
   "result": {
      "type": "object",
      "value": {
         "status": 0,
         "value": "TEXTAREA"
      }
   }
}
[7.635][DEBUG]: DEVTOOLS COMMAND Runtime.evaluate (id=85) {
   "expression": "(function() { // Copyright (c) 2012 The Chromium Authors. All rights reserved.\n// Use of this source code is governed by a BSD-style license that can be\n// found in the LICENSE file.\n\n/**\n * Enum f...",
   "returnByValue": true
}
[7.637][DEBUG]: DEVTOOLS RESPONSE Runtime.evaluate (id=85) {
   "result": {
      "type": "object",
      "value": {
         "status": 0,
         "value": "textarea"
      }
   }
}
[7.639][DEBUG]: DEVTOOLS COMMAND Runtime.evaluate (id=86) {
   "expression": "(function() { // Copyright (c) 2012 The Chromium Authors. All rights reserved.\n// Use of this source code is governed by a BSD-style license that can be\n// found in the LICENSE file.\n\n/**\n * Enum f...",
   "returnByValue": true
}
[7.645][DEBUG]: DEVTOOLS RESPONSE Runtime.evaluate (id=86) {
   "result": {
      "type": "object",
      "value": {
         "status": 0,
         "value": true
      }
   }
}
[7.646][DEBUG]: DEVTOOLS COMMAND Runtime.evaluate (id=87) {
   "expression": "(function() { // Copyright (c) 2012 The Chromium Authors. All rights reserved.\n// Use of this source code is governed by a BSD-style license that can be\n// found in the LICENSE file.\n\n/**\n * Enum f...",
   "returnByValue": true
}
[7.662][DEBUG]: DEVTOOLS RESPONSE Runtime.evaluate (id=87) {
   "result": {
      "type": "object",
      "value": {
         "status": 0,
         "value": true
      }
   }
}
[7.662][DEBUG]: DEVTOOLS COMMAND Runtime.evaluate (id=88) {
   "expression": "(function() { // Copyright (c) 2012 The Chromium Authors. All rights reserved.\n// Use of this source code is governed by a BSD-style license that can be\n// found in the LICENSE file.\n\n/**\n * Enum f...",
   "returnByValue": true
}
[7.664][DEBUG]: DEVTOOLS RESPONSE Runtime.evaluate (id=88) {
   "result": {
      "type": "object",
      "value": {
         "status": 0,
         "value": null
      }
   }
}
[7.664][DEBUG]: DEVTOOLS COMMAND Input.dispatchKeyEvent (id=89) {
   "code": "Digit1",
   "key": "1",
   "modifiers": 0,
   "text": "1",
   "type": "rawKeyDown",
   "unmodifiedText": "1",
   "windowsVirtualKeyCode": 49
}
[7.665][DEBUG]: DEVTOOLS RESPONSE Input.dispatchKeyEvent (id=89) {

}
[7.665][DEBUG]: DEVTOOLS COMMAND Input.dispatchKeyEvent (id=90) {
   "code": "Digit1",
   "key": "1",
   "modifiers": 0,
   "text": "1",
   "type": "char",
   "unmodifiedText": "1",
   "windowsVirtualKeyCode": 49
}
[7.667][DEBUG]: DEVTOOLS RESPONSE Input.dispatchKeyEvent (id=90) {

}
[7.667][DEBUG]: DEVTOOLS COMMAND Input.dispatchKeyEvent (id=91) {
   "code": "Digit1",
   "key": "1",
   "modifiers": 0,
   "text": "1",
   "type": "keyUp",
   "unmodifiedText": "1",
   "windowsVirtualKeyCode": 49
}
[7.680][DEBUG]: DEVTOOLS RESPONSE Input.dispatchKeyEvent (id=91) {

}
[7.680][DEBUG]: DEVTOOLS COMMAND Input.dispatchKeyEvent (id=92) {
   "code": "Digit2",
   "key": "2",
   "modifiers": 0,
   "text": "2",
   "type": "rawKeyDown",
   "unmodifiedText": "2",
   "windowsVirtualKeyCode": 50
}
[7.681][DEBUG]: DEVTOOLS EVENT DOM.childNodeCountUpdated {
   "childNodeCount": 33,
   "nodeId": 26
}
[7.681][DEBUG]: DEVTOOLS RESPONSE Input.dispatchKeyEvent (id=92) {

}
[7.681][DEBUG]: DEVTOOLS COMMAND Input.dispatchKeyEvent (id=93) {
   "code": "Digit2",
   "key": "2",
   "modifiers": 0,
   "text": "2",
   "type": "char",
   "unmodifiedText": "2",
   "windowsVirtualKeyCode": 50
}
[7.683][DEBUG]: DEVTOOLS RESPONSE Input.dispatchKeyEvent (id=93) {

}
[7.683][DEBUG]: DEVTOOLS COMMAND Input.dispatchKeyEvent (id=94) {
   "code": "Digit2",
   "key": "2",
   "modifiers": 0,
   "text": "2",
   "type": "keyUp",
   "unmodifiedText": "2",
   "windowsVirtualKeyCode": 50
}
[7.696][DEBUG]: DEVTOOLS RESPONSE Input.dispatchKeyEvent (id=94) {

}
[7.696][DEBUG]: DEVTOOLS COMMAND Input.dispatchKeyEvent (id=95) {
   "code": "Digit3",
   "key": "3",
   "modifiers": 0,
   "text": "3",
   "type": "rawKeyDown",
   "unmodifiedText": "3",
   "windowsVirtualKeyCode": 51
}
[7.696][DEBUG]: DEVTOOLS EVENT DOM.childNodeCountUpdated {
   "childNodeCount": 32,
   "nodeId": 26
}
[7.697][DEBUG]: DEVTOOLS RESPONSE Input.dispatchKeyEvent (id=95) {

}
[7.697][DEBUG]: DEVTOOLS COMMAND Input.dispatchKeyEvent (id=96) {
   "code": "Digit3",
   "key": "3",
   "modifiers": 0,
   "text": "3",
   "type": "char",
   "unmodifiedText": "3",
   "windowsVirtualKeyCode": 51
}
[7.699][DEBUG]: DEVTOOLS RESPONSE Input.dispatchKeyEvent (id=96) {

}
[7.699][DEBUG]: DEVTOOLS COMMAND Input.dispatchKeyEvent (id=97) {
   "code": "Digit3",
   "key": "3",
   "modifiers": 0,
   "text": "3",
   "type": "keyUp",
   "unmodifiedText": "3",
   "windowsVirtualKeyCode": 51
}
[7.701][DEBUG]: DEVTOOLS RESPONSE Input.dispatchKeyEvent (id=97) {

}
[7.701][DEBUG]: DEVTOOLS COMMAND Input.dispatchKeyEvent (id=98) {
   "code": "Digit4",
   "key": "4",
   "modifiers": 0,
   "text": "4",
   "type": "rawKeyDown",
   "unmodifiedText": "4",
   "windowsVirtualKeyCode": 52
}
[7.703][DEBUG]: DEVTOOLS RESPONSE Input.dispatchKeyEvent (id=98) {

}
[7.703][DEBUG]: DEVTOOLS COMMAND Input.dispatchKeyEvent (id=99) {
   "code": "Digit4",
   "key": "4",
   "modifiers": 0,
   "text": "4",
   "type": "char",
   "unmodifiedText": "4",
   "windowsVirtualKeyCode": 52
}
[7.711][DEBUG]: DEVTOOLS RESPONSE Input.dispatchKeyEvent (id=99) {

}
[7.711][DEBUG]: DEVTOOLS COMMAND Input.dispatchKeyEvent (id=100) {
   "code": "Digit4",
   "key": "4",
   "modifiers": 0,
   "text": "4",
   "type": "keyUp",
   "unmodifiedText": "4",
   "windowsVirtualKeyCode": 52
}
[7.717][DEBUG]: DEVTOOLS RESPONSE Input.dispatchKeyEvent (id=100) {

}
[7.717][DEBUG]: DEVTOOLS COMMAND Input.dispatchKeyEvent (id=101) {
   "code": "Digit5",
   "key": "5",
   "modifiers": 0,
   "text": "5",
   "type": "rawKeyDown",
   "unmodifiedText": "5",
   "windowsVirtualKeyCode": 53
}
[7.722][DEBUG]: DEVTOOLS RESPONSE Input.dispatchKeyEvent (id=101) {

}
[7.722][DEBUG]: DEVTOOLS COMMAND Input.dispatchKeyEvent (id=102) {
   "code": "Digit5",
   "key": "5",
   "modifiers": 0,
   "text": "5",
   "type": "char",
   "unmodifiedText": "5",
   "windowsVirtualKeyCode": 53
}
[7.724][DEBUG]: DEVTOOLS RESPONSE Input.dispatchKeyEvent (id=102) {

}
[7.724][DEBUG]: DEVTOOLS COMMAND Input.dispatchKeyEvent (id=103) {
   "code": "Digit5",
   "key": "5",
   "modifiers": 0,
   "text": "5",
   "type": "keyUp",
   "unmodifiedText": "5",
   "windowsVirtualKeyCode": 53
}
[7.734][DEBUG]: DEVTOOLS RESPONSE Input.dispatchKeyEvent (id=103) {

}
[7.734][INFO]: Waiting for pending navigations...
[7.734][DEBUG]: DEVTOOLS COMMAND Runtime.evaluate (id=104) {
   "expression": "1"
}
[7.737][DEBUG]: DEVTOOLS RESPONSE Runtime.evaluate (id=104) {
   "result": {
      "description": "1",
      "type": "number",
      "value": 1
   }
}
[7.737][INFO]: Done waiting for pending navigations. Status: ok
[7.737][INFO]: RESPONSE TypeElement
[7.756][INFO]: COMMAND Screenshot {

}
[7.756][INFO]: Waiting for pending navigations...
[7.756][DEBUG]: DEVTOOLS COMMAND Runtime.evaluate (id=105) {
   "expression": "1"
}
[7.757][DEBUG]: DEVTOOLS RESPONSE Runtime.evaluate (id=105) {
   "result": {
      "description": "1",
      "type": "number",
      "value": 1
   }
}
[7.757][INFO]: Done waiting for pending navigations. Status: ok
[7.757][DEBUG]: DevTools request: http://localhost:12028/json/activate/(D30A17061D8DFBB61F74EDD981705A47)
[7.757][DEBUG]: DevTools response: Target activated
[7.757][DEBUG]: DEVTOOLS COMMAND Page.captureScreenshot (id=106) {

}
[7.940][DEBUG]: DEVTOOLS RESPONSE Page.captureScreenshot (id=106) {
   "data": "iVBORw0KGgoAAAANSUhEUgAABVYAAAO+CAYAAADv/k7HAAAgAElEQVR4nOzdeXxU1d3H8e9s2Vf2VQmb7IsIqGAFtFRALCBValFE61qVulQfURBbtRW38mgFLIiiKGJZJCCPKMSFNSIY2SkQhBBCCCHbQLaZ+/wRM2SyzoQkMyGfty9e5t577jm/c2eSOfnl3HNNm..."
}
[7.941][INFO]: Waiting for pending navigations...
[7.941][DEBUG]: DEVTOOLS COMMAND Runtime.evaluate (id=107) {
   "expression": "1"
}
[7.951][DEBUG]: DEVTOOLS EVENT DOM.childNodeCountUpdated {
   "childNodeCount": 33,
   "nodeId": 26
}
[7.952][DEBUG]: DEVTOOLS EVENT DOM.childNodeCountUpdated {
   "childNodeCount": 32,
   "nodeId": 26
}
[7.957][DEBUG]: DEVTOOLS RESPONSE Runtime.evaluate (id=107) {
   "result": {
      "description": "1",
      "type": "number",
      "value": 1
   }
}
[7.957][INFO]: Done waiting for pending navigations. Status: ok
[7.957][INFO]: RESPONSE Screenshot "iVBORw0KGgoAAAANSUhEUgAABVYAAAO+CAYAAADv/k7HAAAgAElEQVR4nOzdeXxU1d3H8e9s2Vf2VQmb7IsIqGAFtFRALCBValFE61qVulQfURBbtRW38mgFLIiiKGJZJCCPKMSFNSIY2SkQhBBCCCHbQLaZ+/wRM2SyzoQkMyGfty9e5t577jm/c2eSOfnl3HNNm..."
[8.003][INFO]: COMMAND Navigate {
   "url": "https://translate.google.com/#en/es/Librarian,"
}
[8.003][INFO]: Waiting for pending navigations...
[8.003][DEBUG]: DEVTOOLS COMMAND Runtime.evaluate (id=108) {
   "expression": "1"
}
[8.004][DEBUG]: DEVTOOLS RESPONSE Runtime.evaluate (id=108) {
   "result": {
      "description": "1",
      "type": "number",
      "value": 1
   }
}
[8.004][INFO]: Done waiting for pending navigations. Status: ok
[8.004][DEBUG]: DEVTOOLS COMMAND Page.navigate (id=109) {
   "url": "https://translate.google.com/#en/es/Librarian,"
}
[8.036][DEBUG]: DEVTOOLS RESPONSE Page.navigate (id=109) {
   "frameId": "(D30A17061D8DFBB61F74EDD981705A47)"
}
[8.036][DEBUG]: DEVTOOLS COMMAND Runtime.evaluate (id=110) {
   "expression": "document.URL"
}
[8.056][DEBUG]: DEVTOOLS RESPONSE Runtime.evaluate (id=110) {
   "result": {
      "type": "string",
      "value": "https://translate.google.com/#en/es/Librarian%2C"
   }
}
[8.056][INFO]: Waiting for pending navigations...
[8.056][DEBUG]: DEVTOOLS COMMAND Runtime.evaluate (id=111) {
   "expression": "1"
}
[8.074][DEBUG]: DEVTOOLS RESPONSE Runtime.evaluate (id=111) {
   "result": {
      "description": "1",
      "type": "number",
      "value": 1
   }
}
[8.074][DEBUG]: DEVTOOLS COMMAND DOM.getDocument (id=112) {

}
[8.076][DEBUG]: DEVTOOLS RESPONSE DOM.getDocument (id=112) {
   "root": {
      "backendNodeId": 10,
      "baseURL": "https://translate.google.com/#en/es/Librarian%2C",
      "childNodeCount": 2,
      "children": [ {
         "backendNodeId": 11,
         "localName": "",
         "nodeId": 29,
         "nodeName": "html",
         "nodeType": 10,
         "nodeValue": "",
         "parentId": 28,
         "publicId": "",
         "systemId": ""
      }, {
         "attributes": [  ],
         "backendNodeId": 12,
         "childNodeCount": 2,
         "children": [ {
            "attributes": [  ],
            "backendNodeId": 13,
            "childNodeCount": 32,
            "localName": "head",
            "nodeId": 31,
            "nodeName": "HEAD",
            "nodeType": 1,
            "nodeValue": "",
            "parentId": 30
         }, {
            "attributes": [ "dir", "ltr", "onload", "window.jstiming.load['tick']('ol');", "class", "e_md pre-epu" ],
            "backendNodeId": 14,
            "childNodeCount": 21,
            "localName": "body",
            "nodeId": 32,
            "nodeName": "BODY",
            "nodeType": 1,
            "nodeValue": "",
            "parentId": 30
         } ],
         "frameId": "(D30A17061D8DFBB61F74EDD981705A47)",
         "localName": "html",
         "nodeId": 30,
         "nodeName": "HTML",
         "nodeType": 1,
         "nodeValue": "",
         "parentId": 28
      } ],
      "documentURL": "https://translate.google.com/#en/es/Librarian%2C",
      "localName": "",
      "nodeId": 28,
      "nodeName": "#document",
      "nodeType": 9,
      "nodeValue": "",
      "xmlVersion": ""
   }
}
[8.076][DEBUG]: DEVTOOLS COMMAND Runtime.evaluate (id=113) {
   "expression": "var isLoaded = document.readyState == 'complete' ||    document.readyState == 'interactive';if (isLoaded) {  var frame = document.createElement('iframe');  frame.name = 'chromedriver dummy frame'; ..."
}
[8.134][DEBUG]: DEVTOOLS EVENT DOM.childNodeCountUpdated {
   "childNodeCount": 22,
   "nodeId": 32
}
[8.134][DEBUG]: DEVTOOLS EVENT Page.frameAttached {
   "frameId": "(59FB44F997B0B2EFD1D2D5240FE6C7BF)",
   "parentFrameId": "(D30A17061D8DFBB61F74EDD981705A47)",
   "stack": {
      "callFrames": [ {
         "columnNumber": 240,
         "functionName": "",
         "lineNumber": 0,
         "scriptId": "81",
         "url": ""
      } ]
   }
}
[8.135][DEBUG]: DEVTOOLS EVENT Page.lifecycleEvent {
   "frameId": "(59FB44F997B0B2EFD1D2D5240FE6C7BF)",
   "name": "DOMContentLoaded",
   "timestamp": 1957.565116
}
[8.135][DEBUG]: DEVTOOLS EVENT Page.frameStartedLoading {
   "frameId": "(59FB44F997B0B2EFD1D2D5240FE6C7BF)"
}
[8.135][DEBUG]: DEVTOOLS EVENT Page.lifecycleEvent {
   "frameId": "(59FB44F997B0B2EFD1D2D5240FE6C7BF)",
   "name": "commit",
   "timestamp": 1957.565494
}
[8.135][DEBUG]: DEVTOOLS EVENT Page.frameNavigated {
   "frame": {
      "id": "(59FB44F997B0B2EFD1D2D5240FE6C7BF)",
      "loaderId": "258.4",
      "mimeType": "text/html",
      "name": "chromedriver dummy frame",
      "parentId": "(D30A17061D8DFBB61F74EDD981705A47)",
      "securityOrigin": "://",
      "url": "about:blank"
   }
}
[8.135][DEBUG]: DEVTOOLS EVENT Runtime.executionContextCreated {
   "context": {
      "auxData": {
         "frameId": "(59FB44F997B0B2EFD1D2D5240FE6C7BF)",
         "isDefault": true
      },
      "id": 5,
      "name": "",
      "origin": "https://translate.google.com"
   }
}
[8.135][DEBUG]: DEVTOOLS EVENT Page.lifecycleEvent {
   "frameId": "(59FB44F997B0B2EFD1D2D5240FE6C7BF)",
   "name": "load",
   "timestamp": 1957.583511
}
[8.135][DEBUG]: DEVTOOLS EVENT Page.frameStoppedLoading {
   "frameId": "(59FB44F997B0B2EFD1D2D5240FE6C7BF)"
}
[8.135][DEBUG]: DEVTOOLS EVENT Page.lifecycleEvent {
   "frameId": "(59FB44F997B0B2EFD1D2D5240FE6C7BF)",
   "name": "DOMContentLoaded",
   "timestamp": 1957.583831
}
[8.135][DEBUG]: DEVTOOLS RESPONSE Runtime.evaluate (id=113) {
   "result": {
      "description": "96",
      "type": "number",
      "value": 96
   }
}
[8.135][INFO]: Done waiting for pending navigations. Status: ok
[8.135][INFO]: RESPONSE Navigate
[8.158][INFO]: COMMAND FindElements {
   "using": "css selector",
   "value": "#gt-src-c"
}
[8.158][DEBUG]: DEVTOOLS EVENT DOM.childNodeCountUpdated {
   "childNodeCount": 21,
   "nodeId": 32
}
[8.158][DEBUG]: DEVTOOLS EVENT Runtime.executionContextDestroyed {
   "executionContextId": 5
}
[8.158][DEBUG]: DEVTOOLS EVENT Page.frameDetached {
   "frameId": "(59FB44F997B0B2EFD1D2D5240FE6C7BF)"
}
[8.158][INFO]: Waiting for pending navigations...
[8.158][DEBUG]: DEVTOOLS COMMAND Runtime.evaluate (id=114) {
   "expression": "1"
}
[8.176][DEBUG]: DEVTOOLS RESPONSE Runtime.evaluate (id=114) {
   "result": {
      "description": "1",
      "type": "number",
      "value": 1
   }
}
[8.176][INFO]: Done waiting for pending navigations. Status: ok
[8.178][DEBUG]: DEVTOOLS COMMAND Runtime.evaluate (id=115) {
   "expression": "(function() { // Copyright (c) 2012 The Chromium Authors. All rights reserved.\n// Use of this source code is governed by a BSD-style license that can be\n// found in the LICENSE file.\n\n/**\n * Enum f...",
   "returnByValue": true
}
[8.182][DEBUG]: DEVTOOLS RESPONSE Runtime.evaluate (id=115) {
   "result": {
      "type": "object",
      "value": {
         "status": 0,
         "value": [ {
            "ELEMENT": "0.4439630760208675-1"
         } ]
      }
   }
}
[8.182][INFO]: Waiting for pending navigations...
[8.182][DEBUG]: DEVTOOLS COMMAND Runtime.evaluate (id=116) {
   "expression": "1"
}
[8.193][DEBUG]: DEVTOOLS RESPONSE Runtime.evaluate (id=116) {
   "result": {
      "description": "1",
      "type": "number",
      "value": 1
   }
}
[8.193][INFO]: Done waiting for pending navigations. Status: ok
[8.193][INFO]: RESPONSE FindElements [ {
   "ELEMENT": "0.4439630760208675-1"
} ]
[8.198][INFO]: COMMAND IsElementDisplayed {
   "id": "0.4439630760208675-1"
}
[8.198][INFO]: Waiting for pending navigations...
[8.198][DEBUG]: DEVTOOLS COMMAND Runtime.evaluate (id=117) {
   "expression": "1"
}
[8.198][DEBUG]: DEVTOOLS RESPONSE Runtime.evaluate (id=117) {
   "result": {
      "description": "1",
      "type": "number",
      "value": 1
   }
}
[8.198][INFO]: Done waiting for pending navigations. Status: ok
[8.200][DEBUG]: DEVTOOLS COMMAND Runtime.evaluate (id=118) {
   "expression": "(function() { // Copyright (c) 2012 The Chromium Authors. All rights reserved.\n// Use of this source code is governed by a BSD-style license that can be\n// found in the LICENSE file.\n\n/**\n * Enum f...",
   "returnByValue": true
}
[8.212][DEBUG]: DEVTOOLS RESPONSE Runtime.evaluate (id=118) {
   "result": {
      "type": "object",
      "value": {
         "status": 0,
         "value": true
      }
   }
}
[8.212][INFO]: Waiting for pending navigations...
[8.212][DEBUG]: DEVTOOLS COMMAND Runtime.evaluate (id=119) {
   "expression": "1"
}
[8.213][DEBUG]: DEVTOOLS RESPONSE Runtime.evaluate (id=119) {
   "result": {
      "description": "1",
      "type": "number",
      "value": 1
   }
}
[8.213][INFO]: Done waiting for pending navigations. Status: ok
[8.213][INFO]: RESPONSE IsElementDisplayed true
[8.216][INFO]: COMMAND FindChildElements {
   "id": "0.4439630760208675-1",
   "using": "css selector",
   "value": "textarea#source"
}
[8.216][INFO]: Waiting for pending navigations...
[8.216][DEBUG]: DEVTOOLS COMMAND Runtime.evaluate (id=120) {
   "expression": "1"
}
[8.217][DEBUG]: DEVTOOLS RESPONSE Runtime.evaluate (id=120) {
   "result": {
      "description": "1",
      "type": "number",
      "value": 1
   }
}
[8.217][INFO]: Done waiting for pending navigations. Status: ok
[8.218][DEBUG]: DEVTOOLS COMMAND Runtime.evaluate (id=121) {
   "expression": "(function() { // Copyright (c) 2012 The Chromium Authors. All rights reserved.\n// Use of this source code is governed by a BSD-style license that can be\n// found in the LICENSE file.\n\n/**\n * Enum f...",
   "returnByValue": true
}
[8.222][DEBUG]: DEVTOOLS RESPONSE Runtime.evaluate (id=121) {
   "result": {
      "type": "object",
      "value": {
         "status": 0,
         "value": [ {
            "ELEMENT": "0.4439630760208675-2"
         } ]
      }
   }
}
[8.222][INFO]: Waiting for pending navigations...
[8.222][DEBUG]: DEVTOOLS COMMAND Runtime.evaluate (id=122) {
   "expression": "1"
}
[8.222][DEBUG]: DEVTOOLS RESPONSE Runtime.evaluate (id=122) {
   "result": {
      "description": "1",
      "type": "number",
      "value": 1
   }
}
[8.222][INFO]: Done waiting for pending navigations. Status: ok
[8.222][INFO]: RESPONSE FindChildElements [ {
   "ELEMENT": "0.4439630760208675-2"
} ]
[8.233][INFO]: COMMAND IsElementDisplayed {
   "id": "0.4439630760208675-2"
}
[8.233][INFO]: Waiting for pending navigations...
[8.233][DEBUG]: DEVTOOLS COMMAND Runtime.evaluate (id=123) {
   "expression": "1"
}
[8.233][DEBUG]: DEVTOOLS RESPONSE Runtime.evaluate (id=123) {
   "result": {
      "description": "1",
      "type": "number",
      "value": 1
   }
}
[8.233][INFO]: Done waiting for pending navigations. Status: ok
[8.235][DEBUG]: DEVTOOLS COMMAND Runtime.evaluate (id=124) {
   "expression": "(function() { // Copyright (c) 2012 The Chromium Authors. All rights reserved.\n// Use of this source code is governed by a BSD-style license that can be\n// found in the LICENSE file.\n\n/**\n * Enum f...",
   "returnByValue": true
}
[8.239][DEBUG]: DEVTOOLS RESPONSE Runtime.evaluate (id=124) {
   "result": {
      "type": "object",
      "value": {
         "status": 0,
         "value": true
      }
   }
}
[8.239][INFO]: Waiting for pending navigations...
[8.239][DEBUG]: DEVTOOLS COMMAND Runtime.evaluate (id=125) {
   "expression": "1"
}
[8.240][DEBUG]: DEVTOOLS RESPONSE Runtime.evaluate (id=125) {
   "result": {
      "description": "1",
      "type": "number",
      "value": 1
   }
}
[8.240][INFO]: Done waiting for pending navigations. Status: ok
[8.240][INFO]: RESPONSE IsElementDisplayed true
[8.242][INFO]: COMMAND ClearElement {
   "id": "0.4439630760208675-2"
}
[8.242][INFO]: Waiting for pending navigations...
[8.242][DEBUG]: DEVTOOLS COMMAND Runtime.evaluate (id=126) {
   "expression": "1"
}
[8.242][DEBUG]: DEVTOOLS RESPONSE Runtime.evaluate (id=126) {
   "result": {
      "description": "1",
      "type": "number",
      "value": 1
   }
}
[8.242][INFO]: Done waiting for pending navigations. Status: ok
[8.244][DEBUG]: DEVTOOLS COMMAND Runtime.evaluate (id=127) {
   "expression": "(function() { // Copyright (c) 2012 The Chromium Authors. All rights reserved.\n// Use of this source code is governed by a BSD-style license that can be\n// found in the LICENSE file.\n\n/**\n * Enum f...",
   "returnByValue": true
}
[8.256][DEBUG]: DEVTOOLS RESPONSE Runtime.evaluate (id=127) {
   "result": {
      "type": "object",
      "value": {
         "status": 0,
         "value": null
      }
   }
}
[8.256][INFO]: Waiting for pending navigations...
[8.256][DEBUG]: DEVTOOLS COMMAND Runtime.evaluate (id=128) {
   "expression": "1"
}
[8.271][DEBUG]: DEVTOOLS RESPONSE Runtime.evaluate (id=128) {
   "result": {
      "description": "1",
      "type": "number",
      "value": 1
   }
}
[8.271][INFO]: Done waiting for pending navigations. Status: ok
[8.271][INFO]: RESPONSE ClearElement
[8.275][INFO]: COMMAND TypeElement {
   "id": "0.4439630760208675-2",
   "text": "12345",
   "value": [ "1", "2", "3", "4", "5" ]
}
[8.275][INFO]: Waiting for pending navigations...
[8.275][DEBUG]: DEVTOOLS COMMAND Runtime.evaluate (id=129) {
   "expression": "1"
}
[8.276][DEBUG]: DEVTOOLS RESPONSE Runtime.evaluate (id=129) {
   "result": {
      "description": "1",
      "type": "number",
      "value": 1
   }
}
[8.276][INFO]: Done waiting for pending navigations. Status: ok
[8.276][DEBUG]: DEVTOOLS COMMAND Runtime.evaluate (id=130) {
   "expression": "(function() { // Copyright (c) 2012 The Chromium Authors. All rights reserved.\n// Use of this source code is governed by a BSD-style license that can be\n// found in the LICENSE file.\n\n/**\n * Enum f...",
   "returnByValue": true
}
[8.277][DEBUG]: DEVTOOLS RESPONSE Runtime.evaluate (id=130) {
   "result": {
      "type": "object",
      "value": {
         "status": 0,
         "value": "TEXTAREA"
      }
   }
}
[8.278][DEBUG]: DEVTOOLS COMMAND Runtime.evaluate (id=131) {
   "expression": "(function() { // Copyright (c) 2012 The Chromium Authors. All rights reserved.\n// Use of this source code is governed by a BSD-style license that can be\n// found in the LICENSE file.\n\n/**\n * Enum f...",
   "returnByValue": true
}
[8.279][DEBUG]: DEVTOOLS RESPONSE Runtime.evaluate (id=131) {
   "result": {
      "type": "object",
      "value": {
         "status": 0,
         "value": "textarea"
      }
   }
}
[8.281][DEBUG]: DEVTOOLS COMMAND Runtime.evaluate (id=132) {
   "expression": "(function() { // Copyright (c) 2012 The Chromium Authors. All rights reserved.\n// Use of this source code is governed by a BSD-style license that can be\n// found in the LICENSE file.\n\n/**\n * Enum f...",
   "returnByValue": true
}
[8.291][DEBUG]: DEVTOOLS RESPONSE Runtime.evaluate (id=132) {
   "result": {
      "type": "object",
      "value": {
         "status": 0,
         "value": true
      }
   }
}
[8.292][DEBUG]: DEVTOOLS COMMAND Runtime.evaluate (id=133) {
   "expression": "(function() { // Copyright (c) 2012 The Chromium Authors. All rights reserved.\n// Use of this source code is governed by a BSD-style license that can be\n// found in the LICENSE file.\n\n/**\n * Enum f...",
   "returnByValue": true
}
[8.295][DEBUG]: DEVTOOLS RESPONSE Runtime.evaluate (id=133) {
   "result": {
      "type": "object",
      "value": {
         "status": 0,
         "value": true
      }
   }
}
[8.295][DEBUG]: DEVTOOLS COMMAND Runtime.evaluate (id=134) {
   "expression": "(function() { // Copyright (c) 2012 The Chromium Authors. All rights reserved.\n// Use of this source code is governed by a BSD-style license that can be\n// found in the LICENSE file.\n\n/**\n * Enum f...",
   "returnByValue": true
}
[8.296][DEBUG]: DEVTOOLS RESPONSE Runtime.evaluate (id=134) {
   "result": {
      "type": "object",
      "value": {
         "status": 0,
         "value": null
      }
   }
}
[8.296][DEBUG]: DEVTOOLS COMMAND Input.dispatchKeyEvent (id=135) {
   "code": "Digit1",
   "key": "1",
   "modifiers": 0,
   "text": "1",
   "type": "rawKeyDown",
   "unmodifiedText": "1",
   "windowsVirtualKeyCode": 49
}
[8.297][DEBUG]: DEVTOOLS RESPONSE Input.dispatchKeyEvent (id=135) {

}
[8.297][DEBUG]: DEVTOOLS COMMAND Input.dispatchKeyEvent (id=136) {
   "code": "Digit1",
   "key": "1",
   "modifiers": 0,
   "text": "1",
   "type": "char",
   "unmodifiedText": "1",
   "windowsVirtualKeyCode": 49
}
[8.299][DEBUG]: DEVTOOLS RESPONSE Input.dispatchKeyEvent (id=136) {

}
[8.299][DEBUG]: DEVTOOLS COMMAND Input.dispatchKeyEvent (id=137) {
   "code": "Digit1",
   "key": "1",
   "modifiers": 0,
   "text": "1",
   "type": "keyUp",
   "unmodifiedText": "1",
   "windowsVirtualKeyCode": 49
}
[8.311][DEBUG]: DEVTOOLS RESPONSE Input.dispatchKeyEvent (id=137) {

}
[8.311][DEBUG]: DEVTOOLS COMMAND Input.dispatchKeyEvent (id=138) {
   "code": "Digit2",
   "key": "2",
   "modifiers": 0,
   "text": "2",
   "type": "rawKeyDown",
   "unmodifiedText": "2",
   "windowsVirtualKeyCode": 50
}
[8.313][DEBUG]: DEVTOOLS EVENT DOM.childNodeCountUpdated {
   "childNodeCount": 33,
   "nodeId": 31
}
[8.315][DEBUG]: DEVTOOLS RESPONSE Input.dispatchKeyEvent (id=138) {

}
[8.315][DEBUG]: DEVTOOLS COMMAND Input.dispatchKeyEvent (id=139) {
   "code": "Digit2",
   "key": "2",
   "modifiers": 0,
   "text": "2",
   "type": "char",
   "unmodifiedText": "2",
   "windowsVirtualKeyCode": 50
}
[8.317][DEBUG]: DEVTOOLS RESPONSE Input.dispatchKeyEvent (id=139) {

}
[8.317][DEBUG]: DEVTOOLS COMMAND Input.dispatchKeyEvent (id=140) {
   "code": "Digit2",
   "key": "2",
   "modifiers": 0,
   "text": "2",
   "type": "keyUp",
   "unmodifiedText": "2",
   "windowsVirtualKeyCode": 50
}
[8.318][DEBUG]: DEVTOOLS RESPONSE Input.dispatchKeyEvent (id=140) {

}
[8.318][DEBUG]: DEVTOOLS COMMAND Input.dispatchKeyEvent (id=141) {
   "code": "Digit3",
   "key": "3",
   "modifiers": 0,
   "text": "3",
   "type": "rawKeyDown",
   "unmodifiedText": "3",
   "windowsVirtualKeyCode": 51
}
[8.319][DEBUG]: DEVTOOLS RESPONSE Input.dispatchKeyEvent (id=141) {

}
[8.319][DEBUG]: DEVTOOLS COMMAND Input.dispatchKeyEvent (id=142) {
   "code": "Digit3",
   "key": "3",
   "modifiers": 0,
   "text": "3",
   "type": "char",
   "unmodifiedText": "3",
   "windowsVirtualKeyCode": 51
}
[8.331][DEBUG]: DEVTOOLS EVENT DOM.childNodeCountUpdated {
   "childNodeCount": 32,
   "nodeId": 31
}
[8.335][DEBUG]: DEVTOOLS RESPONSE Input.dispatchKeyEvent (id=142) {

}
[8.335][DEBUG]: DEVTOOLS COMMAND Input.dispatchKeyEvent (id=143) {
   "code": "Digit3",
   "key": "3",
   "modifiers": 0,
   "text": "3",
   "type": "keyUp",
   "unmodifiedText": "3",
   "windowsVirtualKeyCode": 51
}
[8.336][DEBUG]: DEVTOOLS RESPONSE Input.dispatchKeyEvent (id=143) {

}
[8.336][DEBUG]: DEVTOOLS COMMAND Input.dispatchKeyEvent (id=144) {
   "code": "Digit4",
   "key": "4",
   "modifiers": 0,
   "text": "4",
   "type": "rawKeyDown",
   "unmodifiedText": "4",
   "windowsVirtualKeyCode": 52
}
[8.339][DEBUG]: DEVTOOLS RESPONSE Input.dispatchKeyEvent (id=144) {

}
[8.339][DEBUG]: DEVTOOLS COMMAND Input.dispatchKeyEvent (id=145) {
   "code": "Digit4",
   "key": "4",
   "modifiers": 0,
   "text": "4",
   "type": "char",
   "unmodifiedText": "4",
   "windowsVirtualKeyCode": 52
}
[8.352][DEBUG]: DEVTOOLS RESPONSE Input.dispatchKeyEvent (id=145) {

}
[8.352][DEBUG]: DEVTOOLS COMMAND Input.dispatchKeyEvent (id=146) {
   "code": "Digit4",
   "key": "4",
   "modifiers": 0,
   "text": "4",
   "type": "keyUp",
   "unmodifiedText": "4",
   "windowsVirtualKeyCode": 52
}
[8.353][DEBUG]: DEVTOOLS RESPONSE Input.dispatchKeyEvent (id=146) {

}
[8.353][DEBUG]: DEVTOOLS COMMAND Input.dispatchKeyEvent (id=147) {
   "code": "Digit5",
   "key": "5",
   "modifiers": 0,
   "text": "5",
   "type": "rawKeyDown",
   "unmodifiedText": "5",
   "windowsVirtualKeyCode": 53
}
[8.356][DEBUG]: DEVTOOLS RESPONSE Input.dispatchKeyEvent (id=147) {

}
[8.356][DEBUG]: DEVTOOLS COMMAND Input.dispatchKeyEvent (id=148) {
   "code": "Digit5",
   "key": "5",
   "modifiers": 0,
   "text": "5",
   "type": "char",
   "unmodifiedText": "5",
   "windowsVirtualKeyCode": 53
}
[8.357][DEBUG]: DEVTOOLS RESPONSE Input.dispatchKeyEvent (id=148) {

}
[8.357][DEBUG]: DEVTOOLS COMMAND Input.dispatchKeyEvent (id=149) {
   "code": "Digit5",
   "key": "5",
   "modifiers": 0,
   "text": "5",
   "type": "keyUp",
   "unmodifiedText": "5",
   "windowsVirtualKeyCode": 53
}
[8.359][DEBUG]: DEVTOOLS RESPONSE Input.dispatchKeyEvent (id=149) {

}
[8.359][INFO]: Waiting for pending navigations...
[8.359][DEBUG]: DEVTOOLS COMMAND Runtime.evaluate (id=150) {
   "expression": "1"
}
[8.359][DEBUG]: DEVTOOLS RESPONSE Runtime.evaluate (id=150) {
   "result": {
      "description": "1",
      "type": "number",
      "value": 1
   }
}
[8.359][INFO]: Done waiting for pending navigations. Status: ok
[8.359][INFO]: RESPONSE TypeElement
[8.372][INFO]: COMMAND Screenshot {

}
[8.372][INFO]: Waiting for pending navigations...
[8.372][DEBUG]: DEVTOOLS COMMAND Runtime.evaluate (id=151) {
   "expression": "1"
}
[8.375][DEBUG]: DEVTOOLS RESPONSE Runtime.evaluate (id=151) {
   "result": {
      "description": "1",
      "type": "number",
      "value": 1
   }
}
[8.375][INFO]: Done waiting for pending navigations. Status: ok
[8.375][DEBUG]: DevTools request: http://localhost:12028/json/activate/(D30A17061D8DFBB61F74EDD981705A47)
[8.375][DEBUG]: DevTools response: Target activated
[8.375][DEBUG]: DEVTOOLS COMMAND Page.captureScreenshot (id=152) {

}
[8.552][DEBUG]: DEVTOOLS RESPONSE Page.captureScreenshot (id=152) {
   "data": "iVBORw0KGgoAAAANSUhEUgAABVYAAAO+CAYAAADv/k7HAAAgAElEQVR4nOzdeXxU1d3H8e9s2Vf2VQmb7IsIqGAFtFRALCBValFE61qVulQfURBbtRW38mgFLIiiKGJZJCCPKMSFNSIY2SkQhBBCCCHbQLaZ+/wRM2SyzoQkMyGfty9e5t577jm/c2eSOfnl3HNNm..."
}
[8.552][INFO]: Waiting for pending navigations...
[8.552][DEBUG]: DEVTOOLS EVENT DOM.childNodeCountUpdated {
   "childNodeCount": 33,
   "nodeId": 31
}
[8.552][DEBUG]: DEVTOOLS EVENT DOM.childNodeCountUpdated {
   "childNodeCount": 32,
   "nodeId": 31
}
[8.552][DEBUG]: DEVTOOLS COMMAND Runtime.evaluate (id=153) {
   "expression": "1"
}
[8.559][DEBUG]: DEVTOOLS RESPONSE Runtime.evaluate (id=153) {
   "result": {
      "description": "1",
      "type": "number",
      "value": 1
   }
}
[8.559][INFO]: Done waiting for pending navigations. Status: ok
[8.559][INFO]: RESPONSE Screenshot "iVBORw0KGgoAAAANSUhEUgAABVYAAAO+CAYAAADv/k7HAAAgAElEQVR4nOzdeXxU1d3H8e9s2Vf2VQmb7IsIqGAFtFRALCBValFE61qVulQfURBbtRW38mgFLIiiKGJZJCCPKMSFNSIY2SkQhBBCCCHbQLaZ+/wRM2SyzoQkMyGfty9e5t577jm/c2eSOfnl3HNNm..."
[8.754][INFO]: COMMAND Quit {

}
[8.804][INFO]: RESPONSE Quit
[8.804][DEBUG]: Log type 'driver' lost 0 entries on destruction
[8.804][DEBUG]: Log type 'browser' lost 0 entries on destruction
