[1.286][INFO]: COMMAND InitSession {
   "desiredCapabilities": {
      "browserName": "chrome",
      "chromeOptions": {
         "args": [ "--disable-gpu", "--single-process", "--no-sandbox", "--data-path=/tmp/data-path", "--homedir=/tmp/homedir", "--disk-cache-dir=/tmp", "--disk-cache-size=1", "--media-cache-size=1", "--allow-file-access-from-files", "--enable-logging", "--v=1", "--disable-web-security", "--disable-extensions", "--ignore-certificate-errors", "--disable-ntp-most-likely-favicons-from-server", "--disable-ntp-popular-sites", "--window-size=1366,1024", "--disable-infobars", "--disable-dev-shm-usage", "..." ],
         "binary": "/tmp/chrome-lambda/chrome",
         "prefs": {
            "credentials_enable_service": false,
            "profile": {
               "password_manager_enabled": false
            }
         }
      },
      "count": 1
   }
}
[1.287][INFO]: Populating Preferences file: {
   "alternate_error_pages": {
      "enabled": false
   },
   "autofill": {
      "enabled": false
   },
   "browser": {
      "check_default_browser": false
   },
   "credentials_enable_service": false,
   "distribution": {
      "import_bookmarks": false,
      "import_history": false,
      "import_search_engine": false,
      "make_chrome_default_for_user": false,
      "show_welcome_page": false,
      "skip_first_run_ui": true
   },
   "dns_prefetching": {
      "enabled": false
   },
   "profile": {
      "password_manager_enabled": false
   },
   "safebrowsing": {
      "enabled": false
   },
   "search": {
      "suggest_enabled": false
   },
   "translate": {
      "enabled": false
   }
}
[1.287][INFO]: Populating Local State file: {
   "background_mode": {
      "enabled": false
   },
   "ssl": {
      "rev_checking": {
         "enabled": false
      }
   }
}
[1.287][INFO]: Launching chrome: /tmp/chrome-lambda/chrome --allow-file-access-from-files --data-path=/tmp/data-path --disable-background-networking --disable-browser-side-navigation --disable-client-side-phishing-detection --disable-default-apps --disable-dev-shm-usage --disable-extensions --disable-extensions-except=/tmp/.org.chromium.Chromium.cjnIGe/internal --disable-gpu --disable-hang-monitor --disable-infobars --disable-ntp-most-likely-favicons-from-server --disable-ntp-popular-sites --disable-popup-blocking --disable-prompt-on-repost --disable-sync --disable-web-resources --disable-web-security --disk-cache-dir=/tmp --disk-cache-size=1 --enable-automation --enable-logging --enable-precise-memory-info --force-fieldtrials=SiteIsolationExtensions/Control --homedir=/tmp/homedir --ignore-certificate-errors --log-level=0 --media-cache-size=1 --metrics-recording-only --no-first-run --no-sandbox --password-store=basic --remote-debugging-port=12511 --safebrowsing-disable-auto-update --single-process --test-type=webdriver --use-mock-keychain --user-data-dir=/tmp/.org.chromium.Chromium.4nUOfw --v=1 --window-size=1366,1024 data:,
[1.288][DEBUG]: DevTools request: http://localhost:12511/json/version
prctl(PR_SET_NO_NEW_PRIVS) failed
Xlib:  extension "RANDR" missing on display ":99".
[360:365:0831/073341.123858:ERROR:bus.cc(395)] Failed to connect to the bus: Failed to connect to socket /var/run/dbus/system_bus_socket: No such file or directory
Xlib:  extension "RANDR" missing on display ":99".

DevTools listening on ws://127.0.0.1:12511/devtools/browser/32379c2f-9cf3-4b30-aafb-21e3eba6f6aa
[360:383:0831/073342.037096:ERROR:io_thread.cc(730)] Cannot use V8 Proxy resolver in single process mode.
[360:383:0831/073342.039449:ERROR:io_thread.cc(730)] Cannot use V8 Proxy resolver in single process mode.
[2.851][SEVERE]: CreatePlatformSocket() returned an error, errno=1: Operation not permitted (1)
[2.866][DEBUG]: DevTools response: {
   "Browser": "Chrome/63.0.3239.84",
   "Protocol-Version": "1.2",
   "User-Agent": "Mozilla/5.0 (X11; Linux x86_64) AppleWebKit/537.36 (KHTML, like Gecko) Chrome/63.0.3239.84 Safari/537.36",
   "V8-Version": "6.3.292.46",
   "WebKit-Version": "537.36 (@0f53a5abc7a405fbe9f1cfd3db38f2092c8a7816)",
   "webSocketDebuggerUrl": "ws://localhost:12511/devtools/browser/32379c2f-9cf3-4b30-aafb-21e3eba6f6aa"
}

[2.868][DEBUG]: DevTools request: http://localhost:12511/json
[2.869][DEBUG]: DevTools response: [ {
   "description": "",
   "devtoolsFrontendUrl": "/devtools/inspector.html?ws=localhost:12511/devtools/page/(7835890A39305B5478B2CB2D625BE890)",
   "id": "(7835890A39305B5478B2CB2D625BE890)",
   "title": "Chrome Automation Extension",
   "type": "background_page",
   "url": "chrome-extension://aapnijgdinlhnhlmodcfapnahmbfebeb/_generated_background_page.html",
   "webSocketDebuggerUrl": "ws://localhost:12511/devtools/page/(7835890A39305B5478B2CB2D625BE890)"
}, {
   "description": "",
   "devtoolsFrontendUrl": "/devtools/inspector.html?ws=localhost:12511/devtools/page/(3EC11E6B3D085BD4CAD7029AEA72A3D4)",
   "id": "(3EC11E6B3D085BD4CAD7029AEA72A3D4)",
   "title": "",
   "type": "page",
   "url": "data:,",
   "webSocketDebuggerUrl": "ws://localhost:12511/devtools/page/(3EC11E6B3D085BD4CAD7029AEA72A3D4)"
} ]

[2.869][DEBUG]: DevTools request: http://localhost:12511/json
[2.870][DEBUG]: DevTools response: [ {
   "description": "",
   "devtoolsFrontendUrl": "/devtools/inspector.html?ws=localhost:12511/devtools/page/(7835890A39305B5478B2CB2D625BE890)",
   "id": "(7835890A39305B5478B2CB2D625BE890)",
   "title": "Chrome Automation Extension",
   "type": "background_page",
   "url": "chrome-extension://aapnijgdinlhnhlmodcfapnahmbfebeb/_generated_background_page.html",
   "webSocketDebuggerUrl": "ws://localhost:12511/devtools/page/(7835890A39305B5478B2CB2D625BE890)"
}, {
   "description": "",
   "devtoolsFrontendUrl": "/devtools/inspector.html?ws=localhost:12511/devtools/page/(3EC11E6B3D085BD4CAD7029AEA72A3D4)",
   "id": "(3EC11E6B3D085BD4CAD7029AEA72A3D4)",
   "title": "",
   "type": "page",
   "url": "data:,",
   "webSocketDebuggerUrl": "ws://localhost:12511/devtools/page/(3EC11E6B3D085BD4CAD7029AEA72A3D4)"
} ]

[2.871][INFO]: resolved localhost to ["127.0.0.1"]
[2.891][DEBUG]: DEVTOOLS COMMAND Log.enable (id=1) {

}
[2.906][DEBUG]: DEVTOOLS COMMAND DOM.getDocument (id=2) {

}
[2.908][DEBUG]: DEVTOOLS COMMAND Runtime.enable (id=3) {

}
[2.909][DEBUG]: DEVTOOLS COMMAND Page.enable (id=4) {

}
[2.909][DEBUG]: DEVTOOLS COMMAND Page.enable (id=5) {

}
[2.979][DEBUG]: DEVTOOLS RESPONSE Log.enable (id=1) {

}
[2.979][DEBUG]: DEVTOOLS RESPONSE DOM.getDocument (id=2) {
   "root": {
      "backendNodeId": 2,
      "baseURL": "data:,",
      "childNodeCount": 1,
      "children": [ {
         "attributes": [  ],
         "backendNodeId": 3,
         "childNodeCount": 2,
         "children": [ {
            "attributes": [  ],
            "backendNodeId": 4,
            "childNodeCount": 0,
            "localName": "head",
            "nodeId": 3,
            "nodeName": "HEAD",
            "nodeType": 1,
            "nodeValue": "",
            "parentId": 2
         }, {
            "attributes": [  ],
            "backendNodeId": 5,
            "childNodeCount": 1,
            "localName": "body",
            "nodeId": 4,
            "nodeName": "BODY",
            "nodeType": 1,
            "nodeValue": "",
            "parentId": 2
         } ],
         "frameId": "(3EC11E6B3D085BD4CAD7029AEA72A3D4)",
         "localName": "html",
         "nodeId": 2,
         "nodeName": "HTML",
         "nodeType": 1,
         "nodeValue": "",
         "parentId": 1
      } ],
      "documentURL": "data:,",
      "localName": "",
      "nodeId": 1,
      "nodeName": "#document",
      "nodeType": 9,
      "nodeValue": "",
      "xmlVersion": ""
   }
}
[2.998][DEBUG]: DEVTOOLS EVENT Runtime.executionContextCreated {
   "context": {
      "auxData": {
         "frameId": "(3EC11E6B3D085BD4CAD7029AEA72A3D4)",
         "isDefault": true
      },
      "id": 1,
      "name": "",
      "origin": "://"
   }
}
[2.998][DEBUG]: DEVTOOLS RESPONSE Runtime.enable (id=3) {

}
[2.998][DEBUG]: DEVTOOLS RESPONSE Page.enable (id=4) {

}
[2.999][DEBUG]: DEVTOOLS RESPONSE Page.enable (id=5) {

}
[2.999][DEBUG]: DEVTOOLS COMMAND Page.enable (id=6) {

}
[3.036][DEBUG]: DEVTOOLS RESPONSE Page.enable (id=6) {

}
[3.036][DEBUG]: DEVTOOLS COMMAND Runtime.enable (id=7) {

}
[3.038][DEBUG]: DEVTOOLS RESPONSE Runtime.enable (id=7) {

}
[3.039][DEBUG]: DEVTOOLS COMMAND Runtime.evaluate (id=8) {
   "expression": "(function() { // Copyright (c) 2012 The Chromium Authors. All rights reserved.\n// Use of this source code is governed by a BSD-style license that can be\n// found in the LICENSE file.\n\n/**\n * Enum f...",
   "returnByValue": true
}
[3.055][DEBUG]: DEVTOOLS RESPONSE Runtime.evaluate (id=8) {
   "result": {
      "type": "object",
      "value": {
         "status": 0,
         "value": 1
      }
   }
}
[3.055][INFO]: RESPONSE InitSession {
   "acceptSslCerts": true,
   "applicationCacheEnabled": false,
   "browserConnectionEnabled": false,
   "browserName": "chrome",
   "chrome": {
      "chromedriverVersion": "2.33.506092 (733a02544d189eeb751fe0d7ddca79a0ee28cce4)",
      "userDataDir": "/tmp/.org.chromium.Chromium.4nUOfw"
   },
   "cssSelectorsEnabled": true,
   "databaseEnabled": false,
   "handlesAlerts": true,
   "hasTouchScreen": false,
   "javascriptEnabled": true,
   "locationContextEnabled": true,
   "mobileEmulationEnabled": false,
   "nativeEvents": true,
   "networkConnectionEnabled": false,
   "pageLoadStrategy": "normal",
   "platform": "Linux",
   "rotatable": false,
   "setWindowRect": true,
   "takesHeapSnapshot": true,
   "~~~": "..."
}
[3.118][INFO]: COMMAND SetTimeout {
   "script": 11000
}
[3.120][INFO]: RESPONSE SetTimeout unknown error: 'ms' must be a double
  (Session info: chrome=63.0.3239.84)
[3.169][INFO]: COMMAND SetTimeout {
   "ms": 11000,
   "type": "script"
}
[3.169][INFO]: RESPONSE SetTimeout
[4.401][INFO]: COMMAND SetTimeout {
   "pageLoad": 30000
}
[4.408][INFO]: RESPONSE SetTimeout unknown error: 'ms' must be a double
  (Session info: chrome=63.0.3239.84)
[4.431][INFO]: COMMAND SetTimeout {
   "ms": 30000,
   "type": "page load"
}
[4.431][INFO]: RESPONSE SetTimeout
[4.665][INFO]: COMMAND Navigate {
   "url": "https://translate.google.com/#en/es/Market"
}
[4.665][INFO]: Waiting for pending navigations...
[4.665][DEBUG]: DEVTOOLS COMMAND Runtime.evaluate (id=9) {
   "expression": "1"
}
[4.668][DEBUG]: DEVTOOLS EVENT Page.lifecycleEvent {
   "frameId": "(3EC11E6B3D085BD4CAD7029AEA72A3D4)",
   "name": "networkAlmostIdle",
   "timestamp": 682.3092
}
[4.668][DEBUG]: DEVTOOLS EVENT Page.lifecycleEvent {
   "frameId": "(3EC11E6B3D085BD4CAD7029AEA72A3D4)",
   "name": "networkIdle",
   "timestamp": 682.3092
}
[4.668][DEBUG]: DEVTOOLS RESPONSE Runtime.evaluate (id=9) {
   "result": {
      "description": "1",
      "type": "number",
      "value": 1
   }
}
[4.668][DEBUG]: DEVTOOLS COMMAND DOM.getDocument (id=10) {

}
[4.669][DEBUG]: DEVTOOLS RESPONSE DOM.getDocument (id=10) {
   "root": {
      "backendNodeId": 2,
      "baseURL": "data:,",
      "childNodeCount": 1,
      "children": [ {
         "attributes": [  ],
         "backendNodeId": 3,
         "childNodeCount": 2,
         "children": [ {
            "attributes": [  ],
            "backendNodeId": 4,
            "childNodeCount": 0,
            "localName": "head",
            "nodeId": 7,
            "nodeName": "HEAD",
            "nodeType": 1,
            "nodeValue": "",
            "parentId": 6
         }, {
            "attributes": [  ],
            "backendNodeId": 5,
            "childNodeCount": 1,
            "localName": "body",
            "nodeId": 8,
            "nodeName": "BODY",
            "nodeType": 1,
            "nodeValue": "",
            "parentId": 6
         } ],
         "frameId": "(3EC11E6B3D085BD4CAD7029AEA72A3D4)",
         "localName": "html",
         "nodeId": 6,
         "nodeName": "HTML",
         "nodeType": 1,
         "nodeValue": "",
         "parentId": 5
      } ],
      "documentURL": "data:,",
      "localName": "",
      "nodeId": 5,
      "nodeName": "#document",
      "nodeType": 9,
      "nodeValue": "",
      "xmlVersion": ""
   }
}
[4.669][DEBUG]: DEVTOOLS COMMAND Runtime.evaluate (id=11) {
   "expression": "var isLoaded = document.readyState == 'complete' ||    document.readyState == 'interactive';if (isLoaded) {  var frame = document.createElement('iframe');  frame.name = 'chromedriver dummy frame'; ..."
}
[4.691][DEBUG]: DEVTOOLS EVENT DOM.childNodeCountUpdated {
   "childNodeCount": 2,
   "nodeId": 8
}
[4.692][DEBUG]: DEVTOOLS EVENT Page.frameAttached {
   "frameId": "(632C8A81B3EA3C08F55F50DA736A262B)",
   "parentFrameId": "(3EC11E6B3D085BD4CAD7029AEA72A3D4)",
   "stack": {
      "callFrames": [ {
         "columnNumber": 240,
         "functionName": "",
         "lineNumber": 0,
         "scriptId": "38",
         "url": ""
      } ]
   }
}
[4.692][DEBUG]: DEVTOOLS EVENT Page.lifecycleEvent {
   "frameId": "(632C8A81B3EA3C08F55F50DA736A262B)",
   "name": "DOMContentLoaded",
   "timestamp": 684.046921
}
[4.692][DEBUG]: DEVTOOLS EVENT Page.frameStartedLoading {
   "frameId": "(632C8A81B3EA3C08F55F50DA736A262B)"
}
[4.692][DEBUG]: DEVTOOLS EVENT Page.lifecycleEvent {
   "frameId": "(632C8A81B3EA3C08F55F50DA736A262B)",
   "name": "commit",
   "timestamp": 684.048118
}
[4.692][DEBUG]: DEVTOOLS EVENT Page.frameNavigated {
   "frame": {
      "id": "(632C8A81B3EA3C08F55F50DA736A262B)",
      "loaderId": "360.1",
      "mimeType": "text/html",
      "name": "chromedriver dummy frame",
      "parentId": "(3EC11E6B3D085BD4CAD7029AEA72A3D4)",
      "securityOrigin": "://",
      "url": "about:blank"
   }
}
[4.692][DEBUG]: DEVTOOLS EVENT Runtime.executionContextCreated {
   "context": {
      "auxData": {
         "frameId": "(632C8A81B3EA3C08F55F50DA736A262B)",
         "isDefault": true
      },
      "id": 3,
      "name": "",
      "origin": "://"
   }
}
[4.692][DEBUG]: DEVTOOLS EVENT Page.lifecycleEvent {
   "frameId": "(632C8A81B3EA3C08F55F50DA736A262B)",
   "name": "load",
   "timestamp": 684.054091
}
[4.692][DEBUG]: DEVTOOLS EVENT Page.frameStoppedLoading {
   "frameId": "(632C8A81B3EA3C08F55F50DA736A262B)"
}
[4.706][DEBUG]: DEVTOOLS EVENT Page.lifecycleEvent {
   "frameId": "(632C8A81B3EA3C08F55F50DA736A262B)",
   "name": "DOMContentLoaded",
   "timestamp": 684.054209
}
[4.706][DEBUG]: DEVTOOLS RESPONSE Runtime.evaluate (id=11) {
   "result": {
      "description": "1",
      "type": "number",
      "value": 1
   }
}
[4.706][INFO]: Done waiting for pending navigations. Status: ok
[4.706][DEBUG]: DEVTOOLS COMMAND Page.navigate (id=12) {
   "url": "https://translate.google.com/#en/es/Market"
}
[4.707][DEBUG]: DEVTOOLS EVENT DOM.childNodeCountUpdated {
   "childNodeCount": 1,
   "nodeId": 8
}
[4.707][DEBUG]: DEVTOOLS EVENT Runtime.executionContextDestroyed {
   "executionContextId": 3
}
[4.707][DEBUG]: DEVTOOLS EVENT Page.frameDetached {
   "frameId": "(632C8A81B3EA3C08F55F50DA736A262B)"
}
[4.707][DEBUG]: DEVTOOLS EVENT Page.lifecycleEvent {
   "frameId": "(3EC11E6B3D085BD4CAD7029AEA72A3D4)",
   "name": "firstPaint",
   "timestamp": 684.063157
}
[4.707][DEBUG]: DEVTOOLS EVENT Page.lifecycleEvent {
   "frameId": "(3EC11E6B3D085BD4CAD7029AEA72A3D4)",
   "name": "firstMeaningfulPaintCandidate",
   "timestamp": 684.063162
}
[4.727][DEBUG]: DEVTOOLS EVENT Page.frameStartedLoading {
   "frameId": "(3EC11E6B3D085BD4CAD7029AEA72A3D4)"
}
[4.729][DEBUG]: DEVTOOLS RESPONSE Page.navigate (id=12) {
   "frameId": "(3EC11E6B3D085BD4CAD7029AEA72A3D4)"
}
[4.729][INFO]: Waiting for pending navigations...
[4.729][DEBUG]: DEVTOOLS COMMAND Runtime.evaluate (id=13) {
   "expression": "1"
}
[4.731][DEBUG]: DEVTOOLS RESPONSE Runtime.evaluate (id=13) {
   "result": {
      "description": "1",
      "type": "number",
      "value": 1
   }
}
[4.930][DEBUG]: DEVTOOLS EVENT Runtime.executionContextDestroyed {
   "executionContextId": 1
}
[4.930][DEBUG]: DEVTOOLS EVENT Runtime.executionContextsCleared {

}
[4.930][DEBUG]: DEVTOOLS EVENT Page.lifecycleEvent {
   "frameId": "(3EC11E6B3D085BD4CAD7029AEA72A3D4)",
   "name": "commit",
   "timestamp": 684.278893
}
[4.931][DEBUG]: DEVTOOLS EVENT Page.frameNavigated {
   "frame": {
      "id": "(3EC11E6B3D085BD4CAD7029AEA72A3D4)",
      "loaderId": "360.2",
      "mimeType": "text/html",
      "securityOrigin": "https://translate.google.com",
      "url": "https://translate.google.com/"
   }
}
[4.931][DEBUG]: DEVTOOLS EVENT Runtime.executionContextCreated {
   "context": {
      "auxData": {
         "frameId": "(3EC11E6B3D085BD4CAD7029AEA72A3D4)",
         "isDefault": true
      },
      "id": 4,
      "name": "",
      "origin": "https://translate.google.com"
   }
}
[4.931][DEBUG]: DEVTOOLS EVENT DOM.documentUpdated {

}
[4.931][DEBUG]: DEVTOOLS COMMAND DOM.getDocument (id=14) {

}
[5.057][DEBUG]: DEVTOOLS RESPONSE DOM.getDocument (id=14) {
   "root": {
      "backendNodeId": 7,
      "baseURL": "https://translate.google.com/#en/es/Market",
      "childNodeCount": 2,
      "children": [ {
         "backendNodeId": 8,
         "localName": "",
         "nodeId": 10,
         "nodeName": "html",
         "nodeType": 10,
         "nodeValue": "",
         "parentId": 9,
         "publicId": "",
         "systemId": ""
      }, {
         "attributes": [  ],
         "backendNodeId": 9,
         "childNodeCount": 1,
         "children": [ {
            "attributes": [  ],
            "backendNodeId": 10,
            "childNodeCount": 18,
            "localName": "head",
            "nodeId": 12,
            "nodeName": "HEAD",
            "nodeType": 1,
            "nodeValue": "",
            "parentId": 11
         } ],
         "frameId": "(3EC11E6B3D085BD4CAD7029AEA72A3D4)",
         "localName": "html",
         "nodeId": 11,
         "nodeName": "HTML",
         "nodeType": 1,
         "nodeValue": "",
         "parentId": 9
      } ],
      "documentURL": "https://translate.google.com/#en/es/Market",
      "localName": "",
      "nodeId": 9,
      "nodeName": "#document",
      "nodeType": 9,
      "nodeValue": "",
      "xmlVersion": ""
   }
}
[5.058][DEBUG]: DEVTOOLS COMMAND Runtime.evaluate (id=15) {
   "expression": "1"
}
[5.230][DEBUG]: DEVTOOLS EVENT DOM.childNodeCountUpdated {
   "childNodeCount": 19,
   "nodeId": 12
}
[5.230][DEBUG]: DEVTOOLS EVENT DOM.childNodeCountUpdated {
   "childNodeCount": 20,
   "nodeId": 12
}
[5.230][DEBUG]: DEVTOOLS EVENT DOM.childNodeCountUpdated {
   "childNodeCount": 21,
   "nodeId": 12
}
[5.230][DEBUG]: DEVTOOLS EVENT DOM.childNodeCountUpdated {
   "childNodeCount": 22,
   "nodeId": 12
}
[5.230][DEBUG]: DEVTOOLS EVENT DOM.childNodeInserted {
   "node": {
      "attributes": [ "dir", "ltr", "onload", "window.jstiming.load['tick']('ol');", "class", "e_md nj pre-epu" ],
      "backendNodeId": 11,
      "childNodeCount": 0,
      "localName": "body",
      "nodeId": 13,
      "nodeName": "BODY",
      "nodeType": 1,
      "nodeValue": ""
   },
   "parentNodeId": 11,
   "previousNodeId": 12
}
[5.230][DEBUG]: DEVTOOLS EVENT DOM.childNodeCountUpdated {
   "childNodeCount": 1,
   "nodeId": 13
}
[5.230][DEBUG]: DEVTOOLS EVENT DOM.childNodeCountUpdated {
   "childNodeCount": 2,
   "nodeId": 13
}
[5.230][DEBUG]: DEVTOOLS RESPONSE Runtime.evaluate (id=15) {
   "result": {
      "description": "1",
      "type": "number",
      "value": 1
   }
}
[5.248][DEBUG]: DEVTOOLS EVENT DOM.childNodeCountUpdated {
   "childNodeCount": 3,
   "nodeId": 13
}
[5.248][DEBUG]: DEVTOOLS COMMAND Runtime.evaluate (id=16) {
   "expression": "1"
}
[5.249][DEBUG]: DEVTOOLS EVENT DOM.attributeModified {
   "name": "class",
   "nodeId": 13,
   "value": "e_md  pre-epu"
}
[5.249][DEBUG]: DEVTOOLS EVENT DOM.childNodeCountUpdated {
   "childNodeCount": 4,
   "nodeId": 13
}
[5.360][DEBUG]: DEVTOOLS RESPONSE Runtime.evaluate (id=16) {
   "result": {
      "description": "1",
      "type": "number",
      "value": 1
   }
}
[5.390][DEBUG]: DEVTOOLS EVENT Page.lifecycleEvent {
   "frameId": "(3EC11E6B3D085BD4CAD7029AEA72A3D4)",
   "name": "firstPaint",
   "timestamp": 684.711136
}
[5.390][DEBUG]: DEVTOOLS EVENT Page.lifecycleEvent {
   "frameId": "(3EC11E6B3D085BD4CAD7029AEA72A3D4)",
   "name": "firstContentfulPaint",
   "timestamp": 684.711142
}
[5.390][DEBUG]: DEVTOOLS EVENT Page.lifecycleEvent {
   "frameId": "(3EC11E6B3D085BD4CAD7029AEA72A3D4)",
   "name": "firstTextPaint",
   "timestamp": 684.711143
}
[5.390][DEBUG]: DEVTOOLS EVENT Page.lifecycleEvent {
   "frameId": "(3EC11E6B3D085BD4CAD7029AEA72A3D4)",
   "name": "firstImagePaint",
   "timestamp": 684.711144
}
[5.390][DEBUG]: DEVTOOLS EVENT Page.lifecycleEvent {
   "frameId": "(3EC11E6B3D085BD4CAD7029AEA72A3D4)",
   "name": "firstMeaningfulPaintCandidate",
   "timestamp": 684.711146
}
[5.390][DEBUG]: DEVTOOLS COMMAND Runtime.evaluate (id=17) {
   "expression": "1"
}
[5.506][DEBUG]: DEVTOOLS RESPONSE Runtime.evaluate (id=17) {
   "result": {
      "description": "1",
      "type": "number",
      "value": 1
   }
}
[5.597][DEBUG]: DEVTOOLS EVENT DOM.childNodeCountUpdated {
   "childNodeCount": 23,
   "nodeId": 12
}
[5.597][DEBUG]: DEVTOOLS COMMAND Runtime.evaluate (id=18) {
   "expression": "1"
}
[6.495][DEBUG]: DEVTOOLS EVENT DOM.attributeModified {
   "name": "class",
   "nodeId": 13,
   "value": "e_md pre-epu"
}
[6.495][DEBUG]: DEVTOOLS EVENT DOM.childNodeCountUpdated {
   "childNodeCount": 5,
   "nodeId": 13
}
[6.495][DEBUG]: DEVTOOLS EVENT DOM.childNodeCountUpdated {
   "childNodeCount": 4,
   "nodeId": 13
}
[6.495][DEBUG]: DEVTOOLS EVENT DOM.childNodeCountUpdated {
   "childNodeCount": 5,
   "nodeId": 13
}
[6.495][DEBUG]: DEVTOOLS EVENT DOM.childNodeCountUpdated {
   "childNodeCount": 6,
   "nodeId": 13
}
[6.496][DEBUG]: DEVTOOLS EVENT DOM.childNodeCountUpdated {
   "childNodeCount": 7,
   "nodeId": 13
}
[6.496][DEBUG]: DEVTOOLS EVENT DOM.childNodeCountUpdated {
   "childNodeCount": 8,
   "nodeId": 13
}
[6.496][DEBUG]: DEVTOOLS EVENT DOM.childNodeCountUpdated {
   "childNodeCount": 7,
   "nodeId": 13
}
[6.496][DEBUG]: DEVTOOLS EVENT DOM.childNodeCountUpdated {
   "childNodeCount": 6,
   "nodeId": 13
}
[6.496][DEBUG]: DEVTOOLS EVENT DOM.childNodeCountUpdated {
   "childNodeCount": 7,
   "nodeId": 13
}
[6.497][DEBUG]: DEVTOOLS EVENT DOM.childNodeCountUpdated {
   "childNodeCount": 8,
   "nodeId": 13
}
[6.497][DEBUG]: DEVTOOLS EVENT DOM.childNodeCountUpdated {
   "childNodeCount": 9,
   "nodeId": 13
}
[6.497][DEBUG]: DEVTOOLS EVENT DOM.childNodeCountUpdated {
   "childNodeCount": 10,
   "nodeId": 13
}
[6.497][DEBUG]: DEVTOOLS EVENT DOM.childNodeCountUpdated {
   "childNodeCount": 11,
   "nodeId": 13
}
[6.497][DEBUG]: DEVTOOLS EVENT DOM.childNodeCountUpdated {
   "childNodeCount": 12,
   "nodeId": 13
}
[6.497][DEBUG]: DEVTOOLS EVENT DOM.childNodeCountUpdated {
   "childNodeCount": 13,
   "nodeId": 13
}
[6.498][DEBUG]: DEVTOOLS EVENT DOM.childNodeCountUpdated {
   "childNodeCount": 14,
   "nodeId": 13
}
[6.498][DEBUG]: DEVTOOLS EVENT DOM.childNodeCountUpdated {
   "childNodeCount": 15,
   "nodeId": 13
}
[6.498][DEBUG]: DEVTOOLS EVENT DOM.childNodeCountUpdated {
   "childNodeCount": 14,
   "nodeId": 13
}
[6.498][DEBUG]: DEVTOOLS EVENT DOM.childNodeCountUpdated {
   "childNodeCount": 13,
   "nodeId": 13
}
[6.499][DEBUG]: DEVTOOLS EVENT DOM.childNodeCountUpdated {
   "childNodeCount": 14,
   "nodeId": 13
}
[6.499][DEBUG]: DEVTOOLS EVENT DOM.childNodeCountUpdated {
   "childNodeCount": 24,
   "nodeId": 12
}
[6.499][DEBUG]: DEVTOOLS EVENT DOM.childNodeCountUpdated {
   "childNodeCount": 15,
   "nodeId": 13
}
[6.499][DEBUG]: DEVTOOLS EVENT DOM.childNodeCountUpdated {
   "childNodeCount": 14,
   "nodeId": 13
}
[6.499][DEBUG]: DEVTOOLS EVENT DOM.childNodeCountUpdated {
   "childNodeCount": 15,
   "nodeId": 13
}
[6.499][DEBUG]: DEVTOOLS EVENT DOM.childNodeCountUpdated {
   "childNodeCount": 14,
   "nodeId": 13
}
[6.500][DEBUG]: DEVTOOLS EVENT DOM.childNodeCountUpdated {
   "childNodeCount": 15,
   "nodeId": 13
}
[6.500][DEBUG]: DEVTOOLS EVENT DOM.childNodeCountUpdated {
   "childNodeCount": 14,
   "nodeId": 13
}
[6.500][DEBUG]: DEVTOOLS EVENT DOM.childNodeCountUpdated {
   "childNodeCount": 15,
   "nodeId": 13
}
[6.500][DEBUG]: DEVTOOLS EVENT DOM.childNodeCountUpdated {
   "childNodeCount": 14,
   "nodeId": 13
}
[6.500][DEBUG]: DEVTOOLS EVENT DOM.childNodeCountUpdated {
   "childNodeCount": 15,
   "nodeId": 13
}
[6.501][DEBUG]: DEVTOOLS EVENT DOM.childNodeCountUpdated {
   "childNodeCount": 14,
   "nodeId": 13
}
[6.501][DEBUG]: DEVTOOLS EVENT DOM.childNodeCountUpdated {
   "childNodeCount": 15,
   "nodeId": 13
}
[6.502][DEBUG]: DEVTOOLS EVENT DOM.childNodeCountUpdated {
   "childNodeCount": 14,
   "nodeId": 13
}
[6.502][DEBUG]: DEVTOOLS EVENT DOM.childNodeCountUpdated {
   "childNodeCount": 15,
   "nodeId": 13
}
[6.502][DEBUG]: DEVTOOLS EVENT DOM.childNodeCountUpdated {
   "childNodeCount": 14,
   "nodeId": 13
}
[6.502][DEBUG]: DEVTOOLS EVENT DOM.childNodeCountUpdated {
   "childNodeCount": 15,
   "nodeId": 13
}
[6.502][DEBUG]: DEVTOOLS EVENT DOM.childNodeCountUpdated {
   "childNodeCount": 14,
   "nodeId": 13
}
[6.506][DEBUG]: DEVTOOLS EVENT DOM.childNodeCountUpdated {
   "childNodeCount": 15,
   "nodeId": 13
}
[6.506][DEBUG]: DEVTOOLS EVENT DOM.childNodeCountUpdated {
   "childNodeCount": 14,
   "nodeId": 13
}
[6.510][DEBUG]: DEVTOOLS EVENT DOM.childNodeCountUpdated {
   "childNodeCount": 15,
   "nodeId": 13
}
[6.514][DEBUG]: DEVTOOLS EVENT DOM.childNodeCountUpdated {
   "childNodeCount": 14,
   "nodeId": 13
}
[6.518][DEBUG]: DEVTOOLS EVENT DOM.childNodeCountUpdated {
   "childNodeCount": 15,
   "nodeId": 13
}
[6.518][DEBUG]: DEVTOOLS EVENT DOM.childNodeCountUpdated {
   "childNodeCount": 14,
   "nodeId": 13
}
[6.518][DEBUG]: DEVTOOLS EVENT DOM.childNodeCountUpdated {
   "childNodeCount": 15,
   "nodeId": 13
}
[6.518][DEBUG]: DEVTOOLS EVENT DOM.childNodeCountUpdated {
   "childNodeCount": 14,
   "nodeId": 13
}
[6.518][DEBUG]: DEVTOOLS EVENT DOM.childNodeCountUpdated {
   "childNodeCount": 15,
   "nodeId": 13
}
[6.518][DEBUG]: DEVTOOLS EVENT DOM.childNodeCountUpdated {
   "childNodeCount": 14,
   "nodeId": 13
}
[6.519][DEBUG]: DEVTOOLS EVENT DOM.childNodeCountUpdated {
   "childNodeCount": 15,
   "nodeId": 13
}
[6.527][DEBUG]: DEVTOOLS EVENT DOM.childNodeCountUpdated {
   "childNodeCount": 14,
   "nodeId": 13
}
[6.527][DEBUG]: DEVTOOLS EVENT DOM.childNodeCountUpdated {
   "childNodeCount": 15,
   "nodeId": 13
}
[6.527][DEBUG]: DEVTOOLS EVENT DOM.childNodeCountUpdated {
   "childNodeCount": 14,
   "nodeId": 13
}
[6.527][DEBUG]: DEVTOOLS EVENT DOM.childNodeCountUpdated {
   "childNodeCount": 15,
   "nodeId": 13
}
[6.527][DEBUG]: DEVTOOLS EVENT DOM.childNodeCountUpdated {
   "childNodeCount": 14,
   "nodeId": 13
}
[6.528][DEBUG]: DEVTOOLS EVENT DOM.childNodeCountUpdated {
   "childNodeCount": 25,
   "nodeId": 12
}
[6.528][DEBUG]: DEVTOOLS EVENT DOM.childNodeCountUpdated {
   "childNodeCount": 26,
   "nodeId": 12
}
[6.528][DEBUG]: DEVTOOLS EVENT DOM.childNodeCountUpdated {
   "childNodeCount": 27,
   "nodeId": 12
}
[6.528][DEBUG]: DEVTOOLS EVENT DOM.childNodeCountUpdated {
   "childNodeCount": 15,
   "nodeId": 13
}
[6.529][DEBUG]: DEVTOOLS EVENT DOM.childNodeCountUpdated {
   "childNodeCount": 14,
   "nodeId": 13
}
[6.531][DEBUG]: DEVTOOLS EVENT DOM.childNodeCountUpdated {
   "childNodeCount": 28,
   "nodeId": 12
}
[6.531][DEBUG]: DEVTOOLS EVENT DOM.childNodeCountUpdated {
   "childNodeCount": 15,
   "nodeId": 13
}
[6.531][DEBUG]: DEVTOOLS EVENT DOM.childNodeCountUpdated {
   "childNodeCount": 14,
   "nodeId": 13
}
[6.532][DEBUG]: DEVTOOLS EVENT Page.domContentEventFired {
   "timestamp": 685.867026
}
[6.532][DEBUG]: DEVTOOLS EVENT Page.lifecycleEvent {
   "frameId": "(3EC11E6B3D085BD4CAD7029AEA72A3D4)",
   "name": "DOMContentLoaded",
   "timestamp": 685.867026
}
[6.532][DEBUG]: DEVTOOLS EVENT DOM.documentUpdated {

}
[6.532][DEBUG]: DEVTOOLS COMMAND DOM.getDocument (id=19) {

}
[6.534][DEBUG]: DEVTOOLS RESPONSE Runtime.evaluate (id=18) {
   "result": {
      "description": "1",
      "type": "number",
      "value": 1
   }
}
[6.671][DEBUG]: DEVTOOLS RESPONSE DOM.getDocument (id=19) {
   "root": {
      "backendNodeId": 7,
      "baseURL": "https://translate.google.com/#en/es/Market",
      "childNodeCount": 2,
      "children": [ {
         "backendNodeId": 8,
         "localName": "",
         "nodeId": 15,
         "nodeName": "html",
         "nodeType": 10,
         "nodeValue": "",
         "parentId": 14,
         "publicId": "",
         "systemId": ""
      }, {
         "attributes": [  ],
         "backendNodeId": 9,
         "childNodeCount": 2,
         "children": [ {
            "attributes": [  ],
            "backendNodeId": 10,
            "childNodeCount": 28,
            "localName": "head",
            "nodeId": 17,
            "nodeName": "HEAD",
            "nodeType": 1,
            "nodeValue": "",
            "parentId": 16
         }, {
            "attributes": [ "dir", "ltr", "onload", "window.jstiming.load['tick']('ol');", "class", "e_md pre-epu" ],
            "backendNodeId": 11,
            "childNodeCount": 14,
            "localName": "body",
            "nodeId": 18,
            "nodeName": "BODY",
            "nodeType": 1,
            "nodeValue": "",
            "parentId": 16
         } ],
         "frameId": "(3EC11E6B3D085BD4CAD7029AEA72A3D4)",
         "localName": "html",
         "nodeId": 16,
         "nodeName": "HTML",
         "nodeType": 1,
         "nodeValue": "",
         "parentId": 14
      } ],
      "documentURL": "https://translate.google.com/#en/es/Market",
      "localName": "",
      "nodeId": 14,
      "nodeName": "#document",
      "nodeType": 9,
      "nodeValue": "",
      "xmlVersion": ""
   }
}
[6.893][DEBUG]: DEVTOOLS EVENT DOM.childNodeCountUpdated {
   "childNodeCount": 29,
   "nodeId": 17
}
[6.893][DEBUG]: DEVTOOLS EVENT DOM.childNodeCountUpdated {
   "childNodeCount": 15,
   "nodeId": 18
}
[6.893][DEBUG]: DEVTOOLS EVENT DOM.childNodeCountUpdated {
   "childNodeCount": 16,
   "nodeId": 18
}
[6.893][DEBUG]: DEVTOOLS EVENT DOM.childNodeCountUpdated {
   "childNodeCount": 17,
   "nodeId": 18
}
[6.893][DEBUG]: DEVTOOLS EVENT DOM.childNodeCountUpdated {
   "childNodeCount": 18,
   "nodeId": 18
}
[6.893][DEBUG]: DEVTOOLS EVENT DOM.childNodeCountUpdated {
   "childNodeCount": 19,
   "nodeId": 18
}
[6.893][DEBUG]: DEVTOOLS EVENT DOM.childNodeCountUpdated {
   "childNodeCount": 30,
   "nodeId": 17
}
[6.893][DEBUG]: DEVTOOLS EVENT DOM.childNodeCountUpdated {
   "childNodeCount": 20,
   "nodeId": 18
}
[6.893][DEBUG]: DEVTOOLS EVENT DOM.childNodeCountUpdated {
   "childNodeCount": 21,
   "nodeId": 18
}
[6.893][DEBUG]: DEVTOOLS EVENT DOM.childNodeCountUpdated {
   "childNodeCount": 20,
   "nodeId": 18
}
[6.893][DEBUG]: DEVTOOLS EVENT DOM.childNodeCountUpdated {
   "childNodeCount": 19,
   "nodeId": 18
}
[6.893][DEBUG]: DEVTOOLS EVENT DOM.childNodeCountUpdated {
   "childNodeCount": 20,
   "nodeId": 18
}
[6.893][DEBUG]: DEVTOOLS EVENT DOM.childNodeCountUpdated {
   "childNodeCount": 31,
   "nodeId": 17
}
[6.893][DEBUG]: DEVTOOLS EVENT DOM.childNodeCountUpdated {
   "childNodeCount": 32,
   "nodeId": 17
}
[6.893][DEBUG]: DEVTOOLS COMMAND Runtime.evaluate (id=20) {
   "expression": "1"
}
[6.962][DEBUG]: DEVTOOLS EVENT Page.lifecycleEvent {
   "frameId": "(3EC11E6B3D085BD4CAD7029AEA72A3D4)",
   "name": "firstMeaningfulPaintCandidate",
   "timestamp": 686.044807
}
[6.988][DEBUG]: DEVTOOLS RESPONSE Runtime.evaluate (id=20) {
   "result": {
      "description": "1",
      "type": "number",
      "value": 1
   }
}
[7.029][DEBUG]: DEVTOOLS EVENT Runtime.exceptionThrown {
   "exceptionDetails": {
      "columnNumber": 474,
      "exception": {
         "className": "TypeError",
         "description": "TypeError: Cannot convert undefined or null to object\n    at Image.b.onload.b.onerror (https://translate.google.com/translate/releases/twsfe_w_20180827_RC01/r/js/desktop_module_main.js:839:475)",
         "objectId": "{\"injectedScriptId\":4,\"id\":1}",
         "preview": {
            "description": "TypeError: Cannot convert undefined or null to object\n    at Image.b.onload.b.onerror (https://translate.google.com/translate/releases/twsfe_w_20180827_RC01/r/js/desktop_module_main.js:839:475)",
            "overflow": false,
            "properties": [ {
               "name": "stack",
               "type": "string",
               "value": "TypeError: Cannot convert undefined or null to obj…0180827_RC01/r/js/desktop_module_main.js:839:475)"
            }, {
               "name": "message",
               "type": "string",
               "value": "Cannot convert undefined or null to object"
            } ],
            "subtype": "error",
            "type": "object"
         },
         "subtype": "error",
         "type": "object"
      },
      "exceptionId": 1,
      "executionContextId": 4,
      "lineNumber": 838,
      "stackTrace": {
         "callFrames": [ {
            "columnNumber": 474,
            "functionName": "b.onload.b.onerror",
            "lineNumber": 838,
            "scriptId": "53",
            "url": "https://translate.google.com/translate/releases/twsfe_w_20180827_RC01/r/js/desktop_module_main.js"
         } ]
      },
      "text": "Uncaught",
      "url": "https://translate.google.com/translate/releases/twsfe_w_20180827_RC01/r/js/desktop_module_main.js"
   },
   "timestamp": 1535700826242.99
}
[7.029][DEBUG]: DEVTOOLS COMMAND Runtime.evaluate (id=21) {
   "expression": "1"
}
[7.129][DEBUG]: DEVTOOLS EVENT DOM.childNodeCountUpdated {
   "childNodeCount": 21,
   "nodeId": 18
}
[7.198][DEBUG]: DEVTOOLS RESPONSE Runtime.evaluate (id=21) {
   "result": {
      "description": "1",
      "type": "number",
      "value": 1
   }
}
[7.201][DEBUG]: DEVTOOLS EVENT Page.loadEventFired {
   "timestamp": 686.562302
}
[7.201][DEBUG]: DEVTOOLS COMMAND Runtime.evaluate (id=22) {
   "expression": "1"
}
[7.201][DEBUG]: DEVTOOLS EVENT Page.lifecycleEvent {
   "frameId": "(3EC11E6B3D085BD4CAD7029AEA72A3D4)",
   "name": "load",
   "timestamp": 686.562302
}
[7.201][DEBUG]: DEVTOOLS EVENT Page.frameStoppedLoading {
   "frameId": "(3EC11E6B3D085BD4CAD7029AEA72A3D4)"
}
[7.217][DEBUG]: DEVTOOLS RESPONSE Runtime.evaluate (id=22) {
   "result": {
      "description": "1",
      "type": "number",
      "value": 1
   }
}
[7.217][INFO]: Done waiting for pending navigations. Status: ok
[7.217][INFO]: RESPONSE Navigate
[7.234][INFO]: COMMAND FindElements {
   "using": "css selector",
   "value": "#gt-src-c"
}
[7.234][INFO]: Waiting for pending navigations...
[7.234][DEBUG]: DEVTOOLS COMMAND Runtime.evaluate (id=23) {
   "expression": "1"
}
[7.248][DEBUG]: DEVTOOLS RESPONSE Runtime.evaluate (id=23) {
   "result": {
      "description": "1",
      "type": "number",
      "value": 1
   }
}
[7.248][INFO]: Done waiting for pending navigations. Status: ok
[7.252][DEBUG]: DEVTOOLS COMMAND Runtime.evaluate (id=24) {
   "expression": "(function() { // Copyright (c) 2012 The Chromium Authors. All rights reserved.\n// Use of this source code is governed by a BSD-style license that can be\n// found in the LICENSE file.\n\n/**\n * Enum f...",
   "returnByValue": true
}
[7.292][DEBUG]: DEVTOOLS RESPONSE Runtime.evaluate (id=24) {
   "result": {
      "type": "object",
      "value": {
         "status": 0,
         "value": [ {
            "ELEMENT": "0.0076831180801151255-1"
         } ]
      }
   }
}
[7.292][INFO]: Waiting for pending navigations...
[7.292][DEBUG]: DEVTOOLS COMMAND Runtime.evaluate (id=25) {
   "expression": "1"
}
[7.293][DEBUG]: DEVTOOLS RESPONSE Runtime.evaluate (id=25) {
   "result": {
      "description": "1",
      "type": "number",
      "value": 1
   }
}
[7.293][INFO]: Done waiting for pending navigations. Status: ok
[7.293][INFO]: RESPONSE FindElements [ {
   "ELEMENT": "0.0076831180801151255-1"
} ]
[7.318][INFO]: COMMAND IsElementDisplayed {
   "id": "0.0076831180801151255-1"
}
[7.319][INFO]: Waiting for pending navigations...
[7.319][DEBUG]: DEVTOOLS COMMAND Runtime.evaluate (id=26) {
   "expression": "1"
}
[7.327][DEBUG]: DEVTOOLS RESPONSE Runtime.evaluate (id=26) {
   "result": {
      "description": "1",
      "type": "number",
      "value": 1
   }
}
[7.327][INFO]: Done waiting for pending navigations. Status: ok
[7.329][DEBUG]: DEVTOOLS COMMAND Runtime.evaluate (id=27) {
   "expression": "(function() { // Copyright (c) 2012 The Chromium Authors. All rights reserved.\n// Use of this source code is governed by a BSD-style license that can be\n// found in the LICENSE file.\n\n/**\n * Enum f...",
   "returnByValue": true
}
[7.379][DEBUG]: DEVTOOLS RESPONSE Runtime.evaluate (id=27) {
   "result": {
      "type": "object",
      "value": {
         "status": 0,
         "value": true
      }
   }
}
[7.379][INFO]: Waiting for pending navigations...
[7.379][DEBUG]: DEVTOOLS COMMAND Runtime.evaluate (id=28) {
   "expression": "1"
}
[7.380][DEBUG]: DEVTOOLS RESPONSE Runtime.evaluate (id=28) {
   "result": {
      "description": "1",
      "type": "number",
      "value": 1
   }
}
[7.380][INFO]: Done waiting for pending navigations. Status: ok
[7.380][INFO]: RESPONSE IsElementDisplayed true
[7.394][INFO]: COMMAND FindChildElements {
   "id": "0.0076831180801151255-1",
   "using": "css selector",
   "value": "textarea#source"
}
[7.394][INFO]: Waiting for pending navigations...
[7.394][DEBUG]: DEVTOOLS COMMAND Runtime.evaluate (id=29) {
   "expression": "1"
}
[7.395][DEBUG]: DEVTOOLS RESPONSE Runtime.evaluate (id=29) {
   "result": {
      "description": "1",
      "type": "number",
      "value": 1
   }
}
[7.395][INFO]: Done waiting for pending navigations. Status: ok
[7.398][DEBUG]: DEVTOOLS COMMAND Runtime.evaluate (id=30) {
   "expression": "(function() { // Copyright (c) 2012 The Chromium Authors. All rights reserved.\n// Use of this source code is governed by a BSD-style license that can be\n// found in the LICENSE file.\n\n/**\n * Enum f...",
   "returnByValue": true
}
[7.434][DEBUG]: DEVTOOLS RESPONSE Runtime.evaluate (id=30) {
   "result": {
      "type": "object",
      "value": {
         "status": 0,
         "value": [ {
            "ELEMENT": "0.0076831180801151255-2"
         } ]
      }
   }
}
[7.434][INFO]: Waiting for pending navigations...
[7.434][DEBUG]: DEVTOOLS COMMAND Runtime.evaluate (id=31) {
   "expression": "1"
}
[7.436][DEBUG]: DEVTOOLS RESPONSE Runtime.evaluate (id=31) {
   "result": {
      "description": "1",
      "type": "number",
      "value": 1
   }
}
[7.436][INFO]: Done waiting for pending navigations. Status: ok
[7.436][INFO]: RESPONSE FindChildElements [ {
   "ELEMENT": "0.0076831180801151255-2"
} ]
[7.441][INFO]: COMMAND IsElementDisplayed {
   "id": "0.0076831180801151255-2"
}
[7.441][INFO]: Waiting for pending navigations...
[7.442][DEBUG]: DEVTOOLS COMMAND Runtime.evaluate (id=32) {
   "expression": "1"
}
[7.453][DEBUG]: DEVTOOLS RESPONSE Runtime.evaluate (id=32) {
   "result": {
      "description": "1",
      "type": "number",
      "value": 1
   }
}
[7.453][INFO]: Done waiting for pending navigations. Status: ok
[7.459][DEBUG]: DEVTOOLS COMMAND Runtime.evaluate (id=33) {
   "expression": "(function() { // Copyright (c) 2012 The Chromium Authors. All rights reserved.\n// Use of this source code is governed by a BSD-style license that can be\n// found in the LICENSE file.\n\n/**\n * Enum f...",
   "returnByValue": true
}
[7.490][DEBUG]: DEVTOOLS RESPONSE Runtime.evaluate (id=33) {
   "result": {
      "type": "object",
      "value": {
         "status": 0,
         "value": true
      }
   }
}
[7.490][INFO]: Waiting for pending navigations...
[7.490][DEBUG]: DEVTOOLS COMMAND Runtime.evaluate (id=34) {
   "expression": "1"
}
[7.491][DEBUG]: DEVTOOLS RESPONSE Runtime.evaluate (id=34) {
   "result": {
      "description": "1",
      "type": "number",
      "value": 1
   }
}
[7.491][INFO]: Done waiting for pending navigations. Status: ok
[7.492][INFO]: RESPONSE IsElementDisplayed true
[7.526][INFO]: COMMAND ClearElement {
   "id": "0.0076831180801151255-2"
}
[7.526][DEBUG]: DEVTOOLS EVENT Page.lifecycleEvent {
   "frameId": "(3EC11E6B3D085BD4CAD7029AEA72A3D4)",
   "name": "firstMeaningfulPaint",
   "timestamp": 686.044807
}
[7.526][INFO]: Waiting for pending navigations...
[7.526][DEBUG]: DEVTOOLS COMMAND Runtime.evaluate (id=35) {
   "expression": "1"
}
[7.534][DEBUG]: DEVTOOLS RESPONSE Runtime.evaluate (id=35) {
   "result": {
      "description": "1",
      "type": "number",
      "value": 1
   }
}
[7.534][INFO]: Done waiting for pending navigations. Status: ok
[7.540][DEBUG]: DEVTOOLS COMMAND Runtime.evaluate (id=36) {
   "expression": "(function() { // Copyright (c) 2012 The Chromium Authors. All rights reserved.\n// Use of this source code is governed by a BSD-style license that can be\n// found in the LICENSE file.\n\n/**\n * Enum f...",
   "returnByValue": true
}
[7.590][DEBUG]: DEVTOOLS RESPONSE Runtime.evaluate (id=36) {
   "result": {
      "type": "object",
      "value": {
         "status": 0,
         "value": null
      }
   }
}
[7.590][INFO]: Waiting for pending navigations...
[7.590][DEBUG]: DEVTOOLS COMMAND Runtime.evaluate (id=37) {
   "expression": "1"
}
[7.594][DEBUG]: DEVTOOLS RESPONSE Runtime.evaluate (id=37) {
   "result": {
      "description": "1",
      "type": "number",
      "value": 1
   }
}
[7.594][INFO]: Done waiting for pending navigations. Status: ok
[7.594][INFO]: RESPONSE ClearElement
[7.602][INFO]: COMMAND TypeElement {
   "id": "0.0076831180801151255-2",
   "text": "12345",
   "value": [ "1", "2", "3", "4", "5" ]
}
[7.602][INFO]: Waiting for pending navigations...
[7.602][DEBUG]: DEVTOOLS COMMAND Runtime.evaluate (id=38) {
   "expression": "1"
}
[7.603][DEBUG]: DEVTOOLS RESPONSE Runtime.evaluate (id=38) {
   "result": {
      "description": "1",
      "type": "number",
      "value": 1
   }
}
[7.603][INFO]: Done waiting for pending navigations. Status: ok
[7.603][DEBUG]: DEVTOOLS COMMAND Runtime.evaluate (id=39) {
   "expression": "(function() { // Copyright (c) 2012 The Chromium Authors. All rights reserved.\n// Use of this source code is governed by a BSD-style license that can be\n// found in the LICENSE file.\n\n/**\n * Enum f...",
   "returnByValue": true
}
[7.612][DEBUG]: DEVTOOLS RESPONSE Runtime.evaluate (id=39) {
   "result": {
      "type": "object",
      "value": {
         "status": 0,
         "value": "TEXTAREA"
      }
   }
}
[7.613][DEBUG]: DEVTOOLS COMMAND Runtime.evaluate (id=40) {
   "expression": "(function() { // Copyright (c) 2012 The Chromium Authors. All rights reserved.\n// Use of this source code is governed by a BSD-style license that can be\n// found in the LICENSE file.\n\n/**\n * Enum f...",
   "returnByValue": true
}
[7.619][DEBUG]: DEVTOOLS RESPONSE Runtime.evaluate (id=40) {
   "result": {
      "type": "object",
      "value": {
         "status": 0,
         "value": "textarea"
      }
   }
}
[7.622][DEBUG]: DEVTOOLS COMMAND Runtime.evaluate (id=41) {
   "expression": "(function() { // Copyright (c) 2012 The Chromium Authors. All rights reserved.\n// Use of this source code is governed by a BSD-style license that can be\n// found in the LICENSE file.\n\n/**\n * Enum f...",
   "returnByValue": true
}
[7.647][DEBUG]: DEVTOOLS RESPONSE Runtime.evaluate (id=41) {
   "result": {
      "type": "object",
      "value": {
         "status": 0,
         "value": true
      }
   }
}
[7.649][DEBUG]: DEVTOOLS COMMAND Runtime.evaluate (id=42) {
   "expression": "(function() { // Copyright (c) 2012 The Chromium Authors. All rights reserved.\n// Use of this source code is governed by a BSD-style license that can be\n// found in the LICENSE file.\n\n/**\n * Enum f...",
   "returnByValue": true
}
[7.667][DEBUG]: DEVTOOLS RESPONSE Runtime.evaluate (id=42) {
   "result": {
      "type": "object",
      "value": {
         "status": 0,
         "value": true
      }
   }
}
[7.668][DEBUG]: DEVTOOLS COMMAND Runtime.evaluate (id=43) {
   "expression": "(function() { // Copyright (c) 2012 The Chromium Authors. All rights reserved.\n// Use of this source code is governed by a BSD-style license that can be\n// found in the LICENSE file.\n\n/**\n * Enum f...",
   "returnByValue": true
}
[7.674][DEBUG]: DEVTOOLS RESPONSE Runtime.evaluate (id=43) {
   "result": {
      "type": "object",
      "value": {
         "status": 0,
         "value": null
      }
   }
}
[7.677][DEBUG]: DEVTOOLS COMMAND Input.dispatchKeyEvent (id=44) {
   "code": "Digit1",
   "key": "1",
   "modifiers": 0,
   "text": "1",
   "type": "rawKeyDown",
   "unmodifiedText": "1",
   "windowsVirtualKeyCode": 49
}
[7.688][DEBUG]: DEVTOOLS RESPONSE Input.dispatchKeyEvent (id=44) {

}
[7.688][DEBUG]: DEVTOOLS COMMAND Input.dispatchKeyEvent (id=45) {
   "code": "Digit1",
   "key": "1",
   "modifiers": 0,
   "text": "1",
   "type": "char",
   "unmodifiedText": "1",
   "windowsVirtualKeyCode": 49
}
[7.694][DEBUG]: DEVTOOLS RESPONSE Input.dispatchKeyEvent (id=45) {

}
[7.694][DEBUG]: DEVTOOLS COMMAND Input.dispatchKeyEvent (id=46) {
   "code": "Digit1",
   "key": "1",
   "modifiers": 0,
   "text": "1",
   "type": "keyUp",
   "unmodifiedText": "1",
   "windowsVirtualKeyCode": 49
}
[7.696][DEBUG]: DEVTOOLS RESPONSE Input.dispatchKeyEvent (id=46) {

}
[7.696][DEBUG]: DEVTOOLS COMMAND Input.dispatchKeyEvent (id=47) {
   "code": "Digit2",
   "key": "2",
   "modifiers": 0,
   "text": "2",
   "type": "rawKeyDown",
   "unmodifiedText": "2",
   "windowsVirtualKeyCode": 50
}
[7.729][DEBUG]: DEVTOOLS RESPONSE Input.dispatchKeyEvent (id=47) {

}
[7.729][DEBUG]: DEVTOOLS COMMAND Input.dispatchKeyEvent (id=48) {
   "code": "Digit2",
   "key": "2",
   "modifiers": 0,
   "text": "2",
   "type": "char",
   "unmodifiedText": "2",
   "windowsVirtualKeyCode": 50
}
[7.729][DEBUG]: DEVTOOLS EVENT DOM.childNodeCountUpdated {
   "childNodeCount": 33,
   "nodeId": 17
}
[7.746][DEBUG]: DEVTOOLS RESPONSE Input.dispatchKeyEvent (id=48) {

}
[7.746][DEBUG]: DEVTOOLS COMMAND Input.dispatchKeyEvent (id=49) {
   "code": "Digit2",
   "key": "2",
   "modifiers": 0,
   "text": "2",
   "type": "keyUp",
   "unmodifiedText": "2",
   "windowsVirtualKeyCode": 50
}
[7.752][DEBUG]: DEVTOOLS EVENT DOM.childNodeCountUpdated {
   "childNodeCount": 32,
   "nodeId": 17
}
[7.768][DEBUG]: DEVTOOLS RESPONSE Input.dispatchKeyEvent (id=49) {

}
[7.768][DEBUG]: DEVTOOLS COMMAND Input.dispatchKeyEvent (id=50) {
   "code": "Digit3",
   "key": "3",
   "modifiers": 0,
   "text": "3",
   "type": "rawKeyDown",
   "unmodifiedText": "3",
   "windowsVirtualKeyCode": 51
}
[7.773][DEBUG]: DEVTOOLS RESPONSE Input.dispatchKeyEvent (id=50) {

}
[7.773][DEBUG]: DEVTOOLS COMMAND Input.dispatchKeyEvent (id=51) {
   "code": "Digit3",
   "key": "3",
   "modifiers": 0,
   "text": "3",
   "type": "char",
   "unmodifiedText": "3",
   "windowsVirtualKeyCode": 51
}
[7.780][DEBUG]: DEVTOOLS RESPONSE Input.dispatchKeyEvent (id=51) {

}
[7.780][DEBUG]: DEVTOOLS COMMAND Input.dispatchKeyEvent (id=52) {
   "code": "Digit3",
   "key": "3",
   "modifiers": 0,
   "text": "3",
   "type": "keyUp",
   "unmodifiedText": "3",
   "windowsVirtualKeyCode": 51
}
[7.794][DEBUG]: DEVTOOLS RESPONSE Input.dispatchKeyEvent (id=52) {

}
[7.794][DEBUG]: DEVTOOLS COMMAND Input.dispatchKeyEvent (id=53) {
   "code": "Digit4",
   "key": "4",
   "modifiers": 0,
   "text": "4",
   "type": "rawKeyDown",
   "unmodifiedText": "4",
   "windowsVirtualKeyCode": 52
}
[7.798][DEBUG]: DEVTOOLS RESPONSE Input.dispatchKeyEvent (id=53) {

}
[7.799][DEBUG]: DEVTOOLS COMMAND Input.dispatchKeyEvent (id=54) {
   "code": "Digit4",
   "key": "4",
   "modifiers": 0,
   "text": "4",
   "type": "char",
   "unmodifiedText": "4",
   "windowsVirtualKeyCode": 52
}
[7.802][DEBUG]: DEVTOOLS RESPONSE Input.dispatchKeyEvent (id=54) {

}
[7.802][DEBUG]: DEVTOOLS COMMAND Input.dispatchKeyEvent (id=55) {
   "code": "Digit4",
   "key": "4",
   "modifiers": 0,
   "text": "4",
   "type": "keyUp",
   "unmodifiedText": "4",
   "windowsVirtualKeyCode": 52
}
[7.811][DEBUG]: DEVTOOLS RESPONSE Input.dispatchKeyEvent (id=55) {

}
[7.811][DEBUG]: DEVTOOLS COMMAND Input.dispatchKeyEvent (id=56) {
   "code": "Digit5",
   "key": "5",
   "modifiers": 0,
   "text": "5",
   "type": "rawKeyDown",
   "unmodifiedText": "5",
   "windowsVirtualKeyCode": 53
}
[7.815][DEBUG]: DEVTOOLS RESPONSE Input.dispatchKeyEvent (id=56) {

}
[7.815][DEBUG]: DEVTOOLS COMMAND Input.dispatchKeyEvent (id=57) {
   "code": "Digit5",
   "key": "5",
   "modifiers": 0,
   "text": "5",
   "type": "char",
   "unmodifiedText": "5",
   "windowsVirtualKeyCode": 53
}
[7.828][DEBUG]: DEVTOOLS RESPONSE Input.dispatchKeyEvent (id=57) {

}
[7.828][DEBUG]: DEVTOOLS COMMAND Input.dispatchKeyEvent (id=58) {
   "code": "Digit5",
   "key": "5",
   "modifiers": 0,
   "text": "5",
   "type": "keyUp",
   "unmodifiedText": "5",
   "windowsVirtualKeyCode": 53
}
[7.832][DEBUG]: DEVTOOLS RESPONSE Input.dispatchKeyEvent (id=58) {

}
[7.832][INFO]: Waiting for pending navigations...
[7.832][DEBUG]: DEVTOOLS COMMAND Runtime.evaluate (id=59) {
   "expression": "1"
}
[7.835][DEBUG]: DEVTOOLS RESPONSE Runtime.evaluate (id=59) {
   "result": {
      "description": "1",
      "type": "number",
      "value": 1
   }
}
[7.835][INFO]: Done waiting for pending navigations. Status: ok
[7.835][INFO]: RESPONSE TypeElement
[7.868][INFO]: COMMAND Screenshot {

}
[7.868][INFO]: Waiting for pending navigations...
[7.868][DEBUG]: DEVTOOLS COMMAND Runtime.evaluate (id=60) {
   "expression": "1"
}
[7.869][DEBUG]: DEVTOOLS RESPONSE Runtime.evaluate (id=60) {
   "result": {
      "description": "1",
      "type": "number",
      "value": 1
   }
}
[7.869][INFO]: Done waiting for pending navigations. Status: ok
[7.869][DEBUG]: DevTools request: http://localhost:12511/json/activate/(3EC11E6B3D085BD4CAD7029AEA72A3D4)
[7.870][DEBUG]: DevTools response: Target activated
[7.870][DEBUG]: DEVTOOLS COMMAND Page.captureScreenshot (id=61) {

}
[7.898][DEBUG]: DEVTOOLS EVENT DOM.childNodeCountUpdated {
   "childNodeCount": 33,
   "nodeId": 17
}
[7.934][DEBUG]: DEVTOOLS EVENT DOM.childNodeCountUpdated {
   "childNodeCount": 32,
   "nodeId": 17
}
[8.116][DEBUG]: DEVTOOLS RESPONSE Page.captureScreenshot (id=61) {
   "data": "iVBORw0KGgoAAAANSUhEUgAABVYAAAO+CAYAAADv/k7HAAAgAElEQVR4nOzdd3xUVf7/8fe09EYvATX0XkRABVdAlxUQF5FV3EUQu67K2r+iIO6qu2JbfhbABVEUQViK1BWFWKgRgUhHIAghtBBSIW3m/v6IGTJJJpkJSWZCXk8fPMzce+45n3NnknvyybnnmtLS0..."
}
[8.117][INFO]: Waiting for pending navigations...
[8.117][DEBUG]: DEVTOOLS COMMAND Runtime.evaluate (id=62) {
   "expression": "1"
}
[8.198][DEBUG]: DEVTOOLS EVENT Page.lifecycleEvent {
   "frameId": "(3EC11E6B3D085BD4CAD7029AEA72A3D4)",
   "name": "networkAlmostIdle",
   "timestamp": 686.362581
}
[8.198][DEBUG]: DEVTOOLS RESPONSE Runtime.evaluate (id=62) {
   "result": {
      "description": "1",
      "type": "number",
      "value": 1
   }
}
[8.198][INFO]: Done waiting for pending navigations. Status: ok
[8.198][INFO]: RESPONSE Screenshot "iVBORw0KGgoAAAANSUhEUgAABVYAAAO+CAYAAADv/k7HAAAgAElEQVR4nOzdd3xUVf7/8fe09EYvATX0XkRABVdAlxUQF5FV3EUQu67K2r+iIO6qu2JbfhbABVEUQViK1BWFWKgRgUhHIAghtBBSIW3m/v6IGTJJJpkJSWZCXk8fPMzce+45n3NnknvyybnnmtLS0..."
[8.264][INFO]: COMMAND Navigate {
   "url": "https://translate.google.com/#en/es/Market"
}
[8.264][INFO]: Waiting for pending navigations...
[8.264][DEBUG]: DEVTOOLS COMMAND Runtime.evaluate (id=63) {
   "expression": "1"
}
[8.265][DEBUG]: DEVTOOLS RESPONSE Runtime.evaluate (id=63) {
   "result": {
      "description": "1",
      "type": "number",
      "value": 1
   }
}
[8.265][INFO]: Done waiting for pending navigations. Status: ok
[8.265][DEBUG]: DEVTOOLS COMMAND Page.navigate (id=64) {
   "url": "https://translate.google.com/#en/es/Market"
}
[8.297][DEBUG]: DEVTOOLS RESPONSE Page.navigate (id=64) {
   "frameId": "(3EC11E6B3D085BD4CAD7029AEA72A3D4)"
}
[8.297][DEBUG]: DEVTOOLS COMMAND Runtime.evaluate (id=65) {
   "expression": "document.URL"
}
[8.326][DEBUG]: DEVTOOLS RESPONSE Runtime.evaluate (id=65) {
   "result": {
      "type": "string",
      "value": "https://translate.google.com/#en/es/Market"
   }
}
[8.326][INFO]: Waiting for pending navigations...
[8.326][DEBUG]: DEVTOOLS COMMAND Runtime.evaluate (id=66) {
   "expression": "1"
}
[8.375][DEBUG]: DEVTOOLS RESPONSE Runtime.evaluate (id=66) {
   "result": {
      "description": "1",
      "type": "number",
      "value": 1
   }
}
[8.375][DEBUG]: DEVTOOLS COMMAND DOM.getDocument (id=67) {

}
[8.387][DEBUG]: DEVTOOLS RESPONSE DOM.getDocument (id=67) {
   "root": {
      "backendNodeId": 7,
      "baseURL": "https://translate.google.com/#en/es/Market",
      "childNodeCount": 2,
      "children": [ {
         "backendNodeId": 8,
         "localName": "",
         "nodeId": 20,
         "nodeName": "html",
         "nodeType": 10,
         "nodeValue": "",
         "parentId": 19,
         "publicId": "",
         "systemId": ""
      }, {
         "attributes": [  ],
         "backendNodeId": 9,
         "childNodeCount": 2,
         "children": [ {
            "attributes": [  ],
            "backendNodeId": 10,
            "childNodeCount": 32,
            "localName": "head",
            "nodeId": 22,
            "nodeName": "HEAD",
            "nodeType": 1,
            "nodeValue": "",
            "parentId": 21
         }, {
            "attributes": [ "dir", "ltr", "onload", "window.jstiming.load['tick']('ol');", "class", "e_md pre-epu" ],
            "backendNodeId": 11,
            "childNodeCount": 21,
            "localName": "body",
            "nodeId": 23,
            "nodeName": "BODY",
            "nodeType": 1,
            "nodeValue": "",
            "parentId": 21
         } ],
         "frameId": "(3EC11E6B3D085BD4CAD7029AEA72A3D4)",
         "localName": "html",
         "nodeId": 21,
         "nodeName": "HTML",
         "nodeType": 1,
         "nodeValue": "",
         "parentId": 19
      } ],
      "documentURL": "https://translate.google.com/#en/es/Market",
      "localName": "",
      "nodeId": 19,
      "nodeName": "#document",
      "nodeType": 9,
      "nodeValue": "",
      "xmlVersion": ""
   }
}
[8.387][DEBUG]: DEVTOOLS COMMAND Runtime.evaluate (id=68) {
   "expression": "var isLoaded = document.readyState == 'complete' ||    document.readyState == 'interactive';if (isLoaded) {  var frame = document.createElement('iframe');  frame.name = 'chromedriver dummy frame'; ..."
}
[8.433][DEBUG]: DEVTOOLS EVENT DOM.childNodeCountUpdated {
   "childNodeCount": 22,
   "nodeId": 23
}
[8.433][DEBUG]: DEVTOOLS EVENT Page.frameAttached {
   "frameId": "(518834317C51BF37389AD5E6BB071479)",
   "parentFrameId": "(3EC11E6B3D085BD4CAD7029AEA72A3D4)",
   "stack": {
      "callFrames": [ {
         "columnNumber": 240,
         "functionName": "",
         "lineNumber": 0,
         "scriptId": "38",
         "url": ""
      } ]
   }
}
[8.433][DEBUG]: DEVTOOLS EVENT Page.lifecycleEvent {
   "frameId": "(518834317C51BF37389AD5E6BB071479)",
   "name": "DOMContentLoaded",
   "timestamp": 687.771931
}
[8.433][DEBUG]: DEVTOOLS EVENT Page.frameStartedLoading {
   "frameId": "(518834317C51BF37389AD5E6BB071479)"
}
[8.433][DEBUG]: DEVTOOLS EVENT Page.lifecycleEvent {
   "frameId": "(518834317C51BF37389AD5E6BB071479)",
   "name": "commit",
   "timestamp": 687.774138
}
[8.433][DEBUG]: DEVTOOLS EVENT Page.frameNavigated {
   "frame": {
      "id": "(518834317C51BF37389AD5E6BB071479)",
      "loaderId": "360.3",
      "mimeType": "text/html",
      "name": "chromedriver dummy frame",
      "parentId": "(3EC11E6B3D085BD4CAD7029AEA72A3D4)",
      "securityOrigin": "://",
      "url": "about:blank"
   }
}
[8.433][DEBUG]: DEVTOOLS EVENT Runtime.executionContextCreated {
   "context": {
      "auxData": {
         "frameId": "(518834317C51BF37389AD5E6BB071479)",
         "isDefault": true
      },
      "id": 5,
      "name": "",
      "origin": "https://translate.google.com"
   }
}
[8.433][DEBUG]: DEVTOOLS EVENT Page.lifecycleEvent {
   "frameId": "(518834317C51BF37389AD5E6BB071479)",
   "name": "load",
   "timestamp": 687.778691
}
[8.433][DEBUG]: DEVTOOLS EVENT Page.frameStoppedLoading {
   "frameId": "(518834317C51BF37389AD5E6BB071479)"
}
[8.433][DEBUG]: DEVTOOLS EVENT Page.lifecycleEvent {
   "frameId": "(518834317C51BF37389AD5E6BB071479)",
   "name": "DOMContentLoaded",
   "timestamp": 687.778882
}
[8.434][DEBUG]: DEVTOOLS RESPONSE Runtime.evaluate (id=68) {
   "result": {
      "description": "56",
      "type": "number",
      "value": 56
   }
}
[8.434][INFO]: Done waiting for pending navigations. Status: ok
[8.434][INFO]: RESPONSE Navigate
[8.449][INFO]: COMMAND FindElements {
   "using": "css selector",
   "value": "#gt-src-c"
}
[8.449][DEBUG]: DEVTOOLS EVENT DOM.childNodeCountUpdated {
   "childNodeCount": 21,
   "nodeId": 23
}
[8.449][DEBUG]: DEVTOOLS EVENT Runtime.executionContextDestroyed {
   "executionContextId": 5
}
[8.449][DEBUG]: DEVTOOLS EVENT Page.frameDetached {
   "frameId": "(518834317C51BF37389AD5E6BB071479)"
}
[8.449][INFO]: Waiting for pending navigations...
[8.449][DEBUG]: DEVTOOLS COMMAND Runtime.evaluate (id=69) {
   "expression": "1"
}
[8.468][DEBUG]: DEVTOOLS RESPONSE Runtime.evaluate (id=69) {
   "result": {
      "description": "1",
      "type": "number",
      "value": 1
   }
}
[8.468][INFO]: Done waiting for pending navigations. Status: ok
[8.471][DEBUG]: DEVTOOLS COMMAND Runtime.evaluate (id=70) {
   "expression": "(function() { // Copyright (c) 2012 The Chromium Authors. All rights reserved.\n// Use of this source code is governed by a BSD-style license that can be\n// found in the LICENSE file.\n\n/**\n * Enum f...",
   "returnByValue": true
}
[8.488][DEBUG]: DEVTOOLS RESPONSE Runtime.evaluate (id=70) {
   "result": {
      "type": "object",
      "value": {
         "status": 0,
         "value": [ {
            "ELEMENT": "0.0076831180801151255-1"
         } ]
      }
   }
}
[8.488][INFO]: Waiting for pending navigations...
[8.488][DEBUG]: DEVTOOLS COMMAND Runtime.evaluate (id=71) {
   "expression": "1"
}
[8.489][DEBUG]: DEVTOOLS RESPONSE Runtime.evaluate (id=71) {
   "result": {
      "description": "1",
      "type": "number",
      "value": 1
   }
}
[8.489][INFO]: Done waiting for pending navigations. Status: ok
[8.489][INFO]: RESPONSE FindElements [ {
   "ELEMENT": "0.0076831180801151255-1"
} ]
[8.510][INFO]: COMMAND IsElementDisplayed {
   "id": "0.0076831180801151255-1"
}
[8.510][INFO]: Waiting for pending navigations...
[8.510][DEBUG]: DEVTOOLS COMMAND Runtime.evaluate (id=72) {
   "expression": "1"
}
[8.512][DEBUG]: DEVTOOLS RESPONSE Runtime.evaluate (id=72) {
   "result": {
      "description": "1",
      "type": "number",
      "value": 1
   }
}
[8.512][INFO]: Done waiting for pending navigations. Status: ok
[8.515][DEBUG]: DEVTOOLS COMMAND Runtime.evaluate (id=73) {
   "expression": "(function() { // Copyright (c) 2012 The Chromium Authors. All rights reserved.\n// Use of this source code is governed by a BSD-style license that can be\n// found in the LICENSE file.\n\n/**\n * Enum f...",
   "returnByValue": true
}
[8.520][DEBUG]: DEVTOOLS RESPONSE Runtime.evaluate (id=73) {
   "result": {
      "type": "object",
      "value": {
         "status": 0,
         "value": true
      }
   }
}
[8.520][INFO]: Waiting for pending navigations...
[8.520][DEBUG]: DEVTOOLS COMMAND Runtime.evaluate (id=74) {
   "expression": "1"
}
[8.521][DEBUG]: DEVTOOLS RESPONSE Runtime.evaluate (id=74) {
   "result": {
      "description": "1",
      "type": "number",
      "value": 1
   }
}
[8.521][INFO]: Done waiting for pending navigations. Status: ok
[8.521][INFO]: RESPONSE IsElementDisplayed true
[8.534][INFO]: COMMAND FindChildElements {
   "id": "0.0076831180801151255-1",
   "using": "css selector",
   "value": "textarea#source"
}
[8.534][INFO]: Waiting for pending navigations...
[8.534][DEBUG]: DEVTOOLS COMMAND Runtime.evaluate (id=75) {
   "expression": "1"
}
[8.539][DEBUG]: DEVTOOLS RESPONSE Runtime.evaluate (id=75) {
   "result": {
      "description": "1",
      "type": "number",
      "value": 1
   }
}
[8.539][INFO]: Done waiting for pending navigations. Status: ok
[8.541][DEBUG]: DEVTOOLS COMMAND Runtime.evaluate (id=76) {
   "expression": "(function() { // Copyright (c) 2012 The Chromium Authors. All rights reserved.\n// Use of this source code is governed by a BSD-style license that can be\n// found in the LICENSE file.\n\n/**\n * Enum f...",
   "returnByValue": true
}
[8.544][DEBUG]: DEVTOOLS RESPONSE Runtime.evaluate (id=76) {
   "result": {
      "type": "object",
      "value": {
         "status": 0,
         "value": [ {
            "ELEMENT": "0.0076831180801151255-2"
         } ]
      }
   }
}
[8.544][INFO]: Waiting for pending navigations...
[8.544][DEBUG]: DEVTOOLS COMMAND Runtime.evaluate (id=77) {
   "expression": "1"
}
[8.545][DEBUG]: DEVTOOLS RESPONSE Runtime.evaluate (id=77) {
   "result": {
      "description": "1",
      "type": "number",
      "value": 1
   }
}
[8.545][INFO]: Done waiting for pending navigations. Status: ok
[8.545][INFO]: RESPONSE FindChildElements [ {
   "ELEMENT": "0.0076831180801151255-2"
} ]
[8.551][INFO]: COMMAND IsElementDisplayed {
   "id": "0.0076831180801151255-2"
}
[8.552][INFO]: Waiting for pending navigations...
[8.552][DEBUG]: DEVTOOLS COMMAND Runtime.evaluate (id=78) {
   "expression": "1"
}
[8.553][DEBUG]: DEVTOOLS RESPONSE Runtime.evaluate (id=78) {
   "result": {
      "description": "1",
      "type": "number",
      "value": 1
   }
}
[8.553][INFO]: Done waiting for pending navigations. Status: ok
[8.555][DEBUG]: DEVTOOLS COMMAND Runtime.evaluate (id=79) {
   "expression": "(function() { // Copyright (c) 2012 The Chromium Authors. All rights reserved.\n// Use of this source code is governed by a BSD-style license that can be\n// found in the LICENSE file.\n\n/**\n * Enum f...",
   "returnByValue": true
}
[8.561][DEBUG]: DEVTOOLS RESPONSE Runtime.evaluate (id=79) {
   "result": {
      "type": "object",
      "value": {
         "status": 0,
         "value": true
      }
   }
}
[8.561][INFO]: Waiting for pending navigations...
[8.561][DEBUG]: DEVTOOLS COMMAND Runtime.evaluate (id=80) {
   "expression": "1"
}
[8.568][DEBUG]: DEVTOOLS RESPONSE Runtime.evaluate (id=80) {
   "result": {
      "description": "1",
      "type": "number",
      "value": 1
   }
}
[8.568][INFO]: Done waiting for pending navigations. Status: ok
[8.568][INFO]: RESPONSE IsElementDisplayed true
[8.576][INFO]: COMMAND ClearElement {
   "id": "0.0076831180801151255-2"
}
[8.576][INFO]: Waiting for pending navigations...
[8.576][DEBUG]: DEVTOOLS COMMAND Runtime.evaluate (id=81) {
   "expression": "1"
}
[8.578][DEBUG]: DEVTOOLS RESPONSE Runtime.evaluate (id=81) {
   "result": {
      "description": "1",
      "type": "number",
      "value": 1
   }
}
[8.578][INFO]: Done waiting for pending navigations. Status: ok
[8.581][DEBUG]: DEVTOOLS COMMAND Runtime.evaluate (id=82) {
   "expression": "(function() { // Copyright (c) 2012 The Chromium Authors. All rights reserved.\n// Use of this source code is governed by a BSD-style license that can be\n// found in the LICENSE file.\n\n/**\n * Enum f...",
   "returnByValue": true
}
[8.598][DEBUG]: DEVTOOLS RESPONSE Runtime.evaluate (id=82) {
   "result": {
      "type": "object",
      "value": {
         "status": 0,
         "value": null
      }
   }
}
[8.598][INFO]: Waiting for pending navigations...
[8.598][DEBUG]: DEVTOOLS COMMAND Runtime.evaluate (id=83) {
   "expression": "1"
}
[8.600][DEBUG]: DEVTOOLS RESPONSE Runtime.evaluate (id=83) {
   "result": {
      "description": "1",
      "type": "number",
      "value": 1
   }
}
[8.600][INFO]: Done waiting for pending navigations. Status: ok
[8.600][INFO]: RESPONSE ClearElement
[8.613][INFO]: COMMAND TypeElement {
   "id": "0.0076831180801151255-2",
   "text": "12345",
   "value": [ "1", "2", "3", "4", "5" ]
}
[8.613][INFO]: Waiting for pending navigations...
[8.613][DEBUG]: DEVTOOLS COMMAND Runtime.evaluate (id=84) {
   "expression": "1"
}
[8.614][DEBUG]: DEVTOOLS RESPONSE Runtime.evaluate (id=84) {
   "result": {
      "description": "1",
      "type": "number",
      "value": 1
   }
}
[8.614][INFO]: Done waiting for pending navigations. Status: ok
[8.615][DEBUG]: DEVTOOLS COMMAND Runtime.evaluate (id=85) {
   "expression": "(function() { // Copyright (c) 2012 The Chromium Authors. All rights reserved.\n// Use of this source code is governed by a BSD-style license that can be\n// found in the LICENSE file.\n\n/**\n * Enum f...",
   "returnByValue": true
}
[8.617][DEBUG]: DEVTOOLS RESPONSE Runtime.evaluate (id=85) {
   "result": {
      "type": "object",
      "value": {
         "status": 0,
         "value": "TEXTAREA"
      }
   }
}
[8.617][DEBUG]: DEVTOOLS COMMAND Runtime.evaluate (id=86) {
   "expression": "(function() { // Copyright (c) 2012 The Chromium Authors. All rights reserved.\n// Use of this source code is governed by a BSD-style license that can be\n// found in the LICENSE file.\n\n/**\n * Enum f...",
   "returnByValue": true
}
[8.619][DEBUG]: DEVTOOLS RESPONSE Runtime.evaluate (id=86) {
   "result": {
      "type": "object",
      "value": {
         "status": 0,
         "value": "textarea"
      }
   }
}
[8.621][DEBUG]: DEVTOOLS COMMAND Runtime.evaluate (id=87) {
   "expression": "(function() { // Copyright (c) 2012 The Chromium Authors. All rights reserved.\n// Use of this source code is governed by a BSD-style license that can be\n// found in the LICENSE file.\n\n/**\n * Enum f...",
   "returnByValue": true
}
[8.633][DEBUG]: DEVTOOLS RESPONSE Runtime.evaluate (id=87) {
   "result": {
      "type": "object",
      "value": {
         "status": 0,
         "value": true
      }
   }
}
[8.635][DEBUG]: DEVTOOLS COMMAND Runtime.evaluate (id=88) {
   "expression": "(function() { // Copyright (c) 2012 The Chromium Authors. All rights reserved.\n// Use of this source code is governed by a BSD-style license that can be\n// found in the LICENSE file.\n\n/**\n * Enum f...",
   "returnByValue": true
}
[8.639][DEBUG]: DEVTOOLS RESPONSE Runtime.evaluate (id=88) {
   "result": {
      "type": "object",
      "value": {
         "status": 0,
         "value": true
      }
   }
}
[8.640][DEBUG]: DEVTOOLS COMMAND Runtime.evaluate (id=89) {
   "expression": "(function() { // Copyright (c) 2012 The Chromium Authors. All rights reserved.\n// Use of this source code is governed by a BSD-style license that can be\n// found in the LICENSE file.\n\n/**\n * Enum f...",
   "returnByValue": true
}
[8.646][DEBUG]: DEVTOOLS RESPONSE Runtime.evaluate (id=89) {
   "result": {
      "type": "object",
      "value": {
         "status": 0,
         "value": null
      }
   }
}
[8.646][DEBUG]: DEVTOOLS COMMAND Input.dispatchKeyEvent (id=90) {
   "code": "Digit1",
   "key": "1",
   "modifiers": 0,
   "text": "1",
   "type": "rawKeyDown",
   "unmodifiedText": "1",
   "windowsVirtualKeyCode": 49
}
[8.651][DEBUG]: DEVTOOLS RESPONSE Input.dispatchKeyEvent (id=90) {

}
[8.651][DEBUG]: DEVTOOLS COMMAND Input.dispatchKeyEvent (id=91) {
   "code": "Digit1",
   "key": "1",
   "modifiers": 0,
   "text": "1",
   "type": "char",
   "unmodifiedText": "1",
   "windowsVirtualKeyCode": 49
}
[8.657][DEBUG]: DEVTOOLS RESPONSE Input.dispatchKeyEvent (id=91) {

}
[8.657][DEBUG]: DEVTOOLS COMMAND Input.dispatchKeyEvent (id=92) {
   "code": "Digit1",
   "key": "1",
   "modifiers": 0,
   "text": "1",
   "type": "keyUp",
   "unmodifiedText": "1",
   "windowsVirtualKeyCode": 49
}
[8.667][DEBUG]: DEVTOOLS RESPONSE Input.dispatchKeyEvent (id=92) {

}
[8.667][DEBUG]: DEVTOOLS COMMAND Input.dispatchKeyEvent (id=93) {
   "code": "Digit2",
   "key": "2",
   "modifiers": 0,
   "text": "2",
   "type": "rawKeyDown",
   "unmodifiedText": "2",
   "windowsVirtualKeyCode": 50
}
[8.668][DEBUG]: DEVTOOLS EVENT DOM.childNodeCountUpdated {
   "childNodeCount": 33,
   "nodeId": 22
}
[8.676][DEBUG]: DEVTOOLS RESPONSE Input.dispatchKeyEvent (id=93) {

}
[8.677][DEBUG]: DEVTOOLS COMMAND Input.dispatchKeyEvent (id=94) {
   "code": "Digit2",
   "key": "2",
   "modifiers": 0,
   "text": "2",
   "type": "char",
   "unmodifiedText": "2",
   "windowsVirtualKeyCode": 50
}
[8.682][DEBUG]: DEVTOOLS RESPONSE Input.dispatchKeyEvent (id=94) {

}
[8.682][DEBUG]: DEVTOOLS COMMAND Input.dispatchKeyEvent (id=95) {
   "code": "Digit2",
   "key": "2",
   "modifiers": 0,
   "text": "2",
   "type": "keyUp",
   "unmodifiedText": "2",
   "windowsVirtualKeyCode": 50
}
[8.686][DEBUG]: DEVTOOLS RESPONSE Input.dispatchKeyEvent (id=95) {

}
[8.686][DEBUG]: DEVTOOLS COMMAND Input.dispatchKeyEvent (id=96) {
   "code": "Digit3",
   "key": "3",
   "modifiers": 0,
   "text": "3",
   "type": "rawKeyDown",
   "unmodifiedText": "3",
   "windowsVirtualKeyCode": 51
}
[8.699][DEBUG]: DEVTOOLS RESPONSE Input.dispatchKeyEvent (id=96) {

}
[8.699][DEBUG]: DEVTOOLS COMMAND Input.dispatchKeyEvent (id=97) {
   "code": "Digit3",
   "key": "3",
   "modifiers": 0,
   "text": "3",
   "type": "char",
   "unmodifiedText": "3",
   "windowsVirtualKeyCode": 51
}
[8.700][DEBUG]: DEVTOOLS EVENT DOM.childNodeCountUpdated {
   "childNodeCount": 32,
   "nodeId": 22
}
[8.717][DEBUG]: DEVTOOLS RESPONSE Input.dispatchKeyEvent (id=97) {

}
[8.717][DEBUG]: DEVTOOLS COMMAND Input.dispatchKeyEvent (id=98) {
   "code": "Digit3",
   "key": "3",
   "modifiers": 0,
   "text": "3",
   "type": "keyUp",
   "unmodifiedText": "3",
   "windowsVirtualKeyCode": 51
}
[8.729][DEBUG]: DEVTOOLS RESPONSE Input.dispatchKeyEvent (id=98) {

}
[8.729][DEBUG]: DEVTOOLS COMMAND Input.dispatchKeyEvent (id=99) {
   "code": "Digit4",
   "key": "4",
   "modifiers": 0,
   "text": "4",
   "type": "rawKeyDown",
   "unmodifiedText": "4",
   "windowsVirtualKeyCode": 52
}
[8.730][DEBUG]: DEVTOOLS RESPONSE Input.dispatchKeyEvent (id=99) {

}
[8.730][DEBUG]: DEVTOOLS COMMAND Input.dispatchKeyEvent (id=100) {
   "code": "Digit4",
   "key": "4",
   "modifiers": 0,
   "text": "4",
   "type": "char",
   "unmodifiedText": "4",
   "windowsVirtualKeyCode": 52
}
[8.733][DEBUG]: DEVTOOLS RESPONSE Input.dispatchKeyEvent (id=100) {

}
[8.733][DEBUG]: DEVTOOLS COMMAND Input.dispatchKeyEvent (id=101) {
   "code": "Digit4",
   "key": "4",
   "modifiers": 0,
   "text": "4",
   "type": "keyUp",
   "unmodifiedText": "4",
   "windowsVirtualKeyCode": 52
}
[8.746][DEBUG]: DEVTOOLS RESPONSE Input.dispatchKeyEvent (id=101) {

}
[8.746][DEBUG]: DEVTOOLS COMMAND Input.dispatchKeyEvent (id=102) {
   "code": "Digit5",
   "key": "5",
   "modifiers": 0,
   "text": "5",
   "type": "rawKeyDown",
   "unmodifiedText": "5",
   "windowsVirtualKeyCode": 53
}
[8.749][DEBUG]: DEVTOOLS RESPONSE Input.dispatchKeyEvent (id=102) {

}
[8.749][DEBUG]: DEVTOOLS COMMAND Input.dispatchKeyEvent (id=103) {
   "code": "Digit5",
   "key": "5",
   "modifiers": 0,
   "text": "5",
   "type": "char",
   "unmodifiedText": "5",
   "windowsVirtualKeyCode": 53
}
[8.752][DEBUG]: DEVTOOLS RESPONSE Input.dispatchKeyEvent (id=103) {

}
[8.752][DEBUG]: DEVTOOLS COMMAND Input.dispatchKeyEvent (id=104) {
   "code": "Digit5",
   "key": "5",
   "modifiers": 0,
   "text": "5",
   "type": "keyUp",
   "unmodifiedText": "5",
   "windowsVirtualKeyCode": 53
}
[8.758][DEBUG]: DEVTOOLS RESPONSE Input.dispatchKeyEvent (id=104) {

}
[8.758][INFO]: Waiting for pending navigations...
[8.758][DEBUG]: DEVTOOLS COMMAND Runtime.evaluate (id=105) {
   "expression": "1"
}
[8.766][DEBUG]: DEVTOOLS RESPONSE Runtime.evaluate (id=105) {
   "result": {
      "description": "1",
      "type": "number",
      "value": 1
   }
}
[8.766][INFO]: Done waiting for pending navigations. Status: ok
[8.766][INFO]: RESPONSE TypeElement
[8.788][INFO]: COMMAND Screenshot {

}
[8.788][INFO]: Waiting for pending navigations...
[8.788][DEBUG]: DEVTOOLS COMMAND Runtime.evaluate (id=106) {
   "expression": "1"
}
[8.792][DEBUG]: DEVTOOLS RESPONSE Runtime.evaluate (id=106) {
   "result": {
      "description": "1",
      "type": "number",
      "value": 1
   }
}
[8.792][INFO]: Done waiting for pending navigations. Status: ok
[8.792][DEBUG]: DevTools request: http://localhost:12511/json/activate/(3EC11E6B3D085BD4CAD7029AEA72A3D4)
[8.794][DEBUG]: DevTools response: Target activated
[8.794][DEBUG]: DEVTOOLS COMMAND Page.captureScreenshot (id=107) {

}
[8.853][DEBUG]: DEVTOOLS EVENT DOM.childNodeCountUpdated {
   "childNodeCount": 33,
   "nodeId": 22
}
[8.999][DEBUG]: DEVTOOLS RESPONSE Page.captureScreenshot (id=107) {
   "data": "iVBORw0KGgoAAAANSUhEUgAABVYAAAO+CAYAAADv/k7HAAAgAElEQVR4nOzdd3xUVf7/8fe09EYvATX0XkRABVdAlxUQF5FV3EUQu67K2r+iIO6qu2JbfhbABVEUQViK1BWFWKgRgUhHIAghtBBSIW3m/v6IGTJJJpkJSWZCXk8fPMzce+45n3NnknvyybnnmtLS0..."
}
[9.006][INFO]: Waiting for pending navigations...
[9.006][DEBUG]: DEVTOOLS EVENT DOM.childNodeCountUpdated {
   "childNodeCount": 32,
   "nodeId": 22
}
[9.006][DEBUG]: DEVTOOLS COMMAND Runtime.evaluate (id=108) {
   "expression": "1"
}
[9.011][DEBUG]: DEVTOOLS RESPONSE Runtime.evaluate (id=108) {
   "result": {
      "description": "1",
      "type": "number",
      "value": 1
   }
}
[9.011][INFO]: Done waiting for pending navigations. Status: ok
[9.011][INFO]: RESPONSE Screenshot "iVBORw0KGgoAAAANSUhEUgAABVYAAAO+CAYAAADv/k7HAAAgAElEQVR4nOzdd3xUVf7/8fe09EYvATX0XkRABVdAlxUQF5FV3EUQu67K2r+iIO6qu2JbfhbABVEUQViK1BWFWKgRgUhHIAghtBBSIW3m/v6IGTJJJpkJSWZCXk8fPMzce+45n3NnknvyybnnmtLS0..."
[9.297][INFO]: COMMAND Navigate {
   "url": "https://translate.google.com/#en/es/Market"
}
[9.297][INFO]: Waiting for pending navigations...
[9.297][DEBUG]: DEVTOOLS COMMAND Runtime.evaluate (id=109) {
   "expression": "1"
}
[9.298][DEBUG]: DEVTOOLS RESPONSE Runtime.evaluate (id=109) {
   "result": {
      "description": "1",
      "type": "number",
      "value": 1
   }
}
[9.298][INFO]: Done waiting for pending navigations. Status: ok
[9.298][DEBUG]: DEVTOOLS COMMAND Page.navigate (id=110) {
   "url": "https://translate.google.com/#en/es/Market"
}
[9.330][DEBUG]: DEVTOOLS RESPONSE Page.navigate (id=110) {
   "frameId": "(3EC11E6B3D085BD4CAD7029AEA72A3D4)"
}
[9.330][DEBUG]: DEVTOOLS COMMAND Runtime.evaluate (id=111) {
   "expression": "document.URL"
}
[9.375][DEBUG]: DEVTOOLS RESPONSE Runtime.evaluate (id=111) {
   "result": {
      "type": "string",
      "value": "https://translate.google.com/#en/es/Market"
   }
}
[9.375][INFO]: Waiting for pending navigations...
[9.375][DEBUG]: DEVTOOLS COMMAND Runtime.evaluate (id=112) {
   "expression": "1"
}
[9.415][DEBUG]: DEVTOOLS RESPONSE Runtime.evaluate (id=112) {
   "result": {
      "description": "1",
      "type": "number",
      "value": 1
   }
}
[9.415][DEBUG]: DEVTOOLS COMMAND DOM.getDocument (id=113) {

}
[9.428][DEBUG]: DEVTOOLS RESPONSE DOM.getDocument (id=113) {
   "root": {
      "backendNodeId": 7,
      "baseURL": "https://translate.google.com/#en/es/Market",
      "childNodeCount": 2,
      "children": [ {
         "backendNodeId": 8,
         "localName": "",
         "nodeId": 25,
         "nodeName": "html",
         "nodeType": 10,
         "nodeValue": "",
         "parentId": 24,
         "publicId": "",
         "systemId": ""
      }, {
         "attributes": [  ],
         "backendNodeId": 9,
         "childNodeCount": 2,
         "children": [ {
            "attributes": [  ],
            "backendNodeId": 10,
            "childNodeCount": 32,
            "localName": "head",
            "nodeId": 27,
            "nodeName": "HEAD",
            "nodeType": 1,
            "nodeValue": "",
            "parentId": 26
         }, {
            "attributes": [ "dir", "ltr", "onload", "window.jstiming.load['tick']('ol');", "class", "e_md pre-epu" ],
            "backendNodeId": 11,
            "childNodeCount": 21,
            "localName": "body",
            "nodeId": 28,
            "nodeName": "BODY",
            "nodeType": 1,
            "nodeValue": "",
            "parentId": 26
         } ],
         "frameId": "(3EC11E6B3D085BD4CAD7029AEA72A3D4)",
         "localName": "html",
         "nodeId": 26,
         "nodeName": "HTML",
         "nodeType": 1,
         "nodeValue": "",
         "parentId": 24
      } ],
      "documentURL": "https://translate.google.com/#en/es/Market",
      "localName": "",
      "nodeId": 24,
      "nodeName": "#document",
      "nodeType": 9,
      "nodeValue": "",
      "xmlVersion": ""
   }
}
[9.428][DEBUG]: DEVTOOLS COMMAND Runtime.evaluate (id=114) {
   "expression": "var isLoaded = document.readyState == 'complete' ||    document.readyState == 'interactive';if (isLoaded) {  var frame = document.createElement('iframe');  frame.name = 'chromedriver dummy frame'; ..."
}
[9.450][DEBUG]: DEVTOOLS EVENT DOM.childNodeCountUpdated {
   "childNodeCount": 22,
   "nodeId": 28
}
[9.450][DEBUG]: DEVTOOLS EVENT Page.frameAttached {
   "frameId": "(C51A67887CD735F1E9CBE2A443D3E4C)",
   "parentFrameId": "(3EC11E6B3D085BD4CAD7029AEA72A3D4)",
   "stack": {
      "callFrames": [ {
         "columnNumber": 240,
         "functionName": "",
         "lineNumber": 0,
         "scriptId": "38",
         "url": ""
      } ]
   }
}
[9.450][DEBUG]: DEVTOOLS EVENT Page.lifecycleEvent {
   "frameId": "(C51A67887CD735F1E9CBE2A443D3E4C)",
   "name": "DOMContentLoaded",
   "timestamp": 688.805464
}
[9.450][DEBUG]: DEVTOOLS EVENT Page.frameStartedLoading {
   "frameId": "(C51A67887CD735F1E9CBE2A443D3E4C)"
}
[9.450][DEBUG]: DEVTOOLS EVENT Page.lifecycleEvent {
   "frameId": "(C51A67887CD735F1E9CBE2A443D3E4C)",
   "name": "commit",
   "timestamp": 688.806235
}
[9.450][DEBUG]: DEVTOOLS EVENT Page.frameNavigated {
   "frame": {
      "id": "(C51A67887CD735F1E9CBE2A443D3E4C)",
      "loaderId": "360.4",
      "mimeType": "text/html",
      "name": "chromedriver dummy frame",
      "parentId": "(3EC11E6B3D085BD4CAD7029AEA72A3D4)",
      "securityOrigin": "://",
      "url": "about:blank"
   }
}
[9.450][DEBUG]: DEVTOOLS EVENT Runtime.executionContextCreated {
   "context": {
      "auxData": {
         "frameId": "(C51A67887CD735F1E9CBE2A443D3E4C)",
         "isDefault": true
      },
      "id": 6,
      "name": "",
      "origin": "https://translate.google.com"
   }
}
[9.450][DEBUG]: DEVTOOLS EVENT Page.lifecycleEvent {
   "frameId": "(C51A67887CD735F1E9CBE2A443D3E4C)",
   "name": "load",
   "timestamp": 688.821728
}
[9.450][DEBUG]: DEVTOOLS EVENT Page.frameStoppedLoading {
   "frameId": "(C51A67887CD735F1E9CBE2A443D3E4C)"
}
[9.450][DEBUG]: DEVTOOLS EVENT Page.lifecycleEvent {
   "frameId": "(C51A67887CD735F1E9CBE2A443D3E4C)",
   "name": "DOMContentLoaded",
   "timestamp": 688.822268
}
[9.450][DEBUG]: DEVTOOLS RESPONSE Runtime.evaluate (id=114) {
   "result": {
      "description": "97",
      "type": "number",
      "value": 97
   }
}
[9.450][INFO]: Done waiting for pending navigations. Status: ok
[9.450][INFO]: RESPONSE Navigate
[9.487][INFO]: COMMAND FindElements {
   "using": "css selector",
   "value": "#gt-src-c"
}
[9.487][INFO]: Waiting for pending navigations...
[9.487][DEBUG]: DEVTOOLS COMMAND Runtime.evaluate (id=115) {
   "expression": "1"
}
[9.496][DEBUG]: DEVTOOLS EVENT DOM.childNodeCountUpdated {
   "childNodeCount": 21,
   "nodeId": 28
}
[9.496][DEBUG]: DEVTOOLS EVENT Runtime.executionContextDestroyed {
   "executionContextId": 6
}
[9.496][DEBUG]: DEVTOOLS EVENT Page.frameDetached {
   "frameId": "(C51A67887CD735F1E9CBE2A443D3E4C)"
}
[9.532][DEBUG]: DEVTOOLS RESPONSE Runtime.evaluate (id=115) {
   "result": {
      "description": "1",
      "type": "number",
      "value": 1
   }
}
[9.532][INFO]: Done waiting for pending navigations. Status: ok
[9.535][DEBUG]: DEVTOOLS COMMAND Runtime.evaluate (id=116) {
   "expression": "(function() { // Copyright (c) 2012 The Chromium Authors. All rights reserved.\n// Use of this source code is governed by a BSD-style license that can be\n// found in the LICENSE file.\n\n/**\n * Enum f...",
   "returnByValue": true
}
[9.542][DEBUG]: DEVTOOLS RESPONSE Runtime.evaluate (id=116) {
   "result": {
      "type": "object",
      "value": {
         "status": 0,
         "value": [ {
            "ELEMENT": "0.0076831180801151255-1"
         } ]
      }
   }
}
[9.542][INFO]: Waiting for pending navigations...
[9.542][DEBUG]: DEVTOOLS COMMAND Runtime.evaluate (id=117) {
   "expression": "1"
}
[9.547][DEBUG]: DEVTOOLS RESPONSE Runtime.evaluate (id=117) {
   "result": {
      "description": "1",
      "type": "number",
      "value": 1
   }
}
[9.547][INFO]: Done waiting for pending navigations. Status: ok
[9.547][INFO]: RESPONSE FindElements [ {
   "ELEMENT": "0.0076831180801151255-1"
} ]
[9.556][INFO]: COMMAND IsElementDisplayed {
   "id": "0.0076831180801151255-1"
}
[9.556][INFO]: Waiting for pending navigations...
[9.557][DEBUG]: DEVTOOLS COMMAND Runtime.evaluate (id=118) {
   "expression": "1"
}
[9.558][DEBUG]: DEVTOOLS RESPONSE Runtime.evaluate (id=118) {
   "result": {
      "description": "1",
      "type": "number",
      "value": 1
   }
}
[9.558][INFO]: Done waiting for pending navigations. Status: ok
[9.560][DEBUG]: DEVTOOLS COMMAND Runtime.evaluate (id=119) {
   "expression": "(function() { // Copyright (c) 2012 The Chromium Authors. All rights reserved.\n// Use of this source code is governed by a BSD-style license that can be\n// found in the LICENSE file.\n\n/**\n * Enum f...",
   "returnByValue": true
}
[9.573][DEBUG]: DEVTOOLS RESPONSE Runtime.evaluate (id=119) {
   "result": {
      "type": "object",
      "value": {
         "status": 0,
         "value": true
      }
   }
}
[9.574][INFO]: Waiting for pending navigations...
[9.574][DEBUG]: DEVTOOLS COMMAND Runtime.evaluate (id=120) {
   "expression": "1"
}
[9.575][DEBUG]: DEVTOOLS RESPONSE Runtime.evaluate (id=120) {
   "result": {
      "description": "1",
      "type": "number",
      "value": 1
   }
}
[9.575][INFO]: Done waiting for pending navigations. Status: ok
[9.575][INFO]: RESPONSE IsElementDisplayed true
[9.586][INFO]: COMMAND FindChildElements {
   "id": "0.0076831180801151255-1",
   "using": "css selector",
   "value": "textarea#source"
}
[9.586][INFO]: Waiting for pending navigations...
[9.586][DEBUG]: DEVTOOLS COMMAND Runtime.evaluate (id=121) {
   "expression": "1"
}
[9.587][DEBUG]: DEVTOOLS RESPONSE Runtime.evaluate (id=121) {
   "result": {
      "description": "1",
      "type": "number",
      "value": 1
   }
}
[9.587][INFO]: Done waiting for pending navigations. Status: ok
[9.590][DEBUG]: DEVTOOLS COMMAND Runtime.evaluate (id=122) {
   "expression": "(function() { // Copyright (c) 2012 The Chromium Authors. All rights reserved.\n// Use of this source code is governed by a BSD-style license that can be\n// found in the LICENSE file.\n\n/**\n * Enum f...",
   "returnByValue": true
}
[9.598][DEBUG]: DEVTOOLS RESPONSE Runtime.evaluate (id=122) {
   "result": {
      "type": "object",
      "value": {
         "status": 0,
         "value": [ {
            "ELEMENT": "0.0076831180801151255-2"
         } ]
      }
   }
}
[9.598][INFO]: Waiting for pending navigations...
[9.598][DEBUG]: DEVTOOLS COMMAND Runtime.evaluate (id=123) {
   "expression": "1"
}
[9.601][DEBUG]: DEVTOOLS RESPONSE Runtime.evaluate (id=123) {
   "result": {
      "description": "1",
      "type": "number",
      "value": 1
   }
}
[9.601][INFO]: Done waiting for pending navigations. Status: ok
[9.601][INFO]: RESPONSE FindChildElements [ {
   "ELEMENT": "0.0076831180801151255-2"
} ]
[9.608][INFO]: COMMAND IsElementDisplayed {
   "id": "0.0076831180801151255-2"
}
[9.608][INFO]: Waiting for pending navigations...
[9.608][DEBUG]: DEVTOOLS COMMAND Runtime.evaluate (id=124) {
   "expression": "1"
}
[9.609][DEBUG]: DEVTOOLS RESPONSE Runtime.evaluate (id=124) {
   "result": {
      "description": "1",
      "type": "number",
      "value": 1
   }
}
[9.609][INFO]: Done waiting for pending navigations. Status: ok
[9.613][DEBUG]: DEVTOOLS COMMAND Runtime.evaluate (id=125) {
   "expression": "(function() { // Copyright (c) 2012 The Chromium Authors. All rights reserved.\n// Use of this source code is governed by a BSD-style license that can be\n// found in the LICENSE file.\n\n/**\n * Enum f...",
   "returnByValue": true
}
[9.634][DEBUG]: DEVTOOLS RESPONSE Runtime.evaluate (id=125) {
   "result": {
      "type": "object",
      "value": {
         "status": 0,
         "value": true
      }
   }
}
[9.634][INFO]: Waiting for pending navigations...
[9.634][DEBUG]: DEVTOOLS COMMAND Runtime.evaluate (id=126) {
   "expression": "1"
}
[9.635][DEBUG]: DEVTOOLS RESPONSE Runtime.evaluate (id=126) {
   "result": {
      "description": "1",
      "type": "number",
      "value": 1
   }
}
[9.635][INFO]: Done waiting for pending navigations. Status: ok
[9.635][INFO]: RESPONSE IsElementDisplayed true
[9.638][INFO]: COMMAND ClearElement {
   "id": "0.0076831180801151255-2"
}
[9.638][INFO]: Waiting for pending navigations...
[9.638][DEBUG]: DEVTOOLS COMMAND Runtime.evaluate (id=127) {
   "expression": "1"
}
[9.639][DEBUG]: DEVTOOLS RESPONSE Runtime.evaluate (id=127) {
   "result": {
      "description": "1",
      "type": "number",
      "value": 1
   }
}
[9.639][INFO]: Done waiting for pending navigations. Status: ok
[9.641][DEBUG]: DEVTOOLS COMMAND Runtime.evaluate (id=128) {
   "expression": "(function() { // Copyright (c) 2012 The Chromium Authors. All rights reserved.\n// Use of this source code is governed by a BSD-style license that can be\n// found in the LICENSE file.\n\n/**\n * Enum f...",
   "returnByValue": true
}
[9.653][DEBUG]: DEVTOOLS RESPONSE Runtime.evaluate (id=128) {
   "result": {
      "type": "object",
      "value": {
         "status": 0,
         "value": null
      }
   }
}
[9.653][INFO]: Waiting for pending navigations...
[9.653][DEBUG]: DEVTOOLS COMMAND Runtime.evaluate (id=129) {
   "expression": "1"
}
[9.658][DEBUG]: DEVTOOLS RESPONSE Runtime.evaluate (id=129) {
   "result": {
      "description": "1",
      "type": "number",
      "value": 1
   }
}
[9.658][INFO]: Done waiting for pending navigations. Status: ok
[9.658][INFO]: RESPONSE ClearElement
[9.662][INFO]: COMMAND TypeElement {
   "id": "0.0076831180801151255-2",
   "text": "12345",
   "value": [ "1", "2", "3", "4", "5" ]
}
[9.662][INFO]: Waiting for pending navigations...
[9.662][DEBUG]: DEVTOOLS COMMAND Runtime.evaluate (id=130) {
   "expression": "1"
}
[9.663][DEBUG]: DEVTOOLS RESPONSE Runtime.evaluate (id=130) {
   "result": {
      "description": "1",
      "type": "number",
      "value": 1
   }
}
[9.663][INFO]: Done waiting for pending navigations. Status: ok
[9.663][DEBUG]: DEVTOOLS COMMAND Runtime.evaluate (id=131) {
   "expression": "(function() { // Copyright (c) 2012 The Chromium Authors. All rights reserved.\n// Use of this source code is governed by a BSD-style license that can be\n// found in the LICENSE file.\n\n/**\n * Enum f...",
   "returnByValue": true
}
[9.665][DEBUG]: DEVTOOLS RESPONSE Runtime.evaluate (id=131) {
   "result": {
      "type": "object",
      "value": {
         "status": 0,
         "value": "TEXTAREA"
      }
   }
}
[9.665][DEBUG]: DEVTOOLS COMMAND Runtime.evaluate (id=132) {
   "expression": "(function() { // Copyright (c) 2012 The Chromium Authors. All rights reserved.\n// Use of this source code is governed by a BSD-style license that can be\n// found in the LICENSE file.\n\n/**\n * Enum f...",
   "returnByValue": true
}
[9.674][DEBUG]: DEVTOOLS RESPONSE Runtime.evaluate (id=132) {
   "result": {
      "type": "object",
      "value": {
         "status": 0,
         "value": "textarea"
      }
   }
}
[9.677][DEBUG]: DEVTOOLS COMMAND Runtime.evaluate (id=133) {
   "expression": "(function() { // Copyright (c) 2012 The Chromium Authors. All rights reserved.\n// Use of this source code is governed by a BSD-style license that can be\n// found in the LICENSE file.\n\n/**\n * Enum f...",
   "returnByValue": true
}
[9.682][DEBUG]: DEVTOOLS RESPONSE Runtime.evaluate (id=133) {
   "result": {
      "type": "object",
      "value": {
         "status": 0,
         "value": true
      }
   }
}
[9.685][DEBUG]: DEVTOOLS COMMAND Runtime.evaluate (id=134) {
   "expression": "(function() { // Copyright (c) 2012 The Chromium Authors. All rights reserved.\n// Use of this source code is governed by a BSD-style license that can be\n// found in the LICENSE file.\n\n/**\n * Enum f...",
   "returnByValue": true
}
[9.692][DEBUG]: DEVTOOLS RESPONSE Runtime.evaluate (id=134) {
   "result": {
      "type": "object",
      "value": {
         "status": 0,
         "value": true
      }
   }
}
[9.693][DEBUG]: DEVTOOLS COMMAND Runtime.evaluate (id=135) {
   "expression": "(function() { // Copyright (c) 2012 The Chromium Authors. All rights reserved.\n// Use of this source code is governed by a BSD-style license that can be\n// found in the LICENSE file.\n\n/**\n * Enum f...",
   "returnByValue": true
}
[9.694][DEBUG]: DEVTOOLS RESPONSE Runtime.evaluate (id=135) {
   "result": {
      "type": "object",
      "value": {
         "status": 0,
         "value": null
      }
   }
}
[9.694][DEBUG]: DEVTOOLS COMMAND Input.dispatchKeyEvent (id=136) {
   "code": "Digit1",
   "key": "1",
   "modifiers": 0,
   "text": "1",
   "type": "rawKeyDown",
   "unmodifiedText": "1",
   "windowsVirtualKeyCode": 49
}
[9.696][DEBUG]: DEVTOOLS RESPONSE Input.dispatchKeyEvent (id=136) {

}
[9.696][DEBUG]: DEVTOOLS COMMAND Input.dispatchKeyEvent (id=137) {
   "code": "Digit1",
   "key": "1",
   "modifiers": 0,
   "text": "1",
   "type": "char",
   "unmodifiedText": "1",
   "windowsVirtualKeyCode": 49
}
[9.699][DEBUG]: DEVTOOLS RESPONSE Input.dispatchKeyEvent (id=137) {

}
[9.699][DEBUG]: DEVTOOLS COMMAND Input.dispatchKeyEvent (id=138) {
   "code": "Digit1",
   "key": "1",
   "modifiers": 0,
   "text": "1",
   "type": "keyUp",
   "unmodifiedText": "1",
   "windowsVirtualKeyCode": 49
}
[9.714][DEBUG]: DEVTOOLS RESPONSE Input.dispatchKeyEvent (id=138) {

}
[9.714][DEBUG]: DEVTOOLS COMMAND Input.dispatchKeyEvent (id=139) {
   "code": "Digit2",
   "key": "2",
   "modifiers": 0,
   "text": "2",
   "type": "rawKeyDown",
   "unmodifiedText": "2",
   "windowsVirtualKeyCode": 50
}
[9.726][DEBUG]: DEVTOOLS EVENT DOM.childNodeCountUpdated {
   "childNodeCount": 33,
   "nodeId": 27
}
[9.726][DEBUG]: DEVTOOLS RESPONSE Input.dispatchKeyEvent (id=139) {

}
[9.726][DEBUG]: DEVTOOLS COMMAND Input.dispatchKeyEvent (id=140) {
   "code": "Digit2",
   "key": "2",
   "modifiers": 0,
   "text": "2",
   "type": "char",
   "unmodifiedText": "2",
   "windowsVirtualKeyCode": 50
}
[9.732][DEBUG]: DEVTOOLS RESPONSE Input.dispatchKeyEvent (id=140) {

}
[9.732][DEBUG]: DEVTOOLS COMMAND Input.dispatchKeyEvent (id=141) {
   "code": "Digit2",
   "key": "2",
   "modifiers": 0,
   "text": "2",
   "type": "keyUp",
   "unmodifiedText": "2",
   "windowsVirtualKeyCode": 50
}
[9.735][DEBUG]: DEVTOOLS RESPONSE Input.dispatchKeyEvent (id=141) {

}
[9.735][DEBUG]: DEVTOOLS COMMAND Input.dispatchKeyEvent (id=142) {
   "code": "Digit3",
   "key": "3",
   "modifiers": 0,
   "text": "3",
   "type": "rawKeyDown",
   "unmodifiedText": "3",
   "windowsVirtualKeyCode": 51
}
[9.750][DEBUG]: DEVTOOLS RESPONSE Input.dispatchKeyEvent (id=142) {

}
[9.750][DEBUG]: DEVTOOLS COMMAND Input.dispatchKeyEvent (id=143) {
   "code": "Digit3",
   "key": "3",
   "modifiers": 0,
   "text": "3",
   "type": "char",
   "unmodifiedText": "3",
   "windowsVirtualKeyCode": 51
}
[9.750][DEBUG]: DEVTOOLS EVENT DOM.childNodeCountUpdated {
   "childNodeCount": 32,
   "nodeId": 27
}
[9.756][DEBUG]: DEVTOOLS RESPONSE Input.dispatchKeyEvent (id=143) {

}
[9.756][DEBUG]: DEVTOOLS COMMAND Input.dispatchKeyEvent (id=144) {
   "code": "Digit3",
   "key": "3",
   "modifiers": 0,
   "text": "3",
   "type": "keyUp",
   "unmodifiedText": "3",
   "windowsVirtualKeyCode": 51
}
[9.769][DEBUG]: DEVTOOLS RESPONSE Input.dispatchKeyEvent (id=144) {

}
[9.769][DEBUG]: DEVTOOLS COMMAND Input.dispatchKeyEvent (id=145) {
   "code": "Digit4",
   "key": "4",
   "modifiers": 0,
   "text": "4",
   "type": "rawKeyDown",
   "unmodifiedText": "4",
   "windowsVirtualKeyCode": 52
}
[9.774][DEBUG]: DEVTOOLS RESPONSE Input.dispatchKeyEvent (id=145) {

}
[9.774][DEBUG]: DEVTOOLS COMMAND Input.dispatchKeyEvent (id=146) {
   "code": "Digit4",
   "key": "4",
   "modifiers": 0,
   "text": "4",
   "type": "char",
   "unmodifiedText": "4",
   "windowsVirtualKeyCode": 52
}
[9.787][DEBUG]: DEVTOOLS RESPONSE Input.dispatchKeyEvent (id=146) {

}
[9.787][DEBUG]: DEVTOOLS COMMAND Input.dispatchKeyEvent (id=147) {
   "code": "Digit4",
   "key": "4",
   "modifiers": 0,
   "text": "4",
   "type": "keyUp",
   "unmodifiedText": "4",
   "windowsVirtualKeyCode": 52
}
[9.791][DEBUG]: DEVTOOLS RESPONSE Input.dispatchKeyEvent (id=147) {

}
[9.791][DEBUG]: DEVTOOLS COMMAND Input.dispatchKeyEvent (id=148) {
   "code": "Digit5",
   "key": "5",
   "modifiers": 0,
   "text": "5",
   "type": "rawKeyDown",
   "unmodifiedText": "5",
   "windowsVirtualKeyCode": 53
}
[9.793][DEBUG]: DEVTOOLS RESPONSE Input.dispatchKeyEvent (id=148) {

}
[9.793][DEBUG]: DEVTOOLS COMMAND Input.dispatchKeyEvent (id=149) {
   "code": "Digit5",
   "key": "5",
   "modifiers": 0,
   "text": "5",
   "type": "char",
   "unmodifiedText": "5",
   "windowsVirtualKeyCode": 53
}
[9.806][DEBUG]: DEVTOOLS RESPONSE Input.dispatchKeyEvent (id=149) {

}
[9.806][DEBUG]: DEVTOOLS COMMAND Input.dispatchKeyEvent (id=150) {
   "code": "Digit5",
   "key": "5",
   "modifiers": 0,
   "text": "5",
   "type": "keyUp",
   "unmodifiedText": "5",
   "windowsVirtualKeyCode": 53
}
[9.810][DEBUG]: DEVTOOLS RESPONSE Input.dispatchKeyEvent (id=150) {

}
[9.811][INFO]: Waiting for pending navigations...
[9.811][DEBUG]: DEVTOOLS COMMAND Runtime.evaluate (id=151) {
   "expression": "1"
}
[9.814][DEBUG]: DEVTOOLS RESPONSE Runtime.evaluate (id=151) {
   "result": {
      "description": "1",
      "type": "number",
      "value": 1
   }
}
[9.814][INFO]: Done waiting for pending navigations. Status: ok
[9.814][INFO]: RESPONSE TypeElement
[9.826][INFO]: COMMAND Screenshot {

}
[9.826][INFO]: Waiting for pending navigations...
[9.826][DEBUG]: DEVTOOLS COMMAND Runtime.evaluate (id=152) {
   "expression": "1"
}
[9.828][DEBUG]: DEVTOOLS RESPONSE Runtime.evaluate (id=152) {
   "result": {
      "description": "1",
      "type": "number",
      "value": 1
   }
}
[9.828][INFO]: Done waiting for pending navigations. Status: ok
[9.828][DEBUG]: DevTools request: http://localhost:12511/json/activate/(3EC11E6B3D085BD4CAD7029AEA72A3D4)
[9.828][DEBUG]: DevTools response: Target activated
[9.828][DEBUG]: DEVTOOLS COMMAND Page.captureScreenshot (id=153) {

}
[10.050][DEBUG]: DEVTOOLS RESPONSE Page.captureScreenshot (id=153) {
   "data": "iVBORw0KGgoAAAANSUhEUgAABVYAAAO+CAYAAADv/k7HAAAgAElEQVR4nOzdd3xUVf7/8fe09EYvATX0XkRABVdAlxUQF5FV3EUQu67K2r+iIO6qu2JbfhbABVEUQViK1BWFWKgRgUhHIAghtBBSIW3m/v6IGTJJJpkJSWZCXk8fPMzce+45n3NnknvyybnnmtLS0..."
}
[10.050][INFO]: Waiting for pending navigations...
[10.050][DEBUG]: DEVTOOLS EVENT DOM.childNodeCountUpdated {
   "childNodeCount": 33,
   "nodeId": 27
}
[10.050][DEBUG]: DEVTOOLS COMMAND Runtime.evaluate (id=154) {
   "expression": "1"
}
[10.050][DEBUG]: DEVTOOLS EVENT DOM.childNodeCountUpdated {
   "childNodeCount": 32,
   "nodeId": 27
}
[10.058][DEBUG]: DEVTOOLS RESPONSE Runtime.evaluate (id=154) {
   "result": {
      "description": "1",
      "type": "number",
      "value": 1
   }
}
[10.058][INFO]: Done waiting for pending navigations. Status: ok
[10.058][INFO]: RESPONSE Screenshot "iVBORw0KGgoAAAANSUhEUgAABVYAAAO+CAYAAADv/k7HAAAgAElEQVR4nOzdd3xUVf7/8fe09EYvATX0XkRABVdAlxUQF5FV3EUQu67K2r+iIO6qu2JbfhbABVEUQViK1BWFWKgRgUhHIAghtBBSIW3m/v6IGTJJJpkJSWZCXk8fPMzce+45n3NnknvyybnnmtLS0..."
[10.153][INFO]: COMMAND Quit {

}
[10.204][INFO]: RESPONSE Quit
[10.204][DEBUG]: Log type 'driver' lost 0 entries on destruction
[10.204][DEBUG]: Log type 'browser' lost 1 entries on destruction
