[0.714][INFO]: COMMAND InitSession {
   "desiredCapabilities": {
      "browserName": "chrome",
      "chromeOptions": {
         "args": [ "--disable-gpu", "--single-process", "--no-sandbox", "--data-path=/tmp/data-path", "--homedir=/tmp/homedir", "--disk-cache-dir=/tmp", "--disk-cache-size=1", "--media-cache-size=1", "--allow-file-access-from-files", "--enable-logging", "--v=1", "--disable-web-security", "--disable-extensions", "--ignore-certificate-errors", "--disable-ntp-most-likely-favicons-from-server", "--disable-ntp-popular-sites", "--window-size=1366,1024", "--disable-infobars", "--disable-dev-shm-usage", "..." ],
         "binary": "/tmp/chrome-lambda/chrome",
         "prefs": {
            "credentials_enable_service": false,
            "profile": {
               "password_manager_enabled": false
            }
         }
      },
      "count": 1
   }
}
[0.714][INFO]: Populating Preferences file: {
   "alternate_error_pages": {
      "enabled": false
   },
   "autofill": {
      "enabled": false
   },
   "browser": {
      "check_default_browser": false
   },
   "credentials_enable_service": false,
   "distribution": {
      "import_bookmarks": false,
      "import_history": false,
      "import_search_engine": false,
      "make_chrome_default_for_user": false,
      "show_welcome_page": false,
      "skip_first_run_ui": true
   },
   "dns_prefetching": {
      "enabled": false
   },
   "profile": {
      "password_manager_enabled": false
   },
   "safebrowsing": {
      "enabled": false
   },
   "search": {
      "suggest_enabled": false
   },
   "translate": {
      "enabled": false
   }
}
[0.714][INFO]: Populating Local State file: {
   "background_mode": {
      "enabled": false
   },
   "ssl": {
      "rev_checking": {
         "enabled": false
      }
   }
}
[0.714][INFO]: Launching chrome: /tmp/chrome-lambda/chrome --allow-file-access-from-files --data-path=/tmp/data-path --disable-background-networking --disable-browser-side-navigation --disable-client-side-phishing-detection --disable-default-apps --disable-dev-shm-usage --disable-extensions --disable-extensions-except=/tmp/.org.chromium.Chromium.vCSRmP/internal --disable-gpu --disable-hang-monitor --disable-infobars --disable-ntp-most-likely-favicons-from-server --disable-ntp-popular-sites --disable-popup-blocking --disable-prompt-on-repost --disable-sync --disable-web-resources --disable-web-security --disk-cache-dir=/tmp --disk-cache-size=1 --enable-automation --enable-logging --enable-precise-memory-info --force-fieldtrials=SiteIsolationExtensions/Control --homedir=/tmp/homedir --ignore-certificate-errors --log-level=0 --media-cache-size=1 --metrics-recording-only --no-first-run --no-sandbox --password-store=basic --remote-debugging-port=12540 --safebrowsing-disable-auto-update --single-process --test-type=webdriver --use-mock-keychain --user-data-dir=/tmp/.org.chromium.Chromium.HPvws9 --v=1 --window-size=1366,1024 data:,
[0.715][DEBUG]: DevTools request: http://localhost:12540/json/version
prctl(PR_SET_NO_NEW_PRIVS) failed
Xlib:  extension "RANDR" missing on display ":99".
[374:379:0831/073511.433735:ERROR:bus.cc(395)] Failed to connect to the bus: Failed to connect to socket /var/run/dbus/system_bus_socket: No such file or directory
Xlib:  extension "RANDR" missing on display ":99".

DevTools listening on ws://127.0.0.1:12540/devtools/browser/0fb61827-05ef-438f-bf1e-0454d3829796
[1.500][SEVERE]: CreatePlatformSocket() returned an error, errno=1: Operation not permitted (1)
[1.526][DEBUG]: DevTools response: {
   "Browser": "Chrome/63.0.3239.84",
   "Protocol-Version": "1.2",
   "User-Agent": "Mozilla/5.0 (X11; Linux x86_64) AppleWebKit/537.36 (KHTML, like Gecko) Chrome/63.0.3239.84 Safari/537.36",
   "V8-Version": "6.3.292.46",
   "WebKit-Version": "537.36 (@0f53a5abc7a405fbe9f1cfd3db38f2092c8a7816)",
   "webSocketDebuggerUrl": "ws://localhost:12540/devtools/browser/0fb61827-05ef-438f-bf1e-0454d3829796"
}

[1.528][DEBUG]: DevTools request: http://localhost:12540/json
[1.535][DEBUG]: DevTools response: [ {
   "description": "",
   "devtoolsFrontendUrl": "/devtools/inspector.html?ws=localhost:12540/devtools/page/(20F5B2C891BD1C077AC12440B1B041F1)",
   "id": "(20F5B2C891BD1C077AC12440B1B041F1)",
   "title": "",
   "type": "page",
   "url": "data:,",
   "webSocketDebuggerUrl": "ws://localhost:12540/devtools/page/(20F5B2C891BD1C077AC12440B1B041F1)"
} ]

[1.535][DEBUG]: DevTools request: http://localhost:12540/json
[1.536][DEBUG]: DevTools response: [ {
   "description": "",
   "devtoolsFrontendUrl": "/devtools/inspector.html?ws=localhost:12540/devtools/page/(20F5B2C891BD1C077AC12440B1B041F1)",
   "id": "(20F5B2C891BD1C077AC12440B1B041F1)",
   "title": "",
   "type": "page",
   "url": "data:,",
   "webSocketDebuggerUrl": "ws://localhost:12540/devtools/page/(20F5B2C891BD1C077AC12440B1B041F1)"
} ]

[1.536][INFO]: resolved localhost to ["127.0.0.1"]
[1.537][DEBUG]: DEVTOOLS COMMAND Log.enable (id=1) {

}
[1.537][DEBUG]: DEVTOOLS COMMAND DOM.getDocument (id=2) {

}
[1.537][DEBUG]: DEVTOOLS COMMAND Runtime.enable (id=3) {

}
[1.537][DEBUG]: DEVTOOLS COMMAND Page.enable (id=4) {

}
[1.538][DEBUG]: DEVTOOLS COMMAND Page.enable (id=5) {

}
[374:397:0831/073512.155636:ERROR:io_thread.cc(730)] Cannot use V8 Proxy resolver in single process mode.
[374:397:0831/073512.157018:ERROR:io_thread.cc(730)] Cannot use V8 Proxy resolver in single process mode.
[1.656][DEBUG]: DEVTOOLS RESPONSE Log.enable (id=1) {

}
[1.657][DEBUG]: DEVTOOLS RESPONSE DOM.getDocument (id=2) {
   "root": {
      "backendNodeId": 1,
      "baseURL": "about:blank",
      "childNodeCount": 1,
      "children": [ {
         "attributes": [  ],
         "backendNodeId": 2,
         "childNodeCount": 2,
         "children": [ {
            "attributes": [  ],
            "backendNodeId": 3,
            "childNodeCount": 0,
            "localName": "head",
            "nodeId": 3,
            "nodeName": "HEAD",
            "nodeType": 1,
            "nodeValue": "",
            "parentId": 2
         }, {
            "attributes": [  ],
            "backendNodeId": 4,
            "childNodeCount": 0,
            "localName": "body",
            "nodeId": 4,
            "nodeName": "BODY",
            "nodeType": 1,
            "nodeValue": "",
            "parentId": 2
         } ],
         "frameId": "(20F5B2C891BD1C077AC12440B1B041F1)",
         "localName": "html",
         "nodeId": 2,
         "nodeName": "HTML",
         "nodeType": 1,
         "nodeValue": "",
         "parentId": 1
      } ],
      "documentURL": "",
      "localName": "",
      "nodeId": 1,
      "nodeName": "#document",
      "nodeType": 9,
      "nodeValue": "",
      "xmlVersion": ""
   }
}
[1.657][DEBUG]: DEVTOOLS RESPONSE Runtime.enable (id=3) {

}
[1.657][DEBUG]: DEVTOOLS RESPONSE Page.enable (id=4) {

}
[1.657][DEBUG]: DEVTOOLS RESPONSE Page.enable (id=5) {

}
[1.657][DEBUG]: DEVTOOLS COMMAND Page.enable (id=6) {

}
[1.697][DEBUG]: DEVTOOLS EVENT Page.lifecycleEvent {
   "frameId": "(20F5B2C891BD1C077AC12440B1B041F1)",
   "name": "commit",
   "timestamp": 2389.847164
}
[1.697][DEBUG]: DEVTOOLS EVENT Page.frameNavigated {
   "frame": {
      "id": "(20F5B2C891BD1C077AC12440B1B041F1)",
      "loaderId": "374.1",
      "mimeType": "text/plain",
      "securityOrigin": "://",
      "url": "data:,"
   }
}
[1.697][DEBUG]: DEVTOOLS EVENT DOM.documentUpdated {

}
[1.697][DEBUG]: DEVTOOLS COMMAND DOM.getDocument (id=7) {

}
[1.697][DEBUG]: DEVTOOLS EVENT Runtime.executionContextCreated {
   "context": {
      "auxData": {
         "frameId": "(20F5B2C891BD1C077AC12440B1B041F1)",
         "isDefault": true
      },
      "id": 1,
      "name": "",
      "origin": "://"
   }
}
[1.698][DEBUG]: DEVTOOLS RESPONSE Page.enable (id=6) {

}
[1.714][DEBUG]: DEVTOOLS EVENT Page.loadEventFired {
   "timestamp": 2389.87128
}
[1.715][DEBUG]: DEVTOOLS EVENT Page.lifecycleEvent {
   "frameId": "(20F5B2C891BD1C077AC12440B1B041F1)",
   "name": "load",
   "timestamp": 2389.87128
}
[1.715][DEBUG]: DEVTOOLS EVENT Page.frameStoppedLoading {
   "frameId": "(20F5B2C891BD1C077AC12440B1B041F1)"
}
[1.715][DEBUG]: DEVTOOLS EVENT Page.domContentEventFired {
   "timestamp": 2389.871658
}
[1.715][DEBUG]: DEVTOOLS EVENT Page.lifecycleEvent {
   "frameId": "(20F5B2C891BD1C077AC12440B1B041F1)",
   "name": "DOMContentLoaded",
   "timestamp": 2389.871658
}
[1.715][DEBUG]: DEVTOOLS EVENT DOM.documentUpdated {

}
[1.715][DEBUG]: DEVTOOLS COMMAND DOM.getDocument (id=8) {

}
[1.756][DEBUG]: DEVTOOLS RESPONSE DOM.getDocument (id=7) {
   "root": {
      "backendNodeId": 5,
      "baseURL": "data:,",
      "childNodeCount": 1,
      "children": [ {
         "attributes": [  ],
         "backendNodeId": 7,
         "childNodeCount": 2,
         "children": [ {
            "attributes": [  ],
            "backendNodeId": 8,
            "childNodeCount": 0,
            "localName": "head",
            "nodeId": 7,
            "nodeName": "HEAD",
            "nodeType": 1,
            "nodeValue": "",
            "parentId": 6
         }, {
            "attributes": [  ],
            "backendNodeId": 9,
            "childNodeCount": 1,
            "localName": "body",
            "nodeId": 8,
            "nodeName": "BODY",
            "nodeType": 1,
            "nodeValue": "",
            "parentId": 6
         } ],
         "frameId": "(20F5B2C891BD1C077AC12440B1B041F1)",
         "localName": "html",
         "nodeId": 6,
         "nodeName": "HTML",
         "nodeType": 1,
         "nodeValue": "",
         "parentId": 5
      } ],
      "documentURL": "data:,",
      "localName": "",
      "nodeId": 5,
      "nodeName": "#document",
      "nodeType": 9,
      "nodeValue": "",
      "xmlVersion": ""
   }
}
[1.756][DEBUG]: DEVTOOLS RESPONSE DOM.getDocument (id=8) {
   "root": {
      "backendNodeId": 5,
      "baseURL": "data:,",
      "childNodeCount": 1,
      "children": [ {
         "attributes": [  ],
         "backendNodeId": 7,
         "childNodeCount": 2,
         "children": [ {
            "attributes": [  ],
            "backendNodeId": 8,
            "childNodeCount": 0,
            "localName": "head",
            "nodeId": 11,
            "nodeName": "HEAD",
            "nodeType": 1,
            "nodeValue": "",
            "parentId": 10
         }, {
            "attributes": [  ],
            "backendNodeId": 9,
            "childNodeCount": 1,
            "localName": "body",
            "nodeId": 12,
            "nodeName": "BODY",
            "nodeType": 1,
            "nodeValue": "",
            "parentId": 10
         } ],
         "frameId": "(20F5B2C891BD1C077AC12440B1B041F1)",
         "localName": "html",
         "nodeId": 10,
         "nodeName": "HTML",
         "nodeType": 1,
         "nodeValue": "",
         "parentId": 9
      } ],
      "documentURL": "data:,",
      "localName": "",
      "nodeId": 9,
      "nodeName": "#document",
      "nodeType": 9,
      "nodeValue": "",
      "xmlVersion": ""
   }
}
[1.756][DEBUG]: DEVTOOLS COMMAND Runtime.enable (id=9) {

}
[1.757][DEBUG]: DEVTOOLS RESPONSE Runtime.enable (id=9) {

}
[1.757][DEBUG]: DEVTOOLS COMMAND Runtime.evaluate (id=10) {
   "expression": "(function() { // Copyright (c) 2012 The Chromium Authors. All rights reserved.\n// Use of this source code is governed by a BSD-style license that can be\n// found in the LICENSE file.\n\n/**\n * Enum f...",
   "returnByValue": true
}
[1.761][DEBUG]: DEVTOOLS RESPONSE Runtime.evaluate (id=10) {
   "result": {
      "type": "object",
      "value": {
         "status": 0,
         "value": 1
      }
   }
}
[1.761][INFO]: RESPONSE InitSession {
   "acceptSslCerts": true,
   "applicationCacheEnabled": false,
   "browserConnectionEnabled": false,
   "browserName": "chrome",
   "chrome": {
      "chromedriverVersion": "2.33.506092 (733a02544d189eeb751fe0d7ddca79a0ee28cce4)",
      "userDataDir": "/tmp/.org.chromium.Chromium.HPvws9"
   },
   "cssSelectorsEnabled": true,
   "databaseEnabled": false,
   "handlesAlerts": true,
   "hasTouchScreen": false,
   "javascriptEnabled": true,
   "locationContextEnabled": true,
   "mobileEmulationEnabled": false,
   "nativeEvents": true,
   "networkConnectionEnabled": false,
   "pageLoadStrategy": "normal",
   "platform": "Linux",
   "rotatable": false,
   "setWindowRect": true,
   "takesHeapSnapshot": true,
   "~~~": "..."
}
[1.801][INFO]: COMMAND SetTimeout {
   "script": 11000
}
[1.803][INFO]: RESPONSE SetTimeout unknown error: 'ms' must be a double
  (Session info: chrome=63.0.3239.84)
[1.824][INFO]: COMMAND SetTimeout {
   "ms": 11000,
   "type": "script"
}
[1.824][INFO]: RESPONSE SetTimeout
[2.600][INFO]: COMMAND SetTimeout {
   "pageLoad": 30000
}
[2.602][INFO]: RESPONSE SetTimeout unknown error: 'ms' must be a double
  (Session info: chrome=63.0.3239.84)
[2.617][INFO]: COMMAND SetTimeout {
   "ms": 30000,
   "type": "page load"
}
[2.617][INFO]: RESPONSE SetTimeout
[2.660][INFO]: COMMAND Navigate {
   "url": "https://translate.google.com/#en/es/Learning"
}
[2.660][DEBUG]: DEVTOOLS EVENT Page.lifecycleEvent {
   "frameId": "(20F5B2C891BD1C077AC12440B1B041F1)",
   "name": "networkAlmostIdle",
   "timestamp": 2389.871673
}
[2.660][DEBUG]: DEVTOOLS EVENT Page.lifecycleEvent {
   "frameId": "(20F5B2C891BD1C077AC12440B1B041F1)",
   "name": "networkIdle",
   "timestamp": 2389.871673
}
[2.660][INFO]: Waiting for pending navigations...
[2.660][DEBUG]: DEVTOOLS COMMAND Runtime.evaluate (id=11) {
   "expression": "1"
}
[2.661][DEBUG]: DEVTOOLS RESPONSE Runtime.evaluate (id=11) {
   "result": {
      "description": "1",
      "type": "number",
      "value": 1
   }
}
[2.661][INFO]: Done waiting for pending navigations. Status: ok
[2.661][DEBUG]: DEVTOOLS COMMAND Page.navigate (id=12) {
   "url": "https://translate.google.com/#en/es/Learning"
}
[2.675][DEBUG]: DEVTOOLS EVENT Page.frameStartedLoading {
   "frameId": "(20F5B2C891BD1C077AC12440B1B041F1)"
}
[2.677][DEBUG]: DEVTOOLS RESPONSE Page.navigate (id=12) {
   "frameId": "(20F5B2C891BD1C077AC12440B1B041F1)"
}
[2.677][INFO]: Waiting for pending navigations...
[2.677][DEBUG]: DEVTOOLS COMMAND Runtime.evaluate (id=13) {
   "expression": "1"
}
[2.678][DEBUG]: DEVTOOLS RESPONSE Runtime.evaluate (id=13) {
   "result": {
      "description": "1",
      "type": "number",
      "value": 1
   }
}
[2.924][DEBUG]: DEVTOOLS EVENT Runtime.executionContextDestroyed {
   "executionContextId": 1
}
[2.924][DEBUG]: DEVTOOLS COMMAND Runtime.evaluate (id=14) {
   "expression": "1"
}
[2.924][DEBUG]: DEVTOOLS EVENT Runtime.executionContextsCleared {

}
[2.924][DEBUG]: DEVTOOLS EVENT Page.lifecycleEvent {
   "frameId": "(20F5B2C891BD1C077AC12440B1B041F1)",
   "name": "commit",
   "timestamp": 2391.095948
}
[2.924][DEBUG]: DEVTOOLS EVENT Page.frameNavigated {
   "frame": {
      "id": "(20F5B2C891BD1C077AC12440B1B041F1)",
      "loaderId": "374.2",
      "mimeType": "text/html",
      "securityOrigin": "https://translate.google.com",
      "url": "https://translate.google.com/"
   }
}
[2.924][DEBUG]: DEVTOOLS EVENT Runtime.executionContextCreated {
   "context": {
      "auxData": {
         "frameId": "(20F5B2C891BD1C077AC12440B1B041F1)",
         "isDefault": true
      },
      "id": 3,
      "name": "",
      "origin": "https://translate.google.com"
   }
}
[2.925][DEBUG]: DEVTOOLS EVENT DOM.documentUpdated {

}
[2.925][DEBUG]: DEVTOOLS COMMAND DOM.getDocument (id=15) {

}
[2.994][DEBUG]: DEVTOOLS RESPONSE Runtime.evaluate (id=14) {
   "result": {
      "description": "1",
      "type": "number",
      "value": 1
   }
}
[2.994][DEBUG]: DEVTOOLS RESPONSE DOM.getDocument (id=15) {
   "root": {
      "backendNodeId": 10,
      "baseURL": "https://translate.google.com/#en/es/Learning",
      "childNodeCount": 2,
      "children": [ {
         "backendNodeId": 11,
         "localName": "",
         "nodeId": 14,
         "nodeName": "html",
         "nodeType": 10,
         "nodeValue": "",
         "parentId": 13,
         "publicId": "",
         "systemId": ""
      }, {
         "attributes": [  ],
         "backendNodeId": 12,
         "childNodeCount": 1,
         "children": [ {
            "attributes": [  ],
            "backendNodeId": 13,
            "childNodeCount": 18,
            "localName": "head",
            "nodeId": 16,
            "nodeName": "HEAD",
            "nodeType": 1,
            "nodeValue": "",
            "parentId": 15
         } ],
         "frameId": "(20F5B2C891BD1C077AC12440B1B041F1)",
         "localName": "html",
         "nodeId": 15,
         "nodeName": "HTML",
         "nodeType": 1,
         "nodeValue": "",
         "parentId": 13
      } ],
      "documentURL": "https://translate.google.com/#en/es/Learning",
      "localName": "",
      "nodeId": 13,
      "nodeName": "#document",
      "nodeType": 9,
      "nodeValue": "",
      "xmlVersion": ""
   }
}
[3.175][DEBUG]: DEVTOOLS EVENT DOM.childNodeCountUpdated {
   "childNodeCount": 19,
   "nodeId": 16
}
[3.175][DEBUG]: DEVTOOLS EVENT DOM.childNodeCountUpdated {
   "childNodeCount": 20,
   "nodeId": 16
}
[3.175][DEBUG]: DEVTOOLS EVENT DOM.childNodeCountUpdated {
   "childNodeCount": 21,
   "nodeId": 16
}
[3.175][DEBUG]: DEVTOOLS EVENT DOM.childNodeCountUpdated {
   "childNodeCount": 22,
   "nodeId": 16
}
[3.175][DEBUG]: DEVTOOLS EVENT DOM.childNodeInserted {
   "node": {
      "attributes": [ "dir", "ltr", "onload", "window.jstiming.load['tick']('ol');", "class", "e_md nj pre-epu" ],
      "backendNodeId": 14,
      "childNodeCount": 0,
      "localName": "body",
      "nodeId": 17,
      "nodeName": "BODY",
      "nodeType": 1,
      "nodeValue": ""
   },
   "parentNodeId": 15,
   "previousNodeId": 16
}
[3.175][DEBUG]: DEVTOOLS EVENT DOM.childNodeCountUpdated {
   "childNodeCount": 1,
   "nodeId": 17
}
[3.175][DEBUG]: DEVTOOLS EVENT DOM.childNodeCountUpdated {
   "childNodeCount": 2,
   "nodeId": 17
}
[3.175][DEBUG]: DEVTOOLS COMMAND Runtime.evaluate (id=16) {
   "expression": "1"
}
[3.276][DEBUG]: DEVTOOLS EVENT DOM.childNodeCountUpdated {
   "childNodeCount": 3,
   "nodeId": 17
}
[3.276][DEBUG]: DEVTOOLS EVENT DOM.attributeModified {
   "name": "class",
   "nodeId": 17,
   "value": "e_md  pre-epu"
}
[3.276][DEBUG]: DEVTOOLS EVENT DOM.childNodeCountUpdated {
   "childNodeCount": 4,
   "nodeId": 17
}
[3.276][DEBUG]: DEVTOOLS RESPONSE Runtime.evaluate (id=16) {
   "result": {
      "description": "1",
      "type": "number",
      "value": 1
   }
}
[3.276][DEBUG]: DEVTOOLS EVENT Page.lifecycleEvent {
   "frameId": "(20F5B2C891BD1C077AC12440B1B041F1)",
   "name": "firstPaint",
   "timestamp": 2391.388884
}
[3.276][DEBUG]: DEVTOOLS EVENT Page.lifecycleEvent {
   "frameId": "(20F5B2C891BD1C077AC12440B1B041F1)",
   "name": "firstContentfulPaint",
   "timestamp": 2391.388892
}
[3.276][DEBUG]: DEVTOOLS EVENT Page.lifecycleEvent {
   "frameId": "(20F5B2C891BD1C077AC12440B1B041F1)",
   "name": "firstTextPaint",
   "timestamp": 2391.388893
}
[3.276][DEBUG]: DEVTOOLS EVENT Page.lifecycleEvent {
   "frameId": "(20F5B2C891BD1C077AC12440B1B041F1)",
   "name": "firstImagePaint",
   "timestamp": 2391.388895
}
[3.276][DEBUG]: DEVTOOLS EVENT Page.lifecycleEvent {
   "frameId": "(20F5B2C891BD1C077AC12440B1B041F1)",
   "name": "firstMeaningfulPaintCandidate",
   "timestamp": 2391.388896
}
[3.277][DEBUG]: DEVTOOLS COMMAND Runtime.evaluate (id=17) {
   "expression": "1"
}
[3.296][DEBUG]: DEVTOOLS EVENT Page.lifecycleEvent {
   "frameId": "(20F5B2C891BD1C077AC12440B1B041F1)",
   "name": "firstMeaningfulPaintCandidate",
   "timestamp": 2391.441774
}
[3.697][DEBUG]: DEVTOOLS EVENT DOM.attributeModified {
   "name": "class",
   "nodeId": 17,
   "value": "e_md pre-epu"
}
[3.697][DEBUG]: DEVTOOLS EVENT DOM.childNodeCountUpdated {
   "childNodeCount": 5,
   "nodeId": 17
}
[3.697][DEBUG]: DEVTOOLS EVENT DOM.childNodeCountUpdated {
   "childNodeCount": 4,
   "nodeId": 17
}
[3.697][DEBUG]: DEVTOOLS EVENT DOM.childNodeCountUpdated {
   "childNodeCount": 5,
   "nodeId": 17
}
[3.697][DEBUG]: DEVTOOLS EVENT DOM.childNodeCountUpdated {
   "childNodeCount": 6,
   "nodeId": 17
}
[3.697][DEBUG]: DEVTOOLS EVENT DOM.childNodeCountUpdated {
   "childNodeCount": 7,
   "nodeId": 17
}
[3.697][DEBUG]: DEVTOOLS EVENT DOM.childNodeCountUpdated {
   "childNodeCount": 8,
   "nodeId": 17
}
[3.697][DEBUG]: DEVTOOLS EVENT DOM.childNodeCountUpdated {
   "childNodeCount": 7,
   "nodeId": 17
}
[3.697][DEBUG]: DEVTOOLS EVENT DOM.childNodeCountUpdated {
   "childNodeCount": 6,
   "nodeId": 17
}
[3.697][DEBUG]: DEVTOOLS EVENT DOM.childNodeCountUpdated {
   "childNodeCount": 7,
   "nodeId": 17
}
[3.697][DEBUG]: DEVTOOLS EVENT DOM.childNodeCountUpdated {
   "childNodeCount": 8,
   "nodeId": 17
}
[3.697][DEBUG]: DEVTOOLS EVENT DOM.childNodeCountUpdated {
   "childNodeCount": 9,
   "nodeId": 17
}
[3.697][DEBUG]: DEVTOOLS EVENT DOM.childNodeCountUpdated {
   "childNodeCount": 10,
   "nodeId": 17
}
[3.697][DEBUG]: DEVTOOLS EVENT DOM.childNodeCountUpdated {
   "childNodeCount": 11,
   "nodeId": 17
}
[3.697][DEBUG]: DEVTOOLS EVENT DOM.childNodeCountUpdated {
   "childNodeCount": 12,
   "nodeId": 17
}
[3.697][DEBUG]: DEVTOOLS EVENT DOM.childNodeCountUpdated {
   "childNodeCount": 13,
   "nodeId": 17
}
[3.697][DEBUG]: DEVTOOLS EVENT DOM.childNodeCountUpdated {
   "childNodeCount": 14,
   "nodeId": 17
}
[3.697][DEBUG]: DEVTOOLS EVENT DOM.childNodeCountUpdated {
   "childNodeCount": 15,
   "nodeId": 17
}
[3.697][DEBUG]: DEVTOOLS EVENT DOM.childNodeCountUpdated {
   "childNodeCount": 14,
   "nodeId": 17
}
[3.697][DEBUG]: DEVTOOLS EVENT DOM.childNodeCountUpdated {
   "childNodeCount": 13,
   "nodeId": 17
}
[3.697][DEBUG]: DEVTOOLS EVENT DOM.childNodeCountUpdated {
   "childNodeCount": 14,
   "nodeId": 17
}
[3.697][DEBUG]: DEVTOOLS EVENT DOM.childNodeCountUpdated {
   "childNodeCount": 23,
   "nodeId": 16
}
[3.697][DEBUG]: DEVTOOLS EVENT DOM.childNodeCountUpdated {
   "childNodeCount": 15,
   "nodeId": 17
}
[3.697][DEBUG]: DEVTOOLS EVENT DOM.childNodeCountUpdated {
   "childNodeCount": 14,
   "nodeId": 17
}
[3.697][DEBUG]: DEVTOOLS EVENT DOM.childNodeCountUpdated {
   "childNodeCount": 15,
   "nodeId": 17
}
[3.698][DEBUG]: DEVTOOLS EVENT DOM.childNodeCountUpdated {
   "childNodeCount": 14,
   "nodeId": 17
}
[3.698][DEBUG]: DEVTOOLS EVENT DOM.childNodeCountUpdated {
   "childNodeCount": 15,
   "nodeId": 17
}
[3.698][DEBUG]: DEVTOOLS EVENT DOM.childNodeCountUpdated {
   "childNodeCount": 14,
   "nodeId": 17
}
[3.698][DEBUG]: DEVTOOLS EVENT DOM.childNodeCountUpdated {
   "childNodeCount": 15,
   "nodeId": 17
}
[3.698][DEBUG]: DEVTOOLS EVENT DOM.childNodeCountUpdated {
   "childNodeCount": 14,
   "nodeId": 17
}
[3.698][DEBUG]: DEVTOOLS EVENT DOM.childNodeCountUpdated {
   "childNodeCount": 15,
   "nodeId": 17
}
[3.698][DEBUG]: DEVTOOLS EVENT DOM.childNodeCountUpdated {
   "childNodeCount": 14,
   "nodeId": 17
}
[3.698][DEBUG]: DEVTOOLS EVENT DOM.childNodeCountUpdated {
   "childNodeCount": 15,
   "nodeId": 17
}
[3.698][DEBUG]: DEVTOOLS EVENT DOM.childNodeCountUpdated {
   "childNodeCount": 14,
   "nodeId": 17
}
[3.698][DEBUG]: DEVTOOLS EVENT DOM.childNodeCountUpdated {
   "childNodeCount": 15,
   "nodeId": 17
}
[3.698][DEBUG]: DEVTOOLS EVENT DOM.childNodeCountUpdated {
   "childNodeCount": 14,
   "nodeId": 17
}
[3.698][DEBUG]: DEVTOOLS EVENT DOM.childNodeCountUpdated {
   "childNodeCount": 15,
   "nodeId": 17
}
[3.698][DEBUG]: DEVTOOLS EVENT DOM.childNodeCountUpdated {
   "childNodeCount": 14,
   "nodeId": 17
}
[3.698][DEBUG]: DEVTOOLS EVENT DOM.childNodeCountUpdated {
   "childNodeCount": 15,
   "nodeId": 17
}
[3.698][DEBUG]: DEVTOOLS EVENT DOM.childNodeCountUpdated {
   "childNodeCount": 14,
   "nodeId": 17
}
[3.698][DEBUG]: DEVTOOLS EVENT DOM.childNodeCountUpdated {
   "childNodeCount": 15,
   "nodeId": 17
}
[3.698][DEBUG]: DEVTOOLS EVENT DOM.childNodeCountUpdated {
   "childNodeCount": 14,
   "nodeId": 17
}
[3.698][DEBUG]: DEVTOOLS EVENT DOM.childNodeCountUpdated {
   "childNodeCount": 15,
   "nodeId": 17
}
[3.698][DEBUG]: DEVTOOLS EVENT DOM.childNodeCountUpdated {
   "childNodeCount": 14,
   "nodeId": 17
}
[3.698][DEBUG]: DEVTOOLS EVENT DOM.childNodeCountUpdated {
   "childNodeCount": 15,
   "nodeId": 17
}
[3.698][DEBUG]: DEVTOOLS EVENT DOM.childNodeCountUpdated {
   "childNodeCount": 14,
   "nodeId": 17
}
[3.698][DEBUG]: DEVTOOLS EVENT DOM.childNodeCountUpdated {
   "childNodeCount": 15,
   "nodeId": 17
}
[3.698][DEBUG]: DEVTOOLS EVENT DOM.childNodeCountUpdated {
   "childNodeCount": 14,
   "nodeId": 17
}
[3.698][DEBUG]: DEVTOOLS EVENT DOM.childNodeCountUpdated {
   "childNodeCount": 15,
   "nodeId": 17
}
[3.698][DEBUG]: DEVTOOLS EVENT DOM.childNodeCountUpdated {
   "childNodeCount": 14,
   "nodeId": 17
}
[3.698][DEBUG]: DEVTOOLS EVENT DOM.childNodeCountUpdated {
   "childNodeCount": 15,
   "nodeId": 17
}
[3.698][DEBUG]: DEVTOOLS EVENT DOM.childNodeCountUpdated {
   "childNodeCount": 14,
   "nodeId": 17
}
[3.698][DEBUG]: DEVTOOLS EVENT DOM.childNodeCountUpdated {
   "childNodeCount": 15,
   "nodeId": 17
}
[3.698][DEBUG]: DEVTOOLS EVENT DOM.childNodeCountUpdated {
   "childNodeCount": 14,
   "nodeId": 17
}
[3.698][DEBUG]: DEVTOOLS EVENT DOM.childNodeCountUpdated {
   "childNodeCount": 24,
   "nodeId": 16
}
[3.698][DEBUG]: DEVTOOLS EVENT DOM.childNodeCountUpdated {
   "childNodeCount": 25,
   "nodeId": 16
}
[3.698][DEBUG]: DEVTOOLS EVENT DOM.childNodeCountUpdated {
   "childNodeCount": 26,
   "nodeId": 16
}
[3.698][DEBUG]: DEVTOOLS EVENT DOM.childNodeCountUpdated {
   "childNodeCount": 15,
   "nodeId": 17
}
[3.698][DEBUG]: DEVTOOLS EVENT DOM.childNodeCountUpdated {
   "childNodeCount": 14,
   "nodeId": 17
}
[3.698][DEBUG]: DEVTOOLS EVENT Page.domContentEventFired {
   "timestamp": 2391.873397
}
[3.698][DEBUG]: DEVTOOLS EVENT Page.lifecycleEvent {
   "frameId": "(20F5B2C891BD1C077AC12440B1B041F1)",
   "name": "DOMContentLoaded",
   "timestamp": 2391.873397
}
[3.698][DEBUG]: DEVTOOLS EVENT DOM.documentUpdated {

}
[3.698][DEBUG]: DEVTOOLS COMMAND DOM.getDocument (id=18) {

}
[3.714][DEBUG]: DEVTOOLS RESPONSE Runtime.evaluate (id=17) {
   "result": {
      "description": "1",
      "type": "number",
      "value": 1
   }
}
[3.842][DEBUG]: DEVTOOLS RESPONSE DOM.getDocument (id=18) {
   "root": {
      "backendNodeId": 10,
      "baseURL": "https://translate.google.com/#en/es/Learning",
      "childNodeCount": 2,
      "children": [ {
         "backendNodeId": 11,
         "localName": "",
         "nodeId": 19,
         "nodeName": "html",
         "nodeType": 10,
         "nodeValue": "",
         "parentId": 18,
         "publicId": "",
         "systemId": ""
      }, {
         "attributes": [  ],
         "backendNodeId": 12,
         "childNodeCount": 2,
         "children": [ {
            "attributes": [  ],
            "backendNodeId": 13,
            "childNodeCount": 26,
            "localName": "head",
            "nodeId": 21,
            "nodeName": "HEAD",
            "nodeType": 1,
            "nodeValue": "",
            "parentId": 20
         }, {
            "attributes": [ "dir", "ltr", "onload", "window.jstiming.load['tick']('ol');", "class", "e_md pre-epu" ],
            "backendNodeId": 14,
            "childNodeCount": 14,
            "localName": "body",
            "nodeId": 22,
            "nodeName": "BODY",
            "nodeType": 1,
            "nodeValue": "",
            "parentId": 20
         } ],
         "frameId": "(20F5B2C891BD1C077AC12440B1B041F1)",
         "localName": "html",
         "nodeId": 20,
         "nodeName": "HTML",
         "nodeType": 1,
         "nodeValue": "",
         "parentId": 18
      } ],
      "documentURL": "https://translate.google.com/#en/es/Learning",
      "localName": "",
      "nodeId": 18,
      "nodeName": "#document",
      "nodeType": 9,
      "nodeValue": "",
      "xmlVersion": ""
   }
}
[3.981][DEBUG]: DEVTOOLS EVENT DOM.childNodeCountUpdated {
   "childNodeCount": 27,
   "nodeId": 21
}
[3.981][DEBUG]: DEVTOOLS EVENT DOM.childNodeCountUpdated {
   "childNodeCount": 28,
   "nodeId": 21
}
[3.981][DEBUG]: DEVTOOLS EVENT DOM.childNodeCountUpdated {
   "childNodeCount": 15,
   "nodeId": 22
}
[3.981][DEBUG]: DEVTOOLS EVENT DOM.childNodeCountUpdated {
   "childNodeCount": 14,
   "nodeId": 22
}
[3.981][DEBUG]: DEVTOOLS COMMAND Runtime.evaluate (id=19) {
   "expression": "1"
}
[3.983][DEBUG]: DEVTOOLS EVENT Page.lifecycleEvent {
   "frameId": "(20F5B2C891BD1C077AC12440B1B041F1)",
   "name": "firstMeaningfulPaintCandidate",
   "timestamp": 2392.061583
}
[4.014][DEBUG]: DEVTOOLS RESPONSE Runtime.evaluate (id=19) {
   "result": {
      "description": "1",
      "type": "number",
      "value": 1
   }
}
[4.178][DEBUG]: DEVTOOLS EVENT DOM.childNodeCountUpdated {
   "childNodeCount": 29,
   "nodeId": 21
}
[4.178][DEBUG]: DEVTOOLS COMMAND Runtime.evaluate (id=20) {
   "expression": "1"
}
[4.178][DEBUG]: DEVTOOLS EVENT DOM.childNodeCountUpdated {
   "childNodeCount": 15,
   "nodeId": 22
}
[4.178][DEBUG]: DEVTOOLS EVENT DOM.childNodeCountUpdated {
   "childNodeCount": 16,
   "nodeId": 22
}
[4.178][DEBUG]: DEVTOOLS EVENT DOM.childNodeCountUpdated {
   "childNodeCount": 17,
   "nodeId": 22
}
[4.178][DEBUG]: DEVTOOLS EVENT DOM.childNodeCountUpdated {
   "childNodeCount": 18,
   "nodeId": 22
}
[4.178][DEBUG]: DEVTOOLS EVENT DOM.childNodeCountUpdated {
   "childNodeCount": 19,
   "nodeId": 22
}
[4.178][DEBUG]: DEVTOOLS EVENT DOM.childNodeCountUpdated {
   "childNodeCount": 30,
   "nodeId": 21
}
[4.178][DEBUG]: DEVTOOLS EVENT DOM.childNodeCountUpdated {
   "childNodeCount": 20,
   "nodeId": 22
}
[4.179][DEBUG]: DEVTOOLS EVENT DOM.childNodeCountUpdated {
   "childNodeCount": 21,
   "nodeId": 22
}
[4.179][DEBUG]: DEVTOOLS EVENT DOM.childNodeCountUpdated {
   "childNodeCount": 20,
   "nodeId": 22
}
[4.179][DEBUG]: DEVTOOLS EVENT DOM.childNodeCountUpdated {
   "childNodeCount": 19,
   "nodeId": 22
}
[4.179][DEBUG]: DEVTOOLS EVENT DOM.childNodeCountUpdated {
   "childNodeCount": 20,
   "nodeId": 22
}
[4.179][DEBUG]: DEVTOOLS EVENT DOM.childNodeCountUpdated {
   "childNodeCount": 31,
   "nodeId": 21
}
[4.179][DEBUG]: DEVTOOLS EVENT DOM.childNodeCountUpdated {
   "childNodeCount": 32,
   "nodeId": 21
}
[4.198][DEBUG]: DEVTOOLS RESPONSE Runtime.evaluate (id=20) {
   "result": {
      "description": "1",
      "type": "number",
      "value": 1
   }
}
[4.276][DEBUG]: DEVTOOLS EVENT DOM.childNodeCountUpdated {
   "childNodeCount": 21,
   "nodeId": 22
}
[4.276][DEBUG]: DEVTOOLS COMMAND Runtime.evaluate (id=21) {
   "expression": "1"
}
[4.282][DEBUG]: DEVTOOLS RESPONSE Runtime.evaluate (id=21) {
   "result": {
      "description": "1",
      "type": "number",
      "value": 1
   }
}
[4.300][DEBUG]: DEVTOOLS EVENT Page.lifecycleEvent {
   "frameId": "(20F5B2C891BD1C077AC12440B1B041F1)",
   "name": "firstMeaningfulPaintCandidate",
   "timestamp": 2392.481603
}
[4.301][DEBUG]: DEVTOOLS COMMAND Runtime.evaluate (id=22) {
   "expression": "1"
}
[4.301][DEBUG]: DEVTOOLS RESPONSE Runtime.evaluate (id=22) {
   "result": {
      "description": "1",
      "type": "number",
      "value": 1
   }
}
[4.513][DEBUG]: DEVTOOLS EVENT Runtime.exceptionThrown {
   "exceptionDetails": {
      "columnNumber": 474,
      "exception": {
         "className": "TypeError",
         "description": "TypeError: Cannot convert undefined or null to object\n    at Image.b.onload.b.onerror (https://translate.google.com/translate/releases/twsfe_w_20180827_RC01/r/js/desktop_module_main.js:839:475)",
         "objectId": "{\"injectedScriptId\":3,\"id\":1}",
         "preview": {
            "description": "TypeError: Cannot convert undefined or null to object\n    at Image.b.onload.b.onerror (https://translate.google.com/translate/releases/twsfe_w_20180827_RC01/r/js/desktop_module_main.js:839:475)",
            "overflow": false,
            "properties": [ {
               "name": "stack",
               "type": "string",
               "value": "TypeError: Cannot convert undefined or null to obj…0180827_RC01/r/js/desktop_module_main.js:839:475)"
            }, {
               "name": "message",
               "type": "string",
               "value": "Cannot convert undefined or null to object"
            } ],
            "subtype": "error",
            "type": "object"
         },
         "subtype": "error",
         "type": "object"
      },
      "exceptionId": 1,
      "executionContextId": 3,
      "lineNumber": 838,
      "stackTrace": {
         "callFrames": [ {
            "columnNumber": 474,
            "functionName": "b.onload.b.onerror",
            "lineNumber": 838,
            "scriptId": "50",
            "url": "https://translate.google.com/translate/releases/twsfe_w_20180827_RC01/r/js/desktop_module_main.js"
         } ]
      },
      "text": "Uncaught",
      "url": "https://translate.google.com/translate/releases/twsfe_w_20180827_RC01/r/js/desktop_module_main.js"
   },
   "timestamp": 1535700915089.618
}
[4.513][DEBUG]: DEVTOOLS COMMAND Runtime.evaluate (id=23) {
   "expression": "1"
}
[4.514][DEBUG]: DEVTOOLS RESPONSE Runtime.evaluate (id=23) {
   "result": {
      "description": "1",
      "type": "number",
      "value": 1
   }
}
[4.535][DEBUG]: DEVTOOLS EVENT Page.loadEventFired {
   "timestamp": 2392.717341
}
[4.535][DEBUG]: DEVTOOLS EVENT Page.lifecycleEvent {
   "frameId": "(20F5B2C891BD1C077AC12440B1B041F1)",
   "name": "load",
   "timestamp": 2392.717341
}
[4.535][DEBUG]: DEVTOOLS EVENT Page.frameStoppedLoading {
   "frameId": "(20F5B2C891BD1C077AC12440B1B041F1)"
}
[4.535][DEBUG]: DEVTOOLS COMMAND Runtime.evaluate (id=24) {
   "expression": "1"
}
[4.537][DEBUG]: DEVTOOLS RESPONSE Runtime.evaluate (id=24) {
   "result": {
      "description": "1",
      "type": "number",
      "value": 1
   }
}
[4.537][INFO]: Done waiting for pending navigations. Status: ok
[4.537][INFO]: RESPONSE Navigate
[4.544][INFO]: COMMAND FindElements {
   "using": "css selector",
   "value": "#gt-src-c"
}
[4.544][INFO]: Waiting for pending navigations...
[4.544][DEBUG]: DEVTOOLS COMMAND Runtime.evaluate (id=25) {
   "expression": "1"
}
[4.545][DEBUG]: DEVTOOLS RESPONSE Runtime.evaluate (id=25) {
   "result": {
      "description": "1",
      "type": "number",
      "value": 1
   }
}
[4.545][INFO]: Done waiting for pending navigations. Status: ok
[4.547][DEBUG]: DEVTOOLS COMMAND Runtime.evaluate (id=26) {
   "expression": "(function() { // Copyright (c) 2012 The Chromium Authors. All rights reserved.\n// Use of this source code is governed by a BSD-style license that can be\n// found in the LICENSE file.\n\n/**\n * Enum f...",
   "returnByValue": true
}
[4.565][DEBUG]: DEVTOOLS RESPONSE Runtime.evaluate (id=26) {
   "result": {
      "type": "object",
      "value": {
         "status": 0,
         "value": [ {
            "ELEMENT": "0.8138561535108657-1"
         } ]
      }
   }
}
[4.565][INFO]: Waiting for pending navigations...
[4.565][DEBUG]: DEVTOOLS COMMAND Runtime.evaluate (id=27) {
   "expression": "1"
}
[4.574][DEBUG]: DEVTOOLS RESPONSE Runtime.evaluate (id=27) {
   "result": {
      "description": "1",
      "type": "number",
      "value": 1
   }
}
[4.574][INFO]: Done waiting for pending navigations. Status: ok
[4.574][INFO]: RESPONSE FindElements [ {
   "ELEMENT": "0.8138561535108657-1"
} ]
[4.580][INFO]: COMMAND IsElementDisplayed {
   "id": "0.8138561535108657-1"
}
[4.580][INFO]: Waiting for pending navigations...
[4.580][DEBUG]: DEVTOOLS COMMAND Runtime.evaluate (id=28) {
   "expression": "1"
}
[4.581][DEBUG]: DEVTOOLS RESPONSE Runtime.evaluate (id=28) {
   "result": {
      "description": "1",
      "type": "number",
      "value": 1
   }
}
[4.581][INFO]: Done waiting for pending navigations. Status: ok
[4.582][DEBUG]: DEVTOOLS COMMAND Runtime.evaluate (id=29) {
   "expression": "(function() { // Copyright (c) 2012 The Chromium Authors. All rights reserved.\n// Use of this source code is governed by a BSD-style license that can be\n// found in the LICENSE file.\n\n/**\n * Enum f...",
   "returnByValue": true
}
[4.602][DEBUG]: DEVTOOLS RESPONSE Runtime.evaluate (id=29) {
   "result": {
      "type": "object",
      "value": {
         "status": 0,
         "value": true
      }
   }
}
[4.602][INFO]: Waiting for pending navigations...
[4.602][DEBUG]: DEVTOOLS COMMAND Runtime.evaluate (id=30) {
   "expression": "1"
}
[4.603][DEBUG]: DEVTOOLS RESPONSE Runtime.evaluate (id=30) {
   "result": {
      "description": "1",
      "type": "number",
      "value": 1
   }
}
[4.603][INFO]: Done waiting for pending navigations. Status: ok
[4.603][INFO]: RESPONSE IsElementDisplayed true
[4.614][INFO]: COMMAND FindChildElements {
   "id": "0.8138561535108657-1",
   "using": "css selector",
   "value": "textarea#source"
}
[4.614][INFO]: Waiting for pending navigations...
[4.614][DEBUG]: DEVTOOLS COMMAND Runtime.evaluate (id=31) {
   "expression": "1"
}
[4.615][DEBUG]: DEVTOOLS RESPONSE Runtime.evaluate (id=31) {
   "result": {
      "description": "1",
      "type": "number",
      "value": 1
   }
}
[4.615][INFO]: Done waiting for pending navigations. Status: ok
[4.617][DEBUG]: DEVTOOLS COMMAND Runtime.evaluate (id=32) {
   "expression": "(function() { // Copyright (c) 2012 The Chromium Authors. All rights reserved.\n// Use of this source code is governed by a BSD-style license that can be\n// found in the LICENSE file.\n\n/**\n * Enum f...",
   "returnByValue": true
}
[4.626][DEBUG]: DEVTOOLS RESPONSE Runtime.evaluate (id=32) {
   "result": {
      "type": "object",
      "value": {
         "status": 0,
         "value": [ {
            "ELEMENT": "0.8138561535108657-2"
         } ]
      }
   }
}
[4.626][INFO]: Waiting for pending navigations...
[4.626][DEBUG]: DEVTOOLS COMMAND Runtime.evaluate (id=33) {
   "expression": "1"
}
[4.627][DEBUG]: DEVTOOLS RESPONSE Runtime.evaluate (id=33) {
   "result": {
      "description": "1",
      "type": "number",
      "value": 1
   }
}
[4.628][INFO]: Done waiting for pending navigations. Status: ok
[4.628][INFO]: RESPONSE FindChildElements [ {
   "ELEMENT": "0.8138561535108657-2"
} ]
[4.636][INFO]: COMMAND IsElementDisplayed {
   "id": "0.8138561535108657-2"
}
[4.636][INFO]: Waiting for pending navigations...
[4.636][DEBUG]: DEVTOOLS COMMAND Runtime.evaluate (id=34) {
   "expression": "1"
}
[4.637][DEBUG]: DEVTOOLS RESPONSE Runtime.evaluate (id=34) {
   "result": {
      "description": "1",
      "type": "number",
      "value": 1
   }
}
[4.637][INFO]: Done waiting for pending navigations. Status: ok
[4.638][DEBUG]: DEVTOOLS COMMAND Runtime.evaluate (id=35) {
   "expression": "(function() { // Copyright (c) 2012 The Chromium Authors. All rights reserved.\n// Use of this source code is governed by a BSD-style license that can be\n// found in the LICENSE file.\n\n/**\n * Enum f...",
   "returnByValue": true
}
[4.654][DEBUG]: DEVTOOLS RESPONSE Runtime.evaluate (id=35) {
   "result": {
      "type": "object",
      "value": {
         "status": 0,
         "value": true
      }
   }
}
[4.654][INFO]: Waiting for pending navigations...
[4.654][DEBUG]: DEVTOOLS COMMAND Runtime.evaluate (id=36) {
   "expression": "1"
}
[4.655][DEBUG]: DEVTOOLS RESPONSE Runtime.evaluate (id=36) {
   "result": {
      "description": "1",
      "type": "number",
      "value": 1
   }
}
[4.655][INFO]: Done waiting for pending navigations. Status: ok
[4.655][INFO]: RESPONSE IsElementDisplayed true
[4.659][INFO]: COMMAND ClearElement {
   "id": "0.8138561535108657-2"
}
[4.659][INFO]: Waiting for pending navigations...
[4.659][DEBUG]: DEVTOOLS COMMAND Runtime.evaluate (id=37) {
   "expression": "1"
}
[4.660][DEBUG]: DEVTOOLS RESPONSE Runtime.evaluate (id=37) {
   "result": {
      "description": "1",
      "type": "number",
      "value": 1
   }
}
[4.660][INFO]: Done waiting for pending navigations. Status: ok
[4.661][DEBUG]: DEVTOOLS COMMAND Runtime.evaluate (id=38) {
   "expression": "(function() { // Copyright (c) 2012 The Chromium Authors. All rights reserved.\n// Use of this source code is governed by a BSD-style license that can be\n// found in the LICENSE file.\n\n/**\n * Enum f...",
   "returnByValue": true
}
[4.684][DEBUG]: DEVTOOLS RESPONSE Runtime.evaluate (id=38) {
   "result": {
      "type": "object",
      "value": {
         "status": 0,
         "value": null
      }
   }
}
[4.684][INFO]: Waiting for pending navigations...
[4.684][DEBUG]: DEVTOOLS COMMAND Runtime.evaluate (id=39) {
   "expression": "1"
}
[4.694][DEBUG]: DEVTOOLS RESPONSE Runtime.evaluate (id=39) {
   "result": {
      "description": "1",
      "type": "number",
      "value": 1
   }
}
[4.694][INFO]: Done waiting for pending navigations. Status: ok
[4.694][INFO]: RESPONSE ClearElement
[4.700][INFO]: COMMAND TypeElement {
   "id": "0.8138561535108657-2",
   "text": "12345",
   "value": [ "1", "2", "3", "4", "5" ]
}
[4.700][DEBUG]: DEVTOOLS EVENT Page.lifecycleEvent {
   "frameId": "(20F5B2C891BD1C077AC12440B1B041F1)",
   "name": "firstMeaningfulPaint",
   "timestamp": 2392.481603
}
[4.700][INFO]: Waiting for pending navigations...
[4.700][DEBUG]: DEVTOOLS COMMAND Runtime.evaluate (id=40) {
   "expression": "1"
}
[4.701][DEBUG]: DEVTOOLS RESPONSE Runtime.evaluate (id=40) {
   "result": {
      "description": "1",
      "type": "number",
      "value": 1
   }
}
[4.701][INFO]: Done waiting for pending navigations. Status: ok
[4.701][DEBUG]: DEVTOOLS COMMAND Runtime.evaluate (id=41) {
   "expression": "(function() { // Copyright (c) 2012 The Chromium Authors. All rights reserved.\n// Use of this source code is governed by a BSD-style license that can be\n// found in the LICENSE file.\n\n/**\n * Enum f...",
   "returnByValue": true
}
[4.714][DEBUG]: DEVTOOLS RESPONSE Runtime.evaluate (id=41) {
   "result": {
      "type": "object",
      "value": {
         "status": 0,
         "value": "TEXTAREA"
      }
   }
}
[4.714][DEBUG]: DEVTOOLS COMMAND Runtime.evaluate (id=42) {
   "expression": "(function() { // Copyright (c) 2012 The Chromium Authors. All rights reserved.\n// Use of this source code is governed by a BSD-style license that can be\n// found in the LICENSE file.\n\n/**\n * Enum f...",
   "returnByValue": true
}
[4.717][DEBUG]: DEVTOOLS RESPONSE Runtime.evaluate (id=42) {
   "result": {
      "type": "object",
      "value": {
         "status": 0,
         "value": "textarea"
      }
   }
}
[4.720][DEBUG]: DEVTOOLS COMMAND Runtime.evaluate (id=43) {
   "expression": "(function() { // Copyright (c) 2012 The Chromium Authors. All rights reserved.\n// Use of this source code is governed by a BSD-style license that can be\n// found in the LICENSE file.\n\n/**\n * Enum f...",
   "returnByValue": true
}
[4.760][DEBUG]: DEVTOOLS RESPONSE Runtime.evaluate (id=43) {
   "result": {
      "type": "object",
      "value": {
         "status": 0,
         "value": true
      }
   }
}
[4.761][DEBUG]: DEVTOOLS COMMAND Runtime.evaluate (id=44) {
   "expression": "(function() { // Copyright (c) 2012 The Chromium Authors. All rights reserved.\n// Use of this source code is governed by a BSD-style license that can be\n// found in the LICENSE file.\n\n/**\n * Enum f...",
   "returnByValue": true
}
[4.778][DEBUG]: DEVTOOLS RESPONSE Runtime.evaluate (id=44) {
   "result": {
      "type": "object",
      "value": {
         "status": 0,
         "value": true
      }
   }
}
[4.778][DEBUG]: DEVTOOLS COMMAND Runtime.evaluate (id=45) {
   "expression": "(function() { // Copyright (c) 2012 The Chromium Authors. All rights reserved.\n// Use of this source code is governed by a BSD-style license that can be\n// found in the LICENSE file.\n\n/**\n * Enum f...",
   "returnByValue": true
}
[4.781][DEBUG]: DEVTOOLS RESPONSE Runtime.evaluate (id=45) {
   "result": {
      "type": "object",
      "value": {
         "status": 0,
         "value": null
      }
   }
}
[4.784][DEBUG]: DEVTOOLS COMMAND Input.dispatchKeyEvent (id=46) {
   "code": "Digit1",
   "key": "1",
   "modifiers": 0,
   "text": "1",
   "type": "rawKeyDown",
   "unmodifiedText": "1",
   "windowsVirtualKeyCode": 49
}
[4.818][DEBUG]: DEVTOOLS RESPONSE Input.dispatchKeyEvent (id=46) {

}
[4.818][DEBUG]: DEVTOOLS COMMAND Input.dispatchKeyEvent (id=47) {
   "code": "Digit1",
   "key": "1",
   "modifiers": 0,
   "text": "1",
   "type": "char",
   "unmodifiedText": "1",
   "windowsVirtualKeyCode": 49
}
[4.828][DEBUG]: DEVTOOLS RESPONSE Input.dispatchKeyEvent (id=47) {

}
[4.828][DEBUG]: DEVTOOLS COMMAND Input.dispatchKeyEvent (id=48) {
   "code": "Digit1",
   "key": "1",
   "modifiers": 0,
   "text": "1",
   "type": "keyUp",
   "unmodifiedText": "1",
   "windowsVirtualKeyCode": 49
}
[4.853][DEBUG]: DEVTOOLS RESPONSE Input.dispatchKeyEvent (id=48) {

}
[4.853][DEBUG]: DEVTOOLS COMMAND Input.dispatchKeyEvent (id=49) {
   "code": "Digit2",
   "key": "2",
   "modifiers": 0,
   "text": "2",
   "type": "rawKeyDown",
   "unmodifiedText": "2",
   "windowsVirtualKeyCode": 50
}
[4.861][DEBUG]: DEVTOOLS RESPONSE Input.dispatchKeyEvent (id=49) {

}
[4.861][DEBUG]: DEVTOOLS COMMAND Input.dispatchKeyEvent (id=50) {
   "code": "Digit2",
   "key": "2",
   "modifiers": 0,
   "text": "2",
   "type": "char",
   "unmodifiedText": "2",
   "windowsVirtualKeyCode": 50
}
[4.867][DEBUG]: DEVTOOLS EVENT DOM.childNodeCountUpdated {
   "childNodeCount": 33,
   "nodeId": 21
}
[4.868][DEBUG]: DEVTOOLS RESPONSE Input.dispatchKeyEvent (id=50) {

}
[4.868][DEBUG]: DEVTOOLS COMMAND Input.dispatchKeyEvent (id=51) {
   "code": "Digit2",
   "key": "2",
   "modifiers": 0,
   "text": "2",
   "type": "keyUp",
   "unmodifiedText": "2",
   "windowsVirtualKeyCode": 50
}
[4.870][DEBUG]: DEVTOOLS RESPONSE Input.dispatchKeyEvent (id=51) {

}
[4.870][DEBUG]: DEVTOOLS COMMAND Input.dispatchKeyEvent (id=52) {
   "code": "Digit3",
   "key": "3",
   "modifiers": 0,
   "text": "3",
   "type": "rawKeyDown",
   "unmodifiedText": "3",
   "windowsVirtualKeyCode": 51
}
[4.881][DEBUG]: DEVTOOLS RESPONSE Input.dispatchKeyEvent (id=52) {

}
[4.881][DEBUG]: DEVTOOLS COMMAND Input.dispatchKeyEvent (id=53) {
   "code": "Digit3",
   "key": "3",
   "modifiers": 0,
   "text": "3",
   "type": "char",
   "unmodifiedText": "3",
   "windowsVirtualKeyCode": 51
}
[4.881][DEBUG]: DEVTOOLS EVENT DOM.childNodeCountUpdated {
   "childNodeCount": 32,
   "nodeId": 21
}
[4.883][DEBUG]: DEVTOOLS RESPONSE Input.dispatchKeyEvent (id=53) {

}
[4.883][DEBUG]: DEVTOOLS COMMAND Input.dispatchKeyEvent (id=54) {
   "code": "Digit3",
   "key": "3",
   "modifiers": 0,
   "text": "3",
   "type": "keyUp",
   "unmodifiedText": "3",
   "windowsVirtualKeyCode": 51
}
[4.895][DEBUG]: DEVTOOLS RESPONSE Input.dispatchKeyEvent (id=54) {

}
[4.895][DEBUG]: DEVTOOLS COMMAND Input.dispatchKeyEvent (id=55) {
   "code": "Digit4",
   "key": "4",
   "modifiers": 0,
   "text": "4",
   "type": "rawKeyDown",
   "unmodifiedText": "4",
   "windowsVirtualKeyCode": 52
}
[4.897][DEBUG]: DEVTOOLS RESPONSE Input.dispatchKeyEvent (id=55) {

}
[4.897][DEBUG]: DEVTOOLS COMMAND Input.dispatchKeyEvent (id=56) {
   "code": "Digit4",
   "key": "4",
   "modifiers": 0,
   "text": "4",
   "type": "char",
   "unmodifiedText": "4",
   "windowsVirtualKeyCode": 52
}
[4.900][DEBUG]: DEVTOOLS RESPONSE Input.dispatchKeyEvent (id=56) {

}
[4.900][DEBUG]: DEVTOOLS COMMAND Input.dispatchKeyEvent (id=57) {
   "code": "Digit4",
   "key": "4",
   "modifiers": 0,
   "text": "4",
   "type": "keyUp",
   "unmodifiedText": "4",
   "windowsVirtualKeyCode": 52
}
[4.901][DEBUG]: DEVTOOLS RESPONSE Input.dispatchKeyEvent (id=57) {

}
[4.901][DEBUG]: DEVTOOLS COMMAND Input.dispatchKeyEvent (id=58) {
   "code": "Digit5",
   "key": "5",
   "modifiers": 0,
   "text": "5",
   "type": "rawKeyDown",
   "unmodifiedText": "5",
   "windowsVirtualKeyCode": 53
}
[4.916][DEBUG]: DEVTOOLS RESPONSE Input.dispatchKeyEvent (id=58) {

}
[4.916][DEBUG]: DEVTOOLS COMMAND Input.dispatchKeyEvent (id=59) {
   "code": "Digit5",
   "key": "5",
   "modifiers": 0,
   "text": "5",
   "type": "char",
   "unmodifiedText": "5",
   "windowsVirtualKeyCode": 53
}
[4.918][DEBUG]: DEVTOOLS RESPONSE Input.dispatchKeyEvent (id=59) {

}
[4.918][DEBUG]: DEVTOOLS COMMAND Input.dispatchKeyEvent (id=60) {
   "code": "Digit5",
   "key": "5",
   "modifiers": 0,
   "text": "5",
   "type": "keyUp",
   "unmodifiedText": "5",
   "windowsVirtualKeyCode": 53
}
[4.919][DEBUG]: DEVTOOLS RESPONSE Input.dispatchKeyEvent (id=60) {

}
[4.919][INFO]: Waiting for pending navigations...
[4.919][DEBUG]: DEVTOOLS COMMAND Runtime.evaluate (id=61) {
   "expression": "1"
}
[4.921][DEBUG]: DEVTOOLS RESPONSE Runtime.evaluate (id=61) {
   "result": {
      "description": "1",
      "type": "number",
      "value": 1
   }
}
[4.921][INFO]: Done waiting for pending navigations. Status: ok
[4.921][INFO]: RESPONSE TypeElement
[4.954][INFO]: COMMAND Screenshot {

}
[4.954][INFO]: Waiting for pending navigations...
[4.954][DEBUG]: DEVTOOLS COMMAND Runtime.evaluate (id=62) {
   "expression": "1"
}
[4.955][DEBUG]: DEVTOOLS RESPONSE Runtime.evaluate (id=62) {
   "result": {
      "description": "1",
      "type": "number",
      "value": 1
   }
}
[4.955][INFO]: Done waiting for pending navigations. Status: ok
[4.955][DEBUG]: DevTools request: http://localhost:12540/json/activate/(20F5B2C891BD1C077AC12440B1B041F1)
[4.956][DEBUG]: DevTools response: Target activated
[4.956][DEBUG]: DEVTOOLS COMMAND Page.captureScreenshot (id=63) {

}
[5.140][DEBUG]: DEVTOOLS RESPONSE Page.captureScreenshot (id=63) {
   "data": "iVBORw0KGgoAAAANSUhEUgAABVYAAAO+CAYAAADv/k7HAAAgAElEQVR4nOzdd3xUVf7/8fe09EbvaugtFBVQwVVQkSIuIqusiyJ2XZW1LP5EQVzLrtiWr66AgiiIoCxFaSsKEaVGRCMdgSCEECCEVEibub8/YoZMkklmQpKZkNfTBw8z9557zufcmeSefHLuuab09..."
}
[5.140][INFO]: Waiting for pending navigations...
[5.140][DEBUG]: DEVTOOLS COMMAND Runtime.evaluate (id=64) {
   "expression": "1"
}
[5.142][DEBUG]: DEVTOOLS EVENT DOM.childNodeCountUpdated {
   "childNodeCount": 33,
   "nodeId": 21
}
[5.142][DEBUG]: DEVTOOLS EVENT DOM.childNodeCountUpdated {
   "childNodeCount": 32,
   "nodeId": 21
}
[5.142][DEBUG]: DEVTOOLS EVENT Page.lifecycleEvent {
   "frameId": "(20F5B2C891BD1C077AC12440B1B041F1)",
   "name": "networkAlmostIdle",
   "timestamp": 2392.383052
}
[5.155][DEBUG]: DEVTOOLS RESPONSE Runtime.evaluate (id=64) {
   "result": {
      "description": "1",
      "type": "number",
      "value": 1
   }
}
[5.155][INFO]: Done waiting for pending navigations. Status: ok
[5.156][INFO]: RESPONSE Screenshot "iVBORw0KGgoAAAANSUhEUgAABVYAAAO+CAYAAADv/k7HAAAgAElEQVR4nOzdd3xUVf7/8fe09EbvaugtFBVQwVVQkSIuIqusiyJ2XZW1LP5EQVzLrtiWr66AgiiIoCxFaSsKEaVGRCMdgSCEECCEVEibub8/YoZMkklmQpKZkNfTBw8z9557zufcmeSefHLuuab09..."
[5.544][INFO]: COMMAND Quit {

}
[5.594][INFO]: RESPONSE Quit
[5.594][DEBUG]: Log type 'driver' lost 0 entries on destruction
[5.594][DEBUG]: Log type 'browser' lost 1 entries on destruction
